timestamp,id,uuid,load,memoryUtil,memoryTotal,memoryUsed,memoryFree,driver,name,serial,display_mode,display_active
1672414622.784385,0,GPU-a71d5fd4-b7db-93b7-1b7a-5a6e2a6a8c65,0.0,0.09970703125,10240.0,9219.0,472.12,NVIDIA GeForce RTX 3080,[N/A],Enabled,Enabled
1672414623.785591,0,GPU-a71d5fd4-b7db-93b7-1b7a-5a6e2a6a8c65,0.0,0.09970703125,10240.0,9219.0,472.12,NVIDIA GeForce RTX 3080,[N/A],Enabled,Enabled
1672414624.789751,0,GPU-a71d5fd4-b7db-93b7-1b7a-5a6e2a6a8c65,0.01,0.09970703125,10240.0,9219.0,472.12,NVIDIA GeForce RTX 3080,[N/A],Enabled,Enabled
1672414625.793039,0,GPU-a71d5fd4-b7db-93b7-1b7a-5a6e2a6a8c65,0.01,0.09970703125,10240.0,9219.0,472.12,NVIDIA GeForce RTX 3080,[N/A],Enabled,Enabled
1672414626.790598,0,GPU-a71d5fd4-b7db-93b7-1b7a-5a6e2a6a8c65,0.0,0.09970703125,10240.0,9219.0,472.12,NVIDIA GeForce RTX 3080,[N/A],Enabled,Enabled
1672414627.790679,0,GPU-a71d5fd4-b7db-93b7-1b7a-5a6e2a6a8c65,0.0,0.09970703125,10240.0,9219.0,472.12,NVIDIA GeForce RTX 3080,[N/A],Enabled,Enabled
1672414628.792591,0,GPU-a71d5fd4-b7db-93b7-1b7a-5a6e2a6a8c65,0.01,0.09970703125,10240.0,9219.0,472.12,NVIDIA GeForce RTX 3080,[N/A],Enabled,Enabled
1672414629.789136,0,GPU-a71d5fd4-b7db-93b7-1b7a-5a6e2a6a8c65,0.06,0.0990234375,10240.0,9226.0,472.12,NVIDIA GeForce RTX 3080,[N/A],Enabled,Enabled
1672414630.795193,0,GPU-a71d5fd4-b7db-93b7-1b7a-5a6e2a6a8c65,0.01,0.0990234375,10240.0,9226.0,472.12,NVIDIA GeForce RTX 3080,[N/A],Enabled,Enabled
1672414631.780785,0,GPU-a71d5fd4-b7db-93b7-1b7a-5a6e2a6a8c65,0.0,0.0990234375,10240.0,9226.0,472.12,NVIDIA GeForce RTX 3080,[N/A],Enabled,Enabled
1672414632.79059,0,GPU-a71d5fd4-b7db-93b7-1b7a-5a6e2a6a8c65,0.0,0.0990234375,10240.0,9226.0,472.12,NVIDIA GeForce RTX 3080,[N/A],Enabled,Enabled
1672414633.790589,0,GPU-a71d5fd4-b7db-93b7-1b7a-5a6e2a6a8c65,0.0,0.0990234375,10240.0,9226.0,472.12,NVIDIA GeForce RTX 3080,[N/A],Enabled,Enabled
1672414634.782589,0,GPU-a71d5fd4-b7db-93b7-1b7a-5a6e2a6a8c65,0.0,0.09970703125,10240.0,9219.0,472.12,NVIDIA GeForce RTX 3080,[N/A],Enabled,Enabled
1672414635.785585,0,GPU-a71d5fd4-b7db-93b7-1b7a-5a6e2a6a8c65,0.0,0.09970703125,10240.0,9219.0,472.12,NVIDIA GeForce RTX 3080,[N/A],Enabled,Enabled
1672414636.783968,0,GPU-a71d5fd4-b7db-93b7-1b7a-5a6e2a6a8c65,0.0,0.09970703125,10240.0,9219.0,472.12,NVIDIA GeForce RTX 3080,[N/A],Enabled,Enabled
1672414637.784589,0,GPU-a71d5fd4-b7db-93b7-1b7a-5a6e2a6a8c65,0.0,0.09970703125,10240.0,9219.0,472.12,NVIDIA GeForce RTX 3080,[N/A],Enabled,Enabled
1672414638.783029,0,GPU-a71d5fd4-b7db-93b7-1b7a-5a6e2a6a8c65,0.06,0.09970703125,10240.0,9219.0,472.12,NVIDIA GeForce RTX 3080,[N/A],Enabled,Enabled
1672414639.790303,0,GPU-a71d5fd4-b7db-93b7-1b7a-5a6e2a6a8c65,0.11,0.09970703125,10240.0,9219.0,472.12,NVIDIA GeForce RTX 3080,[N/A],Enabled,Enabled
1672414640.785542,0,GPU-a71d5fd4-b7db-93b7-1b7a-5a6e2a6a8c65,0.0,0.09970703125,10240.0,9219.0,472.12,NVIDIA GeForce RTX 3080,[N/A],Enabled,Enabled
1672414641.787004,0,GPU-a71d5fd4-b7db-93b7-1b7a-5a6e2a6a8c65,0.0,0.09970703125,10240.0,9219.0,472.12,NVIDIA GeForce RTX 3080,[N/A],Enabled,Enabled
1672414642.782933,0,GPU-a71d5fd4-b7db-93b7-1b7a-5a6e2a6a8c65,0.0,0.09970703125,10240.0,9219.0,472.12,NVIDIA GeForce RTX 3080,[N/A],Enabled,Enabled
1672414643.784943,0,GPU-a71d5fd4-b7db-93b7-1b7a-5a6e2a6a8c65,0.0,0.09970703125,10240.0,9219.0,472.12,NVIDIA GeForce RTX 3080,[N/A],Enabled,Enabled
1672414644.787591,0,GPU-a71d5fd4-b7db-93b7-1b7a-5a6e2a6a8c65,0.0,0.09970703125,10240.0,9219.0,472.12,NVIDIA GeForce RTX 3080,[N/A],Enabled,Enabled
1672414645.791586,0,GPU-a71d5fd4-b7db-93b7-1b7a-5a6e2a6a8c65,0.01,0.09970703125,10240.0,9219.0,472.12,NVIDIA GeForce RTX 3080,[N/A],Enabled,Enabled
1672414646.790589,0,GPU-a71d5fd4-b7db-93b7-1b7a-5a6e2a6a8c65,0.0,0.09970703125,10240.0,9219.0,472.12,NVIDIA GeForce RTX 3080,[N/A],Enabled,Enabled
1672414647.787083,0,GPU-a71d5fd4-b7db-93b7-1b7a-5a6e2a6a8c65,0.0,0.09970703125,10240.0,9219.0,472.12,NVIDIA GeForce RTX 3080,[N/A],Enabled,Enabled
1672414648.787754,0,GPU-a71d5fd4-b7db-93b7-1b7a-5a6e2a6a8c65,0.0,0.09970703125,10240.0,9219.0,472.12,NVIDIA GeForce RTX 3080,[N/A],Enabled,Enabled
1672414649.78659,0,GPU-a71d5fd4-b7db-93b7-1b7a-5a6e2a6a8c65,0.0,0.09970703125,10240.0,9219.0,472.12,NVIDIA GeForce RTX 3080,[N/A],Enabled,Enabled
1672414650.783738,0,GPU-a71d5fd4-b7db-93b7-1b7a-5a6e2a6a8c65,0.0,0.09970703125,10240.0,9219.0,472.12,NVIDIA GeForce RTX 3080,[N/A],Enabled,Enabled
1672414651.78059,0,GPU-a71d5fd4-b7db-93b7-1b7a-5a6e2a6a8c65,0.0,0.09970703125,10240.0,9219.0,472.12,NVIDIA GeForce RTX 3080,[N/A],Enabled,Enabled
1672414652.794106,0,GPU-a71d5fd4-b7db-93b7-1b7a-5a6e2a6a8c65,0.0,0.09970703125,10240.0,9219.0,472.12,NVIDIA GeForce RTX 3080,[N/A],Enabled,Enabled
1672414653.791761,0,GPU-a71d5fd4-b7db-93b7-1b7a-5a6e2a6a8c65,0.0,0.09970703125,10240.0,9219.0,472.12,NVIDIA GeForce RTX 3080,[N/A],Enabled,Enabled
1672414654.790589,0,GPU-a71d5fd4-b7db-93b7-1b7a-5a6e2a6a8c65,0.0,0.09970703125,10240.0,9219.0,472.12,NVIDIA GeForce RTX 3080,[N/A],Enabled,Enabled
1672414655.790611,0,GPU-a71d5fd4-b7db-93b7-1b7a-5a6e2a6a8c65,0.01,0.09970703125,10240.0,9219.0,472.12,NVIDIA GeForce RTX 3080,[N/A],Enabled,Enabled
1672414656.786954,0,GPU-a71d5fd4-b7db-93b7-1b7a-5a6e2a6a8c65,0.0,0.09970703125,10240.0,9219.0,472.12,NVIDIA GeForce RTX 3080,[N/A],Enabled,Enabled
1672414657.782697,0,GPU-a71d5fd4-b7db-93b7-1b7a-5a6e2a6a8c65,0.0,0.09970703125,10240.0,9219.0,472.12,NVIDIA GeForce RTX 3080,[N/A],Enabled,Enabled
1672414658.780777,0,GPU-a71d5fd4-b7db-93b7-1b7a-5a6e2a6a8c65,0.0,0.09970703125,10240.0,9219.0,472.12,NVIDIA GeForce RTX 3080,[N/A],Enabled,Enabled
1672414659.794937,0,GPU-a71d5fd4-b7db-93b7-1b7a-5a6e2a6a8c65,0.0,0.09970703125,10240.0,9219.0,472.12,NVIDIA GeForce RTX 3080,[N/A],Enabled,Enabled
1672414660.791586,0,GPU-a71d5fd4-b7db-93b7-1b7a-5a6e2a6a8c65,0.0,0.09970703125,10240.0,9219.0,472.12,NVIDIA GeForce RTX 3080,[N/A],Enabled,Enabled
1672414661.789757,0,GPU-a71d5fd4-b7db-93b7-1b7a-5a6e2a6a8c65,0.0,0.09970703125,10240.0,9219.0,472.12,NVIDIA GeForce RTX 3080,[N/A],Enabled,Enabled
1672414662.795579,0,GPU-a71d5fd4-b7db-93b7-1b7a-5a6e2a6a8c65,0.08,0.0990234375,10240.0,9226.0,472.12,NVIDIA GeForce RTX 3080,[N/A],Enabled,Enabled
1672414663.785414,0,GPU-a71d5fd4-b7db-93b7-1b7a-5a6e2a6a8c65,0.05,0.0990234375,10240.0,9226.0,472.12,NVIDIA GeForce RTX 3080,[N/A],Enabled,Enabled
1672414664.783596,0,GPU-a71d5fd4-b7db-93b7-1b7a-5a6e2a6a8c65,0.0,0.0990234375,10240.0,9226.0,472.12,NVIDIA GeForce RTX 3080,[N/A],Enabled,Enabled
1672414665.786576,0,GPU-a71d5fd4-b7db-93b7-1b7a-5a6e2a6a8c65,0.04,0.14453125,10240.0,8760.0,472.12,NVIDIA GeForce RTX 3080,[N/A],Enabled,Enabled
1672414666.790873,0,GPU-a71d5fd4-b7db-93b7-1b7a-5a6e2a6a8c65,0.0,0.09970703125,10240.0,9219.0,472.12,NVIDIA GeForce RTX 3080,[N/A],Enabled,Enabled
1672414667.795049,0,GPU-a71d5fd4-b7db-93b7-1b7a-5a6e2a6a8c65,0.0,0.09970703125,10240.0,9219.0,472.12,NVIDIA GeForce RTX 3080,[N/A],Enabled,Enabled
1672414668.78159,0,GPU-a71d5fd4-b7db-93b7-1b7a-5a6e2a6a8c65,0.0,0.09970703125,10240.0,9219.0,472.12,NVIDIA GeForce RTX 3080,[N/A],Enabled,Enabled
1672414669.795687,0,GPU-a71d5fd4-b7db-93b7-1b7a-5a6e2a6a8c65,0.03,0.09970703125,10240.0,9219.0,472.12,NVIDIA GeForce RTX 3080,[N/A],Enabled,Enabled
1672414670.788446,0,GPU-a71d5fd4-b7db-93b7-1b7a-5a6e2a6a8c65,0.0,0.09970703125,10240.0,9219.0,472.12,NVIDIA GeForce RTX 3080,[N/A],Enabled,Enabled
1672414671.787783,0,GPU-a71d5fd4-b7db-93b7-1b7a-5a6e2a6a8c65,0.0,0.10029296875,10240.0,9213.0,472.12,NVIDIA GeForce RTX 3080,[N/A],Enabled,Enabled
1672414672.780397,0,GPU-a71d5fd4-b7db-93b7-1b7a-5a6e2a6a8c65,0.0,0.1072265625,10240.0,9142.0,472.12,NVIDIA GeForce RTX 3080,[N/A],Enabled,Enabled
1672414673.782262,0,GPU-a71d5fd4-b7db-93b7-1b7a-5a6e2a6a8c65,0.0,0.1072265625,10240.0,9142.0,472.12,NVIDIA GeForce RTX 3080,[N/A],Enabled,Enabled
1672414674.792613,0,GPU-a71d5fd4-b7db-93b7-1b7a-5a6e2a6a8c65,0.0,0.1072265625,10240.0,9142.0,472.12,NVIDIA GeForce RTX 3080,[N/A],Enabled,Enabled
1672414675.790453,0,GPU-a71d5fd4-b7db-93b7-1b7a-5a6e2a6a8c65,0.0,0.1072265625,10240.0,9142.0,472.12,NVIDIA GeForce RTX 3080,[N/A],Enabled,Enabled
1672414676.784536,0,GPU-a71d5fd4-b7db-93b7-1b7a-5a6e2a6a8c65,0.01,0.1072265625,10240.0,9142.0,472.12,NVIDIA GeForce RTX 3080,[N/A],Enabled,Enabled
1672414677.79508,0,GPU-a71d5fd4-b7db-93b7-1b7a-5a6e2a6a8c65,0.01,0.1072265625,10240.0,9142.0,472.12,NVIDIA GeForce RTX 3080,[N/A],Enabled,Enabled
1672414678.791342,0,GPU-a71d5fd4-b7db-93b7-1b7a-5a6e2a6a8c65,0.01,0.1072265625,10240.0,9142.0,472.12,NVIDIA GeForce RTX 3080,[N/A],Enabled,Enabled
1672414679.786371,0,GPU-a71d5fd4-b7db-93b7-1b7a-5a6e2a6a8c65,0.0,0.1072265625,10240.0,9142.0,472.12,NVIDIA GeForce RTX 3080,[N/A],Enabled,Enabled
1672414680.782648,0,GPU-a71d5fd4-b7db-93b7-1b7a-5a6e2a6a8c65,0.0,0.1072265625,10240.0,9142.0,472.12,NVIDIA GeForce RTX 3080,[N/A],Enabled,Enabled
1672414681.793472,0,GPU-a71d5fd4-b7db-93b7-1b7a-5a6e2a6a8c65,0.01,0.1072265625,10240.0,9142.0,472.12,NVIDIA GeForce RTX 3080,[N/A],Enabled,Enabled
1672414682.789351,0,GPU-a71d5fd4-b7db-93b7-1b7a-5a6e2a6a8c65,0.01,0.1072265625,10240.0,9142.0,472.12,NVIDIA GeForce RTX 3080,[N/A],Enabled,Enabled
1672414683.787601,0,GPU-a71d5fd4-b7db-93b7-1b7a-5a6e2a6a8c65,0.01,0.1072265625,10240.0,9142.0,472.12,NVIDIA GeForce RTX 3080,[N/A],Enabled,Enabled
1672414684.78662,0,GPU-a71d5fd4-b7db-93b7-1b7a-5a6e2a6a8c65,0.0,0.1072265625,10240.0,9142.0,472.12,NVIDIA GeForce RTX 3080,[N/A],Enabled,Enabled
1672414685.78062,0,GPU-a71d5fd4-b7db-93b7-1b7a-5a6e2a6a8c65,0.0,0.1072265625,10240.0,9142.0,472.12,NVIDIA GeForce RTX 3080,[N/A],Enabled,Enabled
1672414686.792901,0,GPU-a71d5fd4-b7db-93b7-1b7a-5a6e2a6a8c65,0.0,0.1072265625,10240.0,9142.0,472.12,NVIDIA GeForce RTX 3080,[N/A],Enabled,Enabled
1672414687.782551,0,GPU-a71d5fd4-b7db-93b7-1b7a-5a6e2a6a8c65,0.01,0.1072265625,10240.0,9142.0,472.12,NVIDIA GeForce RTX 3080,[N/A],Enabled,Enabled
1672414688.793178,0,GPU-a71d5fd4-b7db-93b7-1b7a-5a6e2a6a8c65,0.01,0.1072265625,10240.0,9142.0,472.12,NVIDIA GeForce RTX 3080,[N/A],Enabled,Enabled
1672414689.785365,0,GPU-a71d5fd4-b7db-93b7-1b7a-5a6e2a6a8c65,0.01,0.1072265625,10240.0,9142.0,472.12,NVIDIA GeForce RTX 3080,[N/A],Enabled,Enabled
1672414690.794576,0,GPU-a71d5fd4-b7db-93b7-1b7a-5a6e2a6a8c65,0.0,0.1072265625,10240.0,9142.0,472.12,NVIDIA GeForce RTX 3080,[N/A],Enabled,Enabled
1672414691.788489,0,GPU-a71d5fd4-b7db-93b7-1b7a-5a6e2a6a8c65,0.0,0.1072265625,10240.0,9142.0,472.12,NVIDIA GeForce RTX 3080,[N/A],Enabled,Enabled
1672414692.784121,0,GPU-a71d5fd4-b7db-93b7-1b7a-5a6e2a6a8c65,0.01,0.1072265625,10240.0,9142.0,472.12,NVIDIA GeForce RTX 3080,[N/A],Enabled,Enabled
1672414693.796514,0,GPU-a71d5fd4-b7db-93b7-1b7a-5a6e2a6a8c65,0.01,0.1072265625,10240.0,9142.0,472.12,NVIDIA GeForce RTX 3080,[N/A],Enabled,Enabled
1672414694.788594,0,GPU-a71d5fd4-b7db-93b7-1b7a-5a6e2a6a8c65,0.01,0.1072265625,10240.0,9142.0,472.12,NVIDIA GeForce RTX 3080,[N/A],Enabled,Enabled
1672414695.782218,0,GPU-a71d5fd4-b7db-93b7-1b7a-5a6e2a6a8c65,0.0,0.1072265625,10240.0,9142.0,472.12,NVIDIA GeForce RTX 3080,[N/A],Enabled,Enabled
1672414696.792551,0,GPU-a71d5fd4-b7db-93b7-1b7a-5a6e2a6a8c65,0.0,0.1072265625,10240.0,9142.0,472.12,NVIDIA GeForce RTX 3080,[N/A],Enabled,Enabled
1672414697.78501,0,GPU-a71d5fd4-b7db-93b7-1b7a-5a6e2a6a8c65,0.01,0.1072265625,10240.0,9142.0,472.12,NVIDIA GeForce RTX 3080,[N/A],Enabled,Enabled
1672414698.784227,0,GPU-a71d5fd4-b7db-93b7-1b7a-5a6e2a6a8c65,0.01,0.1072265625,10240.0,9142.0,472.12,NVIDIA GeForce RTX 3080,[N/A],Enabled,Enabled
1672414699.791499,0,GPU-a71d5fd4-b7db-93b7-1b7a-5a6e2a6a8c65,0.01,0.1072265625,10240.0,9142.0,472.12,NVIDIA GeForce RTX 3080,[N/A],Enabled,Enabled
1672414700.782685,0,GPU-a71d5fd4-b7db-93b7-1b7a-5a6e2a6a8c65,0.01,0.1072265625,10240.0,9142.0,472.12,NVIDIA GeForce RTX 3080,[N/A],Enabled,Enabled
1672414701.791584,0,GPU-a71d5fd4-b7db-93b7-1b7a-5a6e2a6a8c65,0.0,0.1072265625,10240.0,9142.0,472.12,NVIDIA GeForce RTX 3080,[N/A],Enabled,Enabled
1672414702.787192,0,GPU-a71d5fd4-b7db-93b7-1b7a-5a6e2a6a8c65,0.0,0.1072265625,10240.0,9142.0,472.12,NVIDIA GeForce RTX 3080,[N/A],Enabled,Enabled
1672414703.782278,0,GPU-a71d5fd4-b7db-93b7-1b7a-5a6e2a6a8c65,0.01,0.1072265625,10240.0,9142.0,472.12,NVIDIA GeForce RTX 3080,[N/A],Enabled,Enabled
1672414704.794372,0,GPU-a71d5fd4-b7db-93b7-1b7a-5a6e2a6a8c65,0.01,0.1072265625,10240.0,9142.0,472.12,NVIDIA GeForce RTX 3080,[N/A],Enabled,Enabled
1672414705.787236,0,GPU-a71d5fd4-b7db-93b7-1b7a-5a6e2a6a8c65,0.01,0.1072265625,10240.0,9142.0,472.12,NVIDIA GeForce RTX 3080,[N/A],Enabled,Enabled
1672414706.781692,0,GPU-a71d5fd4-b7db-93b7-1b7a-5a6e2a6a8c65,0.0,0.1072265625,10240.0,9142.0,472.12,NVIDIA GeForce RTX 3080,[N/A],Enabled,Enabled
1672414707.793306,0,GPU-a71d5fd4-b7db-93b7-1b7a-5a6e2a6a8c65,0.0,0.1072265625,10240.0,9142.0,472.12,NVIDIA GeForce RTX 3080,[N/A],Enabled,Enabled
1672414708.785259,0,GPU-a71d5fd4-b7db-93b7-1b7a-5a6e2a6a8c65,0.01,0.1072265625,10240.0,9142.0,472.12,NVIDIA GeForce RTX 3080,[N/A],Enabled,Enabled
1672414709.794352,0,GPU-a71d5fd4-b7db-93b7-1b7a-5a6e2a6a8c65,0.01,0.1072265625,10240.0,9142.0,472.12,NVIDIA GeForce RTX 3080,[N/A],Enabled,Enabled
1672414710.784961,0,GPU-a71d5fd4-b7db-93b7-1b7a-5a6e2a6a8c65,0.01,0.1072265625,10240.0,9142.0,472.12,NVIDIA GeForce RTX 3080,[N/A],Enabled,Enabled
1672414711.794487,0,GPU-a71d5fd4-b7db-93b7-1b7a-5a6e2a6a8c65,0.0,0.1072265625,10240.0,9142.0,472.12,NVIDIA GeForce RTX 3080,[N/A],Enabled,Enabled
1672414712.790699,0,GPU-a71d5fd4-b7db-93b7-1b7a-5a6e2a6a8c65,0.0,0.1072265625,10240.0,9142.0,472.12,NVIDIA GeForce RTX 3080,[N/A],Enabled,Enabled
1672414713.787185,0,GPU-a71d5fd4-b7db-93b7-1b7a-5a6e2a6a8c65,0.01,0.1072265625,10240.0,9142.0,472.12,NVIDIA GeForce RTX 3080,[N/A],Enabled,Enabled
1672414714.780218,0,GPU-a71d5fd4-b7db-93b7-1b7a-5a6e2a6a8c65,0.01,0.1072265625,10240.0,9142.0,472.12,NVIDIA GeForce RTX 3080,[N/A],Enabled,Enabled
1672414715.791391,0,GPU-a71d5fd4-b7db-93b7-1b7a-5a6e2a6a8c65,0.01,0.1072265625,10240.0,9142.0,472.12,NVIDIA GeForce RTX 3080,[N/A],Enabled,Enabled
1672414716.789589,0,GPU-a71d5fd4-b7db-93b7-1b7a-5a6e2a6a8c65,0.0,0.1072265625,10240.0,9142.0,472.12,NVIDIA GeForce RTX 3080,[N/A],Enabled,Enabled
1672414717.792689,0,GPU-a71d5fd4-b7db-93b7-1b7a-5a6e2a6a8c65,0.0,0.1072265625,10240.0,9142.0,472.12,NVIDIA GeForce RTX 3080,[N/A],Enabled,Enabled
1672414718.784436,0,GPU-a71d5fd4-b7db-93b7-1b7a-5a6e2a6a8c65,0.01,0.1072265625,10240.0,9142.0,472.12,NVIDIA GeForce RTX 3080,[N/A],Enabled,Enabled
1672414719.792703,0,GPU-a71d5fd4-b7db-93b7-1b7a-5a6e2a6a8c65,0.01,0.1072265625,10240.0,9142.0,472.12,NVIDIA GeForce RTX 3080,[N/A],Enabled,Enabled
1672414720.79047,0,GPU-a71d5fd4-b7db-93b7-1b7a-5a6e2a6a8c65,0.01,0.1072265625,10240.0,9142.0,472.12,NVIDIA GeForce RTX 3080,[N/A],Enabled,Enabled
1672414721.788443,0,GPU-a71d5fd4-b7db-93b7-1b7a-5a6e2a6a8c65,0.0,0.1072265625,10240.0,9142.0,472.12,NVIDIA GeForce RTX 3080,[N/A],Enabled,Enabled
1672414722.795562,0,GPU-a71d5fd4-b7db-93b7-1b7a-5a6e2a6a8c65,0.0,0.1072265625,10240.0,9142.0,472.12,NVIDIA GeForce RTX 3080,[N/A],Enabled,Enabled
1672414723.79437,0,GPU-a71d5fd4-b7db-93b7-1b7a-5a6e2a6a8c65,0.01,0.1072265625,10240.0,9142.0,472.12,NVIDIA GeForce RTX 3080,[N/A],Enabled,Enabled
1672414724.794383,0,GPU-a71d5fd4-b7db-93b7-1b7a-5a6e2a6a8c65,0.01,0.1072265625,10240.0,9142.0,472.12,NVIDIA GeForce RTX 3080,[N/A],Enabled,Enabled
1672414725.787397,0,GPU-a71d5fd4-b7db-93b7-1b7a-5a6e2a6a8c65,0.01,0.1072265625,10240.0,9142.0,472.12,NVIDIA GeForce RTX 3080,[N/A],Enabled,Enabled
1672414726.795484,0,GPU-a71d5fd4-b7db-93b7-1b7a-5a6e2a6a8c65,0.0,0.1072265625,10240.0,9142.0,472.12,NVIDIA GeForce RTX 3080,[N/A],Enabled,Enabled
1672414727.791227,0,GPU-a71d5fd4-b7db-93b7-1b7a-5a6e2a6a8c65,0.0,0.1072265625,10240.0,9142.0,472.12,NVIDIA GeForce RTX 3080,[N/A],Enabled,Enabled
1672414728.788503,0,GPU-a71d5fd4-b7db-93b7-1b7a-5a6e2a6a8c65,0.0,0.1072265625,10240.0,9142.0,472.12,NVIDIA GeForce RTX 3080,[N/A],Enabled,Enabled
1672414729.784376,0,GPU-a71d5fd4-b7db-93b7-1b7a-5a6e2a6a8c65,0.01,0.1072265625,10240.0,9142.0,472.12,NVIDIA GeForce RTX 3080,[N/A],Enabled,Enabled
1672414730.781201,0,GPU-a71d5fd4-b7db-93b7-1b7a-5a6e2a6a8c65,0.01,0.1072265625,10240.0,9142.0,472.12,NVIDIA GeForce RTX 3080,[N/A],Enabled,Enabled
1672414731.790678,0,GPU-a71d5fd4-b7db-93b7-1b7a-5a6e2a6a8c65,0.0,0.1072265625,10240.0,9142.0,472.12,NVIDIA GeForce RTX 3080,[N/A],Enabled,Enabled
1672414732.782688,0,GPU-a71d5fd4-b7db-93b7-1b7a-5a6e2a6a8c65,0.09,0.1099609375,10240.0,9114.0,472.12,NVIDIA GeForce RTX 3080,[N/A],Enabled,Enabled
1672414733.792808,0,GPU-a71d5fd4-b7db-93b7-1b7a-5a6e2a6a8c65,0.1,0.24951171875,10240.0,7685.0,472.12,NVIDIA GeForce RTX 3080,[N/A],Enabled,Enabled
1672414734.790223,0,GPU-a71d5fd4-b7db-93b7-1b7a-5a6e2a6a8c65,0.16,0.2548828125,10240.0,7630.0,472.12,NVIDIA GeForce RTX 3080,[N/A],Enabled,Enabled
1672414735.796209,0,GPU-a71d5fd4-b7db-93b7-1b7a-5a6e2a6a8c65,0.16,0.25859375,10240.0,7592.0,472.12,NVIDIA GeForce RTX 3080,[N/A],Enabled,Enabled
1672414736.783463,0,GPU-a71d5fd4-b7db-93b7-1b7a-5a6e2a6a8c65,0.13,0.26181640625,10240.0,7559.0,472.12,NVIDIA GeForce RTX 3080,[N/A],Enabled,Enabled
1672414737.786531,0,GPU-a71d5fd4-b7db-93b7-1b7a-5a6e2a6a8c65,0.14,0.26181640625,10240.0,7559.0,472.12,NVIDIA GeForce RTX 3080,[N/A],Enabled,Enabled
1672414738.790495,0,GPU-a71d5fd4-b7db-93b7-1b7a-5a6e2a6a8c65,0.12,0.2603515625,10240.0,7574.0,472.12,NVIDIA GeForce RTX 3080,[N/A],Enabled,Enabled
1672414739.794643,0,GPU-a71d5fd4-b7db-93b7-1b7a-5a6e2a6a8c65,0.15,0.26328125,10240.0,7544.0,472.12,NVIDIA GeForce RTX 3080,[N/A],Enabled,Enabled
1672414740.786305,0,GPU-a71d5fd4-b7db-93b7-1b7a-5a6e2a6a8c65,0.12,0.26357421875,10240.0,7541.0,472.12,NVIDIA GeForce RTX 3080,[N/A],Enabled,Enabled
1672414741.785045,0,GPU-a71d5fd4-b7db-93b7-1b7a-5a6e2a6a8c65,0.12,0.3755859375,10240.0,6394.0,472.12,NVIDIA GeForce RTX 3080,[N/A],Enabled,Enabled
1672414742.783415,0,GPU-a71d5fd4-b7db-93b7-1b7a-5a6e2a6a8c65,0.14,0.2611328125,10240.0,7566.0,472.12,NVIDIA GeForce RTX 3080,[N/A],Enabled,Enabled
1672414743.785543,0,GPU-a71d5fd4-b7db-93b7-1b7a-5a6e2a6a8c65,0.14,0.2611328125,10240.0,7566.0,472.12,NVIDIA GeForce RTX 3080,[N/A],Enabled,Enabled
1672414744.786641,0,GPU-a71d5fd4-b7db-93b7-1b7a-5a6e2a6a8c65,0.14,0.2611328125,10240.0,7566.0,472.12,NVIDIA GeForce RTX 3080,[N/A],Enabled,Enabled
1672414745.788374,0,GPU-a71d5fd4-b7db-93b7-1b7a-5a6e2a6a8c65,0.15,0.262890625,10240.0,7548.0,472.12,NVIDIA GeForce RTX 3080,[N/A],Enabled,Enabled
1672414746.789601,0,GPU-a71d5fd4-b7db-93b7-1b7a-5a6e2a6a8c65,0.14,0.26064453125,10240.0,7571.0,472.12,NVIDIA GeForce RTX 3080,[N/A],Enabled,Enabled
1672414747.791899,0,GPU-a71d5fd4-b7db-93b7-1b7a-5a6e2a6a8c65,0.13,0.26064453125,10240.0,7571.0,472.12,NVIDIA GeForce RTX 3080,[N/A],Enabled,Enabled
1672414748.783558,0,GPU-a71d5fd4-b7db-93b7-1b7a-5a6e2a6a8c65,0.13,0.26083984375,10240.0,7569.0,472.12,NVIDIA GeForce RTX 3080,[N/A],Enabled,Enabled
1672414749.78665,0,GPU-a71d5fd4-b7db-93b7-1b7a-5a6e2a6a8c65,0.14,0.33974609375,10240.0,6761.0,472.12,NVIDIA GeForce RTX 3080,[N/A],Enabled,Enabled
1672414750.788274,0,GPU-a71d5fd4-b7db-93b7-1b7a-5a6e2a6a8c65,0.21,0.360546875,10240.0,6548.0,472.12,NVIDIA GeForce RTX 3080,[N/A],Enabled,Enabled
1672414751.790644,0,GPU-a71d5fd4-b7db-93b7-1b7a-5a6e2a6a8c65,0.13,0.3189453125,10240.0,6974.0,472.12,NVIDIA GeForce RTX 3080,[N/A],Enabled,Enabled
1672414752.796426,0,GPU-a71d5fd4-b7db-93b7-1b7a-5a6e2a6a8c65,0.14,0.3189453125,10240.0,6974.0,472.12,NVIDIA GeForce RTX 3080,[N/A],Enabled,Enabled
1672414753.784286,0,GPU-a71d5fd4-b7db-93b7-1b7a-5a6e2a6a8c65,0.14,0.318359375,10240.0,6980.0,472.12,NVIDIA GeForce RTX 3080,[N/A],Enabled,Enabled
1672414754.788678,0,GPU-a71d5fd4-b7db-93b7-1b7a-5a6e2a6a8c65,0.15,0.34404296875,10240.0,6717.0,472.12,NVIDIA GeForce RTX 3080,[N/A],Enabled,Enabled
1672414755.792521,0,GPU-a71d5fd4-b7db-93b7-1b7a-5a6e2a6a8c65,0.13,0.3201171875,10240.0,6962.0,472.12,NVIDIA GeForce RTX 3080,[N/A],Enabled,Enabled
1672414756.781381,0,GPU-a71d5fd4-b7db-93b7-1b7a-5a6e2a6a8c65,0.24,0.3685546875,10240.0,6466.0,472.12,NVIDIA GeForce RTX 3080,[N/A],Enabled,Enabled
1672414757.783645,0,GPU-a71d5fd4-b7db-93b7-1b7a-5a6e2a6a8c65,0.23,0.3685546875,10240.0,6466.0,472.12,NVIDIA GeForce RTX 3080,[N/A],Enabled,Enabled
1672414758.786596,0,GPU-a71d5fd4-b7db-93b7-1b7a-5a6e2a6a8c65,0.23,0.36875,10240.0,6464.0,472.12,NVIDIA GeForce RTX 3080,[N/A],Enabled,Enabled
1672414759.791522,0,GPU-a71d5fd4-b7db-93b7-1b7a-5a6e2a6a8c65,0.23,0.36796875,10240.0,6472.0,472.12,NVIDIA GeForce RTX 3080,[N/A],Enabled,Enabled
1672414760.781214,0,GPU-a71d5fd4-b7db-93b7-1b7a-5a6e2a6a8c65,0.14,0.32333984375,10240.0,6929.0,472.12,NVIDIA GeForce RTX 3080,[N/A],Enabled,Enabled
1672414761.783594,0,GPU-a71d5fd4-b7db-93b7-1b7a-5a6e2a6a8c65,0.15,0.32353515625,10240.0,6927.0,472.12,NVIDIA GeForce RTX 3080,[N/A],Enabled,Enabled
1672414762.784817,0,GPU-a71d5fd4-b7db-93b7-1b7a-5a6e2a6a8c65,0.15,0.32353515625,10240.0,6927.0,472.12,NVIDIA GeForce RTX 3080,[N/A],Enabled,Enabled
1672414763.789324,0,GPU-a71d5fd4-b7db-93b7-1b7a-5a6e2a6a8c65,0.14,0.32353515625,10240.0,6927.0,472.12,NVIDIA GeForce RTX 3080,[N/A],Enabled,Enabled
1672414764.794533,0,GPU-a71d5fd4-b7db-93b7-1b7a-5a6e2a6a8c65,0.14,0.32353515625,10240.0,6927.0,472.12,NVIDIA GeForce RTX 3080,[N/A],Enabled,Enabled
1672414765.78319,0,GPU-a71d5fd4-b7db-93b7-1b7a-5a6e2a6a8c65,0.14,0.3240234375,10240.0,6922.0,472.12,NVIDIA GeForce RTX 3080,[N/A],Enabled,Enabled
1672414766.788175,0,GPU-a71d5fd4-b7db-93b7-1b7a-5a6e2a6a8c65,0.17,0.33291015625,10240.0,6831.0,472.12,NVIDIA GeForce RTX 3080,[N/A],Enabled,Enabled
1672414767.791328,0,GPU-a71d5fd4-b7db-93b7-1b7a-5a6e2a6a8c65,0.17,0.33291015625,10240.0,6831.0,472.12,NVIDIA GeForce RTX 3080,[N/A],Enabled,Enabled
1672414768.781317,0,GPU-a71d5fd4-b7db-93b7-1b7a-5a6e2a6a8c65,0.17,0.33291015625,10240.0,6831.0,472.12,NVIDIA GeForce RTX 3080,[N/A],Enabled,Enabled
1672414769.784838,0,GPU-a71d5fd4-b7db-93b7-1b7a-5a6e2a6a8c65,0.18,0.33291015625,10240.0,6831.0,472.12,NVIDIA GeForce RTX 3080,[N/A],Enabled,Enabled
1672414770.786571,0,GPU-a71d5fd4-b7db-93b7-1b7a-5a6e2a6a8c65,0.17,0.33291015625,10240.0,6831.0,472.12,NVIDIA GeForce RTX 3080,[N/A],Enabled,Enabled
1672414771.791353,0,GPU-a71d5fd4-b7db-93b7-1b7a-5a6e2a6a8c65,0.17,0.33291015625,10240.0,6831.0,472.12,NVIDIA GeForce RTX 3080,[N/A],Enabled,Enabled
1672414772.793278,0,GPU-a71d5fd4-b7db-93b7-1b7a-5a6e2a6a8c65,0.16,0.33291015625,10240.0,6831.0,472.12,NVIDIA GeForce RTX 3080,[N/A],Enabled,Enabled
1672414773.783514,0,GPU-a71d5fd4-b7db-93b7-1b7a-5a6e2a6a8c65,0.18,0.33291015625,10240.0,6831.0,472.12,NVIDIA GeForce RTX 3080,[N/A],Enabled,Enabled
1672414774.788396,0,GPU-a71d5fd4-b7db-93b7-1b7a-5a6e2a6a8c65,0.17,0.33291015625,10240.0,6831.0,472.12,NVIDIA GeForce RTX 3080,[N/A],Enabled,Enabled
1672414775.791254,0,GPU-a71d5fd4-b7db-93b7-1b7a-5a6e2a6a8c65,0.17,0.33291015625,10240.0,6831.0,472.12,NVIDIA GeForce RTX 3080,[N/A],Enabled,Enabled
1672414776.795443,0,GPU-a71d5fd4-b7db-93b7-1b7a-5a6e2a6a8c65,0.17,0.33291015625,10240.0,6831.0,472.12,NVIDIA GeForce RTX 3080,[N/A],Enabled,Enabled
1672414777.78543,0,GPU-a71d5fd4-b7db-93b7-1b7a-5a6e2a6a8c65,0.17,0.33291015625,10240.0,6831.0,472.12,NVIDIA GeForce RTX 3080,[N/A],Enabled,Enabled
1672414778.788599,0,GPU-a71d5fd4-b7db-93b7-1b7a-5a6e2a6a8c65,0.17,0.33291015625,10240.0,6831.0,472.12,NVIDIA GeForce RTX 3080,[N/A],Enabled,Enabled
1672414779.792364,0,GPU-a71d5fd4-b7db-93b7-1b7a-5a6e2a6a8c65,0.17,0.33291015625,10240.0,6831.0,472.12,NVIDIA GeForce RTX 3080,[N/A],Enabled,Enabled
1672414780.780266,0,GPU-a71d5fd4-b7db-93b7-1b7a-5a6e2a6a8c65,0.17,0.33291015625,10240.0,6831.0,472.12,NVIDIA GeForce RTX 3080,[N/A],Enabled,Enabled
1672414781.784603,0,GPU-a71d5fd4-b7db-93b7-1b7a-5a6e2a6a8c65,0.17,0.33291015625,10240.0,6831.0,472.12,NVIDIA GeForce RTX 3080,[N/A],Enabled,Enabled
1672414782.790259,0,GPU-a71d5fd4-b7db-93b7-1b7a-5a6e2a6a8c65,0.17,0.33291015625,10240.0,6831.0,472.12,NVIDIA GeForce RTX 3080,[N/A],Enabled,Enabled
1672414783.79395,0,GPU-a71d5fd4-b7db-93b7-1b7a-5a6e2a6a8c65,0.17,0.33291015625,10240.0,6831.0,472.12,NVIDIA GeForce RTX 3080,[N/A],Enabled,Enabled
1672414784.784402,0,GPU-a71d5fd4-b7db-93b7-1b7a-5a6e2a6a8c65,0.17,0.33291015625,10240.0,6831.0,472.12,NVIDIA GeForce RTX 3080,[N/A],Enabled,Enabled
1672414785.790329,0,GPU-a71d5fd4-b7db-93b7-1b7a-5a6e2a6a8c65,0.17,0.33291015625,10240.0,6831.0,472.12,NVIDIA GeForce RTX 3080,[N/A],Enabled,Enabled
1672414786.790661,0,GPU-a71d5fd4-b7db-93b7-1b7a-5a6e2a6a8c65,0.17,0.33291015625,10240.0,6831.0,472.12,NVIDIA GeForce RTX 3080,[N/A],Enabled,Enabled
1672414787.781572,0,GPU-a71d5fd4-b7db-93b7-1b7a-5a6e2a6a8c65,0.17,0.33291015625,10240.0,6831.0,472.12,NVIDIA GeForce RTX 3080,[N/A],Enabled,Enabled
1672414788.785522,0,GPU-a71d5fd4-b7db-93b7-1b7a-5a6e2a6a8c65,0.17,0.33291015625,10240.0,6831.0,472.12,NVIDIA GeForce RTX 3080,[N/A],Enabled,Enabled
1672414789.789547,0,GPU-a71d5fd4-b7db-93b7-1b7a-5a6e2a6a8c65,0.17,0.33291015625,10240.0,6831.0,472.12,NVIDIA GeForce RTX 3080,[N/A],Enabled,Enabled
1672414790.794479,0,GPU-a71d5fd4-b7db-93b7-1b7a-5a6e2a6a8c65,0.17,0.33291015625,10240.0,6831.0,472.12,NVIDIA GeForce RTX 3080,[N/A],Enabled,Enabled
1672414791.78223,0,GPU-a71d5fd4-b7db-93b7-1b7a-5a6e2a6a8c65,0.17,0.33291015625,10240.0,6831.0,472.12,NVIDIA GeForce RTX 3080,[N/A],Enabled,Enabled
1672414792.785005,0,GPU-a71d5fd4-b7db-93b7-1b7a-5a6e2a6a8c65,0.17,0.33291015625,10240.0,6831.0,472.12,NVIDIA GeForce RTX 3080,[N/A],Enabled,Enabled
1672414793.789293,0,GPU-a71d5fd4-b7db-93b7-1b7a-5a6e2a6a8c65,0.17,0.33291015625,10240.0,6831.0,472.12,NVIDIA GeForce RTX 3080,[N/A],Enabled,Enabled
1672414794.794568,0,GPU-a71d5fd4-b7db-93b7-1b7a-5a6e2a6a8c65,0.17,0.33291015625,10240.0,6831.0,472.12,NVIDIA GeForce RTX 3080,[N/A],Enabled,Enabled
1672414795.784778,0,GPU-a71d5fd4-b7db-93b7-1b7a-5a6e2a6a8c65,0.17,0.33291015625,10240.0,6831.0,472.12,NVIDIA GeForce RTX 3080,[N/A],Enabled,Enabled
1672414796.790829,0,GPU-a71d5fd4-b7db-93b7-1b7a-5a6e2a6a8c65,0.16,0.33291015625,10240.0,6831.0,472.12,NVIDIA GeForce RTX 3080,[N/A],Enabled,Enabled
1672414797.791798,0,GPU-a71d5fd4-b7db-93b7-1b7a-5a6e2a6a8c65,0.17,0.33291015625,10240.0,6831.0,472.12,NVIDIA GeForce RTX 3080,[N/A],Enabled,Enabled
1672414798.781594,0,GPU-a71d5fd4-b7db-93b7-1b7a-5a6e2a6a8c65,0.17,0.33291015625,10240.0,6831.0,472.12,NVIDIA GeForce RTX 3080,[N/A],Enabled,Enabled
1672414799.786571,0,GPU-a71d5fd4-b7db-93b7-1b7a-5a6e2a6a8c65,0.18,0.33291015625,10240.0,6831.0,472.12,NVIDIA GeForce RTX 3080,[N/A],Enabled,Enabled
1672414800.791566,0,GPU-a71d5fd4-b7db-93b7-1b7a-5a6e2a6a8c65,0.17,0.33291015625,10240.0,6831.0,472.12,NVIDIA GeForce RTX 3080,[N/A],Enabled,Enabled
1672414801.782382,0,GPU-a71d5fd4-b7db-93b7-1b7a-5a6e2a6a8c65,0.17,0.33291015625,10240.0,6831.0,472.12,NVIDIA GeForce RTX 3080,[N/A],Enabled,Enabled
1672414802.787185,0,GPU-a71d5fd4-b7db-93b7-1b7a-5a6e2a6a8c65,0.16,0.33291015625,10240.0,6831.0,472.12,NVIDIA GeForce RTX 3080,[N/A],Enabled,Enabled
1672414803.790546,0,GPU-a71d5fd4-b7db-93b7-1b7a-5a6e2a6a8c65,0.17,0.33291015625,10240.0,6831.0,472.12,NVIDIA GeForce RTX 3080,[N/A],Enabled,Enabled
1672414804.780519,0,GPU-a71d5fd4-b7db-93b7-1b7a-5a6e2a6a8c65,0.17,0.33291015625,10240.0,6831.0,472.12,NVIDIA GeForce RTX 3080,[N/A],Enabled,Enabled
1672414805.784798,0,GPU-a71d5fd4-b7db-93b7-1b7a-5a6e2a6a8c65,0.18,0.33291015625,10240.0,6831.0,472.12,NVIDIA GeForce RTX 3080,[N/A],Enabled,Enabled
1672414806.789433,0,GPU-a71d5fd4-b7db-93b7-1b7a-5a6e2a6a8c65,0.17,0.33291015625,10240.0,6831.0,472.12,NVIDIA GeForce RTX 3080,[N/A],Enabled,Enabled
1672414807.794794,0,GPU-a71d5fd4-b7db-93b7-1b7a-5a6e2a6a8c65,0.17,0.33291015625,10240.0,6831.0,472.12,NVIDIA GeForce RTX 3080,[N/A],Enabled,Enabled
1672414808.784782,0,GPU-a71d5fd4-b7db-93b7-1b7a-5a6e2a6a8c65,0.17,0.33291015625,10240.0,6831.0,472.12,NVIDIA GeForce RTX 3080,[N/A],Enabled,Enabled
1672414809.790627,0,GPU-a71d5fd4-b7db-93b7-1b7a-5a6e2a6a8c65,0.17,0.33291015625,10240.0,6831.0,472.12,NVIDIA GeForce RTX 3080,[N/A],Enabled,Enabled
1672414810.794967,0,GPU-a71d5fd4-b7db-93b7-1b7a-5a6e2a6a8c65,0.17,0.33291015625,10240.0,6831.0,472.12,NVIDIA GeForce RTX 3080,[N/A],Enabled,Enabled
1672414811.783556,0,GPU-a71d5fd4-b7db-93b7-1b7a-5a6e2a6a8c65,0.18,0.33291015625,10240.0,6831.0,472.12,NVIDIA GeForce RTX 3080,[N/A],Enabled,Enabled
1672414812.788602,0,GPU-a71d5fd4-b7db-93b7-1b7a-5a6e2a6a8c65,0.17,0.33291015625,10240.0,6831.0,472.12,NVIDIA GeForce RTX 3080,[N/A],Enabled,Enabled
1672414813.792708,0,GPU-a71d5fd4-b7db-93b7-1b7a-5a6e2a6a8c65,0.18,0.33291015625,10240.0,6831.0,472.12,NVIDIA GeForce RTX 3080,[N/A],Enabled,Enabled
1672414814.782706,0,GPU-a71d5fd4-b7db-93b7-1b7a-5a6e2a6a8c65,0.17,0.33291015625,10240.0,6831.0,472.12,NVIDIA GeForce RTX 3080,[N/A],Enabled,Enabled
1672414815.782627,0,GPU-a71d5fd4-b7db-93b7-1b7a-5a6e2a6a8c65,0.17,0.33291015625,10240.0,6831.0,472.12,NVIDIA GeForce RTX 3080,[N/A],Enabled,Enabled
1672414816.78566,0,GPU-a71d5fd4-b7db-93b7-1b7a-5a6e2a6a8c65,0.16,0.33291015625,10240.0,6831.0,472.12,NVIDIA GeForce RTX 3080,[N/A],Enabled,Enabled
1672414817.791449,0,GPU-a71d5fd4-b7db-93b7-1b7a-5a6e2a6a8c65,0.17,0.33291015625,10240.0,6831.0,472.12,NVIDIA GeForce RTX 3080,[N/A],Enabled,Enabled
1672414818.780471,0,GPU-a71d5fd4-b7db-93b7-1b7a-5a6e2a6a8c65,0.17,0.33291015625,10240.0,6831.0,472.12,NVIDIA GeForce RTX 3080,[N/A],Enabled,Enabled
1672414819.785517,0,GPU-a71d5fd4-b7db-93b7-1b7a-5a6e2a6a8c65,0.18,0.33291015625,10240.0,6831.0,472.12,NVIDIA GeForce RTX 3080,[N/A],Enabled,Enabled
1672414820.78838,0,GPU-a71d5fd4-b7db-93b7-1b7a-5a6e2a6a8c65,0.17,0.33291015625,10240.0,6831.0,472.12,NVIDIA GeForce RTX 3080,[N/A],Enabled,Enabled
1672414821.794314,0,GPU-a71d5fd4-b7db-93b7-1b7a-5a6e2a6a8c65,0.17,0.33291015625,10240.0,6831.0,472.12,NVIDIA GeForce RTX 3080,[N/A],Enabled,Enabled
1672414822.783713,0,GPU-a71d5fd4-b7db-93b7-1b7a-5a6e2a6a8c65,0.17,0.33291015625,10240.0,6831.0,472.12,NVIDIA GeForce RTX 3080,[N/A],Enabled,Enabled
1672414823.790613,0,GPU-a71d5fd4-b7db-93b7-1b7a-5a6e2a6a8c65,0.17,0.33291015625,10240.0,6831.0,472.12,NVIDIA GeForce RTX 3080,[N/A],Enabled,Enabled
1672414824.780729,0,GPU-a71d5fd4-b7db-93b7-1b7a-5a6e2a6a8c65,0.17,0.33291015625,10240.0,6831.0,472.12,NVIDIA GeForce RTX 3080,[N/A],Enabled,Enabled
1672414825.78565,0,GPU-a71d5fd4-b7db-93b7-1b7a-5a6e2a6a8c65,0.18,0.33291015625,10240.0,6831.0,472.12,NVIDIA GeForce RTX 3080,[N/A],Enabled,Enabled
1672414826.789579,0,GPU-a71d5fd4-b7db-93b7-1b7a-5a6e2a6a8c65,0.17,0.33291015625,10240.0,6831.0,472.12,NVIDIA GeForce RTX 3080,[N/A],Enabled,Enabled
1672414827.793335,0,GPU-a71d5fd4-b7db-93b7-1b7a-5a6e2a6a8c65,0.17,0.33291015625,10240.0,6831.0,472.12,NVIDIA GeForce RTX 3080,[N/A],Enabled,Enabled
1672414828.782505,0,GPU-a71d5fd4-b7db-93b7-1b7a-5a6e2a6a8c65,0.17,0.33291015625,10240.0,6831.0,472.12,NVIDIA GeForce RTX 3080,[N/A],Enabled,Enabled
1672414829.786367,0,GPU-a71d5fd4-b7db-93b7-1b7a-5a6e2a6a8c65,0.18,0.33291015625,10240.0,6831.0,472.12,NVIDIA GeForce RTX 3080,[N/A],Enabled,Enabled
1672414830.791894,0,GPU-a71d5fd4-b7db-93b7-1b7a-5a6e2a6a8c65,0.17,0.33291015625,10240.0,6831.0,472.12,NVIDIA GeForce RTX 3080,[N/A],Enabled,Enabled
1672414831.78065,0,GPU-a71d5fd4-b7db-93b7-1b7a-5a6e2a6a8c65,0.18,0.33291015625,10240.0,6831.0,472.12,NVIDIA GeForce RTX 3080,[N/A],Enabled,Enabled
1672414832.784422,0,GPU-a71d5fd4-b7db-93b7-1b7a-5a6e2a6a8c65,0.17,0.33291015625,10240.0,6831.0,472.12,NVIDIA GeForce RTX 3080,[N/A],Enabled,Enabled
1672414833.786607,0,GPU-a71d5fd4-b7db-93b7-1b7a-5a6e2a6a8c65,0.18,0.33291015625,10240.0,6831.0,472.12,NVIDIA GeForce RTX 3080,[N/A],Enabled,Enabled
1672414834.791707,0,GPU-a71d5fd4-b7db-93b7-1b7a-5a6e2a6a8c65,0.17,0.33291015625,10240.0,6831.0,472.12,NVIDIA GeForce RTX 3080,[N/A],Enabled,Enabled
1672414835.781608,0,GPU-a71d5fd4-b7db-93b7-1b7a-5a6e2a6a8c65,0.17,0.33291015625,10240.0,6831.0,472.12,NVIDIA GeForce RTX 3080,[N/A],Enabled,Enabled
1672414836.784791,0,GPU-a71d5fd4-b7db-93b7-1b7a-5a6e2a6a8c65,0.17,0.33291015625,10240.0,6831.0,472.12,NVIDIA GeForce RTX 3080,[N/A],Enabled,Enabled
1672414837.787612,0,GPU-a71d5fd4-b7db-93b7-1b7a-5a6e2a6a8c65,0.17,0.33291015625,10240.0,6831.0,472.12,NVIDIA GeForce RTX 3080,[N/A],Enabled,Enabled
1672414838.79134,0,GPU-a71d5fd4-b7db-93b7-1b7a-5a6e2a6a8c65,0.17,0.33291015625,10240.0,6831.0,472.12,NVIDIA GeForce RTX 3080,[N/A],Enabled,Enabled
1672414839.793611,0,GPU-a71d5fd4-b7db-93b7-1b7a-5a6e2a6a8c65,0.17,0.33291015625,10240.0,6831.0,472.12,NVIDIA GeForce RTX 3080,[N/A],Enabled,Enabled
1672414840.781227,0,GPU-a71d5fd4-b7db-93b7-1b7a-5a6e2a6a8c65,0.17,0.33291015625,10240.0,6831.0,472.12,NVIDIA GeForce RTX 3080,[N/A],Enabled,Enabled
1672414841.785515,0,GPU-a71d5fd4-b7db-93b7-1b7a-5a6e2a6a8c65,0.17,0.33291015625,10240.0,6831.0,472.12,NVIDIA GeForce RTX 3080,[N/A],Enabled,Enabled
1672414842.788705,0,GPU-a71d5fd4-b7db-93b7-1b7a-5a6e2a6a8c65,0.16,0.33291015625,10240.0,6831.0,472.12,NVIDIA GeForce RTX 3080,[N/A],Enabled,Enabled
1672414843.792475,0,GPU-a71d5fd4-b7db-93b7-1b7a-5a6e2a6a8c65,0.17,0.33291015625,10240.0,6831.0,472.12,NVIDIA GeForce RTX 3080,[N/A],Enabled,Enabled
1672414844.794646,0,GPU-a71d5fd4-b7db-93b7-1b7a-5a6e2a6a8c65,0.17,0.33291015625,10240.0,6831.0,472.12,NVIDIA GeForce RTX 3080,[N/A],Enabled,Enabled
1672414845.783568,0,GPU-a71d5fd4-b7db-93b7-1b7a-5a6e2a6a8c65,0.17,0.33291015625,10240.0,6831.0,472.12,NVIDIA GeForce RTX 3080,[N/A],Enabled,Enabled
1672414846.786253,0,GPU-a71d5fd4-b7db-93b7-1b7a-5a6e2a6a8c65,0.17,0.33291015625,10240.0,6831.0,472.12,NVIDIA GeForce RTX 3080,[N/A],Enabled,Enabled
1672414847.790485,0,GPU-a71d5fd4-b7db-93b7-1b7a-5a6e2a6a8c65,0.17,0.33291015625,10240.0,6831.0,472.12,NVIDIA GeForce RTX 3080,[N/A],Enabled,Enabled
1672414848.780303,0,GPU-a71d5fd4-b7db-93b7-1b7a-5a6e2a6a8c65,0.17,0.33291015625,10240.0,6831.0,472.12,NVIDIA GeForce RTX 3080,[N/A],Enabled,Enabled
1672414849.78356,0,GPU-a71d5fd4-b7db-93b7-1b7a-5a6e2a6a8c65,0.17,0.33291015625,10240.0,6831.0,472.12,NVIDIA GeForce RTX 3080,[N/A],Enabled,Enabled
1672414850.787558,0,GPU-a71d5fd4-b7db-93b7-1b7a-5a6e2a6a8c65,0.17,0.33291015625,10240.0,6831.0,472.12,NVIDIA GeForce RTX 3080,[N/A],Enabled,Enabled
1672414851.79161,0,GPU-a71d5fd4-b7db-93b7-1b7a-5a6e2a6a8c65,0.17,0.33291015625,10240.0,6831.0,472.12,NVIDIA GeForce RTX 3080,[N/A],Enabled,Enabled
1672414852.780587,0,GPU-a71d5fd4-b7db-93b7-1b7a-5a6e2a6a8c65,0.17,0.33291015625,10240.0,6831.0,472.12,NVIDIA GeForce RTX 3080,[N/A],Enabled,Enabled
1672414853.783426,0,GPU-a71d5fd4-b7db-93b7-1b7a-5a6e2a6a8c65,0.17,0.33291015625,10240.0,6831.0,472.12,NVIDIA GeForce RTX 3080,[N/A],Enabled,Enabled
1672414854.786598,0,GPU-a71d5fd4-b7db-93b7-1b7a-5a6e2a6a8c65,0.17,0.33291015625,10240.0,6831.0,472.12,NVIDIA GeForce RTX 3080,[N/A],Enabled,Enabled
1672414855.791396,0,GPU-a71d5fd4-b7db-93b7-1b7a-5a6e2a6a8c65,0.18,0.33291015625,10240.0,6831.0,472.12,NVIDIA GeForce RTX 3080,[N/A],Enabled,Enabled
1672414856.779706,0,GPU-a71d5fd4-b7db-93b7-1b7a-5a6e2a6a8c65,0.17,0.33291015625,10240.0,6831.0,472.12,NVIDIA GeForce RTX 3080,[N/A],Enabled,Enabled
1672414857.783387,0,GPU-a71d5fd4-b7db-93b7-1b7a-5a6e2a6a8c65,0.17,0.33291015625,10240.0,6831.0,472.12,NVIDIA GeForce RTX 3080,[N/A],Enabled,Enabled
1672414858.78816,0,GPU-a71d5fd4-b7db-93b7-1b7a-5a6e2a6a8c65,0.17,0.33291015625,10240.0,6831.0,472.12,NVIDIA GeForce RTX 3080,[N/A],Enabled,Enabled
1672414859.794387,0,GPU-a71d5fd4-b7db-93b7-1b7a-5a6e2a6a8c65,0.17,0.33291015625,10240.0,6831.0,472.12,NVIDIA GeForce RTX 3080,[N/A],Enabled,Enabled
1672414860.78334,0,GPU-a71d5fd4-b7db-93b7-1b7a-5a6e2a6a8c65,0.17,0.33291015625,10240.0,6831.0,472.12,NVIDIA GeForce RTX 3080,[N/A],Enabled,Enabled
1672414861.78852,0,GPU-a71d5fd4-b7db-93b7-1b7a-5a6e2a6a8c65,0.17,0.33291015625,10240.0,6831.0,472.12,NVIDIA GeForce RTX 3080,[N/A],Enabled,Enabled
1672414862.792444,0,GPU-a71d5fd4-b7db-93b7-1b7a-5a6e2a6a8c65,0.17,0.33291015625,10240.0,6831.0,472.12,NVIDIA GeForce RTX 3080,[N/A],Enabled,Enabled
1672414863.782378,0,GPU-a71d5fd4-b7db-93b7-1b7a-5a6e2a6a8c65,0.17,0.33291015625,10240.0,6831.0,472.12,NVIDIA GeForce RTX 3080,[N/A],Enabled,Enabled
1672414864.783738,0,GPU-a71d5fd4-b7db-93b7-1b7a-5a6e2a6a8c65,0.17,0.33291015625,10240.0,6831.0,472.12,NVIDIA GeForce RTX 3080,[N/A],Enabled,Enabled
1672414865.788426,0,GPU-a71d5fd4-b7db-93b7-1b7a-5a6e2a6a8c65,0.18,0.33291015625,10240.0,6831.0,472.12,NVIDIA GeForce RTX 3080,[N/A],Enabled,Enabled
1672414866.79327,0,GPU-a71d5fd4-b7db-93b7-1b7a-5a6e2a6a8c65,0.17,0.33291015625,10240.0,6831.0,472.12,NVIDIA GeForce RTX 3080,[N/A],Enabled,Enabled
1672414867.782644,0,GPU-a71d5fd4-b7db-93b7-1b7a-5a6e2a6a8c65,0.17,0.33291015625,10240.0,6831.0,472.12,NVIDIA GeForce RTX 3080,[N/A],Enabled,Enabled
1672414868.787456,0,GPU-a71d5fd4-b7db-93b7-1b7a-5a6e2a6a8c65,0.17,0.33291015625,10240.0,6831.0,472.12,NVIDIA GeForce RTX 3080,[N/A],Enabled,Enabled
1672414869.793386,0,GPU-a71d5fd4-b7db-93b7-1b7a-5a6e2a6a8c65,0.18,0.33291015625,10240.0,6831.0,472.12,NVIDIA GeForce RTX 3080,[N/A],Enabled,Enabled
1672414870.782609,0,GPU-a71d5fd4-b7db-93b7-1b7a-5a6e2a6a8c65,0.17,0.33291015625,10240.0,6831.0,472.12,NVIDIA GeForce RTX 3080,[N/A],Enabled,Enabled
1672414871.786324,0,GPU-a71d5fd4-b7db-93b7-1b7a-5a6e2a6a8c65,0.17,0.33291015625,10240.0,6831.0,472.12,NVIDIA GeForce RTX 3080,[N/A],Enabled,Enabled
1672414872.791323,0,GPU-a71d5fd4-b7db-93b7-1b7a-5a6e2a6a8c65,0.17,0.33291015625,10240.0,6831.0,472.12,NVIDIA GeForce RTX 3080,[N/A],Enabled,Enabled
1672414873.782542,0,GPU-a71d5fd4-b7db-93b7-1b7a-5a6e2a6a8c65,0.18,0.33291015625,10240.0,6831.0,472.12,NVIDIA GeForce RTX 3080,[N/A],Enabled,Enabled
1672414874.787162,0,GPU-a71d5fd4-b7db-93b7-1b7a-5a6e2a6a8c65,0.17,0.33291015625,10240.0,6831.0,472.12,NVIDIA GeForce RTX 3080,[N/A],Enabled,Enabled
1672414875.791691,0,GPU-a71d5fd4-b7db-93b7-1b7a-5a6e2a6a8c65,0.17,0.33291015625,10240.0,6831.0,472.12,NVIDIA GeForce RTX 3080,[N/A],Enabled,Enabled
1672414876.782653,0,GPU-a71d5fd4-b7db-93b7-1b7a-5a6e2a6a8c65,0.17,0.33291015625,10240.0,6831.0,472.12,NVIDIA GeForce RTX 3080,[N/A],Enabled,Enabled
1672414877.790583,0,GPU-a71d5fd4-b7db-93b7-1b7a-5a6e2a6a8c65,0.17,0.33291015625,10240.0,6831.0,472.12,NVIDIA GeForce RTX 3080,[N/A],Enabled,Enabled
1672414878.795575,0,GPU-a71d5fd4-b7db-93b7-1b7a-5a6e2a6a8c65,0.17,0.33291015625,10240.0,6831.0,472.12,NVIDIA GeForce RTX 3080,[N/A],Enabled,Enabled
1672414879.786273,0,GPU-a71d5fd4-b7db-93b7-1b7a-5a6e2a6a8c65,0.17,0.33291015625,10240.0,6831.0,472.12,NVIDIA GeForce RTX 3080,[N/A],Enabled,Enabled
1672414880.789358,0,GPU-a71d5fd4-b7db-93b7-1b7a-5a6e2a6a8c65,0.17,0.33291015625,10240.0,6831.0,472.12,NVIDIA GeForce RTX 3080,[N/A],Enabled,Enabled
1672414881.794627,0,GPU-a71d5fd4-b7db-93b7-1b7a-5a6e2a6a8c65,0.17,0.33291015625,10240.0,6831.0,472.12,NVIDIA GeForce RTX 3080,[N/A],Enabled,Enabled
1672414882.781736,0,GPU-a71d5fd4-b7db-93b7-1b7a-5a6e2a6a8c65,0.17,0.33291015625,10240.0,6831.0,472.12,NVIDIA GeForce RTX 3080,[N/A],Enabled,Enabled
1672414883.787606,0,GPU-a71d5fd4-b7db-93b7-1b7a-5a6e2a6a8c65,0.18,0.33291015625,10240.0,6831.0,472.12,NVIDIA GeForce RTX 3080,[N/A],Enabled,Enabled
1672414884.794427,0,GPU-a71d5fd4-b7db-93b7-1b7a-5a6e2a6a8c65,0.17,0.33291015625,10240.0,6831.0,472.12,NVIDIA GeForce RTX 3080,[N/A],Enabled,Enabled
1672414885.782363,0,GPU-a71d5fd4-b7db-93b7-1b7a-5a6e2a6a8c65,0.17,0.33291015625,10240.0,6831.0,472.12,NVIDIA GeForce RTX 3080,[N/A],Enabled,Enabled
1672414886.784621,0,GPU-a71d5fd4-b7db-93b7-1b7a-5a6e2a6a8c65,0.17,0.33291015625,10240.0,6831.0,472.12,NVIDIA GeForce RTX 3080,[N/A],Enabled,Enabled
1672414887.790228,0,GPU-a71d5fd4-b7db-93b7-1b7a-5a6e2a6a8c65,0.17,0.33291015625,10240.0,6831.0,472.12,NVIDIA GeForce RTX 3080,[N/A],Enabled,Enabled
1672414888.79559,0,GPU-a71d5fd4-b7db-93b7-1b7a-5a6e2a6a8c65,0.17,0.33291015625,10240.0,6831.0,472.12,NVIDIA GeForce RTX 3080,[N/A],Enabled,Enabled
1672414889.784443,0,GPU-a71d5fd4-b7db-93b7-1b7a-5a6e2a6a8c65,0.17,0.33291015625,10240.0,6831.0,472.12,NVIDIA GeForce RTX 3080,[N/A],Enabled,Enabled
1672414890.790301,0,GPU-a71d5fd4-b7db-93b7-1b7a-5a6e2a6a8c65,0.17,0.33291015625,10240.0,6831.0,472.12,NVIDIA GeForce RTX 3080,[N/A],Enabled,Enabled
1672414891.794524,0,GPU-a71d5fd4-b7db-93b7-1b7a-5a6e2a6a8c65,0.17,0.33291015625,10240.0,6831.0,472.12,NVIDIA GeForce RTX 3080,[N/A],Enabled,Enabled
1672414892.783752,0,GPU-a71d5fd4-b7db-93b7-1b7a-5a6e2a6a8c65,0.17,0.33291015625,10240.0,6831.0,472.12,NVIDIA GeForce RTX 3080,[N/A],Enabled,Enabled
1672414893.788479,0,GPU-a71d5fd4-b7db-93b7-1b7a-5a6e2a6a8c65,0.17,0.33291015625,10240.0,6831.0,472.12,NVIDIA GeForce RTX 3080,[N/A],Enabled,Enabled
1672414894.791726,0,GPU-a71d5fd4-b7db-93b7-1b7a-5a6e2a6a8c65,0.17,0.33291015625,10240.0,6831.0,472.12,NVIDIA GeForce RTX 3080,[N/A],Enabled,Enabled
1672414895.794934,0,GPU-a71d5fd4-b7db-93b7-1b7a-5a6e2a6a8c65,0.17,0.33291015625,10240.0,6831.0,472.12,NVIDIA GeForce RTX 3080,[N/A],Enabled,Enabled
1672414896.783468,0,GPU-a71d5fd4-b7db-93b7-1b7a-5a6e2a6a8c65,0.17,0.33291015625,10240.0,6831.0,472.12,NVIDIA GeForce RTX 3080,[N/A],Enabled,Enabled
1672414897.786487,0,GPU-a71d5fd4-b7db-93b7-1b7a-5a6e2a6a8c65,0.17,0.33291015625,10240.0,6831.0,472.12,NVIDIA GeForce RTX 3080,[N/A],Enabled,Enabled
1672414898.791514,0,GPU-a71d5fd4-b7db-93b7-1b7a-5a6e2a6a8c65,0.17,0.33291015625,10240.0,6831.0,472.12,NVIDIA GeForce RTX 3080,[N/A],Enabled,Enabled
1672414899.780664,0,GPU-a71d5fd4-b7db-93b7-1b7a-5a6e2a6a8c65,0.17,0.33291015625,10240.0,6831.0,472.12,NVIDIA GeForce RTX 3080,[N/A],Enabled,Enabled
1672414900.784886,0,GPU-a71d5fd4-b7db-93b7-1b7a-5a6e2a6a8c65,0.16,0.33291015625,10240.0,6831.0,472.12,NVIDIA GeForce RTX 3080,[N/A],Enabled,Enabled
1672414901.78716,0,GPU-a71d5fd4-b7db-93b7-1b7a-5a6e2a6a8c65,0.17,0.33291015625,10240.0,6831.0,472.12,NVIDIA GeForce RTX 3080,[N/A],Enabled,Enabled
1672414902.789285,0,GPU-a71d5fd4-b7db-93b7-1b7a-5a6e2a6a8c65,0.17,0.33291015625,10240.0,6831.0,472.12,NVIDIA GeForce RTX 3080,[N/A],Enabled,Enabled
1672414903.794711,0,GPU-a71d5fd4-b7db-93b7-1b7a-5a6e2a6a8c65,0.18,0.33291015625,10240.0,6831.0,472.12,NVIDIA GeForce RTX 3080,[N/A],Enabled,Enabled
1672414904.782483,0,GPU-a71d5fd4-b7db-93b7-1b7a-5a6e2a6a8c65,0.17,0.33291015625,10240.0,6831.0,472.12,NVIDIA GeForce RTX 3080,[N/A],Enabled,Enabled
1672414905.787297,0,GPU-a71d5fd4-b7db-93b7-1b7a-5a6e2a6a8c65,0.17,0.33291015625,10240.0,6831.0,472.12,NVIDIA GeForce RTX 3080,[N/A],Enabled,Enabled
1672414906.791582,0,GPU-a71d5fd4-b7db-93b7-1b7a-5a6e2a6a8c65,0.16,0.33291015625,10240.0,6831.0,472.12,NVIDIA GeForce RTX 3080,[N/A],Enabled,Enabled
1672414907.780272,0,GPU-a71d5fd4-b7db-93b7-1b7a-5a6e2a6a8c65,0.17,0.33291015625,10240.0,6831.0,472.12,NVIDIA GeForce RTX 3080,[N/A],Enabled,Enabled
1672414908.783503,0,GPU-a71d5fd4-b7db-93b7-1b7a-5a6e2a6a8c65,0.17,0.33291015625,10240.0,6831.0,472.12,NVIDIA GeForce RTX 3080,[N/A],Enabled,Enabled
1672414909.788048,0,GPU-a71d5fd4-b7db-93b7-1b7a-5a6e2a6a8c65,0.17,0.33291015625,10240.0,6831.0,472.12,NVIDIA GeForce RTX 3080,[N/A],Enabled,Enabled
1672414910.791255,0,GPU-a71d5fd4-b7db-93b7-1b7a-5a6e2a6a8c65,0.17,0.33291015625,10240.0,6831.0,472.12,NVIDIA GeForce RTX 3080,[N/A],Enabled,Enabled
1672414911.794722,0,GPU-a71d5fd4-b7db-93b7-1b7a-5a6e2a6a8c65,0.17,0.33291015625,10240.0,6831.0,472.12,NVIDIA GeForce RTX 3080,[N/A],Enabled,Enabled
1672414912.784401,0,GPU-a71d5fd4-b7db-93b7-1b7a-5a6e2a6a8c65,0.17,0.33291015625,10240.0,6831.0,472.12,NVIDIA GeForce RTX 3080,[N/A],Enabled,Enabled
1672414913.787305,0,GPU-a71d5fd4-b7db-93b7-1b7a-5a6e2a6a8c65,0.17,0.33291015625,10240.0,6831.0,472.12,NVIDIA GeForce RTX 3080,[N/A],Enabled,Enabled
1672414914.792254,0,GPU-a71d5fd4-b7db-93b7-1b7a-5a6e2a6a8c65,0.16,0.33291015625,10240.0,6831.0,472.12,NVIDIA GeForce RTX 3080,[N/A],Enabled,Enabled
1672414915.78162,0,GPU-a71d5fd4-b7db-93b7-1b7a-5a6e2a6a8c65,0.17,0.33291015625,10240.0,6831.0,472.12,NVIDIA GeForce RTX 3080,[N/A],Enabled,Enabled
1672414916.785455,0,GPU-a71d5fd4-b7db-93b7-1b7a-5a6e2a6a8c65,0.16,0.33291015625,10240.0,6831.0,472.12,NVIDIA GeForce RTX 3080,[N/A],Enabled,Enabled
1672414917.788414,0,GPU-a71d5fd4-b7db-93b7-1b7a-5a6e2a6a8c65,0.17,0.33291015625,10240.0,6831.0,472.12,NVIDIA GeForce RTX 3080,[N/A],Enabled,Enabled
1672414918.790378,0,GPU-a71d5fd4-b7db-93b7-1b7a-5a6e2a6a8c65,0.17,0.33291015625,10240.0,6831.0,472.12,NVIDIA GeForce RTX 3080,[N/A],Enabled,Enabled
1672414919.790337,0,GPU-a71d5fd4-b7db-93b7-1b7a-5a6e2a6a8c65,0.17,0.33291015625,10240.0,6831.0,472.12,NVIDIA GeForce RTX 3080,[N/A],Enabled,Enabled
1672414920.792272,0,GPU-a71d5fd4-b7db-93b7-1b7a-5a6e2a6a8c65,0.17,0.33291015625,10240.0,6831.0,472.12,NVIDIA GeForce RTX 3080,[N/A],Enabled,Enabled
1672414921.78053,0,GPU-a71d5fd4-b7db-93b7-1b7a-5a6e2a6a8c65,0.14,0.3259765625,10240.0,6902.0,472.12,NVIDIA GeForce RTX 3080,[N/A],Enabled,Enabled
1672414922.784365,0,GPU-a71d5fd4-b7db-93b7-1b7a-5a6e2a6a8c65,0.14,0.3259765625,10240.0,6902.0,472.12,NVIDIA GeForce RTX 3080,[N/A],Enabled,Enabled
1672414923.787338,0,GPU-a71d5fd4-b7db-93b7-1b7a-5a6e2a6a8c65,0.14,0.32587890625,10240.0,6903.0,472.12,NVIDIA GeForce RTX 3080,[N/A],Enabled,Enabled
1672414924.790695,0,GPU-a71d5fd4-b7db-93b7-1b7a-5a6e2a6a8c65,0.14,0.32587890625,10240.0,6903.0,472.12,NVIDIA GeForce RTX 3080,[N/A],Enabled,Enabled
1672414925.793721,0,GPU-a71d5fd4-b7db-93b7-1b7a-5a6e2a6a8c65,0.14,0.32587890625,10240.0,6903.0,472.12,NVIDIA GeForce RTX 3080,[N/A],Enabled,Enabled
1672414926.783515,0,GPU-a71d5fd4-b7db-93b7-1b7a-5a6e2a6a8c65,0.14,0.32587890625,10240.0,6903.0,472.12,NVIDIA GeForce RTX 3080,[N/A],Enabled,Enabled
1672414927.788404,0,GPU-a71d5fd4-b7db-93b7-1b7a-5a6e2a6a8c65,0.14,0.32587890625,10240.0,6903.0,472.12,NVIDIA GeForce RTX 3080,[N/A],Enabled,Enabled
1672414928.790781,0,GPU-a71d5fd4-b7db-93b7-1b7a-5a6e2a6a8c65,0.14,0.32587890625,10240.0,6903.0,472.12,NVIDIA GeForce RTX 3080,[N/A],Enabled,Enabled
1672414929.793608,0,GPU-a71d5fd4-b7db-93b7-1b7a-5a6e2a6a8c65,0.14,0.32587890625,10240.0,6903.0,472.12,NVIDIA GeForce RTX 3080,[N/A],Enabled,Enabled
1672414930.783355,0,GPU-a71d5fd4-b7db-93b7-1b7a-5a6e2a6a8c65,0.13,0.32587890625,10240.0,6903.0,472.12,NVIDIA GeForce RTX 3080,[N/A],Enabled,Enabled
1672414931.788358,0,GPU-a71d5fd4-b7db-93b7-1b7a-5a6e2a6a8c65,0.13,0.32587890625,10240.0,6903.0,472.12,NVIDIA GeForce RTX 3080,[N/A],Enabled,Enabled
1672414932.793658,0,GPU-a71d5fd4-b7db-93b7-1b7a-5a6e2a6a8c65,0.13,0.32587890625,10240.0,6903.0,472.12,NVIDIA GeForce RTX 3080,[N/A],Enabled,Enabled
1672414933.78335,0,GPU-a71d5fd4-b7db-93b7-1b7a-5a6e2a6a8c65,0.14,0.32587890625,10240.0,6903.0,472.12,NVIDIA GeForce RTX 3080,[N/A],Enabled,Enabled
1672414934.7874,0,GPU-a71d5fd4-b7db-93b7-1b7a-5a6e2a6a8c65,0.24,0.37099609375,10240.0,6441.0,472.12,NVIDIA GeForce RTX 3080,[N/A],Enabled,Enabled
1672414935.791517,0,GPU-a71d5fd4-b7db-93b7-1b7a-5a6e2a6a8c65,0.24,0.37099609375,10240.0,6441.0,472.12,NVIDIA GeForce RTX 3080,[N/A],Enabled,Enabled
1672414936.794907,0,GPU-a71d5fd4-b7db-93b7-1b7a-5a6e2a6a8c65,0.24,0.37080078125,10240.0,6443.0,472.12,NVIDIA GeForce RTX 3080,[N/A],Enabled,Enabled
1672414937.78153,0,GPU-a71d5fd4-b7db-93b7-1b7a-5a6e2a6a8c65,0.23,0.3435546875,10240.0,6722.0,472.12,NVIDIA GeForce RTX 3080,[N/A],Enabled,Enabled
1672414938.78955,0,GPU-a71d5fd4-b7db-93b7-1b7a-5a6e2a6a8c65,0.22,0.2890625,10240.0,7280.0,472.12,NVIDIA GeForce RTX 3080,[N/A],Enabled,Enabled
1672414939.781695,0,GPU-a71d5fd4-b7db-93b7-1b7a-5a6e2a6a8c65,0.23,0.2890625,10240.0,7280.0,472.12,NVIDIA GeForce RTX 3080,[N/A],Enabled,Enabled
1672414940.789626,0,GPU-a71d5fd4-b7db-93b7-1b7a-5a6e2a6a8c65,0.35,0.2345703125,10240.0,7838.0,472.12,NVIDIA GeForce RTX 3080,[N/A],Enabled,Enabled
1672414941.782121,0,GPU-a71d5fd4-b7db-93b7-1b7a-5a6e2a6a8c65,0.34,0.2345703125,10240.0,7838.0,472.12,NVIDIA GeForce RTX 3080,[N/A],Enabled,Enabled
1672414942.791388,0,GPU-a71d5fd4-b7db-93b7-1b7a-5a6e2a6a8c65,0.34,0.2345703125,10240.0,7838.0,472.12,NVIDIA GeForce RTX 3080,[N/A],Enabled,Enabled
1672414943.781396,0,GPU-a71d5fd4-b7db-93b7-1b7a-5a6e2a6a8c65,0.33,0.2345703125,10240.0,7838.0,472.12,NVIDIA GeForce RTX 3080,[N/A],Enabled,Enabled
1672414944.785625,0,GPU-a71d5fd4-b7db-93b7-1b7a-5a6e2a6a8c65,0.34,0.2345703125,10240.0,7838.0,472.12,NVIDIA GeForce RTX 3080,[N/A],Enabled,Enabled
1672414945.791563,0,GPU-a71d5fd4-b7db-93b7-1b7a-5a6e2a6a8c65,0.34,0.2345703125,10240.0,7838.0,472.12,NVIDIA GeForce RTX 3080,[N/A],Enabled,Enabled
1672414946.782699,0,GPU-a71d5fd4-b7db-93b7-1b7a-5a6e2a6a8c65,0.33,0.2345703125,10240.0,7838.0,472.12,NVIDIA GeForce RTX 3080,[N/A],Enabled,Enabled
1672414947.792486,0,GPU-a71d5fd4-b7db-93b7-1b7a-5a6e2a6a8c65,0.33,0.2345703125,10240.0,7838.0,472.12,NVIDIA GeForce RTX 3080,[N/A],Enabled,Enabled
1672414948.78101,0,GPU-a71d5fd4-b7db-93b7-1b7a-5a6e2a6a8c65,0.34,0.2345703125,10240.0,7838.0,472.12,NVIDIA GeForce RTX 3080,[N/A],Enabled,Enabled
1672414949.787535,0,GPU-a71d5fd4-b7db-93b7-1b7a-5a6e2a6a8c65,0.33,0.2345703125,10240.0,7838.0,472.12,NVIDIA GeForce RTX 3080,[N/A],Enabled,Enabled
1672414950.780706,0,GPU-a71d5fd4-b7db-93b7-1b7a-5a6e2a6a8c65,0.34,0.2345703125,10240.0,7838.0,472.12,NVIDIA GeForce RTX 3080,[N/A],Enabled,Enabled
1672414951.78543,0,GPU-a71d5fd4-b7db-93b7-1b7a-5a6e2a6a8c65,0.33,0.2345703125,10240.0,7838.0,472.12,NVIDIA GeForce RTX 3080,[N/A],Enabled,Enabled
1672414952.79359,0,GPU-a71d5fd4-b7db-93b7-1b7a-5a6e2a6a8c65,0.33,0.2345703125,10240.0,7838.0,472.12,NVIDIA GeForce RTX 3080,[N/A],Enabled,Enabled
1672414953.783451,0,GPU-a71d5fd4-b7db-93b7-1b7a-5a6e2a6a8c65,0.33,0.2345703125,10240.0,7838.0,472.12,NVIDIA GeForce RTX 3080,[N/A],Enabled,Enabled
1672414954.789299,0,GPU-a71d5fd4-b7db-93b7-1b7a-5a6e2a6a8c65,0.32,0.2345703125,10240.0,7838.0,472.12,NVIDIA GeForce RTX 3080,[N/A],Enabled,Enabled
1672414955.781093,0,GPU-a71d5fd4-b7db-93b7-1b7a-5a6e2a6a8c65,0.33,0.2345703125,10240.0,7838.0,472.12,NVIDIA GeForce RTX 3080,[N/A],Enabled,Enabled
1672414956.787602,0,GPU-a71d5fd4-b7db-93b7-1b7a-5a6e2a6a8c65,0.34,0.2345703125,10240.0,7838.0,472.12,NVIDIA GeForce RTX 3080,[N/A],Enabled,Enabled
1672414957.790569,0,GPU-a71d5fd4-b7db-93b7-1b7a-5a6e2a6a8c65,0.33,0.2345703125,10240.0,7838.0,472.12,NVIDIA GeForce RTX 3080,[N/A],Enabled,Enabled
1672414958.795389,0,GPU-a71d5fd4-b7db-93b7-1b7a-5a6e2a6a8c65,0.33,0.2345703125,10240.0,7838.0,472.12,NVIDIA GeForce RTX 3080,[N/A],Enabled,Enabled
1672414959.784907,0,GPU-a71d5fd4-b7db-93b7-1b7a-5a6e2a6a8c65,0.34,0.2345703125,10240.0,7838.0,472.12,NVIDIA GeForce RTX 3080,[N/A],Enabled,Enabled
1672414960.793437,0,GPU-a71d5fd4-b7db-93b7-1b7a-5a6e2a6a8c65,0.34,0.2345703125,10240.0,7838.0,472.12,NVIDIA GeForce RTX 3080,[N/A],Enabled,Enabled
1672414961.785625,0,GPU-a71d5fd4-b7db-93b7-1b7a-5a6e2a6a8c65,0.34,0.2345703125,10240.0,7838.0,472.12,NVIDIA GeForce RTX 3080,[N/A],Enabled,Enabled
1672414962.793101,0,GPU-a71d5fd4-b7db-93b7-1b7a-5a6e2a6a8c65,0.34,0.2345703125,10240.0,7838.0,472.12,NVIDIA GeForce RTX 3080,[N/A],Enabled,Enabled
1672414963.784795,0,GPU-a71d5fd4-b7db-93b7-1b7a-5a6e2a6a8c65,0.34,0.2345703125,10240.0,7838.0,472.12,NVIDIA GeForce RTX 3080,[N/A],Enabled,Enabled
1672414964.793868,0,GPU-a71d5fd4-b7db-93b7-1b7a-5a6e2a6a8c65,0.34,0.2345703125,10240.0,7838.0,472.12,NVIDIA GeForce RTX 3080,[N/A],Enabled,Enabled
1672414965.786123,0,GPU-a71d5fd4-b7db-93b7-1b7a-5a6e2a6a8c65,0.34,0.2345703125,10240.0,7838.0,472.12,NVIDIA GeForce RTX 3080,[N/A],Enabled,Enabled
