2.68 5.17 4.94 1/2375 16157
2.68 5.17 4.94 2/2375 16170
2.68 5.17 4.94 1/2375 16183
2.62 5.12 4.92 1/2375 16196
2.62 5.12 4.92 1/2375 16209
2.62 5.12 4.92 4/2375 16222
2.62 5.12 4.92 1/2375 16235
2.62 5.12 4.92 2/2443 16357
3.13 5.19 4.95 14/2500 16455
3.13 5.19 4.95 3/2497 16508
3.13 5.19 4.95 3/2507 16553
3.13 5.19 4.95 5/2507 16569
3.13 5.19 4.95 3/2512 16593
3.60 5.25 4.97 4/2511 16607
3.60 5.25 4.97 8/2514 16625
3.60 5.25 4.97 4/2516 16640
4.04 5.31 4.99 4/2498 16680
4.04 5.31 4.99 2/2497 16693
4.04 5.31 4.99 7/2521 16736
4.04 5.31 4.99 9/2515 16754
4.04 5.31 4.99 8/2515 16786
5.23 5.54 5.07 5/2428 16853
5.23 5.54 5.07 6/2423 16872
5.23 5.54 5.07 5/2423 16885
5.23 5.54 5.07 2/2423 16900
5.23 5.54 5.07 7/2425 16915
5.54 5.60 5.09 6/2425 16929
5.54 5.60 5.09 2/2425 16944
5.54 5.60 5.09 6/2425 16959
5.54 5.60 5.09 1/2425 16976
5.54 5.60 5.09 2/2425 16991
5.89 5.67 5.11 5/2425 17005
5.89 5.67 5.11 3/2425 17019
5.89 5.67 5.11 7/2425 17034
5.89 5.67 5.11 7/2430 17052
5.89 5.67 5.11 1/2431 17066
6.06 5.71 5.13 12/2431 17082
6.06 5.71 5.13 3/2431 17095
6.06 5.71 5.13 5/2430 17119
6.30 5.76 5.15 3/2430 17137
6.30 5.76 5.15 2/2431 17157
6.30 5.76 5.15 3/2431 17171
6.30 5.76 5.15 1/2431 17184
6.30 5.76 5.15 20/2465 17265
6.60 5.83 5.18 2/2470 17320
6.60 5.83 5.18 15/2526 17417
6.60 5.83 5.18 7/2531 17447
6.60 5.83 5.18 2/2530 17460
6.60 5.83 5.18 3/2527 17475
6.95 5.92 5.21 3/2527 17490
6.95 5.92 5.21 1/2527 17503
6.95 5.92 5.21 1/2527 17517
6.95 5.92 5.21 6/2527 17532
6.95 5.92 5.21 1/2527 17545
7.35 6.02 5.25 3/2527 17562
7.35 6.02 5.25 2/2527 17577
7.35 6.02 5.25 6/2527 17590
7.35 6.02 5.25 7/2527 17603
7.35 6.02 5.25 3/2527 17618
7.32 6.04 5.26 7/2527 17631
7.32 6.04 5.26 7/2527 17644
7.32 6.04 5.26 1/2527 17659
7.32 6.04 5.26 1/2527 17673
7.32 6.04 5.26 2/2525 17686
7.86 6.17 5.30 1/2525 17701
7.86 6.17 5.30 1/2525 17714
7.86 6.17 5.30 6/2525 17727
7.86 6.17 5.30 2/2525 17746
7.86 6.17 5.30 2/2524 17759
8.03 6.23 5.33 3/2524 17772
8.03 6.23 5.33 3/2524 17792
8.03 6.23 5.33 6/2524 17809
8.03 6.23 5.33 3/2524 17823
8.03 6.23 5.33 5/2524 17838
7.95 6.25 5.34 3/2524 17851
7.95 6.25 5.34 2/2524 17864
7.95 6.25 5.34 2/2522 17879
7.95 6.25 5.34 3/2519 17892
7.95 6.25 5.34 1/2519 17906
8.03 6.29 5.36 3/2516 17922
8.03 6.29 5.36 2/2516 17936
8.03 6.29 5.36 3/2515 17949
8.03 6.29 5.36 2/2514 17964
8.03 6.29 5.36 6/2514 17978
8.03 6.32 5.37 5/2513 17991
8.03 6.32 5.37 5/2513 18006
8.03 6.32 5.37 2/2513 18019
8.03 6.32 5.37 5/2513 18032
8.03 6.32 5.37 4/2513 18047
8.43 6.43 5.41 2/2513 18060
8.43 6.43 5.41 6/2513 18073
8.43 6.43 5.41 3/2513 18089
8.43 6.43 5.41 2/2513 18102
8.43 6.43 5.41 2/2513 18117
8.31 6.44 5.42 5/2513 18132
8.31 6.44 5.42 3/2513 18145
8.31 6.44 5.42 3/2513 18158
8.31 6.44 5.42 1/2513 18173
8.31 6.44 5.42 3/2513 18186
8.45 6.50 5.45 2/2513 18203
8.45 6.50 5.45 7/2513 18223
8.45 6.50 5.45 3/2523 18261
8.45 6.50 5.45 3/2515 18275
8.45 6.50 5.45 2/2513 18291
8.41 6.53 5.46 5/2521 18325
8.41 6.53 5.46 1/2519 18338
8.41 6.53 5.46 5/2514 18353
8.41 6.53 5.46 1/2515 18367
8.41 6.53 5.46 6/2515 18380
8.30 6.54 5.47 17/2515 18395
8.30 6.54 5.47 2/2515 18408
8.30 6.54 5.47 2/2513 18421
8.30 6.54 5.47 1/2513 18438
8.30 6.54 5.47 2/2513 18451
9.72 6.86 5.58 2/2513 18467
9.72 6.86 5.58 4/2513 18486
9.72 6.86 5.58 9/2513 18499
9.72 6.86 5.58 2/2513 18512
9.72 6.86 5.58 3/2514 18528
10.06 6.98 5.63 3/2514 18541
10.06 6.98 5.63 1/2514 18554
10.06 6.98 5.63 6/2514 18569
10.06 6.98 5.63 1/2514 18582
10.06 6.98 5.63 5/2514 18595
9.89 7.00 5.64 4/2514 18610
9.89 7.00 5.64 3/2514 18624
9.89 7.00 5.64 3/2514 18637
9.89 7.00 5.64 3/2514 18652
9.89 7.00 5.64 3/2514 18665
9.74 7.01 5.65 3/2514 18680
9.74 7.01 5.65 2/2514 18697
9.74 7.01 5.65 5/2514 18710
9.74 7.01 5.65 5/2515 18724
9.74 7.01 5.65 5/2515 18739
9.76 7.06 5.67 1/2515 18752
9.76 7.06 5.67 14/2515 18766
9.76 7.06 5.67 1/2514 18781
9.76 7.06 5.67 3/2514 18794
9.76 7.06 5.67 11/2514 18807
9.70 7.09 5.69 5/2519 18828
9.70 7.09 5.69 10/2519 18841
9.70 7.09 5.69 5/2519 18854
9.70 7.09 5.69 2/2519 18869
9.70 7.09 5.69 1/2519 18882
9.57 7.11 5.71 3/2519 18895
9.57 7.11 5.71 7/2519 18910
9.57 7.11 5.71 8/2519 18924
9.57 7.11 5.71 2/2519 18937
9.57 7.11 5.71 2/2519 18952
9.68 7.17 5.73 2/2519 18965
9.68 7.17 5.73 1/2521 18980
9.68 7.17 5.73 2/2521 18995
9.68 7.17 5.73 3/2521 19008
9.68 7.17 5.73 1/2521 19024
9.71 7.22 5.76 4/2521 19039
9.71 7.22 5.76 1/2521 19052
9.71 7.22 5.76 3/2520 19066
9.71 7.22 5.76 5/2520 19081
9.71 7.22 5.76 3/2520 19099
9.81 7.28 5.79 8/2520 19112
9.81 7.28 5.79 5/2520 19127
9.81 7.28 5.79 2/2511 19141
9.81 7.28 5.79 5/2511 19154
9.81 7.28 5.79 4/2511 19169
10.15 7.40 5.83 2/2506 19182
10.15 7.40 5.83 3/2506 19195
10.15 7.40 5.83 2/2559 19268
10.15 7.40 5.83 4/2565 19290
10.15 7.40 5.83 5/2565 19303
10.21 7.46 5.86 5/2564 19320
10.21 7.46 5.86 5/2564 19334
10.21 7.46 5.86 2/2564 19347
10.21 7.46 5.86 4/2564 19362
10.21 7.46 5.86 3/2564 19376
10.04 7.47 5.87 5/2564 19390
10.04 7.47 5.87 6/2564 19405
10.04 7.47 5.87 3/2564 19419
10.04 7.47 5.87 2/2564 19433
10.04 7.47 5.87 1/2564 19448
9.79 7.46 5.88 4/2564 19461
9.79 7.46 5.88 2/2564 19474
9.79 7.46 5.88 2/2564 19489
9.79 7.46 5.88 4/2564 19502
9.79 7.46 5.88 3/2563 19515
9.73 7.48 5.89 1/2563 19530
9.73 7.48 5.89 2/2563 19543
9.73 7.48 5.89 5/2563 19557
9.73 7.48 5.89 3/2563 19572
9.73 7.48 5.89 3/2563 19586
9.67 7.51 5.91 8/2563 19599
9.67 7.51 5.91 3/2563 19615
9.67 7.51 5.91 3/2563 19628
9.67 7.51 5.91 4/2563 19641
9.67 7.51 5.91 1/2563 19657
9.38 7.48 5.91 3/2563 19670
9.38 7.48 5.91 5/2563 19683
9.38 7.48 5.91 8/2563 19698
9.38 7.48 5.91 6/2563 19711
9.38 7.48 5.91 4/2563 19725
9.27 7.49 5.92 4/2559 19740
9.27 7.49 5.92 6/2559 19753
9.27 7.49 5.92 1/2559 19766
9.27 7.49 5.92 2/2558 19781
9.27 7.49 5.92 3/2558 19798
9.16 7.50 5.93 3/2557 19816
9.16 7.50 5.93 3/2557 19831
9.16 7.50 5.93 3/2557 19844
9.16 7.50 5.93 4/2555 19857
9.16 7.50 5.93 3/2555 19872
9.15 7.53 5.95 4/2555 19886
9.15 7.53 5.95 2/2555 19899
9.15 7.53 5.95 4/2555 19914
9.15 7.53 5.95 1/2555 19927
9.15 7.53 5.95 1/2555 19940
9.14 7.55 5.97 2/2555 19955
9.14 7.55 5.97 4/2555 19968
9.14 7.55 5.97 9/2555 19982
9.14 7.55 5.97 2/2555 19997
9.14 7.55 5.97 2/2555 20010
9.45 7.64 6.00 3/2555 20024
9.45 7.64 6.00 3/2555 20039
9.45 7.64 6.00 3/2555 20052
9.45 7.64 6.00 5/2555 20065
9.45 7.64 6.00 6/2555 20080
9.17 7.61 6.00 8/2555 20093
9.17 7.61 6.00 5/2555 20109
9.17 7.61 6.00 2/2534 20125
9.17 7.61 6.00 3/2529 20138
9.17 7.61 6.00 5/2529 20151
9.96 7.80 6.07 7/2529 20166
9.96 7.80 6.07 1/2529 20180
9.96 7.80 6.07 3/2516 20194
9.96 7.80 6.07 2/2513 20209
9.96 7.80 6.07 4/2513 20224
10.12 7.87 6.11 5/2513 20239
10.12 7.87 6.11 15/2513 20273
10.12 7.87 6.11 5/2513 20286
10.12 7.87 6.11 2/2512 20299
10.12 7.87 6.11 3/2512 20314
9.95 7.88 6.12 3/2512 20327
9.95 7.88 6.12 3/2512 20341
9.95 7.88 6.12 5/2512 20356
9.95 7.88 6.12 3/2512 20369
9.95 7.88 6.12 5/2512 20383
9.72 7.86 6.12 6/2512 20398
9.72 7.86 6.12 3/2512 20413
9.72 7.86 6.12 1/2512 20427
9.72 7.86 6.12 2/2512 20444
9.72 7.86 6.12 4/2512 20458
9.58 7.86 6.13 4/2512 20472
9.58 7.86 6.13 1/2512 20487
9.58 7.86 6.13 2/2512 20501
9.58 7.86 6.13 2/2512 20514
9.58 7.86 6.13 2/2512 20529
9.45 7.87 6.14 4/2512 20542
9.45 7.87 6.14 4/2512 20555
9.45 7.87 6.14 3/2512 20570
9.45 7.87 6.14 2/2512 20584
9.45 7.87 6.14 7/2512 20597
9.25 7.85 6.15 2/2512 20612
9.25 7.85 6.15 1/2512 20625
9.25 7.85 6.15 4/2512 20639
9.25 7.85 6.15 5/2512 20655
9.25 7.85 6.15 4/2512 20668
9.64 7.95 6.19 2/2512 20682
9.64 7.95 6.19 2/2512 20697
9.64 7.95 6.19 5/2512 20710
9.64 7.95 6.19 2/2512 20723
9.64 7.95 6.19 7/2512 20738
9.74 8.01 6.21 3/2512 20751
9.74 8.01 6.21 2/2512 20764
9.74 8.01 6.21 5/2512 20779
9.74 8.01 6.21 6/2512 20793
9.74 8.01 6.21 2/2512 20806
9.52 7.99 6.22 1/2512 20821
9.52 7.99 6.22 8/2513 20835
9.52 7.99 6.22 2/2513 20848
9.52 7.99 6.22 9/2513 20863
9.52 7.99 6.22 4/2513 20876
9.88 8.09 6.26 2/2513 20889
9.88 8.09 6.26 5/2513 20904
9.88 8.09 6.26 4/2513 20917
9.88 8.09 6.26 1/2513 20931
9.88 8.09 6.26 6/2513 20946
9.81 8.10 6.28 4/2513 20959
9.81 8.10 6.28 1/2513 20972
9.81 8.10 6.28 4/2513 20987
9.81 8.10 6.28 3/2513 21000
9.81 8.10 6.28 3/2513 21013
9.59 8.08 6.28 2/2513 21028
9.59 8.08 6.28 4/2513 21041
9.59 8.08 6.28 7/2513 21054
9.59 8.08 6.28 4/2513 21071
9.59 8.08 6.28 5/2513 21085
9.94 8.18 6.32 8/2513 21098
9.94 8.18 6.32 5/2513 21113
9.94 8.18 6.32 5/2513 21126
9.94 8.18 6.32 3/2513 21139
9.94 8.18 6.32 6/2513 21154
9.94 8.21 6.34 8/2513 21167
9.94 8.21 6.34 7/2513 21180
9.94 8.21 6.34 3/2513 21195
9.94 8.21 6.34 3/2513 21208
9.94 8.21 6.34 3/2513 21222
10.03 8.26 6.37 3/2513 21237
10.03 8.26 6.37 5/2512 21253
10.03 8.26 6.37 4/2512 21270
10.03 8.26 6.37 3/2512 21286
10.03 8.26 6.37 2/2512 21299
9.95 8.27 6.38 1/2512 21313
9.95 8.27 6.38 5/2512 21328
9.95 8.27 6.38 2/2512 21341
9.95 8.27 6.38 6/2506 21377
9.95 8.27 6.38 7/2502 21437
10.11 8.33 6.41 2/2461 21473
10.11 8.33 6.41 1/2452 21486
10.11 8.33 6.41 8/2452 21501
10.11 8.33 6.41 2/2450 21516
10.11 8.33 6.41 5/2453 21534
10.50 8.45 6.46 3/2461 21564
10.50 8.45 6.46 1/2461 21577
10.50 8.45 6.46 3/2461 21590
10.50 8.45 6.46 2/2461 21605
10.50 8.45 6.46 1/2460 21624
10.22 8.42 6.46 4/2460 21642
10.22 8.42 6.46 2/2459 21661
10.22 8.42 6.46 3/2459 21676
10.22 8.42 6.46 2/2459 21689
10.22 8.42 6.46 2/2459 21704
9.96 8.40 6.46 2/2459 21717
9.96 8.40 6.46 3/2459 21730
9.96 8.40 6.46 5/2439 21768
9.96 8.40 6.46 1/2430 21784
9.96 8.40 6.46 1/2428 21804
9.25 8.27 6.43 1/2398 21819
9.25 8.27 6.43 2/2392 21833
9.25 8.27 6.43 1/2385 21846
9.25 8.27 6.43 1/2385 21859
9.25 8.27 6.43 1/2385 21877
8.99 8.24 6.43 1/2385 21890
