--------- beginning of main
--------- beginning of system
--------- beginning of tracking
12-30 16:33:04.009  9470 15865 I VrApi   : FPS=90/90,Prd=42ms,Tear=0,Early=89,Stale=0,VSnc=1,Lat=1,Fov=4,CPU4/GPU=4/4,1478/525MHz,OC=FF,TA=0/0/0,SP=N/N/N,Mem=2092MHz,Free=7524MB,PLS=0,Temp=20.0C/0.0C,TW=0.79ms,App=6.92ms,GD=0.00ms,CPU&GPU=9.05ms,LCnt=1(DR90,LM0),GPU%=0.71,CPU%=0.22(W0.29),DSF=1.00,CFL=17.42/20.57
12-30 16:33:05.008  9470 15865 I VrApi   : FPS=90/90,Prd=42ms,Tear=0,Early=84,Stale=0,VSnc=1,Lat=1,Fov=4,CPU4/GPU=4/4,1478/525MHz,OC=FF,TA=0/0/0,SP=N/N/N,Mem=2092MHz,Free=7524MB,PLS=0,Temp=20.0C/0.0C,TW=0.81ms,App=6.70ms,GD=0.00ms,CPU&GPU=9.89ms,LCnt=1(DR90,LM0),GPU%=0.69,CPU%=0.26(W0.30),DSF=1.00,CFL=17.36/21.44
12-30 16:33:06.009  9470 15865 I VrApi   : FPS=90/90,Prd=42ms,Tear=0,Early=90,Stale=0,VSnc=1,Lat=1,Fov=4,CPU4/GPU=4/4,1478/525MHz,OC=FF,TA=0/0/0,SP=N/N/N,Mem=2092MHz,Free=7524MB,PLS=0,Temp=20.0C/0.0C,TW=0.80ms,App=7.59ms,GD=0.00ms,CPU&GPU=9.62ms,LCnt=1(DR90,LM0),GPU%=0.77,CPU%=0.21(W0.29),DSF=1.00,CFL=17.27/21.10
12-30 16:33:07.009  9470 15865 I VrApi   : FPS=90/90,Prd=42ms,Tear=0,Early=70,Stale=0,VSnc=1,Lat=1,Fov=4,CPU4/GPU=4/4,1478/525MHz,OC=FF,TA=0/0/0,SP=N/N/N,Mem=2092MHz,Free=7524MB,PLS=0,Temp=20.0C/0.0C,TW=0.82ms,App=7.52ms,GD=0.00ms,CPU&GPU=10.28ms,LCnt=1(DR90,LM0),GPU%=0.76,CPU%=0.23(W0.36),DSF=1.00,CFL=17.30/20.83
12-30 16:33:08.009  9470 15865 I VrApi   : FPS=90/90,Prd=42ms,Tear=0,Early=73,Stale=0,VSnc=1,Lat=1,Fov=4,CPU4/GPU=4/4,1478/525MHz,OC=FF,TA=0/0/0,SP=N/N/N,Mem=2092MHz,Free=7524MB,PLS=0,Temp=20.0C/0.0C,TW=0.83ms,App=7.14ms,GD=0.00ms,CPU&GPU=9.94ms,LCnt=1(DR90,LM0),GPU%=0.73,CPU%=0.19(W0.22),DSF=1.00,CFL=17.41/21.56
12-30 16:33:09.009  9470 15865 I VrApi   : FPS=90/90,Prd=42ms,Tear=0,Early=78,Stale=0,VSnc=1,Lat=1,Fov=4,CPU4/GPU=4/4,1478/525MHz,OC=FF,TA=0/0/0,SP=N/N/N,Mem=2092MHz,Free=7524MB,PLS=0,Temp=20.0C/0.0C,TW=0.82ms,App=7.10ms,GD=0.00ms,CPU&GPU=9.92ms,LCnt=1(DR90,LM0),GPU%=0.73,CPU%=0.22(W0.29),DSF=1.00,CFL=17.41/20.93
12-30 16:33:10.009  9470 15865 I VrApi   : FPS=90/90,Prd=42ms,Tear=0,Early=89,Stale=0,VSnc=1,Lat=1,Fov=4,CPU4/GPU=4/4,1478/525MHz,OC=FF,TA=0/0/0,SP=N/N/N,Mem=2092MHz,Free=7524MB,PLS=0,Temp=20.0C/0.0C,TW=0.78ms,App=7.39ms,GD=0.00ms,CPU&GPU=9.60ms,LCnt=1(DR90,LM0),GPU%=0.76,CPU%=0.20(W0.29),DSF=1.00,CFL=17.32/21.01
12-30 16:33:11.009  9470 15865 I VrApi   : FPS=90/90,Prd=42ms,Tear=0,Early=74,Stale=0,VSnc=1,Lat=1,Fov=4,CPU4/GPU=4/4,1478/525MHz,OC=FF,TA=0/0/0,SP=N/N/N,Mem=2092MHz,Free=7524MB,PLS=0,Temp=20.0C/0.0C,TW=0.79ms,App=6.80ms,GD=0.00ms,CPU&GPU=10.15ms,LCnt=1(DR90,LM0),GPU%=0.69,CPU%=0.28(W0.36),DSF=1.00,CFL=17.22/20.58
12-30 16:33:12.010  9470 15865 I VrApi   : FPS=90/90,Prd=42ms,Tear=0,Early=85,Stale=0,VSnc=1,Lat=1,Fov=4,CPU4/GPU=4/4,1478/525MHz,OC=FF,TA=0/0/0,SP=N/N/N,Mem=2092MHz,Free=7524MB,PLS=0,Temp=20.0C/0.0C,TW=0.83ms,App=6.89ms,GD=0.00ms,CPU&GPU=9.19ms,LCnt=1(DR90,LM0),GPU%=0.71,CPU%=0.19(W0.30),DSF=1.00,CFL=17.25/20.76
12-30 16:33:13.009  9470 15865 I VrApi   : FPS=90/90,Prd=42ms,Tear=0,Early=86,Stale=0,VSnc=1,Lat=1,Fov=4,CPU4/GPU=4/4,1478/525MHz,OC=FF,TA=0/0/0,SP=N/N/N,Mem=2092MHz,Free=7524MB,PLS=0,Temp=20.0C/0.0C,TW=0.82ms,App=7.00ms,GD=0.00ms,CPU&GPU=9.85ms,LCnt=1(DR90,LM0),GPU%=0.71,CPU%=0.18(W0.29),DSF=1.00,CFL=17.35/20.83
12-30 16:33:14.009  9470 15865 I VrApi   : FPS=90/90,Prd=42ms,Tear=0,Early=83,Stale=0,VSnc=1,Lat=1,Fov=4,CPU4/GPU=4/4,1478/525MHz,OC=FF,TA=0/0/0,SP=N/N/N,Mem=2092MHz,Free=7524MB,PLS=0,Temp=20.2C/0.0C,TW=0.80ms,App=6.61ms,GD=0.00ms,CPU&GPU=9.47ms,LCnt=1(DR90,LM0),GPU%=0.68,CPU%=0.17(W0.25),DSF=1.00,CFL=17.47/20.85
12-30 16:33:15.010  9470 15865 I VrApi   : FPS=90/90,Prd=42ms,Tear=0,Early=90,Stale=0,VSnc=1,Lat=1,Fov=4,CPU4/GPU=4/4,1478/525MHz,OC=FF,TA=0/0/0,SP=N/N/N,Mem=2092MHz,Free=7524MB,PLS=0,Temp=20.2C/0.0C,TW=0.80ms,App=6.03ms,GD=0.00ms,CPU&GPU=9.11ms,LCnt=1(DR90,LM0),GPU%=0.63,CPU%=0.21(W0.26),DSF=1.00,CFL=17.25/21.58
12-30 16:33:16.010  9470 15865 I VrApi   : FPS=90/90,Prd=42ms,Tear=0,Early=89,Stale=0,VSnc=1,Lat=1,Fov=4,CPU4/GPU=4/4,1478/525MHz,OC=FF,TA=0/0/0,SP=N/N/N,Mem=2092MHz,Free=7524MB,PLS=0,Temp=20.2C/0.0C,TW=0.86ms,App=6.03ms,GD=0.00ms,CPU&GPU=8.64ms,LCnt=1(DR90,LM0),GPU%=0.64,CPU%=0.24(W0.35),DSF=1.00,CFL=17.51/20.79
12-30 16:33:17.011  9470 15865 I VrApi   : FPS=90/90,Prd=42ms,Tear=0,Early=90,Stale=0,VSnc=1,Lat=1,Fov=4,CPU4/GPU=4/4,1478/525MHz,OC=FF,TA=0/0/0,SP=N/N/N,Mem=2092MHz,Free=7524MB,PLS=0,Temp=20.2C/0.0C,TW=0.83ms,App=6.38ms,GD=0.00ms,CPU&GPU=8.72ms,LCnt=1(DR90,LM0),GPU%=0.67,CPU%=0.25(W0.30),DSF=1.00,CFL=17.41/21.19
12-30 16:33:18.010  9470 15865 I VrApi   : FPS=90/90,Prd=42ms,Tear=0,Early=90,Stale=0,VSnc=1,Lat=1,Fov=4,CPU4/GPU=4/4,1478/525MHz,OC=FF,TA=0/0/0,SP=N/N/N,Mem=2092MHz,Free=7524MB,PLS=0,Temp=20.2C/0.0C,TW=0.82ms,App=6.49ms,GD=0.00ms,CPU&GPU=8.76ms,LCnt=1(DR90,LM0),GPU%=0.68,CPU%=0.22(W0.32),DSF=1.00,CFL=17.18/20.56
12-30 16:33:19.010  9470 15865 I VrApi   : FPS=90/90,Prd=42ms,Tear=0,Early=88,Stale=0,VSnc=1,Lat=1,Fov=4,CPU4/GPU=4/4,1478/525MHz,OC=FF,TA=0/0/0,SP=N/N/N,Mem=2092MHz,Free=7524MB,PLS=0,Temp=20.2C/0.0C,TW=0.81ms,App=6.51ms,GD=0.00ms,CPU&GPU=9.13ms,LCnt=1(DR90,LM0),GPU%=0.67,CPU%=0.22(W0.25),DSF=1.00,CFL=17.38/21.36
12-30 16:33:20.010  9470 15865 I VrApi   : FPS=90/90,Prd=42ms,Tear=0,Early=90,Stale=0,VSnc=1,Lat=1,Fov=4,CPU4/GPU=4/4,1478/525MHz,OC=FF,TA=0/0/0,SP=N/N/N,Mem=2092MHz,Free=7524MB,PLS=0,Temp=20.2C/0.0C,TW=0.84ms,App=6.20ms,GD=0.00ms,CPU&GPU=8.75ms,LCnt=1(DR90,LM0),GPU%=0.65,CPU%=0.23(W0.33),DSF=1.00,CFL=17.38/20.91
12-30 16:33:21.010  9470 15865 I VrApi   : FPS=90/90,Prd=42ms,Tear=0,Early=89,Stale=0,VSnc=1,Lat=1,Fov=4,CPU4/GPU=4/4,1478/525MHz,OC=FF,TA=0/0/0,SP=N/N/N,Mem=2092MHz,Free=7524MB,PLS=0,Temp=20.2C/0.0C,TW=0.82ms,App=6.12ms,GD=0.00ms,CPU&GPU=8.77ms,LCnt=1(DR90,LM0),GPU%=0.64,CPU%=0.20(W0.30),DSF=1.00,CFL=17.41/21.06
12-30 16:33:22.023  9470 15865 I VrApi   : FPS=89/90,Prd=42ms,Tear=0,Early=87,Stale=2,VSnc=1,Lat=1,Fov=4,CPU4/GPU=4/4,1478/525MHz,OC=FF,TA=0/0/0,SP=N/N/N,Mem=2092MHz,Free=7523MB,PLS=0,Temp=20.2C/0.0C,TW=0.84ms,App=6.87ms,GD=0.00ms,CPU&GPU=8.81ms,LCnt=1(DR90,LM0),GPU%=0.71,CPU%=0.27(W0.33),DSF=1.00,CFL=17.36/20.70
12-30 16:33:23.010  9470 15865 I VrApi   : FPS=90/90,Prd=42ms,Tear=0,Early=88,Stale=0,VSnc=1,Lat=1,Fov=4,CPU4/GPU=4/4,1478/525MHz,OC=FF,TA=0/0/0,SP=N/N/N,Mem=2092MHz,Free=7523MB,PLS=0,Temp=20.2C/0.0C,TW=0.82ms,App=6.30ms,GD=0.00ms,CPU&GPU=9.47ms,LCnt=1(DR90,LM0),GPU%=0.66,CPU%=0.23(W0.33),DSF=1.00,CFL=17.53/20.94
12-30 16:33:24.010  9470 15865 I VrApi   : FPS=90/90,Prd=42ms,Tear=0,Early=89,Stale=0,VSnc=1,Lat=1,Fov=4,CPU4/GPU=4/4,1478/525MHz,OC=FF,TA=0/0/0,SP=N/N/N,Mem=2092MHz,Free=7523MB,PLS=0,Temp=20.2C/0.0C,TW=0.79ms,App=6.38ms,GD=0.00ms,CPU&GPU=8.76ms,LCnt=1(DR90,LM0),GPU%=0.66,CPU%=0.24(W0.32),DSF=1.00,CFL=17.33/21.24
12-30 16:33:25.011  9470 15865 I VrApi   : FPS=90/90,Prd=42ms,Tear=0,Early=90,Stale=0,VSnc=1,Lat=1,Fov=4,CPU4/GPU=4/4,1478/525MHz,OC=FF,TA=0/0/0,SP=N/N/N,Mem=2092MHz,Free=7523MB,PLS=0,Temp=20.2C/0.0C,TW=0.80ms,App=6.17ms,GD=0.00ms,CPU&GPU=8.83ms,LCnt=1(DR90,LM0),GPU%=0.64,CPU%=0.22(W0.33),DSF=1.00,CFL=17.37/21.04
12-30 16:33:26.011  9470 15865 I VrApi   : FPS=90/90,Prd=42ms,Tear=0,Early=89,Stale=0,VSnc=1,Lat=1,Fov=4,CPU4/GPU=4/4,1478/525MHz,OC=FF,TA=0/0/0,SP=N/N/N,Mem=2092MHz,Free=7523MB,PLS=0,Temp=20.2C/0.0C,TW=0.81ms,App=5.87ms,GD=0.00ms,CPU&GPU=8.75ms,LCnt=1(DR90,LM0),GPU%=0.63,CPU%=0.24(W0.30),DSF=1.00,CFL=17.29/21.61
12-30 16:33:27.011  9470 15865 I VrApi   : FPS=90/90,Prd=42ms,Tear=0,Early=90,Stale=0,VSnc=1,Lat=1,Fov=4,CPU4/GPU=4/4,1478/525MHz,OC=FF,TA=0/0/0,SP=N/N/N,Mem=2092MHz,Free=7523MB,PLS=0,Temp=20.2C/0.0C,TW=0.78ms,App=5.91ms,GD=0.00ms,CPU&GPU=8.55ms,LCnt=1(DR90,LM0),GPU%=0.61,CPU%=0.29(W0.33),DSF=1.00,CFL=17.27/21.03
12-30 16:33:28.010  9470 15865 I VrApi   : FPS=90/90,Prd=42ms,Tear=0,Early=88,Stale=0,VSnc=1,Lat=1,Fov=4,CPU4/GPU=4/4,1478/525MHz,OC=FF,TA=0/0/0,SP=N/N/N,Mem=2092MHz,Free=7523MB,PLS=0,Temp=20.2C/0.0C,TW=0.80ms,App=6.14ms,GD=0.00ms,CPU&GPU=8.69ms,LCnt=1(DR90,LM0),GPU%=0.64,CPU%=0.27(W0.32),DSF=1.00,CFL=17.30/21.02
12-30 16:33:29.011  9470 15865 I VrApi   : FPS=90/90,Prd=42ms,Tear=0,Early=89,Stale=0,VSnc=1,Lat=1,Fov=4,CPU4/GPU=4/4,1478/525MHz,OC=FF,TA=0/0/0,SP=N/N/N,Mem=2092MHz,Free=7523MB,PLS=0,Temp=20.2C/0.0C,TW=0.81ms,App=6.44ms,GD=0.00ms,CPU&GPU=8.70ms,LCnt=1(DR90,LM0),GPU%=0.67,CPU%=0.25(W0.30),DSF=1.00,CFL=17.36/20.63
12-30 16:33:30.015  9470 15865 I VrApi   : FPS=90/90,Prd=42ms,Tear=0,Early=89,Stale=0,VSnc=1,Lat=1,Fov=4,CPU4/GPU=4/4,1478/525MHz,OC=FF,TA=0/0/0,SP=N/N/N,Mem=2092MHz,Free=7523MB,PLS=0,Temp=20.2C/0.0C,TW=0.83ms,App=6.53ms,GD=0.00ms,CPU&GPU=8.70ms,LCnt=1(DR90,LM0),GPU%=0.67,CPU%=0.27(W0.33),DSF=1.00,CFL=17.40/20.93
12-30 16:33:31.011  9470 15865 I VrApi   : FPS=90/90,Prd=42ms,Tear=0,Early=89,Stale=0,VSnc=1,Lat=1,Fov=4,CPU4/GPU=4/4,1478/525MHz,OC=FF,TA=0/0/0,SP=N/N/N,Mem=2092MHz,Free=7523MB,PLS=0,Temp=20.2C/0.0C,TW=0.81ms,App=6.03ms,GD=0.00ms,CPU&GPU=9.15ms,LCnt=1(DR90,LM0),GPU%=0.64,CPU%=0.22(W0.29),DSF=1.00,CFL=17.27/21.98
12-30 16:33:32.012  9470 15865 I VrApi   : FPS=90/90,Prd=42ms,Tear=0,Early=78,Stale=0,VSnc=1,Lat=1,Fov=4,CPU4/GPU=4/4,1478/525MHz,OC=FF,TA=0/0/0,SP=N/N/N,Mem=2092MHz,Free=7523MB,PLS=0,Temp=20.2C/0.0C,TW=0.79ms,App=5.99ms,GD=0.00ms,CPU&GPU=8.80ms,LCnt=1(DR90,LM0),GPU%=0.62,CPU%=0.21(W0.30),DSF=1.00,CFL=17.25/20.85
12-30 16:33:33.011  9470 15865 I VrApi   : FPS=90/90,Prd=42ms,Tear=0,Early=90,Stale=0,VSnc=1,Lat=1,Fov=4,CPU4/GPU=4/4,1478/525MHz,OC=FF,TA=0/0/0,SP=N/N/N,Mem=2092MHz,Free=7523MB,PLS=0,Temp=20.2C/0.0C,TW=0.79ms,App=6.45ms,GD=0.00ms,CPU&GPU=8.52ms,LCnt=1(DR90,LM0),GPU%=0.67,CPU%=0.19(W0.25),DSF=1.00,CFL=17.28/21.45
12-30 16:33:34.011  9470 15865 I VrApi   : FPS=90/90,Prd=42ms,Tear=0,Early=88,Stale=0,VSnc=1,Lat=1,Fov=4,CPU4/GPU=4/4,1478/525MHz,OC=FF,TA=0/0/0,SP=N/N/N,Mem=2092MHz,Free=7523MB,PLS=0,Temp=20.2C/0.0C,TW=0.81ms,App=6.13ms,GD=0.00ms,CPU&GPU=8.82ms,LCnt=1(DR90,LM0),GPU%=0.63,CPU%=0.31(W0.36),DSF=1.00,CFL=17.41/21.08
12-30 16:33:35.011  9470 15865 I VrApi   : FPS=90/90,Prd=42ms,Tear=0,Early=90,Stale=0,VSnc=1,Lat=1,Fov=4,CPU4/GPU=4/4,1478/525MHz,OC=FF,TA=0/0/0,SP=N/N/N,Mem=2092MHz,Free=7523MB,PLS=0,Temp=20.2C/0.0C,TW=0.81ms,App=5.91ms,GD=0.00ms,CPU&GPU=8.68ms,LCnt=1(DR90,LM0),GPU%=0.62,CPU%=0.24(W0.35),DSF=1.00,CFL=17.37/21.09
12-30 16:33:36.011  9470 15865 I VrApi   : FPS=90/90,Prd=42ms,Tear=0,Early=90,Stale=0,VSnc=1,Lat=1,Fov=4,CPU4/GPU=4/4,1478/525MHz,OC=FF,TA=0/0/0,SP=N/N/N,Mem=2092MHz,Free=7523MB,PLS=0,Temp=20.2C/0.0C,TW=0.81ms,App=6.45ms,GD=0.00ms,CPU&GPU=8.76ms,LCnt=1(DR90,LM0),GPU%=0.66,CPU%=0.26(W0.32),DSF=1.00,CFL=17.35/21.48
12-30 16:33:37.011  9470 15865 I VrApi   : FPS=90/90,Prd=42ms,Tear=0,Early=90,Stale=0,VSnc=1,Lat=1,Fov=4,CPU4/GPU=4/4,1478/525MHz,OC=FF,TA=0/0/0,SP=N/N/N,Mem=2092MHz,Free=7523MB,PLS=0,Temp=20.2C/0.0C,TW=0.79ms,App=6.30ms,GD=0.00ms,CPU&GPU=9.02ms,LCnt=1(DR90,LM0),GPU%=0.66,CPU%=0.21(W0.32),DSF=1.00,CFL=17.38/20.73
12-30 16:33:38.011  9470 15865 I VrApi   : FPS=90/90,Prd=42ms,Tear=0,Early=86,Stale=0,VSnc=1,Lat=1,Fov=4,CPU4/GPU=4/4,1478/525MHz,OC=FF,TA=0/0/0,SP=N/N/N,Mem=2092MHz,Free=7523MB,PLS=0,Temp=20.2C/0.0C,TW=0.80ms,App=5.86ms,GD=0.00ms,CPU&GPU=8.77ms,LCnt=1(DR90,LM0),GPU%=0.62,CPU%=0.19(W0.30),DSF=1.00,CFL=17.34/20.74
12-30 16:33:39.012  9470 15865 I VrApi   : FPS=90/90,Prd=42ms,Tear=0,Early=89,Stale=0,VSnc=1,Lat=1,Fov=4,CPU4/GPU=4/4,1478/525MHz,OC=FF,TA=0/0/0,SP=N/N/N,Mem=2092MHz,Free=7523MB,PLS=0,Temp=20.2C/0.0C,TW=0.84ms,App=6.38ms,GD=0.00ms,CPU&GPU=8.48ms,LCnt=1(DR90,LM0),GPU%=0.65,CPU%=0.27(W0.32),DSF=1.00,CFL=17.23/20.93
12-30 16:33:40.011  9470 15865 I VrApi   : FPS=90/90,Prd=42ms,Tear=0,Early=88,Stale=0,VSnc=1,Lat=1,Fov=4,CPU4/GPU=4/4,1478/525MHz,OC=FF,TA=0/0/0,SP=N/N/N,Mem=2092MHz,Free=7523MB,PLS=0,Temp=20.2C/0.0C,TW=0.84ms,App=6.23ms,GD=0.00ms,CPU&GPU=8.87ms,LCnt=1(DR90,LM0),GPU%=0.65,CPU%=0.25(W0.33),DSF=1.00,CFL=17.37/21.22
12-30 16:33:41.011  9470 15865 I VrApi   : FPS=90/90,Prd=42ms,Tear=0,Early=90,Stale=0,VSnc=1,Lat=1,Fov=4,CPU4/GPU=4/4,1478/525MHz,OC=FF,TA=0/0/0,SP=N/N/N,Mem=2092MHz,Free=7523MB,PLS=0,Temp=20.2C/0.0C,TW=0.81ms,App=6.02ms,GD=0.00ms,CPU&GPU=8.79ms,LCnt=1(DR90,LM0),GPU%=0.64,CPU%=0.26(W0.38),DSF=1.00,CFL=17.51/20.73
12-30 16:33:42.024  9470 15865 I VrApi   : FPS=90/90,Prd=42ms,Tear=0,Early=90,Stale=0,VSnc=1,Lat=1,Fov=4,CPU4/GPU=4/4,1478/525MHz,OC=FF,TA=0/0/0,SP=N/N/N,Mem=2092MHz,Free=7519MB,PLS=0,Temp=20.2C/0.0C,TW=0.79ms,App=5.77ms,GD=0.00ms,CPU&GPU=8.63ms,LCnt=1(DR90,LM0),GPU%=0.61,CPU%=0.19(W0.25),DSF=1.00,CFL=17.38/21.18
12-30 16:33:43.011  9470 15865 I VrApi   : FPS=90/90,Prd=42ms,Tear=0,Early=88,Stale=0,VSnc=1,Lat=1,Fov=4,CPU4/GPU=4/4,1478/525MHz,OC=FF,TA=0/0/0,SP=N/N/N,Mem=2092MHz,Free=7519MB,PLS=0,Temp=20.2C/0.0C,TW=0.81ms,App=6.43ms,GD=0.00ms,CPU&GPU=8.52ms,LCnt=1(DR90,LM0),GPU%=0.67,CPU%=0.24(W0.32),DSF=1.00,CFL=17.28/21.03
12-30 16:33:44.012  9470 15865 I VrApi   : FPS=90/90,Prd=42ms,Tear=0,Early=90,Stale=0,VSnc=1,Lat=1,Fov=4,CPU4/GPU=4/4,1478/525MHz,OC=FF,TA=0/0/0,SP=N/N/N,Mem=2092MHz,Free=7519MB,PLS=0,Temp=20.2C/0.0C,TW=0.81ms,App=6.21ms,GD=0.00ms,CPU&GPU=8.97ms,LCnt=1(DR90,LM0),GPU%=0.65,CPU%=0.21(W0.32),DSF=1.00,CFL=17.44/21.29
12-30 16:33:45.011  9470 15865 I VrApi   : FPS=90/90,Prd=42ms,Tear=0,Early=90,Stale=0,VSnc=1,Lat=1,Fov=4,CPU4/GPU=4/4,1478/525MHz,OC=FF,TA=0/0/0,SP=N/N/N,Mem=2092MHz,Free=7519MB,PLS=0,Temp=20.2C/0.0C,TW=0.81ms,App=6.20ms,GD=0.00ms,CPU&GPU=8.91ms,LCnt=1(DR90,LM0),GPU%=0.64,CPU%=0.24(W0.32),DSF=1.00,CFL=17.40/21.17
12-30 16:33:46.011  9470 15865 I VrApi   : FPS=90/90,Prd=42ms,Tear=0,Early=88,Stale=0,VSnc=1,Lat=1,Fov=4,CPU4/GPU=4/4,1478/525MHz,OC=FF,TA=0/0/0,SP=N/N/N,Mem=2092MHz,Free=7519MB,PLS=0,Temp=20.2C/0.0C,TW=0.82ms,App=6.10ms,GD=0.00ms,CPU&GPU=8.93ms,LCnt=1(DR90,LM0),GPU%=0.65,CPU%=0.22(W0.29),DSF=1.00,CFL=17.29/21.03
12-30 16:33:47.011  9470 15865 I VrApi   : FPS=90/90,Prd=42ms,Tear=0,Early=88,Stale=0,VSnc=1,Lat=1,Fov=4,CPU4/GPU=4/4,1478/525MHz,OC=FF,TA=0/0/0,SP=N/N/N,Mem=2092MHz,Free=7519MB,PLS=0,Temp=20.2C/0.0C,TW=0.78ms,App=6.94ms,GD=0.00ms,CPU&GPU=8.86ms,LCnt=1(DR90,LM0),GPU%=0.68,CPU%=0.18(W0.29),DSF=1.00,CFL=17.29/21.50
12-30 16:33:48.011  9470 15865 I VrApi   : FPS=90/90,Prd=42ms,Tear=0,Early=89,Stale=0,VSnc=1,Lat=1,Fov=4,CPU4/GPU=4/4,1478/525MHz,OC=FF,TA=0/0/0,SP=N/N/N,Mem=2092MHz,Free=7519MB,PLS=0,Temp=20.2C/0.0C,TW=0.83ms,App=6.27ms,GD=0.00ms,CPU&GPU=9.17ms,LCnt=1(DR90,LM0),GPU%=0.65,CPU%=0.21(W0.35),DSF=1.00,CFL=17.22/20.77
12-30 16:33:49.012  9470 15865 I VrApi   : FPS=90/90,Prd=42ms,Tear=0,Early=88,Stale=0,VSnc=1,Lat=1,Fov=4,CPU4/GPU=4/4,1478/525MHz,OC=FF,TA=0/0/0,SP=N/N/N,Mem=2092MHz,Free=7519MB,PLS=0,Temp=20.2C/0.0C,TW=0.82ms,App=6.66ms,GD=0.00ms,CPU&GPU=8.84ms,LCnt=1(DR90,LM0),GPU%=0.68,CPU%=0.23(W0.33),DSF=1.00,CFL=17.33/20.98
12-30 16:33:50.012  9470 15865 I VrApi   : FPS=90/90,Prd=42ms,Tear=0,Early=88,Stale=0,VSnc=1,Lat=1,Fov=4,CPU4/GPU=4/4,1478/525MHz,OC=FF,TA=0/0/0,SP=N/N/N,Mem=2092MHz,Free=7519MB,PLS=0,Temp=20.2C/0.0C,TW=0.78ms,App=6.31ms,GD=0.00ms,CPU&GPU=9.34ms,LCnt=1(DR90,LM0),GPU%=0.66,CPU%=0.19(W0.25),DSF=1.00,CFL=17.35/20.89
12-30 16:33:51.011  9470 15865 I VrApi   : FPS=90/90,Prd=42ms,Tear=0,Early=89,Stale=0,VSnc=1,Lat=1,Fov=4,CPU4/GPU=4/4,1478/525MHz,OC=FF,TA=0/0/0,SP=N/N/N,Mem=2092MHz,Free=7519MB,PLS=0,Temp=20.2C/0.0C,TW=0.78ms,App=6.75ms,GD=0.00ms,CPU&GPU=8.90ms,LCnt=1(DR90,LM0),GPU%=0.70,CPU%=0.25(W0.32),DSF=1.00,CFL=17.29/21.38
12-30 16:33:52.012  9470 15865 I VrApi   : FPS=90/90,Prd=42ms,Tear=0,Early=90,Stale=0,VSnc=1,Lat=1,Fov=4,CPU4/GPU=4/4,1478/525MHz,OC=FF,TA=0/0/0,SP=N/N/N,Mem=2092MHz,Free=7519MB,PLS=0,Temp=20.2C/0.0C,TW=0.81ms,App=6.42ms,GD=0.00ms,CPU&GPU=8.98ms,LCnt=1(DR90,LM0),GPU%=0.66,CPU%=0.24(W0.30),DSF=1.00,CFL=17.24/20.78
12-30 16:33:53.012  9470 15865 I VrApi   : FPS=90/90,Prd=42ms,Tear=0,Early=90,Stale=0,VSnc=1,Lat=1,Fov=4,CPU4/GPU=4/4,1478/525MHz,OC=FF,TA=0/0/0,SP=N/N/N,Mem=2092MHz,Free=7519MB,PLS=0,Temp=20.2C/0.0C,TW=0.81ms,App=6.60ms,GD=0.00ms,CPU&GPU=8.80ms,LCnt=1(DR90,LM0),GPU%=0.65,CPU%=0.21(W0.32),DSF=1.00,CFL=17.18/21.01
12-30 16:33:54.012  9470 15865 I VrApi   : FPS=90/90,Prd=42ms,Tear=0,Early=90,Stale=0,VSnc=1,Lat=1,Fov=4,CPU4/GPU=4/4,1478/525MHz,OC=FF,TA=0/0/0,SP=N/N/N,Mem=2092MHz,Free=7519MB,PLS=0,Temp=20.2C/0.0C,TW=0.84ms,App=6.67ms,GD=0.00ms,CPU&GPU=9.28ms,LCnt=1(DR90,LM0),GPU%=0.68,CPU%=0.25(W0.30),DSF=1.00,CFL=17.40/21.43
12-30 16:33:55.013  9470 15865 I VrApi   : FPS=90/90,Prd=42ms,Tear=0,Early=90,Stale=0,VSnc=1,Lat=1,Fov=4,CPU4/GPU=4/4,1478/525MHz,OC=FF,TA=0/0/0,SP=N/N/N,Mem=2092MHz,Free=7519MB,PLS=0,Temp=20.2C/0.0C,TW=0.81ms,App=6.72ms,GD=0.00ms,CPU&GPU=8.94ms,LCnt=1(DR90,LM0),GPU%=0.67,CPU%=0.19(W0.32),DSF=1.00,CFL=17.16/20.78
12-30 16:33:56.012  9470 15865 I VrApi   : FPS=90/90,Prd=42ms,Tear=0,Early=90,Stale=0,VSnc=1,Lat=1,Fov=4,CPU4/GPU=4/4,1478/525MHz,OC=FF,TA=0/0/0,SP=N/N/N,Mem=2092MHz,Free=7519MB,PLS=0,Temp=20.2C/0.0C,TW=0.79ms,App=6.07ms,GD=0.00ms,CPU&GPU=8.76ms,LCnt=1(DR90,LM0),GPU%=0.62,CPU%=0.23(W0.26),DSF=1.00,CFL=17.37/21.09
12-30 16:33:57.012  9470 15865 I VrApi   : FPS=90/90,Prd=42ms,Tear=0,Early=89,Stale=0,VSnc=1,Lat=1,Fov=4,CPU4/GPU=4/4,1478/525MHz,OC=FF,TA=0/0/0,SP=N/N/N,Mem=2092MHz,Free=7519MB,PLS=0,Temp=20.2C/0.0C,TW=0.80ms,App=6.17ms,GD=0.00ms,CPU&GPU=8.68ms,LCnt=1(DR90,LM0),GPU%=0.69,CPU%=0.22(W0.38),DSF=1.00,CFL=17.24/20.84
12-30 16:33:58.013  9470 15865 I VrApi   : FPS=90/90,Prd=42ms,Tear=0,Early=90,Stale=0,VSnc=1,Lat=1,Fov=4,CPU4/GPU=4/4,1478/525MHz,OC=FF,TA=0/0/0,SP=N/N/N,Mem=2092MHz,Free=7519MB,PLS=0,Temp=20.2C/0.0C,TW=0.80ms,App=6.35ms,GD=0.00ms,CPU&GPU=9.24ms,LCnt=1(DR90,LM0),GPU%=0.64,CPU%=0.21(W0.30),DSF=1.00,CFL=17.34/20.77
12-30 16:33:59.012  9470 15865 I VrApi   : FPS=90/90,Prd=42ms,Tear=0,Early=89,Stale=0,VSnc=1,Lat=1,Fov=4,CPU4/GPU=4/4,1478/525MHz,OC=FF,TA=0/0/0,SP=N/N/N,Mem=2092MHz,Free=7519MB,PLS=0,Temp=20.2C/0.0C,TW=0.82ms,App=6.25ms,GD=0.00ms,CPU&GPU=8.85ms,LCnt=1(DR90,LM0),GPU%=0.63,CPU%=0.21(W0.26),DSF=1.00,CFL=17.28/21.03
12-30 16:34:00.017  9470 15865 I VrApi   : FPS=90/90,Prd=42ms,Tear=0,Early=90,Stale=0,VSnc=1,Lat=1,Fov=4,CPU4/GPU=4/4,1478/525MHz,OC=FF,TA=0/0/0,SP=N/N/N,Mem=2092MHz,Free=7519MB,PLS=0,Temp=20.2C/0.0C,TW=0.80ms,App=5.88ms,GD=0.00ms,CPU&GPU=8.66ms,LCnt=1(DR90,LM0),GPU%=0.62,CPU%=0.24(W0.36),DSF=1.00,CFL=17.31/21.02
12-30 16:34:01.012  9470 15865 I VrApi   : FPS=90/90,Prd=42ms,Tear=0,Early=90,Stale=0,VSnc=1,Lat=1,Fov=4,CPU4/GPU=4/4,1478/525MHz,OC=FF,TA=0/0/0,SP=N/N/N,Mem=2092MHz,Free=7519MB,PLS=0,Temp=20.2C/0.0C,TW=0.81ms,App=6.65ms,GD=0.00ms,CPU&GPU=8.77ms,LCnt=1(DR90,LM0),GPU%=0.62,CPU%=0.29(W0.33),DSF=1.00,CFL=17.39/21.38
12-30 16:34:02.025  9470 15865 I VrApi   : FPS=89/90,Prd=42ms,Tear=0,Early=85,Stale=1,VSnc=1,Lat=1,Fov=4,CPU4/GPU=4/4,1478/525MHz,OC=FF,TA=0/0/0,SP=N/N/N,Mem=2092MHz,Free=7520MB,PLS=0,Temp=20.2C/0.0C,TW=0.83ms,App=6.77ms,GD=0.00ms,CPU&GPU=9.34ms,LCnt=1(DR90,LM0),GPU%=0.70,CPU%=0.21(W0.26),DSF=1.00,CFL=17.33/21.23
12-30 16:34:03.013  9470 15865 I VrApi   : FPS=90/90,Prd=42ms,Tear=0,Early=80,Stale=0,VSnc=1,Lat=1,Fov=4,CPU4/GPU=4/4,1478/525MHz,OC=FF,TA=0/0/0,SP=N/N/N,Mem=2092MHz,Free=7520MB,PLS=0,Temp=20.2C/0.0C,TW=0.82ms,App=6.53ms,GD=0.00ms,CPU&GPU=9.64ms,LCnt=1(DR90,LM0),GPU%=0.69,CPU%=0.27(W0.33),DSF=1.00,CFL=17.23/21.07
12-30 16:34:04.012  9470 15865 I VrApi   : FPS=90/90,Prd=42ms,Tear=0,Early=84,Stale=0,VSnc=1,Lat=1,Fov=4,CPU4/GPU=4/4,1478/525MHz,OC=FF,TA=0/0/0,SP=N/N/N,Mem=2092MHz,Free=7520MB,PLS=0,Temp=20.2C/0.0C,TW=0.80ms,App=6.39ms,GD=0.00ms,CPU&GPU=9.42ms,LCnt=1(DR90,LM0),GPU%=0.67,CPU%=0.26(W0.36),DSF=1.00,CFL=17.43/20.74
12-30 16:34:05.012  9470 15865 I VrApi   : FPS=90/90,Prd=42ms,Tear=0,Early=89,Stale=0,VSnc=1,Lat=1,Fov=4,CPU4/GPU=4/4,1478/525MHz,OC=FF,TA=0/0/0,SP=N/N/N,Mem=2092MHz,Free=7520MB,PLS=0,Temp=20.2C/0.0C,TW=0.78ms,App=6.79ms,GD=0.00ms,CPU&GPU=9.17ms,LCnt=1(DR90,LM0),GPU%=0.69,CPU%=0.28(W0.32),DSF=1.00,CFL=17.20/21.56
12-30 16:34:06.015  9470 15865 I VrApi   : FPS=90/90,Prd=42ms,Tear=0,Early=89,Stale=0,VSnc=1,Lat=1,Fov=4,CPU4/GPU=4/4,1478/525MHz,OC=FF,TA=0/0/0,SP=N/N/N,Mem=2092MHz,Free=7520MB,PLS=0,Temp=20.2C/0.0C,TW=0.78ms,App=6.76ms,GD=0.00ms,CPU&GPU=9.37ms,LCnt=1(DR90,LM0),GPU%=0.67,CPU%=0.29(W0.35),DSF=1.00,CFL=17.30/20.80
12-30 16:34:07.012  9470 15865 I VrApi   : FPS=90/90,Prd=42ms,Tear=0,Early=90,Stale=0,VSnc=1,Lat=1,Fov=4,CPU4/GPU=4/4,1478/525MHz,OC=FF,TA=0/0/0,SP=N/N/N,Mem=2092MHz,Free=7520MB,PLS=0,Temp=20.2C/0.0C,TW=0.81ms,App=6.72ms,GD=0.00ms,CPU&GPU=9.56ms,LCnt=1(DR90,LM0),GPU%=0.68,CPU%=0.23(W0.33),DSF=1.00,CFL=17.27/21.82
12-30 16:34:08.013  9470 15865 I VrApi   : FPS=90/90,Prd=42ms,Tear=0,Early=84,Stale=0,VSnc=1,Lat=1,Fov=4,CPU4/GPU=4/4,1478/525MHz,OC=FF,TA=0/0/0,SP=N/N/N,Mem=2092MHz,Free=7520MB,PLS=0,Temp=20.2C/0.0C,TW=0.80ms,App=6.24ms,GD=0.00ms,CPU&GPU=9.54ms,LCnt=1(DR90,LM0),GPU%=0.65,CPU%=0.25(W0.30),DSF=1.00,CFL=17.32/20.49
12-30 16:34:09.013  9470 15865 I VrApi   : FPS=90/90,Prd=42ms,Tear=0,Early=89,Stale=0,VSnc=1,Lat=1,Fov=4,CPU4/GPU=4/4,1478/525MHz,OC=FF,TA=0/0/0,SP=N/N/N,Mem=2092MHz,Free=7520MB,PLS=0,Temp=20.2C/0.0C,TW=0.82ms,App=6.43ms,GD=0.00ms,CPU&GPU=9.09ms,LCnt=1(DR90,LM0),GPU%=0.68,CPU%=0.23(W0.33),DSF=1.00,CFL=17.33/21.12
12-30 16:34:10.013  9470 15865 I VrApi   : FPS=90/90,Prd=42ms,Tear=0,Early=88,Stale=0,VSnc=1,Lat=1,Fov=4,CPU4/GPU=4/4,1478/525MHz,OC=FF,TA=0/0/0,SP=N/N/N,Mem=2092MHz,Free=7520MB,PLS=0,Temp=20.2C/0.0C,TW=0.78ms,App=6.98ms,GD=0.00ms,CPU&GPU=9.53ms,LCnt=1(DR90,LM0),GPU%=0.71,CPU%=0.21(W0.26),DSF=1.00,CFL=17.13/21.06
12-30 16:34:11.013  9470 15865 I VrApi   : FPS=90/90,Prd=42ms,Tear=0,Early=89,Stale=0,VSnc=1,Lat=1,Fov=4,CPU4/GPU=4/4,1478/525MHz,OC=FF,TA=0/0/0,SP=N/N/N,Mem=2092MHz,Free=7520MB,PLS=0,Temp=20.2C/0.0C,TW=0.82ms,App=6.70ms,GD=0.00ms,CPU&GPU=9.72ms,LCnt=1(DR90,LM0),GPU%=0.70,CPU%=0.21(W0.26),DSF=1.00,CFL=17.27/20.92
12-30 16:34:12.013  9470 15865 I VrApi   : FPS=90/90,Prd=42ms,Tear=0,Early=90,Stale=0,VSnc=1,Lat=1,Fov=4,CPU4/GPU=4/4,1478/525MHz,OC=FF,TA=0/0/0,SP=N/N/N,Mem=2092MHz,Free=7520MB,PLS=0,Temp=20.2C/0.0C,TW=0.81ms,App=6.40ms,GD=0.00ms,CPU&GPU=9.32ms,LCnt=1(DR90,LM0),GPU%=0.65,CPU%=0.24(W0.29),DSF=1.00,CFL=17.48/21.42
12-30 16:34:13.013  9470 15865 I VrApi   : FPS=90/90,Prd=42ms,Tear=0,Early=90,Stale=0,VSnc=1,Lat=1,Fov=4,CPU4/GPU=4/4,1478/525MHz,OC=FF,TA=0/0/0,SP=N/N/N,Mem=2092MHz,Free=7520MB,PLS=0,Temp=20.2C/0.0C,TW=0.79ms,App=6.78ms,GD=0.00ms,CPU&GPU=9.10ms,LCnt=1(DR90,LM0),GPU%=0.68,CPU%=0.25(W0.33),DSF=1.00,CFL=17.35/20.84
12-30 16:34:14.013  9470 15865 I VrApi   : FPS=90/90,Prd=42ms,Tear=0,Early=89,Stale=0,VSnc=1,Lat=1,Fov=4,CPU4/GPU=4/4,1478/525MHz,OC=FF,TA=0/0/0,SP=N/N/N,Mem=2092MHz,Free=7520MB,PLS=0,Temp=20.5C/0.0C,TW=0.78ms,App=6.69ms,GD=0.00ms,CPU&GPU=9.43ms,LCnt=1(DR90,LM0),GPU%=0.69,CPU%=0.24(W0.32),DSF=1.00,CFL=17.19/21.69
12-30 16:34:15.013  9470 15865 I VrApi   : FPS=90/90,Prd=42ms,Tear=0,Early=89,Stale=0,VSnc=1,Lat=1,Fov=4,CPU4/GPU=4/4,1478/525MHz,OC=FF,TA=0/0/0,SP=N/N/N,Mem=2092MHz,Free=7520MB,PLS=0,Temp=20.5C/0.0C,TW=0.80ms,App=7.01ms,GD=0.00ms,CPU&GPU=9.13ms,LCnt=1(DR90,LM0),GPU%=0.71,CPU%=0.18(W0.25),DSF=1.00,CFL=17.12/20.41
12-30 16:34:16.013  9470 15865 I VrApi   : FPS=90/90,Prd=42ms,Tear=0,Early=90,Stale=0,VSnc=1,Lat=1,Fov=4,CPU4/GPU=4/4,1478/525MHz,OC=FF,TA=0/0/0,SP=N/N/N,Mem=2092MHz,Free=7520MB,PLS=0,Temp=20.5C/0.0C,TW=0.81ms,App=6.85ms,GD=0.00ms,CPU&GPU=9.57ms,LCnt=1(DR90,LM0),GPU%=0.70,CPU%=0.22(W0.27),DSF=1.00,CFL=17.27/21.27
12-30 16:34:17.013  9470 15865 I VrApi   : FPS=90/90,Prd=42ms,Tear=0,Early=89,Stale=0,VSnc=1,Lat=1,Fov=4,CPU4/GPU=4/4,1478/525MHz,OC=FF,TA=0/0/0,SP=N/N/N,Mem=2092MHz,Free=7520MB,PLS=0,Temp=20.5C/0.0C,TW=0.82ms,App=4.79ms,GD=0.00ms,CPU&GPU=9.21ms,LCnt=1(DR90,LM0),GPU%=0.54,CPU%=0.22(W0.32),DSF=1.00,CFL=17.53/20.98
12-30 16:34:18.013  9470 15865 I VrApi   : FPS=90/90,Prd=42ms,Tear=0,Early=89,Stale=0,VSnc=1,Lat=1,Fov=4,CPU4/GPU=4/4,1478/525MHz,OC=FF,TA=0/0/0,SP=N/N/N,Mem=2092MHz,Free=7520MB,PLS=0,Temp=20.5C/0.0C,TW=0.80ms,App=4.95ms,GD=0.00ms,CPU&GPU=7.40ms,LCnt=1(DR90,LM0),GPU%=0.54,CPU%=0.19(W0.27),DSF=1.00,CFL=17.37/20.98
12-30 16:34:19.017  9470 15865 I VrApi   : FPS=90/90,Prd=42ms,Tear=0,Early=89,Stale=0,VSnc=1,Lat=1,Fov=4,CPU4/GPU=4/4,1478/525MHz,OC=FF,TA=0/0/0,SP=N/N/N,Mem=2092MHz,Free=7520MB,PLS=0,Temp=20.5C/0.0C,TW=0.75ms,App=5.10ms,GD=0.00ms,CPU&GPU=7.50ms,LCnt=1(DR90,LM0),GPU%=0.55,CPU%=0.23(W0.24),DSF=1.00,CFL=17.21/20.53
12-30 16:34:20.013  9470 15865 I VrApi   : FPS=90/90,Prd=42ms,Tear=0,Early=90,Stale=0,VSnc=1,Lat=1,Fov=4,CPU4/GPU=4/4,1478/525MHz,OC=FF,TA=0/0/0,SP=N/N/N,Mem=2092MHz,Free=7520MB,PLS=0,Temp=20.5C/0.0C,TW=0.77ms,App=5.05ms,GD=0.00ms,CPU&GPU=7.68ms,LCnt=1(DR90,LM0),GPU%=0.55,CPU%=0.21(W0.25),DSF=1.00,CFL=17.29/21.10
12-30 16:34:21.013  9470 15865 I VrApi   : FPS=90/90,Prd=42ms,Tear=0,Early=90,Stale=0,VSnc=1,Lat=1,Fov=4,CPU4/GPU=4/4,1478/525MHz,OC=FF,TA=0/0/0,SP=N/N/N,Mem=2092MHz,Free=7520MB,PLS=0,Temp=20.5C/0.0C,TW=0.80ms,App=3.74ms,GD=0.00ms,CPU&GPU=7.44ms,LCnt=1(DR90,LM0),GPU%=0.44,CPU%=0.13(W0.20),DSF=1.00,CFL=17.20/21.04
12-30 16:34:22.026  9470 15865 I VrApi   : FPS=90/90,Prd=42ms,Tear=0,Early=90,Stale=0,VSnc=1,Lat=1,Fov=4,CPU4/GPU=4/4,1478/525MHz,OC=FF,TA=0/0/0,SP=N/N/N,Mem=2092MHz,Free=7521MB,PLS=0,Temp=20.5C/0.0C,TW=0.76ms,App=4.73ms,GD=0.00ms,CPU&GPU=6.62ms,LCnt=1(DR90,LM0),GPU%=0.52,CPU%=0.19(W0.21),DSF=1.00,CFL=17.31/20.83
12-30 16:34:22.734  9470  9498 I VrApi   : vrapi_SetDisplayRefreshRate: display refresh rate supported 90.000000
12-30 16:34:23.013  9470 15865 I VrApi   : FPS=90/90,Prd=42ms,Tear=0,Early=90,Stale=0,VSnc=1,Lat=1,Fov=0,CPU4/GPU=4/4,1478/525MHz,OC=FF,TA=0/0/0,SP=N/N/N,Mem=1555MHz,Free=7521MB,PLS=0,Temp=20.5C/0.0C,TW=0.74ms,App=5.48ms,GD=0.00ms,CPU&GPU=7.37ms,LCnt=1(DR90,LM0),GPU%=0.59,CPU%=0.20(W0.23),DSF=1.00,CFL=17.39/21.40
12-30 16:34:24.014  9470 15865 I VrApi   : FPS=90/90,Prd=42ms,Tear=0,Early=90,Stale=0,VSnc=1,Lat=1,Fov=0,CPU4/GPU=4/4,1478/525MHz,OC=FF,TA=0/0/0,SP=N/N/N,Mem=2092MHz,Free=7521MB,PLS=0,Temp=20.5C/0.0C,TW=0.65ms,App=5.45ms,GD=0.00ms,CPU&GPU=8.13ms,LCnt=1(DR90,LM0),GPU%=0.06,CPU%=0.34(W0.65),DSF=1.00,CFL=17.32/21.80
12-30 16:34:25.013  9470 15865 I VrApi   : FPS=48/90,Prd=41ms,Tear=0,Early=43,Stale=44,VSnc=1,Lat=1,Fov=0,CPU4/GPU=4/4,1478/525MHz,OC=FF,TA=0/0/0,SP=N/N/N,Mem=2092MHz,Free=7521MB,PLS=0,Temp=20.5C/0.0C,TW=1.07ms,App=5.69ms,GD=0.00ms,CPU&GPU=8.83ms,LCnt=1(DR90,LM0),GPU%=0.67,CPU%=0.21(W0.29),DSF=1.00,CFL=17.27/21.62
12-30 16:34:26.014  9470 15865 I VrApi   : FPS=90/90,Prd=42ms,Tear=0,Early=90,Stale=0,VSnc=1,Lat=1,Fov=0,CPU4/GPU=4/4,1478/525MHz,OC=FF,TA=0/0/0,SP=N/N/N,Mem=2092MHz,Free=7521MB,PLS=0,Temp=20.5C/0.0C,TW=1.10ms,App=5.06ms,GD=0.00ms,CPU&GPU=7.80ms,LCnt=1(DR90,LM0),GPU%=0.58,CPU%=0.20(W0.35),DSF=1.00,CFL=17.27/21.11
12-30 16:34:27.014  9470 15865 I VrApi   : FPS=90/90,Prd=42ms,Tear=0,Early=90,Stale=0,VSnc=1,Lat=1,Fov=0,CPU4/GPU=4/4,1478/525MHz,OC=FF,TA=0/0/0,SP=N/N/N,Mem=2092MHz,Free=7521MB,PLS=0,Temp=20.5C/0.0C,TW=1.07ms,App=5.10ms,GD=0.00ms,CPU&GPU=7.53ms,LCnt=1(DR90,LM0),GPU%=0.58,CPU%=0.16(W0.21),DSF=1.00,CFL=17.29/21.28
12-30 16:34:28.014  9470 15865 I VrApi   : FPS=90/90,Prd=42ms,Tear=0,Early=90,Stale=0,VSnc=1,Lat=1,Fov=0,CPU4/GPU=4/4,1478/525MHz,OC=FF,TA=0/0/0,SP=N/N/N,Mem=2092MHz,Free=7521MB,PLS=0,Temp=20.5C/0.0C,TW=1.01ms,App=5.12ms,GD=0.00ms,CPU&GPU=7.58ms,LCnt=1(DR90,LM0),GPU%=0.58,CPU%=0.14(W0.20),DSF=1.00,CFL=17.35/20.85
12-30 16:34:29.014  9470 15865 I VrApi   : FPS=90/90,Prd=42ms,Tear=0,Early=90,Stale=0,VSnc=1,Lat=1,Fov=0,CPU4/GPU=4/4,1478/525MHz,OC=FF,TA=0/0/0,SP=N/N/N,Mem=2092MHz,Free=7521MB,PLS=0,Temp=20.5C/0.0C,TW=1.03ms,App=5.55ms,GD=0.00ms,CPU&GPU=7.60ms,LCnt=1(DR90,LM0),GPU%=0.47,CPU%=0.25(W0.35),DSF=1.00,CFL=17.26/20.77
12-30 16:34:30.014  9470 15865 I VrApi   : FPS=87/90,Prd=42ms,Tear=0,Early=70,Stale=4,VSnc=1,Lat=1,Fov=0,CPU4/GPU=4/4,1478/525MHz,OC=FF,TA=0/0/0,SP=N/N/N,Mem=2092MHz,Free=7521MB,PLS=0,Temp=20.5C/0.0C,TW=1.11ms,App=5.46ms,GD=0.00ms,CPU&GPU=8.35ms,LCnt=1(DR90,LM0),GPU%=0.61,CPU%=0.23(W0.26),DSF=1.00,CFL=17.28/21.15
12-30 16:34:31.015  9470 15865 I VrApi   : FPS=90/90,Prd=42ms,Tear=0,Early=89,Stale=0,VSnc=1,Lat=1,Fov=0,CPU4/GPU=4/4,1478/525MHz,OC=FF,TA=0/0/0,SP=N/N/N,Mem=2092MHz,Free=7521MB,PLS=0,Temp=20.5C/0.0C,TW=1.14ms,App=5.87ms,GD=0.00ms,CPU&GPU=7.90ms,LCnt=1(DR90,LM0),GPU%=0.63,CPU%=0.27(W0.33),DSF=1.00,CFL=17.29/20.67
12-30 16:34:32.014  9470 15865 I VrApi   : FPS=90/90,Prd=42ms,Tear=0,Early=89,Stale=0,VSnc=1,Lat=1,Fov=0,CPU4/GPU=4/4,1478/525MHz,OC=FF,TA=0/0/0,SP=N/N/N,Mem=2092MHz,Free=7521MB,PLS=0,Temp=20.5C/0.0C,TW=1.06ms,App=4.46ms,GD=0.00ms,CPU&GPU=7.86ms,LCnt=1(DR90,LM0),GPU%=0.52,CPU%=0.16(W0.21),DSF=1.00,CFL=17.25/20.78
12-30 16:34:33.015  9470 15865 I VrApi   : FPS=90/90,Prd=42ms,Tear=0,Early=90,Stale=0,VSnc=1,Lat=1,Fov=0,CPU4/GPU=4/4,1478/525MHz,OC=FF,TA=0/0/0,SP=N/N/N,Mem=2092MHz,Free=7521MB,PLS=0,Temp=20.5C/0.0C,TW=1.04ms,App=4.64ms,GD=0.00ms,CPU&GPU=6.80ms,LCnt=1(DR90,LM0),GPU%=0.52,CPU%=0.12(W0.21),DSF=1.00,CFL=17.35/21.27
12-30 16:34:34.014  9470 15865 I VrApi   : FPS=90/90,Prd=42ms,Tear=0,Early=90,Stale=0,VSnc=1,Lat=1,Fov=0,CPU4/GPU=4/4,1478/525MHz,OC=FF,TA=0/0/0,SP=N/N/N,Mem=2092MHz,Free=7521MB,PLS=0,Temp=20.7C/0.0C,TW=1.81ms,App=4.59ms,GD=0.00ms,CPU&GPU=7.16ms,LCnt=2(DR85,LM0),GPU%=0.58,CPU%=0.20(W0.29),DSF=1.00,CFL=17.24/20.53
12-30 16:34:34.356  2228  2692 D VrApi   : targetSDKVersion 29
12-30 16:34:34.378  2228  2692 I VrApi   : OVR::Stats thread started
12-30 16:34:34.399  2228 15997 D VrApi   : targetSDKVersion 29
12-30 16:34:34.475  9470  9550 I VrApi   : ---------- vrapi_LeaveVrMode [start] ----------
12-30 16:34:34.490  9470  9550 D VrApi   : targetSDKVersion 29
12-30 16:34:34.519  9470 15865 I VrApi   : FPS=90/90,Prd=42ms,Tear=0,Early=90,Stale=0,VSnc=1,Lat=1,Fov=0,CPU4/GPU=4/4,2419/525MHz,OC=FF,TA=0/0/0,SP=N/N/N,Mem=2092MHz,Free=7521MB,PLS=0,Temp=20.7C/0.0C,TW=1.82ms,App=4.61ms,GD=0.00ms,CPU&GPU=7.60ms,LCnt=2(DR0,LM0),GPU%=0.61,CPU%=0.21(W0.25),DSF=1.00,CFL=17.39/20.80
12-30 16:34:34.522  9470  9550 I VrApi   : OVR::Stats thread stopped
12-30 16:34:34.534  9470  9550 I VrApi   : ---------- vrapi_LeaveVrMode [end] ----------
12-30 16:34:47.644  2228  2692 D VrApi   : targetSDKVersion 29
12-30 16:34:47.738  2228  2692 I VrApi   : OVR::Stats thread stopped
12-30 16:37:07.564  2228  2692 D VrApi   : targetSDKVersion 29
12-30 16:37:08.162  2228  2692 I VrApi   : OVR::Stats thread started
12-30 16:37:08.168  2228 16390 D VrApi   : targetSDKVersion 29
12-30 16:37:08.283  9470  9550 I VrApi   : ---------- vrapi_EnterVrMode [start] ----------
12-30 16:37:08.287  9470  9550 D VrApi   : targetSDKVersion 29
12-30 16:37:08.304  9470  9550 I VrApi   : ovrModeParms::VRAPI_MODE_FLAG_RESET_WINDOW_FULLSCREEN = 1
12-30 16:37:08.304  9470  9550 I VrApi   : ovrModeParms::VRAPI_MODE_FLAG_NATIVE_WINDOW = 1
12-30 16:37:08.304  9470  9550 I VrApi   : ovrModeParms::VRAPI_MODE_FLAG_FRONT_BUFFER_SRGB = 1
12-30 16:37:08.304  9470  9550 I VrApi   : ovrModeParms::VRAPI_MODE_FLAG_PHASE_SYNC = 0
12-30 16:37:08.304  9470  9550 I VrApi   : ovrModeParms::VRAPI_MODE_FLAG_APP_SPACE_WARP = 0
12-30 16:37:08.304  9470  9550 I VrApi   : PhaseSync disabled
12-30 16:37:08.304  9470  9550 I VrApi   : HMD sensor attached.
12-30 16:37:08.330  9470  9550 I VrApi   : Creating Default swapchain
12-30 16:37:08.330  9470  9550 I VrApi   : Creating Loading Icon swapchain
12-30 16:37:08.330  9470  9550 I VrApi   : OVR::Stats thread started
12-30 16:37:08.330  9470  9550 I VrApi   : Initial BaseVsync 55 
12-30 16:37:08.330  9470  9550 I VrApi   : ---------- vrapi_EnterVrMode [end] ----------
12-30 16:37:08.333  9470 16414 D VrApi   : targetSDKVersion 29
12-30 16:37:08.341  9470  9550 I VrApi   : ---------- vrapi_LeaveVrMode [start] ----------
12-30 16:37:08.343  9470  9550 D VrApi   : targetSDKVersion 29
12-30 16:37:09.003  9470  9550 I VrApi   : OVR::Stats thread stopped
12-30 16:37:09.005  9470  9550 I VrApi   : ---------- vrapi_LeaveVrMode [end] ----------
12-30 16:37:09.007  9470  9550 I VrApi   : ---------- vrapi_EnterVrMode [start] ----------
12-30 16:37:11.014  9470 16467 I VrApi   : FPS=89/90,Prd=42ms,Tear=0,Early=14,Stale=2,VSnc=1,Lat=1,Fov=0,CPU4/GPU=4/4,2419/525MHz,OC=FF,TA=0/0/0,SP=N/N/N,Mem=2092MHz,Free=7438MB,PLS=0,Temp=18.7C/0.0C,TW=3.73ms,App=4.70ms,GD=0.00ms,CPU&GPU=15.61ms,LCnt=5(DR0,LM2),GPU%=0.99,CPU%=0.21(W0.25),DSF=1.00,CFL=16.95/29.36
12-30 16:37:12.007  9470 16467 I VrApi   : FPS=90/90,Prd=42ms,Tear=0,Early=12,Stale=3,VSnc=1,Lat=1,Fov=0,CPU4/GPU=4/4,2419/525MHz,OC=FF,TA=0/0/0,SP=N/N/N,Mem=2092MHz,Free=7438MB,PLS=0,Temp=18.7C/0.0C,TW=3.75ms,App=5.02ms,GD=0.00ms,CPU&GPU=9.97ms,LCnt=5(DR0,LM2),GPU%=0.93,CPU%=0.21(W0.24),DSF=1.00,CFL=17.59/21.20
12-30 16:37:13.004  9470 16467 I VrApi   : FPS=81/90,Prd=43ms,Tear=0,Early=63,Stale=0,VSnc=1,Lat=1,Fov=0,CPU4/GPU=4/4,2419/525MHz,OC=FF,TA=0/0/0,SP=N/N/N,Mem=2092MHz,Free=7438MB,PLS=0,Temp=19.2C/0.0C,TW=3.37ms,App=4.46ms,GD=0.60ms,CPU&GPU=21.61ms,LCnt=5(DR0,LM2),GPU%=0.99,CPU%=0.20(W0.29),DSF=1.00,CFL=17.49/20.89
12-30 16:37:14.005  9470 16467 I VrApi   : FPS=90/90,Prd=42ms,Tear=0,Early=0,Stale=27,VSnc=1,Lat=1,Fov=0,CPU4/GPU=4/4,1478/525MHz,OC=FF,TA=0/0/0,SP=N/N/N,Mem=2092MHz,Free=7438MB,PLS=0,Temp=19.2C/0.0C,TW=2.91ms,App=5.11ms,GD=0.39ms,CPU&GPU=10.58ms,LCnt=5(DR0,LM4),GPU%=0.83,CPU%=0.26(W0.42),DSF=1.00,CFL=17.49/21.28
12-30 16:37:15.004  9470 16467 I VrApi   : FPS=90/90,Prd=42ms,Tear=0,Early=45,Stale=0,VSnc=1,Lat=1,Fov=0,CPU4/GPU=4/4,1478/525MHz,OC=FF,TA=0/0/0,SP=N/N/N,Mem=2092MHz,Free=7438MB,PLS=0,Temp=19.2C/0.0C,TW=3.27ms,App=4.96ms,GD=0.17ms,CPU&GPU=11.18ms,LCnt=5(DR0,LM4),GPU%=0.96,CPU%=0.23(W0.33),DSF=1.00,CFL=17.46/21.54
12-30 16:37:16.006  9470 16467 I VrApi   : FPS=90/90,Prd=42ms,Tear=0,Early=8,Stale=0,VSnc=1,Lat=1,Fov=0,CPU4/GPU=4/4,1478/525MHz,OC=FF,TA=0/0/0,SP=N/N/N,Mem=2092MHz,Free=7438MB,PLS=0,Temp=19.2C/0.0C,TW=3.30ms,App=4.13ms,GD=0.38ms,CPU&GPU=13.93ms,LCnt=5(DR0,LM4),GPU%=0.99,CPU%=0.25(W0.32),DSF=1.00,CFL=17.51/21.21
