64350.21 254398.13
64351.21 254405.90
64352.21 254413.74
64353.21 254421.46
64354.21 254429.14
64355.21 254436.80
64356.21 254444.55
64357.21 254451.70
64358.20 254455.97
64359.20 254459.58
64360.20 254463.38
64361.20 254467.72
64362.20 254472.60
64363.21 254477.76
64364.21 254482.34
64365.22 254487.21
64366.21 254492.59
64368.22 254501.85
64369.21 254507.11
64370.20 254511.36
64371.21 254515.58
64372.21 254520.16
64373.21 254523.20
64374.20 254527.53
64375.21 254533.57
64376.20 254539.66
64377.20 254545.62
64378.22 254551.42
64379.22 254556.65
64380.22 254562.38
64381.21 254568.06
64382.21 254573.69
64383.21 254579.10
64384.21 254584.84
64385.21 254590.41
64386.21 254595.87
64387.21 254601.26
64388.21 254606.58
64389.20 254612.29
64392.20 254627.94
64393.22 254632.89
64394.21 254637.61
64395.21 254643.06
64396.21 254648.79
64397.19 254653.70
64398.20 254658.11
64399.24 254663.37
64400.20 254666.73
64401.20 254672.20
64402.21 254678.14
64403.20 254683.95
64404.20 254689.94
64405.21 254695.62
64406.23 254701.29
64407.22 254706.84
64408.21 254712.38
64409.22 254717.95
64410.22 254723.26
64411.22 254728.65
64412.22 254734.03
64413.22 254739.42
64414.21 254744.88
64415.22 254750.50
64416.22 254756.01
64417.22 254761.56
64418.21 254766.94
64419.22 254772.54
64420.22 254778.02
64421.22 254783.42
64422.23 254788.98
64423.22 254794.07
64424.21 254799.03
64425.22 254804.44
64426.22 254809.70
64427.21 254814.82
64428.22 254819.92
64429.22 254825.46
64430.22 254830.62
64431.22 254836.10
64432.21 254841.35
64433.22 254846.87
64434.22 254852.56
64435.23 254857.82
64436.22 254863.22
64437.22 254868.73
64438.22 254874.06
64439.22 254879.18
64440.22 254884.54
64441.22 254890.13
64442.21 254895.55
64443.22 254901.06
64444.22 254906.61
64445.22 254912.19
64446.23 254917.65
64447.21 254922.95
64448.22 254928.27
64449.22 254933.35
64450.22 254938.79
64451.22 254944.45
64452.23 254949.98
64453.22 254955.40
64454.22 254960.77
64455.20 254965.14
64456.20 254970.57
64457.20 254976.79
64458.20 254982.29
64459.21 254988.29
64460.20 254993.75
64461.21 254999.15
64462.22 255004.45
64463.20 255009.03
64464.21 255013.21
64465.23 255017.80
64466.23 255022.57
64467.22 255027.37
64468.22 255032.32
64469.23 255037.23
64470.23 255041.67
64471.22 255046.45
64472.22 255051.50
64473.23 255056.59
64474.22 255061.75
64475.23 255066.69
64476.21 255071.64
64477.23 255076.64
64478.23 255081.69
64479.23 255086.81
64480.22 255091.75
64481.23 255096.88
64482.23 255101.87
64483.24 255106.93
64484.23 255111.78
64485.23 255116.87
64486.23 255122.05
64487.23 255127.16
64488.22 255131.95
64489.23 255137.01
64490.23 255141.78
64491.23 255146.88
64492.24 255152.01
64493.22 255157.06
64494.23 255162.09
64495.23 255167.15
64496.22 255172.10
64497.22 255177.45
64498.22 255182.73
64499.23 255188.02
64500.22 255192.98
64501.22 255198.19
64502.23 255203.51
64503.24 255208.69
64504.22 255214.01
64505.23 255218.98
64506.23 255224.26
64507.24 255229.46
64508.22 255234.54
64509.22 255239.82
64510.23 255244.86
64511.22 255249.97
64512.22 255254.91
64513.23 255259.89
64514.21 255265.08
64515.22 255270.10
64516.23 255275.27
64517.23 255280.52
64518.24 255285.11
64519.22 255290.05
64520.23 255294.23
64521.23 255298.56
64522.23 255303.17
64523.22 255307.79
64524.23 255312.85
64525.24 255317.90
64526.22 255323.01
64527.23 255328.21
64528.23 255333.22
64529.22 255338.26
64530.23 255343.40
64531.23 255348.49
64532.22 255353.48
64533.23 255358.48
64534.23 255363.51
64535.23 255368.59
64536.22 255373.45
64537.23 255378.70
64538.22 255383.61
64539.23 255388.68
64540.23 255393.71
64541.23 255398.96
64542.22 255403.95
64543.23 255408.95
64544.23 255414.10
64545.22 255419.22
64546.21 255424.22
64547.22 255429.42
64548.22 255434.64
64549.23 255439.82
64550.22 255444.45
64551.23 255449.41
64552.22 255454.38
64553.22 255459.44
64554.23 255464.35
64555.24 255469.18
64556.22 255474.10
64557.23 255479.18
64558.23 255484.26
64559.23 255489.08
64560.23 255493.82
64561.23 255498.75
64562.24 255503.63
64563.22 255508.35
64564.22 255513.39
64565.23 255518.51
64566.23 255523.70
64567.21 255528.42
64568.22 255533.29
64569.23 255538.13
64570.23 255543.14
64571.23 255548.17
64572.22 255552.98
64573.22 255557.98
64574.23 255562.93
64575.23 255567.71
64576.22 255572.56
64577.23 255577.39
64578.23 255582.24
64579.23 255587.01
64580.22 255591.73
64581.23 255596.57
64582.23 255601.32
64583.23 255606.07
64584.22 255610.68
64585.22 255615.02
64586.23 255619.66
64587.23 255624.15
64588.22 255628.60
64589.23 255632.99
64590.23 255637.20
64591.22 255641.72
64592.23 255646.33
64593.23 255651.13
64594.23 255656.09
64595.22 255660.89
64596.23 255665.92
64597.23 255670.89
64598.23 255676.02
64599.23 255681.11
64600.23 255686.31
64601.21 255691.22
64602.23 255696.57
64603.24 255701.81
64604.23 255706.97
64605.23 255712.17
64606.21 255717.17
64607.22 255722.49
64608.24 255727.78
64609.21 255732.80
64610.23 255737.97
64611.23 255743.22
64612.23 255748.20
64613.23 255753.31
64614.23 255758.32
64615.23 255763.46
64616.23 255768.26
64617.23 255773.23
64618.23 255778.39
64619.22 255783.40
64620.23 255788.03
64621.23 255793.13
64622.24 255797.90
64623.22 255802.51
64624.23 255807.73
64625.23 255812.84
64626.23 255818.06
64627.22 255823.08
64628.23 255828.10
64629.23 255833.29
64630.22 255838.43
64631.23 255843.71
64632.22 255848.81
64633.22 255853.98
64634.22 255859.20
64635.22 255864.24
64636.23 255869.52
64637.23 255874.86
64638.23 255880.35
64639.22 255885.61
64640.23 255891.29
64641.23 255896.52
64642.23 255901.88
64643.23 255907.22
64644.23 255912.70
64645.23 255918.14
64646.24 255923.11
64647.23 255928.12
64648.23 255933.36
64649.21 255938.67
64650.23 255944.17
64651.23 255949.71
64652.23 255955.24
64653.24 255960.17
64654.23 255965.45
64655.23 255970.79
64656.23 255976.09
64657.24 255981.49
64658.23 255986.56
64659.23 255991.94
64660.23 255997.28
64661.23 256002.45
64662.23 256007.75
64663.23 256012.94
64664.22 256018.43
64665.22 256023.92
64666.22 256028.95
64667.21 256031.97
64668.22 256036.15
64669.21 256041.54
64670.22 256046.98
64671.21 256052.44
64672.23 256057.75
64673.23 256063.10
64674.23 256067.94
64675.23 256073.76
64676.23 256079.66
64677.23 256085.45
64678.23 256091.07
64679.23 256096.41
64680.23 256102.12
64681.23 256107.97
64682.23 256113.82
64683.23 256119.62
64684.23 256125.30
64685.23 256130.41
64686.22 256136.29
64687.23 256143.55
64688.23 256151.14
64689.23 256158.82
64690.23 256166.48
64691.22 256174.02
64692.23 256181.88
64693.22 256189.59
