19811.65 104290.42
19812.66 104294.28
19813.67 104298.56
19814.64 104302.57
19815.72 104307.04
19816.74 104311.25
19817.65 104314.89
19818.64 104318.73
19819.71 104323.21
19820.64 104326.99
19821.65 104330.97
19822.65 104334.85
19823.65 104339.04
19824.65 104343.25
19825.75 104347.88
19826.65 104351.44
19827.64 104355.47
19828.72 104359.93
19829.74 104364.04
19830.65 104367.87
19831.65 104371.88
19832.65 104376.01
19833.73 104380.28
19834.64 104384.15
19835.65 104388.26
19836.66 104392.49
19837.65 104396.63
19838.65 104400.88
19839.65 104405.08
19840.65 104409.41
19841.64 104413.33
19842.64 104417.47
19843.64 104421.45
19844.65 104425.50
19845.64 104429.51
19846.74 104433.85
19847.66 104437.48
19848.68 104441.53
19849.65 104445.66
19850.64 104449.66
19851.65 104453.60
19852.68 104457.86
19853.70 104462.06
19854.72 104465.98
19855.64 104469.72
19856.65 104474.08
19857.70 104478.48
19858.72 104482.85
19859.74 104487.22
19860.67 104491.00
19861.65 104495.03
19862.64 104498.93
19863.74 104503.75
19864.65 104507.68
19865.68 104512.23
19866.71 104516.47
19867.73 104520.72
19868.64 104524.34
19869.69 104528.44
19870.70 104532.71
19871.64 104536.42
19872.75 104540.75
19873.68 104544.05
19874.66 104547.48
19875.72 104551.21
19876.63 104554.26
19877.66 104558.10
19878.68 104561.51
19879.72 104565.11
19880.65 104568.34
19881.64 104571.47
19882.68 104574.65
19883.65 104577.51
19884.72 104580.75
19885.65 104583.37
19886.64 104586.11
19887.69 104589.07
19888.72 104591.98
19889.65 104594.50
19890.67 104597.40
19891.65 104600.14
19892.65 104602.82
19893.74 104605.90
19894.66 104608.56
19895.64 104611.24
19896.65 104613.99
19897.73 104616.91
19898.65 104619.48
19899.65 104622.19
19900.71 104625.28
19901.65 104627.81
19902.65 104630.52
19903.68 104633.29
19904.65 104635.86
19905.63 104638.52
19906.65 104641.24
19907.65 104644.02
19908.64 104646.81
19909.64 104649.88
19910.64 104653.20
19911.65 104655.87
19912.64 104659.40
19913.65 104664.33
19914.64 104669.11
19915.64 104674.15
19916.63 104678.83
19917.63 104682.86
19918.63 104688.18
19919.63 104693.26
19920.63 104698.49
19921.63 104703.85
19922.64 104709.11
19923.68 104714.45
19924.67 104719.57
19925.64 104724.19
19926.71 104729.62
19927.74 104734.87
19928.64 104739.32
19929.63 104742.99
19930.63 104747.77
19931.62 104753.23
19932.74 104759.50
19933.66 104764.91
19934.67 104770.36
19935.71 104775.66
19936.73 104781.44
19937.64 104785.32
19938.65 104789.44
19939.65 104794.70
19940.65 104800.26
19941.64 104805.97
19942.65 104811.63
19943.65 104817.01
19944.64 104822.48
19945.64 104827.68
19946.65 104833.23
19947.64 104838.77
19948.65 104844.24
19949.64 104849.75
19950.65 104855.15
19951.64 104860.40
19952.65 104865.99
19953.65 104871.74
19954.65 104877.55
19955.63 104883.19
19956.64 104888.78
19957.64 104894.41
19958.64 104900.00
19959.65 104905.63
19960.64 104911.41
19961.65 104917.25
19962.64 104922.98
19963.64 104928.80
19964.64 104934.41
19965.65 104940.24
19966.65 104946.01
19967.65 104951.71
19968.65 104957.64
19969.65 104963.45
19970.64 104969.03
19971.64 104974.95
19972.64 104980.75
19973.65 104986.61
19974.65 104992.13
19975.64 104997.87
19976.64 105003.95
19977.65 105009.94
19978.64 105015.73
19979.65 105021.44
19980.65 105027.20
19981.65 105032.70
19982.65 105038.42
19983.65 105044.14
19984.64 105049.81
19985.65 105055.64
19986.63 105061.29
19987.65 105066.99
19988.65 105072.69
19989.64 105078.64
19990.65 105084.55
19991.65 105090.39
19992.64 105096.24
19993.65 105102.23
19994.64 105108.20
19995.65 105113.99
19996.64 105119.69
19997.65 105125.56
19998.64 105131.18
19999.64 105136.99
20000.65 105142.81
20001.65 105148.37
20002.65 105154.39
20003.64 105160.17
20004.65 105165.67
20005.64 105171.28
20006.64 105177.12
20007.64 105183.00
20008.64 105188.95
20009.65 105194.90
20010.64 105200.90
20011.64 105206.79
20012.64 105212.55
20013.64 105218.42
20014.65 105224.28
20015.64 105230.38
20016.64 105236.41
20017.64 105242.30
20018.64 105248.42
20019.66 105254.39
20020.64 105260.28
20021.64 105266.16
20022.64 105271.96
20023.64 105277.79
20024.65 105283.95
20025.64 105289.96
20026.64 105295.90
20027.65 105301.78
20028.64 105307.69
20029.64 105313.65
20030.64 105319.55
20031.64 105325.34
20032.64 105331.20
20033.64 105337.13
20034.64 105342.81
20035.65 105348.38
20036.64 105354.14
20037.64 105359.97
20038.65 105365.82
20039.65 105371.71
20040.65 105377.77
20041.64 105383.56
20042.64 105389.71
20043.64 105395.58
20044.64 105401.66
20045.64 105407.63
20046.64 105413.50
20047.64 105419.44
20048.64 105425.37
20049.64 105431.29
20050.65 105437.28
20051.65 105443.24
20052.65 105449.01
20053.65 105454.74
20054.64 105460.73
20055.64 105466.39
20056.64 105471.92
20057.65 105477.87
20058.64 105483.79
20059.65 105489.68
20060.65 105495.12
20061.65 105500.89
20062.65 105506.68
20063.64 105512.27
20064.64 105517.43
20065.65 105522.80
20066.64 105528.36
20067.64 105533.93
20068.66 105539.19
20069.64 105544.96
20070.64 105550.52
20071.64 105556.17
20072.65 105561.97
20073.64 105567.58
20074.64 105573.23
20075.64 105578.82
20076.65 105584.35
20077.64 105589.96
20078.64 105595.73
20079.66 105601.64
20080.64 105607.50
20081.64 105613.11
20082.66 105618.70
20083.65 105624.03
20084.66 105629.38
20085.66 105635.10
20086.65 105640.74
20087.66 105646.39
20088.65 105651.84
20089.65 105657.35
20090.64 105663.15
20091.64 105668.92
20092.64 105673.61
20093.65 105678.53
20094.65 105683.90
20095.65 105689.35
20096.65 105695.05
20097.66 105700.62
20098.66 105705.79
20099.64 105711.25
20100.66 105716.96
20101.66 105722.45
20102.66 105727.88
20103.66 105733.45
20104.64 105738.90
20105.66 105744.53
20106.65 105750.24
20107.65 105755.93
20108.65 105761.66
20109.64 105767.35
20110.65 105772.77
20111.64 105778.24
20112.64 105783.65
20113.64 105788.97
20114.65 105794.54
20115.64 105800.09
20116.64 105805.49
20117.64 105811.06
20118.66 105816.75
20119.64 105822.44
20120.66 105828.08
20121.64 105833.59
20122.66 105839.26
20123.64 105844.65
20124.65 105849.85
20125.65 105855.32
20126.65 105860.64
20127.66 105866.15
20128.66 105871.86
20129.66 105877.49
20130.65 105883.20
20131.65 105888.71
20132.65 105894.51
20133.66 105900.27
20134.65 105905.93
20135.65 105911.34
20136.66 105916.84
20137.64 105922.17
20138.66 105927.70
20139.67 105933.38
20140.64 105938.28
20141.65 105943.58
20142.66 105949.35
20143.65 105954.73
20144.66 105960.50
20145.64 105965.68
20146.66 105971.09
20147.65 105976.60
20148.65 105982.24
20149.66 105987.90
20150.66 105993.38
20151.64 105998.74
20152.64 106004.17
20153.64 106009.75
20154.65 106014.80
20155.64 106020.10
20156.66 106025.69
20157.66 106031.34
20158.66 106036.90
20159.66 106042.50
20160.66 106048.06
20161.64 106053.46
20162.65 106058.97
20163.66 106064.59
20164.65 106070.05
20165.66 106075.69
20166.65 106081.33
20167.66 106086.86
20168.65 106092.40
20169.68 106098.25
20170.64 106103.60
20171.66 106109.17
20172.66 106114.69
20173.65 106120.05
20174.64 106125.56
20175.64 106131.06
20176.64 106136.53
20177.66 106142.16
20178.64 106147.57
20179.66 106153.13
20180.66 106158.62
20181.64 106163.97
20182.64 106169.50
20183.66 106175.06
20184.66 106180.45
20185.64 106185.62
20186.66 106191.24
20187.67 106196.78
20188.66 106202.33
20189.65 106207.97
20190.66 106213.81
20191.64 106219.01
20192.66 106224.76
20193.66 106230.53
20194.65 106236.10
20195.64 106241.87
20196.64 106247.62
20197.65 106253.27
20198.66 106258.93
20199.66 106264.61
20200.64 106270.12
20201.66 106275.82
20202.64 106281.42
20203.66 106287.21
20204.65 106292.75
20205.66 106298.45
20206.66 106304.14
20207.65 106309.68
20208.66 106315.20
20209.65 106320.78
20210.66 106326.46
20211.66 106332.22
20212.66 106337.86
20213.66 106343.39
20214.66 106348.58
20215.65 106353.73
20216.64 106359.51
20217.65 106365.28
20218.65 106370.79
20219.64 106376.29
20220.64 106381.74
20221.64 106387.19
20222.66 106392.79
20223.64 106398.32
20224.65 106403.71
20225.66 106409.38
20226.64 106414.83
20227.66 106420.42
20228.66 106425.86
20229.66 106431.32
20230.66 106436.73
20231.66 106442.11
20232.66 106447.57
20233.65 106453.24
20234.64 106458.88
20235.65 106464.49
20236.64 106469.95
20237.66 106475.52
20238.65 106480.74
20239.66 106486.01
20240.64 106491.56
20241.66 106496.76
20242.64 106501.92
20243.66 106507.43
20244.65 106512.24
20245.64 106517.41
20246.66 106522.72
20247.64 106528.17
20248.65 106533.55
20249.66 106538.97
20250.66 106544.34
20251.64 106549.47
20252.66 106555.04
20253.66 106560.51
20254.66 106565.90
20255.64 106571.25
20256.64 106576.62
20257.66 106581.51
20258.67 106586.74
20259.66 106592.06
20260.66 106597.22
20261.65 106602.28
20262.66 106607.33
20263.66 106612.49
20264.64 106617.64
20265.66 106622.84
20266.66 106627.99
20267.67 106633.26
20268.66 106638.06
20269.64 106643.22
20270.66 106648.42
20271.66 106653.55
20272.67 106658.75
20273.66 106664.10
20274.66 106668.71
20275.66 106673.94
20276.66 106679.14
20277.66 106684.60
20278.65 106689.93
20279.67 106695.34
20280.66 106700.63
20281.66 106705.66
20282.66 106710.89
20283.65 106715.85
20284.65 106720.92
20285.66 106726.32
20286.65 106731.40
20287.64 106736.62
20288.70 106742.03
20289.65 106747.14
20290.66 106752.41
20291.66 106757.61
20292.64 106762.85
20293.66 106768.23
20294.65 106773.37
20295.66 106778.87
20296.66 106783.92
20297.64 106789.09
20298.66 106794.51
20299.66 106799.56
20300.65 106804.52
20301.66 106809.72
20302.65 106814.82
20303.66 106820.21
20304.65 106824.74
20305.66 106829.87
20306.66 106835.07
20307.66 106840.60
20308.66 106845.83
20309.66 106851.08
20310.66 106856.60
20311.65 106861.80
20312.65 106867.08
20313.65 106872.58
20314.66 106877.90
20315.66 106883.33
20316.66 106888.46
20317.66 106893.79
20318.65 106899.17
20319.67 106904.45
20320.66 106909.73
20321.64 106915.11
20322.66 106920.66
20323.66 106926.11
20324.65 106931.38
20325.66 106936.72
20326.66 106942.03
20327.66 106947.29
20328.65 106952.72
20329.66 106958.05
20330.66 106963.04
20331.66 106968.32
20332.65 106973.77
20333.66 106979.08
20334.65 106984.04
20335.66 106989.32
20336.66 106994.43
20337.66 106999.83
20338.66 107005.34
20339.65 107010.82
20340.65 107016.29
20341.66 107021.61
20342.65 107026.97
20343.66 107032.55
20344.65 107037.91
20345.66 107043.25
20346.66 107048.61
20347.66 107054.08
20348.66 107059.45
20349.66 107065.08
20350.66 107070.40
20351.65 107075.76
20352.66 107081.05
20353.66 107086.57
20354.65 107092.05
20355.66 107097.48
20356.65 107102.96
20357.66 107108.31
20358.65 107113.58
20359.66 107119.18
20360.65 107124.74
20361.66 107130.11
20362.66 107135.62
20363.66 107140.98
20364.65 107145.92
20365.66 107150.72
20366.65 107155.68
20367.66 107160.87
20368.65 107166.04
20369.66 107171.31
20370.66 107176.58
20371.66 107181.56
20372.66 107186.77
20373.64 107191.87
20374.66 107197.14
20375.65 107202.33
20376.66 107207.84
20377.66 107213.47
20378.66 107218.61
20379.67 107224.24
20380.66 107229.62
20381.66 107235.18
20382.66 107240.68
20383.66 107246.10
20384.65 107251.50
20385.66 107257.02
20386.66 107262.51
20387.66 107268.12
20388.66 107273.75
20389.65 107279.41
20390.66 107284.87
20391.66 107290.40
20392.66 107295.79
20393.66 107301.38
20394.66 107306.56
20395.66 107311.79
20396.67 107317.30
20397.66 107322.66
20398.64 107327.65
20399.66 107332.94
20400.65 107338.10
20401.66 107343.80
20402.66 107349.33
20403.66 107354.87
20404.66 107360.49
20405.66 107366.03
20406.66 107371.73
20407.66 107377.22
20408.66 107382.74
20409.66 107388.26
20410.65 107393.63
20411.65 107399.13
20412.66 107404.50
20413.66 107409.98
20414.66 107415.49
20415.65 107420.99
20416.66 107426.34
20417.65 107431.87
20418.66 107437.37
20419.66 107442.76
20420.66 107448.46
20421.66 107454.06
20422.66 107459.57
20423.66 107465.22
20424.66 107470.40
20425.65 107475.71
20426.66 107481.11
20427.66 107486.90
20428.65 107492.47
20429.66 107498.10
20430.66 107503.58
20431.66 107509.24
20432.66 107514.91
20433.65 107520.33
20434.66 107525.61
20435.67 107530.76
20436.66 107536.26
20437.66 107541.87
20438.66 107547.23
20439.66 107552.54
20440.66 107557.77
20441.66 107563.27
20442.65 107568.82
20443.66 107574.45
20444.65 107579.96
20445.66 107585.45
20446.66 107590.69
20447.65 107596.14
20448.66 107601.75
20449.66 107607.10
20450.65 107612.76
20451.66 107618.25
20452.65 107623.52
20453.66 107629.03
20454.66 107633.93
20455.66 107639.18
20456.66 107644.65
20457.66 107650.03
20458.66 107655.44
20459.66 107660.88
20460.65 107666.40
20461.66 107671.88
20462.65 107677.46
20463.66 107682.91
20464.66 107688.36
20465.66 107694.03
20466.66 107699.67
20467.66 107705.17
20468.66 107710.70
20469.65 107716.06
20470.66 107721.72
20471.65 107727.17
20472.66 107732.60
20473.65 107737.86
20474.66 107743.36
20475.66 107748.72
20476.66 107754.20
20477.66 107759.61
20478.66 107765.03
20479.66 107770.55
20480.65 107775.97
20481.66 107781.33
20482.66 107786.91
20483.66 107792.45
20484.65 107797.54
20485.66 107802.76
20486.65 107808.14
20487.66 107813.08
20488.65 107818.57
20489.66 107824.16
20490.66 107829.75
20491.66 107835.35
20492.65 107840.71
20493.66 107846.26
20494.66 107851.86
20495.66 107857.42
20496.66 107863.01
20497.66 107868.51
20498.66 107874.00
20499.67 107879.80
20500.65 107885.42
20501.66 107891.23
20502.66 107896.92
20503.65 107902.55
20504.66 107907.88
20505.65 107913.57
20506.66 107919.05
20507.66 107924.71
20508.66 107930.39
20509.66 107935.95
20510.66 107941.66
20511.66 107947.37
20512.65 107953.06
20513.66 107958.57
20514.66 107963.87
20515.65 107969.17
20516.66 107974.73
20517.66 107980.46
20518.66 107986.10
20519.65 107991.84
20520.65 107997.46
20521.66 108003.15
20522.65 108008.74
20523.66 108014.53
20524.67 108020.32
20525.65 108026.11
20526.66 108031.84
20527.66 108037.49
20528.66 108043.14
20529.67 108048.80
20530.66 108054.43
20531.66 108059.85
20532.65 108065.50
20533.65 108071.15
20534.66 108077.05
20535.66 108082.86
20536.66 108088.35
20537.65 108094.07
20538.65 108099.60
20539.66 108104.98
20540.66 108110.38
20541.65 108116.11
20542.66 108121.66
20543.66 108127.05
20544.65 108132.19
20545.66 108137.73
20546.65 108143.19
20547.66 108148.77
20548.65 108154.25
20549.66 108159.81
20550.67 108165.33
20551.66 108170.86
20552.66 108176.41
20553.65 108181.96
20554.66 108187.55
20555.66 108193.15
20556.66 108198.61
20557.65 108204.27
20558.66 108209.81
20559.67 108215.48
20560.66 108220.99
20561.66 108226.31
20562.66 108231.80
20563.66 108237.22
20564.66 108242.71
20565.66 108248.27
20566.66 108253.87
20567.67 108259.34
20568.67 108264.61
20569.66 108270.01
20570.65 108275.33
20571.65 108280.84
20572.66 108286.13
20573.66 108291.49
20574.66 108296.27
20575.66 108301.31
20576.65 108306.86
20577.66 108312.40
20578.65 108317.95
20579.66 108323.67
20580.65 108329.49
20581.66 108335.19
20582.66 108340.67
20583.66 108346.18
20584.66 108351.76
20585.66 108357.17
20586.66 108362.69
20587.66 108368.16
20588.66 108373.78
20589.66 108379.32
20590.66 108384.75
20591.65 108390.40
20592.66 108396.05
20593.67 108401.52
20594.66 108406.83
20595.67 108412.33
20596.66 108417.81
20597.66 108423.35
20598.66 108428.75
20599.66 108434.37
20600.65 108439.98
20601.67 108445.65
20602.66 108451.29
20603.67 108456.99
20604.66 108462.38
20605.65 108467.98
20606.66 108473.66
20607.66 108479.36
20608.65 108485.13
20609.66 108490.93
20610.66 108496.81
20611.66 108502.59
20612.66 108508.45
20613.66 108514.20
20614.66 108520.02
20615.65 108525.83
20616.65 108531.67
20617.65 108537.61
20618.66 108543.24
20619.67 108548.86
20620.67 108554.33
20621.65 108559.86
20622.66 108565.67
20623.66 108571.29
20624.66 108576.98
20625.66 108582.44
20626.65 108587.63
20627.66 108593.25
20628.66 108598.73
20629.66 108604.37
20630.66 108610.05
20631.65 108615.53
20632.66 108621.02
20633.65 108626.58
20634.66 108631.80
20635.66 108637.09
20636.67 108642.59
20637.66 108648.11
20638.66 108653.64
20639.66 108659.37
20640.66 108665.00
20641.66 108670.86
20642.66 108676.18
20643.66 108681.85
20644.66 108687.52
20645.65 108693.12
20646.66 108698.93
20647.67 108704.42
20648.65 108709.86
20649.66 108715.56
20650.67 108721.22
20651.66 108726.80
20652.66 108732.32
20653.67 108737.46
20654.65 108742.99
20655.66 108748.38
20656.66 108753.76
20657.66 108759.42
20658.66 108764.95
20659.66 108770.31
20660.65 108775.75
20661.66 108781.31
20662.67 108787.06
20663.66 108792.59
20664.66 108797.84
20665.66 108803.15
20666.66 108808.30
20667.67 108813.72
20668.66 108819.15
20669.66 108824.82
20670.67 108830.29
20671.66 108835.78
20672.66 108841.31
20673.66 108846.82
20674.66 108852.44
20675.66 108858.01
20676.65 108862.87
20677.66 108868.25
20678.66 108873.77
20679.68 108879.42
20680.66 108884.90
20681.65 108890.40
20682.66 108895.97
20683.67 108901.51
20684.65 108907.09
20685.66 108912.47
20686.67 108917.84
20687.66 108923.37
20688.66 108928.66
20689.66 108934.31
20690.66 108939.61
20691.67 108945.11
20692.65 108950.54
20693.66 108956.09
20694.66 108961.25
20695.66 108966.62
20696.66 108971.90
20697.65 108977.48
20698.66 108983.04
20699.66 108988.62
20700.65 108994.11
20701.66 108999.69
20702.66 109005.24
20703.65 109010.73
20704.66 109015.76
20705.67 109021.34
20706.66 109026.98
20707.66 109032.49
20708.66 109038.03
20709.66 109043.68
20710.66 109049.03
20711.66 109054.52
20712.66 109059.94
20713.66 109065.68
20714.66 109071.27
20715.65 109076.71
20716.66 109082.19
20717.65 109087.69
20718.66 109093.13
20719.65 109098.68
20720.66 109104.10
20721.67 109109.48
20722.66 109114.83
20723.66 109120.26
20724.65 109125.20
20725.66 109130.29
20726.66 109135.56
20727.66 109141.02
20728.66 109146.42
20729.66 109151.83
20730.66 109157.34
20731.66 109162.85
20732.67 109168.34
20733.65 109173.60
20734.66 109178.85
20735.66 109184.09
20736.66 109189.68
20737.65 109195.04
20738.66 109200.56
20739.66 109206.19
20740.67 109211.74
20741.66 109217.05
20742.65 109222.57
20743.66 109228.02
20744.66 109233.46
20745.66 109238.53
20746.66 109243.83
20747.66 109249.37
20748.67 109254.84
20749.66 109260.08
20750.66 109265.38
20751.66 109270.58
20752.66 109275.95
20753.66 109281.26
20754.67 109286.19
20755.66 109291.28
20756.66 109296.49
20757.65 109301.93
20758.66 109307.41
20759.66 109312.74
20760.66 109317.97
20761.66 109323.16
20762.66 109328.64
20763.66 109333.94
20764.65 109339.08
20765.66 109344.50
20766.67 109350.04
20767.66 109355.50
20768.66 109361.19
20769.70 109366.75
20770.66 109371.91
20771.67 109377.48
20772.66 109382.76
20773.66 109388.25
20774.66 109393.88
20775.65 109399.14
20776.66 109404.55
20777.66 109409.60
20778.66 109414.99
20779.66 109420.34
20780.66 109425.61
20781.66 109430.63
20782.65 109435.43
20783.66 109440.87
20784.66 109446.02
20785.66 109450.95
20786.66 109456.08
20787.66 109461.24
20788.66 109466.67
20789.66 109472.02
20790.66 109477.49
20791.66 109482.83
20792.67 109488.31
20793.66 109493.64
20794.66 109498.88
20795.66 109504.36
20796.66 109509.74
20797.66 109515.06
20798.67 109520.21
20799.68 109525.30
20800.66 109530.14
20801.66 109535.63
20802.66 109540.90
20803.66 109546.24
20804.65 109551.80
20805.66 109557.15
20806.66 109562.52
20807.67 109568.01
20808.66 109573.57
20809.67 109579.20
20810.66 109584.54
20811.66 109589.72
20812.66 109595.20
20813.66 109600.69
20814.66 109605.83
20815.66 109611.14
20816.66 109616.25
20817.66 109621.46
20818.66 109626.98
20819.66 109631.89
20820.66 109637.33
20821.66 109642.76
20822.67 109648.30
20823.66 109653.63
20824.68 109659.23
20825.66 109664.72
20826.66 109670.41
20827.67 109675.97
20828.65 109681.54
20829.66 109687.00
20830.66 109692.38
20831.66 109698.24
20832.66 109703.83
20833.66 109709.18
20834.66 109714.70
20835.66 109720.17
20836.66 109725.80
20837.66 109731.31
20838.66 109736.85
20839.66 109742.35
20840.68 109748.09
20841.66 109753.66
20842.66 109759.42
20843.66 109765.06
20844.66 109770.18
20845.66 109775.20
20846.67 109780.75
20847.66 109786.40
20848.66 109792.21
20849.66 109797.61
20850.67 109802.95
20851.66 109808.45
20852.66 109813.94
20853.66 109819.46
20854.66 109824.94
20855.66 109830.33
20856.66 109835.75
20857.66 109841.16
20858.66 109846.58
20859.68 109852.19
20860.66 109857.60
20861.66 109863.15
20862.66 109868.56
20863.66 109873.76
20864.66 109879.28
20865.66 109884.94
20866.66 109890.56
20867.66 109896.01
20868.66 109901.46
20869.66 109907.02
20870.67 109912.63
20871.66 109918.12
20872.68 109923.39
20873.66 109928.50
20874.66 109933.28
20875.67 109938.59
20876.66 109943.81
20877.67 109949.24
20878.66 109954.63
20879.66 109959.97
20880.66 109965.33
20881.67 109970.76
20882.66 109975.87
20883.66 109981.20
20884.67 109986.85
20885.66 109992.28
20886.66 109997.68
20887.67 110002.91
20888.66 110008.51
20889.67 110013.87
20890.66 110019.17
20891.66 110024.33
20892.66 110029.69
20893.66 110035.13
20894.66 110040.66
20895.66 110046.16
20896.66 110051.42
20897.66 110056.80
20898.66 110061.99
20899.66 110067.65
20900.66 110073.08
20901.66 110078.40
20902.65 110083.60
20903.66 110088.82
20904.66 110093.73
20905.66 110098.90
20906.66 110104.09
20907.67 110109.52
20908.65 110115.07
20909.66 110120.53
20910.67 110126.12
20911.66 110131.47
20912.66 110136.99
20913.66 110142.43
20914.66 110147.84
20915.66 110153.30
20916.66 110158.34
20917.66 110163.62
20918.66 110169.15
20919.69 110174.95
20920.66 110180.10
20921.66 110185.67
20922.66 110190.89
20923.66 110196.42
20924.66 110201.96
20925.67 110207.54
20926.66 110212.63
20927.67 110218.18
20928.66 110223.54
20929.66 110228.98
20930.66 110234.57
20931.67 110239.93
20932.66 110245.26
20933.66 110250.57
20934.66 110255.79
20935.66 110261.23
20936.68 110266.34
20937.66 110271.73
20938.67 110277.25
20939.66 110282.72
20940.66 110288.36
20941.67 110294.24
20942.66 110299.60
20943.67 110305.21
20944.66 110310.89
20945.66 110316.64
20946.66 110322.33
20947.67 110328.18
20948.66 110333.78
20949.66 110339.39
20950.66 110344.84
20951.66 110350.49
20952.66 110356.17
20953.67 110361.90
20954.66 110367.42
20955.66 110373.09
20956.66 110378.80
20957.66 110384.68
20958.66 110390.41
20959.66 110395.96
20960.66 110401.26
20961.66 110406.58
20962.67 110412.16
20963.66 110417.61
20964.66 110422.88
20965.66 110428.12
20966.66 110433.38
20967.67 110439.05
20968.66 110444.67
20969.66 110450.49
20970.65 110456.17
20971.66 110461.65
20972.66 110467.00
20973.66 110472.71
20974.66 110478.28
20975.66 110483.92
20976.66 110489.52
20977.66 110495.09
20978.66 110500.72
20979.68 110506.51
20980.66 110511.92
20981.67 110517.60
20982.66 110522.98
20983.66 110528.59
20984.67 110534.28
20985.66 110539.83
20986.66 110545.36
20987.67 110551.03
20988.66 110556.69
20989.67 110562.43
20990.67 110568.09
20991.66 110573.70
20992.67 110579.50
20993.66 110584.97
20994.66 110589.95
20995.66 110595.03
20996.66 110599.92
20997.66 110605.42
20998.66 110611.16
20999.66 110616.78
21000.68 110622.32
21001.67 110627.75
21002.66 110633.37
21003.66 110639.09
21004.67 110644.91
21005.67 110650.60
21006.67 110656.31
21007.66 110661.69
21008.66 110667.29
21009.66 110672.97
21010.66 110678.48
21011.66 110684.11
21012.68 110689.48
21013.66 110695.01
21014.66 110700.59
21015.67 110706.31
21016.66 110711.88
21017.66 110717.53
21018.67 110723.13
21019.68 110728.73
21020.66 110734.14
21021.67 110739.89
21022.66 110745.40
21023.66 110750.94
21024.66 110756.11
21025.67 110761.36
21026.66 110766.38
21027.66 110771.90
21028.67 110777.48
21029.66 110782.68
21030.67 110788.16
21031.68 110793.58
21032.66 110798.95
21033.66 110804.54
21034.66 110810.30
21035.66 110815.78
21036.65 110821.31
21037.68 110827.03
21038.67 110832.51
21039.68 110838.06
21040.66 110843.43
21041.67 110848.83
21042.67 110854.29
21043.66 110859.79
21044.66 110864.82
21045.66 110870.26
21046.68 110875.70
21047.66 110881.11
21048.67 110886.89
21049.66 110892.13
21050.66 110897.74
21051.67 110903.50
21052.67 110908.89
21053.67 110914.41
21054.66 110919.44
21055.66 110924.72
21056.66 110930.07
21057.66 110935.67
21058.67 110941.23
21059.66 110946.83
21060.66 110952.30
21061.66 110957.97
21062.66 110963.29
21063.68 110969.00
21064.67 110974.57
21065.66 110980.09
21066.67 110985.79
21067.68 110991.34
21068.66 110996.83
21069.68 111002.31
21070.67 111007.94
21071.67 111013.34
21072.66 111018.93
21073.66 111024.66
21074.67 111030.44
21075.67 111035.93
21076.67 111041.28
21077.67 111047.11
21078.66 111052.34
21079.66 111057.93
21080.66 111063.51
21081.67 111069.06
21082.66 111074.49
21083.67 111080.12
21084.67 111085.52
21085.66 111090.04
21086.66 111095.20
21087.66 111100.68
21088.67 111106.30
21089.67 111111.69
21090.66 111117.02
21091.67 111122.79
21092.68 111128.42
21093.67 111133.89
21094.67 111139.46
21095.66 111144.89
21096.67 111150.57
21097.67 111156.28
21098.66 111161.74
21099.69 111167.34
21100.66 111172.70
21101.66 111178.56
21102.66 111184.11
21103.66 111189.64
21104.67 111195.28
21105.66 111200.74
21106.66 111206.19
21107.67 111211.91
21108.66 111217.44
21109.67 111222.16
21110.66 111227.66
21111.67 111233.39
21112.68 111239.07
21113.67 111244.60
21114.66 111249.55
21115.66 111254.89
21116.66 111259.79
21117.67 111265.38
21118.66 111271.01
21119.67 111276.82
21120.68 111282.44
21121.66 111287.89
21122.67 111293.25
21123.67 111298.85
21124.66 111304.01
21125.68 111309.81
21126.66 111315.31
21127.67 111320.97
21128.68 111326.59
21129.67 111332.04
21130.67 111337.88
21131.66 111343.41
21132.68 111349.19
21133.67 111354.89
21134.67 111360.50
21135.66 111365.95
21136.67 111371.65
21137.66 111376.96
21138.68 111382.63
21139.67 111388.06
21140.67 111393.38
21141.67 111398.95
21142.66 111404.45
21143.68 111410.42
21144.66 111415.59
21145.67 111420.86
21146.67 111426.32
21147.68 111431.99
21148.66 111437.44
21149.67 111443.13
21150.67 111448.68
21151.67 111454.41
21152.66 111460.10
21153.67 111465.76
21154.67 111471.38
21155.67 111476.79
21156.67 111482.30
21157.66 111487.67
21158.67 111493.23
21159.68 111498.86
21160.66 111504.38
21161.67 111510.21
21162.65 111515.55
21163.67 111521.16
21164.67 111526.71
21165.66 111532.23
21166.68 111537.82
21167.67 111543.31
21168.67 111548.78
21169.68 111554.29
21170.67 111559.89
21171.66 111565.29
21172.68 111570.76
21173.68 111576.06
21174.67 111581.14
21175.68 111586.31
21176.67 111591.20
21177.68 111596.57
21178.67 111601.86
21179.67 111607.24
21180.67 111612.51
21181.67 111618.15
21182.66 111623.46
21183.68 111628.97
21184.68 111634.29
21185.67 111639.66
21186.67 111644.98
21187.66 111650.36
21188.67 111655.96
21189.66 111661.57
21190.67 111667.08
21191.68 111672.36
21192.66 111677.67
21193.67 111683.26
21194.67 111688.56
21195.67 111694.04
21196.67 111699.49
21197.68 111704.86
21198.67 111709.98
21199.67 111715.41
21200.67 111720.79
21201.67 111726.27
21202.67 111731.56
21203.67 111736.99
21204.67 111741.97
21205.67 111747.12
21206.67 111752.05
21207.68 111757.34
21208.68 111762.79
21209.66 111768.00
21210.68 111773.53
21211.67 111778.84
21212.68 111784.13
21213.66 111789.34
21214.68 111794.59
21215.66 111799.86
21216.67 111805.44
21217.66 111810.70
21218.67 111816.23
21219.69 111821.63
21220.68 111826.80
21221.67 111832.00
21222.67 111837.30
21223.68 111842.69
21224.66 111848.03
21225.68 111853.35
21226.68 111858.65
21227.67 111864.11
21228.67 111869.58
21229.67 111874.82
21230.67 111880.29
21231.68 111885.37
21232.68 111890.88
21233.66 111896.22
21234.67 111901.26
21235.67 111906.56
21236.68 111911.68
21237.67 111916.96
21238.68 111922.59
21239.67 111927.96
21240.67 111933.33
21241.67 111938.65
21242.67 111944.13
21243.68 111949.54
21244.67 111955.06
21245.68 111960.60
21246.68 111966.19
21247.67 111971.75
21248.66 111977.12
21249.70 111982.81
21250.67 111987.97
21251.67 111993.39
21252.67 111998.81
21253.68 112004.24
21254.67 112009.55
21255.68 112015.13
21256.67 112020.61
21257.67 112026.02
21258.67 112031.52
21259.67 112036.76
21260.67 112042.24
21261.67 112047.79
21262.67 112053.48
21263.67 112058.83
21264.67 112063.88
21265.68 112069.00
21266.67 112074.03
21267.67 112079.06
21268.67 112084.46
21269.67 112089.86
21270.68 112095.42
21271.68 112100.98
21272.67 112106.36
21273.67 112112.05
21274.67 112117.66
21275.67 112123.07
21276.67 112128.45
21277.67 112134.04
21278.67 112139.69
21279.68 112145.13
21280.67 112150.72
21281.67 112156.33
21282.68 112161.97
21283.67 112167.60
21284.68 112173.19
21285.67 112178.84
21286.68 112184.49
21287.68 112190.03
21288.67 112195.57
21289.67 112201.14
21290.68 112206.57
21291.67 112212.10
21292.68 112217.77
21293.67 112223.17
21294.67 112228.12
21295.69 112232.63
21296.67 112238.06
21297.67 112243.74
21298.68 112249.35
21299.68 112254.97
21300.67 112260.41
21301.67 112266.01
21302.67 112271.46
21303.66 112276.89
21304.67 112282.69
21305.68 112288.35
21306.67 112293.82
21307.68 112299.41
21308.67 112305.01
21309.71 112310.72
21310.67 112316.21
21311.67 112321.84
21312.67 112327.32
21313.67 112332.73
21314.68 112338.34
21315.67 112343.84
21316.68 112349.48
21317.67 112354.80
21318.68 112360.19
21319.67 112365.65
21320.67 112371.25
21321.67 112376.58
21322.67 112382.06
21323.68 112387.63
21324.67 112392.64
21325.68 112397.28
21326.67 112402.28
21327.67 112408.08
21328.67 112413.51
21329.68 112418.83
21330.67 112424.02
21331.67 112429.25
21332.67 112434.60
21333.67 112440.01
21334.67 112445.23
21335.67 112450.84
21336.67 112456.47
21337.67 112461.96
21338.67 112467.55
21339.69 112472.87
21340.67 112478.40
21341.68 112483.76
21342.68 112489.16
21343.67 112494.69
21344.68 112500.44
21345.67 112505.82
21346.68 112511.19
21347.68 112516.67
21348.66 112521.94
21349.67 112527.51
21350.67 112532.81
21351.67 112538.22
21352.68 112543.60
21353.68 112548.96
21354.67 112554.05
21355.67 112559.14
21356.68 112564.44
21357.67 112570.06
21358.67 112575.36
21359.68 112580.59
21360.67 112586.02
21361.67 112591.44
21362.68 112596.92
21363.68 112602.39
21364.68 112607.73
21365.67 112613.09
21366.67 112618.39
21367.67 112623.93
21368.67 112629.45
21369.68 112635.02
21370.67 112640.32
21371.67 112645.82
21372.68 112651.21
21373.67 112656.76
21374.67 112662.39
21375.68 112667.69
21376.67 112673.20
21377.67 112678.69
21378.67 112684.16
21379.67 112689.55
21380.68 112694.97
21381.67 112700.53
21382.67 112706.03
21383.67 112711.67
21384.68 112716.86
21385.67 112722.16
21386.67 112727.31
21387.68 112732.97
21388.67 112738.45
21389.67 112744.27
21390.67 112749.80
21391.66 112755.35
21392.67 112760.94
21393.67 112766.44
21394.67 112771.93
21395.68 112777.60
21396.68 112783.29
21397.68 112788.82
21398.68 112794.56
21399.68 112800.12
21400.67 112805.57
21401.67 112811.14
21402.67 112816.85
21403.67 112822.49
21404.67 112828.04
21405.67 112833.57
21406.68 112839.01
21407.67 112844.45
21408.68 112850.08
21409.68 112855.80
21410.67 112861.15
21411.67 112866.15
21412.67 112871.34
21413.67 112876.84
21414.67 112882.10
21415.67 112887.49
21416.67 112892.76
21417.68 112898.22
21418.68 112903.80
21419.67 112909.42
21420.67 112915.22
21421.67 112920.65
21422.68 112926.04
21423.67 112931.62
21424.67 112937.07
21425.68 112942.82
21426.67 112948.34
21427.67 112953.92
21428.67 112959.34
21429.68 112964.88
21430.68 112970.47
21431.67 112975.67
21432.68 112981.18
21433.67 112986.86
21434.68 112992.49
21435.68 112997.59
21436.67 113003.03
21437.67 113008.12
21438.68 113013.50
21439.68 113019.02
21440.68 113024.55
21441.67 113029.99
21442.67 113035.28
21443.67 113040.94
21444.67 113046.05
21445.68 113051.41
21446.69 113056.56
21447.67 113061.51
21448.67 113066.70
21449.67 113072.31
21450.68 113078.11
21451.67 113083.68
21452.68 113089.32
21453.68 113094.79
21454.67 113100.25
21455.68 113105.79
21456.67 113111.40
21457.68 113116.82
21458.67 113122.46
21459.67 113128.02
21460.67 113133.67
21461.67 113139.25
21462.68 113144.72
21463.68 113150.26
21464.67 113155.62
21465.68 113161.24
21466.67 113166.58
21467.68 113172.05
21468.67 113177.37
21469.68 113182.89
21470.67 113188.36
21471.67 113193.80
21472.67 113199.26
21473.68 113204.51
21474.68 113209.65
21475.67 113215.10
21476.67 113220.24
21477.67 113225.53
21478.68 113230.99
21479.67 113236.28
21480.67 113241.58
21481.67 113246.90
21482.67 113252.16
21483.68 113257.18
21484.67 113261.78
21485.68 113267.19
21486.67 113272.74
21487.67 113278.21
21488.67 113283.58
21489.67 113288.98
21490.67 113294.35
21491.68 113299.76
21492.68 113305.24
21493.68 113310.71
21494.67 113316.15
21495.68 113321.63
21496.68 113327.02
21497.68 113332.44
21498.68 113337.85
21499.67 113343.27
21500.68 113348.80
21501.67 113354.10
21502.68 113359.17
21503.67 113364.39
21504.68 113369.37
21505.68 113374.37
21506.68 113379.15
21507.68 113384.07
21508.68 113389.43
21509.67 113394.87
21510.67 113400.24
21511.68 113405.64
21512.67 113411.13
21513.67 113416.31
21514.67 113421.62
21515.68 113426.99
21516.67 113432.47
21517.67 113438.07
21518.68 113443.43
21519.68 113448.93
21520.67 113454.09
21521.68 113459.55
21522.67 113464.92
21523.67 113470.36
21524.67 113475.78
21525.68 113481.26
21526.67 113486.66
21527.68 113492.11
21528.67 113497.50
21529.67 113503.17
21530.67 113508.63
21531.68 113514.15
21532.67 113519.51
21533.67 113524.96
21534.67 113530.22
21535.68 113535.60
21536.67 113540.91
21537.67 113546.35
21538.67 113551.96
21539.67 113557.24
21540.68 113563.02
21541.67 113568.78
21542.67 113574.40
21543.68 113579.80
21544.68 113585.27
21545.68 113590.87
21546.67 113596.57
21547.67 113602.08
21548.67 113607.54
21549.67 113613.13
21550.67 113618.70
21551.67 113624.32
21552.67 113629.93
21553.68 113635.39
21554.67 113640.81
21555.67 113646.48
21556.68 113652.16
21557.68 113657.68
21558.67 113663.15
21559.67 113668.71
21560.68 113674.13
21561.68 113679.72
21562.68 113685.33
21563.68 113690.75
21564.67 113695.95
21565.68 113701.26
21566.68 113706.58
21567.68 113711.84
21568.68 113717.48
21569.68 113722.99
21570.68 113728.42
21571.68 113733.82
21572.67 113739.54
21573.68 113745.15
21574.67 113750.70
21575.67 113756.22
21576.68 113761.80
21577.67 113767.37
21578.68 113772.71
21579.67 113778.36
21580.68 113783.69
21581.67 113788.96
21582.68 113794.53
21583.68 113799.88
21584.68 113805.53
21585.67 113811.10
21586.67 113816.71
21587.67 113822.23
21588.68 113827.77
21589.68 113833.21
21590.68 113838.78
21591.67 113844.20
21592.67 113849.87
21593.68 113855.32
21594.67 113860.58
21595.68 113865.54
21596.67 113870.88
21597.68 113876.25
21598.67 113881.63
21599.68 113887.19
21600.68 113892.82
21601.68 113898.27
21602.67 113903.79
21603.67 113909.29
21604.68 113914.80
21605.68 113920.31
21606.68 113926.08
21607.67 113931.61
21608.68 113937.15
21609.67 113942.51
21610.67 113948.00
21611.68 113953.46
21612.68 113959.03
21613.67 113964.43
21614.67 113970.13
21615.67 113975.91
21616.68 113981.61
21617.67 113987.10
21618.67 113992.43
21619.68 113997.98
21620.67 114003.53
21621.67 114009.19
21622.69 114014.91
21623.68 114020.38
21624.68 114025.66
21625.68 114031.01
21626.68 114036.41
21627.67 114041.92
21628.67 114047.39
21629.67 114052.92
21630.68 114058.52
21631.68 114063.94
21632.67 114069.17
21633.67 114074.42
21634.68 114079.86
21635.67 114085.28
21636.67 114090.83
21637.67 114096.38
21638.67 114101.77
21639.67 114107.19
21640.68 114112.47
21641.68 114117.83
21642.68 114123.10
21643.68 114128.64
21644.68 114134.19
21645.67 114139.65
21646.68 114145.13
21647.68 114150.44
21648.68 114155.95
21649.68 114161.42
21650.68 114166.75
21651.67 114172.40
21652.67 114178.01
21653.67 114183.51
21654.68 114188.64
21655.67 114193.62
21656.68 114198.85
21657.68 114204.20
21658.67 114209.53
21659.68 114214.81
21660.67 114219.96
21661.68 114225.35
21662.67 114230.72
21663.67 114235.92
21664.68 114241.32
21665.68 114246.33
21666.67 114251.37
21667.68 114256.77
21668.67 114262.35
21669.67 114267.47
21670.66 114272.76
21671.68 114278.03
21672.67 114283.44
21673.67 114288.66
21674.67 114294.13
21675.68 114299.65
21676.68 114305.21
21677.67 114310.60
21678.68 114316.02
21679.67 114321.34
21680.67 114326.83
21681.68 114332.37
21682.67 114337.71
21683.67 114343.29
21684.68 114348.57
21685.68 114353.66
21686.67 114358.83
21687.68 114364.28
21688.68 114369.79
21689.68 114375.32
21690.67 114380.98
21691.67 114385.40
21692.67 114390.08
21693.68 114394.82
21694.68 114400.18
21695.67 114405.45
21696.67 114410.88
21697.68 114416.46
21698.68 114422.08
21699.67 114427.53
21700.67 114433.09
21701.68 114438.70
21702.67 114444.39
21703.67 114449.85
21704.67 114455.52
21705.68 114460.93
21706.68 114466.33
21707.68 114471.91
21708.67 114477.53
21709.68 114482.96
21710.68 114488.49
21711.68 114493.97
21712.68 114499.59
21713.68 114505.08
21714.68 114510.49
21715.68 114515.58
21716.67 114520.88
21717.67 114526.36
21718.67 114531.97
21719.67 114537.50
21720.67 114543.08
21721.68 114548.74
21722.68 114554.49
21723.67 114560.24
21724.68 114566.09
21725.68 114571.96
21726.67 114577.58
21727.67 114583.14
21728.68 114588.67
21729.68 114594.33
21730.68 114599.86
21731.67 114605.57
21732.68 114611.12
21733.68 114616.66
21734.67 114622.19
21735.67 114627.99
21736.68 114633.65
21737.67 114639.31
21738.68 114644.97
21739.68 114650.64
21740.68 114656.13
21741.68 114661.69
21742.68 114667.42
21743.67 114673.01
21744.68 114678.45
21745.68 114683.59
21746.68 114688.75
21747.67 114694.19
21748.67 114699.98
21749.68 114705.59
21750.67 114710.93
21751.68 114716.54
21752.67 114722.17
21753.67 114727.96
21754.67 114733.69
21755.67 114739.26
21756.68 114744.90
21757.67 114750.46
21758.67 114756.13
21759.68 114761.77
21760.68 114767.32
21761.67 114772.72
21762.68 114778.23
21763.67 114783.45
21764.68 114789.23
21765.68 114794.86
21766.67 114800.24
21767.67 114805.75
21768.67 114811.46
21769.68 114816.97
21770.68 114822.61
21771.67 114828.21
21772.67 114833.64
21773.67 114839.21
21774.68 114844.74
21775.67 114849.83
21776.68 114855.19
21777.67 114860.69
21778.67 114866.07
21779.68 114871.54
21780.69 114877.05
21781.68 114882.61
21782.67 114888.28
21783.67 114893.82
21784.69 114899.34
21785.68 114904.71
21786.68 114909.93
21787.67 114915.22
21788.69 114920.85
21789.67 114926.50
21790.67 114931.89
21791.68 114937.42
21792.66 114942.79
21793.68 114948.52
21794.67 114954.08
21795.67 114959.65
21796.69 114965.18
21797.67 114970.65
21798.68 114976.06
21799.67 114981.57
21800.68 114987.13
21801.67 114992.57
21802.67 114998.20
21803.67 115003.77
21804.68 115009.37
21805.69 115014.65
21806.67 115019.67
21807.68 115025.12
21808.67 115030.70
21809.68 115036.28
21810.67 115041.81
21811.67 115047.36
21812.67 115052.97
21813.69 115058.63
21814.67 115064.30
21815.69 115069.93
21816.67 115075.63
21817.69 115081.34
21818.67 115087.02
21819.69 115092.72
21820.68 115098.22
21821.67 115103.76
21822.69 115109.44
21823.67 115114.86
21824.69 115120.60
21825.69 115126.40
21826.67 115131.88
21827.67 115137.62
21828.68 115143.17
21829.67 115148.75
21830.69 115154.43
21831.67 115160.11
21832.67 115165.74
21833.68 115171.32
21834.67 115176.66
21835.69 115181.98
21836.67 115187.22
21837.69 115192.69
21838.67 115198.20
21839.67 115203.58
21840.68 115209.21
21841.69 115215.05
21842.67 115220.82
21843.68 115226.30
21844.69 115231.97
21845.67 115237.58
21846.69 115243.28
21847.67 115248.96
21848.67 115254.83
21849.73 115260.95
21850.68 115266.18
21851.67 115271.81
21852.67 115277.45
21853.68 115283.27
21854.67 115288.90
21855.69 115294.65
21856.67 115300.36
21857.69 115306.25
21858.67 115312.02
21859.68 115317.72
21860.68 115323.49
21861.68 115329.22
21862.69 115334.99
21863.67 115340.61
21864.67 115346.37
21865.67 115351.51
21866.67 115356.74
21867.67 115362.49
21868.68 115368.24
21869.67 115373.85
21870.68 115379.48
21871.69 115385.19
21872.67 115390.68
21873.68 115396.30
21874.67 115401.89
21875.69 115407.60
21876.67 115413.21
21877.67 115418.76
21878.67 115424.36
21879.70 115430.17
21880.68 115435.82
21881.67 115441.49
21882.67 115447.19
21883.68 115452.80
21884.67 115458.49
21885.68 115464.36
21886.67 115469.85
21887.69 115475.51
21888.67 115480.79
21889.67 115486.39
21890.68 115492.17
21891.68 115498.05
21892.67 115503.77
21893.67 115509.43
21894.67 115515.03
21895.67 115520.26
21896.68 115525.63
21897.67 115531.20
21898.68 115536.99
21899.69 115542.83
21900.67 115548.51
21901.67 115554.31
21902.69 115559.99
21903.69 115565.66
21904.67 115571.37
21905.67 115577.12
21906.69 115582.80
21907.67 115588.43
21908.68 115594.16
21909.67 115599.92
21910.68 115605.60
21911.67 115611.17
21912.67 115616.81
21913.69 115622.56
21914.67 115627.92
21915.69 115633.63
21916.67 115639.14
21917.68 115645.00
21918.67 115650.51
21919.67 115656.31
21920.68 115662.05
21921.69 115667.60
21922.69 115673.28
21923.69 115678.82
21924.67 115684.25
21925.69 115689.67
21926.67 115694.92
21927.69 115700.23
21928.69 115705.95
21929.67 115711.44
21930.67 115716.99
21931.67 115722.52
21932.67 115728.30
21933.67 115733.74
21934.67 115739.44
21935.68 115745.11
21936.68 115750.77
21937.67 115756.07
21938.67 115761.53
21939.70 115767.18
21940.68 115772.66
21941.69 115778.46
21942.67 115783.87
21943.67 115789.46
21944.67 115795.20
21945.68 115800.90
21946.67 115806.54
21947.68 115812.37
21948.67 115817.76
21949.67 115823.41
21950.69 115829.20
21951.67 115834.76
21952.69 115840.50
21953.67 115845.89
21954.67 115851.52
21955.68 115857.01
21956.67 115862.29
21957.68 115867.89
21958.67 115873.39
21959.67 115878.84
21960.68 115884.39
21961.68 115890.13
21962.67 115895.75
21963.69 115901.53
21964.69 115907.33
21965.67 115912.85
21966.68 115918.48
21967.69 115924.19
21968.67 115929.47
21969.67 115935.18
21970.69 115941.07
21971.69 115946.68
21972.67 115952.43
21973.68 115958.03
21974.67 115963.26
21975.67 115968.84
21976.68 115974.47
21977.69 115980.07
21978.69 115985.59
21979.67 115990.88
21980.69 115996.47
21981.67 116001.80
21982.69 116007.47
21983.68 116013.04
21984.67 116018.47
21985.67 116023.55
21986.69 116029.11
21987.67 116034.56
21988.67 116040.13
21989.68 116045.83
21990.69 116051.49
21991.68 116057.12
21992.67 116062.82
21993.69 116068.59
21994.67 116074.30
21995.69 116080.04
21996.67 116085.67
21997.67 116091.42
21998.69 116097.19
21999.72 116102.95
22000.69 116108.48
22001.68 116114.16
22002.67 116119.68
22003.68 116125.55
22004.67 116131.17
22005.67 116136.91
22006.68 116142.53
22007.67 116148.08
22008.69 116153.82
22009.67 116159.55
22010.68 116165.14
22011.67 116170.64
22012.68 116176.14
22013.69 116181.62
22014.67 116187.14
22015.69 116192.49
22016.66 116197.45
22017.68 116202.92
22018.68 116208.35
22019.69 116213.97
22020.67 116219.54
22021.69 116225.33
22022.67 116230.71
22023.68 116236.35
22024.67 116241.86
22025.68 116247.63
22026.67 116253.09
22027.69 116259.01
22028.68 116264.66
22029.67 116270.29
22030.69 116276.22
22031.67 116281.80
22032.69 116287.46
22033.69 116293.18
22034.67 116298.65
22035.69 116304.11
22036.69 116309.79
22037.68 116315.29
22038.67 116320.89
22039.68 116326.40
22040.69 116331.92
22041.69 116337.53
22042.67 116343.00
22043.67 116348.71
22044.70 116354.57
22045.67 116359.59
22046.67 116364.93
22047.68 116370.47
22048.67 116376.04
22049.67 116381.75
22050.69 116387.48
22051.68 116392.99
22052.67 116398.58
22053.69 116404.20
22054.67 116409.59
22055.66 116415.01
22056.68 116420.67
22057.69 116426.39
22058.69 116432.01
22059.71 116437.67
22060.67 116442.91
22061.69 116448.59
22062.69 116454.31
22063.69 116459.74
22064.67 116465.29
22065.69 116470.81
22066.68 116476.36
22067.68 116481.84
22068.67 116487.50
22069.68 116492.92
22070.68 116498.58
22071.69 116504.39
22072.69 116510.00
22073.68 116515.22
22074.69 116520.94
22075.67 116525.88
22076.67 116531.24
22077.68 116536.71
22078.69 116542.30
22079.67 116547.55
22080.69 116553.22
22081.67 116558.44
22082.69 116564.14
22083.69 116569.73
22084.69 116574.99
22085.69 116580.49
22086.69 116585.98
22087.69 116591.62
22088.70 116596.99
22089.69 116602.21
22090.67 116607.36
22091.69 116612.76
22092.67 116618.09
22093.68 116623.40
22094.69 116628.88
22095.69 116634.26
22096.67 116639.38
22097.69 116644.85
22098.68 116650.12
22099.69 116655.61
22100.67 116660.83
22101.67 116666.11
22102.67 116671.42
22103.68 116676.83
22104.69 116682.17
22105.67 116686.97
22106.69 116692.06
22107.69 116697.33
22108.68 116702.61
22109.68 116708.00
22110.67 116713.17
22111.68 116718.62
22112.69 116723.92
22113.68 116729.11
22114.69 116734.67
22115.69 116739.97
22116.69 116745.19
22117.69 116750.43
22118.72 116755.87
22119.70 116761.19
22120.68 116766.41
22121.68 116771.69
22122.68 116777.13
22123.68 116782.53
22124.67 116788.06
22125.67 116793.46
22126.69 116798.83
22127.67 116804.04
22128.68 116809.39
22129.68 116814.76
22130.68 116820.08
22131.68 116825.41
22132.68 116830.83
22133.69 116836.06
22134.70 116841.35
22135.69 116846.47
22136.68 116851.44
22137.68 116856.65
22138.68 116861.79
22139.69 116867.49
22140.67 116872.71
22141.67 116878.15
22142.69 116883.62
22143.69 116889.06
22144.70 116894.50
22145.67 116899.85
22146.69 116905.39
22147.68 116910.82
22148.69 116916.33
22149.69 116921.83
22150.69 116927.12
22151.69 116932.50
22152.69 116938.02
22153.67 116943.38
22154.68 116949.01
22155.68 116954.51
22156.69 116959.91
22157.67 116965.43
22158.69 116971.02
22159.69 116976.52
22160.68 116981.90
22161.68 116987.37
22162.69 116992.93
22163.67 116998.29
22164.67 117003.67
22165.68 117008.76
22166.68 117013.82
22167.69 117019.00
22168.68 117024.31
22169.68 117029.59
22170.69 117034.62
22171.69 117039.93
22172.69 117045.44
22173.67 117050.64
22174.69 117056.22
22175.68 117061.60
22176.68 117067.22
22177.68 117072.69
22178.69 117078.15
22179.70 117083.48
22180.68 117089.02
22181.70 117094.79
22182.70 117100.20
22183.68 117105.75
22184.69 117111.30
22185.69 117116.86
22186.69 117122.43
22187.69 117128.32
22188.69 117133.80
22189.69 117139.34
22190.69 117145.17
22191.69 117150.70
22192.69 117156.26
22193.70 117161.83
22194.70 117167.26
22195.69 117172.40
22196.69 117177.73
22197.70 117183.11
22198.68 117188.30
22199.70 117193.89
22200.70 117199.50
22201.69 117204.99
22202.70 117210.51
22203.69 117216.09
22204.69 117221.73
22205.69 117227.37
22206.69 117233.14
22207.69 117238.53
22208.75 117244.61
22209.70 117249.82
22210.69 117255.48
22211.69 117261.20
22212.70 117266.81
22213.70 117272.31
22214.69 117277.79
22215.70 117283.29
22216.68 117288.87
22217.69 117294.52
22218.68 117299.99
22219.69 117305.56
22220.68 117311.09
22221.69 117316.79
22222.70 117322.49
22223.69 117328.06
22224.69 117333.69
22225.68 117338.77
22226.69 117344.23
22227.70 117349.60
22228.69 117355.42
22229.69 117361.01
22230.69 117366.55
22231.69 117372.28
22232.69 117377.83
22233.70 117383.53
22234.69 117389.09
22235.69 117394.65
22236.70 117400.35
22237.70 117405.96
22238.69 117411.71
22239.70 117417.37
22240.70 117423.03
22241.70 117428.68
22242.70 117434.04
22243.69 117439.35
22244.69 117444.79
22245.70 117450.20
22246.69 117455.74
22247.68 117461.21
22248.69 117466.80
22249.70 117472.35
22250.70 117478.05
22251.70 117483.67
22252.68 117489.46
22253.69 117495.16
22254.70 117500.78
22255.70 117505.85
22256.69 117511.17
22257.69 117516.58
22258.69 117522.08
22259.69 117527.41
22260.70 117532.97
22261.70 117538.56
22262.70 117544.29
22263.69 117549.62
22264.69 117555.04
22265.68 117560.36
22266.70 117565.83
22267.68 117571.40
22268.70 117577.22
22269.73 117582.95
22270.69 117588.35
22271.70 117594.00
22272.70 117599.68
22273.70 117605.24
22274.70 117610.78
22275.69 117616.38
22276.70 117622.01
22277.71 117627.68
22278.71 117633.17
22279.69 117638.68
22280.70 117644.52
22281.70 117650.31
22282.69 117656.00
22283.70 117661.47
22284.71 117667.21
22285.68 117672.19
22286.69 117677.71
22287.69 117683.02
22288.70 117688.46
22289.70 117694.22
22290.70 117699.73
22291.70 117705.17
22292.70 117710.90
22293.71 117716.52
22294.70 117722.21
22295.71 117728.03
22296.70 117733.57
22297.70 117739.29
22298.69 117744.95
22299.72 117750.63
22300.70 117756.18
22301.70 117761.97
22302.69 117767.61
22303.69 117773.13
22304.69 117778.81
22305.70 117784.42
22306.70 117789.98
22307.70 117795.63
22308.70 117801.40
22309.72 117807.11
22310.70 117812.66
22311.70 117818.40
22312.72 117824.10
22313.69 117829.70
22314.71 117835.42
22315.70 117840.55
22316.71 117846.28
22317.69 117851.43
22318.70 117856.88
22319.70 117862.50
22320.69 117868.02
22321.69 117873.59
22322.70 117879.45
22323.70 117884.98
22324.70 117890.70
22325.70 117896.37
22326.70 117902.11
22327.70 117907.97
22328.70 117913.85
22329.70 117919.43
22330.70 117925.07
22331.70 117930.73
22332.70 117936.35
22333.69 117941.98
22334.70 117947.48
22335.72 117953.16
22336.69 117958.67
22337.70 117964.40
22338.70 117970.09
22339.70 117975.89
22340.70 117981.42
22341.71 117987.00
22342.70 117992.71
22343.70 117998.45
22344.69 118004.23
22345.71 118009.66
22346.72 118015.25
22347.69 118020.77
22348.70 118026.55
22349.69 118032.30
22350.70 118037.75
22351.69 118043.22
22352.70 118049.13
22353.69 118054.73
22354.70 118060.61
22355.69 118066.25
22356.70 118071.96
22357.70 118077.85
22358.70 118083.50
22359.69 118089.13
22360.70 118094.86
22361.71 118100.53
22362.70 118106.10
22363.69 118111.53
22364.70 118117.25
22365.70 118122.96
22366.69 118128.68
22367.70 118134.34
22368.70 118140.01
22369.70 118145.71
22370.69 118151.25
22371.69 118156.94
22372.69 118162.64
22373.69 118168.32
22374.69 118173.88
22375.70 118179.15
22376.70 118184.51
22377.69 118189.76
22378.70 118195.47
22379.71 118201.00
22380.70 118206.55
22381.70 118212.28
22382.70 118217.79
22383.69 118223.43
22384.70 118229.09
22385.69 118234.90
22386.69 118240.56
22387.70 118246.18
22388.70 118251.79
22389.69 118257.46
22390.70 118263.24
22391.69 118268.96
22392.68 118274.57
22393.69 118279.97
22394.70 118285.53
22395.68 118290.99
22396.70 118296.37
22397.69 118301.76
22398.70 118307.15
22399.70 118312.71
22400.69 118318.18
22401.70 118323.77
22402.69 118329.48
22403.68 118335.07
22404.70 118340.67
22405.69 118345.93
22406.70 118351.41
22407.69 118356.72
22408.71 118362.17
22409.69 118367.74
22410.69 118373.35
22411.69 118378.76
22412.69 118384.26
22413.69 118389.88
22414.69 118395.59
22415.68 118401.00
22416.70 118406.54
22417.69 118412.11
22418.69 118417.46
22419.70 118423.03
22420.69 118428.75
22421.70 118434.41
22422.69 118439.94
22423.69 118445.48
22424.69 118451.04
22425.71 118456.57
22426.69 118461.95
22427.70 118467.50
22428.69 118473.13
22429.69 118478.67
22430.70 118484.18
22431.70 118489.90
22432.70 118495.51
22433.71 118501.16
22434.71 118506.40
22435.69 118511.39
22436.71 118516.79
22437.69 118521.95
22438.69 118527.40
22439.69 118532.77
22440.70 118538.41
22441.69 118543.85
22442.69 118549.56
22443.71 118555.31
22444.69 118560.70
22445.71 118566.30
22446.71 118571.96
22447.69 118577.43
22448.69 118582.97
22449.71 118588.59
22450.71 118594.19
22451.69 118599.90
22452.70 118605.61
22453.71 118611.36
22454.69 118616.86
22455.71 118622.23
22456.69 118627.77
22457.69 118633.43
22458.70 118639.18
22459.71 118644.77
22460.69 118650.40
22461.70 118656.06
22462.71 118661.56
22463.70 118667.25
22464.69 118672.98
22465.70 118678.12
22466.69 118683.71
22467.70 118689.27
22468.69 118694.76
22469.71 118700.32
22470.71 118705.90
22471.69 118711.50
22472.71 118717.25
22473.69 118722.73
22474.69 118728.58
22475.69 118734.15
22476.69 118739.81
22477.70 118745.45
22478.69 118751.09
22479.70 118756.78
22480.70 118762.55
22481.69 118768.04
22482.69 118773.71
22483.70 118779.42
22484.70 118785.03
22485.71 118790.73
22486.70 118796.03
22487.70 118801.78
22488.70 118807.41
22489.69 118813.12
22490.70 118818.66
22491.69 118824.19
22492.70 118829.89
22493.69 118835.52
22494.69 118841.12
22495.71 118846.40
22496.69 118851.59
22497.69 118856.95
22498.70 118862.61
22499.69 118868.25
22500.70 118873.98
22501.69 118879.74
22502.71 118885.47
22503.70 118891.05
22504.71 118896.94
22505.69 118902.65
22506.71 118908.47
22507.69 118914.08
22508.69 118919.75
22509.69 118925.52
22510.70 118931.42
22511.69 118936.92
22512.69 118942.58
22513.69 118948.13
22514.69 118953.83
22515.69 118959.61
22516.68 118965.27
22517.69 118970.96
22518.68 118976.48
22519.69 118982.23
22520.68 118987.85
22521.68 118993.29
22522.69 118998.87
22523.69 119004.53
22524.69 119010.30
22525.68 119015.30
22526.69 119020.56
22527.69 119026.11
22528.70 119031.74
22529.69 119037.38
22530.68 119042.96
22531.69 119048.65
22532.69 119053.96
22533.69 119059.36
22534.71 119064.98
22535.70 119070.65
22536.68 119075.81
22537.69 119081.50
22538.69 119086.96
22539.68 119092.37
22540.70 119097.95
22541.69 119103.63
22542.69 119109.07
22543.69 119114.49
22544.69 119120.05
22545.69 119125.31
22546.69 119130.70
22547.69 119135.97
22548.68 119141.21
22549.69 119146.48
22550.68 119151.74
22551.69 119157.19
22552.69 119162.57
22553.69 119168.13
22554.70 119173.42
22555.69 119178.43
22556.70 119183.85
22557.69 119188.94
22558.69 119194.35
22559.71 119199.88
22560.69 119205.16
22561.69 119210.58
22562.70 119215.97
22563.69 119221.23
22564.70 119226.73
22565.69 119232.06
22566.70 119237.73
22567.70 119243.17
22568.69 119248.53
22569.69 119253.68
22570.69 119259.11
22571.69 119264.32
22572.69 119269.54
22573.69 119274.74
22574.69 119280.32
22575.69 119285.73
22576.69 119291.31
22577.71 119296.81
22578.69 119302.17
22579.71 119307.55
22580.68 119312.70
22581.70 119318.35
22582.69 119323.76
22583.69 119329.23
22584.69 119334.79
22585.69 119339.69
22586.69 119345.02
22587.69 119350.33
22588.69 119355.89
22589.69 119361.46
22590.69 119366.90
22591.71 119372.36
22592.69 119377.69
22593.70 119383.22
22594.71 119388.59
22595.69 119393.82
22596.70 119399.44
22597.69 119404.78
22598.69 119410.06
22599.69 119415.60
22600.70 119420.92
22601.69 119426.64
22602.70 119432.20
22603.69 119438.04
22604.68 119443.70
22605.69 119449.12
22606.69 119454.71
22607.70 119460.33
22608.69 119465.81
22609.70 119471.55
22610.69 119477.08
22611.69 119482.82
22612.71 119488.31
22613.69 119493.84
22614.68 119499.40
22615.70 119504.69
22616.71 119510.19
22617.69 119515.34
22618.69 119520.77
22619.69 119526.38
22620.69 119531.97
22621.69 119537.62
22622.70 119543.39
22623.69 119548.76
22624.69 119553.95
22625.71 119559.61
22626.70 119565.13
22627.70 119570.94
22628.71 119576.67
22629.69 119582.05
22630.71 119587.78
22631.69 119593.35
22632.69 119598.85
22633.71 119604.51
22634.68 119610.01
22635.69 119615.63
22636.68 119620.92
22637.69 119626.45
22638.69 119631.85
22639.69 119637.36
22640.69 119642.94
22641.68 119648.48
22642.69 119653.72
22643.68 119658.75
22644.69 119664.47
22645.69 119669.66
22646.69 119674.86
22647.68 119680.11
22648.69 119685.64
22649.69 119691.18
22650.69 119696.99
22651.68 119702.45
22652.69 119708.05
22653.68 119713.64
22654.69 119719.41
22655.69 119725.07
22656.69 119730.69
22657.69 119736.37
22658.70 119741.88
22659.71 119747.48
22660.69 119753.07
22661.69 119758.69
22662.69 119764.42
22663.68 119770.07
22664.69 119775.63
22665.68 119781.20
22666.70 119786.77
22667.69 119792.31
22668.69 119797.85
22669.69 119803.51
22670.68 119809.15
22671.69 119814.83
22672.70 119820.61
22673.68 119826.07
22674.69 119831.58
22675.69 119836.80
22676.68 119841.90
22677.69 119847.06
22678.69 119852.68
22679.69 119858.26
22680.68 119863.74
22681.69 119869.15
22682.69 119874.68
22683.69 119880.29
22684.69 119885.96
22685.69 119891.67
22686.68 119897.14
22687.69 119902.60
22688.69 119908.11
22689.69 119913.65
22690.69 119918.97
22691.69 119924.64
22692.68 119930.25
22693.69 119936.03
22694.68 119941.47
22695.69 119947.14
22696.69 119952.68
22697.68 119958.02
22698.69 119963.39
22699.69 119968.89
22700.69 119974.26
22701.70 119979.70
22702.69 119985.21
22703.68 119990.52
22704.68 119995.98
22705.69 120001.18
22706.70 120006.59
22707.69 120011.96
22708.68 120017.53
22709.69 120023.13
22710.69 120028.74
22711.68 120034.08
22712.69 120039.71
22713.70 120045.33
22714.69 120050.78
22715.69 120056.34
22716.69 120061.79
22717.69 120067.42
22718.69 120072.99
22719.71 120078.70
22720.70 120084.02
22721.68 120089.23
22722.69 120094.97
22723.70 120100.65
22724.68 120106.08
22725.69 120111.65
22726.69 120116.93
22727.69 120122.48
22728.69 120128.08
22729.69 120133.65
22730.69 120139.00
22731.69 120144.49
22732.69 120150.10
22733.69 120155.47
22734.69 120160.97
22735.69 120166.10
22736.69 120171.34
22737.70 120176.79
22738.69 120182.15
22739.70 120187.76
22740.69 120193.15
22741.70 120199.01
22742.69 120204.66
22743.69 120210.29
22744.68 120215.91
22745.69 120221.46
22746.70 120227.03
22747.69 120232.57
22748.69 120238.26
22749.69 120244.00
22750.69 120249.70
22751.69 120255.17
22752.69 120260.77
22753.68 120266.23
22754.68 120272.03
22755.68 120277.60
22756.69 120283.35
22757.69 120288.99
22758.68 120294.50
22759.70 120300.11
22760.69 120305.76
22761.69 120311.35
22762.69 120316.86
22763.70 120322.49
22764.69 120328.17
22765.70 120333.54
22766.69 120338.70
22767.69 120344.10
22768.69 120349.67
22769.70 120355.32
22770.70 120361.13
22771.68 120366.91
22772.69 120372.54
22773.70 120378.14
22774.70 120383.63
22775.70 120389.25
22776.68 120394.73
22777.69 120400.36
22778.69 120405.76
22779.72 120411.44
22780.69 120416.98
22781.70 120422.70
22782.70 120428.13
22783.69 120433.72
22784.68 120439.08
22785.70 120444.74
22786.68 120450.15
22787.69 120455.58
22788.68 120461.11
22789.68 120466.59
22790.70 120472.27
22791.68 120477.78
22792.68 120483.25
22793.70 120488.82
22794.70 120494.46
22795.68 120499.47
22796.69 120504.96
22797.69 120510.31
22798.69 120515.90
22799.70 120521.59
22800.68 120527.08
22801.69 120532.67
22802.69 120538.33
22803.70 120543.89
22804.68 120549.32
22805.69 120555.19
22806.68 120560.74
22807.69 120566.59
22808.70 120572.43
22809.70 120578.00
22810.69 120583.65
22811.69 120589.43
22812.70 120595.23
22813.70 120600.95
22814.68 120606.42
22815.70 120611.94
22816.70 120617.67
22817.68 120623.21
22818.68 120628.95
22819.69 120634.46
22820.70 120640.31
22821.68 120645.87
22822.69 120651.42
22823.69 120657.21
22824.69 120662.90
22825.69 120668.16
22826.69 120673.46
22827.69 120678.82
22828.68 120684.43
22829.69 120690.14
22830.68 120695.81
22831.68 120701.45
22832.70 120707.21
22833.69 120712.86
22834.69 120718.59
22835.71 120724.28
22836.69 120729.75
22837.70 120735.23
22838.69 120740.59
22839.71 120746.29
22840.70 120751.85
22841.70 120757.54
22842.70 120763.28
22843.70 120768.89
22844.69 120774.49
22845.70 120780.18
22846.70 120786.00
22847.69 120791.58
22848.70 120797.03
22849.70 120802.43
22850.69 120807.77
22851.69 120813.08
22852.70 120818.87
22853.69 120824.35
22854.68 120829.67
22855.70 120834.55
22856.70 120839.51
22857.70 120844.76
22858.68 120850.23
22859.70 120855.96
22860.68 120861.44
22861.69 120867.02
22862.68 120872.44
22863.71 120878.27
22864.69 120883.52
22865.70 120889.04
22866.70 120894.51
22867.70 120900.03
22868.70 120905.47
22869.69 120910.89
22870.70 120916.78
22871.68 120922.13
22872.70 120927.60
22873.69 120932.92
22874.69 120938.32
22875.69 120943.90
22876.69 120949.17
22877.69 120954.14
22878.70 120959.77
22879.68 120965.15
22880.69 120970.67
22881.70 120976.42
22882.68 120981.87
22883.68 120987.51
22884.70 120993.17
22885.70 120998.50
22886.69 121003.64
22887.69 121008.93
22888.70 121014.32
22889.70 121019.86
22890.71 121025.46
22891.70 121031.08
22892.71 121036.58
22893.70 121042.14
22894.71 121047.82
22895.70 121053.40
22896.69 121058.88
22897.70 121064.54
22898.70 121070.04
22899.71 121075.89
22900.70 121081.44
22901.69 121086.89
22902.70 121092.83
22903.70 121098.58
22904.70 121104.23
22905.70 121109.92
22906.70 121115.51
22907.70 121121.05
22908.69 121126.79
22909.70 121132.43
22910.70 121138.20
22911.70 121143.79
22912.69 121149.24
22913.70 121154.84
22914.68 121160.51
22915.69 121165.64
22916.70 121170.95
22917.70 121176.13
22918.70 121181.71
22919.70 121187.28
22920.70 121193.00
22921.68 121198.51
22922.69 121204.07
22923.70 121209.79
22924.70 121215.50
22925.69 121221.13
22926.69 121226.54
22927.69 121232.19
22928.70 121237.93
22929.68 121243.31
22930.69 121249.00
22931.70 121254.62
22932.70 121260.36
22933.69 121265.81
22934.70 121271.60
22935.70 121277.41
22936.70 121283.03
22937.70 121288.80
22938.70 121294.29
22939.69 121299.88
22940.70 121305.55
22941.69 121311.00
22942.70 121316.63
22943.70 121322.33
22944.68 121327.88
22945.69 121333.09
22946.69 121338.29
22947.70 121343.49
22948.70 121349.14
22949.70 121354.77
22950.68 121360.22
22951.69 121365.93
22952.70 121371.61
22953.68 121377.05
22954.69 121382.79
22955.70 121388.48
22956.69 121394.06
22957.70 121399.86
22958.69 121405.53
22959.72 121411.19
22960.70 121416.58
22961.70 121422.22
22962.68 121427.75
22963.69 121433.33
22964.70 121438.66
22965.71 121444.16
22966.69 121449.61
22967.69 121455.18
22968.70 121460.83
22969.69 121466.36
22970.70 121471.72
22971.70 121477.31
22972.69 121482.68
22973.70 121488.50
22974.69 121494.16
22975.70 121499.39
22976.70 121504.38
22977.70 121509.43
22978.70 121515.06
22979.70 121520.67
22980.70 121526.31
22981.70 121531.88
22982.70 121537.47
22983.69 121543.09
22984.69 121548.60
22985.70 121554.19
22986.68 121559.62
22987.70 121565.29
22988.70 121570.96
22989.70 121576.34
22990.70 121581.87
22991.70 121587.46
22992.70 121593.00
22993.70 121598.56
22994.70 121604.09
22995.69 121609.43
22996.70 121615.15
22997.69 121620.54
22998.70 121626.18
22999.70 121631.47
23000.70 121636.95
23001.68 121642.26
23002.70 121647.76
23003.69 121653.16
23004.70 121658.45
23005.70 121663.34
23006.70 121668.46
23007.70 121673.72
23008.70 121679.05
23009.68 121684.46
23010.70 121690.04
23011.70 121695.29
23012.69 121700.65
23013.70 121706.07
23014.70 121711.57
23015.69 121716.95
23016.70 121722.39
23017.70 121727.62
23018.70 121732.84
23019.72 121738.38
23020.69 121743.81
23021.70 121749.24
23022.70 121754.50
23023.71 121759.84
23024.69 121764.95
23025.70 121770.20
23026.70 121775.31
23027.69 121780.32
23028.69 121785.52
23029.70 121790.92
23030.70 121796.33
23031.69 121801.48
23032.70 121806.94
23033.69 121812.19
23034.69 121817.43
23035.70 121822.57
23036.70 121827.78
23037.68 121832.95
23038.70 121838.35
23039.70 121843.64
23040.70 121848.92
23041.68 121854.31
23042.69 121859.52
23043.70 121864.99
23044.69 121870.29
23045.70 121875.59
23046.70 121880.82
23047.70 121885.66
23048.70 121891.20
23049.69 121896.53
23050.70 121901.92
23051.70 121907.35
23052.69 121912.72
23053.70 121918.11
23054.69 121923.42
23055.70 121928.80
23056.70 121934.35
23057.70 121939.88
23058.69 121945.16
23059.69 121950.92
23060.70 121956.50
23061.70 121961.67
23062.70 121966.97
23063.70 121972.40
23064.70 121977.72
23065.70 121982.92
23066.69 121987.96
23067.70 121993.32
23068.70 121998.56
23069.70 122003.91
23070.70 122009.46
23071.70 122015.10
23072.69 122020.59
23073.70 122026.28
23074.69 122031.75
23075.70 122037.20
23076.70 122042.86
23077.68 122047.96
23078.70 122053.26
23079.72 122058.59
23080.69 122063.59
23081.69 122069.10
23082.71 122074.57
23083.69 122079.45
23084.70 122085.04
23085.71 122090.81
23086.70 122096.14
23087.70 122101.53
23088.71 122107.14
23089.70 122112.69
23090.70 122118.25
23091.70 122123.65
23092.70 122129.11
23093.70 122134.75
23094.70 122140.17
23095.70 122145.12
23096.69 122150.37
23097.70 122155.66
23098.70 122160.87
23099.70 122166.24
23100.70 122171.71
23101.70 122177.11
23102.71 122182.66
23103.70 122188.11
23104.70 122193.54
23105.70 122199.27
23106.70 122204.86
23107.70 122210.40
23108.71 122216.14
23109.70 122221.58
23110.70 122227.19
23111.70 122232.82
23112.69 122238.31
23113.69 122244.05
23114.70 122249.58
23115.70 122255.08
23116.70 122260.73
23117.70 122266.34
23118.70 122272.02
23119.70 122277.52
23120.70 122283.14
23121.70 122288.76
23122.70 122294.36
23123.70 122299.82
23124.70 122305.64
23125.70 122310.97
23126.70 122316.05
23127.69 122321.46
23128.69 122326.77
23129.70 122332.13
23130.69 122337.53
23131.70 122343.04
23132.71 122348.71
23133.71 122354.28
23134.70 122359.70
23135.70 122365.23
23136.70 122370.78
23137.70 122376.18
23138.69 122381.48
23139.72 122387.17
23140.70 122392.54
23141.70 122398.14
23142.70 122403.70
23143.71 122409.45
23144.70 122414.95
23145.69 122420.20
23146.70 122425.76
23147.71 122431.31
23148.70 122436.76
23149.70 122442.43
23150.70 122448.02
23151.70 122453.55
23152.69 122459.00
23153.70 122464.49
23154.70 122469.82
23155.70 122474.54
23156.70 122479.91
23157.70 122485.13
23158.70 122490.69
23159.70 122496.30
23160.70 122501.98
23161.70 122507.59
23162.70 122513.27
23163.70 122518.89
23164.70 122524.62
23165.69 122530.11
23166.71 122535.61
23167.70 122540.72
23168.70 122546.23
23169.72 122552.03
23170.70 122557.50
23171.70 122563.10
23172.70 122568.50
23173.69 122574.17
23174.70 122579.60
23175.70 122585.25
23176.70 122590.74
23177.70 122596.13
23178.70 122601.57
23179.70 122607.17
23180.70 122612.89
23181.70 122618.44
23182.70 122623.94
23183.70 122629.59
23184.70 122634.92
23185.69 122639.89
23186.69 122645.33
23187.71 122650.77
23188.70 122656.04
23189.70 122661.33
23190.69 122666.66
23191.70 122672.21
23192.71 122677.79
23193.70 122683.25
23194.70 122688.54
23195.71 122693.81
23196.70 122699.23
23197.69 122704.80
23198.70 122710.42
23199.71 122715.92
23200.70 122721.32
23201.70 122726.67
23202.71 122732.32
23203.70 122737.91
23204.70 122743.44
23205.70 122748.78
23206.71 122754.36
23207.69 122759.88
23208.70 122765.57
23209.70 122771.04
23210.70 122776.60
23211.70 122782.21
23212.70 122787.77
23213.70 122793.40
23214.70 122798.81
23215.70 122803.92
23216.70 122809.30
23217.70 122814.62
23218.71 122819.78
23219.70 122825.26
23220.70 122830.84
23221.71 122836.51
23222.70 122842.05
23223.70 122847.71
23224.71 122853.10
23225.71 122858.53
23226.70 122864.05
23227.71 122869.23
23228.70 122874.54
23229.70 122879.99
23230.71 122885.45
23231.70 122891.03
23232.69 122896.62
23233.70 122902.44
23234.70 122907.87
23235.70 122913.38
23236.70 122918.56
23237.70 122924.21
23238.70 122929.64
23239.70 122935.19
23240.71 122940.74
23241.70 122946.34
23242.70 122951.97
23243.70 122957.71
23244.70 122963.34
23245.70 122968.59
23246.70 122973.99
23247.70 122979.20
23248.70 122984.18
23249.70 122989.58
23250.70 122995.26
23251.70 123000.90
23252.70 123006.58
23253.71 123012.29
23254.71 123017.88
23255.70 123023.58
23256.70 123029.27
23257.70 123034.99
23258.70 123040.70
23259.72 123046.41
23260.70 123052.01
23261.70 123057.79
23262.70 123063.71
23263.69 123069.35
23264.71 123075.04
23265.71 123080.59
23266.70 123086.14
23267.70 123091.77
23268.70 123097.50
23269.71 123103.21
23270.70 123108.97
23271.70 123114.54
23272.70 123120.10
23273.71 123125.83
23274.70 123131.54
23275.71 123137.15
23276.70 123142.38
23277.70 123147.91
23278.70 123153.18
23279.70 123158.72
23280.70 123164.48
23281.71 123170.08
23282.70 123175.69
23283.70 123181.13
23284.70 123186.79
23285.70 123192.69
23286.70 123198.54
23287.70 123204.25
23288.70 123209.97
23289.71 123215.65
23290.70 123221.26
23291.70 123227.06
23292.70 123232.79
23293.70 123238.29
23294.70 123243.96
23295.70 123249.70
23296.70 123255.51
23297.70 123261.27
23298.70 123266.77
23299.70 123272.41
23300.70 123278.02
23301.70 123283.46
23302.70 123288.99
23303.69 123294.69
23304.70 123300.16
23305.70 123305.18
23306.71 123310.37
23307.70 123315.48
23308.70 123320.76
23309.70 123326.25
23310.70 123331.71
23311.70 123337.07
23312.70 123342.50
23313.70 123348.14
23314.70 123353.59
23315.70 123359.12
23316.71 123364.63
23317.70 123370.13
23318.70 123375.79
23319.73 123381.49
23320.71 123386.86
23321.71 123392.39
23322.71 123397.81
23323.70 123403.09
23324.70 123408.48
23325.71 123413.94
23326.70 123419.27
23327.71 123424.31
23328.70 123429.39
23329.71 123434.78
23330.70 123440.22
23331.70 123445.74
23332.70 123451.25
23333.69 123456.50
23334.71 123461.66
23335.70 123466.48
23336.70 123471.21
23337.70 123476.28
23338.70 123481.52
23339.71 123487.02
23340.71 123492.19
23341.70 123497.62
23342.70 123503.10
23343.70 123508.54
23344.70 123513.71
23345.71 123519.29
23346.71 123524.73
23347.70 123530.06
23348.70 123535.64
23349.74 123541.38
23350.71 123546.87
23351.70 123552.34
23352.71 123557.92
23353.70 123563.44
23354.70 123569.01
23355.70 123574.68
23356.70 123580.39
23357.70 123585.71
23358.70 123591.20
23359.70 123596.62
23360.70 123602.16
23361.70 123607.80
23362.70 123613.32
23363.71 123618.81
23364.71 123624.63
23365.70 123629.83
23366.70 123634.93
23367.70 123640.36
23368.70 123644.98
23369.70 123650.23
23370.70 123655.88
23371.70 123661.54
23372.71 123667.33
23373.70 123672.92
23374.70 123678.38
23375.71 123683.93
23376.70 123689.61
23377.70 123695.38
23378.70 123700.97
23379.73 123706.72
23380.71 123712.08
23381.70 123717.46
23382.70 123723.21
23383.70 123728.83
23384.71 123734.25
23385.70 123739.96
23386.70 123745.65
23387.71 123751.38
23388.69 123756.82
23389.70 123762.47
23390.70 123768.31
23391.70 123773.84
23392.70 123779.37
23393.71 123785.07
23394.70 123790.40
23395.71 123795.86
23396.71 123801.06
23397.69 123806.36
23398.70 123811.82
23399.70 123817.43
23400.70 123823.03
23401.70 123828.81
23402.70 123834.26
23403.70 123839.74
23404.71 123845.08
23405.70 123850.08
23406.70 123855.61
23407.70 123861.30
23408.69 123866.64
23409.71 123872.18
23410.71 123877.66
23411.70 123882.96
23412.70 123888.49
23413.70 123894.10
23414.70 123899.65
23415.71 123905.33
23416.70 123910.89
23417.70 123916.39
23418.70 123921.70
23419.71 123927.59
23420.71 123933.37
23421.70 123938.89
23422.70 123944.38
23423.71 123950.15
23424.70 123955.72
23425.71 123961.04
23426.71 123966.12
23427.70 123971.48
23428.70 123976.77
23429.70 123982.07
23430.69 123987.66
23431.71 123993.23
23432.69 123998.46
23433.70 124004.02
23434.70 124009.46
23435.70 124015.09
23436.70 124020.70
23437.70 124026.28
23438.70 124031.72
23439.71 124037.30
23440.70 124042.76
23441.70 124048.37
23442.71 124053.75
23443.70 124059.33
23444.70 124065.00
23445.70 124070.64
23446.70 124076.18
23447.70 124081.73
23448.70 124087.32
23449.70 124092.72
23450.70 124098.33
23451.70 124103.74
23452.70 124109.18
23453.70 124114.67
23454.70 124120.12
23455.70 124125.31
23456.70 124130.12
23457.70 124135.25
23458.72 124140.51
23459.70 124145.53
23460.70 124150.59
23461.70 124156.07
23462.71 124161.43
23463.70 124166.67
23464.71 124172.20
23465.71 124177.60
23466.70 124183.15
23467.71 124188.45
23468.71 124193.93
23469.70 124199.44
23470.70 124205.02
23471.70 124210.60
23472.70 124216.05
23473.71 124221.59
23474.70 124226.98
23475.70 124232.43
23476.70 124237.82
23477.70 124243.29
23478.70 124248.81
23479.70 124254.05
23480.71 124259.27
23481.70 124264.54
23482.70 124269.93
23483.72 124275.20
23484.70 124280.22
23485.70 124285.23
23486.70 124290.02
23487.70 124295.03
23488.70 124300.27
23489.70 124305.76
23490.70 124310.91
23491.70 124316.08
23492.70 124321.50
23493.70 124326.87
23494.70 124332.21
23495.71 124337.46
23496.70 124342.75
23497.70 124348.21
23498.72 124353.61
23499.72 124359.09
23500.71 124364.42
23501.70 124369.52
23502.71 124374.66
23503.70 124380.13
23504.70 124385.53
23505.70 124391.06
23506.70 124396.36
23507.70 124401.55
23508.70 124407.04
23509.71 124412.58
23510.70 124418.14
23511.70 124423.37
23512.70 124428.78
23513.70 124434.22
23514.70 124439.46
23515.70 124444.84
23516.71 124450.06
23517.70 124455.37
23518.70 124460.64
23519.70 124466.08
23520.70 124471.57
23521.70 124477.04
23522.70 124482.79
23523.71 124488.12
23524.70 124493.73
23525.71 124499.19
23526.70 124504.83
23527.70 124510.45
23528.70 124515.88
23529.74 124521.67
23530.70 124526.91
23531.71 124532.41
23532.71 124537.71
23533.70 124543.17
23534.71 124548.45
23535.71 124553.86
23536.72 124559.45
23537.71 124564.71
23538.70 124569.99
23539.70 124575.43
23540.70 124580.82
23541.70 124586.39
23542.70 124591.86
23543.70 124597.42
23544.70 124602.80
23545.70 124608.13
23546.70 124613.25
23547.70 124618.33
23548.72 124623.49
23549.70 124628.89
23550.71 124634.54
23551.70 124640.14
23552.70 124645.72
23553.71 124651.13
23554.71 124656.67
23555.70 124662.25
23556.72 124667.86
23557.70 124673.41
23558.70 124678.94
23559.73 124684.43
23560.70 124689.76
23561.70 124695.17
23562.70 124700.79
23563.71 124706.59
23564.72 124712.17
23565.72 124717.71
23566.70 124723.46
23567.70 124729.05
23568.70 124734.57
23569.70 124740.25
23570.70 124745.76
23571.70 124751.27
23572.70 124756.87
23573.70 124762.38
23574.71 124768.10
23575.70 124773.42
23576.70 124778.69
23577.71 124784.00
23578.70 124789.26
23579.70 124794.93
23580.70 124800.45
23581.71 124805.88
23582.71 124811.34
23583.70 124816.83
23584.70 124822.41
23585.71 124827.90
23586.70 124833.36
23587.71 124839.02
23588.70 124844.44
23589.71 124850.13
23590.71 124855.84
23591.71 124861.38
23592.71 124867.10
23593.70 124872.69
23594.70 124878.36
23595.71 124883.98
23596.70 124889.40
23597.70 124895.24
23598.71 124900.84
23599.71 124906.29
23600.70 124911.90
23601.70 124917.44
23602.71 124923.12
23603.71 124928.70
23604.70 124934.29
23605.70 124939.82
23606.70 124944.96
23607.70 124950.20
23608.70 124955.61
23609.70 124961.12
23610.70 124966.50
23611.71 124971.81
23612.70 124977.20
23613.71 124982.83
23614.71 124988.48
23615.70 124993.92
23616.70 124999.43
23617.70 125004.98
23618.70 125010.39
23619.73 125016.06
23620.70 125021.48
23621.72 125027.05
23622.69 125032.61
23623.70 125038.16
23624.71 125043.74
23625.70 125049.06
23626.71 125054.65
23627.71 125060.20
23628.69 125065.76
23629.70 125071.44
23630.72 125077.05
23631.70 125082.57
23632.70 125087.91
23633.70 125093.59
23634.71 125099.04
23635.71 125104.39
23636.70 125109.48
23637.71 125114.58
23638.70 125119.91
23639.70 125125.41
23640.70 125130.70
23641.70 125136.13
23642.70 125141.58
23643.71 125147.16
23644.70 125152.53
23645.70 125157.58
23646.70 125163.10
23647.70 125168.34
23648.70 125173.82
23649.71 125179.21
23650.70 125184.55
23651.71 125189.86
23652.70 125195.14
23653.71 125200.84
23654.70 125206.21
23655.70 125211.86
23656.71 125217.23
23657.70 125222.48
23658.70 125227.94
23659.70 125233.39
23660.71 125238.92
23661.70 125244.31
23662.71 125249.75
23663.70 125255.20
23664.70 125260.75
23665.72 125266.26
23666.71 125271.37
23667.70 125276.61
23668.71 125282.08
23669.70 125287.65
23670.70 125293.14
23671.71 125298.94
23672.70 125304.45
23673.70 125310.02
23674.70 125315.28
23675.70 125320.78
23676.71 125326.49
23677.70 125331.17
23678.70 125336.96
23679.73 125342.80
23680.70 125348.13
23681.70 125353.75
23682.71 125359.17
23683.70 125364.57
23684.70 125370.22
23685.70 125375.69
23686.72 125381.19
23687.70 125386.47
23688.70 125391.94
23689.70 125397.32
23690.70 125402.97
23691.70 125408.54
23692.70 125413.88
23693.71 125418.73
23694.72 125423.39
23695.72 125428.76
23696.70 125433.59
23697.70 125438.30
23698.70 125443.45
23699.71 125449.10
23700.72 125454.85
23701.70 125460.40
23702.70 125465.99
23703.70 125471.28
23704.71 125476.49
23705.70 125481.84
23706.70 125487.42
23707.72 125492.99
23708.70 125498.39
23709.70 125503.79
23710.71 125509.19
23711.70 125514.47
23712.70 125520.15
23713.71 125526.04
23714.71 125531.58
23715.72 125537.03
23716.70 125542.50
23717.72 125548.16
23718.70 125553.60
23719.71 125559.22
23720.70 125564.75
23721.71 125570.42
23722.71 125576.06
23723.70 125581.49
23724.70 125587.32
23725.72 125593.01
23726.71 125598.06
23727.70 125603.24
23728.70 125608.57
23729.70 125614.48
23730.71 125620.25
23731.70 125625.73
23732.71 125631.37
23733.71 125636.86
23734.72 125642.58
23735.70 125648.24
23736.70 125654.05
23737.71 125659.54
23738.70 125664.84
23739.74 125670.75
23740.70 125676.24
23741.70 125682.00
23742.70 125687.61
23743.70 125693.35
23744.71 125699.03
23745.72 125704.62
23746.70 125710.14
23747.70 125715.81
23748.72 125721.46
23749.70 125726.97
23750.71 125732.60
23751.71 125738.20
23752.70 125743.63
23753.70 125749.11
23754.71 125754.87
23755.72 125760.39
23756.70 125765.32
23757.71 125770.74
23758.72 125776.09
23759.70 125781.52
23760.70 125787.00
23761.72 125792.30
23762.70 125797.54
23763.70 125802.77
23764.72 125808.19
23765.70 125813.56
23766.72 125819.00
23767.72 125824.49
23768.70 125829.74
23769.74 125835.50
23770.70 125840.93
23771.70 125846.47
23772.72 125852.04
23773.72 125857.59
23774.70 125863.07
23775.70 125868.49
23776.71 125874.15
23777.72 125879.81
23778.71 125885.31
23779.71 125890.93
23780.71 125896.64
23781.70 125902.14
23782.71 125907.77
23783.70 125913.16
23784.71 125918.78
23785.72 125924.31
23786.70 125929.34
23787.70 125934.60
23788.70 125940.03
23789.71 125945.26
23790.71 125950.87
23791.70 125956.22
23792.70 125961.60
23793.71 125967.26
23794.72 125972.90
23795.70 125978.34
23796.70 125983.91
23797.70 125989.56
23798.71 125995.14
23799.72 126000.78
23800.70 126006.35
23801.70 126012.10
23802.72 126017.60
23803.71 126023.32
23804.71 126028.83
23805.71 126034.47
23806.72 126039.89
23807.72 126045.60
23808.71 126051.05
23809.72 126056.76
23810.71 126062.19
23811.71 126067.41
23812.70 126072.89
23813.71 126078.47
23814.71 126084.06
23815.70 126089.37
23816.69 126094.49
23817.72 126099.91
23818.70 126105.22
23819.70 126110.89
23820.70 126116.57
23821.70 126122.25
23822.70 126128.01
23823.70 126131.92
23824.68 126135.04
23825.80 126140.54
23826.72 126145.00
23827.74 126151.14
23828.77 126157.12
23829.69 126162.48
23830.69 126168.17
23831.70 126173.66
23832.69 126178.50
23833.69 126183.46
23834.68 126187.38
23835.68 126192.84
23836.68 126198.51
23837.70 126204.29
23838.70 126208.61
23839.70 126213.45
23840.71 126218.37
23841.71 126223.32
23842.71 126228.27
23843.71 126233.04
23844.70 126238.22
23845.71 126243.12
23846.70 126247.50
23847.71 126250.96
23848.71 126256.18
23849.71 126260.93
23850.71 126265.50
23851.71 126271.10
23852.74 126276.86
23853.77 126282.59
23854.74 126287.76
23855.71 126292.82
23856.72 126298.37
23857.75 126304.38
23858.77 126310.48
23859.70 126315.05
23860.68 126320.09
23861.70 126325.04
23862.71 126328.95
23863.68 126334.11
23864.71 126340.15
23865.73 126346.08
23866.76 126351.73
23867.79 126357.92
23868.71 126363.05
23869.74 126368.68
23870.76 126374.40
23871.79 126380.06
23872.71 126385.04
23873.70 126390.56
23874.75 126396.53
23875.78 126402.09
23876.70 126406.70
23877.71 126411.79
23878.71 126417.00
23879.77 126422.61
23880.80 126428.11
23881.72 126433.12
23882.74 126438.75
23883.71 126442.87
23884.71 126447.75
23885.81 126453.06
23886.73 126457.41
23887.77 126461.97
23888.79 126467.00
23889.71 126471.51
23890.70 126476.40
23891.70 126480.12
23892.77 126486.05
23893.69 126490.81
23894.69 126495.32
23895.74 126500.91
23896.76 126505.98
23897.70 126510.77
23898.70 126516.29
23899.71 126520.80
23900.71 126525.58
23901.70 126530.21
23902.70 126534.90
23903.70 126539.70
23904.70 126544.21
23905.70 126548.23
23906.71 126553.35
23907.72 126558.02
23908.73 126563.13
23909.71 126567.62
23910.71 126572.59
23911.71 126577.80
23912.69 126582.08
23913.70 126585.59
23914.70 126589.74
23915.72 126595.65
23916.69 126599.72
23917.69 126605.15
23918.69 126610.45
23919.71 126614.68
23920.71 126619.89
23921.71 126625.06
23922.78 126630.46
23923.81 126635.95
23924.73 126641.03
23925.70 126645.80
23926.71 126649.63
23927.70 126654.89
23928.71 126660.56
23929.75 126666.56
23930.71 126672.15
23931.70 126677.92
23932.82 126684.13
23933.71 126689.11
23934.71 126694.20
23935.71 126699.39
23936.73 126704.90
23937.72 126710.35
23938.70 126715.61
23939.78 126721.79
23940.71 126727.17
23941.73 126733.04
23942.70 126738.63
23943.70 126744.14
23944.80 126749.99
23945.73 126755.58
23946.71 126761.00
23947.71 126766.55
23948.72 126772.50
23949.70 126778.09
23950.74 126784.12
23951.75 126789.47
23952.70 126794.57
23953.71 126800.27
23954.73 126806.23
23955.76 126811.95
23956.78 126817.70
23957.70 126822.82
23958.73 126828.46
23959.75 126834.08
23960.77 126839.68
23961.80 126845.36
23962.72 126850.44
23963.71 126855.92
23964.70 126861.58
23965.71 126867.25
23966.71 126872.40
23967.71 126877.77
23968.72 126883.13
23969.71 126888.23
23970.70 126893.84
23971.71 126899.45
23972.71 126905.08
23973.70 126910.47
23974.70 126915.80
23975.70 126921.52
23976.70 126927.05
23977.70 126932.61
23978.71 126938.17
23979.73 126943.72
23980.73 126949.05
23981.75 126954.58
23982.79 126960.47
23983.79 126966.07
23984.73 126971.23
23985.76 126976.82
23986.79 126982.71
23987.81 126988.32
23988.73 126993.60
23989.76 126999.25
23990.78 127004.89
23991.80 127010.61
23992.72 127015.81
23993.72 127021.34
23994.71 127026.83
23995.79 127032.57
23996.71 127036.99
23997.72 127042.20
23998.70 127047.29
23999.72 127052.36
24000.71 127057.74
24001.73 127063.65
24002.76 127069.32
24003.78 127074.89
24004.71 127080.13
24005.73 127085.63
24006.75 127091.30
24007.78 127097.17
24008.80 127103.13
24009.72 127108.42
24010.75 127114.27
24011.77 127119.83
24012.79 127125.46
24013.72 127130.41
24014.74 127135.89
24015.77 127141.56
24016.79 127147.20
24017.71 127152.16
24018.73 127157.89
24019.76 127163.55
24020.79 127169.36
24021.81 127174.98
24022.73 127180.05
24023.71 127185.36
24024.77 127191.29
24025.80 127196.95
24026.72 127201.49
24027.71 127206.81
24028.73 127212.28
24029.73 127217.50
24030.72 127223.00
24031.74 127228.55
24032.70 127233.63
24033.70 127239.22
24034.70 127244.50
24035.69 127250.08
24036.69 127255.61
24037.70 127260.92
24038.71 127266.60
24039.70 127272.00
24040.71 127277.51
24041.71 127283.06
24042.71 127288.67
24043.71 127294.13
24044.72 127299.80
24045.77 127305.65
24046.79 127311.40
24047.71 127316.34
24048.74 127322.01
24049.76 127327.55
24050.79 127333.34
24051.81 127339.13
24052.73 127344.29
24053.71 127349.72
24054.78 127355.63
24055.81 127361.40
24056.70 127365.66
24057.71 127370.99
24058.71 127376.30
24059.71 127381.67
24060.72 127387.21
24061.75 127392.89
24062.77 127398.42
24063.79 127403.98
24064.82 127409.49
24065.71 127414.45
24066.77 127420.22
24067.76 127425.77
24068.71 127430.92
24069.75 127436.52
24070.75 127442.19
24071.78 127447.81
24072.70 127452.98
24073.73 127458.64
24074.75 127464.67
24075.77 127470.35
24076.80 127476.16
24077.70 127481.33
24078.72 127486.78
24079.77 127492.64
24080.79 127498.39
24081.71 127503.51
24082.74 127509.08
24083.70 127514.51
24084.79 127520.87
24085.81 127526.51
24086.70 127530.76
24087.72 127536.13
24088.71 127541.37
24089.73 127546.64
24090.73 127552.20
24091.75 127558.15
24092.77 127563.85
24093.80 127569.54
24094.71 127574.54
24095.70 127579.95
24096.70 127585.47
24097.71 127591.21
24098.70 127596.76
24099.72 127602.27
24100.72 127607.85
24101.71 127613.32
24102.71 127618.95
24103.71 127624.44
24104.70 127629.81
24105.70 127635.32
24106.71 127640.84
24107.70 127646.21
24108.72 127651.83
24109.72 127657.46
24110.72 127662.91
24111.71 127668.47
24112.72 127674.06
24113.71 127679.61
24114.72 127685.18
24115.72 127690.86
24116.72 127695.79
24117.71 127701.07
24118.72 127706.59
24119.71 127712.00
24120.73 127717.41
24121.75 127723.19
24122.78 127728.95
24123.80 127734.63
24124.72 127739.70
24125.75 127745.45
24126.77 127751.22
24127.79 127756.91
24128.83 127762.70
24129.74 127767.70
24130.71 127773.17
24131.71 127778.86
24132.81 127785.32
24133.73 127790.36
24134.76 127796.36
24135.78 127802.43
24136.81 127808.26
24137.70 127813.41
24138.75 127819.48
24139.77 127825.35
24140.80 127831.21
24141.72 127836.31
24142.75 127841.99
24143.71 127847.24
24144.79 127853.30
24145.72 127858.55
24146.71 127863.70
24147.71 127868.74
24148.72 127874.08
24149.71 127879.49
24150.73 127885.16
24151.76 127890.83
24152.78 127896.52
24153.81 127902.14
24154.73 127907.23
24155.75 127912.75
24156.77 127918.52
24157.80 127924.24
24158.72 127929.31
24159.75 127935.01
24160.77 127940.73
24161.79 127946.56
24162.82 127952.00
24163.74 127957.12
24164.76 127962.78
24165.79 127968.47
24166.81 127974.13
24167.71 127979.21
24168.76 127985.03
24169.71 127990.30
24170.70 127995.91
24171.71 128001.35
24172.71 128006.91
24173.71 128012.27
24174.70 128017.82
24175.72 128023.41
24176.73 128028.50
24177.72 128033.78
24178.71 128038.94
24179.72 128044.24
24180.71 128049.57
24181.71 128054.97
24182.71 128060.39
24183.71 128065.67
24184.72 128071.25
24185.75 128076.93
24186.76 128082.57
24187.79 128088.08
24188.72 128093.32
24189.75 128099.01
24190.77 128104.65
24191.80 128110.22
24192.72 128115.20
24193.75 128120.70
24194.77 128126.19
24195.79 128131.64
24196.81 128137.33
24197.71 128142.17
24198.76 128148.00
24199.78 128153.42
24200.81 128158.93
24201.73 128164.01
24202.75 128169.77
24203.71 128175.00
24204.80 128180.79
24205.73 128185.79
24206.71 128190.91
24207.73 128196.25
24208.71 128201.47
24209.72 128206.70
24210.74 128212.38
24211.77 128218.09
24212.79 128224.06
24213.81 128229.64
24214.70 128234.38
24215.76 128240.08
24216.78 128245.60
24217.81 128250.98
24218.73 128256.10
24219.75 128261.80
24220.78 128267.45
24221.80 128273.10
24222.72 128278.35
24223.75 128284.14
24224.72 128289.38
24225.79 128295.21
24226.72 128300.09
24227.70 128305.72
24228.76 128311.79
24229.79 128317.56
24230.82 128323.33
24231.73 128328.40
24232.75 128334.14
24233.70 128339.45
24234.81 128345.69
24235.71 128350.65
24236.71 128355.78
24237.71 128361.07
24238.71 128366.36
24239.72 128371.78
24240.71 128377.07
24241.71 128382.64
24242.71 128388.25
24243.71 128393.86
24244.71 128399.48
24245.70 128404.95
24246.70 128410.48
24247.71 128416.22
24248.72 128421.90
24249.72 128427.58
24250.71 128433.23
24251.71 128438.69
24252.72 128444.37
24253.75 128449.93
24254.74 128455.20
24255.80 128460.71
24256.72 128465.64
24257.70 128471.00
24258.77 128476.99
24259.79 128482.61
24260.82 128488.19
24261.74 128493.21
24262.76 128498.89
24263.70 128504.12
24264.81 128510.36
24265.73 128515.58
24266.71 128520.53
24267.70 128525.73
24268.70 128531.13
24269.71 128536.34
24270.75 128542.06
24271.77 128547.79
24272.80 128553.40
24273.72 128558.50
24274.75 128564.28
24275.77 128570.00
24276.71 128575.32
24277.71 128580.27
24278.76 128586.00
24279.76 128591.50
24280.79 128597.27
24281.81 128603.05
24282.73 128608.36
24283.75 128614.07
24284.78 128619.82
24285.80 128625.52
24286.72 128630.63
24287.72 128636.16
24288.77 128642.11
24289.80 128647.71
24290.72 128652.93
24291.75 128658.73
24292.76 128664.50
24293.71 128669.75
24294.81 128675.97
24295.74 128681.16
24296.71 128685.96
24297.72 128691.41
24298.71 128696.71
24299.71 128702.05
24300.75 128707.82
24301.78 128713.49
24302.81 128719.38
24303.72 128724.52
24304.71 128729.79
24305.71 128735.42
24306.70 128741.10
24307.71 128746.83
24308.71 128752.41
24309.71 128757.73
24310.71 128763.24
24311.71 128768.84
24312.71 128774.53
24313.71 128780.08
24314.71 128785.66
24315.71 128791.20
24316.71 128796.65
24317.72 128802.10
24318.71 128807.68
24319.71 128813.31
24320.71 128819.02
24321.70 128824.72
24322.71 128830.30
24323.70 128836.00
24324.71 128841.39
24325.74 128847.45
24326.74 128852.95
24327.71 128857.92
24328.72 128863.35
24329.74 128868.99
24330.69 128872.68
24331.77 128878.61
24332.79 128884.44
24333.71 128888.55
24334.69 128891.24
24335.70 128896.20
24336.70 128901.41
24337.71 128907.04
24338.76 128913.27
24339.77 128918.76
24340.79 128924.29
24341.72 128928.57
24342.72 128933.26
24343.72 128938.07
24344.71 128942.51
24345.72 128947.36
24346.74 128952.88
24347.73 128957.60
24348.72 128962.83
24349.72 128968.27
24350.72 128972.34
24351.72 128978.65
24352.78 128986.43
24353.70 128993.44
24354.72 129001.26
24355.75 129008.69
24356.77 129016.29
24357.79 129023.59
24358.81 129031.42
24359.74 129038.47
24360.76 129046.39
24361.78 129054.17
24362.81 129062.07
24363.73 129069.11
24364.71 129076.34
24365.70 129084.15
24366.79 129092.60
24367.70 129099.23
24368.71 129107.42
24369.71 129115.15
24370.71 129122.68
24371.70 129130.50
24372.71 129137.94
