timestamp,id,uuid,load,memoryUtil,memoryTotal,memoryUsed,memoryFree,driver,name,serial,display_mode,display_active
1672424527.763081,0,GPU-a71d5fd4-b7db-93b7-1b7a-5a6e2a6a8c65,0.0,0.32255859375,10240.0,6937.0,472.12,NVIDIA GeForce RTX 3080,[N/A],Enabled,Enabled
1672424528.759092,0,GPU-a71d5fd4-b7db-93b7-1b7a-5a6e2a6a8c65,0.0,0.32255859375,10240.0,6937.0,472.12,NVIDIA GeForce RTX 3080,[N/A],Enabled,Enabled
1672424529.768088,0,GPU-a71d5fd4-b7db-93b7-1b7a-5a6e2a6a8c65,0.0,0.32255859375,10240.0,6937.0,472.12,NVIDIA GeForce RTX 3080,[N/A],Enabled,Enabled
1672424530.761066,0,GPU-a71d5fd4-b7db-93b7-1b7a-5a6e2a6a8c65,0.0,0.32255859375,10240.0,6937.0,472.12,NVIDIA GeForce RTX 3080,[N/A],Enabled,Enabled
1672424531.771584,0,GPU-a71d5fd4-b7db-93b7-1b7a-5a6e2a6a8c65,0.06,0.32548828125,10240.0,6907.0,472.12,NVIDIA GeForce RTX 3080,[N/A],Enabled,Enabled
1672424532.759635,0,GPU-a71d5fd4-b7db-93b7-1b7a-5a6e2a6a8c65,0.15,0.32705078125,10240.0,6891.0,472.12,NVIDIA GeForce RTX 3080,[N/A],Enabled,Enabled
1672424533.768322,0,GPU-a71d5fd4-b7db-93b7-1b7a-5a6e2a6a8c65,0.14,0.327734375,10240.0,6884.0,472.12,NVIDIA GeForce RTX 3080,[N/A],Enabled,Enabled
1672424534.759301,0,GPU-a71d5fd4-b7db-93b7-1b7a-5a6e2a6a8c65,0.14,0.327734375,10240.0,6884.0,472.12,NVIDIA GeForce RTX 3080,[N/A],Enabled,Enabled
1672424535.767829,0,GPU-a71d5fd4-b7db-93b7-1b7a-5a6e2a6a8c65,0.15,0.327734375,10240.0,6884.0,472.12,NVIDIA GeForce RTX 3080,[N/A],Enabled,Enabled
1672424536.76138,0,GPU-a71d5fd4-b7db-93b7-1b7a-5a6e2a6a8c65,0.15,0.3279296875,10240.0,6882.0,472.12,NVIDIA GeForce RTX 3080,[N/A],Enabled,Enabled
1672424537.764718,0,GPU-a71d5fd4-b7db-93b7-1b7a-5a6e2a6a8c65,0.17,0.33310546875,10240.0,6829.0,472.12,NVIDIA GeForce RTX 3080,[N/A],Enabled,Enabled
1672424538.767962,0,GPU-a71d5fd4-b7db-93b7-1b7a-5a6e2a6a8c65,0.18,0.415625,10240.0,5984.0,472.12,NVIDIA GeForce RTX 3080,[N/A],Enabled,Enabled
1672424539.759659,0,GPU-a71d5fd4-b7db-93b7-1b7a-5a6e2a6a8c65,0.15,0.35458984375,10240.0,6609.0,472.12,NVIDIA GeForce RTX 3080,[N/A],Enabled,Enabled
1672424540.764026,0,GPU-a71d5fd4-b7db-93b7-1b7a-5a6e2a6a8c65,0.14,0.32705078125,10240.0,6891.0,472.12,NVIDIA GeForce RTX 3080,[N/A],Enabled,Enabled
1672424541.767789,0,GPU-a71d5fd4-b7db-93b7-1b7a-5a6e2a6a8c65,0.14,0.32705078125,10240.0,6891.0,472.12,NVIDIA GeForce RTX 3080,[N/A],Enabled,Enabled
1672424542.771953,0,GPU-a71d5fd4-b7db-93b7-1b7a-5a6e2a6a8c65,0.15,0.32705078125,10240.0,6891.0,472.12,NVIDIA GeForce RTX 3080,[N/A],Enabled,Enabled
1672424543.76701,0,GPU-a71d5fd4-b7db-93b7-1b7a-5a6e2a6a8c65,0.14,0.32705078125,10240.0,6891.0,472.12,NVIDIA GeForce RTX 3080,[N/A],Enabled,Enabled
1672424544.760343,0,GPU-a71d5fd4-b7db-93b7-1b7a-5a6e2a6a8c65,0.14,0.32705078125,10240.0,6891.0,472.12,NVIDIA GeForce RTX 3080,[N/A],Enabled,Enabled
1672424545.768469,0,GPU-a71d5fd4-b7db-93b7-1b7a-5a6e2a6a8c65,0.14,0.32705078125,10240.0,6891.0,472.12,NVIDIA GeForce RTX 3080,[N/A],Enabled,Enabled
1672424546.769236,0,GPU-a71d5fd4-b7db-93b7-1b7a-5a6e2a6a8c65,0.14,0.32705078125,10240.0,6891.0,472.12,NVIDIA GeForce RTX 3080,[N/A],Enabled,Enabled
1672424547.760282,0,GPU-a71d5fd4-b7db-93b7-1b7a-5a6e2a6a8c65,0.14,0.32705078125,10240.0,6891.0,472.12,NVIDIA GeForce RTX 3080,[N/A],Enabled,Enabled
1672424548.768501,0,GPU-a71d5fd4-b7db-93b7-1b7a-5a6e2a6a8c65,0.14,0.32705078125,10240.0,6891.0,472.12,NVIDIA GeForce RTX 3080,[N/A],Enabled,Enabled
1672424549.76112,0,GPU-a71d5fd4-b7db-93b7-1b7a-5a6e2a6a8c65,0.14,0.32705078125,10240.0,6891.0,472.12,NVIDIA GeForce RTX 3080,[N/A],Enabled,Enabled
1672424550.764433,0,GPU-a71d5fd4-b7db-93b7-1b7a-5a6e2a6a8c65,0.14,0.32705078125,10240.0,6891.0,472.12,NVIDIA GeForce RTX 3080,[N/A],Enabled,Enabled
1672424551.773618,0,GPU-a71d5fd4-b7db-93b7-1b7a-5a6e2a6a8c65,0.15,0.32705078125,10240.0,6891.0,472.12,NVIDIA GeForce RTX 3080,[N/A],Enabled,Enabled
1672424552.762362,0,GPU-a71d5fd4-b7db-93b7-1b7a-5a6e2a6a8c65,0.15,0.32705078125,10240.0,6891.0,472.12,NVIDIA GeForce RTX 3080,[N/A],Enabled,Enabled
1672424553.769779,0,GPU-a71d5fd4-b7db-93b7-1b7a-5a6e2a6a8c65,0.15,0.32705078125,10240.0,6891.0,472.12,NVIDIA GeForce RTX 3080,[N/A],Enabled,Enabled
1672424554.758325,0,GPU-a71d5fd4-b7db-93b7-1b7a-5a6e2a6a8c65,0.14,0.32705078125,10240.0,6891.0,472.12,NVIDIA GeForce RTX 3080,[N/A],Enabled,Enabled
1672424555.766215,0,GPU-a71d5fd4-b7db-93b7-1b7a-5a6e2a6a8c65,0.16,0.32724609375,10240.0,6889.0,472.12,NVIDIA GeForce RTX 3080,[N/A],Enabled,Enabled
1672424556.760171,0,GPU-a71d5fd4-b7db-93b7-1b7a-5a6e2a6a8c65,0.13,0.3265625,10240.0,6896.0,472.12,NVIDIA GeForce RTX 3080,[N/A],Enabled,Enabled
1672424557.768114,0,GPU-a71d5fd4-b7db-93b7-1b7a-5a6e2a6a8c65,0.13,0.32548828125,10240.0,6907.0,472.12,NVIDIA GeForce RTX 3080,[N/A],Enabled,Enabled
1672424558.769542,0,GPU-a71d5fd4-b7db-93b7-1b7a-5a6e2a6a8c65,0.13,0.32548828125,10240.0,6907.0,472.12,NVIDIA GeForce RTX 3080,[N/A],Enabled,Enabled
1672424559.772412,0,GPU-a71d5fd4-b7db-93b7-1b7a-5a6e2a6a8c65,0.13,0.32548828125,10240.0,6907.0,472.12,NVIDIA GeForce RTX 3080,[N/A],Enabled,Enabled
1672424560.766299,0,GPU-a71d5fd4-b7db-93b7-1b7a-5a6e2a6a8c65,0.14,0.3330078125,10240.0,6830.0,472.12,NVIDIA GeForce RTX 3080,[N/A],Enabled,Enabled
1672424561.770166,0,GPU-a71d5fd4-b7db-93b7-1b7a-5a6e2a6a8c65,0.2,0.34619140625,10240.0,6695.0,472.12,NVIDIA GeForce RTX 3080,[N/A],Enabled,Enabled
1672424562.761287,0,GPU-a71d5fd4-b7db-93b7-1b7a-5a6e2a6a8c65,0.11,0.40537109375,10240.0,6089.0,472.12,NVIDIA GeForce RTX 3080,[N/A],Enabled,Enabled
1672424563.768105,0,GPU-a71d5fd4-b7db-93b7-1b7a-5a6e2a6a8c65,0.1,0.37890625,10240.0,6360.0,472.12,NVIDIA GeForce RTX 3080,[N/A],Enabled,Enabled
1672424564.762498,0,GPU-a71d5fd4-b7db-93b7-1b7a-5a6e2a6a8c65,0.14,0.37890625,10240.0,6360.0,472.12,NVIDIA GeForce RTX 3080,[N/A],Enabled,Enabled
1672424565.764798,0,GPU-a71d5fd4-b7db-93b7-1b7a-5a6e2a6a8c65,0.14,0.37890625,10240.0,6360.0,472.12,NVIDIA GeForce RTX 3080,[N/A],Enabled,Enabled
1672424566.768455,0,GPU-a71d5fd4-b7db-93b7-1b7a-5a6e2a6a8c65,0.15,0.40478515625,10240.0,6095.0,472.12,NVIDIA GeForce RTX 3080,[N/A],Enabled,Enabled
1672424567.76108,0,GPU-a71d5fd4-b7db-93b7-1b7a-5a6e2a6a8c65,0.08,0.40703125,10240.0,6072.0,472.12,NVIDIA GeForce RTX 3080,[N/A],Enabled,Enabled
1672424568.764394,0,GPU-a71d5fd4-b7db-93b7-1b7a-5a6e2a6a8c65,0.14,0.38056640625,10240.0,6343.0,472.12,NVIDIA GeForce RTX 3080,[N/A],Enabled,Enabled
1672424569.770276,0,GPU-a71d5fd4-b7db-93b7-1b7a-5a6e2a6a8c65,0.14,0.38056640625,10240.0,6343.0,472.12,NVIDIA GeForce RTX 3080,[N/A],Enabled,Enabled
1672424570.759581,0,GPU-a71d5fd4-b7db-93b7-1b7a-5a6e2a6a8c65,0.14,0.38056640625,10240.0,6343.0,472.12,NVIDIA GeForce RTX 3080,[N/A],Enabled,Enabled
1672424571.76806,0,GPU-a71d5fd4-b7db-93b7-1b7a-5a6e2a6a8c65,0.14,0.38056640625,10240.0,6343.0,472.12,NVIDIA GeForce RTX 3080,[N/A],Enabled,Enabled
1672424572.760429,0,GPU-a71d5fd4-b7db-93b7-1b7a-5a6e2a6a8c65,0.24,0.4259765625,10240.0,5878.0,472.12,NVIDIA GeForce RTX 3080,[N/A],Enabled,Enabled
1672424573.759481,0,GPU-a71d5fd4-b7db-93b7-1b7a-5a6e2a6a8c65,0.25,0.4259765625,10240.0,5878.0,472.12,NVIDIA GeForce RTX 3080,[N/A],Enabled,Enabled
1672424574.768065,0,GPU-a71d5fd4-b7db-93b7-1b7a-5a6e2a6a8c65,0.24,0.4259765625,10240.0,5878.0,472.12,NVIDIA GeForce RTX 3080,[N/A],Enabled,Enabled
1672424575.763417,0,GPU-a71d5fd4-b7db-93b7-1b7a-5a6e2a6a8c65,0.24,0.426171875,10240.0,5876.0,472.12,NVIDIA GeForce RTX 3080,[N/A],Enabled,Enabled
1672424576.770225,0,GPU-a71d5fd4-b7db-93b7-1b7a-5a6e2a6a8c65,0.24,0.425390625,10240.0,5884.0,472.12,NVIDIA GeForce RTX 3080,[N/A],Enabled,Enabled
1672424577.762489,0,GPU-a71d5fd4-b7db-93b7-1b7a-5a6e2a6a8c65,0.2,0.38076171875,10240.0,6341.0,472.12,NVIDIA GeForce RTX 3080,[N/A],Enabled,Enabled
1672424578.767082,0,GPU-a71d5fd4-b7db-93b7-1b7a-5a6e2a6a8c65,0.14,0.380859375,10240.0,6340.0,472.12,NVIDIA GeForce RTX 3080,[N/A],Enabled,Enabled
1672424579.772449,0,GPU-a71d5fd4-b7db-93b7-1b7a-5a6e2a6a8c65,0.14,0.380859375,10240.0,6340.0,472.12,NVIDIA GeForce RTX 3080,[N/A],Enabled,Enabled
1672424580.764931,0,GPU-a71d5fd4-b7db-93b7-1b7a-5a6e2a6a8c65,0.15,0.380859375,10240.0,6340.0,472.12,NVIDIA GeForce RTX 3080,[N/A],Enabled,Enabled
1672424581.7701,0,GPU-a71d5fd4-b7db-93b7-1b7a-5a6e2a6a8c65,0.14,0.38095703125,10240.0,6339.0,472.12,NVIDIA GeForce RTX 3080,[N/A],Enabled,Enabled
1672424582.76054,0,GPU-a71d5fd4-b7db-93b7-1b7a-5a6e2a6a8c65,0.15,0.38095703125,10240.0,6339.0,472.12,NVIDIA GeForce RTX 3080,[N/A],Enabled,Enabled
1672424583.769329,0,GPU-a71d5fd4-b7db-93b7-1b7a-5a6e2a6a8c65,0.13,0.38330078125,10240.0,6315.0,472.12,NVIDIA GeForce RTX 3080,[N/A],Enabled,Enabled
1672424584.760117,0,GPU-a71d5fd4-b7db-93b7-1b7a-5a6e2a6a8c65,0.17,0.390234375,10240.0,6244.0,472.12,NVIDIA GeForce RTX 3080,[N/A],Enabled,Enabled
1672424585.770021,0,GPU-a71d5fd4-b7db-93b7-1b7a-5a6e2a6a8c65,0.17,0.390234375,10240.0,6244.0,472.12,NVIDIA GeForce RTX 3080,[N/A],Enabled,Enabled
1672424586.766028,0,GPU-a71d5fd4-b7db-93b7-1b7a-5a6e2a6a8c65,0.17,0.390234375,10240.0,6244.0,472.12,NVIDIA GeForce RTX 3080,[N/A],Enabled,Enabled
1672424587.771101,0,GPU-a71d5fd4-b7db-93b7-1b7a-5a6e2a6a8c65,0.17,0.390234375,10240.0,6244.0,472.12,NVIDIA GeForce RTX 3080,[N/A],Enabled,Enabled
1672424588.762634,0,GPU-a71d5fd4-b7db-93b7-1b7a-5a6e2a6a8c65,0.17,0.390234375,10240.0,6244.0,472.12,NVIDIA GeForce RTX 3080,[N/A],Enabled,Enabled
1672424589.772148,0,GPU-a71d5fd4-b7db-93b7-1b7a-5a6e2a6a8c65,0.17,0.390234375,10240.0,6244.0,472.12,NVIDIA GeForce RTX 3080,[N/A],Enabled,Enabled
1672424590.761401,0,GPU-a71d5fd4-b7db-93b7-1b7a-5a6e2a6a8c65,0.17,0.390234375,10240.0,6244.0,472.12,NVIDIA GeForce RTX 3080,[N/A],Enabled,Enabled
1672424591.765441,0,GPU-a71d5fd4-b7db-93b7-1b7a-5a6e2a6a8c65,0.17,0.390234375,10240.0,6244.0,472.12,NVIDIA GeForce RTX 3080,[N/A],Enabled,Enabled
1672424592.770238,0,GPU-a71d5fd4-b7db-93b7-1b7a-5a6e2a6a8c65,0.17,0.390234375,10240.0,6244.0,472.12,NVIDIA GeForce RTX 3080,[N/A],Enabled,Enabled
1672424593.763492,0,GPU-a71d5fd4-b7db-93b7-1b7a-5a6e2a6a8c65,0.17,0.390234375,10240.0,6244.0,472.12,NVIDIA GeForce RTX 3080,[N/A],Enabled,Enabled
1672424594.766256,0,GPU-a71d5fd4-b7db-93b7-1b7a-5a6e2a6a8c65,0.17,0.390234375,10240.0,6244.0,472.12,NVIDIA GeForce RTX 3080,[N/A],Enabled,Enabled
1672424595.771509,0,GPU-a71d5fd4-b7db-93b7-1b7a-5a6e2a6a8c65,0.17,0.390234375,10240.0,6244.0,472.12,NVIDIA GeForce RTX 3080,[N/A],Enabled,Enabled
1672424596.765435,0,GPU-a71d5fd4-b7db-93b7-1b7a-5a6e2a6a8c65,0.17,0.390234375,10240.0,6244.0,472.12,NVIDIA GeForce RTX 3080,[N/A],Enabled,Enabled
1672424597.773286,0,GPU-a71d5fd4-b7db-93b7-1b7a-5a6e2a6a8c65,0.17,0.390234375,10240.0,6244.0,472.12,NVIDIA GeForce RTX 3080,[N/A],Enabled,Enabled
1672424598.761433,0,GPU-a71d5fd4-b7db-93b7-1b7a-5a6e2a6a8c65,0.17,0.390234375,10240.0,6244.0,472.12,NVIDIA GeForce RTX 3080,[N/A],Enabled,Enabled
1672424599.766506,0,GPU-a71d5fd4-b7db-93b7-1b7a-5a6e2a6a8c65,0.17,0.390234375,10240.0,6244.0,472.12,NVIDIA GeForce RTX 3080,[N/A],Enabled,Enabled
1672424600.766521,0,GPU-a71d5fd4-b7db-93b7-1b7a-5a6e2a6a8c65,0.17,0.390234375,10240.0,6244.0,472.12,NVIDIA GeForce RTX 3080,[N/A],Enabled,Enabled
1672424601.772503,0,GPU-a71d5fd4-b7db-93b7-1b7a-5a6e2a6a8c65,0.17,0.390234375,10240.0,6244.0,472.12,NVIDIA GeForce RTX 3080,[N/A],Enabled,Enabled
1672424602.758348,0,GPU-a71d5fd4-b7db-93b7-1b7a-5a6e2a6a8c65,0.17,0.390234375,10240.0,6244.0,472.12,NVIDIA GeForce RTX 3080,[N/A],Enabled,Enabled
1672424603.766282,0,GPU-a71d5fd4-b7db-93b7-1b7a-5a6e2a6a8c65,0.17,0.390234375,10240.0,6244.0,472.12,NVIDIA GeForce RTX 3080,[N/A],Enabled,Enabled
1672424604.77251,0,GPU-a71d5fd4-b7db-93b7-1b7a-5a6e2a6a8c65,0.17,0.390234375,10240.0,6244.0,472.12,NVIDIA GeForce RTX 3080,[N/A],Enabled,Enabled
1672424605.765329,0,GPU-a71d5fd4-b7db-93b7-1b7a-5a6e2a6a8c65,0.18,0.390234375,10240.0,6244.0,472.12,NVIDIA GeForce RTX 3080,[N/A],Enabled,Enabled
1672424606.77228,0,GPU-a71d5fd4-b7db-93b7-1b7a-5a6e2a6a8c65,0.17,0.390234375,10240.0,6244.0,472.12,NVIDIA GeForce RTX 3080,[N/A],Enabled,Enabled
1672424607.761386,0,GPU-a71d5fd4-b7db-93b7-1b7a-5a6e2a6a8c65,0.16,0.390234375,10240.0,6244.0,472.12,NVIDIA GeForce RTX 3080,[N/A],Enabled,Enabled
1672424608.766318,0,GPU-a71d5fd4-b7db-93b7-1b7a-5a6e2a6a8c65,0.16,0.390234375,10240.0,6244.0,472.12,NVIDIA GeForce RTX 3080,[N/A],Enabled,Enabled
1672424609.771474,0,GPU-a71d5fd4-b7db-93b7-1b7a-5a6e2a6a8c65,0.17,0.390234375,10240.0,6244.0,472.12,NVIDIA GeForce RTX 3080,[N/A],Enabled,Enabled
1672424610.760211,0,GPU-a71d5fd4-b7db-93b7-1b7a-5a6e2a6a8c65,0.17,0.390234375,10240.0,6244.0,472.12,NVIDIA GeForce RTX 3080,[N/A],Enabled,Enabled
1672424611.770127,0,GPU-a71d5fd4-b7db-93b7-1b7a-5a6e2a6a8c65,0.17,0.390234375,10240.0,6244.0,472.12,NVIDIA GeForce RTX 3080,[N/A],Enabled,Enabled
1672424612.764701,0,GPU-a71d5fd4-b7db-93b7-1b7a-5a6e2a6a8c65,0.17,0.390234375,10240.0,6244.0,472.12,NVIDIA GeForce RTX 3080,[N/A],Enabled,Enabled
1672424613.75828,0,GPU-a71d5fd4-b7db-93b7-1b7a-5a6e2a6a8c65,0.17,0.390234375,10240.0,6244.0,472.12,NVIDIA GeForce RTX 3080,[N/A],Enabled,Enabled
1672424614.769266,0,GPU-a71d5fd4-b7db-93b7-1b7a-5a6e2a6a8c65,0.17,0.390234375,10240.0,6244.0,472.12,NVIDIA GeForce RTX 3080,[N/A],Enabled,Enabled
1672424615.761375,0,GPU-a71d5fd4-b7db-93b7-1b7a-5a6e2a6a8c65,0.16,0.390234375,10240.0,6244.0,472.12,NVIDIA GeForce RTX 3080,[N/A],Enabled,Enabled
1672424616.767044,0,GPU-a71d5fd4-b7db-93b7-1b7a-5a6e2a6a8c65,0.17,0.390234375,10240.0,6244.0,472.12,NVIDIA GeForce RTX 3080,[N/A],Enabled,Enabled
1672424617.769091,0,GPU-a71d5fd4-b7db-93b7-1b7a-5a6e2a6a8c65,0.17,0.390234375,10240.0,6244.0,472.12,NVIDIA GeForce RTX 3080,[N/A],Enabled,Enabled
1672424618.760048,0,GPU-a71d5fd4-b7db-93b7-1b7a-5a6e2a6a8c65,0.17,0.390234375,10240.0,6244.0,472.12,NVIDIA GeForce RTX 3080,[N/A],Enabled,Enabled
1672424619.766358,0,GPU-a71d5fd4-b7db-93b7-1b7a-5a6e2a6a8c65,0.17,0.390234375,10240.0,6244.0,472.12,NVIDIA GeForce RTX 3080,[N/A],Enabled,Enabled
1672424620.760142,0,GPU-a71d5fd4-b7db-93b7-1b7a-5a6e2a6a8c65,0.17,0.390234375,10240.0,6244.0,472.12,NVIDIA GeForce RTX 3080,[N/A],Enabled,Enabled
1672424621.77014,0,GPU-a71d5fd4-b7db-93b7-1b7a-5a6e2a6a8c65,0.17,0.390234375,10240.0,6244.0,472.12,NVIDIA GeForce RTX 3080,[N/A],Enabled,Enabled
1672424622.767018,0,GPU-a71d5fd4-b7db-93b7-1b7a-5a6e2a6a8c65,0.17,0.390234375,10240.0,6244.0,472.12,NVIDIA GeForce RTX 3080,[N/A],Enabled,Enabled
1672424623.773506,0,GPU-a71d5fd4-b7db-93b7-1b7a-5a6e2a6a8c65,0.17,0.390234375,10240.0,6244.0,472.12,NVIDIA GeForce RTX 3080,[N/A],Enabled,Enabled
1672424624.765516,0,GPU-a71d5fd4-b7db-93b7-1b7a-5a6e2a6a8c65,0.17,0.390234375,10240.0,6244.0,472.12,NVIDIA GeForce RTX 3080,[N/A],Enabled,Enabled
1672424625.771854,0,GPU-a71d5fd4-b7db-93b7-1b7a-5a6e2a6a8c65,0.17,0.390234375,10240.0,6244.0,472.12,NVIDIA GeForce RTX 3080,[N/A],Enabled,Enabled
1672424626.764406,0,GPU-a71d5fd4-b7db-93b7-1b7a-5a6e2a6a8c65,0.17,0.390234375,10240.0,6244.0,472.12,NVIDIA GeForce RTX 3080,[N/A],Enabled,Enabled
1672424627.773445,0,GPU-a71d5fd4-b7db-93b7-1b7a-5a6e2a6a8c65,0.17,0.390234375,10240.0,6244.0,472.12,NVIDIA GeForce RTX 3080,[N/A],Enabled,Enabled
1672424628.760328,0,GPU-a71d5fd4-b7db-93b7-1b7a-5a6e2a6a8c65,0.17,0.390234375,10240.0,6244.0,472.12,NVIDIA GeForce RTX 3080,[N/A],Enabled,Enabled
1672424629.765403,0,GPU-a71d5fd4-b7db-93b7-1b7a-5a6e2a6a8c65,0.17,0.390234375,10240.0,6244.0,472.12,NVIDIA GeForce RTX 3080,[N/A],Enabled,Enabled
1672424630.767149,0,GPU-a71d5fd4-b7db-93b7-1b7a-5a6e2a6a8c65,0.17,0.390234375,10240.0,6244.0,472.12,NVIDIA GeForce RTX 3080,[N/A],Enabled,Enabled
1672424631.768183,0,GPU-a71d5fd4-b7db-93b7-1b7a-5a6e2a6a8c65,0.17,0.390234375,10240.0,6244.0,472.12,NVIDIA GeForce RTX 3080,[N/A],Enabled,Enabled
1672424632.759437,0,GPU-a71d5fd4-b7db-93b7-1b7a-5a6e2a6a8c65,0.17,0.390234375,10240.0,6244.0,472.12,NVIDIA GeForce RTX 3080,[N/A],Enabled,Enabled
1672424633.767303,0,GPU-a71d5fd4-b7db-93b7-1b7a-5a6e2a6a8c65,0.18,0.390234375,10240.0,6244.0,472.12,NVIDIA GeForce RTX 3080,[N/A],Enabled,Enabled
1672424634.760104,0,GPU-a71d5fd4-b7db-93b7-1b7a-5a6e2a6a8c65,0.17,0.390234375,10240.0,6244.0,472.12,NVIDIA GeForce RTX 3080,[N/A],Enabled,Enabled
1672424635.762218,0,GPU-a71d5fd4-b7db-93b7-1b7a-5a6e2a6a8c65,0.18,0.390234375,10240.0,6244.0,472.12,NVIDIA GeForce RTX 3080,[N/A],Enabled,Enabled
1672424636.76924,0,GPU-a71d5fd4-b7db-93b7-1b7a-5a6e2a6a8c65,0.17,0.390234375,10240.0,6244.0,472.12,NVIDIA GeForce RTX 3080,[N/A],Enabled,Enabled
1672424637.761376,0,GPU-a71d5fd4-b7db-93b7-1b7a-5a6e2a6a8c65,0.17,0.390234375,10240.0,6244.0,472.12,NVIDIA GeForce RTX 3080,[N/A],Enabled,Enabled
1672424638.768341,0,GPU-a71d5fd4-b7db-93b7-1b7a-5a6e2a6a8c65,0.17,0.390234375,10240.0,6244.0,472.12,NVIDIA GeForce RTX 3080,[N/A],Enabled,Enabled
1672424639.763045,0,GPU-a71d5fd4-b7db-93b7-1b7a-5a6e2a6a8c65,0.17,0.390234375,10240.0,6244.0,472.12,NVIDIA GeForce RTX 3080,[N/A],Enabled,Enabled
1672424640.769196,0,GPU-a71d5fd4-b7db-93b7-1b7a-5a6e2a6a8c65,0.18,0.390234375,10240.0,6244.0,472.12,NVIDIA GeForce RTX 3080,[N/A],Enabled,Enabled
1672424641.761132,0,GPU-a71d5fd4-b7db-93b7-1b7a-5a6e2a6a8c65,0.18,0.390234375,10240.0,6244.0,472.12,NVIDIA GeForce RTX 3080,[N/A],Enabled,Enabled
1672424642.768307,0,GPU-a71d5fd4-b7db-93b7-1b7a-5a6e2a6a8c65,0.18,0.390234375,10240.0,6244.0,472.12,NVIDIA GeForce RTX 3080,[N/A],Enabled,Enabled
1672424643.772173,0,GPU-a71d5fd4-b7db-93b7-1b7a-5a6e2a6a8c65,0.17,0.390234375,10240.0,6244.0,472.12,NVIDIA GeForce RTX 3080,[N/A],Enabled,Enabled
1672424644.766415,0,GPU-a71d5fd4-b7db-93b7-1b7a-5a6e2a6a8c65,0.17,0.390234375,10240.0,6244.0,472.12,NVIDIA GeForce RTX 3080,[N/A],Enabled,Enabled
1672424645.772285,0,GPU-a71d5fd4-b7db-93b7-1b7a-5a6e2a6a8c65,0.17,0.390234375,10240.0,6244.0,472.12,NVIDIA GeForce RTX 3080,[N/A],Enabled,Enabled
1672424646.767326,0,GPU-a71d5fd4-b7db-93b7-1b7a-5a6e2a6a8c65,0.18,0.390234375,10240.0,6244.0,472.12,NVIDIA GeForce RTX 3080,[N/A],Enabled,Enabled
1672424647.772413,0,GPU-a71d5fd4-b7db-93b7-1b7a-5a6e2a6a8c65,0.18,0.390234375,10240.0,6244.0,472.12,NVIDIA GeForce RTX 3080,[N/A],Enabled,Enabled
1672424648.766026,0,GPU-a71d5fd4-b7db-93b7-1b7a-5a6e2a6a8c65,0.17,0.390234375,10240.0,6244.0,472.12,NVIDIA GeForce RTX 3080,[N/A],Enabled,Enabled
1672424649.770356,0,GPU-a71d5fd4-b7db-93b7-1b7a-5a6e2a6a8c65,0.17,0.390234375,10240.0,6244.0,472.12,NVIDIA GeForce RTX 3080,[N/A],Enabled,Enabled
1672424650.76453,0,GPU-a71d5fd4-b7db-93b7-1b7a-5a6e2a6a8c65,0.17,0.390234375,10240.0,6244.0,472.12,NVIDIA GeForce RTX 3080,[N/A],Enabled,Enabled
1672424651.771419,0,GPU-a71d5fd4-b7db-93b7-1b7a-5a6e2a6a8c65,0.17,0.390234375,10240.0,6244.0,472.12,NVIDIA GeForce RTX 3080,[N/A],Enabled,Enabled
1672424652.762445,0,GPU-a71d5fd4-b7db-93b7-1b7a-5a6e2a6a8c65,0.17,0.390234375,10240.0,6244.0,472.12,NVIDIA GeForce RTX 3080,[N/A],Enabled,Enabled
1672424653.768351,0,GPU-a71d5fd4-b7db-93b7-1b7a-5a6e2a6a8c65,0.17,0.390234375,10240.0,6244.0,472.12,NVIDIA GeForce RTX 3080,[N/A],Enabled,Enabled
1672424654.773002,0,GPU-a71d5fd4-b7db-93b7-1b7a-5a6e2a6a8c65,0.17,0.390234375,10240.0,6244.0,472.12,NVIDIA GeForce RTX 3080,[N/A],Enabled,Enabled
1672424655.76746,0,GPU-a71d5fd4-b7db-93b7-1b7a-5a6e2a6a8c65,0.17,0.390234375,10240.0,6244.0,472.12,NVIDIA GeForce RTX 3080,[N/A],Enabled,Enabled
1672424656.772596,0,GPU-a71d5fd4-b7db-93b7-1b7a-5a6e2a6a8c65,0.17,0.390234375,10240.0,6244.0,472.12,NVIDIA GeForce RTX 3080,[N/A],Enabled,Enabled
1672424657.76463,0,GPU-a71d5fd4-b7db-93b7-1b7a-5a6e2a6a8c65,0.17,0.390234375,10240.0,6244.0,472.12,NVIDIA GeForce RTX 3080,[N/A],Enabled,Enabled
1672424658.77142,0,GPU-a71d5fd4-b7db-93b7-1b7a-5a6e2a6a8c65,0.17,0.390234375,10240.0,6244.0,472.12,NVIDIA GeForce RTX 3080,[N/A],Enabled,Enabled
1672424659.767424,0,GPU-a71d5fd4-b7db-93b7-1b7a-5a6e2a6a8c65,0.18,0.390234375,10240.0,6244.0,472.12,NVIDIA GeForce RTX 3080,[N/A],Enabled,Enabled
1672424660.76007,0,GPU-a71d5fd4-b7db-93b7-1b7a-5a6e2a6a8c65,0.17,0.390234375,10240.0,6244.0,472.12,NVIDIA GeForce RTX 3080,[N/A],Enabled,Enabled
1672424661.767246,0,GPU-a71d5fd4-b7db-93b7-1b7a-5a6e2a6a8c65,0.17,0.390234375,10240.0,6244.0,472.12,NVIDIA GeForce RTX 3080,[N/A],Enabled,Enabled
1672424662.772472,0,GPU-a71d5fd4-b7db-93b7-1b7a-5a6e2a6a8c65,0.17,0.390234375,10240.0,6244.0,472.12,NVIDIA GeForce RTX 3080,[N/A],Enabled,Enabled
1672424663.76123,0,GPU-a71d5fd4-b7db-93b7-1b7a-5a6e2a6a8c65,0.17,0.390234375,10240.0,6244.0,472.12,NVIDIA GeForce RTX 3080,[N/A],Enabled,Enabled
1672424664.762238,0,GPU-a71d5fd4-b7db-93b7-1b7a-5a6e2a6a8c65,0.17,0.390234375,10240.0,6244.0,472.12,NVIDIA GeForce RTX 3080,[N/A],Enabled,Enabled
1672424665.763812,0,GPU-a71d5fd4-b7db-93b7-1b7a-5a6e2a6a8c65,0.17,0.390234375,10240.0,6244.0,472.12,NVIDIA GeForce RTX 3080,[N/A],Enabled,Enabled
1672424666.771448,0,GPU-a71d5fd4-b7db-93b7-1b7a-5a6e2a6a8c65,0.17,0.390234375,10240.0,6244.0,472.12,NVIDIA GeForce RTX 3080,[N/A],Enabled,Enabled
1672424667.764866,0,GPU-a71d5fd4-b7db-93b7-1b7a-5a6e2a6a8c65,0.17,0.390234375,10240.0,6244.0,472.12,NVIDIA GeForce RTX 3080,[N/A],Enabled,Enabled
1672424668.770379,0,GPU-a71d5fd4-b7db-93b7-1b7a-5a6e2a6a8c65,0.17,0.390234375,10240.0,6244.0,472.12,NVIDIA GeForce RTX 3080,[N/A],Enabled,Enabled
1672424669.760266,0,GPU-a71d5fd4-b7db-93b7-1b7a-5a6e2a6a8c65,0.17,0.390234375,10240.0,6244.0,472.12,NVIDIA GeForce RTX 3080,[N/A],Enabled,Enabled
1672424670.767327,0,GPU-a71d5fd4-b7db-93b7-1b7a-5a6e2a6a8c65,0.17,0.390234375,10240.0,6244.0,472.12,NVIDIA GeForce RTX 3080,[N/A],Enabled,Enabled
1672424671.771427,0,GPU-a71d5fd4-b7db-93b7-1b7a-5a6e2a6a8c65,0.17,0.390234375,10240.0,6244.0,472.12,NVIDIA GeForce RTX 3080,[N/A],Enabled,Enabled
1672424672.760505,0,GPU-a71d5fd4-b7db-93b7-1b7a-5a6e2a6a8c65,0.17,0.390234375,10240.0,6244.0,472.12,NVIDIA GeForce RTX 3080,[N/A],Enabled,Enabled
1672424673.770967,0,GPU-a71d5fd4-b7db-93b7-1b7a-5a6e2a6a8c65,0.17,0.390234375,10240.0,6244.0,472.12,NVIDIA GeForce RTX 3080,[N/A],Enabled,Enabled
1672424674.766466,0,GPU-a71d5fd4-b7db-93b7-1b7a-5a6e2a6a8c65,0.17,0.390234375,10240.0,6244.0,472.12,NVIDIA GeForce RTX 3080,[N/A],Enabled,Enabled
1672424675.759556,0,GPU-a71d5fd4-b7db-93b7-1b7a-5a6e2a6a8c65,0.17,0.390234375,10240.0,6244.0,472.12,NVIDIA GeForce RTX 3080,[N/A],Enabled,Enabled
1672424676.769583,0,GPU-a71d5fd4-b7db-93b7-1b7a-5a6e2a6a8c65,0.17,0.390234375,10240.0,6244.0,472.12,NVIDIA GeForce RTX 3080,[N/A],Enabled,Enabled
1672424677.761438,0,GPU-a71d5fd4-b7db-93b7-1b7a-5a6e2a6a8c65,0.17,0.390234375,10240.0,6244.0,472.12,NVIDIA GeForce RTX 3080,[N/A],Enabled,Enabled
1672424678.770385,0,GPU-a71d5fd4-b7db-93b7-1b7a-5a6e2a6a8c65,0.17,0.390234375,10240.0,6244.0,472.12,NVIDIA GeForce RTX 3080,[N/A],Enabled,Enabled
1672424679.768363,0,GPU-a71d5fd4-b7db-93b7-1b7a-5a6e2a6a8c65,0.17,0.390234375,10240.0,6244.0,472.12,NVIDIA GeForce RTX 3080,[N/A],Enabled,Enabled
1672424680.769091,0,GPU-a71d5fd4-b7db-93b7-1b7a-5a6e2a6a8c65,0.17,0.390234375,10240.0,6244.0,472.12,NVIDIA GeForce RTX 3080,[N/A],Enabled,Enabled
1672424681.760147,0,GPU-a71d5fd4-b7db-93b7-1b7a-5a6e2a6a8c65,0.17,0.390234375,10240.0,6244.0,472.12,NVIDIA GeForce RTX 3080,[N/A],Enabled,Enabled
1672424682.767318,0,GPU-a71d5fd4-b7db-93b7-1b7a-5a6e2a6a8c65,0.16,0.390234375,10240.0,6244.0,472.12,NVIDIA GeForce RTX 3080,[N/A],Enabled,Enabled
1672424683.759486,0,GPU-a71d5fd4-b7db-93b7-1b7a-5a6e2a6a8c65,0.17,0.390234375,10240.0,6244.0,472.12,NVIDIA GeForce RTX 3080,[N/A],Enabled,Enabled
1672424684.764948,0,GPU-a71d5fd4-b7db-93b7-1b7a-5a6e2a6a8c65,0.17,0.390234375,10240.0,6244.0,472.12,NVIDIA GeForce RTX 3080,[N/A],Enabled,Enabled
1672424685.767379,0,GPU-a71d5fd4-b7db-93b7-1b7a-5a6e2a6a8c65,0.17,0.390234375,10240.0,6244.0,472.12,NVIDIA GeForce RTX 3080,[N/A],Enabled,Enabled
1672424686.765978,0,GPU-a71d5fd4-b7db-93b7-1b7a-5a6e2a6a8c65,0.17,0.390234375,10240.0,6244.0,472.12,NVIDIA GeForce RTX 3080,[N/A],Enabled,Enabled
1672424687.772555,0,GPU-a71d5fd4-b7db-93b7-1b7a-5a6e2a6a8c65,0.17,0.390234375,10240.0,6244.0,472.12,NVIDIA GeForce RTX 3080,[N/A],Enabled,Enabled
1672424688.760432,0,GPU-a71d5fd4-b7db-93b7-1b7a-5a6e2a6a8c65,0.17,0.390234375,10240.0,6244.0,472.12,NVIDIA GeForce RTX 3080,[N/A],Enabled,Enabled
1672424689.764523,0,GPU-a71d5fd4-b7db-93b7-1b7a-5a6e2a6a8c65,0.18,0.390234375,10240.0,6244.0,472.12,NVIDIA GeForce RTX 3080,[N/A],Enabled,Enabled
1672424690.764065,0,GPU-a71d5fd4-b7db-93b7-1b7a-5a6e2a6a8c65,0.17,0.390234375,10240.0,6244.0,472.12,NVIDIA GeForce RTX 3080,[N/A],Enabled,Enabled
1672424691.772718,0,GPU-a71d5fd4-b7db-93b7-1b7a-5a6e2a6a8c65,0.18,0.390234375,10240.0,6244.0,472.12,NVIDIA GeForce RTX 3080,[N/A],Enabled,Enabled
1672424692.762131,0,GPU-a71d5fd4-b7db-93b7-1b7a-5a6e2a6a8c65,0.17,0.390234375,10240.0,6244.0,472.12,NVIDIA GeForce RTX 3080,[N/A],Enabled,Enabled
1672424693.769236,0,GPU-a71d5fd4-b7db-93b7-1b7a-5a6e2a6a8c65,0.17,0.390234375,10240.0,6244.0,472.12,NVIDIA GeForce RTX 3080,[N/A],Enabled,Enabled
1672424694.773225,0,GPU-a71d5fd4-b7db-93b7-1b7a-5a6e2a6a8c65,0.17,0.390234375,10240.0,6244.0,472.12,NVIDIA GeForce RTX 3080,[N/A],Enabled,Enabled
1672424695.764038,0,GPU-a71d5fd4-b7db-93b7-1b7a-5a6e2a6a8c65,0.17,0.390234375,10240.0,6244.0,472.12,NVIDIA GeForce RTX 3080,[N/A],Enabled,Enabled
1672424696.768251,0,GPU-a71d5fd4-b7db-93b7-1b7a-5a6e2a6a8c65,0.17,0.390234375,10240.0,6244.0,472.12,NVIDIA GeForce RTX 3080,[N/A],Enabled,Enabled
1672424697.771199,0,GPU-a71d5fd4-b7db-93b7-1b7a-5a6e2a6a8c65,0.17,0.390234375,10240.0,6244.0,472.12,NVIDIA GeForce RTX 3080,[N/A],Enabled,Enabled
1672424698.765394,0,GPU-a71d5fd4-b7db-93b7-1b7a-5a6e2a6a8c65,0.17,0.390234375,10240.0,6244.0,472.12,NVIDIA GeForce RTX 3080,[N/A],Enabled,Enabled
1672424699.771239,0,GPU-a71d5fd4-b7db-93b7-1b7a-5a6e2a6a8c65,0.17,0.390234375,10240.0,6244.0,472.12,NVIDIA GeForce RTX 3080,[N/A],Enabled,Enabled
1672424700.765975,0,GPU-a71d5fd4-b7db-93b7-1b7a-5a6e2a6a8c65,0.17,0.390234375,10240.0,6244.0,472.12,NVIDIA GeForce RTX 3080,[N/A],Enabled,Enabled
1672424701.771044,0,GPU-a71d5fd4-b7db-93b7-1b7a-5a6e2a6a8c65,0.17,0.390234375,10240.0,6244.0,472.12,NVIDIA GeForce RTX 3080,[N/A],Enabled,Enabled
1672424702.762439,0,GPU-a71d5fd4-b7db-93b7-1b7a-5a6e2a6a8c65,0.17,0.390234375,10240.0,6244.0,472.12,NVIDIA GeForce RTX 3080,[N/A],Enabled,Enabled
1672424703.765154,0,GPU-a71d5fd4-b7db-93b7-1b7a-5a6e2a6a8c65,0.17,0.390234375,10240.0,6244.0,472.12,NVIDIA GeForce RTX 3080,[N/A],Enabled,Enabled
1672424704.772106,0,GPU-a71d5fd4-b7db-93b7-1b7a-5a6e2a6a8c65,0.17,0.390234375,10240.0,6244.0,472.12,NVIDIA GeForce RTX 3080,[N/A],Enabled,Enabled
1672424705.762174,0,GPU-a71d5fd4-b7db-93b7-1b7a-5a6e2a6a8c65,0.18,0.390234375,10240.0,6244.0,472.12,NVIDIA GeForce RTX 3080,[N/A],Enabled,Enabled
1672424706.770362,0,GPU-a71d5fd4-b7db-93b7-1b7a-5a6e2a6a8c65,0.17,0.390234375,10240.0,6244.0,472.12,NVIDIA GeForce RTX 3080,[N/A],Enabled,Enabled
1672424707.76041,0,GPU-a71d5fd4-b7db-93b7-1b7a-5a6e2a6a8c65,0.17,0.390234375,10240.0,6244.0,472.12,NVIDIA GeForce RTX 3080,[N/A],Enabled,Enabled
1672424708.768299,0,GPU-a71d5fd4-b7db-93b7-1b7a-5a6e2a6a8c65,0.17,0.390234375,10240.0,6244.0,472.12,NVIDIA GeForce RTX 3080,[N/A],Enabled,Enabled
1672424709.761355,0,GPU-a71d5fd4-b7db-93b7-1b7a-5a6e2a6a8c65,0.17,0.390234375,10240.0,6244.0,472.12,NVIDIA GeForce RTX 3080,[N/A],Enabled,Enabled
1672424710.770265,0,GPU-a71d5fd4-b7db-93b7-1b7a-5a6e2a6a8c65,0.17,0.390234375,10240.0,6244.0,472.12,NVIDIA GeForce RTX 3080,[N/A],Enabled,Enabled
1672424711.76348,0,GPU-a71d5fd4-b7db-93b7-1b7a-5a6e2a6a8c65,0.17,0.390234375,10240.0,6244.0,472.12,NVIDIA GeForce RTX 3080,[N/A],Enabled,Enabled
1672424712.770216,0,GPU-a71d5fd4-b7db-93b7-1b7a-5a6e2a6a8c65,0.17,0.390234375,10240.0,6244.0,472.12,NVIDIA GeForce RTX 3080,[N/A],Enabled,Enabled
1672424713.773479,0,GPU-a71d5fd4-b7db-93b7-1b7a-5a6e2a6a8c65,0.17,0.390234375,10240.0,6244.0,472.12,NVIDIA GeForce RTX 3080,[N/A],Enabled,Enabled
1672424714.771248,0,GPU-a71d5fd4-b7db-93b7-1b7a-5a6e2a6a8c65,0.17,0.390234375,10240.0,6244.0,472.12,NVIDIA GeForce RTX 3080,[N/A],Enabled,Enabled
1672424715.758357,0,GPU-a71d5fd4-b7db-93b7-1b7a-5a6e2a6a8c65,0.17,0.390234375,10240.0,6244.0,472.12,NVIDIA GeForce RTX 3080,[N/A],Enabled,Enabled
1672424716.768443,0,GPU-a71d5fd4-b7db-93b7-1b7a-5a6e2a6a8c65,0.17,0.390234375,10240.0,6244.0,472.12,NVIDIA GeForce RTX 3080,[N/A],Enabled,Enabled
1672424717.760343,0,GPU-a71d5fd4-b7db-93b7-1b7a-5a6e2a6a8c65,0.18,0.390234375,10240.0,6244.0,472.12,NVIDIA GeForce RTX 3080,[N/A],Enabled,Enabled
1672424718.764404,0,GPU-a71d5fd4-b7db-93b7-1b7a-5a6e2a6a8c65,0.17,0.390234375,10240.0,6244.0,472.12,NVIDIA GeForce RTX 3080,[N/A],Enabled,Enabled
1672424719.770278,0,GPU-a71d5fd4-b7db-93b7-1b7a-5a6e2a6a8c65,0.17,0.390234375,10240.0,6244.0,472.12,NVIDIA GeForce RTX 3080,[N/A],Enabled,Enabled
1672424720.765322,0,GPU-a71d5fd4-b7db-93b7-1b7a-5a6e2a6a8c65,0.17,0.390234375,10240.0,6244.0,472.12,NVIDIA GeForce RTX 3080,[N/A],Enabled,Enabled
1672424721.771139,0,GPU-a71d5fd4-b7db-93b7-1b7a-5a6e2a6a8c65,0.17,0.390234375,10240.0,6244.0,472.12,NVIDIA GeForce RTX 3080,[N/A],Enabled,Enabled
1672424722.766139,0,GPU-a71d5fd4-b7db-93b7-1b7a-5a6e2a6a8c65,0.17,0.390234375,10240.0,6244.0,472.12,NVIDIA GeForce RTX 3080,[N/A],Enabled,Enabled
1672424723.771025,0,GPU-a71d5fd4-b7db-93b7-1b7a-5a6e2a6a8c65,0.18,0.390234375,10240.0,6244.0,472.12,NVIDIA GeForce RTX 3080,[N/A],Enabled,Enabled
1672424724.762383,0,GPU-a71d5fd4-b7db-93b7-1b7a-5a6e2a6a8c65,0.17,0.390234375,10240.0,6244.0,472.12,NVIDIA GeForce RTX 3080,[N/A],Enabled,Enabled
1672424725.771351,0,GPU-a71d5fd4-b7db-93b7-1b7a-5a6e2a6a8c65,0.17,0.390234375,10240.0,6244.0,472.12,NVIDIA GeForce RTX 3080,[N/A],Enabled,Enabled
1672424726.762467,0,GPU-a71d5fd4-b7db-93b7-1b7a-5a6e2a6a8c65,0.17,0.390234375,10240.0,6244.0,472.12,NVIDIA GeForce RTX 3080,[N/A],Enabled,Enabled
1672424727.767222,0,GPU-a71d5fd4-b7db-93b7-1b7a-5a6e2a6a8c65,0.17,0.390234375,10240.0,6244.0,472.12,NVIDIA GeForce RTX 3080,[N/A],Enabled,Enabled
1672424728.759174,0,GPU-a71d5fd4-b7db-93b7-1b7a-5a6e2a6a8c65,0.17,0.390234375,10240.0,6244.0,472.12,NVIDIA GeForce RTX 3080,[N/A],Enabled,Enabled
1672424729.766454,0,GPU-a71d5fd4-b7db-93b7-1b7a-5a6e2a6a8c65,0.18,0.390234375,10240.0,6244.0,472.12,NVIDIA GeForce RTX 3080,[N/A],Enabled,Enabled
1672424730.768505,0,GPU-a71d5fd4-b7db-93b7-1b7a-5a6e2a6a8c65,0.17,0.390234375,10240.0,6244.0,472.12,NVIDIA GeForce RTX 3080,[N/A],Enabled,Enabled
1672424731.759253,0,GPU-a71d5fd4-b7db-93b7-1b7a-5a6e2a6a8c65,0.17,0.390234375,10240.0,6244.0,472.12,NVIDIA GeForce RTX 3080,[N/A],Enabled,Enabled
1672424732.76822,0,GPU-a71d5fd4-b7db-93b7-1b7a-5a6e2a6a8c65,0.16,0.390234375,10240.0,6244.0,472.12,NVIDIA GeForce RTX 3080,[N/A],Enabled,Enabled
1672424733.758605,0,GPU-a71d5fd4-b7db-93b7-1b7a-5a6e2a6a8c65,0.16,0.390234375,10240.0,6244.0,472.12,NVIDIA GeForce RTX 3080,[N/A],Enabled,Enabled
1672424734.762257,0,GPU-a71d5fd4-b7db-93b7-1b7a-5a6e2a6a8c65,0.16,0.390234375,10240.0,6244.0,472.12,NVIDIA GeForce RTX 3080,[N/A],Enabled,Enabled
1672424735.766376,0,GPU-a71d5fd4-b7db-93b7-1b7a-5a6e2a6a8c65,0.17,0.390234375,10240.0,6244.0,472.12,NVIDIA GeForce RTX 3080,[N/A],Enabled,Enabled
1672424736.758524,0,GPU-a71d5fd4-b7db-93b7-1b7a-5a6e2a6a8c65,0.17,0.390234375,10240.0,6244.0,472.12,NVIDIA GeForce RTX 3080,[N/A],Enabled,Enabled
1672424737.761735,0,GPU-a71d5fd4-b7db-93b7-1b7a-5a6e2a6a8c65,0.16,0.390234375,10240.0,6244.0,472.12,NVIDIA GeForce RTX 3080,[N/A],Enabled,Enabled
1672424738.760333,0,GPU-a71d5fd4-b7db-93b7-1b7a-5a6e2a6a8c65,0.16,0.390234375,10240.0,6244.0,472.12,NVIDIA GeForce RTX 3080,[N/A],Enabled,Enabled
1672424739.761514,0,GPU-a71d5fd4-b7db-93b7-1b7a-5a6e2a6a8c65,0.14,0.38330078125,10240.0,6315.0,472.12,NVIDIA GeForce RTX 3080,[N/A],Enabled,Enabled
1672424740.772982,0,GPU-a71d5fd4-b7db-93b7-1b7a-5a6e2a6a8c65,0.14,0.38330078125,10240.0,6315.0,472.12,NVIDIA GeForce RTX 3080,[N/A],Enabled,Enabled
1672424741.766324,0,GPU-a71d5fd4-b7db-93b7-1b7a-5a6e2a6a8c65,0.14,0.383203125,10240.0,6316.0,472.12,NVIDIA GeForce RTX 3080,[N/A],Enabled,Enabled
1672424742.761668,0,GPU-a71d5fd4-b7db-93b7-1b7a-5a6e2a6a8c65,0.14,0.383203125,10240.0,6316.0,472.12,NVIDIA GeForce RTX 3080,[N/A],Enabled,Enabled
1672424743.768329,0,GPU-a71d5fd4-b7db-93b7-1b7a-5a6e2a6a8c65,0.14,0.383203125,10240.0,6316.0,472.12,NVIDIA GeForce RTX 3080,[N/A],Enabled,Enabled
1672424744.760574,0,GPU-a71d5fd4-b7db-93b7-1b7a-5a6e2a6a8c65,0.14,0.383203125,10240.0,6316.0,472.12,NVIDIA GeForce RTX 3080,[N/A],Enabled,Enabled
1672424745.769264,0,GPU-a71d5fd4-b7db-93b7-1b7a-5a6e2a6a8c65,0.14,0.383203125,10240.0,6316.0,472.12,NVIDIA GeForce RTX 3080,[N/A],Enabled,Enabled
1672424746.762196,0,GPU-a71d5fd4-b7db-93b7-1b7a-5a6e2a6a8c65,0.14,0.383203125,10240.0,6316.0,472.12,NVIDIA GeForce RTX 3080,[N/A],Enabled,Enabled
1672424747.758565,0,GPU-a71d5fd4-b7db-93b7-1b7a-5a6e2a6a8c65,0.14,0.383203125,10240.0,6316.0,472.12,NVIDIA GeForce RTX 3080,[N/A],Enabled,Enabled
1672424748.764874,0,GPU-a71d5fd4-b7db-93b7-1b7a-5a6e2a6a8c65,0.14,0.383203125,10240.0,6316.0,472.12,NVIDIA GeForce RTX 3080,[N/A],Enabled,Enabled
1672424749.771088,0,GPU-a71d5fd4-b7db-93b7-1b7a-5a6e2a6a8c65,0.14,0.383203125,10240.0,6316.0,472.12,NVIDIA GeForce RTX 3080,[N/A],Enabled,Enabled
1672424750.762388,0,GPU-a71d5fd4-b7db-93b7-1b7a-5a6e2a6a8c65,0.14,0.383203125,10240.0,6316.0,472.12,NVIDIA GeForce RTX 3080,[N/A],Enabled,Enabled
1672424751.76853,0,GPU-a71d5fd4-b7db-93b7-1b7a-5a6e2a6a8c65,0.14,0.383203125,10240.0,6316.0,472.12,NVIDIA GeForce RTX 3080,[N/A],Enabled,Enabled
1672424752.762295,0,GPU-a71d5fd4-b7db-93b7-1b7a-5a6e2a6a8c65,0.14,0.383203125,10240.0,6316.0,472.12,NVIDIA GeForce RTX 3080,[N/A],Enabled,Enabled
1672424753.7662,0,GPU-a71d5fd4-b7db-93b7-1b7a-5a6e2a6a8c65,0.14,0.383203125,10240.0,6316.0,472.12,NVIDIA GeForce RTX 3080,[N/A],Enabled,Enabled
1672424754.758495,0,GPU-a71d5fd4-b7db-93b7-1b7a-5a6e2a6a8c65,0.14,0.383203125,10240.0,6316.0,472.12,NVIDIA GeForce RTX 3080,[N/A],Enabled,Enabled
1672424755.769587,0,GPU-a71d5fd4-b7db-93b7-1b7a-5a6e2a6a8c65,0.14,0.383203125,10240.0,6316.0,472.12,NVIDIA GeForce RTX 3080,[N/A],Enabled,Enabled
1672424756.764277,0,GPU-a71d5fd4-b7db-93b7-1b7a-5a6e2a6a8c65,0.17,0.39033203125,10240.0,6243.0,472.12,NVIDIA GeForce RTX 3080,[N/A],Enabled,Enabled
1672424757.759222,0,GPU-a71d5fd4-b7db-93b7-1b7a-5a6e2a6a8c65,0.17,0.39033203125,10240.0,6243.0,472.12,NVIDIA GeForce RTX 3080,[N/A],Enabled,Enabled
1672424758.763402,0,GPU-a71d5fd4-b7db-93b7-1b7a-5a6e2a6a8c65,0.17,0.39033203125,10240.0,6243.0,472.12,NVIDIA GeForce RTX 3080,[N/A],Enabled,Enabled
1672424759.771424,0,GPU-a71d5fd4-b7db-93b7-1b7a-5a6e2a6a8c65,0.18,0.39033203125,10240.0,6243.0,472.12,NVIDIA GeForce RTX 3080,[N/A],Enabled,Enabled
1672424760.760425,0,GPU-a71d5fd4-b7db-93b7-1b7a-5a6e2a6a8c65,0.17,0.39033203125,10240.0,6243.0,472.12,NVIDIA GeForce RTX 3080,[N/A],Enabled,Enabled
1672424761.764342,0,GPU-a71d5fd4-b7db-93b7-1b7a-5a6e2a6a8c65,0.17,0.39033203125,10240.0,6243.0,472.12,NVIDIA GeForce RTX 3080,[N/A],Enabled,Enabled
1672424762.760086,0,GPU-a71d5fd4-b7db-93b7-1b7a-5a6e2a6a8c65,0.16,0.39033203125,10240.0,6243.0,472.12,NVIDIA GeForce RTX 3080,[N/A],Enabled,Enabled
1672424763.767432,0,GPU-a71d5fd4-b7db-93b7-1b7a-5a6e2a6a8c65,0.17,0.39033203125,10240.0,6243.0,472.12,NVIDIA GeForce RTX 3080,[N/A],Enabled,Enabled
1672424764.772492,0,GPU-a71d5fd4-b7db-93b7-1b7a-5a6e2a6a8c65,0.17,0.39033203125,10240.0,6243.0,472.12,NVIDIA GeForce RTX 3080,[N/A],Enabled,Enabled
1672424765.76481,0,GPU-a71d5fd4-b7db-93b7-1b7a-5a6e2a6a8c65,0.17,0.39033203125,10240.0,6243.0,472.12,NVIDIA GeForce RTX 3080,[N/A],Enabled,Enabled
1672424766.760058,0,GPU-a71d5fd4-b7db-93b7-1b7a-5a6e2a6a8c65,0.17,0.39033203125,10240.0,6243.0,472.12,NVIDIA GeForce RTX 3080,[N/A],Enabled,Enabled
1672424767.769989,0,GPU-a71d5fd4-b7db-93b7-1b7a-5a6e2a6a8c65,0.17,0.39033203125,10240.0,6243.0,472.12,NVIDIA GeForce RTX 3080,[N/A],Enabled,Enabled
1672424768.7584,0,GPU-a71d5fd4-b7db-93b7-1b7a-5a6e2a6a8c65,0.17,0.39033203125,10240.0,6243.0,472.12,NVIDIA GeForce RTX 3080,[N/A],Enabled,Enabled
1672424769.76198,0,GPU-a71d5fd4-b7db-93b7-1b7a-5a6e2a6a8c65,0.18,0.39033203125,10240.0,6243.0,472.12,NVIDIA GeForce RTX 3080,[N/A],Enabled,Enabled
1672424770.770681,0,GPU-a71d5fd4-b7db-93b7-1b7a-5a6e2a6a8c65,0.17,0.39033203125,10240.0,6243.0,472.12,NVIDIA GeForce RTX 3080,[N/A],Enabled,Enabled
1672424771.765357,0,GPU-a71d5fd4-b7db-93b7-1b7a-5a6e2a6a8c65,0.17,0.39033203125,10240.0,6243.0,472.12,NVIDIA GeForce RTX 3080,[N/A],Enabled,Enabled
1672424772.760425,0,GPU-a71d5fd4-b7db-93b7-1b7a-5a6e2a6a8c65,0.18,0.39033203125,10240.0,6243.0,472.12,NVIDIA GeForce RTX 3080,[N/A],Enabled,Enabled
1672424773.765056,0,GPU-a71d5fd4-b7db-93b7-1b7a-5a6e2a6a8c65,0.17,0.39033203125,10240.0,6243.0,472.12,NVIDIA GeForce RTX 3080,[N/A],Enabled,Enabled
1672424774.762475,0,GPU-a71d5fd4-b7db-93b7-1b7a-5a6e2a6a8c65,0.16,0.39033203125,10240.0,6243.0,472.12,NVIDIA GeForce RTX 3080,[N/A],Enabled,Enabled
1672424775.767061,0,GPU-a71d5fd4-b7db-93b7-1b7a-5a6e2a6a8c65,0.17,0.39033203125,10240.0,6243.0,472.12,NVIDIA GeForce RTX 3080,[N/A],Enabled,Enabled
1672424776.758338,0,GPU-a71d5fd4-b7db-93b7-1b7a-5a6e2a6a8c65,0.17,0.39033203125,10240.0,6243.0,472.12,NVIDIA GeForce RTX 3080,[N/A],Enabled,Enabled
1672424777.769442,0,GPU-a71d5fd4-b7db-93b7-1b7a-5a6e2a6a8c65,0.17,0.39033203125,10240.0,6243.0,472.12,NVIDIA GeForce RTX 3080,[N/A],Enabled,Enabled
1672424778.764514,0,GPU-a71d5fd4-b7db-93b7-1b7a-5a6e2a6a8c65,0.17,0.39033203125,10240.0,6243.0,472.12,NVIDIA GeForce RTX 3080,[N/A],Enabled,Enabled
1672424779.774008,0,GPU-a71d5fd4-b7db-93b7-1b7a-5a6e2a6a8c65,0.17,0.39033203125,10240.0,6243.0,472.12,NVIDIA GeForce RTX 3080,[N/A],Enabled,Enabled
1672424780.762429,0,GPU-a71d5fd4-b7db-93b7-1b7a-5a6e2a6a8c65,0.16,0.39033203125,10240.0,6243.0,472.12,NVIDIA GeForce RTX 3080,[N/A],Enabled,Enabled
1672424781.772411,0,GPU-a71d5fd4-b7db-93b7-1b7a-5a6e2a6a8c65,0.17,0.39033203125,10240.0,6243.0,472.12,NVIDIA GeForce RTX 3080,[N/A],Enabled,Enabled
1672424782.762138,0,GPU-a71d5fd4-b7db-93b7-1b7a-5a6e2a6a8c65,0.17,0.39033203125,10240.0,6243.0,472.12,NVIDIA GeForce RTX 3080,[N/A],Enabled,Enabled
1672424783.764399,0,GPU-a71d5fd4-b7db-93b7-1b7a-5a6e2a6a8c65,0.17,0.39033203125,10240.0,6243.0,472.12,NVIDIA GeForce RTX 3080,[N/A],Enabled,Enabled
1672424784.768468,0,GPU-a71d5fd4-b7db-93b7-1b7a-5a6e2a6a8c65,0.17,0.39033203125,10240.0,6243.0,472.12,NVIDIA GeForce RTX 3080,[N/A],Enabled,Enabled
1672424785.76351,0,GPU-a71d5fd4-b7db-93b7-1b7a-5a6e2a6a8c65,0.17,0.39033203125,10240.0,6243.0,472.12,NVIDIA GeForce RTX 3080,[N/A],Enabled,Enabled
1672424786.772442,0,GPU-a71d5fd4-b7db-93b7-1b7a-5a6e2a6a8c65,0.16,0.39033203125,10240.0,6243.0,472.12,NVIDIA GeForce RTX 3080,[N/A],Enabled,Enabled
1672424787.764632,0,GPU-a71d5fd4-b7db-93b7-1b7a-5a6e2a6a8c65,0.17,0.39033203125,10240.0,6243.0,472.12,NVIDIA GeForce RTX 3080,[N/A],Enabled,Enabled
1672424788.768592,0,GPU-a71d5fd4-b7db-93b7-1b7a-5a6e2a6a8c65,0.17,0.39033203125,10240.0,6243.0,472.12,NVIDIA GeForce RTX 3080,[N/A],Enabled,Enabled
1672424789.772307,0,GPU-a71d5fd4-b7db-93b7-1b7a-5a6e2a6a8c65,0.18,0.39033203125,10240.0,6243.0,472.12,NVIDIA GeForce RTX 3080,[N/A],Enabled,Enabled
1672424790.765966,0,GPU-a71d5fd4-b7db-93b7-1b7a-5a6e2a6a8c65,0.17,0.39033203125,10240.0,6243.0,472.12,NVIDIA GeForce RTX 3080,[N/A],Enabled,Enabled
1672424791.772289,0,GPU-a71d5fd4-b7db-93b7-1b7a-5a6e2a6a8c65,0.17,0.39033203125,10240.0,6243.0,472.12,NVIDIA GeForce RTX 3080,[N/A],Enabled,Enabled
1672424792.767025,0,GPU-a71d5fd4-b7db-93b7-1b7a-5a6e2a6a8c65,0.17,0.39033203125,10240.0,6243.0,472.12,NVIDIA GeForce RTX 3080,[N/A],Enabled,Enabled
1672424793.77243,0,GPU-a71d5fd4-b7db-93b7-1b7a-5a6e2a6a8c65,0.18,0.39033203125,10240.0,6243.0,472.12,NVIDIA GeForce RTX 3080,[N/A],Enabled,Enabled
1672424794.76699,0,GPU-a71d5fd4-b7db-93b7-1b7a-5a6e2a6a8c65,0.17,0.39033203125,10240.0,6243.0,472.12,NVIDIA GeForce RTX 3080,[N/A],Enabled,Enabled
1672424795.75942,0,GPU-a71d5fd4-b7db-93b7-1b7a-5a6e2a6a8c65,0.17,0.39033203125,10240.0,6243.0,472.12,NVIDIA GeForce RTX 3080,[N/A],Enabled,Enabled
1672424796.766523,0,GPU-a71d5fd4-b7db-93b7-1b7a-5a6e2a6a8c65,0.17,0.39033203125,10240.0,6243.0,472.12,NVIDIA GeForce RTX 3080,[N/A],Enabled,Enabled
1672424797.760473,0,GPU-a71d5fd4-b7db-93b7-1b7a-5a6e2a6a8c65,0.17,0.39033203125,10240.0,6243.0,472.12,NVIDIA GeForce RTX 3080,[N/A],Enabled,Enabled
1672424798.761116,0,GPU-a71d5fd4-b7db-93b7-1b7a-5a6e2a6a8c65,0.17,0.39033203125,10240.0,6243.0,472.12,NVIDIA GeForce RTX 3080,[N/A],Enabled,Enabled
1672424799.762248,0,GPU-a71d5fd4-b7db-93b7-1b7a-5a6e2a6a8c65,0.17,0.39033203125,10240.0,6243.0,472.12,NVIDIA GeForce RTX 3080,[N/A],Enabled,Enabled
1672424800.764172,0,GPU-a71d5fd4-b7db-93b7-1b7a-5a6e2a6a8c65,0.17,0.39033203125,10240.0,6243.0,472.12,NVIDIA GeForce RTX 3080,[N/A],Enabled,Enabled
1672424801.767616,0,GPU-a71d5fd4-b7db-93b7-1b7a-5a6e2a6a8c65,0.17,0.39033203125,10240.0,6243.0,472.12,NVIDIA GeForce RTX 3080,[N/A],Enabled,Enabled
1672424802.771661,0,GPU-a71d5fd4-b7db-93b7-1b7a-5a6e2a6a8c65,0.17,0.39033203125,10240.0,6243.0,472.12,NVIDIA GeForce RTX 3080,[N/A],Enabled,Enabled
1672424803.765891,0,GPU-a71d5fd4-b7db-93b7-1b7a-5a6e2a6a8c65,0.18,0.39033203125,10240.0,6243.0,472.12,NVIDIA GeForce RTX 3080,[N/A],Enabled,Enabled
1672424804.760748,0,GPU-a71d5fd4-b7db-93b7-1b7a-5a6e2a6a8c65,0.17,0.39033203125,10240.0,6243.0,472.12,NVIDIA GeForce RTX 3080,[N/A],Enabled,Enabled
1672424805.76454,0,GPU-a71d5fd4-b7db-93b7-1b7a-5a6e2a6a8c65,0.18,0.39033203125,10240.0,6243.0,472.12,NVIDIA GeForce RTX 3080,[N/A],Enabled,Enabled
1672424806.758409,0,GPU-a71d5fd4-b7db-93b7-1b7a-5a6e2a6a8c65,0.18,0.39033203125,10240.0,6243.0,472.12,NVIDIA GeForce RTX 3080,[N/A],Enabled,Enabled
1672424807.766412,0,GPU-a71d5fd4-b7db-93b7-1b7a-5a6e2a6a8c65,0.17,0.39033203125,10240.0,6243.0,472.12,NVIDIA GeForce RTX 3080,[N/A],Enabled,Enabled
1672424808.772369,0,GPU-a71d5fd4-b7db-93b7-1b7a-5a6e2a6a8c65,0.17,0.39033203125,10240.0,6243.0,472.12,NVIDIA GeForce RTX 3080,[N/A],Enabled,Enabled
1672424809.764117,0,GPU-a71d5fd4-b7db-93b7-1b7a-5a6e2a6a8c65,0.17,0.39033203125,10240.0,6243.0,472.12,NVIDIA GeForce RTX 3080,[N/A],Enabled,Enabled
1672424810.76721,0,GPU-a71d5fd4-b7db-93b7-1b7a-5a6e2a6a8c65,0.16,0.39033203125,10240.0,6243.0,472.12,NVIDIA GeForce RTX 3080,[N/A],Enabled,Enabled
1672424811.770495,0,GPU-a71d5fd4-b7db-93b7-1b7a-5a6e2a6a8c65,0.17,0.39033203125,10240.0,6243.0,472.12,NVIDIA GeForce RTX 3080,[N/A],Enabled,Enabled
1672424812.773486,0,GPU-a71d5fd4-b7db-93b7-1b7a-5a6e2a6a8c65,0.17,0.39033203125,10240.0,6243.0,472.12,NVIDIA GeForce RTX 3080,[N/A],Enabled,Enabled
1672424813.768196,0,GPU-a71d5fd4-b7db-93b7-1b7a-5a6e2a6a8c65,0.18,0.39033203125,10240.0,6243.0,472.12,NVIDIA GeForce RTX 3080,[N/A],Enabled,Enabled
1672424814.772576,0,GPU-a71d5fd4-b7db-93b7-1b7a-5a6e2a6a8c65,0.18,0.39033203125,10240.0,6243.0,472.12,NVIDIA GeForce RTX 3080,[N/A],Enabled,Enabled
1672424815.765326,0,GPU-a71d5fd4-b7db-93b7-1b7a-5a6e2a6a8c65,0.17,0.39033203125,10240.0,6243.0,472.12,NVIDIA GeForce RTX 3080,[N/A],Enabled,Enabled
1672424816.773496,0,GPU-a71d5fd4-b7db-93b7-1b7a-5a6e2a6a8c65,0.17,0.39033203125,10240.0,6243.0,472.12,NVIDIA GeForce RTX 3080,[N/A],Enabled,Enabled
1672424817.765244,0,GPU-a71d5fd4-b7db-93b7-1b7a-5a6e2a6a8c65,0.18,0.39033203125,10240.0,6243.0,472.12,NVIDIA GeForce RTX 3080,[N/A],Enabled,Enabled
1672424818.771445,0,GPU-a71d5fd4-b7db-93b7-1b7a-5a6e2a6a8c65,0.17,0.39033203125,10240.0,6243.0,472.12,NVIDIA GeForce RTX 3080,[N/A],Enabled,Enabled
1672424819.760178,0,GPU-a71d5fd4-b7db-93b7-1b7a-5a6e2a6a8c65,0.18,0.39033203125,10240.0,6243.0,472.12,NVIDIA GeForce RTX 3080,[N/A],Enabled,Enabled
1672424820.769538,0,GPU-a71d5fd4-b7db-93b7-1b7a-5a6e2a6a8c65,0.17,0.39033203125,10240.0,6243.0,472.12,NVIDIA GeForce RTX 3080,[N/A],Enabled,Enabled
1672424821.762374,0,GPU-a71d5fd4-b7db-93b7-1b7a-5a6e2a6a8c65,0.17,0.39033203125,10240.0,6243.0,472.12,NVIDIA GeForce RTX 3080,[N/A],Enabled,Enabled
1672424822.770229,0,GPU-a71d5fd4-b7db-93b7-1b7a-5a6e2a6a8c65,0.17,0.39033203125,10240.0,6243.0,472.12,NVIDIA GeForce RTX 3080,[N/A],Enabled,Enabled
1672424823.760518,0,GPU-a71d5fd4-b7db-93b7-1b7a-5a6e2a6a8c65,0.17,0.39033203125,10240.0,6243.0,472.12,NVIDIA GeForce RTX 3080,[N/A],Enabled,Enabled
1672424824.770225,0,GPU-a71d5fd4-b7db-93b7-1b7a-5a6e2a6a8c65,0.17,0.39033203125,10240.0,6243.0,472.12,NVIDIA GeForce RTX 3080,[N/A],Enabled,Enabled
1672424825.773435,0,GPU-a71d5fd4-b7db-93b7-1b7a-5a6e2a6a8c65,0.17,0.39033203125,10240.0,6243.0,472.12,NVIDIA GeForce RTX 3080,[N/A],Enabled,Enabled
1672424826.764752,0,GPU-a71d5fd4-b7db-93b7-1b7a-5a6e2a6a8c65,0.17,0.39033203125,10240.0,6243.0,472.12,NVIDIA GeForce RTX 3080,[N/A],Enabled,Enabled
1672424827.768588,0,GPU-a71d5fd4-b7db-93b7-1b7a-5a6e2a6a8c65,0.16,0.39033203125,10240.0,6243.0,472.12,NVIDIA GeForce RTX 3080,[N/A],Enabled,Enabled
1672424828.75959,0,GPU-a71d5fd4-b7db-93b7-1b7a-5a6e2a6a8c65,0.17,0.39033203125,10240.0,6243.0,472.12,NVIDIA GeForce RTX 3080,[N/A],Enabled,Enabled
1672424829.766081,0,GPU-a71d5fd4-b7db-93b7-1b7a-5a6e2a6a8c65,0.16,0.39033203125,10240.0,6243.0,472.12,NVIDIA GeForce RTX 3080,[N/A],Enabled,Enabled
1672424830.771217,0,GPU-a71d5fd4-b7db-93b7-1b7a-5a6e2a6a8c65,0.17,0.39033203125,10240.0,6243.0,472.12,NVIDIA GeForce RTX 3080,[N/A],Enabled,Enabled
1672424831.770483,0,GPU-a71d5fd4-b7db-93b7-1b7a-5a6e2a6a8c65,0.17,0.39033203125,10240.0,6243.0,472.12,NVIDIA GeForce RTX 3080,[N/A],Enabled,Enabled
1672424832.763417,0,GPU-a71d5fd4-b7db-93b7-1b7a-5a6e2a6a8c65,0.17,0.39033203125,10240.0,6243.0,472.12,NVIDIA GeForce RTX 3080,[N/A],Enabled,Enabled
1672424833.769929,0,GPU-a71d5fd4-b7db-93b7-1b7a-5a6e2a6a8c65,0.17,0.39033203125,10240.0,6243.0,472.12,NVIDIA GeForce RTX 3080,[N/A],Enabled,Enabled
1672424834.760131,0,GPU-a71d5fd4-b7db-93b7-1b7a-5a6e2a6a8c65,0.16,0.39033203125,10240.0,6243.0,472.12,NVIDIA GeForce RTX 3080,[N/A],Enabled,Enabled
1672424835.768255,0,GPU-a71d5fd4-b7db-93b7-1b7a-5a6e2a6a8c65,0.17,0.39033203125,10240.0,6243.0,472.12,NVIDIA GeForce RTX 3080,[N/A],Enabled,Enabled
1672424836.765252,0,GPU-a71d5fd4-b7db-93b7-1b7a-5a6e2a6a8c65,0.16,0.39033203125,10240.0,6243.0,472.12,NVIDIA GeForce RTX 3080,[N/A],Enabled,Enabled
1672424837.768197,0,GPU-a71d5fd4-b7db-93b7-1b7a-5a6e2a6a8c65,0.17,0.39033203125,10240.0,6243.0,472.12,NVIDIA GeForce RTX 3080,[N/A],Enabled,Enabled
1672424838.760276,0,GPU-a71d5fd4-b7db-93b7-1b7a-5a6e2a6a8c65,0.17,0.39033203125,10240.0,6243.0,472.12,NVIDIA GeForce RTX 3080,[N/A],Enabled,Enabled
1672424839.770258,0,GPU-a71d5fd4-b7db-93b7-1b7a-5a6e2a6a8c65,0.17,0.39033203125,10240.0,6243.0,472.12,NVIDIA GeForce RTX 3080,[N/A],Enabled,Enabled
1672424840.765305,0,GPU-a71d5fd4-b7db-93b7-1b7a-5a6e2a6a8c65,0.17,0.39033203125,10240.0,6243.0,472.12,NVIDIA GeForce RTX 3080,[N/A],Enabled,Enabled
1672424841.771484,0,GPU-a71d5fd4-b7db-93b7-1b7a-5a6e2a6a8c65,0.17,0.39033203125,10240.0,6243.0,472.12,NVIDIA GeForce RTX 3080,[N/A],Enabled,Enabled
1672424842.762202,0,GPU-a71d5fd4-b7db-93b7-1b7a-5a6e2a6a8c65,0.17,0.39033203125,10240.0,6243.0,472.12,NVIDIA GeForce RTX 3080,[N/A],Enabled,Enabled
1672424843.767501,0,GPU-a71d5fd4-b7db-93b7-1b7a-5a6e2a6a8c65,0.18,0.39033203125,10240.0,6243.0,472.12,NVIDIA GeForce RTX 3080,[N/A],Enabled,Enabled
1672424844.762996,0,GPU-a71d5fd4-b7db-93b7-1b7a-5a6e2a6a8c65,0.17,0.39033203125,10240.0,6243.0,472.12,NVIDIA GeForce RTX 3080,[N/A],Enabled,Enabled
1672424845.77002,0,GPU-a71d5fd4-b7db-93b7-1b7a-5a6e2a6a8c65,0.17,0.39033203125,10240.0,6243.0,472.12,NVIDIA GeForce RTX 3080,[N/A],Enabled,Enabled
1672424846.761572,0,GPU-a71d5fd4-b7db-93b7-1b7a-5a6e2a6a8c65,0.17,0.39033203125,10240.0,6243.0,472.12,NVIDIA GeForce RTX 3080,[N/A],Enabled,Enabled
1672424847.768245,0,GPU-a71d5fd4-b7db-93b7-1b7a-5a6e2a6a8c65,0.17,0.39033203125,10240.0,6243.0,472.12,NVIDIA GeForce RTX 3080,[N/A],Enabled,Enabled
1672424848.766438,0,GPU-a71d5fd4-b7db-93b7-1b7a-5a6e2a6a8c65,0.17,0.39033203125,10240.0,6243.0,472.12,NVIDIA GeForce RTX 3080,[N/A],Enabled,Enabled
1672424849.76344,0,GPU-a71d5fd4-b7db-93b7-1b7a-5a6e2a6a8c65,0.18,0.39033203125,10240.0,6243.0,472.12,NVIDIA GeForce RTX 3080,[N/A],Enabled,Enabled
1672424850.767429,0,GPU-a71d5fd4-b7db-93b7-1b7a-5a6e2a6a8c65,0.17,0.39033203125,10240.0,6243.0,472.12,NVIDIA GeForce RTX 3080,[N/A],Enabled,Enabled
1672424851.7723,0,GPU-a71d5fd4-b7db-93b7-1b7a-5a6e2a6a8c65,0.17,0.39033203125,10240.0,6243.0,472.12,NVIDIA GeForce RTX 3080,[N/A],Enabled,Enabled
1672424852.760121,0,GPU-a71d5fd4-b7db-93b7-1b7a-5a6e2a6a8c65,0.17,0.39033203125,10240.0,6243.0,472.12,NVIDIA GeForce RTX 3080,[N/A],Enabled,Enabled
1672424853.77229,0,GPU-a71d5fd4-b7db-93b7-1b7a-5a6e2a6a8c65,0.17,0.39033203125,10240.0,6243.0,472.12,NVIDIA GeForce RTX 3080,[N/A],Enabled,Enabled
1672424854.765244,0,GPU-a71d5fd4-b7db-93b7-1b7a-5a6e2a6a8c65,0.17,0.39033203125,10240.0,6243.0,472.12,NVIDIA GeForce RTX 3080,[N/A],Enabled,Enabled
1672424855.767256,0,GPU-a71d5fd4-b7db-93b7-1b7a-5a6e2a6a8c65,0.17,0.39033203125,10240.0,6243.0,472.12,NVIDIA GeForce RTX 3080,[N/A],Enabled,Enabled
1672424856.770429,0,GPU-a71d5fd4-b7db-93b7-1b7a-5a6e2a6a8c65,0.17,0.39033203125,10240.0,6243.0,472.12,NVIDIA GeForce RTX 3080,[N/A],Enabled,Enabled
1672424857.761264,0,GPU-a71d5fd4-b7db-93b7-1b7a-5a6e2a6a8c65,0.17,0.39033203125,10240.0,6243.0,472.12,NVIDIA GeForce RTX 3080,[N/A],Enabled,Enabled
1672424858.762395,0,GPU-a71d5fd4-b7db-93b7-1b7a-5a6e2a6a8c65,0.16,0.39033203125,10240.0,6243.0,472.12,NVIDIA GeForce RTX 3080,[N/A],Enabled,Enabled
1672424859.771112,0,GPU-a71d5fd4-b7db-93b7-1b7a-5a6e2a6a8c65,0.18,0.39033203125,10240.0,6243.0,472.12,NVIDIA GeForce RTX 3080,[N/A],Enabled,Enabled
1672424860.760194,0,GPU-a71d5fd4-b7db-93b7-1b7a-5a6e2a6a8c65,0.17,0.39033203125,10240.0,6243.0,472.12,NVIDIA GeForce RTX 3080,[N/A],Enabled,Enabled
1672424861.765067,0,GPU-a71d5fd4-b7db-93b7-1b7a-5a6e2a6a8c65,0.18,0.39033203125,10240.0,6243.0,472.12,NVIDIA GeForce RTX 3080,[N/A],Enabled,Enabled
1672424862.772332,0,GPU-a71d5fd4-b7db-93b7-1b7a-5a6e2a6a8c65,0.17,0.39033203125,10240.0,6243.0,472.12,NVIDIA GeForce RTX 3080,[N/A],Enabled,Enabled
1672424863.763378,0,GPU-a71d5fd4-b7db-93b7-1b7a-5a6e2a6a8c65,0.18,0.39033203125,10240.0,6243.0,472.12,NVIDIA GeForce RTX 3080,[N/A],Enabled,Enabled
1672424864.771473,0,GPU-a71d5fd4-b7db-93b7-1b7a-5a6e2a6a8c65,0.17,0.39033203125,10240.0,6243.0,472.12,NVIDIA GeForce RTX 3080,[N/A],Enabled,Enabled
1672424865.77225,0,GPU-a71d5fd4-b7db-93b7-1b7a-5a6e2a6a8c65,0.17,0.39033203125,10240.0,6243.0,472.12,NVIDIA GeForce RTX 3080,[N/A],Enabled,Enabled
1672424866.762223,0,GPU-a71d5fd4-b7db-93b7-1b7a-5a6e2a6a8c65,0.17,0.39033203125,10240.0,6243.0,472.12,NVIDIA GeForce RTX 3080,[N/A],Enabled,Enabled
1672424867.768261,0,GPU-a71d5fd4-b7db-93b7-1b7a-5a6e2a6a8c65,0.17,0.39033203125,10240.0,6243.0,472.12,NVIDIA GeForce RTX 3080,[N/A],Enabled,Enabled
1672424868.760351,0,GPU-a71d5fd4-b7db-93b7-1b7a-5a6e2a6a8c65,0.17,0.39033203125,10240.0,6243.0,472.12,NVIDIA GeForce RTX 3080,[N/A],Enabled,Enabled
1672424869.771044,0,GPU-a71d5fd4-b7db-93b7-1b7a-5a6e2a6a8c65,0.17,0.39033203125,10240.0,6243.0,472.12,NVIDIA GeForce RTX 3080,[N/A],Enabled,Enabled
1672424870.763464,0,GPU-a71d5fd4-b7db-93b7-1b7a-5a6e2a6a8c65,0.17,0.39033203125,10240.0,6243.0,472.12,NVIDIA GeForce RTX 3080,[N/A],Enabled,Enabled
1672424871.760396,0,GPU-a71d5fd4-b7db-93b7-1b7a-5a6e2a6a8c65,0.18,0.39033203125,10240.0,6243.0,472.12,NVIDIA GeForce RTX 3080,[N/A],Enabled,Enabled
1672424872.764942,0,GPU-a71d5fd4-b7db-93b7-1b7a-5a6e2a6a8c65,0.17,0.39033203125,10240.0,6243.0,472.12,NVIDIA GeForce RTX 3080,[N/A],Enabled,Enabled
1672424873.772508,0,GPU-a71d5fd4-b7db-93b7-1b7a-5a6e2a6a8c65,0.18,0.39033203125,10240.0,6243.0,472.12,NVIDIA GeForce RTX 3080,[N/A],Enabled,Enabled
1672424874.76735,0,GPU-a71d5fd4-b7db-93b7-1b7a-5a6e2a6a8c65,0.18,0.39033203125,10240.0,6243.0,472.12,NVIDIA GeForce RTX 3080,[N/A],Enabled,Enabled
1672424875.773659,0,GPU-a71d5fd4-b7db-93b7-1b7a-5a6e2a6a8c65,0.17,0.39033203125,10240.0,6243.0,472.12,NVIDIA GeForce RTX 3080,[N/A],Enabled,Enabled
1672424876.766186,0,GPU-a71d5fd4-b7db-93b7-1b7a-5a6e2a6a8c65,0.17,0.39033203125,10240.0,6243.0,472.12,NVIDIA GeForce RTX 3080,[N/A],Enabled,Enabled
1672424877.758593,0,GPU-a71d5fd4-b7db-93b7-1b7a-5a6e2a6a8c65,0.17,0.39033203125,10240.0,6243.0,472.12,NVIDIA GeForce RTX 3080,[N/A],Enabled,Enabled
1672424878.766422,0,GPU-a71d5fd4-b7db-93b7-1b7a-5a6e2a6a8c65,0.17,0.39033203125,10240.0,6243.0,472.12,NVIDIA GeForce RTX 3080,[N/A],Enabled,Enabled
1672424879.772477,0,GPU-a71d5fd4-b7db-93b7-1b7a-5a6e2a6a8c65,0.17,0.39033203125,10240.0,6243.0,472.12,NVIDIA GeForce RTX 3080,[N/A],Enabled,Enabled
1672424880.771325,0,GPU-a71d5fd4-b7db-93b7-1b7a-5a6e2a6a8c65,0.17,0.39033203125,10240.0,6243.0,472.12,NVIDIA GeForce RTX 3080,[N/A],Enabled,Enabled
1672424881.763201,0,GPU-a71d5fd4-b7db-93b7-1b7a-5a6e2a6a8c65,0.18,0.39033203125,10240.0,6243.0,472.12,NVIDIA GeForce RTX 3080,[N/A],Enabled,Enabled
1672424882.768415,0,GPU-a71d5fd4-b7db-93b7-1b7a-5a6e2a6a8c65,0.17,0.39033203125,10240.0,6243.0,472.12,NVIDIA GeForce RTX 3080,[N/A],Enabled,Enabled
1672424883.761344,0,GPU-a71d5fd4-b7db-93b7-1b7a-5a6e2a6a8c65,0.17,0.39033203125,10240.0,6243.0,472.12,NVIDIA GeForce RTX 3080,[N/A],Enabled,Enabled
1672424884.762238,0,GPU-a71d5fd4-b7db-93b7-1b7a-5a6e2a6a8c65,0.17,0.39033203125,10240.0,6243.0,472.12,NVIDIA GeForce RTX 3080,[N/A],Enabled,Enabled
1672424885.77158,0,GPU-a71d5fd4-b7db-93b7-1b7a-5a6e2a6a8c65,0.18,0.39033203125,10240.0,6243.0,472.12,NVIDIA GeForce RTX 3080,[N/A],Enabled,Enabled
1672424886.761437,0,GPU-a71d5fd4-b7db-93b7-1b7a-5a6e2a6a8c65,0.18,0.39033203125,10240.0,6243.0,472.12,NVIDIA GeForce RTX 3080,[N/A],Enabled,Enabled
1672424887.76459,0,GPU-a71d5fd4-b7db-93b7-1b7a-5a6e2a6a8c65,0.18,0.39033203125,10240.0,6243.0,472.12,NVIDIA GeForce RTX 3080,[N/A],Enabled,Enabled
1672424888.767419,0,GPU-a71d5fd4-b7db-93b7-1b7a-5a6e2a6a8c65,0.17,0.39033203125,10240.0,6243.0,472.12,NVIDIA GeForce RTX 3080,[N/A],Enabled,Enabled
1672424889.770101,0,GPU-a71d5fd4-b7db-93b7-1b7a-5a6e2a6a8c65,0.17,0.39033203125,10240.0,6243.0,472.12,NVIDIA GeForce RTX 3080,[N/A],Enabled,Enabled
1672424890.766426,0,GPU-a71d5fd4-b7db-93b7-1b7a-5a6e2a6a8c65,0.17,0.39033203125,10240.0,6243.0,472.12,NVIDIA GeForce RTX 3080,[N/A],Enabled,Enabled
1672424891.760454,0,GPU-a71d5fd4-b7db-93b7-1b7a-5a6e2a6a8c65,0.18,0.39033203125,10240.0,6243.0,472.12,NVIDIA GeForce RTX 3080,[N/A],Enabled,Enabled
1672424892.766988,0,GPU-a71d5fd4-b7db-93b7-1b7a-5a6e2a6a8c65,0.17,0.39033203125,10240.0,6243.0,472.12,NVIDIA GeForce RTX 3080,[N/A],Enabled,Enabled
1672424893.767258,0,GPU-a71d5fd4-b7db-93b7-1b7a-5a6e2a6a8c65,0.17,0.39033203125,10240.0,6243.0,472.12,NVIDIA GeForce RTX 3080,[N/A],Enabled,Enabled
1672424894.761496,0,GPU-a71d5fd4-b7db-93b7-1b7a-5a6e2a6a8c65,0.17,0.39033203125,10240.0,6243.0,472.12,NVIDIA GeForce RTX 3080,[N/A],Enabled,Enabled
1672424895.770177,0,GPU-a71d5fd4-b7db-93b7-1b7a-5a6e2a6a8c65,0.16,0.39033203125,10240.0,6243.0,472.12,NVIDIA GeForce RTX 3080,[N/A],Enabled,Enabled
1672424896.765976,0,GPU-a71d5fd4-b7db-93b7-1b7a-5a6e2a6a8c65,0.17,0.39033203125,10240.0,6243.0,472.12,NVIDIA GeForce RTX 3080,[N/A],Enabled,Enabled
1672424897.772402,0,GPU-a71d5fd4-b7db-93b7-1b7a-5a6e2a6a8c65,0.17,0.39033203125,10240.0,6243.0,472.12,NVIDIA GeForce RTX 3080,[N/A],Enabled,Enabled
1672424898.766969,0,GPU-a71d5fd4-b7db-93b7-1b7a-5a6e2a6a8c65,0.17,0.39033203125,10240.0,6243.0,472.12,NVIDIA GeForce RTX 3080,[N/A],Enabled,Enabled
1672424899.763204,0,GPU-a71d5fd4-b7db-93b7-1b7a-5a6e2a6a8c65,0.18,0.39033203125,10240.0,6243.0,472.12,NVIDIA GeForce RTX 3080,[N/A],Enabled,Enabled
1672424900.765992,0,GPU-a71d5fd4-b7db-93b7-1b7a-5a6e2a6a8c65,0.17,0.39033203125,10240.0,6243.0,472.12,NVIDIA GeForce RTX 3080,[N/A],Enabled,Enabled
1672424901.759258,0,GPU-a71d5fd4-b7db-93b7-1b7a-5a6e2a6a8c65,0.17,0.39033203125,10240.0,6243.0,472.12,NVIDIA GeForce RTX 3080,[N/A],Enabled,Enabled
1672424902.763031,0,GPU-a71d5fd4-b7db-93b7-1b7a-5a6e2a6a8c65,0.17,0.39033203125,10240.0,6243.0,472.12,NVIDIA GeForce RTX 3080,[N/A],Enabled,Enabled
1672424903.769394,0,GPU-a71d5fd4-b7db-93b7-1b7a-5a6e2a6a8c65,0.17,0.39033203125,10240.0,6243.0,472.12,NVIDIA GeForce RTX 3080,[N/A],Enabled,Enabled
1672424904.76454,0,GPU-a71d5fd4-b7db-93b7-1b7a-5a6e2a6a8c65,0.16,0.39033203125,10240.0,6243.0,472.12,NVIDIA GeForce RTX 3080,[N/A],Enabled,Enabled
1672424905.759041,0,GPU-a71d5fd4-b7db-93b7-1b7a-5a6e2a6a8c65,0.17,0.39033203125,10240.0,6243.0,472.12,NVIDIA GeForce RTX 3080,[N/A],Enabled,Enabled
1672424906.761532,0,GPU-a71d5fd4-b7db-93b7-1b7a-5a6e2a6a8c65,0.16,0.39033203125,10240.0,6243.0,472.12,NVIDIA GeForce RTX 3080,[N/A],Enabled,Enabled
1672424907.771076,0,GPU-a71d5fd4-b7db-93b7-1b7a-5a6e2a6a8c65,0.17,0.39033203125,10240.0,6243.0,472.12,NVIDIA GeForce RTX 3080,[N/A],Enabled,Enabled
1672424908.762602,0,GPU-a71d5fd4-b7db-93b7-1b7a-5a6e2a6a8c65,0.17,0.39033203125,10240.0,6243.0,472.12,NVIDIA GeForce RTX 3080,[N/A],Enabled,Enabled
1672424909.773573,0,GPU-a71d5fd4-b7db-93b7-1b7a-5a6e2a6a8c65,0.17,0.39033203125,10240.0,6243.0,472.12,NVIDIA GeForce RTX 3080,[N/A],Enabled,Enabled
1672424910.765612,0,GPU-a71d5fd4-b7db-93b7-1b7a-5a6e2a6a8c65,0.16,0.39033203125,10240.0,6243.0,472.12,NVIDIA GeForce RTX 3080,[N/A],Enabled,Enabled
1672424911.771628,0,GPU-a71d5fd4-b7db-93b7-1b7a-5a6e2a6a8c65,0.15,0.38330078125,10240.0,6315.0,472.12,NVIDIA GeForce RTX 3080,[N/A],Enabled,Enabled
1672424912.761488,0,GPU-a71d5fd4-b7db-93b7-1b7a-5a6e2a6a8c65,0.15,0.38330078125,10240.0,6315.0,472.12,NVIDIA GeForce RTX 3080,[N/A],Enabled,Enabled
1672424913.771474,0,GPU-a71d5fd4-b7db-93b7-1b7a-5a6e2a6a8c65,0.14,0.38330078125,10240.0,6315.0,472.12,NVIDIA GeForce RTX 3080,[N/A],Enabled,Enabled
1672424914.766235,0,GPU-a71d5fd4-b7db-93b7-1b7a-5a6e2a6a8c65,0.25,0.4283203125,10240.0,5854.0,472.12,NVIDIA GeForce RTX 3080,[N/A],Enabled,Enabled
1672424915.772459,0,GPU-a71d5fd4-b7db-93b7-1b7a-5a6e2a6a8c65,0.25,0.4283203125,10240.0,5854.0,472.12,NVIDIA GeForce RTX 3080,[N/A],Enabled,Enabled
1672424916.771484,0,GPU-a71d5fd4-b7db-93b7-1b7a-5a6e2a6a8c65,0.24,0.4283203125,10240.0,5854.0,472.12,NVIDIA GeForce RTX 3080,[N/A],Enabled,Enabled
1672424917.762171,0,GPU-a71d5fd4-b7db-93b7-1b7a-5a6e2a6a8c65,0.26,0.4283203125,10240.0,5854.0,472.12,NVIDIA GeForce RTX 3080,[N/A],Enabled,Enabled
1672424918.770093,0,GPU-a71d5fd4-b7db-93b7-1b7a-5a6e2a6a8c65,0.24,0.4283203125,10240.0,5854.0,472.12,NVIDIA GeForce RTX 3080,[N/A],Enabled,Enabled
1672424919.773244,0,GPU-a71d5fd4-b7db-93b7-1b7a-5a6e2a6a8c65,0.18,0.3439453125,10240.0,6718.0,472.12,NVIDIA GeForce RTX 3080,[N/A],Enabled,Enabled
1672424920.760499,0,GPU-a71d5fd4-b7db-93b7-1b7a-5a6e2a6a8c65,0.14,0.344140625,10240.0,6716.0,472.12,NVIDIA GeForce RTX 3080,[N/A],Enabled,Enabled
1672424921.767276,0,GPU-a71d5fd4-b7db-93b7-1b7a-5a6e2a6a8c65,0.14,0.34482421875,10240.0,6709.0,472.12,NVIDIA GeForce RTX 3080,[N/A],Enabled,Enabled
1672424922.759127,0,GPU-a71d5fd4-b7db-93b7-1b7a-5a6e2a6a8c65,0.15,0.34482421875,10240.0,6709.0,472.12,NVIDIA GeForce RTX 3080,[N/A],Enabled,Enabled
1672424923.765245,0,GPU-a71d5fd4-b7db-93b7-1b7a-5a6e2a6a8c65,0.14,0.34482421875,10240.0,6709.0,472.12,NVIDIA GeForce RTX 3080,[N/A],Enabled,Enabled
1672424924.768486,0,GPU-a71d5fd4-b7db-93b7-1b7a-5a6e2a6a8c65,0.18,0.34912109375,10240.0,6665.0,472.12,NVIDIA GeForce RTX 3080,[N/A],Enabled,Enabled
1672424925.7594,0,GPU-a71d5fd4-b7db-93b7-1b7a-5a6e2a6a8c65,0.15,0.34931640625,10240.0,6663.0,472.12,NVIDIA GeForce RTX 3080,[N/A],Enabled,Enabled
1672424926.764822,0,GPU-a71d5fd4-b7db-93b7-1b7a-5a6e2a6a8c65,0.13,0.4330078125,10240.0,5806.0,472.12,NVIDIA GeForce RTX 3080,[N/A],Enabled,Enabled
1672424927.767182,0,GPU-a71d5fd4-b7db-93b7-1b7a-5a6e2a6a8c65,0.14,0.34384765625,10240.0,6719.0,472.12,NVIDIA GeForce RTX 3080,[N/A],Enabled,Enabled
1672424928.760244,0,GPU-a71d5fd4-b7db-93b7-1b7a-5a6e2a6a8c65,0.14,0.34384765625,10240.0,6719.0,472.12,NVIDIA GeForce RTX 3080,[N/A],Enabled,Enabled
1672424929.765135,0,GPU-a71d5fd4-b7db-93b7-1b7a-5a6e2a6a8c65,0.13,0.34384765625,10240.0,6719.0,472.12,NVIDIA GeForce RTX 3080,[N/A],Enabled,Enabled
1672424930.770551,0,GPU-a71d5fd4-b7db-93b7-1b7a-5a6e2a6a8c65,0.13,0.34384765625,10240.0,6719.0,472.12,NVIDIA GeForce RTX 3080,[N/A],Enabled,Enabled
1672424931.759942,0,GPU-a71d5fd4-b7db-93b7-1b7a-5a6e2a6a8c65,0.14,0.34384765625,10240.0,6719.0,472.12,NVIDIA GeForce RTX 3080,[N/A],Enabled,Enabled
1672424932.761331,0,GPU-a71d5fd4-b7db-93b7-1b7a-5a6e2a6a8c65,0.13,0.34384765625,10240.0,6719.0,472.12,NVIDIA GeForce RTX 3080,[N/A],Enabled,Enabled
1672424933.76063,0,GPU-a71d5fd4-b7db-93b7-1b7a-5a6e2a6a8c65,0.13,0.34384765625,10240.0,6719.0,472.12,NVIDIA GeForce RTX 3080,[N/A],Enabled,Enabled
1672424934.767416,0,GPU-a71d5fd4-b7db-93b7-1b7a-5a6e2a6a8c65,0.13,0.34384765625,10240.0,6719.0,472.12,NVIDIA GeForce RTX 3080,[N/A],Enabled,Enabled
1672424935.768234,0,GPU-a71d5fd4-b7db-93b7-1b7a-5a6e2a6a8c65,0.13,0.34384765625,10240.0,6719.0,472.12,NVIDIA GeForce RTX 3080,[N/A],Enabled,Enabled
1672424936.762566,0,GPU-a71d5fd4-b7db-93b7-1b7a-5a6e2a6a8c65,0.13,0.34384765625,10240.0,6719.0,472.12,NVIDIA GeForce RTX 3080,[N/A],Enabled,Enabled
1672424937.766031,0,GPU-a71d5fd4-b7db-93b7-1b7a-5a6e2a6a8c65,0.13,0.34384765625,10240.0,6719.0,472.12,NVIDIA GeForce RTX 3080,[N/A],Enabled,Enabled
1672424938.767149,0,GPU-a71d5fd4-b7db-93b7-1b7a-5a6e2a6a8c65,0.13,0.34384765625,10240.0,6719.0,472.12,NVIDIA GeForce RTX 3080,[N/A],Enabled,Enabled
1672424939.771276,0,GPU-a71d5fd4-b7db-93b7-1b7a-5a6e2a6a8c65,0.13,0.34384765625,10240.0,6719.0,472.12,NVIDIA GeForce RTX 3080,[N/A],Enabled,Enabled
1672424940.762617,0,GPU-a71d5fd4-b7db-93b7-1b7a-5a6e2a6a8c65,0.13,0.34384765625,10240.0,6719.0,472.12,NVIDIA GeForce RTX 3080,[N/A],Enabled,Enabled
1672424941.77153,0,GPU-a71d5fd4-b7db-93b7-1b7a-5a6e2a6a8c65,0.13,0.34384765625,10240.0,6719.0,472.12,NVIDIA GeForce RTX 3080,[N/A],Enabled,Enabled
1672424942.770435,0,GPU-a71d5fd4-b7db-93b7-1b7a-5a6e2a6a8c65,0.13,0.34384765625,10240.0,6719.0,472.12,NVIDIA GeForce RTX 3080,[N/A],Enabled,Enabled
1672424943.766274,0,GPU-a71d5fd4-b7db-93b7-1b7a-5a6e2a6a8c65,0.01,0.18896484375,10240.0,8305.0,472.12,NVIDIA GeForce RTX 3080,[N/A],Enabled,Enabled
1672424944.766195,0,GPU-a71d5fd4-b7db-93b7-1b7a-5a6e2a6a8c65,0.0,0.1845703125,10240.0,8350.0,472.12,NVIDIA GeForce RTX 3080,[N/A],Enabled,Enabled
1672424945.762459,0,GPU-a71d5fd4-b7db-93b7-1b7a-5a6e2a6a8c65,0.01,0.18525390625,10240.0,8343.0,472.12,NVIDIA GeForce RTX 3080,[N/A],Enabled,Enabled
1672424946.760638,0,GPU-a71d5fd4-b7db-93b7-1b7a-5a6e2a6a8c65,0.0,0.18525390625,10240.0,8343.0,472.12,NVIDIA GeForce RTX 3080,[N/A],Enabled,Enabled
1672424947.760955,0,GPU-a71d5fd4-b7db-93b7-1b7a-5a6e2a6a8c65,0.0,0.18525390625,10240.0,8343.0,472.12,NVIDIA GeForce RTX 3080,[N/A],Enabled,Enabled
1672424948.763455,0,GPU-a71d5fd4-b7db-93b7-1b7a-5a6e2a6a8c65,0.01,0.18525390625,10240.0,8343.0,472.12,NVIDIA GeForce RTX 3080,[N/A],Enabled,Enabled
1672424949.761334,0,GPU-a71d5fd4-b7db-93b7-1b7a-5a6e2a6a8c65,0.01,0.18525390625,10240.0,8343.0,472.12,NVIDIA GeForce RTX 3080,[N/A],Enabled,Enabled
1672424950.763106,0,GPU-a71d5fd4-b7db-93b7-1b7a-5a6e2a6a8c65,0.01,0.18525390625,10240.0,8343.0,472.12,NVIDIA GeForce RTX 3080,[N/A],Enabled,Enabled
1672424951.760005,0,GPU-a71d5fd4-b7db-93b7-1b7a-5a6e2a6a8c65,0.03,0.18525390625,10240.0,8343.0,472.12,NVIDIA GeForce RTX 3080,[N/A],Enabled,Enabled
1672424952.760593,0,GPU-a71d5fd4-b7db-93b7-1b7a-5a6e2a6a8c65,0.0,0.18525390625,10240.0,8343.0,472.12,NVIDIA GeForce RTX 3080,[N/A],Enabled,Enabled
1672424953.759864,0,GPU-a71d5fd4-b7db-93b7-1b7a-5a6e2a6a8c65,0.01,0.18525390625,10240.0,8343.0,472.12,NVIDIA GeForce RTX 3080,[N/A],Enabled,Enabled
1672424954.760592,0,GPU-a71d5fd4-b7db-93b7-1b7a-5a6e2a6a8c65,0.01,0.18525390625,10240.0,8343.0,472.12,NVIDIA GeForce RTX 3080,[N/A],Enabled,Enabled
1672424955.762455,0,GPU-a71d5fd4-b7db-93b7-1b7a-5a6e2a6a8c65,0.01,0.18525390625,10240.0,8343.0,472.12,NVIDIA GeForce RTX 3080,[N/A],Enabled,Enabled
1672424956.767456,0,GPU-a71d5fd4-b7db-93b7-1b7a-5a6e2a6a8c65,0.0,0.18525390625,10240.0,8343.0,472.12,NVIDIA GeForce RTX 3080,[N/A],Enabled,Enabled
1672424957.769105,0,GPU-a71d5fd4-b7db-93b7-1b7a-5a6e2a6a8c65,0.0,0.18525390625,10240.0,8343.0,472.12,NVIDIA GeForce RTX 3080,[N/A],Enabled,Enabled
1672424958.759793,0,GPU-a71d5fd4-b7db-93b7-1b7a-5a6e2a6a8c65,0.01,0.18525390625,10240.0,8343.0,472.12,NVIDIA GeForce RTX 3080,[N/A],Enabled,Enabled
1672424959.760594,0,GPU-a71d5fd4-b7db-93b7-1b7a-5a6e2a6a8c65,0.01,0.18525390625,10240.0,8343.0,472.12,NVIDIA GeForce RTX 3080,[N/A],Enabled,Enabled
1672424960.760642,0,GPU-a71d5fd4-b7db-93b7-1b7a-5a6e2a6a8c65,0.01,0.18525390625,10240.0,8343.0,472.12,NVIDIA GeForce RTX 3080,[N/A],Enabled,Enabled
1672424961.773586,0,GPU-a71d5fd4-b7db-93b7-1b7a-5a6e2a6a8c65,0.0,0.18525390625,10240.0,8343.0,472.12,NVIDIA GeForce RTX 3080,[N/A],Enabled,Enabled
1672424962.758743,0,GPU-a71d5fd4-b7db-93b7-1b7a-5a6e2a6a8c65,0.0,0.18525390625,10240.0,8343.0,472.12,NVIDIA GeForce RTX 3080,[N/A],Enabled,Enabled
1672424963.770092,0,GPU-a71d5fd4-b7db-93b7-1b7a-5a6e2a6a8c65,0.01,0.18525390625,10240.0,8343.0,472.12,NVIDIA GeForce RTX 3080,[N/A],Enabled,Enabled
1672424964.767586,0,GPU-a71d5fd4-b7db-93b7-1b7a-5a6e2a6a8c65,0.01,0.18525390625,10240.0,8343.0,472.12,NVIDIA GeForce RTX 3080,[N/A],Enabled,Enabled
1672424965.763593,0,GPU-a71d5fd4-b7db-93b7-1b7a-5a6e2a6a8c65,0.0,0.18525390625,10240.0,8343.0,472.12,NVIDIA GeForce RTX 3080,[N/A],Enabled,Enabled
1672424966.763605,0,GPU-a71d5fd4-b7db-93b7-1b7a-5a6e2a6a8c65,0.0,0.18525390625,10240.0,8343.0,472.12,NVIDIA GeForce RTX 3080,[N/A],Enabled,Enabled
1672424967.769136,0,GPU-a71d5fd4-b7db-93b7-1b7a-5a6e2a6a8c65,0.03,0.18525390625,10240.0,8343.0,472.12,NVIDIA GeForce RTX 3080,[N/A],Enabled,Enabled
1672424968.773585,0,GPU-a71d5fd4-b7db-93b7-1b7a-5a6e2a6a8c65,0.01,0.18525390625,10240.0,8343.0,472.12,NVIDIA GeForce RTX 3080,[N/A],Enabled,Enabled
1672424969.76561,0,GPU-a71d5fd4-b7db-93b7-1b7a-5a6e2a6a8c65,0.01,0.18525390625,10240.0,8343.0,472.12,NVIDIA GeForce RTX 3080,[N/A],Enabled,Enabled
1672424970.762139,0,GPU-a71d5fd4-b7db-93b7-1b7a-5a6e2a6a8c65,0.0,0.18525390625,10240.0,8343.0,472.12,NVIDIA GeForce RTX 3080,[N/A],Enabled,Enabled
1672424971.774111,0,GPU-a71d5fd4-b7db-93b7-1b7a-5a6e2a6a8c65,0.02,0.18525390625,10240.0,8343.0,472.12,NVIDIA GeForce RTX 3080,[N/A],Enabled,Enabled
