10.18 4.27 1.60 4/2328 4652
10.18 4.27 1.60 3/2328 4672
10.09 4.34 1.64 7/2328 4693
10.09 4.34 1.64 7/2328 4712
10.09 4.34 1.64 20/2321 4738
10.09 4.34 1.64 8/2331 4776
10.09 4.34 1.64 1/2331 4795
9.92 4.41 1.68 3/2331 4815
9.92 4.41 1.68 3/2330 4835
9.92 4.41 1.68 2/2328 4854
9.92 4.41 1.68 2/2328 4874
9.92 4.41 1.68 1/2328 4894
10.01 4.52 1.73 5/2328 4914
10.01 4.52 1.73 2/2328 4934
10.01 4.52 1.73 4/2328 4954
10.01 4.52 1.73 2/2328 4973
10.01 4.52 1.73 4/2328 4993
10.01 4.61 1.77 5/2328 5013
10.01 4.61 1.77 5/2328 5032
10.01 4.61 1.77 1/2327 5054
10.01 4.61 1.77 4/2328 5075
10.01 4.61 1.77 2/2328 5094
9.84 4.66 1.81 2/2328 5114
9.84 4.66 1.81 3/2328 5135
9.84 4.66 1.81 2/2335 5162
9.84 4.66 1.81 3/2335 5182
9.84 4.66 1.81 1/2335 5202
9.70 4.72 1.84 6/2335 5221
9.70 4.72 1.84 2/2335 5241
9.70 4.72 1.84 3/2334 5263
9.70 4.72 1.84 4/2335 5283
9.70 4.72 1.84 2/2333 5303
9.40 4.74 1.86 2/2333 5323
9.40 4.74 1.86 2/2333 5343
9.40 4.74 1.86 4/2333 5366
9.40 4.74 1.86 4/2333 5385
9.40 4.74 1.86 1/2332 5404
9.21 4.78 1.89 3/2332 5424
9.21 4.78 1.89 3/2332 5444
9.21 4.78 1.89 4/2330 5463
9.21 4.78 1.89 2/2330 5483
9.21 4.78 1.89 1/2330 5503
9.03 4.82 1.92 1/2330 5522
9.03 4.82 1.92 1/2330 5543
9.03 4.82 1.92 3/2330 5563
9.03 4.82 1.92 1/2330 5582
9.03 4.82 1.92 3/2330 5602
9.03 4.89 1.96 3/2330 5622
9.03 4.89 1.96 1/2330 5641
9.03 4.89 1.96 4/2330 5661
9.03 4.89 1.96 4/2329 5681
9.03 4.89 1.96 2/2329 5700
8.95 4.94 1.99 1/2329 5720
8.95 4.94 1.99 3/2329 5740
8.95 4.94 1.99 2/2329 5760
8.95 4.94 1.99 3/2330 5783
8.95 4.94 1.99 3/2330 5803
8.95 5.00 2.03 1/2330 5822
8.95 5.00 2.03 1/2330 5842
8.95 5.00 2.03 2/2330 5862
8.95 5.00 2.03 1/2330 5881
8.95 5.00 2.03 1/2330 5901
8.71 5.02 2.05 7/2330 5921
8.71 5.02 2.05 1/2330 5940
8.71 5.02 2.05 2/2330 5961
8.71 5.02 2.05 2/2324 5981
8.71 5.02 2.05 1/2307 6001
9.06 5.15 2.11 5/2307 6021
9.06 5.15 2.11 1/2307 6041
9.06 5.15 2.11 3/2306 6060
9.06 5.15 2.11 1/2305 6080
9.06 5.15 2.11 3/2305 6100
8.97 5.20 2.14 5/2305 6119
8.97 5.20 2.14 1/2305 6139
8.97 5.20 2.14 6/2305 6159
8.97 5.20 2.14 3/2305 6179
8.97 5.20 2.14 2/2305 6199
8.73 5.22 2.16 1/2305 6219
8.73 5.22 2.16 2/2305 6238
8.73 5.22 2.16 1/2305 6258
8.73 5.22 2.16 3/2305 6278
8.73 5.22 2.16 5/2305 6297
8.51 5.23 2.18 1/2305 6317
8.51 5.23 2.18 1/2305 6337
8.51 5.23 2.18 1/2303 6356
8.51 5.23 2.18 2/2303 6377
8.51 5.23 2.18 1/2303 6397
9.27 5.44 2.27 1/2303 6416
9.27 5.44 2.27 3/2303 6436
9.27 5.44 2.27 3/2303 6456
9.27 5.44 2.27 4/2303 6475
9.27 5.44 2.27 5/2303 6495
9.33 5.52 2.31 4/2303 6515
9.33 5.52 2.31 2/2303 6534
9.33 5.52 2.31 3/2303 6554
9.33 5.52 2.31 3/2303 6574
9.33 5.52 2.31 4/2303 6594
9.15 5.54 2.33 3/2303 6614
9.15 5.54 2.33 1/2303 6634
9.15 5.54 2.33 5/2303 6653
9.15 5.54 2.33 10/2303 6673
9.15 5.54 2.33 3/2303 6693
8.89 5.55 2.35 3/2303 6712
8.89 5.55 2.35 3/2303 6732
8.89 5.55 2.35 3/2303 6752
8.89 5.55 2.35 5/2303 6771
8.89 5.55 2.35 3/2303 6792
8.98 5.62 2.39 3/2303 6812
8.98 5.62 2.39 2/2303 6831
8.98 5.62 2.39 3/2303 6851
8.98 5.62 2.39 4/2303 6871
8.98 5.62 2.39 2/2303 6890
9.14 5.71 2.44 1/2303 6910
9.14 5.71 2.44 1/2303 6930
9.14 5.71 2.44 2/2303 6949
9.14 5.71 2.44 4/2303 6969
9.14 5.71 2.44 4/2303 6990
9.05 5.75 2.47 3/2303 7009
9.05 5.75 2.47 1/2303 7029
9.05 5.75 2.47 5/2303 7049
9.05 5.75 2.47 1/2303 7068
9.05 5.75 2.47 1/2303 7088
9.05 5.81 2.51 2/2303 7108
9.05 5.81 2.51 1/2303 7127
9.05 5.81 2.51 2/2303 7147
9.05 5.81 2.51 7/2303 7167
9.05 5.81 2.51 2/2303 7186
8.88 5.83 2.53 2/2303 7207
8.88 5.83 2.53 4/2303 7227
8.88 5.83 2.53 3/2303 7246
8.88 5.83 2.53 1/2303 7266
8.88 5.83 2.53 6/2303 7286
9.13 5.93 2.58 3/2303 7305
9.13 5.93 2.58 6/2303 7325
9.13 5.93 2.58 2/2303 7345
9.13 5.93 2.58 3/2303 7364
9.13 5.93 2.58 1/2303 7384
9.04 5.96 2.61 7/2303 7405
9.04 5.96 2.61 4/2303 7424
9.04 5.96 2.61 3/2303 7444
9.04 5.96 2.61 2/2303 7464
9.04 5.96 2.61 1/2303 7483
8.80 5.96 2.63 3/2303 7503
8.80 5.96 2.63 3/2303 7523
8.80 5.96 2.63 1/2303 7542
8.80 5.96 2.63 2/2303 7562
8.80 5.96 2.63 1/2303 7582
8.73 6.00 2.66 3/2303 7601
8.73 6.00 2.66 1/2303 7622
8.73 6.00 2.66 4/2303 7642
8.73 6.00 2.66 7/2303 7661
8.73 6.00 2.66 8/2303 7681
9.00 6.10 2.71 3/2303 7701
9.00 6.10 2.71 3/2303 7720
9.00 6.10 2.71 4/2303 7740
9.00 6.10 2.71 4/2303 7760
9.00 6.10 2.71 2/2303 7779
8.76 6.10 2.73 3/2303 7799
8.76 6.10 2.73 3/2303 7820
8.76 6.10 2.73 4/2303 7839
8.76 6.10 2.73 1/2303 7859
8.76 6.10 2.73 2/2303 7879
8.54 6.09 2.75 6/2303 7898
8.54 6.09 2.75 1/2303 7918
8.54 6.09 2.75 1/2303 7938
8.54 6.09 2.75 1/2303 7957
8.54 6.09 2.75 6/2303 7977
9.13 6.26 2.82 2/2298 7997
9.13 6.26 2.82 4/2297 8016
9.13 6.26 2.82 5/2294 8037
9.13 6.26 2.82 2/2294 8057
9.13 6.26 2.82 5/2292 8076
8.96 6.27 2.84 4/2289 8096
8.96 6.27 2.84 3/2290 8117
8.96 6.27 2.84 3/2290 8136
8.96 6.27 2.84 2/2290 8156
8.96 6.27 2.84 1/2287 8178
8.81 6.28 2.86 2/2287 8197
8.81 6.28 2.86 5/2287 8217
8.81 6.28 2.86 2/2287 8238
8.81 6.28 2.86 4/2287 8257
8.81 6.28 2.86 4/2287 8277
8.58 6.28 2.88 2/2287 8297
8.58 6.28 2.88 4/2287 8316
8.58 6.28 2.88 1/2278 8336
8.58 6.28 2.88 2/2278 8356
8.58 6.28 2.88 6/2276 8375
8.61 6.32 2.91 11/2276 8395
8.61 6.32 2.91 2/2276 8415
8.61 6.32 2.91 1/2275 8435
8.61 6.32 2.91 1/2275 8455
8.61 6.32 2.91 3/2275 8475
8.40 6.32 2.93 1/2275 8494
8.40 6.32 2.93 5/2275 8514
8.40 6.32 2.93 1/2271 8534
8.40 6.32 2.93 1/2271 8553
8.40 6.32 2.93 4/2271 8573
8.37 6.35 2.96 4/2271 8593
8.37 6.35 2.96 6/2271 8612
8.37 6.35 2.96 1/2268 8632
8.37 6.35 2.96 6/2267 8653
8.37 6.35 2.96 2/2267 8672
8.90 6.49 3.02 1/2266 8692
8.90 6.49 3.02 1/2261 8712
8.90 6.49 3.02 3/2261 8731
8.90 6.49 3.02 5/2261 8751
8.90 6.49 3.02 3/2259 8771
9.31 6.62 3.08 3/2259 8790
9.31 6.62 3.08 3/2259 8810
9.31 6.62 3.08 1/2259 8830
9.31 6.62 3.08 1/2259 8850
9.31 6.62 3.08 1/2259 8870
9.37 6.67 3.12 4/2259 8890
9.37 6.67 3.12 2/2259 8909
9.37 6.67 3.12 2/2261 8931
9.37 6.67 3.12 1/2260 8951
9.37 6.67 3.12 3/2260 8970
9.34 6.71 3.15 6/2260 8990
9.34 6.71 3.15 5/2260 9010
9.34 6.71 3.15 4/2260 9029
9.34 6.71 3.15 2/2259 9049
9.34 6.71 3.15 2/2259 9070
9.31 6.75 3.18 1/2259 9089
9.31 6.75 3.18 4/2260 9110
9.31 6.75 3.18 3/2260 9130
9.31 6.75 3.18 1/2260 9149
9.31 6.75 3.18 3/2261 9170
9.28 6.79 3.21 3/2261 9190
9.28 6.79 3.21 3/2261 9209
9.28 6.79 3.21 3/2261 9229
9.28 6.79 3.21 1/2261 9249
9.28 6.79 3.21 2/2261 9269
9.18 6.81 3.24 4/2261 9289
9.18 6.81 3.24 1/2261 9309
9.18 6.81 3.24 1/2261 9328
9.18 6.81 3.24 1/2261 9350
9.18 6.81 3.24 2/2261 9370
9.17 6.84 3.27 1/2261 9389
9.17 6.84 3.27 3/2259 9409
9.17 6.84 3.27 9/2259 9429
9.17 6.84 3.27 2/2259 9448
9.17 6.84 3.27 2/2259 9468
9.39 6.93 3.32 3/2260 9490
9.39 6.93 3.32 1/2260 9509
9.39 6.93 3.32 3/2260 9529
9.39 6.93 3.32 1/2260 9549
9.39 6.93 3.32 2/2260 9568
9.76 7.05 3.38 3/2260 9588
9.76 7.05 3.38 1/2260 9608
9.76 7.05 3.38 3/2260 9627
9.76 7.05 3.38 3/2260 9647
9.76 7.05 3.38 3/2259 9667
9.70 7.08 3.41 1/2259 9687
9.70 7.08 3.41 1/2257 9707
9.70 7.08 3.41 2/2255 9727
9.70 7.08 3.41 1/2255 9746
9.70 7.08 3.41 1/2253 9766
9.40 7.06 3.42 4/2253 9786
9.40 7.06 3.42 4/2252 9805
9.40 7.06 3.42 4/2251 9825
9.40 7.06 3.42 1/2251 9845
9.40 7.06 3.42 4/2251 9864
9.13 7.04 3.43 4/2251 9885
9.13 7.04 3.43 2/2252 9906
9.13 7.04 3.43 3/2252 9925
9.13 7.04 3.43 5/2252 9945
9.13 7.04 3.43 3/2252 9965
9.12 7.08 3.46 2/2252 9984
9.12 7.08 3.46 4/2252 10004
9.12 7.08 3.46 1/2252 10024
9.12 7.08 3.46 2/2252 10043
9.12 7.08 3.46 4/2252 10063
8.95 7.08 3.48 2/2252 10083
8.95 7.08 3.48 3/2252 10103
8.95 7.08 3.48 6/2252 10123
8.95 7.08 3.48 4/2252 10143
8.95 7.08 3.48 5/2252 10162
9.04 7.12 3.52 5/2252 10182
9.04 7.12 3.52 2/2252 10202
9.04 7.12 3.52 2/2252 10221
9.04 7.12 3.52 4/2252 10241
9.04 7.12 3.52 4/2252 10261
9.43 7.24 3.58 4/2252 10280
9.43 7.24 3.58 1/2252 10301
9.43 7.24 3.58 1/2252 10321
9.43 7.24 3.58 1/2252 10340
9.43 7.24 3.58 2/2252 10360
9.40 7.27 3.60 1/2252 10380
9.40 7.27 3.60 4/2252 10399
9.40 7.27 3.60 1/2252 10419
9.40 7.27 3.60 1/2252 10439
9.40 7.27 3.60 1/2252 10458
9.21 7.26 3.62 3/2252 10478
9.21 7.26 3.62 4/2252 10498
9.21 7.26 3.62 6/2252 10518
9.21 7.26 3.62 3/2252 10538
9.21 7.26 3.62 1/2252 10558
9.03 7.26 3.64 1/2252 10577
9.03 7.26 3.64 7/2251 10597
9.03 7.26 3.64 3/2251 10617
9.03 7.26 3.64 3/2251 10636
9.03 7.26 3.64 3/2251 10656
9.11 7.30 3.68 2/2251 10676
9.11 7.30 3.68 1/2251 10695
9.11 7.30 3.68 1/2251 10716
9.11 7.30 3.68 1/2251 10736
9.11 7.30 3.68 3/2251 10755
8.86 7.28 3.69 2/2251 10775
8.86 7.28 3.69 1/2251 10795
8.86 7.28 3.69 2/2251 10814
8.86 7.28 3.69 1/2251 10834
8.86 7.28 3.69 1/2251 10854
8.63 7.26 3.70 1/2251 10873
8.63 7.26 3.70 2/2251 10895
8.63 7.26 3.70 3/2252 10916
8.63 7.26 3.70 1/2251 10935
8.63 7.26 3.70 1/2251 10955
8.63 7.26 3.70 1/2251 10975
8.90 7.34 3.75 3/2251 10994
8.90 7.34 3.75 2/2251 11014
8.90 7.34 3.75 2/2251 11034
8.90 7.34 3.75 2/2251 11053
8.90 7.34 3.75 3/2251 11073
8.83 7.35 3.77 2/2251 11093
8.83 7.35 3.77 2/2249 11112
8.83 7.35 3.77 2/2249 11133
8.83 7.35 3.77 2/2249 11153
8.83 7.35 3.77 3/2249 11172
8.92 7.40 3.80 2/2249 11192
8.92 7.40 3.80 2/2249 11212
8.92 7.40 3.80 3/2249 11231
8.92 7.40 3.80 2/2249 11251
8.92 7.40 3.80 1/2249 11271
8.69 7.37 3.81 2/2249 11290
8.69 7.37 3.81 3/2249 11310
8.69 7.37 3.81 3/2249 11331
8.69 7.37 3.81 5/2249 11350
8.69 7.37 3.81 3/2249 11370
9.03 7.47 3.86 1/2249 11390
9.03 7.47 3.86 1/2249 11409
9.03 7.47 3.86 5/2249 11429
9.03 7.47 3.86 2/2249 11449
9.03 7.47 3.86 6/2249 11468
9.11 7.51 3.90 3/2249 11488
9.11 7.51 3.90 4/2249 11508
9.11 7.51 3.90 2/2249 11527
9.11 7.51 3.90 7/2249 11548
9.11 7.51 3.90 4/2249 11568
8.94 7.50 3.91 1/2249 11587
8.94 7.50 3.91 4/2249 11607
8.94 7.50 3.91 2/2249 11627
8.94 7.50 3.91 2/2249 11646
8.94 7.50 3.91 4/2249 11666
8.79 7.49 3.93 1/2249 11686
8.79 7.49 3.93 4/2249 11705
8.79 7.49 3.93 6/2249 11725
8.79 7.49 3.93 2/2249 11746
8.79 7.49 3.93 4/2249 11765
8.88 7.53 3.96 3/2249 11785
8.88 7.53 3.96 1/2249 11805
8.88 7.53 3.96 2/2249 11824
8.88 7.53 3.96 1/2249 11844
8.88 7.53 3.96 4/2249 11864
8.97 7.57 4.00 3/2249 11883
8.97 7.57 4.00 3/2248 11903
8.97 7.57 4.00 1/2247 11923
8.97 7.57 4.00 1/2247 11942
8.97 7.57 4.00 1/2247 11963
8.89 7.58 4.02 3/2247 11983
8.89 7.58 4.02 2/2247 12002
8.89 7.58 4.02 4/2247 12022
8.89 7.58 4.02 4/2246 12042
8.89 7.58 4.02 1/2246 12061
8.66 7.56 4.03 4/2246 12081
8.66 7.56 4.03 3/2246 12101
8.66 7.56 4.03 1/2246 12120
8.66 7.56 4.03 3/2246 12140
8.66 7.56 4.03 1/2246 12161
8.85 7.61 4.07 4/2246 12180
8.85 7.61 4.07 4/2246 12200
8.85 7.61 4.07 1/2246 12220
8.85 7.61 4.07 1/2246 12239
8.85 7.61 4.07 1/2246 12259
8.62 7.59 4.08 2/2246 12279
8.62 7.59 4.08 1/2245 12298
8.62 7.59 4.08 2/2245 12318
8.62 7.59 4.08 2/2245 12338
8.62 7.59 4.08 3/2245 12358
8.57 7.59 4.10 3/2245 12378
8.57 7.59 4.10 1/2245 12398
8.57 7.59 4.10 2/2245 12417
8.57 7.59 4.10 3/2245 12437
8.57 7.59 4.10 3/2245 12457
8.45 7.58 4.12 1/2245 12476
8.45 7.58 4.12 2/2245 12496
8.45 7.58 4.12 1/2245 12516
8.45 7.58 4.12 3/2245 12535
8.45 7.58 4.12 2/2245 12555
8.65 7.64 4.15 3/2245 12576
8.65 7.64 4.15 4/2245 12595
8.65 7.64 4.15 3/2245 12615
8.65 7.64 4.15 3/2245 12635
8.65 7.64 4.15 6/2245 12654
8.60 7.65 4.17 1/2245 12674
8.60 7.65 4.17 4/2245 12694
8.60 7.65 4.17 4/2245 12713
8.60 7.65 4.17 3/2245 12733
8.60 7.65 4.17 2/2245 12753
8.55 7.65 4.19 4/2245 12773
8.55 7.65 4.19 4/2245 12793
8.55 7.65 4.19 4/2246 12814
8.55 7.65 4.19 4/2246 12833
8.55 7.65 4.19 4/2246 12853
8.35 7.63 4.20 1/2246 12873
8.35 7.63 4.20 2/2246 12892
8.35 7.63 4.20 1/2246 12914
8.35 7.63 4.20 6/2237 12945
8.35 7.63 4.20 12/2269 13037
8.40 7.65 4.23 3/2225 13084
8.40 7.65 4.23 4/2228 13110
8.40 7.65 4.23 2/2230 13132
8.40 7.65 4.23 4/2261 13191
8.40 7.65 4.23 4/2263 13219
8.37 7.65 4.25 4/2269 13251
8.37 7.65 4.25 6/2272 13276
8.37 7.65 4.25 3/2272 13296
8.37 7.65 4.25 1/2268 13315
8.37 7.65 4.25 1/2268 13339
8.42 7.68 4.28 2/2268 13365
8.42 7.68 4.28 2/2266 13391
8.42 7.68 4.28 3/2266 13415
8.42 7.68 4.28 2/2267 13440
8.42 7.68 4.28 1/2266 13463
8.54 7.72 4.31 4/2266 13487
8.54 7.72 4.31 3/2270 13517
8.54 7.72 4.31 2/2270 13536
8.54 7.72 4.31 2/2267 13605
8.54 7.72 4.31 2/2270 13639
8.34 7.69 4.32 5/2268 13685
8.34 7.69 4.32 1/2228 13719
8.34 7.69 4.32 1/2220 13739
8.34 7.69 4.32 1/2218 13759
8.34 7.69 4.32 1/2218 13778
7.75 7.58 4.30 1/2217 13797
7.75 7.58 4.30 2/2217 13817
