138.69 723.28
139.68 727.94
140.69 732.84
141.68 737.49
142.70 742.30
143.69 745.52
144.71 750.31
145.72 756.22
146.69 761.65
147.70 767.51
148.72 773.54
149.70 779.19
150.70 785.08
151.69 791.02
152.69 797.09
153.68 803.11
154.68 809.20
155.68 815.39
156.69 821.60
157.68 827.57
158.68 833.70
159.69 839.81
160.68 845.91
161.69 852.30
162.70 858.52
163.68 864.59
164.69 870.90
165.68 877.26
166.68 883.36
167.68 888.86
168.71 895.02
169.70 901.21
170.68 907.32
171.70 913.69
172.71 920.01
173.69 926.15
174.71 932.55
175.69 938.83
176.69 945.20
177.70 951.49
178.70 957.86
179.69 964.11
180.70 969.98
181.69 976.16
182.69 982.36
183.71 988.58
184.70 994.49
185.70 1000.42
186.69 1006.59
187.71 1013.02
188.69 1019.23
189.70 1025.76
190.68 1032.20
191.69 1038.51
192.71 1044.74
193.68 1050.84
194.70 1057.41
195.69 1063.58
196.70 1069.84
197.69 1075.24
198.68 1081.14
199.70 1087.50
200.71 1093.34
201.69 1099.49
202.69 1105.50
203.68 1111.29
204.68 1117.04
205.70 1122.92
206.70 1128.63
207.70 1134.21
208.70 1139.97
209.69 1145.63
210.70 1151.34
211.70 1157.02
212.68 1162.55
213.69 1168.13
214.70 1173.76
215.69 1179.26
216.70 1184.72
217.68 1190.07
218.69 1195.57
219.69 1200.95
220.68 1206.43
221.69 1211.98
222.70 1217.51
223.69 1222.94
224.70 1228.61
225.70 1234.20
226.69 1239.58
227.70 1245.04
228.71 1250.63
229.69 1255.86
230.70 1261.08
231.69 1266.53
232.70 1272.36
233.69 1278.02
234.69 1283.70
235.70 1289.32
236.71 1295.02
237.70 1300.68
238.71 1306.41
239.70 1311.96
240.70 1317.61
241.70 1323.32
242.69 1329.17
243.70 1335.24
244.70 1341.07
245.70 1346.86
246.70 1352.77
247.70 1358.92
248.69 1364.88
249.71 1371.13
250.69 1377.07
251.70 1383.13
252.70 1389.03
253.70 1395.06
254.71 1400.79
255.70 1406.57
256.69 1412.68
257.70 1418.74
258.69 1424.74
259.70 1430.60
260.70 1436.32
261.70 1442.16
262.69 1448.20
263.70 1453.82
264.70 1459.80
265.70 1465.72
266.70 1471.57
267.70 1477.33
268.70 1483.12
269.69 1489.23
270.70 1495.10
271.69 1500.95
272.70 1507.13
273.69 1513.33
274.70 1519.63
275.70 1525.83
276.70 1531.97
277.70 1538.28
278.70 1544.64
279.70 1550.87
280.69 1557.32
281.70 1563.85
282.70 1570.25
283.70 1576.64
284.70 1582.97
285.70 1589.37
286.70 1595.75
287.70 1602.27
288.70 1608.64
289.70 1615.03
290.70 1620.96
291.70 1627.07
292.70 1633.28
293.70 1638.98
294.69 1644.98
295.70 1651.24
296.70 1657.59
297.70 1663.75
298.70 1670.06
299.70 1676.43
300.70 1682.73
301.69 1688.87
302.70 1695.25
303.70 1701.70
304.70 1708.09
305.70 1714.21
306.70 1720.28
307.70 1726.29
308.69 1732.36
309.70 1738.75
310.70 1745.17
311.70 1751.60
312.69 1757.78
313.69 1764.04
314.70 1770.42
315.70 1776.85
316.70 1783.24
317.70 1789.58
318.70 1795.91
319.70 1802.39
320.70 1808.78
321.70 1815.20
322.70 1821.43
323.70 1827.17
324.70 1832.97
325.70 1838.65
326.70 1844.16
327.70 1849.80
328.70 1855.37
329.70 1861.13
330.71 1866.97
331.70 1872.77
332.71 1878.55
333.70 1884.07
334.71 1889.67
335.70 1895.09
336.71 1900.62
337.70 1906.17
338.70 1911.51
339.70 1916.95
340.70 1922.48
341.70 1927.83
342.70 1933.14
343.70 1938.58
344.71 1944.15
345.70 1949.55
346.70 1955.04
347.70 1960.58
348.70 1966.32
349.70 1971.82
350.70 1977.50
351.70 1983.14
352.70 1988.73
353.70 1994.22
354.70 1999.70
355.70 2005.45
356.70 2010.68
357.70 2016.17
358.70 2021.75
359.70 2027.54
360.70 2033.15
361.69 2038.98
362.70 2044.77
363.69 2050.44
364.70 2056.45
365.70 2062.44
366.70 2068.41
367.70 2074.40
368.69 2080.37
369.70 2086.24
370.70 2092.22
371.70 2098.34
372.70 2104.29
373.70 2110.13
374.70 2115.96
375.70 2122.11
376.70 2128.17
377.69 2134.09
378.70 2140.13
379.70 2146.23
380.70 2152.13
381.70 2158.17
382.70 2164.17
383.70 2170.08
384.70 2175.95
385.70 2181.85
386.70 2187.01
387.70 2192.73
388.70 2198.59
389.70 2204.32
390.70 2210.15
391.70 2216.06
392.70 2221.89
393.70 2227.61
394.70 2233.64
395.70 2239.80
396.70 2245.94
397.70 2252.26
398.70 2258.42
399.70 2264.77
400.70 2270.99
401.70 2277.26
402.70 2283.44
403.70 2289.48
404.70 2295.64
405.70 2301.92
406.70 2308.28
407.70 2314.43
408.70 2320.89
409.70 2327.15
410.70 2333.56
411.70 2339.92
412.70 2346.23
413.70 2352.79
414.70 2359.09
415.70 2365.33
416.70 2371.50
417.70 2377.63
418.70 2383.89
419.70 2389.55
420.70 2395.84
421.70 2401.93
422.70 2408.24
423.70 2414.44
424.70 2420.86
425.70 2427.20
426.70 2433.50
427.70 2439.72
428.70 2445.60
429.70 2451.56
430.70 2457.80
431.70 2464.13
432.70 2470.46
433.70 2476.69
434.70 2482.94
435.70 2489.27
436.70 2495.59
437.70 2501.81
438.70 2508.04
439.69 2514.30
440.70 2520.43
441.70 2526.62
442.70 2532.93
443.70 2539.40
444.70 2545.62
445.70 2551.71
446.70 2557.78
447.70 2563.64
448.70 2569.43
449.70 2574.87
450.70 2580.49
451.70 2586.29
452.70 2591.49
453.70 2596.99
454.70 2602.69
455.70 2608.25
456.70 2613.72
457.70 2619.23
458.70 2624.59
459.70 2630.12
460.70 2635.58
461.70 2641.07
462.70 2646.51
463.70 2651.88
464.70 2657.32
465.70 2662.97
466.70 2668.65
467.70 2674.15
468.70 2679.69
469.70 2685.39
470.70 2691.00
471.70 2696.53
472.70 2702.27
473.70 2707.89
474.70 2713.55
475.70 2719.07
476.70 2724.80
477.70 2730.44
478.70 2736.17
479.70 2741.61
480.70 2747.23
481.70 2752.92
482.70 2758.00
483.70 2763.67
484.70 2769.67
485.70 2775.20
486.70 2780.87
487.70 2786.76
488.70 2792.68
489.70 2798.73
490.70 2804.63
491.70 2810.47
492.70 2816.25
493.70 2822.32
494.70 2828.44
495.70 2834.44
496.70 2840.53
497.70 2846.65
498.70 2852.64
499.70 2858.56
500.70 2864.69
501.70 2870.69
502.70 2876.61
503.70 2882.66
504.70 2888.64
505.70 2894.35
506.70 2900.19
507.69 2906.15
508.70 2912.29
509.69 2918.09
510.70 2923.94
511.70 2929.88
512.70 2935.10
513.70 2940.59
514.70 2946.43
515.70 2952.32
516.70 2958.32
517.69 2964.22
518.71 2970.46
519.70 2976.72
520.70 2982.84
521.70 2988.97
522.69 2995.31
523.70 3001.73
524.70 3008.01
525.70 3014.33
526.70 3020.73
527.70 3027.24
528.70 3033.67
529.70 3040.23
530.70 3046.74
531.70 3053.14
532.70 3059.53
533.69 3065.92
534.70 3072.40
535.70 3078.71
536.69 3084.49
537.70 3090.69
538.71 3097.10
539.69 3103.14
540.69 3109.34
541.70 3115.82
542.69 3122.10
543.69 3128.46
544.69 3134.73
545.70 3141.20
546.70 3147.62
547.69 3154.02
548.69 3160.23
549.70 3166.47
550.70 3172.59
551.69 3178.58
552.70 3184.66
553.69 3190.93
554.69 3197.04
555.68 3199.69
556.69 3204.26
557.68 3208.74
558.69 3214.77
559.68 3219.93
560.69 3225.40
561.69 3231.23
562.70 3236.05
563.69 3241.98
564.70 3248.24
565.69 3254.02
566.69 3259.56
567.69 3265.20
568.70 3270.94
569.70 3276.18
570.69 3281.57
571.70 3287.37
572.71 3292.71
573.70 3298.15
574.70 3302.92
575.70 3308.77
576.70 3315.35
577.69 3322.02
578.69 3329.52
579.70 3337.15
580.71 3344.70
581.69 3352.00
582.69 3359.52
