timestamp,id,uuid,load,memoryUtil,memoryTotal,memoryUsed,memoryFree,driver,name,serial,display_mode,display_active
1672421622.539521,0,GPU-a71d5fd4-b7db-93b7-1b7a-5a6e2a6a8c65,0.0,0.3041015625,10240.0,7126.0,472.12,NVIDIA GeForce RTX 3080,[N/A],Enabled,Enabled
1672421623.535607,0,GPU-a71d5fd4-b7db-93b7-1b7a-5a6e2a6a8c65,0.0,0.3041015625,10240.0,7126.0,472.12,NVIDIA GeForce RTX 3080,[N/A],Enabled,Enabled
1672421624.543573,0,GPU-a71d5fd4-b7db-93b7-1b7a-5a6e2a6a8c65,0.0,0.3041015625,10240.0,7126.0,472.12,NVIDIA GeForce RTX 3080,[N/A],Enabled,Enabled
1672421625.544906,0,GPU-a71d5fd4-b7db-93b7-1b7a-5a6e2a6a8c65,0.14,0.3041015625,10240.0,7126.0,472.12,NVIDIA GeForce RTX 3080,[N/A],Enabled,Enabled
1672421626.535714,0,GPU-a71d5fd4-b7db-93b7-1b7a-5a6e2a6a8c65,0.15,0.30478515625,10240.0,7119.0,472.12,NVIDIA GeForce RTX 3080,[N/A],Enabled,Enabled
1672421627.538893,0,GPU-a71d5fd4-b7db-93b7-1b7a-5a6e2a6a8c65,0.15,0.30478515625,10240.0,7119.0,472.12,NVIDIA GeForce RTX 3080,[N/A],Enabled,Enabled
1672421628.541897,0,GPU-a71d5fd4-b7db-93b7-1b7a-5a6e2a6a8c65,0.15,0.30478515625,10240.0,7119.0,472.12,NVIDIA GeForce RTX 3080,[N/A],Enabled,Enabled
1672421629.547791,0,GPU-a71d5fd4-b7db-93b7-1b7a-5a6e2a6a8c65,0.14,0.30498046875,10240.0,7117.0,472.12,NVIDIA GeForce RTX 3080,[N/A],Enabled,Enabled
1672421630.536718,0,GPU-a71d5fd4-b7db-93b7-1b7a-5a6e2a6a8c65,0.15,0.309375,10240.0,7072.0,472.12,NVIDIA GeForce RTX 3080,[N/A],Enabled,Enabled
1672421631.540698,0,GPU-a71d5fd4-b7db-93b7-1b7a-5a6e2a6a8c65,0.14,0.30888671875,10240.0,7077.0,472.12,NVIDIA GeForce RTX 3080,[N/A],Enabled,Enabled
1672421632.541875,0,GPU-a71d5fd4-b7db-93b7-1b7a-5a6e2a6a8c65,0.13,0.39169921875,10240.0,6229.0,472.12,NVIDIA GeForce RTX 3080,[N/A],Enabled,Enabled
1672421633.542995,0,GPU-a71d5fd4-b7db-93b7-1b7a-5a6e2a6a8c65,0.18,0.306640625,10240.0,7100.0,472.12,NVIDIA GeForce RTX 3080,[N/A],Enabled,Enabled
1672421634.545622,0,GPU-a71d5fd4-b7db-93b7-1b7a-5a6e2a6a8c65,0.1,0.30595703125,10240.0,7107.0,472.12,NVIDIA GeForce RTX 3080,[N/A],Enabled,Enabled
1672421635.547675,0,GPU-a71d5fd4-b7db-93b7-1b7a-5a6e2a6a8c65,0.15,0.30595703125,10240.0,7107.0,472.12,NVIDIA GeForce RTX 3080,[N/A],Enabled,Enabled
1672421636.53387,0,GPU-a71d5fd4-b7db-93b7-1b7a-5a6e2a6a8c65,0.14,0.30595703125,10240.0,7107.0,472.12,NVIDIA GeForce RTX 3080,[N/A],Enabled,Enabled
1672421637.535666,0,GPU-a71d5fd4-b7db-93b7-1b7a-5a6e2a6a8c65,0.16,0.30615234375,10240.0,7105.0,472.12,NVIDIA GeForce RTX 3080,[N/A],Enabled,Enabled
1672421638.540606,0,GPU-a71d5fd4-b7db-93b7-1b7a-5a6e2a6a8c65,0.14,0.30625,10240.0,7104.0,472.12,NVIDIA GeForce RTX 3080,[N/A],Enabled,Enabled
1672421639.546541,0,GPU-a71d5fd4-b7db-93b7-1b7a-5a6e2a6a8c65,0.14,0.30517578125,10240.0,7115.0,472.12,NVIDIA GeForce RTX 3080,[N/A],Enabled,Enabled
1672421640.546534,0,GPU-a71d5fd4-b7db-93b7-1b7a-5a6e2a6a8c65,0.13,0.30517578125,10240.0,7115.0,472.12,NVIDIA GeForce RTX 3080,[N/A],Enabled,Enabled
1672421641.534186,0,GPU-a71d5fd4-b7db-93b7-1b7a-5a6e2a6a8c65,0.13,0.30517578125,10240.0,7115.0,472.12,NVIDIA GeForce RTX 3080,[N/A],Enabled,Enabled
1672421642.538646,0,GPU-a71d5fd4-b7db-93b7-1b7a-5a6e2a6a8c65,0.15,0.31279296875,10240.0,7037.0,472.12,NVIDIA GeForce RTX 3080,[N/A],Enabled,Enabled
1672421643.543069,0,GPU-a71d5fd4-b7db-93b7-1b7a-5a6e2a6a8c65,0.17,0.43046875,10240.0,5832.0,472.12,NVIDIA GeForce RTX 3080,[N/A],Enabled,Enabled
1672421644.547466,0,GPU-a71d5fd4-b7db-93b7-1b7a-5a6e2a6a8c65,0.13,0.3638671875,10240.0,6514.0,472.12,NVIDIA GeForce RTX 3080,[N/A],Enabled,Enabled
1672421645.535284,0,GPU-a71d5fd4-b7db-93b7-1b7a-5a6e2a6a8c65,0.13,0.3638671875,10240.0,6514.0,472.12,NVIDIA GeForce RTX 3080,[N/A],Enabled,Enabled
1672421646.53578,0,GPU-a71d5fd4-b7db-93b7-1b7a-5a6e2a6a8c65,0.13,0.3638671875,10240.0,6514.0,472.12,NVIDIA GeForce RTX 3080,[N/A],Enabled,Enabled
1672421647.539772,0,GPU-a71d5fd4-b7db-93b7-1b7a-5a6e2a6a8c65,0.13,0.3529296875,10240.0,6626.0,472.12,NVIDIA GeForce RTX 3080,[N/A],Enabled,Enabled
1672421648.543816,0,GPU-a71d5fd4-b7db-93b7-1b7a-5a6e2a6a8c65,0.13,0.3919921875,10240.0,6226.0,472.12,NVIDIA GeForce RTX 3080,[N/A],Enabled,Enabled
1672421649.54665,0,GPU-a71d5fd4-b7db-93b7-1b7a-5a6e2a6a8c65,0.14,0.365625,10240.0,6496.0,472.12,NVIDIA GeForce RTX 3080,[N/A],Enabled,Enabled
1672421650.535478,0,GPU-a71d5fd4-b7db-93b7-1b7a-5a6e2a6a8c65,0.13,0.365625,10240.0,6496.0,472.12,NVIDIA GeForce RTX 3080,[N/A],Enabled,Enabled
1672421651.539712,0,GPU-a71d5fd4-b7db-93b7-1b7a-5a6e2a6a8c65,0.23,0.41376953125,10240.0,6003.0,472.12,NVIDIA GeForce RTX 3080,[N/A],Enabled,Enabled
1672421652.539594,0,GPU-a71d5fd4-b7db-93b7-1b7a-5a6e2a6a8c65,0.24,0.41376953125,10240.0,6003.0,472.12,NVIDIA GeForce RTX 3080,[N/A],Enabled,Enabled
1672421653.543117,0,GPU-a71d5fd4-b7db-93b7-1b7a-5a6e2a6a8c65,0.24,0.4140625,10240.0,6000.0,472.12,NVIDIA GeForce RTX 3080,[N/A],Enabled,Enabled
1672421654.545582,0,GPU-a71d5fd4-b7db-93b7-1b7a-5a6e2a6a8c65,0.22,0.4130859375,10240.0,6010.0,472.12,NVIDIA GeForce RTX 3080,[N/A],Enabled,Enabled
1672421655.548673,0,GPU-a71d5fd4-b7db-93b7-1b7a-5a6e2a6a8c65,0.11,0.36875,10240.0,6464.0,472.12,NVIDIA GeForce RTX 3080,[N/A],Enabled,Enabled
1672421656.534904,0,GPU-a71d5fd4-b7db-93b7-1b7a-5a6e2a6a8c65,0.14,0.36875,10240.0,6464.0,472.12,NVIDIA GeForce RTX 3080,[N/A],Enabled,Enabled
1672421657.535789,0,GPU-a71d5fd4-b7db-93b7-1b7a-5a6e2a6a8c65,0.14,0.36875,10240.0,6464.0,472.12,NVIDIA GeForce RTX 3080,[N/A],Enabled,Enabled
1672421658.54186,0,GPU-a71d5fd4-b7db-93b7-1b7a-5a6e2a6a8c65,0.14,0.36875,10240.0,6464.0,472.12,NVIDIA GeForce RTX 3080,[N/A],Enabled,Enabled
1672421659.546884,0,GPU-a71d5fd4-b7db-93b7-1b7a-5a6e2a6a8c65,0.14,0.36884765625,10240.0,6463.0,472.12,NVIDIA GeForce RTX 3080,[N/A],Enabled,Enabled
1672421660.536156,0,GPU-a71d5fd4-b7db-93b7-1b7a-5a6e2a6a8c65,0.14,0.36884765625,10240.0,6463.0,472.12,NVIDIA GeForce RTX 3080,[N/A],Enabled,Enabled
1672421661.541519,0,GPU-a71d5fd4-b7db-93b7-1b7a-5a6e2a6a8c65,0.07,0.378125,10240.0,6368.0,472.12,NVIDIA GeForce RTX 3080,[N/A],Enabled,Enabled
1672421662.54195,0,GPU-a71d5fd4-b7db-93b7-1b7a-5a6e2a6a8c65,0.17,0.378125,10240.0,6368.0,472.12,NVIDIA GeForce RTX 3080,[N/A],Enabled,Enabled
1672421663.545758,0,GPU-a71d5fd4-b7db-93b7-1b7a-5a6e2a6a8c65,0.17,0.378125,10240.0,6368.0,472.12,NVIDIA GeForce RTX 3080,[N/A],Enabled,Enabled
1672421664.533513,0,GPU-a71d5fd4-b7db-93b7-1b7a-5a6e2a6a8c65,0.17,0.378125,10240.0,6368.0,472.12,NVIDIA GeForce RTX 3080,[N/A],Enabled,Enabled
1672421665.539584,0,GPU-a71d5fd4-b7db-93b7-1b7a-5a6e2a6a8c65,0.17,0.378125,10240.0,6368.0,472.12,NVIDIA GeForce RTX 3080,[N/A],Enabled,Enabled
1672421666.543041,0,GPU-a71d5fd4-b7db-93b7-1b7a-5a6e2a6a8c65,0.16,0.378125,10240.0,6368.0,472.12,NVIDIA GeForce RTX 3080,[N/A],Enabled,Enabled
1672421667.547833,0,GPU-a71d5fd4-b7db-93b7-1b7a-5a6e2a6a8c65,0.17,0.378125,10240.0,6368.0,472.12,NVIDIA GeForce RTX 3080,[N/A],Enabled,Enabled
1672421668.534208,0,GPU-a71d5fd4-b7db-93b7-1b7a-5a6e2a6a8c65,0.17,0.378125,10240.0,6368.0,472.12,NVIDIA GeForce RTX 3080,[N/A],Enabled,Enabled
1672421669.537174,0,GPU-a71d5fd4-b7db-93b7-1b7a-5a6e2a6a8c65,0.16,0.378125,10240.0,6368.0,472.12,NVIDIA GeForce RTX 3080,[N/A],Enabled,Enabled
1672421670.538146,0,GPU-a71d5fd4-b7db-93b7-1b7a-5a6e2a6a8c65,0.17,0.378125,10240.0,6368.0,472.12,NVIDIA GeForce RTX 3080,[N/A],Enabled,Enabled
1672421671.542845,0,GPU-a71d5fd4-b7db-93b7-1b7a-5a6e2a6a8c65,0.17,0.378125,10240.0,6368.0,472.12,NVIDIA GeForce RTX 3080,[N/A],Enabled,Enabled
1672421672.54661,0,GPU-a71d5fd4-b7db-93b7-1b7a-5a6e2a6a8c65,0.16,0.378125,10240.0,6368.0,472.12,NVIDIA GeForce RTX 3080,[N/A],Enabled,Enabled
1672421673.548742,0,GPU-a71d5fd4-b7db-93b7-1b7a-5a6e2a6a8c65,0.16,0.378125,10240.0,6368.0,472.12,NVIDIA GeForce RTX 3080,[N/A],Enabled,Enabled
1672421674.536785,0,GPU-a71d5fd4-b7db-93b7-1b7a-5a6e2a6a8c65,0.17,0.378125,10240.0,6368.0,472.12,NVIDIA GeForce RTX 3080,[N/A],Enabled,Enabled
1672421675.538998,0,GPU-a71d5fd4-b7db-93b7-1b7a-5a6e2a6a8c65,0.17,0.378125,10240.0,6368.0,472.12,NVIDIA GeForce RTX 3080,[N/A],Enabled,Enabled
1672421676.543585,0,GPU-a71d5fd4-b7db-93b7-1b7a-5a6e2a6a8c65,0.17,0.378125,10240.0,6368.0,472.12,NVIDIA GeForce RTX 3080,[N/A],Enabled,Enabled
1672421677.540495,0,GPU-a71d5fd4-b7db-93b7-1b7a-5a6e2a6a8c65,0.17,0.378125,10240.0,6368.0,472.12,NVIDIA GeForce RTX 3080,[N/A],Enabled,Enabled
1672421678.541663,0,GPU-a71d5fd4-b7db-93b7-1b7a-5a6e2a6a8c65,0.17,0.378125,10240.0,6368.0,472.12,NVIDIA GeForce RTX 3080,[N/A],Enabled,Enabled
1672421679.543647,0,GPU-a71d5fd4-b7db-93b7-1b7a-5a6e2a6a8c65,0.17,0.378125,10240.0,6368.0,472.12,NVIDIA GeForce RTX 3080,[N/A],Enabled,Enabled
1672421680.547566,0,GPU-a71d5fd4-b7db-93b7-1b7a-5a6e2a6a8c65,0.17,0.378125,10240.0,6368.0,472.12,NVIDIA GeForce RTX 3080,[N/A],Enabled,Enabled
1672421681.534875,0,GPU-a71d5fd4-b7db-93b7-1b7a-5a6e2a6a8c65,0.17,0.378125,10240.0,6368.0,472.12,NVIDIA GeForce RTX 3080,[N/A],Enabled,Enabled
1672421682.537776,0,GPU-a71d5fd4-b7db-93b7-1b7a-5a6e2a6a8c65,0.17,0.378125,10240.0,6368.0,472.12,NVIDIA GeForce RTX 3080,[N/A],Enabled,Enabled
1672421683.539737,0,GPU-a71d5fd4-b7db-93b7-1b7a-5a6e2a6a8c65,0.17,0.378125,10240.0,6368.0,472.12,NVIDIA GeForce RTX 3080,[N/A],Enabled,Enabled
1672421684.543628,0,GPU-a71d5fd4-b7db-93b7-1b7a-5a6e2a6a8c65,0.17,0.378125,10240.0,6368.0,472.12,NVIDIA GeForce RTX 3080,[N/A],Enabled,Enabled
1672421685.534072,0,GPU-a71d5fd4-b7db-93b7-1b7a-5a6e2a6a8c65,0.17,0.378125,10240.0,6368.0,472.12,NVIDIA GeForce RTX 3080,[N/A],Enabled,Enabled
1672421686.540526,0,GPU-a71d5fd4-b7db-93b7-1b7a-5a6e2a6a8c65,0.17,0.378125,10240.0,6368.0,472.12,NVIDIA GeForce RTX 3080,[N/A],Enabled,Enabled
1672421687.544058,0,GPU-a71d5fd4-b7db-93b7-1b7a-5a6e2a6a8c65,0.17,0.378125,10240.0,6368.0,472.12,NVIDIA GeForce RTX 3080,[N/A],Enabled,Enabled
1672421688.545435,0,GPU-a71d5fd4-b7db-93b7-1b7a-5a6e2a6a8c65,0.17,0.378125,10240.0,6368.0,472.12,NVIDIA GeForce RTX 3080,[N/A],Enabled,Enabled
1672421689.548526,0,GPU-a71d5fd4-b7db-93b7-1b7a-5a6e2a6a8c65,0.17,0.378125,10240.0,6368.0,472.12,NVIDIA GeForce RTX 3080,[N/A],Enabled,Enabled
1672421690.53777,0,GPU-a71d5fd4-b7db-93b7-1b7a-5a6e2a6a8c65,0.17,0.378125,10240.0,6368.0,472.12,NVIDIA GeForce RTX 3080,[N/A],Enabled,Enabled
1672421691.540662,0,GPU-a71d5fd4-b7db-93b7-1b7a-5a6e2a6a8c65,0.17,0.378125,10240.0,6368.0,472.12,NVIDIA GeForce RTX 3080,[N/A],Enabled,Enabled
1672421692.543715,0,GPU-a71d5fd4-b7db-93b7-1b7a-5a6e2a6a8c65,0.17,0.378125,10240.0,6368.0,472.12,NVIDIA GeForce RTX 3080,[N/A],Enabled,Enabled
1672421693.546878,0,GPU-a71d5fd4-b7db-93b7-1b7a-5a6e2a6a8c65,0.17,0.378125,10240.0,6368.0,472.12,NVIDIA GeForce RTX 3080,[N/A],Enabled,Enabled
1672421694.547687,0,GPU-a71d5fd4-b7db-93b7-1b7a-5a6e2a6a8c65,0.17,0.378125,10240.0,6368.0,472.12,NVIDIA GeForce RTX 3080,[N/A],Enabled,Enabled
1672421695.535826,0,GPU-a71d5fd4-b7db-93b7-1b7a-5a6e2a6a8c65,0.17,0.378125,10240.0,6368.0,472.12,NVIDIA GeForce RTX 3080,[N/A],Enabled,Enabled
1672421696.540631,0,GPU-a71d5fd4-b7db-93b7-1b7a-5a6e2a6a8c65,0.18,0.378125,10240.0,6368.0,472.12,NVIDIA GeForce RTX 3080,[N/A],Enabled,Enabled
1672421697.543759,0,GPU-a71d5fd4-b7db-93b7-1b7a-5a6e2a6a8c65,0.17,0.378125,10240.0,6368.0,472.12,NVIDIA GeForce RTX 3080,[N/A],Enabled,Enabled
1672421698.533802,0,GPU-a71d5fd4-b7db-93b7-1b7a-5a6e2a6a8c65,0.17,0.378125,10240.0,6368.0,472.12,NVIDIA GeForce RTX 3080,[N/A],Enabled,Enabled
1672421699.537768,0,GPU-a71d5fd4-b7db-93b7-1b7a-5a6e2a6a8c65,0.17,0.378125,10240.0,6368.0,472.12,NVIDIA GeForce RTX 3080,[N/A],Enabled,Enabled
1672421700.54065,0,GPU-a71d5fd4-b7db-93b7-1b7a-5a6e2a6a8c65,0.17,0.378125,10240.0,6368.0,472.12,NVIDIA GeForce RTX 3080,[N/A],Enabled,Enabled
1672421701.545882,0,GPU-a71d5fd4-b7db-93b7-1b7a-5a6e2a6a8c65,0.17,0.378125,10240.0,6368.0,472.12,NVIDIA GeForce RTX 3080,[N/A],Enabled,Enabled
1672421702.533894,0,GPU-a71d5fd4-b7db-93b7-1b7a-5a6e2a6a8c65,0.17,0.378125,10240.0,6368.0,472.12,NVIDIA GeForce RTX 3080,[N/A],Enabled,Enabled
1672421703.537646,0,GPU-a71d5fd4-b7db-93b7-1b7a-5a6e2a6a8c65,0.17,0.378125,10240.0,6368.0,472.12,NVIDIA GeForce RTX 3080,[N/A],Enabled,Enabled
1672421704.541967,0,GPU-a71d5fd4-b7db-93b7-1b7a-5a6e2a6a8c65,0.17,0.378125,10240.0,6368.0,472.12,NVIDIA GeForce RTX 3080,[N/A],Enabled,Enabled
1672421705.545509,0,GPU-a71d5fd4-b7db-93b7-1b7a-5a6e2a6a8c65,0.18,0.378125,10240.0,6368.0,472.12,NVIDIA GeForce RTX 3080,[N/A],Enabled,Enabled
1672421706.548926,0,GPU-a71d5fd4-b7db-93b7-1b7a-5a6e2a6a8c65,0.17,0.378125,10240.0,6368.0,472.12,NVIDIA GeForce RTX 3080,[N/A],Enabled,Enabled
1672421707.537744,0,GPU-a71d5fd4-b7db-93b7-1b7a-5a6e2a6a8c65,0.17,0.378125,10240.0,6368.0,472.12,NVIDIA GeForce RTX 3080,[N/A],Enabled,Enabled
1672421708.539979,0,GPU-a71d5fd4-b7db-93b7-1b7a-5a6e2a6a8c65,0.17,0.378125,10240.0,6368.0,472.12,NVIDIA GeForce RTX 3080,[N/A],Enabled,Enabled
1672421709.545538,0,GPU-a71d5fd4-b7db-93b7-1b7a-5a6e2a6a8c65,0.17,0.378125,10240.0,6368.0,472.12,NVIDIA GeForce RTX 3080,[N/A],Enabled,Enabled
1672421710.5342,0,GPU-a71d5fd4-b7db-93b7-1b7a-5a6e2a6a8c65,0.17,0.378125,10240.0,6368.0,472.12,NVIDIA GeForce RTX 3080,[N/A],Enabled,Enabled
1672421711.538688,0,GPU-a71d5fd4-b7db-93b7-1b7a-5a6e2a6a8c65,0.17,0.378125,10240.0,6368.0,472.12,NVIDIA GeForce RTX 3080,[N/A],Enabled,Enabled
1672421712.540933,0,GPU-a71d5fd4-b7db-93b7-1b7a-5a6e2a6a8c65,0.17,0.378125,10240.0,6368.0,472.12,NVIDIA GeForce RTX 3080,[N/A],Enabled,Enabled
1672421713.544516,0,GPU-a71d5fd4-b7db-93b7-1b7a-5a6e2a6a8c65,0.17,0.378125,10240.0,6368.0,472.12,NVIDIA GeForce RTX 3080,[N/A],Enabled,Enabled
1672421714.54759,0,GPU-a71d5fd4-b7db-93b7-1b7a-5a6e2a6a8c65,0.17,0.378125,10240.0,6368.0,472.12,NVIDIA GeForce RTX 3080,[N/A],Enabled,Enabled
1672421715.535791,0,GPU-a71d5fd4-b7db-93b7-1b7a-5a6e2a6a8c65,0.17,0.378125,10240.0,6368.0,472.12,NVIDIA GeForce RTX 3080,[N/A],Enabled,Enabled
1672421716.539696,0,GPU-a71d5fd4-b7db-93b7-1b7a-5a6e2a6a8c65,0.17,0.378125,10240.0,6368.0,472.12,NVIDIA GeForce RTX 3080,[N/A],Enabled,Enabled
1672421717.547546,0,GPU-a71d5fd4-b7db-93b7-1b7a-5a6e2a6a8c65,0.17,0.378125,10240.0,6368.0,472.12,NVIDIA GeForce RTX 3080,[N/A],Enabled,Enabled
1672421718.534068,0,GPU-a71d5fd4-b7db-93b7-1b7a-5a6e2a6a8c65,0.17,0.378125,10240.0,6368.0,472.12,NVIDIA GeForce RTX 3080,[N/A],Enabled,Enabled
1672421719.537869,0,GPU-a71d5fd4-b7db-93b7-1b7a-5a6e2a6a8c65,0.18,0.378125,10240.0,6368.0,472.12,NVIDIA GeForce RTX 3080,[N/A],Enabled,Enabled
1672421720.542616,0,GPU-a71d5fd4-b7db-93b7-1b7a-5a6e2a6a8c65,0.18,0.378125,10240.0,6368.0,472.12,NVIDIA GeForce RTX 3080,[N/A],Enabled,Enabled
1672421721.546855,0,GPU-a71d5fd4-b7db-93b7-1b7a-5a6e2a6a8c65,0.17,0.378125,10240.0,6368.0,472.12,NVIDIA GeForce RTX 3080,[N/A],Enabled,Enabled
1672421722.547675,0,GPU-a71d5fd4-b7db-93b7-1b7a-5a6e2a6a8c65,0.17,0.378125,10240.0,6368.0,472.12,NVIDIA GeForce RTX 3080,[N/A],Enabled,Enabled
1672421723.534093,0,GPU-a71d5fd4-b7db-93b7-1b7a-5a6e2a6a8c65,0.17,0.378125,10240.0,6368.0,472.12,NVIDIA GeForce RTX 3080,[N/A],Enabled,Enabled
1672421724.536894,0,GPU-a71d5fd4-b7db-93b7-1b7a-5a6e2a6a8c65,0.17,0.378125,10240.0,6368.0,472.12,NVIDIA GeForce RTX 3080,[N/A],Enabled,Enabled
1672421725.541713,0,GPU-a71d5fd4-b7db-93b7-1b7a-5a6e2a6a8c65,0.17,0.378125,10240.0,6368.0,472.12,NVIDIA GeForce RTX 3080,[N/A],Enabled,Enabled
1672421726.54685,0,GPU-a71d5fd4-b7db-93b7-1b7a-5a6e2a6a8c65,0.18,0.378125,10240.0,6368.0,472.12,NVIDIA GeForce RTX 3080,[N/A],Enabled,Enabled
1672421727.548143,0,GPU-a71d5fd4-b7db-93b7-1b7a-5a6e2a6a8c65,0.17,0.378125,10240.0,6368.0,472.12,NVIDIA GeForce RTX 3080,[N/A],Enabled,Enabled
1672421728.54797,0,GPU-a71d5fd4-b7db-93b7-1b7a-5a6e2a6a8c65,0.17,0.378125,10240.0,6368.0,472.12,NVIDIA GeForce RTX 3080,[N/A],Enabled,Enabled
1672421729.533926,0,GPU-a71d5fd4-b7db-93b7-1b7a-5a6e2a6a8c65,0.17,0.378125,10240.0,6368.0,472.12,NVIDIA GeForce RTX 3080,[N/A],Enabled,Enabled
1672421730.538513,0,GPU-a71d5fd4-b7db-93b7-1b7a-5a6e2a6a8c65,0.17,0.378125,10240.0,6368.0,472.12,NVIDIA GeForce RTX 3080,[N/A],Enabled,Enabled
1672421731.54277,0,GPU-a71d5fd4-b7db-93b7-1b7a-5a6e2a6a8c65,0.17,0.378125,10240.0,6368.0,472.12,NVIDIA GeForce RTX 3080,[N/A],Enabled,Enabled
1672421732.544198,0,GPU-a71d5fd4-b7db-93b7-1b7a-5a6e2a6a8c65,0.18,0.378125,10240.0,6368.0,472.12,NVIDIA GeForce RTX 3080,[N/A],Enabled,Enabled
1672421733.533981,0,GPU-a71d5fd4-b7db-93b7-1b7a-5a6e2a6a8c65,0.17,0.378125,10240.0,6368.0,472.12,NVIDIA GeForce RTX 3080,[N/A],Enabled,Enabled
1672421734.538397,0,GPU-a71d5fd4-b7db-93b7-1b7a-5a6e2a6a8c65,0.17,0.378125,10240.0,6368.0,472.12,NVIDIA GeForce RTX 3080,[N/A],Enabled,Enabled
1672421735.541717,0,GPU-a71d5fd4-b7db-93b7-1b7a-5a6e2a6a8c65,0.17,0.378125,10240.0,6368.0,472.12,NVIDIA GeForce RTX 3080,[N/A],Enabled,Enabled
1672421736.545594,0,GPU-a71d5fd4-b7db-93b7-1b7a-5a6e2a6a8c65,0.17,0.378125,10240.0,6368.0,472.12,NVIDIA GeForce RTX 3080,[N/A],Enabled,Enabled
1672421737.547563,0,GPU-a71d5fd4-b7db-93b7-1b7a-5a6e2a6a8c65,0.16,0.378125,10240.0,6368.0,472.12,NVIDIA GeForce RTX 3080,[N/A],Enabled,Enabled
1672421738.53598,0,GPU-a71d5fd4-b7db-93b7-1b7a-5a6e2a6a8c65,0.17,0.378125,10240.0,6368.0,472.12,NVIDIA GeForce RTX 3080,[N/A],Enabled,Enabled
1672421739.537854,0,GPU-a71d5fd4-b7db-93b7-1b7a-5a6e2a6a8c65,0.17,0.378125,10240.0,6368.0,472.12,NVIDIA GeForce RTX 3080,[N/A],Enabled,Enabled
1672421740.540862,0,GPU-a71d5fd4-b7db-93b7-1b7a-5a6e2a6a8c65,0.17,0.378125,10240.0,6368.0,472.12,NVIDIA GeForce RTX 3080,[N/A],Enabled,Enabled
1672421741.543887,0,GPU-a71d5fd4-b7db-93b7-1b7a-5a6e2a6a8c65,0.17,0.378125,10240.0,6368.0,472.12,NVIDIA GeForce RTX 3080,[N/A],Enabled,Enabled
1672421742.548222,0,GPU-a71d5fd4-b7db-93b7-1b7a-5a6e2a6a8c65,0.16,0.378125,10240.0,6368.0,472.12,NVIDIA GeForce RTX 3080,[N/A],Enabled,Enabled
1672421743.548608,0,GPU-a71d5fd4-b7db-93b7-1b7a-5a6e2a6a8c65,0.17,0.378125,10240.0,6368.0,472.12,NVIDIA GeForce RTX 3080,[N/A],Enabled,Enabled
1672421744.537612,0,GPU-a71d5fd4-b7db-93b7-1b7a-5a6e2a6a8c65,0.17,0.378125,10240.0,6368.0,472.12,NVIDIA GeForce RTX 3080,[N/A],Enabled,Enabled
1672421745.542041,0,GPU-a71d5fd4-b7db-93b7-1b7a-5a6e2a6a8c65,0.17,0.378125,10240.0,6368.0,472.12,NVIDIA GeForce RTX 3080,[N/A],Enabled,Enabled
1672421746.546653,0,GPU-a71d5fd4-b7db-93b7-1b7a-5a6e2a6a8c65,0.17,0.378125,10240.0,6368.0,472.12,NVIDIA GeForce RTX 3080,[N/A],Enabled,Enabled
1672421747.533838,0,GPU-a71d5fd4-b7db-93b7-1b7a-5a6e2a6a8c65,0.17,0.378125,10240.0,6368.0,472.12,NVIDIA GeForce RTX 3080,[N/A],Enabled,Enabled
1672421748.536845,0,GPU-a71d5fd4-b7db-93b7-1b7a-5a6e2a6a8c65,0.16,0.378125,10240.0,6368.0,472.12,NVIDIA GeForce RTX 3080,[N/A],Enabled,Enabled
1672421749.543333,0,GPU-a71d5fd4-b7db-93b7-1b7a-5a6e2a6a8c65,0.17,0.378125,10240.0,6368.0,472.12,NVIDIA GeForce RTX 3080,[N/A],Enabled,Enabled
1672421750.542156,0,GPU-a71d5fd4-b7db-93b7-1b7a-5a6e2a6a8c65,0.17,0.378125,10240.0,6368.0,472.12,NVIDIA GeForce RTX 3080,[N/A],Enabled,Enabled
1672421751.54408,0,GPU-a71d5fd4-b7db-93b7-1b7a-5a6e2a6a8c65,0.17,0.378125,10240.0,6368.0,472.12,NVIDIA GeForce RTX 3080,[N/A],Enabled,Enabled
1672421752.548486,0,GPU-a71d5fd4-b7db-93b7-1b7a-5a6e2a6a8c65,0.17,0.378125,10240.0,6368.0,472.12,NVIDIA GeForce RTX 3080,[N/A],Enabled,Enabled
1672421753.536664,0,GPU-a71d5fd4-b7db-93b7-1b7a-5a6e2a6a8c65,0.17,0.378125,10240.0,6368.0,472.12,NVIDIA GeForce RTX 3080,[N/A],Enabled,Enabled
1672421754.538768,0,GPU-a71d5fd4-b7db-93b7-1b7a-5a6e2a6a8c65,0.17,0.378125,10240.0,6368.0,472.12,NVIDIA GeForce RTX 3080,[N/A],Enabled,Enabled
1672421755.541726,0,GPU-a71d5fd4-b7db-93b7-1b7a-5a6e2a6a8c65,0.18,0.378125,10240.0,6368.0,472.12,NVIDIA GeForce RTX 3080,[N/A],Enabled,Enabled
1672421756.544176,0,GPU-a71d5fd4-b7db-93b7-1b7a-5a6e2a6a8c65,0.17,0.378125,10240.0,6368.0,472.12,NVIDIA GeForce RTX 3080,[N/A],Enabled,Enabled
1672421757.533519,0,GPU-a71d5fd4-b7db-93b7-1b7a-5a6e2a6a8c65,0.17,0.378125,10240.0,6368.0,472.12,NVIDIA GeForce RTX 3080,[N/A],Enabled,Enabled
1672421758.538599,0,GPU-a71d5fd4-b7db-93b7-1b7a-5a6e2a6a8c65,0.17,0.378125,10240.0,6368.0,472.12,NVIDIA GeForce RTX 3080,[N/A],Enabled,Enabled
1672421759.544885,0,GPU-a71d5fd4-b7db-93b7-1b7a-5a6e2a6a8c65,0.17,0.378125,10240.0,6368.0,472.12,NVIDIA GeForce RTX 3080,[N/A],Enabled,Enabled
1672421760.548502,0,GPU-a71d5fd4-b7db-93b7-1b7a-5a6e2a6a8c65,0.17,0.378125,10240.0,6368.0,472.12,NVIDIA GeForce RTX 3080,[N/A],Enabled,Enabled
1672421761.535767,0,GPU-a71d5fd4-b7db-93b7-1b7a-5a6e2a6a8c65,0.17,0.378125,10240.0,6368.0,472.12,NVIDIA GeForce RTX 3080,[N/A],Enabled,Enabled
1672421762.540915,0,GPU-a71d5fd4-b7db-93b7-1b7a-5a6e2a6a8c65,0.17,0.378125,10240.0,6368.0,472.12,NVIDIA GeForce RTX 3080,[N/A],Enabled,Enabled
1672421763.544781,0,GPU-a71d5fd4-b7db-93b7-1b7a-5a6e2a6a8c65,0.17,0.378125,10240.0,6368.0,472.12,NVIDIA GeForce RTX 3080,[N/A],Enabled,Enabled
1672421764.547865,0,GPU-a71d5fd4-b7db-93b7-1b7a-5a6e2a6a8c65,0.17,0.378125,10240.0,6368.0,472.12,NVIDIA GeForce RTX 3080,[N/A],Enabled,Enabled
1672421765.537732,0,GPU-a71d5fd4-b7db-93b7-1b7a-5a6e2a6a8c65,0.17,0.378125,10240.0,6368.0,472.12,NVIDIA GeForce RTX 3080,[N/A],Enabled,Enabled
1672421766.538784,0,GPU-a71d5fd4-b7db-93b7-1b7a-5a6e2a6a8c65,0.17,0.378125,10240.0,6368.0,472.12,NVIDIA GeForce RTX 3080,[N/A],Enabled,Enabled
1672421767.544169,0,GPU-a71d5fd4-b7db-93b7-1b7a-5a6e2a6a8c65,0.18,0.378125,10240.0,6368.0,472.12,NVIDIA GeForce RTX 3080,[N/A],Enabled,Enabled
1672421768.547751,0,GPU-a71d5fd4-b7db-93b7-1b7a-5a6e2a6a8c65,0.17,0.378125,10240.0,6368.0,472.12,NVIDIA GeForce RTX 3080,[N/A],Enabled,Enabled
1672421769.53748,0,GPU-a71d5fd4-b7db-93b7-1b7a-5a6e2a6a8c65,0.18,0.378125,10240.0,6368.0,472.12,NVIDIA GeForce RTX 3080,[N/A],Enabled,Enabled
1672421770.540082,0,GPU-a71d5fd4-b7db-93b7-1b7a-5a6e2a6a8c65,0.17,0.378125,10240.0,6368.0,472.12,NVIDIA GeForce RTX 3080,[N/A],Enabled,Enabled
1672421771.546898,0,GPU-a71d5fd4-b7db-93b7-1b7a-5a6e2a6a8c65,0.17,0.378125,10240.0,6368.0,472.12,NVIDIA GeForce RTX 3080,[N/A],Enabled,Enabled
1672421772.536694,0,GPU-a71d5fd4-b7db-93b7-1b7a-5a6e2a6a8c65,0.17,0.378125,10240.0,6368.0,472.12,NVIDIA GeForce RTX 3080,[N/A],Enabled,Enabled
1672421773.539516,0,GPU-a71d5fd4-b7db-93b7-1b7a-5a6e2a6a8c65,0.17,0.378125,10240.0,6368.0,472.12,NVIDIA GeForce RTX 3080,[N/A],Enabled,Enabled
1672421774.543792,0,GPU-a71d5fd4-b7db-93b7-1b7a-5a6e2a6a8c65,0.17,0.378125,10240.0,6368.0,472.12,NVIDIA GeForce RTX 3080,[N/A],Enabled,Enabled
1672421775.547934,0,GPU-a71d5fd4-b7db-93b7-1b7a-5a6e2a6a8c65,0.18,0.378125,10240.0,6368.0,472.12,NVIDIA GeForce RTX 3080,[N/A],Enabled,Enabled
1672421776.535839,0,GPU-a71d5fd4-b7db-93b7-1b7a-5a6e2a6a8c65,0.17,0.378125,10240.0,6368.0,472.12,NVIDIA GeForce RTX 3080,[N/A],Enabled,Enabled
1672421777.538817,0,GPU-a71d5fd4-b7db-93b7-1b7a-5a6e2a6a8c65,0.17,0.378125,10240.0,6368.0,472.12,NVIDIA GeForce RTX 3080,[N/A],Enabled,Enabled
1672421778.542807,0,GPU-a71d5fd4-b7db-93b7-1b7a-5a6e2a6a8c65,0.17,0.378125,10240.0,6368.0,472.12,NVIDIA GeForce RTX 3080,[N/A],Enabled,Enabled
1672421779.534021,0,GPU-a71d5fd4-b7db-93b7-1b7a-5a6e2a6a8c65,0.17,0.378125,10240.0,6368.0,472.12,NVIDIA GeForce RTX 3080,[N/A],Enabled,Enabled
1672421780.535835,0,GPU-a71d5fd4-b7db-93b7-1b7a-5a6e2a6a8c65,0.17,0.378125,10240.0,6368.0,472.12,NVIDIA GeForce RTX 3080,[N/A],Enabled,Enabled
1672421781.538714,0,GPU-a71d5fd4-b7db-93b7-1b7a-5a6e2a6a8c65,0.17,0.378125,10240.0,6368.0,472.12,NVIDIA GeForce RTX 3080,[N/A],Enabled,Enabled
1672421782.540572,0,GPU-a71d5fd4-b7db-93b7-1b7a-5a6e2a6a8c65,0.18,0.378125,10240.0,6368.0,472.12,NVIDIA GeForce RTX 3080,[N/A],Enabled,Enabled
1672421783.54476,0,GPU-a71d5fd4-b7db-93b7-1b7a-5a6e2a6a8c65,0.17,0.378125,10240.0,6368.0,472.12,NVIDIA GeForce RTX 3080,[N/A],Enabled,Enabled
1672421784.53416,0,GPU-a71d5fd4-b7db-93b7-1b7a-5a6e2a6a8c65,0.17,0.378125,10240.0,6368.0,472.12,NVIDIA GeForce RTX 3080,[N/A],Enabled,Enabled
1672421785.540582,0,GPU-a71d5fd4-b7db-93b7-1b7a-5a6e2a6a8c65,0.17,0.378125,10240.0,6368.0,472.12,NVIDIA GeForce RTX 3080,[N/A],Enabled,Enabled
1672421786.545882,0,GPU-a71d5fd4-b7db-93b7-1b7a-5a6e2a6a8c65,0.16,0.378125,10240.0,6368.0,472.12,NVIDIA GeForce RTX 3080,[N/A],Enabled,Enabled
1672421787.533857,0,GPU-a71d5fd4-b7db-93b7-1b7a-5a6e2a6a8c65,0.17,0.378125,10240.0,6368.0,472.12,NVIDIA GeForce RTX 3080,[N/A],Enabled,Enabled
1672421788.538846,0,GPU-a71d5fd4-b7db-93b7-1b7a-5a6e2a6a8c65,0.17,0.378125,10240.0,6368.0,472.12,NVIDIA GeForce RTX 3080,[N/A],Enabled,Enabled
1672421789.540532,0,GPU-a71d5fd4-b7db-93b7-1b7a-5a6e2a6a8c65,0.17,0.378125,10240.0,6368.0,472.12,NVIDIA GeForce RTX 3080,[N/A],Enabled,Enabled
1672421790.546029,0,GPU-a71d5fd4-b7db-93b7-1b7a-5a6e2a6a8c65,0.18,0.378125,10240.0,6368.0,472.12,NVIDIA GeForce RTX 3080,[N/A],Enabled,Enabled
1672421791.533925,0,GPU-a71d5fd4-b7db-93b7-1b7a-5a6e2a6a8c65,0.17,0.378125,10240.0,6368.0,472.12,NVIDIA GeForce RTX 3080,[N/A],Enabled,Enabled
1672421792.539444,0,GPU-a71d5fd4-b7db-93b7-1b7a-5a6e2a6a8c65,0.16,0.378125,10240.0,6368.0,472.12,NVIDIA GeForce RTX 3080,[N/A],Enabled,Enabled
1672421793.541854,0,GPU-a71d5fd4-b7db-93b7-1b7a-5a6e2a6a8c65,0.17,0.378125,10240.0,6368.0,472.12,NVIDIA GeForce RTX 3080,[N/A],Enabled,Enabled
1672421794.544187,0,GPU-a71d5fd4-b7db-93b7-1b7a-5a6e2a6a8c65,0.17,0.378125,10240.0,6368.0,472.12,NVIDIA GeForce RTX 3080,[N/A],Enabled,Enabled
1672421795.543744,0,GPU-a71d5fd4-b7db-93b7-1b7a-5a6e2a6a8c65,0.17,0.378125,10240.0,6368.0,472.12,NVIDIA GeForce RTX 3080,[N/A],Enabled,Enabled
1672421796.545488,0,GPU-a71d5fd4-b7db-93b7-1b7a-5a6e2a6a8c65,0.17,0.378125,10240.0,6368.0,472.12,NVIDIA GeForce RTX 3080,[N/A],Enabled,Enabled
1672421797.548506,0,GPU-a71d5fd4-b7db-93b7-1b7a-5a6e2a6a8c65,0.16,0.378125,10240.0,6368.0,472.12,NVIDIA GeForce RTX 3080,[N/A],Enabled,Enabled
1672421798.53663,0,GPU-a71d5fd4-b7db-93b7-1b7a-5a6e2a6a8c65,0.17,0.378125,10240.0,6368.0,472.12,NVIDIA GeForce RTX 3080,[N/A],Enabled,Enabled
1672421799.541703,0,GPU-a71d5fd4-b7db-93b7-1b7a-5a6e2a6a8c65,0.17,0.378125,10240.0,6368.0,472.12,NVIDIA GeForce RTX 3080,[N/A],Enabled,Enabled
1672421800.542879,0,GPU-a71d5fd4-b7db-93b7-1b7a-5a6e2a6a8c65,0.17,0.378125,10240.0,6368.0,472.12,NVIDIA GeForce RTX 3080,[N/A],Enabled,Enabled
1672421801.541946,0,GPU-a71d5fd4-b7db-93b7-1b7a-5a6e2a6a8c65,0.17,0.378125,10240.0,6368.0,472.12,NVIDIA GeForce RTX 3080,[N/A],Enabled,Enabled
1672421802.546752,0,GPU-a71d5fd4-b7db-93b7-1b7a-5a6e2a6a8c65,0.17,0.378125,10240.0,6368.0,472.12,NVIDIA GeForce RTX 3080,[N/A],Enabled,Enabled
1672421803.534167,0,GPU-a71d5fd4-b7db-93b7-1b7a-5a6e2a6a8c65,0.17,0.378125,10240.0,6368.0,472.12,NVIDIA GeForce RTX 3080,[N/A],Enabled,Enabled
1672421804.538707,0,GPU-a71d5fd4-b7db-93b7-1b7a-5a6e2a6a8c65,0.17,0.378125,10240.0,6368.0,472.12,NVIDIA GeForce RTX 3080,[N/A],Enabled,Enabled
1672421805.542635,0,GPU-a71d5fd4-b7db-93b7-1b7a-5a6e2a6a8c65,0.17,0.378125,10240.0,6368.0,472.12,NVIDIA GeForce RTX 3080,[N/A],Enabled,Enabled
1672421806.544832,0,GPU-a71d5fd4-b7db-93b7-1b7a-5a6e2a6a8c65,0.17,0.378125,10240.0,6368.0,472.12,NVIDIA GeForce RTX 3080,[N/A],Enabled,Enabled
1672421807.534807,0,GPU-a71d5fd4-b7db-93b7-1b7a-5a6e2a6a8c65,0.17,0.378125,10240.0,6368.0,472.12,NVIDIA GeForce RTX 3080,[N/A],Enabled,Enabled
1672421808.538822,0,GPU-a71d5fd4-b7db-93b7-1b7a-5a6e2a6a8c65,0.17,0.378125,10240.0,6368.0,472.12,NVIDIA GeForce RTX 3080,[N/A],Enabled,Enabled
1672421809.54305,0,GPU-a71d5fd4-b7db-93b7-1b7a-5a6e2a6a8c65,0.16,0.378125,10240.0,6368.0,472.12,NVIDIA GeForce RTX 3080,[N/A],Enabled,Enabled
1672421810.548629,0,GPU-a71d5fd4-b7db-93b7-1b7a-5a6e2a6a8c65,0.16,0.378125,10240.0,6368.0,472.12,NVIDIA GeForce RTX 3080,[N/A],Enabled,Enabled
1672421811.537562,0,GPU-a71d5fd4-b7db-93b7-1b7a-5a6e2a6a8c65,0.16,0.378125,10240.0,6368.0,472.12,NVIDIA GeForce RTX 3080,[N/A],Enabled,Enabled
1672421812.537611,0,GPU-a71d5fd4-b7db-93b7-1b7a-5a6e2a6a8c65,0.16,0.378125,10240.0,6368.0,472.12,NVIDIA GeForce RTX 3080,[N/A],Enabled,Enabled
1672421813.540652,0,GPU-a71d5fd4-b7db-93b7-1b7a-5a6e2a6a8c65,0.17,0.378125,10240.0,6368.0,472.12,NVIDIA GeForce RTX 3080,[N/A],Enabled,Enabled
1672421814.543586,0,GPU-a71d5fd4-b7db-93b7-1b7a-5a6e2a6a8c65,0.17,0.378125,10240.0,6368.0,472.12,NVIDIA GeForce RTX 3080,[N/A],Enabled,Enabled
1672421815.54673,0,GPU-a71d5fd4-b7db-93b7-1b7a-5a6e2a6a8c65,0.17,0.378125,10240.0,6368.0,472.12,NVIDIA GeForce RTX 3080,[N/A],Enabled,Enabled
1672421816.546978,0,GPU-a71d5fd4-b7db-93b7-1b7a-5a6e2a6a8c65,0.16,0.378125,10240.0,6368.0,472.12,NVIDIA GeForce RTX 3080,[N/A],Enabled,Enabled
1672421817.536624,0,GPU-a71d5fd4-b7db-93b7-1b7a-5a6e2a6a8c65,0.14,0.37119140625,10240.0,6439.0,472.12,NVIDIA GeForce RTX 3080,[N/A],Enabled,Enabled
1672421818.539638,0,GPU-a71d5fd4-b7db-93b7-1b7a-5a6e2a6a8c65,0.14,0.37119140625,10240.0,6439.0,472.12,NVIDIA GeForce RTX 3080,[N/A],Enabled,Enabled
1672421819.543649,0,GPU-a71d5fd4-b7db-93b7-1b7a-5a6e2a6a8c65,0.15,0.37109375,10240.0,6440.0,472.12,NVIDIA GeForce RTX 3080,[N/A],Enabled,Enabled
1672421820.546833,0,GPU-a71d5fd4-b7db-93b7-1b7a-5a6e2a6a8c65,0.15,0.37109375,10240.0,6440.0,472.12,NVIDIA GeForce RTX 3080,[N/A],Enabled,Enabled
1672421821.548508,0,GPU-a71d5fd4-b7db-93b7-1b7a-5a6e2a6a8c65,0.15,0.37109375,10240.0,6440.0,472.12,NVIDIA GeForce RTX 3080,[N/A],Enabled,Enabled
1672421822.54898,0,GPU-a71d5fd4-b7db-93b7-1b7a-5a6e2a6a8c65,0.14,0.37109375,10240.0,6440.0,472.12,NVIDIA GeForce RTX 3080,[N/A],Enabled,Enabled
1672421823.536917,0,GPU-a71d5fd4-b7db-93b7-1b7a-5a6e2a6a8c65,0.14,0.37109375,10240.0,6440.0,472.12,NVIDIA GeForce RTX 3080,[N/A],Enabled,Enabled
1672421824.539694,0,GPU-a71d5fd4-b7db-93b7-1b7a-5a6e2a6a8c65,0.14,0.37109375,10240.0,6440.0,472.12,NVIDIA GeForce RTX 3080,[N/A],Enabled,Enabled
1672421825.539592,0,GPU-a71d5fd4-b7db-93b7-1b7a-5a6e2a6a8c65,0.14,0.37109375,10240.0,6440.0,472.12,NVIDIA GeForce RTX 3080,[N/A],Enabled,Enabled
1672421826.542372,0,GPU-a71d5fd4-b7db-93b7-1b7a-5a6e2a6a8c65,0.14,0.37109375,10240.0,6440.0,472.12,NVIDIA GeForce RTX 3080,[N/A],Enabled,Enabled
1672421827.543951,0,GPU-a71d5fd4-b7db-93b7-1b7a-5a6e2a6a8c65,0.14,0.37109375,10240.0,6440.0,472.12,NVIDIA GeForce RTX 3080,[N/A],Enabled,Enabled
1672421828.547836,0,GPU-a71d5fd4-b7db-93b7-1b7a-5a6e2a6a8c65,0.14,0.37109375,10240.0,6440.0,472.12,NVIDIA GeForce RTX 3080,[N/A],Enabled,Enabled
1672421829.535755,0,GPU-a71d5fd4-b7db-93b7-1b7a-5a6e2a6a8c65,0.14,0.37109375,10240.0,6440.0,472.12,NVIDIA GeForce RTX 3080,[N/A],Enabled,Enabled
1672421830.53999,0,GPU-a71d5fd4-b7db-93b7-1b7a-5a6e2a6a8c65,0.15,0.37109375,10240.0,6440.0,472.12,NVIDIA GeForce RTX 3080,[N/A],Enabled,Enabled
1672421831.544027,0,GPU-a71d5fd4-b7db-93b7-1b7a-5a6e2a6a8c65,0.14,0.37109375,10240.0,6440.0,472.12,NVIDIA GeForce RTX 3080,[N/A],Enabled,Enabled
1672421832.53409,0,GPU-a71d5fd4-b7db-93b7-1b7a-5a6e2a6a8c65,0.15,0.37109375,10240.0,6440.0,472.12,NVIDIA GeForce RTX 3080,[N/A],Enabled,Enabled
1672421833.537744,0,GPU-a71d5fd4-b7db-93b7-1b7a-5a6e2a6a8c65,0.14,0.37109375,10240.0,6440.0,472.12,NVIDIA GeForce RTX 3080,[N/A],Enabled,Enabled
1672421834.540801,0,GPU-a71d5fd4-b7db-93b7-1b7a-5a6e2a6a8c65,0.14,0.37109375,10240.0,6440.0,472.12,NVIDIA GeForce RTX 3080,[N/A],Enabled,Enabled
1672421835.54385,0,GPU-a71d5fd4-b7db-93b7-1b7a-5a6e2a6a8c65,0.08,0.378125,10240.0,6368.0,472.12,NVIDIA GeForce RTX 3080,[N/A],Enabled,Enabled
1672421836.548021,0,GPU-a71d5fd4-b7db-93b7-1b7a-5a6e2a6a8c65,0.17,0.378125,10240.0,6368.0,472.12,NVIDIA GeForce RTX 3080,[N/A],Enabled,Enabled
1672421837.534174,0,GPU-a71d5fd4-b7db-93b7-1b7a-5a6e2a6a8c65,0.16,0.378125,10240.0,6368.0,472.12,NVIDIA GeForce RTX 3080,[N/A],Enabled,Enabled
1672421838.537644,0,GPU-a71d5fd4-b7db-93b7-1b7a-5a6e2a6a8c65,0.17,0.378125,10240.0,6368.0,472.12,NVIDIA GeForce RTX 3080,[N/A],Enabled,Enabled
1672421839.543697,0,GPU-a71d5fd4-b7db-93b7-1b7a-5a6e2a6a8c65,0.17,0.378125,10240.0,6368.0,472.12,NVIDIA GeForce RTX 3080,[N/A],Enabled,Enabled
1672421840.547765,0,GPU-a71d5fd4-b7db-93b7-1b7a-5a6e2a6a8c65,0.18,0.378125,10240.0,6368.0,472.12,NVIDIA GeForce RTX 3080,[N/A],Enabled,Enabled
1672421841.538571,0,GPU-a71d5fd4-b7db-93b7-1b7a-5a6e2a6a8c65,0.16,0.378125,10240.0,6368.0,472.12,NVIDIA GeForce RTX 3080,[N/A],Enabled,Enabled
1672421842.541677,0,GPU-a71d5fd4-b7db-93b7-1b7a-5a6e2a6a8c65,0.18,0.378125,10240.0,6368.0,472.12,NVIDIA GeForce RTX 3080,[N/A],Enabled,Enabled
1672421843.544095,0,GPU-a71d5fd4-b7db-93b7-1b7a-5a6e2a6a8c65,0.17,0.378125,10240.0,6368.0,472.12,NVIDIA GeForce RTX 3080,[N/A],Enabled,Enabled
1672421844.53326,0,GPU-a71d5fd4-b7db-93b7-1b7a-5a6e2a6a8c65,0.17,0.378125,10240.0,6368.0,472.12,NVIDIA GeForce RTX 3080,[N/A],Enabled,Enabled
1672421845.537964,0,GPU-a71d5fd4-b7db-93b7-1b7a-5a6e2a6a8c65,0.16,0.378125,10240.0,6368.0,472.12,NVIDIA GeForce RTX 3080,[N/A],Enabled,Enabled
1672421846.541619,0,GPU-a71d5fd4-b7db-93b7-1b7a-5a6e2a6a8c65,0.18,0.378125,10240.0,6368.0,472.12,NVIDIA GeForce RTX 3080,[N/A],Enabled,Enabled
1672421847.546701,0,GPU-a71d5fd4-b7db-93b7-1b7a-5a6e2a6a8c65,0.17,0.378125,10240.0,6368.0,472.12,NVIDIA GeForce RTX 3080,[N/A],Enabled,Enabled
1672421848.535519,0,GPU-a71d5fd4-b7db-93b7-1b7a-5a6e2a6a8c65,0.17,0.378125,10240.0,6368.0,472.12,NVIDIA GeForce RTX 3080,[N/A],Enabled,Enabled
1672421849.540769,0,GPU-a71d5fd4-b7db-93b7-1b7a-5a6e2a6a8c65,0.18,0.378125,10240.0,6368.0,472.12,NVIDIA GeForce RTX 3080,[N/A],Enabled,Enabled
1672421850.544913,0,GPU-a71d5fd4-b7db-93b7-1b7a-5a6e2a6a8c65,0.17,0.378125,10240.0,6368.0,472.12,NVIDIA GeForce RTX 3080,[N/A],Enabled,Enabled
1672421851.533603,0,GPU-a71d5fd4-b7db-93b7-1b7a-5a6e2a6a8c65,0.17,0.378125,10240.0,6368.0,472.12,NVIDIA GeForce RTX 3080,[N/A],Enabled,Enabled
1672421852.536729,0,GPU-a71d5fd4-b7db-93b7-1b7a-5a6e2a6a8c65,0.17,0.378125,10240.0,6368.0,472.12,NVIDIA GeForce RTX 3080,[N/A],Enabled,Enabled
1672421853.540721,0,GPU-a71d5fd4-b7db-93b7-1b7a-5a6e2a6a8c65,0.17,0.378125,10240.0,6368.0,472.12,NVIDIA GeForce RTX 3080,[N/A],Enabled,Enabled
1672421854.545121,0,GPU-a71d5fd4-b7db-93b7-1b7a-5a6e2a6a8c65,0.17,0.378125,10240.0,6368.0,472.12,NVIDIA GeForce RTX 3080,[N/A],Enabled,Enabled
1672421855.548773,0,GPU-a71d5fd4-b7db-93b7-1b7a-5a6e2a6a8c65,0.17,0.378125,10240.0,6368.0,472.12,NVIDIA GeForce RTX 3080,[N/A],Enabled,Enabled
1672421856.537539,0,GPU-a71d5fd4-b7db-93b7-1b7a-5a6e2a6a8c65,0.17,0.378125,10240.0,6368.0,472.12,NVIDIA GeForce RTX 3080,[N/A],Enabled,Enabled
1672421857.541069,0,GPU-a71d5fd4-b7db-93b7-1b7a-5a6e2a6a8c65,0.17,0.378125,10240.0,6368.0,472.12,NVIDIA GeForce RTX 3080,[N/A],Enabled,Enabled
1672421858.542054,0,GPU-a71d5fd4-b7db-93b7-1b7a-5a6e2a6a8c65,0.16,0.378125,10240.0,6368.0,472.12,NVIDIA GeForce RTX 3080,[N/A],Enabled,Enabled
1672421859.54675,0,GPU-a71d5fd4-b7db-93b7-1b7a-5a6e2a6a8c65,0.17,0.378125,10240.0,6368.0,472.12,NVIDIA GeForce RTX 3080,[N/A],Enabled,Enabled
1672421860.53367,0,GPU-a71d5fd4-b7db-93b7-1b7a-5a6e2a6a8c65,0.17,0.378125,10240.0,6368.0,472.12,NVIDIA GeForce RTX 3080,[N/A],Enabled,Enabled
1672421861.536535,0,GPU-a71d5fd4-b7db-93b7-1b7a-5a6e2a6a8c65,0.17,0.378125,10240.0,6368.0,472.12,NVIDIA GeForce RTX 3080,[N/A],Enabled,Enabled
1672421862.53966,0,GPU-a71d5fd4-b7db-93b7-1b7a-5a6e2a6a8c65,0.17,0.378125,10240.0,6368.0,472.12,NVIDIA GeForce RTX 3080,[N/A],Enabled,Enabled
1672421863.543623,0,GPU-a71d5fd4-b7db-93b7-1b7a-5a6e2a6a8c65,0.17,0.378125,10240.0,6368.0,472.12,NVIDIA GeForce RTX 3080,[N/A],Enabled,Enabled
1672421864.547936,0,GPU-a71d5fd4-b7db-93b7-1b7a-5a6e2a6a8c65,0.17,0.378125,10240.0,6368.0,472.12,NVIDIA GeForce RTX 3080,[N/A],Enabled,Enabled
1672421865.537576,0,GPU-a71d5fd4-b7db-93b7-1b7a-5a6e2a6a8c65,0.17,0.378125,10240.0,6368.0,472.12,NVIDIA GeForce RTX 3080,[N/A],Enabled,Enabled
1672421866.538941,0,GPU-a71d5fd4-b7db-93b7-1b7a-5a6e2a6a8c65,0.17,0.378125,10240.0,6368.0,472.12,NVIDIA GeForce RTX 3080,[N/A],Enabled,Enabled
1672421867.540673,0,GPU-a71d5fd4-b7db-93b7-1b7a-5a6e2a6a8c65,0.17,0.378125,10240.0,6368.0,472.12,NVIDIA GeForce RTX 3080,[N/A],Enabled,Enabled
1672421868.544851,0,GPU-a71d5fd4-b7db-93b7-1b7a-5a6e2a6a8c65,0.17,0.378125,10240.0,6368.0,472.12,NVIDIA GeForce RTX 3080,[N/A],Enabled,Enabled
1672421869.535446,0,GPU-a71d5fd4-b7db-93b7-1b7a-5a6e2a6a8c65,0.17,0.378125,10240.0,6368.0,472.12,NVIDIA GeForce RTX 3080,[N/A],Enabled,Enabled
1672421870.53756,0,GPU-a71d5fd4-b7db-93b7-1b7a-5a6e2a6a8c65,0.17,0.378125,10240.0,6368.0,472.12,NVIDIA GeForce RTX 3080,[N/A],Enabled,Enabled
1672421871.539567,0,GPU-a71d5fd4-b7db-93b7-1b7a-5a6e2a6a8c65,0.16,0.378125,10240.0,6368.0,472.12,NVIDIA GeForce RTX 3080,[N/A],Enabled,Enabled
1672421872.546825,0,GPU-a71d5fd4-b7db-93b7-1b7a-5a6e2a6a8c65,0.17,0.378125,10240.0,6368.0,472.12,NVIDIA GeForce RTX 3080,[N/A],Enabled,Enabled
1672421873.533788,0,GPU-a71d5fd4-b7db-93b7-1b7a-5a6e2a6a8c65,0.17,0.378125,10240.0,6368.0,472.12,NVIDIA GeForce RTX 3080,[N/A],Enabled,Enabled
1672421874.537627,0,GPU-a71d5fd4-b7db-93b7-1b7a-5a6e2a6a8c65,0.17,0.378125,10240.0,6368.0,472.12,NVIDIA GeForce RTX 3080,[N/A],Enabled,Enabled
1672421875.539649,0,GPU-a71d5fd4-b7db-93b7-1b7a-5a6e2a6a8c65,0.17,0.378125,10240.0,6368.0,472.12,NVIDIA GeForce RTX 3080,[N/A],Enabled,Enabled
1672421876.543173,0,GPU-a71d5fd4-b7db-93b7-1b7a-5a6e2a6a8c65,0.17,0.378125,10240.0,6368.0,472.12,NVIDIA GeForce RTX 3080,[N/A],Enabled,Enabled
1672421877.548965,0,GPU-a71d5fd4-b7db-93b7-1b7a-5a6e2a6a8c65,0.17,0.378125,10240.0,6368.0,472.12,NVIDIA GeForce RTX 3080,[N/A],Enabled,Enabled
1672421878.536429,0,GPU-a71d5fd4-b7db-93b7-1b7a-5a6e2a6a8c65,0.17,0.378125,10240.0,6368.0,472.12,NVIDIA GeForce RTX 3080,[N/A],Enabled,Enabled
1672421879.538906,0,GPU-a71d5fd4-b7db-93b7-1b7a-5a6e2a6a8c65,0.18,0.378125,10240.0,6368.0,472.12,NVIDIA GeForce RTX 3080,[N/A],Enabled,Enabled
1672421880.540743,0,GPU-a71d5fd4-b7db-93b7-1b7a-5a6e2a6a8c65,0.17,0.378125,10240.0,6368.0,472.12,NVIDIA GeForce RTX 3080,[N/A],Enabled,Enabled
1672421881.54259,0,GPU-a71d5fd4-b7db-93b7-1b7a-5a6e2a6a8c65,0.17,0.378125,10240.0,6368.0,472.12,NVIDIA GeForce RTX 3080,[N/A],Enabled,Enabled
1672421882.545392,0,GPU-a71d5fd4-b7db-93b7-1b7a-5a6e2a6a8c65,0.17,0.378125,10240.0,6368.0,472.12,NVIDIA GeForce RTX 3080,[N/A],Enabled,Enabled
1672421883.533883,0,GPU-a71d5fd4-b7db-93b7-1b7a-5a6e2a6a8c65,0.17,0.378125,10240.0,6368.0,472.12,NVIDIA GeForce RTX 3080,[N/A],Enabled,Enabled
1672421884.548622,0,GPU-a71d5fd4-b7db-93b7-1b7a-5a6e2a6a8c65,0.17,0.378125,10240.0,6368.0,472.12,NVIDIA GeForce RTX 3080,[N/A],Enabled,Enabled
1672421885.536439,0,GPU-a71d5fd4-b7db-93b7-1b7a-5a6e2a6a8c65,0.17,0.378125,10240.0,6368.0,472.12,NVIDIA GeForce RTX 3080,[N/A],Enabled,Enabled
1672421886.540668,0,GPU-a71d5fd4-b7db-93b7-1b7a-5a6e2a6a8c65,0.17,0.378125,10240.0,6368.0,472.12,NVIDIA GeForce RTX 3080,[N/A],Enabled,Enabled
1672421887.544353,0,GPU-a71d5fd4-b7db-93b7-1b7a-5a6e2a6a8c65,0.17,0.378125,10240.0,6368.0,472.12,NVIDIA GeForce RTX 3080,[N/A],Enabled,Enabled
1672421888.545498,0,GPU-a71d5fd4-b7db-93b7-1b7a-5a6e2a6a8c65,0.17,0.378125,10240.0,6368.0,472.12,NVIDIA GeForce RTX 3080,[N/A],Enabled,Enabled
1672421889.54749,0,GPU-a71d5fd4-b7db-93b7-1b7a-5a6e2a6a8c65,0.17,0.378125,10240.0,6368.0,472.12,NVIDIA GeForce RTX 3080,[N/A],Enabled,Enabled
1672421890.53402,0,GPU-a71d5fd4-b7db-93b7-1b7a-5a6e2a6a8c65,0.17,0.378125,10240.0,6368.0,472.12,NVIDIA GeForce RTX 3080,[N/A],Enabled,Enabled
1672421891.534025,0,GPU-a71d5fd4-b7db-93b7-1b7a-5a6e2a6a8c65,0.17,0.378125,10240.0,6368.0,472.12,NVIDIA GeForce RTX 3080,[N/A],Enabled,Enabled
1672421892.539738,0,GPU-a71d5fd4-b7db-93b7-1b7a-5a6e2a6a8c65,0.17,0.378125,10240.0,6368.0,472.12,NVIDIA GeForce RTX 3080,[N/A],Enabled,Enabled
1672421893.5449,0,GPU-a71d5fd4-b7db-93b7-1b7a-5a6e2a6a8c65,0.17,0.378125,10240.0,6368.0,472.12,NVIDIA GeForce RTX 3080,[N/A],Enabled,Enabled
1672421894.548825,0,GPU-a71d5fd4-b7db-93b7-1b7a-5a6e2a6a8c65,0.17,0.378125,10240.0,6368.0,472.12,NVIDIA GeForce RTX 3080,[N/A],Enabled,Enabled
1672421895.537825,0,GPU-a71d5fd4-b7db-93b7-1b7a-5a6e2a6a8c65,0.17,0.378125,10240.0,6368.0,472.12,NVIDIA GeForce RTX 3080,[N/A],Enabled,Enabled
1672421896.539651,0,GPU-a71d5fd4-b7db-93b7-1b7a-5a6e2a6a8c65,0.17,0.378125,10240.0,6368.0,472.12,NVIDIA GeForce RTX 3080,[N/A],Enabled,Enabled
1672421897.542662,0,GPU-a71d5fd4-b7db-93b7-1b7a-5a6e2a6a8c65,0.16,0.378125,10240.0,6368.0,472.12,NVIDIA GeForce RTX 3080,[N/A],Enabled,Enabled
1672421898.546701,0,GPU-a71d5fd4-b7db-93b7-1b7a-5a6e2a6a8c65,0.17,0.378125,10240.0,6368.0,472.12,NVIDIA GeForce RTX 3080,[N/A],Enabled,Enabled
1672421899.537637,0,GPU-a71d5fd4-b7db-93b7-1b7a-5a6e2a6a8c65,0.18,0.378125,10240.0,6368.0,472.12,NVIDIA GeForce RTX 3080,[N/A],Enabled,Enabled
1672421900.540604,0,GPU-a71d5fd4-b7db-93b7-1b7a-5a6e2a6a8c65,0.18,0.378125,10240.0,6368.0,472.12,NVIDIA GeForce RTX 3080,[N/A],Enabled,Enabled
1672421901.54375,0,GPU-a71d5fd4-b7db-93b7-1b7a-5a6e2a6a8c65,0.17,0.378125,10240.0,6368.0,472.12,NVIDIA GeForce RTX 3080,[N/A],Enabled,Enabled
1672421902.545244,0,GPU-a71d5fd4-b7db-93b7-1b7a-5a6e2a6a8c65,0.17,0.378125,10240.0,6368.0,472.12,NVIDIA GeForce RTX 3080,[N/A],Enabled,Enabled
1672421903.548534,0,GPU-a71d5fd4-b7db-93b7-1b7a-5a6e2a6a8c65,0.18,0.378125,10240.0,6368.0,472.12,NVIDIA GeForce RTX 3080,[N/A],Enabled,Enabled
1672421904.535671,0,GPU-a71d5fd4-b7db-93b7-1b7a-5a6e2a6a8c65,0.17,0.378125,10240.0,6368.0,472.12,NVIDIA GeForce RTX 3080,[N/A],Enabled,Enabled
1672421905.541638,0,GPU-a71d5fd4-b7db-93b7-1b7a-5a6e2a6a8c65,0.17,0.378125,10240.0,6368.0,472.12,NVIDIA GeForce RTX 3080,[N/A],Enabled,Enabled
1672421906.546832,0,GPU-a71d5fd4-b7db-93b7-1b7a-5a6e2a6a8c65,0.18,0.378125,10240.0,6368.0,472.12,NVIDIA GeForce RTX 3080,[N/A],Enabled,Enabled
1672421907.535786,0,GPU-a71d5fd4-b7db-93b7-1b7a-5a6e2a6a8c65,0.16,0.378125,10240.0,6368.0,472.12,NVIDIA GeForce RTX 3080,[N/A],Enabled,Enabled
1672421908.541596,0,GPU-a71d5fd4-b7db-93b7-1b7a-5a6e2a6a8c65,0.17,0.378125,10240.0,6368.0,472.12,NVIDIA GeForce RTX 3080,[N/A],Enabled,Enabled
1672421909.544721,0,GPU-a71d5fd4-b7db-93b7-1b7a-5a6e2a6a8c65,0.16,0.378125,10240.0,6368.0,472.12,NVIDIA GeForce RTX 3080,[N/A],Enabled,Enabled
1672421910.533259,0,GPU-a71d5fd4-b7db-93b7-1b7a-5a6e2a6a8c65,0.17,0.378125,10240.0,6368.0,472.12,NVIDIA GeForce RTX 3080,[N/A],Enabled,Enabled
1672421911.53495,0,GPU-a71d5fd4-b7db-93b7-1b7a-5a6e2a6a8c65,0.17,0.378125,10240.0,6368.0,472.12,NVIDIA GeForce RTX 3080,[N/A],Enabled,Enabled
1672421912.535672,0,GPU-a71d5fd4-b7db-93b7-1b7a-5a6e2a6a8c65,0.17,0.378125,10240.0,6368.0,472.12,NVIDIA GeForce RTX 3080,[N/A],Enabled,Enabled
1672421913.540395,0,GPU-a71d5fd4-b7db-93b7-1b7a-5a6e2a6a8c65,0.17,0.378125,10240.0,6368.0,472.12,NVIDIA GeForce RTX 3080,[N/A],Enabled,Enabled
1672421914.546505,0,GPU-a71d5fd4-b7db-93b7-1b7a-5a6e2a6a8c65,0.17,0.378125,10240.0,6368.0,472.12,NVIDIA GeForce RTX 3080,[N/A],Enabled,Enabled
1672421915.534152,0,GPU-a71d5fd4-b7db-93b7-1b7a-5a6e2a6a8c65,0.16,0.378125,10240.0,6368.0,472.12,NVIDIA GeForce RTX 3080,[N/A],Enabled,Enabled
1672421916.538102,0,GPU-a71d5fd4-b7db-93b7-1b7a-5a6e2a6a8c65,0.17,0.378125,10240.0,6368.0,472.12,NVIDIA GeForce RTX 3080,[N/A],Enabled,Enabled
1672421917.540614,0,GPU-a71d5fd4-b7db-93b7-1b7a-5a6e2a6a8c65,0.17,0.378125,10240.0,6368.0,472.12,NVIDIA GeForce RTX 3080,[N/A],Enabled,Enabled
1672421918.54484,0,GPU-a71d5fd4-b7db-93b7-1b7a-5a6e2a6a8c65,0.17,0.378125,10240.0,6368.0,472.12,NVIDIA GeForce RTX 3080,[N/A],Enabled,Enabled
1672421919.544889,0,GPU-a71d5fd4-b7db-93b7-1b7a-5a6e2a6a8c65,0.17,0.378125,10240.0,6368.0,472.12,NVIDIA GeForce RTX 3080,[N/A],Enabled,Enabled
1672421920.533929,0,GPU-a71d5fd4-b7db-93b7-1b7a-5a6e2a6a8c65,0.17,0.378125,10240.0,6368.0,472.12,NVIDIA GeForce RTX 3080,[N/A],Enabled,Enabled
1672421921.541189,0,GPU-a71d5fd4-b7db-93b7-1b7a-5a6e2a6a8c65,0.18,0.378125,10240.0,6368.0,472.12,NVIDIA GeForce RTX 3080,[N/A],Enabled,Enabled
1672421922.545903,0,GPU-a71d5fd4-b7db-93b7-1b7a-5a6e2a6a8c65,0.18,0.378125,10240.0,6368.0,472.12,NVIDIA GeForce RTX 3080,[N/A],Enabled,Enabled
1672421923.533717,0,GPU-a71d5fd4-b7db-93b7-1b7a-5a6e2a6a8c65,0.17,0.378125,10240.0,6368.0,472.12,NVIDIA GeForce RTX 3080,[N/A],Enabled,Enabled
1672421924.538677,0,GPU-a71d5fd4-b7db-93b7-1b7a-5a6e2a6a8c65,0.17,0.378125,10240.0,6368.0,472.12,NVIDIA GeForce RTX 3080,[N/A],Enabled,Enabled
1672421925.542022,0,GPU-a71d5fd4-b7db-93b7-1b7a-5a6e2a6a8c65,0.17,0.378125,10240.0,6368.0,472.12,NVIDIA GeForce RTX 3080,[N/A],Enabled,Enabled
1672421926.546754,0,GPU-a71d5fd4-b7db-93b7-1b7a-5a6e2a6a8c65,0.17,0.378125,10240.0,6368.0,472.12,NVIDIA GeForce RTX 3080,[N/A],Enabled,Enabled
1672421927.548624,0,GPU-a71d5fd4-b7db-93b7-1b7a-5a6e2a6a8c65,0.16,0.378125,10240.0,6368.0,472.12,NVIDIA GeForce RTX 3080,[N/A],Enabled,Enabled
1672421928.536895,0,GPU-a71d5fd4-b7db-93b7-1b7a-5a6e2a6a8c65,0.17,0.378125,10240.0,6368.0,472.12,NVIDIA GeForce RTX 3080,[N/A],Enabled,Enabled
1672421929.539702,0,GPU-a71d5fd4-b7db-93b7-1b7a-5a6e2a6a8c65,0.17,0.378125,10240.0,6368.0,472.12,NVIDIA GeForce RTX 3080,[N/A],Enabled,Enabled
1672421930.544779,0,GPU-a71d5fd4-b7db-93b7-1b7a-5a6e2a6a8c65,0.18,0.378125,10240.0,6368.0,472.12,NVIDIA GeForce RTX 3080,[N/A],Enabled,Enabled
1672421931.547785,0,GPU-a71d5fd4-b7db-93b7-1b7a-5a6e2a6a8c65,0.17,0.378125,10240.0,6368.0,472.12,NVIDIA GeForce RTX 3080,[N/A],Enabled,Enabled
1672421932.53566,0,GPU-a71d5fd4-b7db-93b7-1b7a-5a6e2a6a8c65,0.18,0.378125,10240.0,6368.0,472.12,NVIDIA GeForce RTX 3080,[N/A],Enabled,Enabled
1672421933.541675,0,GPU-a71d5fd4-b7db-93b7-1b7a-5a6e2a6a8c65,0.17,0.378125,10240.0,6368.0,472.12,NVIDIA GeForce RTX 3080,[N/A],Enabled,Enabled
1672421934.545942,0,GPU-a71d5fd4-b7db-93b7-1b7a-5a6e2a6a8c65,0.17,0.378125,10240.0,6368.0,472.12,NVIDIA GeForce RTX 3080,[N/A],Enabled,Enabled
1672421935.536594,0,GPU-a71d5fd4-b7db-93b7-1b7a-5a6e2a6a8c65,0.17,0.378125,10240.0,6368.0,472.12,NVIDIA GeForce RTX 3080,[N/A],Enabled,Enabled
1672421936.54005,0,GPU-a71d5fd4-b7db-93b7-1b7a-5a6e2a6a8c65,0.17,0.378125,10240.0,6368.0,472.12,NVIDIA GeForce RTX 3080,[N/A],Enabled,Enabled
1672421937.543773,0,GPU-a71d5fd4-b7db-93b7-1b7a-5a6e2a6a8c65,0.17,0.378125,10240.0,6368.0,472.12,NVIDIA GeForce RTX 3080,[N/A],Enabled,Enabled
1672421938.533858,0,GPU-a71d5fd4-b7db-93b7-1b7a-5a6e2a6a8c65,0.18,0.378125,10240.0,6368.0,472.12,NVIDIA GeForce RTX 3080,[N/A],Enabled,Enabled
1672421939.534649,0,GPU-a71d5fd4-b7db-93b7-1b7a-5a6e2a6a8c65,0.17,0.378125,10240.0,6368.0,472.12,NVIDIA GeForce RTX 3080,[N/A],Enabled,Enabled
1672421940.538871,0,GPU-a71d5fd4-b7db-93b7-1b7a-5a6e2a6a8c65,0.17,0.378125,10240.0,6368.0,472.12,NVIDIA GeForce RTX 3080,[N/A],Enabled,Enabled
1672421941.541753,0,GPU-a71d5fd4-b7db-93b7-1b7a-5a6e2a6a8c65,0.17,0.378125,10240.0,6368.0,472.12,NVIDIA GeForce RTX 3080,[N/A],Enabled,Enabled
1672421942.543872,0,GPU-a71d5fd4-b7db-93b7-1b7a-5a6e2a6a8c65,0.18,0.378125,10240.0,6368.0,472.12,NVIDIA GeForce RTX 3080,[N/A],Enabled,Enabled
1672421943.548542,0,GPU-a71d5fd4-b7db-93b7-1b7a-5a6e2a6a8c65,0.17,0.378125,10240.0,6368.0,472.12,NVIDIA GeForce RTX 3080,[N/A],Enabled,Enabled
1672421944.534986,0,GPU-a71d5fd4-b7db-93b7-1b7a-5a6e2a6a8c65,0.17,0.378125,10240.0,6368.0,472.12,NVIDIA GeForce RTX 3080,[N/A],Enabled,Enabled
1672421945.538897,0,GPU-a71d5fd4-b7db-93b7-1b7a-5a6e2a6a8c65,0.17,0.378125,10240.0,6368.0,472.12,NVIDIA GeForce RTX 3080,[N/A],Enabled,Enabled
1672421946.541968,0,GPU-a71d5fd4-b7db-93b7-1b7a-5a6e2a6a8c65,0.17,0.378125,10240.0,6368.0,472.12,NVIDIA GeForce RTX 3080,[N/A],Enabled,Enabled
1672421947.544809,0,GPU-a71d5fd4-b7db-93b7-1b7a-5a6e2a6a8c65,0.17,0.378125,10240.0,6368.0,472.12,NVIDIA GeForce RTX 3080,[N/A],Enabled,Enabled
1672421948.534094,0,GPU-a71d5fd4-b7db-93b7-1b7a-5a6e2a6a8c65,0.18,0.378125,10240.0,6368.0,472.12,NVIDIA GeForce RTX 3080,[N/A],Enabled,Enabled
1672421949.537579,0,GPU-a71d5fd4-b7db-93b7-1b7a-5a6e2a6a8c65,0.17,0.378125,10240.0,6368.0,472.12,NVIDIA GeForce RTX 3080,[N/A],Enabled,Enabled
1672421950.538639,0,GPU-a71d5fd4-b7db-93b7-1b7a-5a6e2a6a8c65,0.17,0.378125,10240.0,6368.0,472.12,NVIDIA GeForce RTX 3080,[N/A],Enabled,Enabled
1672421951.542562,0,GPU-a71d5fd4-b7db-93b7-1b7a-5a6e2a6a8c65,0.17,0.378125,10240.0,6368.0,472.12,NVIDIA GeForce RTX 3080,[N/A],Enabled,Enabled
1672421952.542969,0,GPU-a71d5fd4-b7db-93b7-1b7a-5a6e2a6a8c65,0.17,0.378125,10240.0,6368.0,472.12,NVIDIA GeForce RTX 3080,[N/A],Enabled,Enabled
1672421953.547967,0,GPU-a71d5fd4-b7db-93b7-1b7a-5a6e2a6a8c65,0.17,0.378125,10240.0,6368.0,472.12,NVIDIA GeForce RTX 3080,[N/A],Enabled,Enabled
1672421954.536248,0,GPU-a71d5fd4-b7db-93b7-1b7a-5a6e2a6a8c65,0.17,0.378125,10240.0,6368.0,472.12,NVIDIA GeForce RTX 3080,[N/A],Enabled,Enabled
1672421955.538481,0,GPU-a71d5fd4-b7db-93b7-1b7a-5a6e2a6a8c65,0.18,0.378125,10240.0,6368.0,472.12,NVIDIA GeForce RTX 3080,[N/A],Enabled,Enabled
1672421956.542013,0,GPU-a71d5fd4-b7db-93b7-1b7a-5a6e2a6a8c65,0.18,0.378125,10240.0,6368.0,472.12,NVIDIA GeForce RTX 3080,[N/A],Enabled,Enabled
1672421957.54411,0,GPU-a71d5fd4-b7db-93b7-1b7a-5a6e2a6a8c65,0.17,0.378125,10240.0,6368.0,472.12,NVIDIA GeForce RTX 3080,[N/A],Enabled,Enabled
1672421958.545365,0,GPU-a71d5fd4-b7db-93b7-1b7a-5a6e2a6a8c65,0.17,0.378125,10240.0,6368.0,472.12,NVIDIA GeForce RTX 3080,[N/A],Enabled,Enabled
1672421959.54649,0,GPU-a71d5fd4-b7db-93b7-1b7a-5a6e2a6a8c65,0.17,0.378125,10240.0,6368.0,472.12,NVIDIA GeForce RTX 3080,[N/A],Enabled,Enabled
1672421960.548902,0,GPU-a71d5fd4-b7db-93b7-1b7a-5a6e2a6a8c65,0.18,0.378125,10240.0,6368.0,472.12,NVIDIA GeForce RTX 3080,[N/A],Enabled,Enabled
1672421961.536517,0,GPU-a71d5fd4-b7db-93b7-1b7a-5a6e2a6a8c65,0.18,0.378125,10240.0,6368.0,472.12,NVIDIA GeForce RTX 3080,[N/A],Enabled,Enabled
1672421962.539619,0,GPU-a71d5fd4-b7db-93b7-1b7a-5a6e2a6a8c65,0.18,0.378125,10240.0,6368.0,472.12,NVIDIA GeForce RTX 3080,[N/A],Enabled,Enabled
1672421963.544187,0,GPU-a71d5fd4-b7db-93b7-1b7a-5a6e2a6a8c65,0.18,0.378125,10240.0,6368.0,472.12,NVIDIA GeForce RTX 3080,[N/A],Enabled,Enabled
1672421964.533651,0,GPU-a71d5fd4-b7db-93b7-1b7a-5a6e2a6a8c65,0.18,0.378125,10240.0,6368.0,472.12,NVIDIA GeForce RTX 3080,[N/A],Enabled,Enabled
1672421965.536576,0,GPU-a71d5fd4-b7db-93b7-1b7a-5a6e2a6a8c65,0.17,0.378125,10240.0,6368.0,472.12,NVIDIA GeForce RTX 3080,[N/A],Enabled,Enabled
1672421966.540531,0,GPU-a71d5fd4-b7db-93b7-1b7a-5a6e2a6a8c65,0.18,0.378125,10240.0,6368.0,472.12,NVIDIA GeForce RTX 3080,[N/A],Enabled,Enabled
1672421967.540735,0,GPU-a71d5fd4-b7db-93b7-1b7a-5a6e2a6a8c65,0.17,0.378125,10240.0,6368.0,472.12,NVIDIA GeForce RTX 3080,[N/A],Enabled,Enabled
1672421968.546804,0,GPU-a71d5fd4-b7db-93b7-1b7a-5a6e2a6a8c65,0.17,0.378125,10240.0,6368.0,472.12,NVIDIA GeForce RTX 3080,[N/A],Enabled,Enabled
1672421969.536802,0,GPU-a71d5fd4-b7db-93b7-1b7a-5a6e2a6a8c65,0.17,0.378125,10240.0,6368.0,472.12,NVIDIA GeForce RTX 3080,[N/A],Enabled,Enabled
1672421970.538854,0,GPU-a71d5fd4-b7db-93b7-1b7a-5a6e2a6a8c65,0.17,0.378125,10240.0,6368.0,472.12,NVIDIA GeForce RTX 3080,[N/A],Enabled,Enabled
1672421971.541695,0,GPU-a71d5fd4-b7db-93b7-1b7a-5a6e2a6a8c65,0.17,0.378125,10240.0,6368.0,472.12,NVIDIA GeForce RTX 3080,[N/A],Enabled,Enabled
1672421972.545735,0,GPU-a71d5fd4-b7db-93b7-1b7a-5a6e2a6a8c65,0.17,0.378125,10240.0,6368.0,472.12,NVIDIA GeForce RTX 3080,[N/A],Enabled,Enabled
1672421973.533705,0,GPU-a71d5fd4-b7db-93b7-1b7a-5a6e2a6a8c65,0.17,0.378125,10240.0,6368.0,472.12,NVIDIA GeForce RTX 3080,[N/A],Enabled,Enabled
1672421974.538521,0,GPU-a71d5fd4-b7db-93b7-1b7a-5a6e2a6a8c65,0.17,0.378125,10240.0,6368.0,472.12,NVIDIA GeForce RTX 3080,[N/A],Enabled,Enabled
1672421975.538943,0,GPU-a71d5fd4-b7db-93b7-1b7a-5a6e2a6a8c65,0.17,0.378125,10240.0,6368.0,472.12,NVIDIA GeForce RTX 3080,[N/A],Enabled,Enabled
1672421976.541972,0,GPU-a71d5fd4-b7db-93b7-1b7a-5a6e2a6a8c65,0.18,0.378125,10240.0,6368.0,472.12,NVIDIA GeForce RTX 3080,[N/A],Enabled,Enabled
1672421977.546885,0,GPU-a71d5fd4-b7db-93b7-1b7a-5a6e2a6a8c65,0.17,0.378125,10240.0,6368.0,472.12,NVIDIA GeForce RTX 3080,[N/A],Enabled,Enabled
1672421978.535819,0,GPU-a71d5fd4-b7db-93b7-1b7a-5a6e2a6a8c65,0.18,0.378125,10240.0,6368.0,472.12,NVIDIA GeForce RTX 3080,[N/A],Enabled,Enabled
1672421979.534655,0,GPU-a71d5fd4-b7db-93b7-1b7a-5a6e2a6a8c65,0.17,0.378125,10240.0,6368.0,472.12,NVIDIA GeForce RTX 3080,[N/A],Enabled,Enabled
1672421980.538951,0,GPU-a71d5fd4-b7db-93b7-1b7a-5a6e2a6a8c65,0.17,0.378125,10240.0,6368.0,472.12,NVIDIA GeForce RTX 3080,[N/A],Enabled,Enabled
1672421981.543744,0,GPU-a71d5fd4-b7db-93b7-1b7a-5a6e2a6a8c65,0.17,0.378125,10240.0,6368.0,472.12,NVIDIA GeForce RTX 3080,[N/A],Enabled,Enabled
1672421982.547514,0,GPU-a71d5fd4-b7db-93b7-1b7a-5a6e2a6a8c65,0.17,0.378125,10240.0,6368.0,472.12,NVIDIA GeForce RTX 3080,[N/A],Enabled,Enabled
1672421983.534896,0,GPU-a71d5fd4-b7db-93b7-1b7a-5a6e2a6a8c65,0.16,0.378125,10240.0,6368.0,472.12,NVIDIA GeForce RTX 3080,[N/A],Enabled,Enabled
1672421984.535532,0,GPU-a71d5fd4-b7db-93b7-1b7a-5a6e2a6a8c65,0.16,0.378125,10240.0,6368.0,472.12,NVIDIA GeForce RTX 3080,[N/A],Enabled,Enabled
1672421985.538904,0,GPU-a71d5fd4-b7db-93b7-1b7a-5a6e2a6a8c65,0.17,0.378125,10240.0,6368.0,472.12,NVIDIA GeForce RTX 3080,[N/A],Enabled,Enabled
1672421986.540003,0,GPU-a71d5fd4-b7db-93b7-1b7a-5a6e2a6a8c65,0.18,0.378125,10240.0,6368.0,472.12,NVIDIA GeForce RTX 3080,[N/A],Enabled,Enabled
1672421987.543707,0,GPU-a71d5fd4-b7db-93b7-1b7a-5a6e2a6a8c65,0.17,0.378125,10240.0,6368.0,472.12,NVIDIA GeForce RTX 3080,[N/A],Enabled,Enabled
1672421988.548872,0,GPU-a71d5fd4-b7db-93b7-1b7a-5a6e2a6a8c65,0.16,0.378125,10240.0,6368.0,472.12,NVIDIA GeForce RTX 3080,[N/A],Enabled,Enabled
1672421989.538459,0,GPU-a71d5fd4-b7db-93b7-1b7a-5a6e2a6a8c65,0.17,0.378125,10240.0,6368.0,472.12,NVIDIA GeForce RTX 3080,[N/A],Enabled,Enabled
1672421990.541553,0,GPU-a71d5fd4-b7db-93b7-1b7a-5a6e2a6a8c65,0.08,0.37119140625,10240.0,6439.0,472.12,NVIDIA GeForce RTX 3080,[N/A],Enabled,Enabled
1672421991.544087,0,GPU-a71d5fd4-b7db-93b7-1b7a-5a6e2a6a8c65,0.14,0.37119140625,10240.0,6439.0,472.12,NVIDIA GeForce RTX 3080,[N/A],Enabled,Enabled
1672421992.535738,0,GPU-a71d5fd4-b7db-93b7-1b7a-5a6e2a6a8c65,0.14,0.37119140625,10240.0,6439.0,472.12,NVIDIA GeForce RTX 3080,[N/A],Enabled,Enabled
1672421993.539544,0,GPU-a71d5fd4-b7db-93b7-1b7a-5a6e2a6a8c65,0.14,0.37119140625,10240.0,6439.0,472.12,NVIDIA GeForce RTX 3080,[N/A],Enabled,Enabled
1672421994.541649,0,GPU-a71d5fd4-b7db-93b7-1b7a-5a6e2a6a8c65,0.14,0.37119140625,10240.0,6439.0,472.12,NVIDIA GeForce RTX 3080,[N/A],Enabled,Enabled
1672421995.543396,0,GPU-a71d5fd4-b7db-93b7-1b7a-5a6e2a6a8c65,0.15,0.37119140625,10240.0,6439.0,472.12,NVIDIA GeForce RTX 3080,[N/A],Enabled,Enabled
1672421996.545716,0,GPU-a71d5fd4-b7db-93b7-1b7a-5a6e2a6a8c65,0.14,0.37119140625,10240.0,6439.0,472.12,NVIDIA GeForce RTX 3080,[N/A],Enabled,Enabled
1672421997.548518,0,GPU-a71d5fd4-b7db-93b7-1b7a-5a6e2a6a8c65,0.14,0.37119140625,10240.0,6439.0,472.12,NVIDIA GeForce RTX 3080,[N/A],Enabled,Enabled
1672421998.536875,0,GPU-a71d5fd4-b7db-93b7-1b7a-5a6e2a6a8c65,0.13,0.37119140625,10240.0,6439.0,472.12,NVIDIA GeForce RTX 3080,[N/A],Enabled,Enabled
1672421999.539927,0,GPU-a71d5fd4-b7db-93b7-1b7a-5a6e2a6a8c65,0.14,0.37119140625,10240.0,6439.0,472.12,NVIDIA GeForce RTX 3080,[N/A],Enabled,Enabled
1672422000.544827,0,GPU-a71d5fd4-b7db-93b7-1b7a-5a6e2a6a8c65,0.19,0.3203125,10240.0,6960.0,472.12,NVIDIA GeForce RTX 3080,[N/A],Enabled,Enabled
1672422001.536503,0,GPU-a71d5fd4-b7db-93b7-1b7a-5a6e2a6a8c65,0.18,0.3203125,10240.0,6960.0,472.12,NVIDIA GeForce RTX 3080,[N/A],Enabled,Enabled
1672422002.542857,0,GPU-a71d5fd4-b7db-93b7-1b7a-5a6e2a6a8c65,0.18,0.3203125,10240.0,6960.0,472.12,NVIDIA GeForce RTX 3080,[N/A],Enabled,Enabled
1672422003.546781,0,GPU-a71d5fd4-b7db-93b7-1b7a-5a6e2a6a8c65,0.18,0.3203125,10240.0,6960.0,472.12,NVIDIA GeForce RTX 3080,[N/A],Enabled,Enabled
1672422004.536905,0,GPU-a71d5fd4-b7db-93b7-1b7a-5a6e2a6a8c65,0.18,0.3203125,10240.0,6960.0,472.12,NVIDIA GeForce RTX 3080,[N/A],Enabled,Enabled
1672422005.544182,0,GPU-a71d5fd4-b7db-93b7-1b7a-5a6e2a6a8c65,0.19,0.3203125,10240.0,6960.0,472.12,NVIDIA GeForce RTX 3080,[N/A],Enabled,Enabled
1672422006.536545,0,GPU-a71d5fd4-b7db-93b7-1b7a-5a6e2a6a8c65,0.19,0.3203125,10240.0,6960.0,472.12,NVIDIA GeForce RTX 3080,[N/A],Enabled,Enabled
1672422007.541681,0,GPU-a71d5fd4-b7db-93b7-1b7a-5a6e2a6a8c65,0.19,0.3203125,10240.0,6960.0,472.12,NVIDIA GeForce RTX 3080,[N/A],Enabled,Enabled
1672422008.545184,0,GPU-a71d5fd4-b7db-93b7-1b7a-5a6e2a6a8c65,0.18,0.3203125,10240.0,6960.0,472.12,NVIDIA GeForce RTX 3080,[N/A],Enabled,Enabled
1672422009.546909,0,GPU-a71d5fd4-b7db-93b7-1b7a-5a6e2a6a8c65,0.19,0.3203125,10240.0,6960.0,472.12,NVIDIA GeForce RTX 3080,[N/A],Enabled,Enabled
1672422010.533686,0,GPU-a71d5fd4-b7db-93b7-1b7a-5a6e2a6a8c65,0.19,0.3203125,10240.0,6960.0,472.12,NVIDIA GeForce RTX 3080,[N/A],Enabled,Enabled
1672422011.536155,0,GPU-a71d5fd4-b7db-93b7-1b7a-5a6e2a6a8c65,0.19,0.3203125,10240.0,6960.0,472.12,NVIDIA GeForce RTX 3080,[N/A],Enabled,Enabled
1672422012.54189,0,GPU-a71d5fd4-b7db-93b7-1b7a-5a6e2a6a8c65,0.14,0.3794921875,10240.0,6354.0,472.12,NVIDIA GeForce RTX 3080,[N/A],Enabled,Enabled
1672422013.544134,0,GPU-a71d5fd4-b7db-93b7-1b7a-5a6e2a6a8c65,0.14,0.3794921875,10240.0,6354.0,472.12,NVIDIA GeForce RTX 3080,[N/A],Enabled,Enabled
1672422014.547622,0,GPU-a71d5fd4-b7db-93b7-1b7a-5a6e2a6a8c65,0.14,0.3794921875,10240.0,6354.0,472.12,NVIDIA GeForce RTX 3080,[N/A],Enabled,Enabled
1672422015.536483,0,GPU-a71d5fd4-b7db-93b7-1b7a-5a6e2a6a8c65,0.24,0.424609375,10240.0,5892.0,472.12,NVIDIA GeForce RTX 3080,[N/A],Enabled,Enabled
1672422016.540539,0,GPU-a71d5fd4-b7db-93b7-1b7a-5a6e2a6a8c65,0.25,0.425390625,10240.0,5884.0,472.12,NVIDIA GeForce RTX 3080,[N/A],Enabled,Enabled
1672422017.544008,0,GPU-a71d5fd4-b7db-93b7-1b7a-5a6e2a6a8c65,0.23,0.424609375,10240.0,5892.0,472.12,NVIDIA GeForce RTX 3080,[N/A],Enabled,Enabled
1672422018.535854,0,GPU-a71d5fd4-b7db-93b7-1b7a-5a6e2a6a8c65,0.19,0.336328125,10240.0,6796.0,472.12,NVIDIA GeForce RTX 3080,[N/A],Enabled,Enabled
1672422019.539515,0,GPU-a71d5fd4-b7db-93b7-1b7a-5a6e2a6a8c65,0.22,0.336328125,10240.0,6796.0,472.12,NVIDIA GeForce RTX 3080,[N/A],Enabled,Enabled
1672422020.540538,0,GPU-a71d5fd4-b7db-93b7-1b7a-5a6e2a6a8c65,0.33,0.28447265625,10240.0,7327.0,472.12,NVIDIA GeForce RTX 3080,[N/A],Enabled,Enabled
1672422021.541666,0,GPU-a71d5fd4-b7db-93b7-1b7a-5a6e2a6a8c65,0.35,0.280078125,10240.0,7372.0,472.12,NVIDIA GeForce RTX 3080,[N/A],Enabled,Enabled
1672422022.54422,0,GPU-a71d5fd4-b7db-93b7-1b7a-5a6e2a6a8c65,0.34,0.280078125,10240.0,7372.0,472.12,NVIDIA GeForce RTX 3080,[N/A],Enabled,Enabled
1672422023.547882,0,GPU-a71d5fd4-b7db-93b7-1b7a-5a6e2a6a8c65,0.32,0.280078125,10240.0,7372.0,472.12,NVIDIA GeForce RTX 3080,[N/A],Enabled,Enabled
1672422024.547753,0,GPU-a71d5fd4-b7db-93b7-1b7a-5a6e2a6a8c65,0.33,0.280078125,10240.0,7372.0,472.12,NVIDIA GeForce RTX 3080,[N/A],Enabled,Enabled
1672422025.53644,0,GPU-a71d5fd4-b7db-93b7-1b7a-5a6e2a6a8c65,0.34,0.280078125,10240.0,7372.0,472.12,NVIDIA GeForce RTX 3080,[N/A],Enabled,Enabled
1672422026.537849,0,GPU-a71d5fd4-b7db-93b7-1b7a-5a6e2a6a8c65,0.34,0.280078125,10240.0,7372.0,472.12,NVIDIA GeForce RTX 3080,[N/A],Enabled,Enabled
1672422027.5409,0,GPU-a71d5fd4-b7db-93b7-1b7a-5a6e2a6a8c65,0.35,0.280078125,10240.0,7372.0,472.12,NVIDIA GeForce RTX 3080,[N/A],Enabled,Enabled
1672422028.543022,0,GPU-a71d5fd4-b7db-93b7-1b7a-5a6e2a6a8c65,0.33,0.280078125,10240.0,7372.0,472.12,NVIDIA GeForce RTX 3080,[N/A],Enabled,Enabled
1672422029.545259,0,GPU-a71d5fd4-b7db-93b7-1b7a-5a6e2a6a8c65,0.34,0.280078125,10240.0,7372.0,472.12,NVIDIA GeForce RTX 3080,[N/A],Enabled,Enabled
1672422030.547538,0,GPU-a71d5fd4-b7db-93b7-1b7a-5a6e2a6a8c65,0.33,0.280078125,10240.0,7372.0,472.12,NVIDIA GeForce RTX 3080,[N/A],Enabled,Enabled
1672422031.535731,0,GPU-a71d5fd4-b7db-93b7-1b7a-5a6e2a6a8c65,0.33,0.280078125,10240.0,7372.0,472.12,NVIDIA GeForce RTX 3080,[N/A],Enabled,Enabled
1672422032.538767,0,GPU-a71d5fd4-b7db-93b7-1b7a-5a6e2a6a8c65,0.34,0.280078125,10240.0,7372.0,472.12,NVIDIA GeForce RTX 3080,[N/A],Enabled,Enabled
1672422033.543576,0,GPU-a71d5fd4-b7db-93b7-1b7a-5a6e2a6a8c65,0.35,0.280078125,10240.0,7372.0,472.12,NVIDIA GeForce RTX 3080,[N/A],Enabled,Enabled
1672422034.545135,0,GPU-a71d5fd4-b7db-93b7-1b7a-5a6e2a6a8c65,0.33,0.280078125,10240.0,7372.0,472.12,NVIDIA GeForce RTX 3080,[N/A],Enabled,Enabled
1672422035.546544,0,GPU-a71d5fd4-b7db-93b7-1b7a-5a6e2a6a8c65,0.34,0.280078125,10240.0,7372.0,472.12,NVIDIA GeForce RTX 3080,[N/A],Enabled,Enabled
1672422036.546606,0,GPU-a71d5fd4-b7db-93b7-1b7a-5a6e2a6a8c65,0.33,0.280078125,10240.0,7372.0,472.12,NVIDIA GeForce RTX 3080,[N/A],Enabled,Enabled
1672422037.54564,0,GPU-a71d5fd4-b7db-93b7-1b7a-5a6e2a6a8c65,0.34,0.280078125,10240.0,7372.0,472.12,NVIDIA GeForce RTX 3080,[N/A],Enabled,Enabled
1672422038.54377,0,GPU-a71d5fd4-b7db-93b7-1b7a-5a6e2a6a8c65,0.33,0.280078125,10240.0,7372.0,472.12,NVIDIA GeForce RTX 3080,[N/A],Enabled,Enabled
1672422039.545754,0,GPU-a71d5fd4-b7db-93b7-1b7a-5a6e2a6a8c65,0.35,0.280078125,10240.0,7372.0,472.12,NVIDIA GeForce RTX 3080,[N/A],Enabled,Enabled
1672422040.546618,0,GPU-a71d5fd4-b7db-93b7-1b7a-5a6e2a6a8c65,0.34,0.280078125,10240.0,7372.0,472.12,NVIDIA GeForce RTX 3080,[N/A],Enabled,Enabled
1672422041.533004,0,GPU-a71d5fd4-b7db-93b7-1b7a-5a6e2a6a8c65,0.34,0.280078125,10240.0,7372.0,472.12,NVIDIA GeForce RTX 3080,[N/A],Enabled,Enabled
1672422042.534927,0,GPU-a71d5fd4-b7db-93b7-1b7a-5a6e2a6a8c65,0.34,0.280078125,10240.0,7372.0,472.12,NVIDIA GeForce RTX 3080,[N/A],Enabled,Enabled
1672422043.538535,0,GPU-a71d5fd4-b7db-93b7-1b7a-5a6e2a6a8c65,0.35,0.280078125,10240.0,7372.0,472.12,NVIDIA GeForce RTX 3080,[N/A],Enabled,Enabled
1672422044.538004,0,GPU-a71d5fd4-b7db-93b7-1b7a-5a6e2a6a8c65,0.34,0.280078125,10240.0,7372.0,472.12,NVIDIA GeForce RTX 3080,[N/A],Enabled,Enabled
1672422045.536355,0,GPU-a71d5fd4-b7db-93b7-1b7a-5a6e2a6a8c65,0.33,0.280078125,10240.0,7372.0,472.12,NVIDIA GeForce RTX 3080,[N/A],Enabled,Enabled
