9.52 4.42 3.58 5/2612 12243
9.52 4.42 3.58 7/2612 12265
9.72 4.55 3.62 12/2608 12285
9.72 4.55 3.62 4/2614 12314
9.72 4.55 3.62 2/2614 12339
9.72 4.55 3.62 3/2614 12363
9.72 4.55 3.62 5/2614 12382
11.10 4.92 3.75 8/2613 12404
11.10 4.92 3.75 8/2613 12423
11.10 4.92 3.75 2/2613 12443
11.10 4.92 3.75 14/2614 12466
11.10 4.92 3.75 3/2613 12485
11.02 5.00 3.78 2/2613 12504
11.02 5.00 3.78 4/2613 12529
11.02 5.00 3.78 2/2613 12552
11.02 5.00 3.78 1/2613 12572
11.02 5.00 3.78 4/2611 12593
10.61 5.02 3.79 6/2611 12612
10.61 5.02 3.79 3/2612 12632
10.61 5.02 3.79 1/2612 12653
10.61 5.02 3.79 3/2613 12673
10.61 5.02 3.79 3/2613 12694
10.56 5.10 3.83 9/2613 12715
10.56 5.10 3.83 2/2613 12742
10.56 5.10 3.83 3/2613 12762
10.56 5.10 3.83 4/2613 12785
10.56 5.10 3.83 4/2613 12804
10.68 5.22 3.87 4/2614 12824
10.68 5.22 3.87 3/2615 12851
10.68 5.22 3.87 5/2615 12870
10.68 5.22 3.87 1/2615 12889
10.68 5.22 3.87 7/2615 12910
10.30 5.23 3.88 2/2615 12929
10.30 5.23 3.88 7/2615 12948
10.30 5.23 3.88 6/2615 12969
10.30 5.23 3.88 2/2615 12988
10.30 5.23 3.88 4/2615 13009
10.20 5.29 3.91 3/2615 13030
10.20 5.29 3.91 3/2615 13049
10.20 5.29 3.91 2/2615 13068
10.20 5.29 3.91 3/2615 13089
10.20 5.29 3.91 4/2615 13108
10.02 5.34 3.93 1/2615 13127
10.02 5.34 3.93 3/2615 13148
10.02 5.34 3.93 3/2615 13167
10.02 5.34 3.93 6/2615 13186
10.02 5.34 3.93 4/2615 13208
9.86 5.38 3.95 5/2615 13227
9.86 5.38 3.95 7/2615 13246
9.86 5.38 3.95 2/2615 13267
9.86 5.38 3.95 5/2615 13288
9.86 5.38 3.95 2/2615 13307
9.55 5.39 3.96 3/2615 13328
9.55 5.39 3.96 5/2615 13347
9.55 5.39 3.96 4/2615 13366
9.55 5.39 3.96 2/2615 13387
9.55 5.39 3.96 6/2612 13406
9.43 5.44 3.99 3/2612 13426
9.43 5.44 3.99 3/2612 13447
9.43 5.44 3.99 2/2612 13466
9.43 5.44 3.99 2/2612 13485
9.43 5.44 3.99 3/2612 13506
9.55 5.53 4.02 3/2612 13525
9.55 5.53 4.02 4/2606 13544
9.55 5.53 4.02 7/2606 13565
9.55 5.53 4.02 6/2606 13584
9.55 5.53 4.02 6/2606 13603
9.43 5.57 4.05 6/2605 13625
9.43 5.57 4.05 2/2604 13644
9.43 5.57 4.05 2/2604 13663
9.43 5.57 4.05 2/2604 13684
9.43 5.57 4.05 4/2604 13703
9.95 5.75 4.11 2/2604 13722
9.95 5.75 4.11 4/2604 13743
9.95 5.75 4.11 4/2604 13762
9.95 5.75 4.11 2/2604 13781
9.95 5.75 4.11 2/2604 13802
9.88 5.80 4.14 4/2604 13821
9.88 5.80 4.14 4/2604 13841
9.88 5.80 4.14 3/2604 13862
9.88 5.80 4.14 3/2604 13881
9.88 5.80 4.14 1/2604 13900
9.73 5.84 4.16 3/2604 13921
9.73 5.84 4.16 3/2604 13940
9.73 5.84 4.16 2/2604 13959
9.73 5.84 4.16 3/2604 13980
9.73 5.84 4.16 5/2604 13999
9.43 5.84 4.17 3/2604 14018
9.43 5.84 4.17 9/2604 14040
9.43 5.84 4.17 2/2604 14059
9.43 5.84 4.17 4/2604 14078
9.43 5.84 4.17 5/2604 14099
9.31 5.87 4.19 2/2604 14118
9.31 5.87 4.19 3/2604 14137
9.31 5.87 4.19 4/2604 14158
9.31 5.87 4.19 5/2604 14177
9.31 5.87 4.19 4/2604 14196
9.37 5.94 4.22 5/2604 14217
9.37 5.94 4.22 4/2604 14237
9.37 5.94 4.22 3/2604 14256
9.37 5.94 4.22 4/2604 14277
9.37 5.94 4.22 3/2604 14296
9.26 5.98 4.24 3/2604 14315
9.26 5.98 4.24 2/2604 14336
9.26 5.98 4.24 3/2604 14355
9.26 5.98 4.24 8/2604 14374
9.26 5.98 4.24 1/2604 14395
9.16 6.01 4.26 3/2604 14414
9.16 6.01 4.26 2/2604 14433
9.16 6.01 4.26 7/2604 14456
9.16 6.01 4.26 3/2604 14475
9.16 6.01 4.26 1/2604 14494
9.23 6.08 4.29 2/2604 14515
9.23 6.08 4.29 5/2604 14534
9.23 6.08 4.29 7/2604 14553
9.23 6.08 4.29 2/2604 14574
9.23 6.08 4.29 4/2604 14593
9.13 6.11 4.31 6/2604 14612
9.13 6.11 4.31 7/2604 14633
9.13 6.11 4.31 2/2604 14653
9.13 6.11 4.31 3/2604 14672
9.13 6.11 4.31 2/2604 14693
9.20 6.18 4.34 3/2604 14712
9.20 6.18 4.34 4/2604 14731
9.20 6.18 4.34 1/2604 14752
9.20 6.18 4.34 3/2604 14771
9.20 6.18 4.34 6/2604 14790
9.34 6.26 4.38 5/2604 14811
9.34 6.26 4.38 3/2604 14830
9.34 6.26 4.38 1/2603 14849
9.34 6.26 4.38 4/2603 14871
9.34 6.26 4.38 2/2603 14890
9.56 6.35 4.42 3/2603 14909
9.56 6.35 4.42 1/2603 14930
9.56 6.35 4.42 4/2603 14949
9.56 6.35 4.42 3/2603 14968
9.56 6.35 4.42 5/2603 14991
9.43 6.38 4.44 3/2603 15010
9.43 6.38 4.44 6/2603 15029
9.43 6.38 4.44 8/2603 15050
9.43 6.38 4.44 3/2603 15070
9.43 6.38 4.44 3/2603 15089
9.24 6.39 4.45 1/2603 15110
9.24 6.39 4.45 5/2603 15129
9.24 6.39 4.45 6/2603 15148
9.24 6.39 4.45 3/2603 15171
9.24 6.39 4.45 1/2603 15200
9.30 6.45 4.48 1/2603 15219
9.30 6.45 4.48 2/2603 15240
9.30 6.45 4.48 4/2603 15259
9.30 6.45 4.48 4/2603 15278
9.30 6.45 4.48 1/2603 15300
9.27 6.49 4.51 3/2603 15319
9.27 6.49 4.51 2/2603 15338
9.27 6.49 4.51 6/2604 15360
9.27 6.49 4.51 3/2604 15381
9.27 6.49 4.51 4/2604 15402
9.09 6.50 4.52 8/2604 15423
9.09 6.50 4.52 3/2604 15442
9.09 6.50 4.52 3/2604 15462
9.09 6.50 4.52 5/2604 15483
9.09 6.50 4.52 5/2604 15503
9.00 6.53 4.54 5/2604 15522
9.00 6.53 4.54 6/2604 15543
9.00 6.53 4.54 5/2604 15563
9.00 6.53 4.54 2/2604 15582
9.00 6.53 4.54 5/2604 15606
9.08 6.58 4.57 7/2604 15630
9.08 6.58 4.57 9/2604 15649
9.08 6.58 4.57 9/2604 15670
9.08 6.58 4.57 6/2604 15689
9.08 6.58 4.57 1/2604 15708
8.92 6.59 4.58 2/2604 15730
8.92 6.59 4.58 3/2604 15749
8.92 6.59 4.58 2/2604 15768
8.92 6.59 4.58 3/2604 15790
8.92 6.59 4.58 1/2604 15809
8.84 6.62 4.60 1/2604 15829
8.84 6.62 4.60 2/2604 15853
8.84 6.62 4.60 9/2604 15873
8.84 6.62 4.60 4/2604 15892
8.84 6.62 4.60 6/2604 15913
8.61 6.60 4.61 3/2604 15934
8.61 6.60 4.61 4/2604 15953
8.61 6.60 4.61 6/2604 15974
8.61 6.60 4.61 2/2604 15993
8.61 6.60 4.61 1/2604 16012
8.97 6.71 4.66 8/2604 16033
8.97 6.71 4.66 2/2604 16053
8.97 6.71 4.66 3/2604 16072
8.97 6.71 4.66 1/2604 16094
8.97 6.71 4.66 5/2592 16113
8.97 6.75 4.68 1/2592 16132
8.97 6.75 4.68 5/2592 16154
8.97 6.75 4.68 5/2590 16173
8.97 6.75 4.68 5/2589 16192
8.97 6.75 4.68 3/2589 16213
8.89 6.77 4.70 3/2589 16232
8.89 6.77 4.70 4/2589 16251
8.89 6.77 4.70 1/2589 16275
8.89 6.77 4.70 5/2589 16294
8.89 6.77 4.70 2/2589 16313
8.66 6.76 4.70 4/2589 16339
8.66 6.76 4.70 1/2589 16359
8.66 6.76 4.70 2/2589 16378
8.66 6.76 4.70 13/2589 16399
8.66 6.76 4.70 2/2589 16418
9.09 6.88 4.76 4/2589 16437
9.09 6.88 4.76 3/2589 16458
9.09 6.88 4.76 8/2589 16477
9.09 6.88 4.76 12/2589 16496
9.09 6.88 4.76 1/2589 16517
8.84 6.86 4.76 3/2589 16537
8.84 6.86 4.76 4/2589 16557
8.84 6.86 4.76 4/2589 16579
8.84 6.86 4.76 2/2589 16598
8.84 6.86 4.76 4/2589 16617
8.69 6.87 4.77 9/2589 16638
8.69 6.87 4.77 4/2589 16658
8.69 6.87 4.77 5/2590 16678
8.69 6.87 4.77 3/2591 16700
8.69 6.87 4.77 11/2591 16723
9.04 6.97 4.82 2/2591 16743
9.04 6.97 4.82 4/2591 16764
9.04 6.97 4.82 1/2591 16785
9.04 6.97 4.82 1/2591 16804
9.04 6.97 4.82 3/2592 16827
8.95 6.99 4.84 3/2592 16849
8.95 6.99 4.84 5/2592 16868
8.95 6.99 4.84 9/2592 16889
8.95 6.99 4.84 1/2592 16908
8.95 6.99 4.84 1/2592 16927
8.72 6.97 4.84 3/2592 16948
8.72 6.97 4.84 10/2592 16967
8.72 6.97 4.84 4/2592 16986
8.72 6.97 4.84 4/2592 17008
8.72 6.97 4.84 1/2592 17027
9.22 7.10 4.90 2/2592 17046
9.22 7.10 4.90 9/2592 17070
9.22 7.10 4.90 5/2592 17089
9.22 7.10 4.90 2/2592 17108
9.22 7.10 4.90 6/2592 17129
9.28 7.15 4.92 3/2592 17148
9.28 7.15 4.92 3/2592 17167
9.28 7.15 4.92 3/2592 17188
9.28 7.15 4.92 2/2592 17208
9.28 7.15 4.92 2/2592 17230
9.26 7.18 4.95 3/2592 17251
9.26 7.18 4.95 1/2592 17281
9.26 7.18 4.95 3/2592 17305
9.26 7.18 4.95 4/2591 17327
9.26 7.18 4.95 2/2591 17346
9.08 7.18 4.96 4/2591 17365
9.08 7.18 4.96 2/2584 17386
9.08 7.18 4.96 2/2581 17406
9.08 7.18 4.96 6/2581 17427
9.08 7.18 4.96 2/2581 17449
8.91 7.17 4.97 4/2581 17469
8.91 7.17 4.97 5/2581 17488
8.91 7.17 4.97 7/2581 17509
8.91 7.17 4.97 8/2581 17528
8.91 7.17 4.97 2/2581 17547
8.84 7.19 4.99 3/2581 17568
8.84 7.19 4.99 2/2581 17587
8.84 7.19 4.99 2/2580 17606
8.84 7.19 4.99 3/2580 17627
8.84 7.19 4.99 1/2580 17647
8.69 7.19 5.00 8/2580 17666
8.69 7.19 5.00 2/2580 17687
8.69 7.19 5.00 4/2580 17706
8.69 7.19 5.00 1/2580 17725
8.69 7.19 5.00 1/2580 17750
8.88 7.25 5.03 5/2580 17769
8.88 7.25 5.03 3/2580 17793
8.88 7.25 5.03 2/2580 17814
8.88 7.25 5.03 6/2580 17833
8.88 7.25 5.03 1/2580 17853
8.89 7.28 5.05 1/2578 17874
8.89 7.28 5.05 4/2578 17893
8.89 7.28 5.05 3/2578 17913
8.89 7.28 5.05 3/2578 17936
8.89 7.28 5.05 3/2578 17955
8.98 7.32 5.08 3/2578 17974
8.98 7.32 5.08 4/2578 17995
8.98 7.32 5.08 5/2578 18014
8.98 7.32 5.08 6/2578 18033
8.98 7.32 5.08 1/2578 18054
9.22 7.40 5.12 4/2578 18074
9.22 7.40 5.12 5/2578 18094
9.22 7.40 5.12 3/2578 18116
9.22 7.40 5.12 2/2578 18135
9.22 7.40 5.12 4/2578 18154
9.52 7.49 5.16 5/2578 18175
9.52 7.49 5.16 2/2578 18195
9.52 7.49 5.16 1/2578 18223
9.52 7.49 5.16 8/2578 18244
9.52 7.49 5.16 3/2578 18263
9.32 7.49 5.17 2/2578 18283
9.32 7.49 5.17 1/2577 18305
9.32 7.49 5.17 2/2577 18324
9.32 7.49 5.17 4/2577 18343
9.32 7.49 5.17 1/2577 18364
8.97 7.44 5.17 2/2577 18383
8.97 7.44 5.17 1/2577 18402
8.97 7.44 5.17 2/2577 18423
8.97 7.44 5.17 2/2577 18442
8.97 7.44 5.17 2/2577 18461
9.22 7.52 5.20 10/2577 18482
9.22 7.52 5.20 2/2577 18502
9.22 7.52 5.20 2/2577 18521
9.22 7.52 5.20 1/2577 18542
9.22 7.52 5.20 5/2577 18561
9.36 7.58 5.24 3/2577 18580
9.36 7.58 5.24 3/2577 18601
9.36 7.58 5.24 2/2577 18620
9.36 7.58 5.24 4/2577 18639
9.36 7.58 5.24 4/2577 18662
9.09 7.55 5.24 3/2577 18681
9.09 7.55 5.24 3/2577 18701
9.09 7.55 5.24 2/2578 18723
9.09 7.55 5.24 3/2577 18744
9.09 7.55 5.24 3/2577 18763
9.00 7.56 5.26 2/2577 18784
9.00 7.56 5.26 8/2577 18803
9.00 7.56 5.26 1/2577 18822
9.00 7.56 5.26 3/2577 18843
9.00 7.56 5.26 2/2577 18862
9.24 7.63 5.29 2/2577 18881
9.24 7.63 5.29 3/2577 18902
9.24 7.63 5.29 7/2577 18922
9.24 7.63 5.29 3/2577 18941
9.24 7.63 5.29 3/2577 18962
9.62 7.74 5.34 4/2577 18981
9.62 7.74 5.34 3/2577 19000
9.62 7.74 5.34 8/2577 19024
9.62 7.74 5.34 1/2577 19043
9.62 7.74 5.34 4/2577 19062
9.57 7.76 5.36 3/2577 19083
9.57 7.76 5.36 5/2577 19107
9.57 7.76 5.36 7/2577 19127
9.57 7.76 5.36 1/2577 19149
9.57 7.76 5.36 6/2577 19168
9.77 7.83 5.39 3/2577 19187
9.77 7.83 5.39 3/2577 19208
9.77 7.83 5.39 2/2577 19229
9.77 7.83 5.39 5/2577 19250
9.77 7.83 5.39 4/2577 19271
9.55 7.82 5.40 3/2577 19290
9.55 7.82 5.40 3/2577 19309
9.55 7.82 5.40 2/2577 19334
9.55 7.82 5.40 2/2577 19354
9.55 7.82 5.40 11/2577 19373
9.55 7.82 5.40 7/2577 19396
9.98 7.94 5.46 4/2577 19416
9.98 7.94 5.46 2/2577 19435
9.98 7.94 5.46 2/2577 19456
9.98 7.94 5.46 4/2577 19475
9.98 7.94 5.46 3/2577 19494
10.06 7.99 5.49 7/2577 19515
10.06 7.99 5.49 7/2583 19541
10.06 7.99 5.49 1/2583 19562
10.06 7.99 5.49 4/2583 19583
10.06 7.99 5.49 2/2582 19602
10.22 8.06 5.52 2/2581 19622
10.22 8.06 5.52 9/2581 19643
10.22 8.06 5.52 2/2581 19663
10.22 8.06 5.52 2/2581 19682
10.22 8.06 5.52 1/2581 19703
9.96 8.04 5.53 8/2581 19722
9.96 8.04 5.53 5/2581 19741
9.96 8.04 5.53 4/2608 19794
9.96 8.04 5.53 2/2615 19827
9.96 8.04 5.53 2/2615 19846
9.80 8.04 5.54 6/2616 19868
9.80 8.04 5.54 3/2617 19888
9.80 8.04 5.54 2/2617 19907
9.80 8.04 5.54 4/2617 19928
9.80 8.04 5.54 5/2617 19947
9.50 8.00 5.55 2/2617 19966
9.50 8.00 5.55 4/2619 19989
9.50 8.00 5.55 7/2628 20030
9.50 8.00 5.55 4/2632 20054
9.50 8.00 5.55 4/2632 20075
9.46 8.02 5.56 5/2632 20094
9.46 8.02 5.56 4/2632 20117
9.46 8.02 5.56 2/2635 20141
9.46 8.02 5.56 6/2635 20161
9.46 8.02 5.56 4/2634 20180
9.58 8.07 5.59 3/2634 20202
9.58 8.07 5.59 3/2634 20223
9.58 8.07 5.59 6/2642 20281
9.58 8.07 5.59 5/2642 20305
9.58 8.07 5.59 2/2642 20331
9.70 8.12 5.62 4/2642 20354
9.70 8.12 5.62 3/2642 20379
9.70 8.12 5.62 4/2644 20404
9.70 8.12 5.62 22/2633 20425
9.70 8.12 5.62 8/2627 20491
11.64 8.55 5.78 8/2614 20543
11.64 8.55 5.78 2/2575 20562
11.64 8.55 5.78 2/2575 20584
11.64 8.55 5.78 7/2575 20603
11.64 8.55 5.78 1/2575 20625
11.59 8.59 5.80 16/2575 20646
11.59 8.59 5.80 8/2568 20665
11.59 8.59 5.80 5/2568 20685
11.59 8.59 5.80 2/2568 20706
11.59 8.59 5.80 8/2581 20741
11.54 8.63 5.83 5/2581 20766
11.54 8.63 5.83 5/2584 20789
11.54 8.63 5.83 2/2575 20808
11.54 8.63 5.83 4/2581 20834
11.54 8.63 5.83 4/2585 20864
11.74 8.72 5.88 3/2585 20884
11.74 8.72 5.88 1/2585 20903
11.74 8.72 5.88 5/2585 20922
11.74 8.72 5.88 5/2585 20941
11.74 8.72 5.88 1/2585 20960
11.20 8.66 5.87 2/2585 20979
11.20 8.66 5.87 1/2581 20998
11.20 8.66 5.87 3/2581 21017
11.20 8.66 5.87 3/2581 21036
11.20 8.66 5.87 1/2581 21057
