69996.68 295372.69
69997.65 295377.09
69998.67 295382.19
69999.67 295387.18
70000.65 295391.97
70001.65 295397.07
70002.67 295402.25
70003.65 295406.09
70004.65 295411.14
70005.65 295416.38
70006.64 295421.92
70007.66 295427.96
70008.67 295433.53
70009.67 295438.42
70010.67 295443.36
70011.67 295448.53
70012.67 295453.74
70013.66 295458.82
70014.66 295464.33
70015.66 295469.92
70016.66 295475.49
70017.66 295481.07
70018.66 295486.78
70019.66 295492.55
70020.67 295498.29
70021.67 295503.73
70022.66 295509.30
70023.67 295515.03
70024.66 295520.61
70025.66 295526.18
70026.67 295531.73
70027.67 295537.25
70028.65 295542.74
70029.66 295548.35
70030.66 295553.80
70031.66 295559.42
70032.66 295565.12
70033.65 295570.55
70034.67 295576.24
70035.65 295581.76
70036.65 295587.55
70037.66 295593.25
70038.66 295598.74
70039.66 295603.91
70040.65 295608.58
70041.65 295614.55
70042.65 295619.34
70043.65 295623.69
70044.66 295628.25
70045.66 295633.89
70046.64 295639.83
70047.65 295645.78
70048.65 295651.77
70049.67 295657.44
70050.66 295662.29
70051.66 295667.69
70052.66 295673.00
70053.65 295678.62
70054.65 295684.03
70055.66 295689.79
70056.66 295695.10
70057.67 295700.14
70058.66 295705.99
70059.66 295711.76
70060.66 295717.60
70061.66 295723.35
70062.67 295728.96
70063.67 295734.59
70064.65 295740.06
70065.65 295745.81
70066.66 295751.43
70067.66 295757.11
70068.66 295762.61
70069.66 295768.34
70070.67 295774.41
70071.66 295780.19
70072.66 295786.21
70073.67 295792.18
70074.67 295798.01
70075.66 295804.03
70076.65 295809.89
70077.65 295815.77
70078.65 295821.68
70079.66 295827.53
70080.67 295833.49
70081.67 295839.37
70082.67 295845.32
70083.65 295851.24
70084.66 295856.57
70085.67 295862.25
70086.66 295868.07
70087.66 295873.92
70088.66 295879.92
70089.66 295885.74
70090.65 295891.31
70091.66 295897.31
70092.67 295903.21
70093.66 295909.24
70094.65 295915.10
70095.66 295921.11
70096.66 295926.98
70097.66 295932.97
70098.66 295938.88
70099.66 295944.79
70100.67 295950.70
70101.67 295956.69
70102.66 295962.61
70103.66 295968.50
70104.66 295974.38
70105.66 295980.35
70106.66 295986.31
70107.66 295992.14
70108.65 295997.89
70109.67 296003.85
70110.67 296009.63
70111.66 296015.30
70112.66 296021.01
70113.66 296026.77
70114.66 296032.05
70115.66 296037.52
70116.66 296043.38
70117.67 296048.60
70118.65 296053.96
70119.66 296059.89
70120.66 296065.25
70121.67 296070.93
70122.66 296076.70
70123.65 296082.46
70124.67 296088.39
70125.65 296093.85
70126.66 296099.39
70127.66 296105.19
70128.66 296111.00
70129.66 296116.37
70130.66 296122.29
70131.66 296128.21
70132.66 296133.99
70133.66 296139.71
70134.66 296145.67
70135.67 296151.52
70136.67 296157.38
70137.66 296163.16
70138.66 296168.98
70139.66 296174.89
70140.66 296180.72
70141.66 296186.58
70142.65 296192.41
70143.67 296198.33
70144.65 296203.99
70145.67 296209.75
70146.67 296215.52
70147.66 296221.25
70148.66 296226.99
70149.66 296232.68
70150.66 296238.39
70151.65 296244.08
70152.66 296249.91
70153.66 296255.64
70154.66 296261.51
70155.66 296267.36
70156.66 296272.87
70157.67 296278.54
70158.67 296284.07
70159.66 296289.21
70160.67 296294.72
70161.66 296300.16
70162.66 296305.88
70163.66 296311.68
70164.66 296317.42
70165.66 296323.22
70166.67 296328.81
70167.67 296334.41
70168.65 296340.07
70169.67 296345.92
70170.66 296351.64
70171.66 296357.37
70172.66 296362.83
70173.66 296368.46
70174.66 296374.05
70175.67 296379.86
70176.66 296385.45
70177.67 296391.21
70178.67 296396.94
70179.67 296402.58
70180.67 296407.75
70181.66 296413.33
70182.66 296418.79
70183.66 296424.48
70184.66 296430.06
70185.67 296435.24
70186.67 296440.32
70187.66 296445.35
70188.66 296450.61
70189.67 296455.90
70190.66 296461.05
70191.66 296466.31
70192.66 296471.67
70193.65 296477.16
70194.67 296482.86
70195.67 296488.48
70196.66 296494.00
70197.66 296499.72
70198.66 296505.39
70199.67 296511.05
70200.67 296516.80
70201.67 296522.50
70202.66 296528.21
70203.66 296533.87
70204.66 296539.53
70205.66 296545.35
70206.67 296551.31
70207.66 296557.20
70208.66 296563.14
70209.66 296569.03
70210.66 296574.38
70211.67 296580.01
70212.66 296585.81
70213.67 296591.27
70214.67 296596.73
70215.67 296602.59
70216.67 296608.40
70217.66 296611.99
70218.66 296616.94
70219.66 296622.49
70220.65 296625.97
70221.65 296630.15
70222.65 296636.10
70223.65 296642.09
70224.65 296648.22
70225.67 296654.31
70226.65 296659.93
70227.66 296665.66
70228.66 296671.56
70229.67 296677.55
70230.67 296683.50
70231.67 296689.46
70232.66 296695.33
70233.66 296701.31
70234.66 296706.66
70235.67 296712.54
70236.67 296718.59
70237.67 296724.66
70238.66 296730.53
70239.67 296735.91
70240.66 296740.99
70241.65 296746.70
70242.65 296752.62
70243.65 296758.59
70244.66 296764.37
70245.66 296769.74
70246.66 296775.55
70247.66 296781.79
70248.66 296787.71
70249.65 296793.25
70250.66 296799.58
70251.65 296805.76
70252.65 296811.80
70253.64 296817.89
70254.66 296823.84
70255.66 296829.25
70256.66 296833.83
70257.66 296839.53
70258.66 296845.87
70259.64 296849.70
70260.66 296854.41
70261.64 296859.53
70262.65 296865.72
70263.65 296871.89
70264.66 296877.37
70265.66 296883.03
70266.66 296888.14
70267.66 296892.99
70268.67 296898.92
70269.67 296904.61
70270.67 296910.39
70271.67 296916.32
70272.67 296922.07
70273.67 296927.67
70274.66 296932.96
70275.67 296938.77
70276.65 296944.45
70277.67 296950.20
70278.67 296955.90
70279.67 296961.77
70280.66 296967.60
70281.66 296973.10
70282.66 296978.90
70283.67 296984.72
70284.66 296990.40
70285.66 296996.26
70286.67 297001.93
70287.66 297007.43
70288.66 297013.15
70289.67 297019.09
70290.66 297024.65
70291.66 297030.35
70292.66 297036.14
70293.66 297041.97
70294.66 297047.49
70295.67 297052.57
70296.66 297058.11
70297.66 297063.41
70298.66 297068.87
70299.66 297074.64
70300.65 297080.12
70301.66 297085.85
70302.67 297091.68
70303.67 297097.26
70304.66 297102.71
70305.67 297108.19
70306.67 297114.00
70307.66 297119.59
70308.66 297125.34
70309.66 297130.86
70310.67 297136.48
70311.67 297142.09
70312.66 297147.55
70313.66 297153.08
70314.66 297158.90
70315.67 297164.14
70316.67 297169.36
70317.67 297175.00
70318.67 297180.51
70319.65 297186.04
70320.66 297191.74
70321.66 297197.31
70322.66 297203.19
70323.66 297208.94
70324.66 297214.68
70325.67 297220.41
70326.67 297225.89
70327.67 297231.57
70328.67 297237.22
70329.67 297242.72
70330.67 297248.16
70331.67 297253.70
70332.67 297259.11
70333.66 297264.47
70334.67 297270.11
70335.67 297275.51
70336.67 297281.25
70337.66 297286.77
70338.67 297292.21
70339.66 297297.76
70340.66 297303.35
70341.66 297308.87
70342.67 297314.44
70343.67 297319.91
70344.67 297325.50
70345.67 297330.50
70346.67 297336.01
70347.67 297341.75
70348.67 297347.02
70349.67 297352.71
70350.67 297358.15
70351.67 297363.93
70352.67 297369.59
70353.66 297375.45
70354.67 297381.24
70355.67 297386.87
70356.67 297392.81
70357.67 297398.63
70358.67 297404.38
70359.67 297410.24
70360.66 297416.00
70361.67 297421.66
70362.66 297427.22
70363.66 297432.85
70364.66 297438.56
70365.66 297444.24
70366.67 297449.92
70367.67 297455.61
70368.66 297461.12
70369.66 297467.01
70370.67 297472.93
70371.67 297478.58
70372.67 297484.10
70373.66 297489.38
70374.67 297494.95
70375.67 297500.40
70376.66 297505.57
70377.67 297510.79
70378.67 297515.50
70379.67 297520.75
70380.67 297526.28
70381.67 297531.70
70382.67 297537.48
70383.67 297543.32
70384.67 297548.99
70385.67 297554.91
70386.67 297560.65
70387.67 297566.64
70388.67 297572.50
70389.67 297578.32
70390.66 297583.84
70391.66 297589.61
70392.67 297595.26
70393.67 297601.02
70394.67 297606.75
70395.67 297612.50
70396.67 297618.44
70397.67 297624.26
70398.66 297629.90
70399.67 297635.62
70400.67 297641.48
70401.66 297647.38
70402.67 297653.28
70403.67 297659.06
70404.66 297664.81
70405.66 297670.74
70406.66 297676.40
70407.67 297682.16
70408.67 297687.32
70409.67 297692.95
70410.67 297698.75
70411.67 297704.25
70412.66 297709.95
70413.67 297715.82
70414.67 297721.79
70415.67 297727.43
70416.67 297733.12
70417.66 297738.85
70418.67 297744.55
70419.67 297750.29
70420.67 297756.29
70421.67 297762.21
70422.67 297768.02
70423.67 297773.99
70424.67 297780.01
70425.66 297785.77
70426.67 297791.70
70427.66 297797.61
70428.67 297803.53
70429.67 297809.13
70430.66 297814.83
70431.67 297820.54
70432.67 297826.44
70433.66 297831.61
70434.66 297836.09
70435.65 297841.04
70436.66 297844.46
70437.66 297849.40
70438.66 297855.11
70439.66 297860.80
70440.66 297866.22
70441.67 297871.65
70442.67 297876.73
70443.68 297882.47
70444.67 297888.04
70445.67 297893.83
70446.67 297899.65
70447.68 297905.68
70448.67 297911.67
70449.67 297917.49
70450.67 297923.31
70451.67 297929.36
70452.67 297935.19
70453.68 297941.09
70454.66 297947.02
70455.67 297952.28
70456.67 297959.04
70457.66 297966.04
70458.67 297973.40
70459.67 297980.80
70460.67 297987.83
70461.66 297995.61
70462.66 298003.25
70463.67 298010.99
70464.67 298018.46
70465.66 298026.34
70466.66 298033.80
