10.40 8.55 4.30 17/2297 5210
10.40 8.55 4.30 7/2301 5239
10.40 8.55 4.30 1/2301 5258
10.40 8.55 4.30 1/2301 5277
10.37 8.57 4.33 2/2301 5296
10.37 8.57 4.33 7/2300 5315
10.37 8.57 4.33 6/2297 5334
10.37 8.57 4.33 7/2297 5354
10.37 8.57 4.33 9/2297 5373
10.18 8.56 4.35 4/2297 5392
10.18 8.56 4.35 4/2297 5411
10.18 8.56 4.35 5/2297 5430
10.18 8.56 4.35 3/2295 5449
10.18 8.56 4.35 4/2295 5468
9.93 8.54 4.36 4/2295 5487
9.93 8.54 4.36 6/2295 5509
9.93 8.54 4.36 2/2295 5528
9.93 8.54 4.36 1/2294 5548
9.93 8.54 4.36 5/2295 5569
10.01 8.58 4.40 2/2294 5588
10.01 8.58 4.40 10/2294 5607
10.01 8.58 4.40 7/2294 5626
10.01 8.58 4.40 3/2294 5645
10.01 8.58 4.40 11/2294 5664
9.85 8.57 4.42 6/2294 5683
9.85 8.57 4.42 2/2292 5702
9.85 8.57 4.42 3/2293 5722
9.85 8.57 4.42 1/2292 5742
9.85 8.57 4.42 2/2292 5762
9.70 8.56 4.44 6/2293 5782
9.70 8.56 4.44 2/2292 5802
9.70 8.56 4.44 3/2292 5821
9.70 8.56 4.44 7/2289 5841
9.70 8.56 4.44 4/2288 5861
9.65 8.57 4.46 7/2288 5880
9.65 8.57 4.46 2/2289 5900
9.65 8.57 4.46 4/2288 5920
9.65 8.57 4.46 2/2288 5939
9.65 8.57 4.46 6/2288 5960
9.75 8.61 4.50 2/2288 5980
9.75 8.61 4.50 2/2288 5999
9.75 8.61 4.50 3/2288 6019
9.75 8.61 4.50 1/2288 6039
9.75 8.61 4.50 6/2288 6058
9.93 8.66 4.54 2/2288 6078
9.93 8.66 4.54 2/2288 6098
9.93 8.66 4.54 5/2288 6117
9.93 8.66 4.54 3/2288 6137
9.93 8.66 4.54 5/2288 6157
9.62 8.62 4.55 1/2288 6177
9.62 8.62 4.55 1/2288 6197
9.62 8.62 4.55 4/2288 6217
9.62 8.62 4.55 5/2288 6236
9.62 8.62 4.55 3/2288 6256
9.65 8.64 4.58 2/2288 6276
9.65 8.64 4.58 1/2288 6295
9.65 8.64 4.58 1/2288 6315
9.65 8.64 4.58 2/2288 6335
9.65 8.64 4.58 1/2288 6354
9.76 8.68 4.61 3/2288 6375
9.76 8.68 4.61 4/2288 6395
9.76 8.68 4.61 5/2282 6414
9.76 8.68 4.61 2/2282 6434
9.76 8.68 4.61 1/2282 6454
9.62 8.67 4.63 3/2281 6473
9.62 8.67 4.63 5/2282 6493
9.62 8.67 4.63 7/2279 6513
9.62 8.67 4.63 1/2279 6532
9.62 8.67 4.63 4/2279 6552
9.49 8.66 4.65 1/2279 6572
9.49 8.66 4.65 1/2279 6592
9.49 8.66 4.65 3/2279 6612
9.49 8.66 4.65 1/2279 6632
9.49 8.66 4.65 1/2279 6651
9.93 8.76 4.70 1/2279 6671
9.93 8.76 4.70 2/2279 6691
9.93 8.76 4.70 7/2281 6712
9.93 8.76 4.70 2/2281 6732
9.93 8.76 4.70 1/2281 6752
9.85 8.77 4.73 4/2281 6771
9.85 8.77 4.73 1/2281 6792
9.85 8.77 4.73 2/2281 6812
9.85 8.77 4.73 5/2281 6831
9.85 8.77 4.73 6/2281 6851
9.55 8.72 4.73 1/2281 6871
9.55 8.72 4.73 2/2281 6890
9.55 8.72 4.73 10/2281 6910
9.55 8.72 4.73 1/2281 6930
9.55 8.72 4.73 2/2280 6949
9.26 8.68 4.74 5/2280 6969
9.26 8.68 4.74 2/2280 6990
9.26 8.68 4.74 2/2279 7009
9.26 8.68 4.74 1/2279 7029
9.26 8.68 4.74 3/2279 7049
9.32 8.70 4.77 4/2283 7072
9.32 8.70 4.77 4/2284 7092
9.32 8.70 4.77 4/2284 7112
9.32 8.70 4.77 5/2283 7131
9.32 8.70 4.77 2/2284 7151
10.10 8.87 4.85 5/2283 7171
10.10 8.87 4.85 2/2283 7190
10.10 8.87 4.85 1/2283 7211
10.10 8.87 4.85 3/2283 7231
10.10 8.87 4.85 4/2283 7250
9.93 8.86 4.86 1/2283 7270
9.93 8.86 4.86 1/2283 7292
9.93 8.86 4.86 5/2283 7311
9.93 8.86 4.86 2/2284 7331
9.93 8.86 4.86 5/2283 7351
9.77 8.84 4.88 2/2283 7370
9.77 8.84 4.88 3/2283 7390
9.77 8.84 4.88 5/2283 7411
9.77 8.84 4.88 2/2284 7431
9.77 8.84 4.88 1/2284 7451
9.71 8.84 4.90 1/2284 7471
9.71 8.84 4.90 2/2284 7490
9.71 8.84 4.90 1/2284 7510
9.71 8.84 4.90 4/2284 7530
9.71 8.84 4.90 1/2284 7549
9.57 8.83 4.92 1/2284 7569
9.57 8.83 4.92 6/2284 7589
9.57 8.83 4.92 2/2284 7608
9.57 8.83 4.92 1/2284 7629
9.57 8.83 4.92 2/2284 7649
9.61 8.85 4.95 1/2284 7668
9.61 8.85 4.95 5/2285 7689
9.61 8.85 4.95 6/2285 7709
9.61 8.85 4.95 6/2285 7728
9.61 8.85 4.95 6/2286 7749
9.32 8.80 4.95 1/2285 7769
9.32 8.80 4.95 5/2285 7788
9.32 8.80 4.95 4/2286 7808
9.32 8.80 4.95 2/2285 7829
9.32 8.80 4.95 2/2285 7848
9.29 8.81 4.97 5/2285 7868
9.29 8.81 4.97 4/2285 7888
9.29 8.81 4.97 7/2285 7907
9.29 8.81 4.97 10/2285 7926
9.29 8.81 4.97 2/2285 7947
9.51 8.86 5.01 4/2285 7966
9.51 8.86 5.01 1/2285 7986
9.51 8.86 5.01 5/2285 8006
9.51 8.86 5.01 1/2285 8025
9.51 8.86 5.01 6/2286 8046
9.23 8.81 5.02 2/2287 8068
9.23 8.81 5.02 2/2288 8088
9.23 8.81 5.02 1/2288 8108
9.23 8.81 5.02 2/2288 8128
9.23 8.81 5.02 3/2288 8147
9.13 8.80 5.03 3/2288 8167
9.13 8.80 5.03 1/2288 8187
9.13 8.80 5.03 6/2288 8206
9.13 8.80 5.03 1/2288 8226
9.13 8.80 5.03 5/2289 8248
9.04 8.78 5.05 4/2289 8267
9.04 8.78 5.05 2/2289 8287
9.04 8.78 5.05 1/2289 8307
9.04 8.78 5.05 4/2289 8326
9.04 8.78 5.05 4/2290 8346
8.96 8.77 5.07 6/2289 8366
8.96 8.77 5.07 4/2289 8385
8.96 8.77 5.07 3/2290 8405
8.96 8.77 5.07 1/2289 8425
8.96 8.77 5.07 4/2289 8444
9.04 8.79 5.09 1/2289 8465
9.04 8.79 5.09 5/2289 8485
9.04 8.79 5.09 1/2289 8504
9.04 8.79 5.09 4/2289 8524
9.04 8.79 5.09 5/2289 8544
8.72 8.73 5.09 1/2289 8563
8.72 8.73 5.09 4/2289 8582
8.72 8.73 5.09 4/2289 8603
8.72 8.73 5.09 2/2289 8622
8.72 8.73 5.09 2/2289 8641
8.90 8.77 5.12 8/2289 8663
8.90 8.77 5.12 7/2289 8682
8.90 8.77 5.12 5/2289 8701
8.90 8.77 5.12 3/2295 8729
8.90 8.77 5.12 9/2295 8748
9.07 8.80 5.16 3/2295 8768
9.07 8.80 5.16 5/2295 8788
9.07 8.80 5.16 7/2295 8807
9.07 8.80 5.16 2/2295 8827
9.07 8.80 5.16 5/2295 8847
8.90 8.77 5.17 7/2295 8866
8.90 8.77 5.17 5/2295 8887
8.90 8.77 5.17 1/2295 8907
8.90 8.77 5.17 2/2295 8926
8.90 8.77 5.17 2/2296 8946
9.31 8.86 5.21 5/2295 8966
9.31 8.86 5.21 2/2295 8985
9.31 8.86 5.21 3/2296 9005
9.31 8.86 5.21 4/2295 9025
9.31 8.86 5.21 4/2295 9044
9.45 8.89 5.25 3/2295 9064
9.45 8.89 5.25 6/2295 9085
9.45 8.89 5.25 2/2295 9104
9.45 8.89 5.25 1/2295 9123
9.45 8.89 5.25 1/2295 9144
9.49 8.91 5.27 1/2295 9163
9.49 8.91 5.27 3/2295 9182
9.49 8.91 5.27 1/2295 9203
9.49 8.91 5.27 12/2295 9222
9.49 8.91 5.27 2/2295 9241
9.37 8.90 5.29 1/2295 9262
9.37 8.90 5.29 2/2295 9282
9.37 8.90 5.29 2/2295 9301
9.37 8.90 5.29 5/2295 9322
9.37 8.90 5.29 3/2295 9341
9.66 8.97 5.33 3/2295 9360
9.66 8.97 5.33 6/2295 9381
9.66 8.97 5.33 2/2295 9400
9.66 8.97 5.33 7/2295 9419
9.66 8.97 5.33 2/2295 9440
9.69 8.98 5.35 1/2295 9459
9.69 8.98 5.35 6/2295 9478
9.69 8.98 5.35 2/2295 9500
9.69 8.98 5.35 6/2295 9519
9.69 8.98 5.35 2/2295 9538
9.47 8.95 5.36 1/2295 9559
9.47 8.95 5.36 1/2295 9578
9.47 8.95 5.36 5/2295 9598
9.47 8.95 5.36 3/2294 9618
9.47 8.95 5.36 3/2294 9637
9.44 8.95 5.38 2/2294 9656
9.44 8.95 5.38 3/2294 9677
9.44 8.95 5.38 1/2294 9697
9.44 8.95 5.38 2/2294 9716
9.44 8.95 5.38 1/2293 9738
9.40 8.95 5.40 6/2293 9757
9.40 8.95 5.40 1/2293 9776
9.40 8.95 5.40 4/2293 9797
9.40 8.95 5.40 1/2293 9816
9.40 8.95 5.40 3/2293 9835
9.61 9.00 5.44 2/2293 9856
9.61 9.00 5.44 1/2293 9875
9.61 9.00 5.44 2/2293 9894
9.61 9.00 5.44 1/2289 9916
9.61 9.00 5.44 1/2289 9935
9.32 8.95 5.44 4/2289 9954
9.32 8.95 5.44 2/2289 9975
9.32 8.95 5.44 4/2289 9994
9.32 8.95 5.44 3/2288 10013
9.32 8.95 5.44 2/2288 10034
9.29 8.95 5.46 4/2288 10053
9.29 8.95 5.46 4/2288 10072
9.29 8.95 5.46 3/2288 10093
9.29 8.95 5.46 5/2288 10113
9.29 8.95 5.46 2/2288 10132
9.11 8.92 5.47 2/2288 10153
9.11 8.92 5.47 1/2288 10172
9.11 8.92 5.47 2/2288 10191
9.11 8.92 5.47 1/2288 10212
9.11 8.92 5.47 3/2288 10231
9.18 8.94 5.49 2/2288 10250
9.18 8.94 5.49 5/2288 10271
9.18 8.94 5.49 3/2288 10290
9.18 8.94 5.49 4/2288 10310
9.18 8.94 5.49 1/2288 10331
9.09 8.92 5.51 5/2288 10350
9.09 8.92 5.51 2/2288 10369
9.09 8.92 5.51 1/2288 10390
9.09 8.92 5.51 2/2288 10409
9.09 8.92 5.51 3/2288 10428
8.84 8.87 5.51 1/2288 10449
8.84 8.87 5.51 1/2290 10470
8.84 8.87 5.51 1/2290 10489
8.84 8.87 5.51 1/2290 10510
8.84 8.87 5.51 4/2288 10530
8.69 8.84 5.52 4/2288 10549
8.69 8.84 5.52 2/2288 10570
8.69 8.84 5.52 2/2288 10589
8.69 8.84 5.52 1/2288 10608
8.69 8.84 5.52 2/2288 10629
8.88 8.88 5.55 5/2288 10648
8.88 8.88 5.55 3/2288 10667
8.88 8.88 5.55 3/2288 10688
8.88 8.88 5.55 5/2288 10707
8.88 8.88 5.55 4/2288 10727
8.73 8.85 5.56 3/2288 10748
8.73 8.85 5.56 1/2288 10767
8.73 8.85 5.56 4/2288 10786
8.73 8.85 5.56 2/2288 10807
8.73 8.85 5.56 1/2287 10826
8.83 8.87 5.58 4/2287 10845
8.83 8.87 5.58 9/2287 10868
8.83 8.87 5.58 3/2287 10887
8.83 8.87 5.58 2/2287 10906
8.83 8.87 5.58 3/2287 10927
8.92 8.89 5.60 3/2287 10947
8.92 8.89 5.60 2/2287 10966
8.92 8.89 5.60 1/2287 10987
8.92 8.89 5.60 2/2287 11006
8.92 8.89 5.60 1/2287 11025
8.69 8.84 5.61 6/2287 11046
8.69 8.84 5.61 6/2287 11065
8.69 8.84 5.61 1/2287 11084
8.69 8.84 5.61 2/2287 11105
8.69 8.84 5.61 2/2287 11125
8.47 8.79 5.61 3/2287 11145
8.47 8.79 5.61 3/2287 11166
8.47 8.79 5.61 1/2287 11185
8.47 8.79 5.61 1/2287 11204
8.47 8.79 5.61 1/2283 11225
8.68 8.83 5.64 1/2283 11244
8.68 8.83 5.64 2/2283 11263
8.68 8.83 5.64 6/2283 11284
8.68 8.83 5.64 2/2283 11303
8.68 8.83 5.64 5/2283 11322
8.86 8.86 5.67 2/2283 11343
8.86 8.86 5.67 5/2283 11363
8.86 8.86 5.67 2/2283 11382
8.86 8.86 5.67 4/2283 11403
8.86 8.86 5.67 8/2283 11422
8.63 8.82 5.67 1/2283 11441
8.63 8.82 5.67 3/2283 11462
8.63 8.82 5.67 2/2283 11481
8.63 8.82 5.67 7/2283 11500
8.63 8.82 5.67 3/2283 11521
8.50 8.79 5.68 11/2283 11540
8.50 8.79 5.68 4/2283 11560
8.50 8.79 5.68 7/2283 11581
8.50 8.79 5.68 4/2283 11600
8.50 8.79 5.68 2/2283 11619
9.34 8.96 5.75 2/2283 11640
9.34 8.96 5.75 5/2283 11659
9.34 8.96 5.75 10/2283 11678
9.34 8.96 5.75 4/2285 11701
9.34 8.96 5.75 2/2285 11720
9.56 9.01 5.78 1/2284 11739
9.56 9.01 5.78 1/2284 11761
9.56 9.01 5.78 3/2284 11780
9.56 9.01 5.78 3/2284 11799
9.56 9.01 5.78 3/2284 11820
9.27 8.96 5.78 4/2284 11839
9.27 8.96 5.78 3/2284 11858
9.27 8.96 5.78 3/2284 11879
9.27 8.96 5.78 7/2284 11898
9.27 8.96 5.78 5/2284 11917
9.17 8.94 5.80 7/2284 11938
9.17 8.94 5.80 3/2284 11957
9.17 8.94 5.80 2/2284 11977
9.17 8.94 5.80 4/2284 11998
9.17 8.94 5.80 4/2284 12017
9.47 9.01 5.83 3/2284 12036
9.47 9.01 5.83 1/2285 12058
9.47 9.01 5.83 3/2285 12077
9.47 9.01 5.83 4/2285 12096
9.47 9.01 5.83 1/2285 12117
9.92 9.11 5.88 12/2285 12136
9.92 9.11 5.88 2/2285 12155
9.92 9.11 5.88 4/2285 12177
9.92 9.11 5.88 2/2285 12196
9.92 9.11 5.88 3/2285 12215
9.84 9.11 5.90 4/2285 12236
9.84 9.11 5.90 8/2285 12255
9.84 9.11 5.90 5/2285 12274
9.84 9.11 5.90 1/2285 12295
9.84 9.11 5.90 2/2285 12314
9.84 9.11 5.90 1/2284 12333
9.78 9.10 5.92 2/2284 12354
9.78 9.10 5.92 5/2283 12373
9.78 9.10 5.92 1/2283 12393
9.78 9.10 5.92 1/2283 12414
9.87 9.14 5.95 3/2283 12433
9.87 9.14 5.95 7/2283 12452
9.87 9.14 5.95 2/2283 12473
9.87 9.14 5.95 3/2283 12492
9.87 9.14 5.95 5/2283 12511
9.87 9.14 5.95 7/2283 12532
10.04 9.18 5.98 4/2283 12551
10.04 9.18 5.98 2/2283 12570
10.04 9.18 5.98 1/2283 12592
10.04 9.18 5.98 1/2283 12611
10.04 9.18 5.98 3/2283 12630
10.04 9.20 6.00 1/2283 12651
10.04 9.20 6.00 1/2283 12670
10.04 9.20 6.00 1/2283 12689
10.04 9.20 6.00 1/2283 12710
10.04 9.20 6.00 6/2283 12729
9.80 9.16 6.01 4/2283 12748
9.80 9.16 6.01 2/2283 12769
9.80 9.16 6.01 4/2283 12788
9.80 9.16 6.01 1/2283 12808
9.80 9.16 6.01 5/2283 12829
9.65 9.14 6.02 2/2283 12848
9.65 9.14 6.02 3/2283 12867
9.65 9.14 6.02 5/2283 12888
9.65 9.14 6.02 1/2283 12907
9.65 9.14 6.02 1/2283 12926
9.44 9.11 6.02 1/2283 12947
9.44 9.11 6.02 8/2283 12966
9.44 9.11 6.02 2/2283 12985
9.44 9.11 6.02 1/2283 13008
9.44 9.11 6.02 3/2283 13027
9.24 9.07 6.03 3/2283 13046
9.24 9.07 6.03 4/2282 13067
9.24 9.07 6.03 4/2282 13086
9.24 9.07 6.03 6/2282 13105
9.24 9.07 6.03 1/2282 13126
9.06 9.04 6.03 1/2282 13145
9.06 9.04 6.03 4/2282 13164
9.06 9.04 6.03 2/2282 13185
9.06 9.04 6.03 7/2282 13205
9.06 9.04 6.03 6/2282 13224
8.98 9.02 6.04 3/2282 13245
8.98 9.02 6.04 6/2282 13264
8.98 9.02 6.04 3/2282 13283
8.98 9.02 6.04 5/2282 13304
8.98 9.02 6.04 1/2282 13323
9.22 9.07 6.08 8/2282 13342
9.22 9.07 6.08 4/2282 13363
9.22 9.07 6.08 6/2282 13382
9.22 9.07 6.08 6/2282 13401
9.22 9.07 6.08 3/2282 13423
9.28 9.08 6.10 3/2282 13442
9.28 9.08 6.10 2/2281 13461
9.28 9.08 6.10 2/2281 13482
9.28 9.08 6.10 2/2281 13501
9.28 9.08 6.10 2/2281 13520
8.94 9.02 6.09 6/2281 13541
8.94 9.02 6.09 2/2281 13560
8.94 9.02 6.09 8/2281 13579
8.94 9.02 6.09 3/2281 13600
8.94 9.02 6.09 2/2281 13620
8.95 9.02 6.11 3/2281 13639
8.95 9.02 6.11 4/2280 13660
8.95 9.02 6.11 1/2280 13679
8.95 9.02 6.11 3/2280 13698
8.95 9.02 6.11 2/2280 13719
9.03 9.03 6.13 1/2280 13738
9.03 9.03 6.13 1/2280 13757
9.03 9.03 6.13 5/2280 13778
9.03 9.03 6.13 1/2280 13797
9.03 9.03 6.13 1/2280 13816
8.95 9.01 6.14 4/2280 13838
8.95 9.01 6.14 9/2280 13857
8.95 9.01 6.14 4/2280 13876
8.95 9.01 6.14 4/2280 13897
8.95 9.01 6.14 3/2280 13916
9.19 9.06 6.17 1/2280 13935
9.19 9.06 6.17 9/2280 13956
9.19 9.06 6.17 3/2280 13975
9.19 9.06 6.17 1/2280 13994
9.19 9.06 6.17 1/2280 14015
9.26 9.08 6.19 3/2280 14035
9.26 9.08 6.19 1/2280 14054
9.26 9.08 6.19 3/2277 14075
9.26 9.08 6.19 8/2277 14094
9.26 9.08 6.19 3/2277 14113
9.32 9.10 6.21 1/2277 14134
9.32 9.10 6.21 3/2277 14153
9.32 9.10 6.21 4/2277 14172
9.32 9.10 6.21 2/2277 14193
9.32 9.10 6.21 1/2277 14212
9.29 9.09 6.23 4/2277 14232
9.29 9.09 6.23 4/2277 14253
9.29 9.09 6.23 2/2277 14272
9.29 9.09 6.23 2/2277 14291
9.29 9.09 6.23 4/2277 14312
9.27 9.09 6.24 4/2277 14331
9.27 9.09 6.24 4/2277 14350
9.27 9.09 6.24 4/2277 14371
9.27 9.09 6.24 4/2277 14390
9.27 9.09 6.24 3/2277 14409
9.17 9.07 6.25 1/2277 14432
9.17 9.07 6.25 2/2277 14452
9.17 9.07 6.25 5/2277 14471
9.17 9.07 6.25 3/2277 14493
9.17 9.07 6.25 2/2277 14512
8.99 9.04 6.26 1/2277 14531
8.99 9.04 6.26 3/2277 14552
8.99 9.04 6.26 2/2276 14571
8.99 9.04 6.26 2/2276 14590
8.99 9.04 6.26 1/2276 14611
8.99 9.04 6.27 6/2276 14630
8.99 9.04 6.27 2/2276 14650
8.99 9.04 6.27 3/2276 14671
8.99 9.04 6.27 4/2276 14690
8.99 9.04 6.27 3/2276 14709
9.15 9.07 6.30 3/2276 14730
9.15 9.07 6.30 3/2276 14749
9.15 9.07 6.30 2/2276 14768
9.15 9.07 6.30 1/2276 14789
9.15 9.07 6.30 1/2276 14808
9.06 9.05 6.31 2/2276 14827
9.06 9.05 6.31 3/2276 14848
9.06 9.05 6.31 2/2276 14868
9.06 9.05 6.31 8/2276 14887
9.06 9.05 6.31 1/2276 14908
8.82 9.00 6.30 3/2276 14927
8.82 9.00 6.30 3/2276 14946
8.82 9.00 6.30 5/2276 14967
8.82 9.00 6.30 2/2276 14986
8.82 9.00 6.30 3/2276 15005
8.67 8.97 6.31 1/2276 15026
8.67 8.97 6.31 2/2276 15045
8.67 8.97 6.31 4/2276 15065
8.67 8.97 6.31 1/2276 15086
8.67 8.97 6.31 7/2276 15105
8.62 8.95 6.32 2/2276 15124
8.62 8.95 6.32 2/2276 15145
8.62 8.95 6.32 2/2276 15164
8.62 8.95 6.32 1/2275 15183
8.62 8.95 6.32 3/2275 15204
8.73 8.97 6.34 6/2275 15223
8.73 8.97 6.34 2/2275 15242
8.73 8.97 6.34 3/2275 15263
8.73 8.97 6.34 3/2275 15283
8.73 8.97 6.34 1/2275 15302
8.59 8.94 6.34 9/2275 15323
8.59 8.94 6.34 6/2275 15342
8.59 8.94 6.34 4/2275 15361
8.59 8.94 6.34 3/2275 15382
8.59 8.94 6.34 1/2275 15401
8.38 8.89 6.34 1/2275 15420
8.38 8.89 6.34 5/2275 15441
8.38 8.89 6.34 2/2275 15460
8.38 8.89 6.34 3/2275 15480
8.38 8.89 6.34 1/2275 15501
8.35 8.87 6.35 2/2275 15520
8.35 8.87 6.35 5/2275 15539
8.35 8.87 6.35 1/2275 15560
8.35 8.87 6.35 2/2275 15579
8.35 8.87 6.35 4/2273 15598
8.64 8.92 6.38 2/2274 15619
8.64 8.92 6.38 4/2273 15638
8.64 8.92 6.38 1/2273 15657
8.64 8.92 6.38 1/2273 15679
8.64 8.92 6.38 1/2273 15698
8.43 8.88 6.38 5/2273 15717
8.43 8.88 6.38 1/2273 15738
8.43 8.88 6.38 2/2275 15759
8.43 8.88 6.38 2/2275 15778
8.43 8.88 6.38 1/2275 15799
8.32 8.84 6.38 1/2275 15818
8.32 8.84 6.38 4/2275 15837
8.32 8.84 6.38 8/2274 15858
8.32 8.84 6.38 4/2274 15877
8.32 8.84 6.38 2/2274 15897
8.45 8.86 6.40 3/2274 15918
8.45 8.86 6.40 5/2274 15937
8.45 8.86 6.40 2/2274 15956
8.45 8.86 6.40 6/2274 15977
8.45 8.86 6.40 3/2273 15996
8.58 8.88 6.42 1/2273 16015
8.58 8.88 6.42 4/2273 16036
8.58 8.88 6.42 2/2273 16055
8.58 8.88 6.42 3/2273 16074
8.58 8.88 6.42 3/2273 16096
8.37 8.83 6.42 1/2273 16115
8.37 8.83 6.42 5/2273 16134
8.37 8.83 6.42 2/2273 16155
8.37 8.83 6.42 1/2273 16174
8.37 8.83 6.42 2/2273 16193
8.74 8.90 6.45 1/2273 16214
8.74 8.90 6.45 3/2273 16233
8.74 8.90 6.45 6/2273 16252
8.74 8.90 6.45 1/2273 16273
8.74 8.90 6.45 1/2273 16292
8.92 8.94 6.48 1/2273 16312
8.92 8.94 6.48 1/2273 16333
8.92 8.94 6.48 3/2273 16352
8.92 8.94 6.48 6/2273 16371
8.92 8.94 6.48 2/2273 16392
8.69 8.89 6.47 1/2273 16411
8.69 8.89 6.47 2/2273 16430
8.69 8.89 6.47 5/2273 16451
8.69 8.89 6.47 1/2273 16471
8.69 8.89 6.47 4/2273 16490
8.55 8.86 6.48 4/2271 16512
8.55 8.86 6.48 1/2271 16531
8.55 8.86 6.48 2/2272 16551
8.55 8.86 6.48 1/2272 16572
8.55 8.86 6.48 4/2272 16591
8.99 8.94 6.52 3/2272 16610
8.99 8.94 6.52 4/2272 16631
8.99 8.94 6.52 3/2272 16650
8.99 8.94 6.52 2/2272 16669
8.99 8.94 6.52 1/2272 16690
8.91 8.93 6.53 5/2272 16709
8.91 8.93 6.53 1/2272 16729
8.91 8.93 6.53 5/2272 16750
8.91 8.93 6.53 3/2272 16769
8.91 8.93 6.53 2/2272 16788
8.92 8.93 6.54 8/2272 16809
8.92 8.93 6.54 4/2272 16828
8.92 8.93 6.54 3/2272 16847
8.92 8.93 6.54 6/2272 16868
8.92 8.93 6.54 3/2272 16887
8.84 8.91 6.55 5/2271 16906
8.84 8.91 6.55 1/2271 16928
8.84 8.91 6.55 2/2272 16948
8.84 8.91 6.55 3/2272 16967
8.84 8.91 6.55 3/2272 16988
8.93 8.93 6.57 4/2272 17007
8.93 8.93 6.57 4/2272 17026
8.93 8.93 6.57 2/2272 17047
8.93 8.93 6.57 3/2272 17066
8.93 8.93 6.57 2/2272 17085
9.10 8.97 6.59 7/2273 17106
9.10 8.97 6.59 6/2272 17126
9.10 8.97 6.59 10/2272 17145
9.10 8.97 6.59 8/2272 17166
9.10 8.97 6.59 3/2272 17185
9.01 8.95 6.60 2/2272 17204
9.01 8.95 6.60 4/2273 17225
9.01 8.95 6.60 2/2272 17244
9.01 8.95 6.60 1/2272 17263
9.01 8.95 6.60 3/2272 17284
9.09 8.97 6.62 3/2272 17303
9.09 8.97 6.62 3/2272 17322
9.09 8.97 6.62 4/2272 17344
9.09 8.97 6.62 2/2272 17363
9.09 8.97 6.62 2/2272 17382
9.00 8.95 6.62 3/2272 17403
9.00 8.95 6.62 3/2272 17422
9.00 8.95 6.62 4/2272 17441
9.00 8.95 6.62 2/2272 17462
9.00 8.95 6.62 5/2272 17481
9.24 9.00 6.65 3/2272 17500
9.24 9.00 6.65 2/2272 17521
9.24 9.00 6.65 5/2272 17541
9.24 9.00 6.65 3/2272 17560
9.24 9.00 6.65 4/2272 17581
8.98 8.95 6.65 4/2272 17600
8.98 8.95 6.65 2/2272 17619
8.98 8.95 6.65 3/2272 17640
8.98 8.95 6.65 3/2272 17659
8.98 8.95 6.65 2/2272 17678
8.82 8.92 6.65 7/2272 17699
8.82 8.92 6.65 11/2270 17718
8.82 8.92 6.65 1/2270 17737
8.82 8.92 6.65 9/2271 17760
8.82 8.92 6.65 1/2271 17779
9.08 8.97 6.68 1/2271 17798
9.08 8.97 6.68 1/2271 17819
9.08 8.97 6.68 3/2271 17838
9.08 8.97 6.68 1/2271 17858
9.08 8.97 6.68 1/2271 17879
9.07 8.97 6.69 4/2271 17898
9.07 8.97 6.69 4/2271 17917
9.07 8.97 6.69 4/2271 17938
9.07 8.97 6.69 5/2271 17958
9.07 8.97 6.69 5/2271 17977
8.83 8.92 6.69 7/2271 18000
8.83 8.92 6.69 1/2269 18019
8.83 8.92 6.69 3/2269 18038
8.83 8.92 6.69 6/2269 18059
8.83 8.92 6.69 1/2269 18078
8.60 8.87 6.69 3/2269 18097
8.60 8.87 6.69 5/2269 18118
8.60 8.87 6.69 1/2269 18137
8.60 8.87 6.69 5/2269 18156
8.60 8.87 6.69 7/2269 18178
8.71 8.89 6.70 5/2269 18197
8.71 8.89 6.70 3/2269 18216
8.71 8.89 6.70 1/2270 18238
8.71 8.89 6.70 5/2270 18257
8.71 8.89 6.70 3/2270 18276
8.50 8.84 6.70 2/2270 18297
8.50 8.84 6.70 5/2270 18316
8.50 8.84 6.70 3/2270 18335
8.50 8.84 6.70 5/2271 18356
8.50 8.84 6.70 1/2270 18376
8.62 8.86 6.72 2/2270 18395
8.62 8.86 6.72 4/2270 18416
8.62 8.86 6.72 2/2270 18435
8.62 8.86 6.72 1/2270 18454
8.62 8.86 6.72 4/2270 18475
8.73 8.88 6.74 1/2270 18494
8.73 8.88 6.74 3/2270 18513
8.73 8.88 6.74 5/2270 18534
8.73 8.88 6.74 4/2270 18553
8.73 8.88 6.74 6/2270 18573
8.75 8.88 6.75 5/2270 18594
8.75 8.88 6.75 5/2270 18613
8.75 8.88 6.75 3/2271 18635
8.75 8.88 6.75 1/2271 18656
8.75 8.88 6.75 2/2271 18675
8.77 8.89 6.76 3/2271 18694
8.77 8.89 6.76 1/2271 18715
8.77 8.89 6.76 4/2271 18734
8.77 8.89 6.76 1/2271 18753
8.77 8.89 6.76 1/2271 18774
8.63 8.85 6.76 1/2271 18794
8.63 8.85 6.76 5/2271 18813
8.63 8.85 6.76 2/2271 18834
8.63 8.85 6.76 3/2271 18853
8.63 8.85 6.76 4/2271 18872
9.14 8.96 6.81 1/2271 18893
9.14 8.96 6.81 5/2271 18912
9.14 8.96 6.81 1/2271 18931
9.14 8.96 6.81 5/2272 18952
9.14 8.96 6.81 2/2271 18971
9.45 9.02 6.84 5/2271 18991
9.45 9.02 6.84 6/2272 19012
9.45 9.02 6.84 2/2271 19031
9.45 9.02 6.84 6/2270 19050
9.45 9.02 6.84 3/2270 19071
9.49 9.04 6.86 1/2270 19090
9.49 9.04 6.86 3/2270 19109
9.49 9.04 6.86 6/2271 19130
9.49 9.04 6.86 2/2270 19149
9.49 9.04 6.86 5/2270 19168
9.21 8.99 6.85 6/2270 19189
9.21 8.99 6.85 3/2270 19209
9.21 8.99 6.85 1/2270 19228
9.21 8.99 6.85 5/2270 19249
9.21 8.99 6.85 1/2270 19268
9.28 9.01 6.87 2/2270 19287
9.28 9.01 6.87 5/2270 19308
9.28 9.01 6.87 1/2270 19327
9.28 9.01 6.87 3/2270 19346
9.28 9.01 6.87 5/2270 19367
9.33 9.02 6.89 2/2270 19386
9.33 9.02 6.89 1/2270 19406
9.33 9.02 6.89 5/2271 19427
9.33 9.02 6.89 3/2270 19446
9.33 9.02 6.89 2/2270 19465
9.07 8.97 6.88 1/2270 19486
9.07 8.97 6.88 1/2270 19505
9.07 8.97 6.88 4/2270 19524
9.07 8.97 6.88 3/2270 19545
9.07 8.97 6.88 2/2270 19564
8.98 8.96 6.89 6/2270 19583
8.98 8.96 6.89 4/2271 19604
8.98 8.96 6.89 3/2270 19624
8.98 8.96 6.89 2/2270 19643
8.98 8.96 6.89 1/2270 19664
9.06 8.97 6.90 1/2270 19683
9.06 8.97 6.90 2/2270 19702
9.06 8.97 6.90 8/2270 19723
9.06 8.97 6.90 1/2270 19742
9.06 8.97 6.90 2/2270 19761
9.46 9.06 6.94 1/2270 19782
9.46 9.06 6.94 1/2270 19801
9.46 9.06 6.94 4/2270 19821
9.46 9.06 6.94 2/2270 19843
9.46 9.06 6.94 4/2268 19862
9.18 9.01 6.94 6/2268 19881
9.18 9.01 6.94 6/2268 19902
9.18 9.01 6.94 3/2268 19921
9.18 9.01 6.94 3/2268 19940
9.18 9.01 6.94 6/2268 19961
9.09 8.99 6.94 5/2268 19980
9.09 8.99 6.94 7/2268 19999
9.09 8.99 6.94 5/2268 20021
9.09 8.99 6.94 2/2268 20040
9.09 8.99 6.94 7/2268 20059
9.00 8.97 6.95 1/2268 20080
9.00 8.97 6.95 3/2268 20099
9.00 8.97 6.95 2/2268 20118
9.00 8.97 6.95 3/2269 20139
9.00 8.97 6.95 4/2268 20158
8.76 8.92 6.94 5/2268 20177
8.76 8.92 6.94 2/2269 20198
8.76 8.92 6.94 1/2268 20217
8.76 8.92 6.94 2/2268 20237
8.76 8.92 6.94 5/2269 20258
8.70 8.91 6.95 2/2268 20277
8.70 8.91 6.95 5/2268 20296
8.70 8.91 6.95 2/2268 20317
8.70 8.91 6.95 4/2268 20336
8.70 8.91 6.95 3/2268 20355
8.48 8.86 6.94 3/2289 20405
8.48 8.86 6.94 4/2289 20431
8.48 8.86 6.94 2/2289 20454
8.48 8.86 6.94 6/2289 20482
8.48 8.86 6.94 2/2289 20505
8.52 8.86 6.96 4/2290 20531
8.52 8.86 6.96 2/2291 20558
8.52 8.86 6.96 3/2290 20583
8.52 8.86 6.96 2/2290 20606
8.52 8.86 6.96 9/2290 20629
8.64 8.88 6.97 4/2290 20654
8.64 8.88 6.97 5/2291 20680
8.64 8.88 6.97 2/2291 20707
8.64 8.88 6.97 2/2297 20737
8.64 8.88 6.97 3/2297 20757
9.07 8.97 7.01 3/2297 20778
9.07 8.97 7.01 4/2297 20797
9.07 8.97 7.01 4/2297 20816
9.07 8.97 7.01 4/2297 20837
9.07 8.97 7.01 1/2297 20856
8.75 8.90 7.00 2/2297 20875
8.75 8.90 7.00 4/2297 20896
8.75 8.90 7.00 1/2298 20916
8.75 8.90 7.00 1/2298 20935
8.75 8.90 7.00 5/2299 20957
8.93 8.94 7.02 1/2298 20976
8.93 8.94 7.02 2/2297 20995
8.93 8.94 7.02 2/2297 21016
8.93 8.94 7.02 4/2297 21035
8.93 8.94 7.02 1/2297 21054
8.77 8.90 7.02 3/2297 21075
8.77 8.90 7.02 3/2297 21094
8.77 8.90 7.02 1/2297 21113
8.77 8.90 7.02 1/2297 21134
8.77 8.90 7.02 2/2297 21153
8.55 8.86 7.02 2/2297 21173
8.55 8.86 7.02 4/2297 21194
8.55 8.86 7.02 4/2297 21213
8.55 8.86 7.02 5/2297 21232
8.55 8.86 7.02 4/2297 21253
9.15 8.97 7.06 2/2297 21272
9.15 8.97 7.06 2/2297 21291
9.15 8.97 7.06 3/2297 21312
9.15 8.97 7.06 4/2297 21333
9.15 8.97 7.06 5/2297 21352
9.45 9.04 7.10 4/2297 21374
9.45 9.04 7.10 3/2297 21393
9.45 9.04 7.10 2/2297 21412
9.45 9.04 7.10 2/2297 21433
9.45 9.04 7.10 1/2297 21452
9.50 9.06 7.11 1/2297 21471
9.50 9.06 7.11 1/2297 21492
9.50 9.06 7.11 1/2297 21511
9.50 9.06 7.11 2/2297 21530
9.50 9.06 7.11 2/2298 21551
9.46 9.06 7.12 3/2297 21571
9.46 9.06 7.12 1/2297 21590
9.46 9.06 7.12 2/2298 21611
9.46 9.06 7.12 5/2297 21630
9.46 9.06 7.12 4/2297 21649
9.58 9.09 7.14 4/2296 21671
9.58 9.09 7.14 2/2296 21691
9.58 9.09 7.14 1/2296 21710
9.58 9.09 7.14 4/2296 21731
9.58 9.09 7.14 2/2296 21750
9.46 9.07 7.15 1/2296 21769
9.46 9.07 7.15 8/2296 21790
9.46 9.07 7.15 3/2296 21810
9.46 9.07 7.15 1/2296 21829
9.46 9.07 7.15 5/2297 21850
9.18 9.02 7.14 6/2282 21869
9.18 9.02 7.14 5/2281 21888
9.18 9.02 7.14 3/2281 21909
9.18 9.02 7.14 2/2281 21928
9.18 9.02 7.14 1/2277 21948
8.92 8.97 7.13 3/2277 21969
8.92 8.97 7.13 1/2277 21989
8.92 8.97 7.13 4/2276 22008
8.92 8.97 7.13 4/2276 22029
8.92 8.97 7.13 1/2275 22048
8.69 8.92 7.13 4/2275 22067
8.69 8.92 7.13 4/2274 22088
8.69 8.92 7.13 3/2274 22107
8.69 8.92 7.13 7/2274 22126
8.69 8.92 7.13 4/2274 22146
8.79 8.94 7.14 2/2274 22166
8.79 8.94 7.14 5/2274 22185
8.79 8.94 7.14 7/2274 22206
8.79 8.94 7.14 5/2274 22226
8.79 8.94 7.14 2/2274 22245
8.79 8.94 7.14 1/2274 22265
8.81 8.94 7.15 2/2274 22285
8.81 8.94 7.15 1/2274 22304
8.81 8.94 7.15 2/2274 22325
8.81 8.94 7.15 3/2274 22344
8.59 8.89 7.15 4/2274 22363
8.59 8.89 7.15 1/2274 22383
8.59 8.89 7.15 2/2274 22404
8.59 8.89 7.15 2/2274 22423
8.59 8.89 7.15 1/2274 22443
8.62 8.89 7.16 5/2274 22463
8.62 8.89 7.16 4/2274 22482
8.62 8.89 7.16 2/2274 22502
8.62 8.89 7.16 1/2274 22522
8.62 8.89 7.16 2/2274 22541
8.62 8.89 7.16 2/2274 22561
8.65 8.89 7.17 2/2274 22581
8.65 8.89 7.17 6/2274 22600
8.65 8.89 7.17 8/2274 22622
8.65 8.89 7.17 4/2274 22641
8.44 8.85 7.16 3/2274 22660
8.44 8.85 7.16 9/2274 22681
8.44 8.85 7.16 2/2273 22700
8.44 8.85 7.16 3/2273 22719
8.44 8.85 7.16 1/2273 22739
8.44 8.85 7.16 7/2273 22759
8.24 8.80 7.16 4/2273 22778
8.24 8.80 7.16 2/2273 22798
8.24 8.80 7.16 4/2273 22819
8.24 8.80 7.16 2/2273 22838
8.24 8.80 7.16 8/2273 22858
8.22 8.78 7.16 2/2274 22878
8.22 8.78 7.16 2/2273 22897
8.22 8.78 7.16 1/2273 22917
8.22 8.78 7.16 6/2273 22937
8.22 8.78 7.16 3/2273 22956
8.36 8.81 7.18 7/2273 22976
8.36 8.81 7.18 8/2272 22996
8.36 8.81 7.18 1/2272 23015
8.36 8.81 7.18 2/2273 23037
8.36 8.81 7.18 3/2273 23057
8.18 8.76 7.17 1/2273 23076
8.18 8.76 7.17 3/2273 23096
8.18 8.76 7.17 18/2273 23116
8.18 8.76 7.17 9/2273 23135
8.18 8.76 7.17 1/2273 23155
8.32 8.78 7.19 7/2273 23175
8.32 8.78 7.19 2/2273 23194
8.32 8.78 7.19 6/2273 23214
8.32 8.78 7.19 4/2273 23235
8.32 8.78 7.19 6/2273 23254
8.54 8.82 7.21 6/2273 23274
8.54 8.82 7.21 2/2273 23294
8.54 8.82 7.21 4/2273 23313
8.54 8.82 7.21 2/2273 23334
8.54 8.82 7.21 1/2273 23354
8.57 8.82 7.22 3/2273 23373
8.57 8.82 7.22 6/2273 23393
8.57 8.82 7.22 2/2272 23413
8.57 8.82 7.22 3/2272 23433
8.57 8.82 7.22 3/2272 23453
8.53 8.81 7.22 6/2272 23473
8.53 8.81 7.22 1/2272 23492
8.53 8.81 7.22 4/2272 23512
8.53 8.81 7.22 1/2272 23532
8.53 8.81 7.22 2/2272 23551
8.89 8.88 7.25 3/2272 23571
8.89 8.88 7.25 2/2272 23591
8.89 8.88 7.25 8/2272 23616
8.89 8.88 7.25 1/2272 23640
8.89 8.88 7.25 1/2272 23661
8.97 8.89 7.27 5/2272 23680
8.97 8.89 7.27 3/2272 23700
8.97 8.89 7.27 3/2272 23720
8.97 8.89 7.27 2/2272 23739
8.97 8.89 7.27 2/2272 23759
9.06 8.91 7.28 1/2272 23779
9.06 8.91 7.28 2/2272 23798
9.06 8.91 7.28 3/2272 23818
9.06 8.91 7.28 4/2272 23838
9.06 8.91 7.28 3/2272 23858
8.81 8.86 7.27 6/2272 23878
8.81 8.86 7.27 1/2272 23898
8.81 8.86 7.27 7/2269 23917
8.81 8.86 7.27 1/2269 23937
8.81 8.86 7.27 1/2269 23957
9.15 8.93 7.31 1/2269 23976
9.15 8.93 7.31 2/2269 23996
9.15 8.93 7.31 1/2269 24016
9.15 8.93 7.31 2/2269 24035
9.15 8.93 7.31 8/2269 24055
9.22 8.95 7.32 6/2269 24076
9.22 8.95 7.32 4/2269 24095
9.22 8.95 7.32 3/2269 24115
9.22 8.95 7.32 3/2269 24135
9.22 8.95 7.32 2/2304 24198
9.04 8.92 7.32 3/2303 24218
9.04 8.92 7.32 8/2306 24241
9.04 8.92 7.32 1/2306 24260
9.04 8.92 7.32 3/2306 24280
9.04 8.92 7.32 1/2302 24300
8.79 8.87 7.31 1/2302 24320
8.79 8.87 7.31 9/2301 24340
8.79 8.87 7.31 2/2301 24360
8.79 8.87 7.31 6/2301 24379
8.79 8.87 7.31 2/2301 24405
