7737.82 49047.41
7738.82 49052.31
7739.82 49057.39
7740.82 49062.49
7741.82 49067.62
7742.82 49072.64
7743.81 49077.80
7744.81 49082.75
7745.82 49088.10
7746.82 49093.10
7747.82 49098.13
7748.82 49103.34
7749.81 49108.28
7750.81 49113.38
7751.82 49118.58
7752.81 49123.10
7753.82 49127.87
7754.82 49132.48
7755.82 49136.91
7756.82 49141.36
7757.82 49145.56
7758.81 49149.91
7759.82 49154.38
7760.81 49158.63
7761.82 49163.34
7762.82 49168.00
7763.82 49172.49
7764.82 49177.11
7765.81 49181.69
7766.82 49186.42
7767.82 49190.99
7768.82 49195.57
7769.82 49200.20
7770.82 49204.90
7771.82 49209.56
7772.82 49214.36
7773.83 49219.13
7774.82 49223.75
7775.82 49228.38
7776.82 49233.12
7777.81 49237.85
7778.82 49242.72
7779.82 49247.46
7780.82 49252.23
7781.82 49257.11
7782.81 49261.91
7783.81 49266.62
7784.82 49271.43
7785.81 49275.89
7786.82 49280.48
7787.81 49284.66
7788.82 49287.80
7789.81 49292.61
7790.82 49298.21
7791.82 49303.83
7792.82 49309.36
7793.82 49314.84
7794.82 49320.41
7795.83 49326.24
7796.82 49332.02
7797.82 49337.83
7798.81 49342.89
7799.82 49348.69
7800.82 49354.48
7801.82 49359.90
7802.82 49365.31
7803.81 49371.07
7804.82 49376.93
7805.82 49382.58
7806.82 49387.94
7807.82 49393.69
7808.81 49399.65
7809.81 49405.73
7810.81 49412.01
7811.81 49418.23
7812.82 49424.57
7813.81 49430.54
7814.82 49436.73
7815.81 49442.76
7816.82 49448.98
7817.82 49455.02
7818.82 49461.04
7819.81 49467.06
7820.82 49473.04
7821.82 49478.54
7822.82 49484.31
7823.82 49490.37
7824.82 49496.55
7825.81 49503.05
7826.81 49509.75
7827.81 49516.25
7828.81 49522.80
7829.83 49529.32
7830.82 49535.63
7831.82 49542.16
7832.82 49548.41
7833.81 49554.00
7834.82 49560.16
7835.81 49566.44
7836.81 49572.61
7837.81 49579.12
7838.82 49585.44
7839.81 49591.64
7840.82 49597.99
7841.81 49604.19
7842.82 49610.46
7843.81 49616.53
7844.81 49622.71
7845.81 49628.74
7846.81 49635.01
7847.81 49640.81
7848.83 49646.53
7849.84 49652.29
7850.81 49658.32
7851.81 49664.62
7852.82 49671.20
7853.81 49677.15
7854.83 49682.82
7855.81 49688.77
7856.81 49695.05
7857.82 49701.48
7858.82 49707.81
7859.82 49714.12
7860.82 49720.35
7861.82 49726.79
7862.81 49733.16
7863.84 49739.68
7864.81 49745.57
7865.83 49751.67
7866.81 49757.39
7867.82 49763.25
7868.81 49768.23
7869.81 49773.64
7870.82 49779.20
7871.82 49785.02
7872.83 49790.83
7873.81 49796.19
7874.81 49801.73
7875.81 49807.17
7876.82 49813.01
7877.82 49818.51
7878.83 49824.11
7879.81 49829.43
7880.81 49834.96
7881.82 49840.41
7882.82 49846.14
7883.81 49851.55
7884.82 49856.94
7885.81 49861.89
7886.82 49867.25
7887.84 49872.57
7888.82 49877.80
7889.82 49883.44
7890.81 49888.73
7891.82 49894.50
7892.83 49900.35
7893.82 49905.81
7894.82 49911.35
7895.82 49917.00
7896.82 49922.67
7897.83 49928.31
7898.81 49933.81
7899.83 49939.29
7900.82 49944.89
7901.82 49950.58
7902.82 49956.42
7903.84 49962.19
7904.82 49967.72
7905.83 49973.62
7906.82 49979.33
7907.82 49985.09
7908.82 49991.02
7909.82 49996.83
7910.82 50002.51
7911.82 50008.46
7912.82 50014.31
7913.83 50020.35
7914.82 50025.91
7915.81 50031.56
7916.83 50037.31
7917.82 50042.86
7918.83 50048.57
7919.81 50054.53
7920.81 50060.49
7921.83 50066.58
7922.81 50072.36
7923.83 50078.30
7924.81 50084.30
7925.82 50090.28
7926.82 50096.33
7927.83 50102.37
7928.81 50108.36
7929.83 50114.50
7930.82 50119.65
7931.82 50125.65
7932.83 50131.94
7933.83 50138.04
7934.83 50143.89
7935.82 50149.61
7936.83 50155.64
7937.81 50161.69
7938.83 50167.82
7939.81 50173.60
7940.82 50179.29
7941.84 50185.18
7942.82 50190.94
7943.83 50197.14
7944.84 50203.37
7945.83 50209.68
7946.82 50215.74
7947.82 50221.61
7948.80 50227.24
7949.82 50233.17
7950.81 50239.20
7951.83 50245.74
7952.83 50252.11
7953.84 50258.54
7954.84 50264.96
7955.83 50271.41
7956.82 50277.50
7957.83 50283.75
7958.83 50289.81
7959.81 50295.85
7960.84 50302.18
7961.81 50308.18
7962.83 50314.56
7963.82 50320.59
7964.81 50326.63
7965.82 50332.94
7966.83 50339.27
7967.83 50345.62
7968.82 50351.84
7969.83 50358.26
7970.82 50364.65
7971.82 50371.06
7972.83 50377.48
7973.82 50383.84
7974.83 50390.04
7975.84 50396.58
7976.83 50402.82
7977.81 50408.98
7978.83 50414.77
7979.82 50420.37
7980.83 50425.87
7981.81 50431.58
7982.83 50437.72
7983.82 50443.39
7984.83 50449.57
7985.83 50455.84
7986.83 50462.08
7987.82 50468.37
7988.84 50474.72
7989.82 50481.10
7990.81 50487.33
7991.83 50493.64
7992.81 50499.51
7993.82 50505.13
7994.82 50510.92
7995.81 50516.62
7996.83 50522.34
7997.83 50528.10
7998.83 50533.67
7999.82 50539.17
8000.84 50544.85
8001.81 50550.17
8002.81 50555.77
8003.82 50561.24
8004.83 50566.78
8005.82 50572.01
8006.83 50577.56
8007.83 50583.12
8008.85 50588.83
8009.83 50594.07
8010.81 50599.10
8011.82 50604.35
8012.82 50609.63
8013.84 50614.96
8014.83 50620.32
8015.82 50625.71
8016.84 50631.18
8017.82 50636.53
8018.83 50642.15
8019.82 50647.31
8020.83 50652.91
8021.84 50658.34
8022.82 50663.67
8023.83 50669.32
8024.82 50674.63
8025.82 50680.17
8026.83 50685.79
8027.82 50691.13
8028.83 50696.81
8029.84 50702.39
8030.83 50707.90
8031.83 50713.40
8032.83 50719.12
8033.83 50724.81
8034.82 50730.46
8035.82 50736.09
8036.83 50741.98
8037.83 50747.72
8038.83 50753.83
8039.82 50759.75
8040.82 50765.34
8041.81 50771.03
8042.82 50776.97
8043.83 50782.81
8044.84 50788.38
8045.84 50793.73
8046.82 50799.53
8047.82 50805.44
8048.83 50811.63
8049.82 50817.61
8050.82 50823.30
8051.82 50829.23
8052.83 50835.16
8053.83 50840.87
8054.82 50846.89
8055.83 50852.76
8056.83 50858.61
8057.82 50864.50
8058.82 50870.51
8059.83 50876.58
8060.83 50882.50
8061.82 50888.30
8062.82 50894.16
8063.82 50899.88
8064.82 50905.64
8065.83 50911.61
8066.83 50917.76
8067.83 50923.83
8068.82 50929.04
8069.82 50935.36
8070.83 50941.38
8071.83 50947.52
8072.82 50953.43
8073.83 50959.10
8074.83 50964.93
8075.82 50970.83
8076.82 50976.78
8077.82 50983.02
8078.83 50989.51
8079.83 50995.89
8080.82 51002.23
8081.82 51008.67
8082.82 51015.11
8083.82 51021.56
8084.83 51028.05
8085.83 51034.43
8086.82 51040.64
8087.82 51047.19
8088.82 51053.23
8089.83 51059.84
8090.82 51066.30
8091.83 51072.73
8092.83 51079.26
8093.83 51085.79
8094.82 51092.16
8095.82 51098.65
8096.82 51105.14
8097.82 51111.54
8098.83 51118.12
8099.82 51124.48
8100.83 51130.59
8101.82 51136.60
8102.82 51142.80
8103.83 51148.84
8104.82 51154.66
8105.82 51160.69
8106.83 51166.32
8107.83 51172.24
8108.82 51178.39
8109.82 51184.34
8110.83 51190.68
8111.83 51196.61
8112.82 51202.80
8113.82 51208.91
8114.82 51215.19
8115.82 51221.62
8116.82 51227.82
8117.82 51234.11
8118.83 51240.16
8119.83 51246.02
8120.83 51251.95
8121.83 51257.64
8122.82 51263.33
8123.82 51269.07
8124.83 51274.98
8125.82 51280.46
8126.82 51285.57
8127.82 51291.17
8128.82 51296.66
8129.83 51302.23
8130.82 51307.52
8131.82 51312.71
8132.82 51318.04
8133.82 51323.50
8134.82 51328.92
8135.83 51334.16
8136.82 51339.09
8137.82 51344.17
8138.82 51349.26
8139.83 51354.58
8140.83 51359.93
8141.82 51365.41
8142.83 51370.81
8143.82 51376.35
8144.82 51381.80
8145.83 51387.43
8146.82 51393.01
8147.82 51398.65
8148.83 51404.18
8149.82 51409.84
8150.83 51415.60
8151.83 51421.48
8152.83 51427.30
8153.82 51433.03
8154.82 51438.64
8155.83 51444.32
8156.82 51449.94
8157.83 51455.56
8158.82 51460.88
8159.83 51466.76
8160.82 51472.70
8161.82 51478.46
8162.82 51484.39
8163.83 51489.91
8164.82 51495.68
8165.83 51501.51
8166.82 51506.95
8167.83 51512.38
8168.82 51518.06
8169.82 51523.48
8170.82 51529.10
8171.82 51534.99
8172.82 51541.12
8173.82 51547.11
8174.82 51553.15
8175.82 51559.07
8176.83 51565.18
8177.83 51571.07
8178.82 51576.94
8179.82 51582.66
8180.82 51588.56
8181.83 51594.75
8182.82 51600.66
8183.82 51606.65
8184.82 51612.53
8185.82 51618.27
8186.85 51624.33
8187.82 51630.35
8188.82 51636.39
8189.82 51642.43
8190.82 51648.66
8191.83 51654.90
8192.82 51661.14
8193.82 51667.50
8194.82 51673.53
8195.82 51679.88
8196.83 51686.11
8197.82 51692.44
8198.82 51698.64
8199.82 51704.28
8200.82 51710.10
8201.82 51715.84
8202.82 51721.80
8203.83 51727.76
8204.82 51733.61
8205.82 51739.43
8206.82 51745.46
8207.82 51751.61
8208.82 51757.22
8209.82 51763.09
8210.82 51769.29
8211.82 51775.19
8212.82 51781.12
8213.82 51787.12
8214.83 51793.42
8215.82 51800.06
8216.82 51806.56
8217.82 51812.53
8218.82 51818.57
8219.82 51825.20
8220.82 51831.54
8221.82 51837.80
8222.83 51843.79
8223.82 51849.33
8224.82 51854.84
8225.82 51860.85
8226.82 51867.25
8227.82 51873.41
8228.82 51879.66
8229.82 51886.02
8230.82 51892.25
8231.82 51897.96
8232.82 51904.43
8233.84 51910.80
8234.82 51917.04
8235.82 51923.42
8236.82 51929.60
8237.82 51935.88
8238.82 51941.89
8239.82 51948.05
8240.82 51954.13
8241.83 51960.03
8242.82 51965.82
8243.82 51971.44
8244.82 51976.74
8245.83 51982.02
8246.82 51987.36
8247.82 51992.66
8248.82 51998.09
8249.83 52003.53
8250.82 52008.61
8251.82 52013.54
8252.83 52018.77
8253.82 52023.72
8254.82 52028.74
8255.82 52033.98
8256.82 52039.29
8257.82 52044.64
8258.82 52050.04
8259.83 52055.58
8260.83 52061.19
8261.82 52066.53
8262.82 52072.01
8263.82 52077.47
8264.82 52082.83
8265.83 52088.32
8266.82 52093.93
8267.82 52099.29
8268.82 52104.70
8269.82 52110.22
8270.82 52115.87
8271.84 52121.41
8272.82 52126.69
8273.82 52132.03
8274.83 52137.56
8275.82 52143.25
8276.83 52148.97
8277.83 52154.63
8278.82 52160.42
8279.82 52166.10
8280.83 52171.09
8281.82 52176.52
8282.82 52182.00
8283.82 52187.45
8284.82 52192.81
8285.82 52198.14
8286.82 52203.62
8287.82 52209.11
8288.82 52214.83
8289.83 52220.85
8290.82 52226.78
8291.82 52232.67
8292.82 52238.70
8293.82 52244.45
8294.83 52250.19
8295.82 52256.11
8296.83 52262.04
8297.83 52267.94
8298.82 52273.80
8299.84 52279.62
8300.82 52285.36
8301.84 52291.38
8302.82 52297.17
8303.82 52302.71
8304.82 52307.72
8305.82 52313.31
8306.83 52319.28
8307.84 52325.18
8308.82 52330.74
8309.82 52336.47
8310.83 52342.63
8311.84 52348.62
8312.82 52354.74
8313.81 52361.03
8314.83 52367.48
8315.81 52373.81
8316.84 52379.66
8317.82 52385.46
8318.84 52391.57
8319.83 52397.32
8320.84 52403.34
8321.84 52409.80
8322.82 52416.19
8323.81 52422.42
8324.83 52428.85
8325.84 52435.35
8326.82 52441.44
8327.83 52447.83
8328.82 52453.96
8329.82 52459.76
8330.82 52465.39
8331.81 52471.70
8332.83 52477.75
8333.83 52483.82
8334.82 52489.78
8335.85 52496.27
8336.82 52502.58
8337.82 52508.77
8338.84 52515.25
8339.84 52521.73
8340.82 52528.07
8341.82 52534.27
8342.82 52540.73
8343.82 52547.01
8344.82 52552.89
8345.84 52558.49
8346.82 52564.49
8347.84 52570.50
8348.82 52576.57
8349.83 52582.62
8350.82 52588.28
8351.82 52594.52
8352.82 52600.95
8353.84 52607.00
8354.83 52612.29
8355.81 52618.32
8356.82 52624.82
8357.84 52631.27
8358.82 52636.72
8359.84 52642.77
8360.82 52648.66
8361.84 52654.70
8362.82 52660.62
8363.83 52666.42
8364.82 52671.94
8365.85 52677.80
8366.82 52683.25
8367.84 52689.12
8368.82 52694.68
8369.82 52700.21
8370.81 52705.88
8371.83 52711.71
8372.84 52717.33
8373.82 52722.66
8374.83 52728.20
8375.83 52733.56
8376.84 52738.78
8377.82 52743.81
8378.83 52748.59
8379.82 52753.66
8380.84 52758.71
8381.82 52763.89
8382.84 52769.36
8383.82 52774.53
8384.84 52780.25
8385.84 52785.83
8386.85 52791.51
8387.81 52796.93
8388.83 52802.39
8389.84 52808.17
8390.82 52813.56
8391.83 52819.28
8392.84 52824.96
8393.83 52830.59
8394.82 52836.37
8395.84 52842.26
8396.83 52848.07
8397.82 52853.71
8398.82 52859.38
8399.82 52865.05
8400.83 52870.98
8401.82 52876.87
8402.82 52882.69
8403.84 52888.37
8404.83 52893.98
8405.83 52899.93
8406.84 52905.99
8407.82 52911.72
8408.82 52917.62
8409.82 52922.88
8410.84 52928.40
8411.82 52934.09
8412.84 52939.85
8413.83 52945.27
8414.84 52951.06
8415.83 52957.02
8416.84 52963.20
8417.82 52969.11
8418.84 52975.09
8419.82 52980.94
8420.83 52987.09
8421.82 52993.03
8422.82 52999.18
8423.84 53005.16
8424.83 53011.05
8425.84 53017.11
8426.84 53023.05
8427.83 53028.76
8428.84 53034.64
8429.84 53039.77
8430.84 53045.49
8431.84 53051.50
8432.83 53057.38
8433.84 53063.57
8434.83 53069.35
8435.83 53075.43
8436.83 53081.51
8437.84 53087.76
8438.83 53093.64
8439.83 53099.30
8440.84 53105.71
8441.82 53111.74
8442.83 53117.52
8443.84 53123.14
8444.84 53128.64
8445.83 53134.40
8446.83 53140.40
8447.83 53146.87
8448.83 53153.46
8449.83 53159.87
8450.84 53166.23
8451.84 53172.56
8452.83 53178.93
8453.84 53185.29
8454.84 53191.66
8455.84 53198.05
8456.84 53204.66
8457.84 53210.84
8458.83 53217.27
8459.86 53223.77
8460.84 53230.27
8461.83 53236.70
8462.83 53243.08
8463.84 53249.45
8464.84 53255.83
8465.83 53261.96
8466.83 53268.12
8467.84 53274.30
8468.84 53280.47
8469.82 53286.69
8470.84 53293.26
8471.83 53299.61
8472.84 53305.90
8473.84 53311.58
8474.83 53317.47
8475.84 53323.46
8476.83 53329.15
8477.84 53334.73
8478.83 53340.91
8479.83 53347.41
8480.83 53353.78
8481.84 53360.21
8482.83 53366.03
8483.83 53372.13
8484.83 53378.01
8485.83 53383.82
8486.84 53389.35
8487.83 53394.39
8488.84 53400.09
8489.82 53405.66
8490.83 53411.31
8491.84 53417.07
8492.84 53422.42
8493.83 53427.92
8494.84 53433.52
8495.83 53438.96
8496.84 53444.39
8497.83 53449.68
8498.84 53454.71
8499.83 53459.92
8500.83 53465.42
8501.83 53470.96
8502.84 53476.39
8503.83 53481.78
8504.82 53486.97
8505.83 53492.01
8506.82 53497.03
8507.83 53502.16
8508.84 53507.41
8509.83 53512.60
8510.84 53518.28
8511.83 53523.80
8512.84 53529.68
8513.82 53534.97
8514.83 53540.70
8515.84 53546.39
8516.83 53551.55
8517.84 53557.05
8518.83 53562.46
8519.84 53568.22
8520.83 53573.72
8521.83 53579.32
8522.83 53585.17
8523.83 53591.13
8524.84 53597.17
8525.83 53602.98
8526.83 53608.69
8527.83 53614.76
8528.84 53620.82
8529.84 53626.87
8530.84 53632.87
8531.83 53638.86
8532.83 53644.84
8533.83 53650.81
8534.84 53656.83
8535.83 53662.76
8536.84 53668.37
8537.84 53674.10
8538.84 53679.34
8539.84 53684.71
8540.84 53690.69
8541.84 53696.75
8542.83 53702.93
8543.83 53708.86
8544.84 53714.98
8545.83 53720.70
8546.83 53726.69
8547.84 53732.70
8548.82 53737.66
8549.84 53743.80
8550.84 53749.59
8551.83 53755.26
8552.83 53761.32
8553.83 53767.15
8554.83 53773.00
8555.83 53778.72
8556.83 53784.98
8557.83 53791.21
8558.83 53797.41
8559.83 53803.65
8560.83 53809.97
8561.83 53816.20
8562.83 53822.56
8563.83 53828.82
8564.83 53835.25
8565.83 53841.49
8566.83 53847.87
8567.83 53853.89
8568.83 53859.40
8569.83 53865.10
8570.83 53871.05
8571.83 53876.81
8572.83 53882.89
8573.83 53888.90
8574.83 53894.95
8575.83 53901.34
8576.83 53907.36
8577.83 53913.86
8578.83 53919.91
8579.84 53926.07
8580.83 53932.29
8581.83 53938.87
8582.83 53945.22
8583.83 53951.71
8584.83 53958.23
8585.83 53964.55
8586.83 53971.04
8587.83 53976.98
8588.83 53983.28
8589.83 53989.53
8590.83 53995.18
8591.83 54001.36
8592.83 54007.55
8593.83 54013.84
8594.83 54020.30
8595.82 54026.32
8596.83 54032.72
8597.83 54038.98
8598.83 54045.34
8599.83 54051.27
8600.83 54057.44
8601.83 54063.46
8602.83 54069.37
8603.83 54075.36
8604.82 54081.31
8605.83 54087.27
8606.82 54093.27
8607.83 54099.38
8608.83 54104.71
8609.83 54109.84
8610.83 54115.41
8611.83 54121.11
8612.82 54126.59
8613.82 54132.18
8614.83 54137.45
8615.83 54143.09
8616.83 54148.46
8617.83 54153.94
8618.83 54159.40
8619.86 54164.96
8620.83 54169.58
8621.83 54174.76
8622.83 54180.20
8623.83 54185.75
8624.83 54191.28
8625.83 54196.71
8626.83 54202.23
8627.82 54207.73
8628.83 54213.24
8629.83 54218.67
8630.83 54224.30
8631.83 54229.60
8632.83 54234.44
8633.83 54239.76
8634.84 54244.96
8635.83 54250.33
8636.83 54256.02
8637.83 54261.82
8638.82 54267.46
8639.82 54273.33
8640.83 54278.79
8641.83 54283.98
8642.83 54289.77
8643.83 54295.43
8644.83 54301.20
8645.84 54306.87
8646.82 54312.32
8647.83 54318.03
8648.82 54323.25
8649.84 54328.95
8650.84 54334.92
8651.83 54340.62
8652.82 54346.43
8653.84 54352.41
8654.83 54358.14
8655.82 54364.25
8656.83 54370.30
8657.82 54376.03
8658.82 54381.99
8659.82 54388.01
8660.83 54394.13
8661.82 54399.90
8662.83 54405.55
8663.83 54411.21
8664.83 54416.33
8665.83 54421.45
8666.83 54427.13
8667.83 54433.07
8668.83 54438.87
8669.83 54444.36
8670.82 54449.61
8671.83 54455.36
8672.84 54460.91
8673.83 54466.49
8674.84 54472.01
8675.82 54477.77
8676.84 54483.95
8677.83 54489.75
8678.82 54495.58
8679.84 54501.91
8680.83 54507.84
8681.84 54514.11
8682.82 54520.14
8683.82 54526.16
8684.83 54532.23
8685.83 54538.18
8686.82 54544.41
8687.82 54550.46
8688.83 54556.09
8689.83 54562.55
8690.82 54568.87
8691.83 54575.32
8692.82 54581.50
8693.82 54587.73
8694.82 54593.74
8695.82 54599.45
8696.83 54605.34
8697.83 54611.06
8698.85 54617.43
8699.83 54623.67
8700.82 54630.03
8701.83 54636.30
8702.84 54643.00
8703.82 54649.26
8704.83 54655.67
8705.83 54662.11
8706.83 54668.54
8707.82 54674.71
8708.82 54681.12
8709.84 54687.47
8710.83 54693.46
8711.84 54699.83
8712.82 54706.10
8713.83 54711.83
8714.84 54717.82
8715.82 54723.90
8716.83 54730.35
8717.82 54736.65
8718.83 54742.75
8719.84 54749.17
8720.83 54755.46
8721.85 54761.79
8722.82 54767.82
8723.83 54774.04
8724.83 54780.07
8725.84 54785.42
8726.82 54791.25
8727.83 54797.11
8728.82 54802.67
8729.83 54808.42
8730.82 54814.04
8731.83 54819.88
8732.82 54825.50
8733.83 54831.26
8734.82 54836.78
8735.84 54842.45
8736.83 54848.23
8737.83 54853.91
8738.83 54859.39
8739.83 54864.92
8740.82 54870.38
8741.83 54875.83
8742.84 54881.36
8743.83 54886.77
8744.82 54892.09
8745.83 54897.63
8746.83 54903.31
8747.82 54908.75
8748.84 54914.47
8749.82 54920.00
8750.83 54925.51
8751.83 54931.11
8752.82 54936.82
8753.84 54942.39
8754.82 54947.79
8755.82 54953.27
8756.83 54958.86
8757.82 54964.07
8758.82 54969.34
8759.82 54975.10
8760.83 54980.41
8761.83 54985.82
8762.82 54991.62
8763.85 54997.03
8764.82 55002.13
8765.82 55005.69
8766.84 55009.02
8767.84 55012.96
8768.82 55016.77
8769.82 55021.21
8770.83 55025.90
8771.82 55030.44
8772.82 55035.39
8773.82 55040.08
8774.82 55044.72
8775.82 55049.49
8776.82 55054.01
8777.83 55058.88
8778.82 55063.87
8779.84 55068.95
8780.84 55073.88
8781.82 55078.65
8782.83 55083.26
8783.85 55086.61
8784.83 55091.17
8785.84 55096.70
8786.84 55101.51
8787.81 55104.81
8788.83 55108.99
8789.81 55113.40
8790.81 55117.58
8791.81 55122.47
8792.84 55127.33
8793.82 55132.17
8794.83 55136.79
8795.82 55141.33
8796.82 55146.09
8797.83 55151.05
8798.82 55156.09
8799.84 55160.82
8800.83 55165.21
8801.84 55170.08
8802.83 55174.94
8803.82 55179.46
8804.82 55184.35
8805.82 55189.06
8806.82 55193.90
8807.82 55198.52
8808.83 55203.53
8809.84 55208.33
8810.83 55212.91
8811.84 55217.66
8812.82 55222.24
8813.82 55226.87
8814.84 55231.41
8815.83 55235.70
8816.83 55240.26
8817.84 55244.68
8818.84 55249.12
8819.84 55253.64
8820.82 55257.95
8821.82 55261.92
8822.82 55265.92
8823.82 55269.88
8824.84 55274.16
8825.83 55278.30
8826.84 55282.42
8827.84 55286.17
8828.82 55289.69
8829.84 55293.51
8830.82 55297.16
8831.82 55301.31
8832.82 55305.25
8833.84 55309.21
8834.84 55314.83
8835.84 55320.63
8836.84 55326.13
8837.84 55331.51
8838.83 55337.13
8839.84 55342.85
8840.82 55348.52
8841.84 55354.55
8842.82 55359.97
8843.83 55365.73
8844.84 55371.31
8845.84 55376.91
8846.84 55382.53
8847.84 55388.10
8848.84 55393.84
8849.83 55399.44
8850.84 55405.06
8851.84 55410.71
8852.84 55416.34
8853.85 55421.88
8854.84 55427.03
8855.84 55432.22
8856.84 55437.62
8857.84 55443.16
8858.84 55448.69
8859.82 55454.26
8860.84 55460.01
8861.83 55465.70
8862.84 55471.36
8863.84 55476.98
8864.82 55482.55
8865.84 55488.22
8866.87 55494.14
8867.84 55499.52
8868.84 55505.05
8869.82 55510.49
8870.84 55516.03
8871.84 55521.78
8872.84 55527.56
8873.84 55533.23
8874.84 55539.02
8875.85 55544.72
8876.84 55550.43
8877.84 55556.47
8878.84 55562.15
8879.84 55567.90
8880.84 55573.70
8881.84 55579.55
8882.84 55585.42
8883.84 55591.31
8884.85 55597.37
8885.84 55603.12
8886.84 55609.12
8887.85 55615.13
8888.84 55620.98
8889.84 55626.72
8890.84 55632.64
8891.84 55638.62
8892.84 55644.80
8893.84 55650.50
8894.83 55656.16
8895.84 55662.37
8896.84 55668.46
8897.84 55674.44
8898.84 55680.36
8899.84 55686.44
8900.84 55692.87
8901.84 55699.12
8902.84 55705.33
8903.84 55711.71
8904.84 55717.76
8905.84 55723.70
8906.83 55729.53
8907.84 55735.78
8908.84 55741.90
8909.84 55748.12
8910.84 55754.18
8911.84 55760.27
8912.84 55766.23
8913.84 55772.26
8914.84 55778.32
8915.83 55784.33
8916.84 55790.29
8917.84 55796.31
8918.84 55802.56
8919.84 55808.65
8920.84 55814.46
8921.84 55820.57
8922.84 55826.80
8923.84 55832.97
8924.84 55839.24
8925.84 55845.14
8926.84 55850.95
8927.83 55856.39
8928.84 55862.32
8929.84 55868.62
8930.84 55874.95
8931.84 55881.33
8932.84 55887.40
8933.84 55893.68
8934.84 55899.95
8935.84 55906.11
8936.84 55912.13
8937.84 55918.10
8938.83 55923.96
8939.84 55930.28
8940.83 55936.42
8941.84 55942.87
8942.83 55949.11
8943.84 55955.70
8944.83 55962.07
8945.84 55968.39
8946.84 55974.45
8947.83 55980.42
8948.84 55986.31
8949.84 55992.58
8950.84 55998.83
8951.84 56004.88
8952.84 56010.87
8953.84 56016.65
8954.84 56022.53
8955.84 56028.16
8956.84 56034.36
8957.84 56040.02
8958.84 56045.58
8959.85 56051.59
8960.84 56057.29
8961.84 56063.15
8962.84 56068.94
8963.84 56074.57
8964.84 56080.12
8965.84 56085.69
8966.84 56091.34
8967.84 56096.09
8968.83 56101.81
8969.84 56107.36
8970.84 56112.90
8971.84 56118.45
8972.84 56124.15
8973.84 56129.81
8974.83 56135.27
8975.84 56141.05
8976.84 56146.73
8977.83 56152.28
8978.84 56157.99
8979.84 56163.81
8980.84 56169.57
8981.84 56175.17
8982.84 56180.81
8983.84 56186.45
8984.84 56192.26
8985.84 56198.14
8986.84 56203.74
8987.84 56209.00
8988.83 56214.70
8989.84 56220.40
8990.84 56226.00
8991.84 56231.62
8992.84 56237.32
8993.84 56242.87
8994.84 56248.67
8995.83 56254.30
8996.84 56259.87
8997.83 56265.44
8998.84 56271.23
8999.84 56277.30
9000.84 56283.02
9001.84 56288.86
9002.83 56294.80
9003.83 56300.75
9004.84 56306.51
9005.84 56312.47
9006.85 56318.38
9007.83 56323.99
9008.84 56329.67
9009.84 56335.62
9010.83 56341.44
9011.84 56347.43
9012.83 56353.48
9013.83 56359.49
9014.84 56365.36
9015.83 56371.35
9016.84 56377.64
9017.84 56384.03
9018.83 56390.21
9019.83 56396.45
9020.84 56402.71
9021.84 56409.05
9022.84 56415.50
9023.83 56421.48
9024.84 56427.85
9025.84 56433.91
9026.83 56440.21
9027.84 56446.60
9028.84 56452.95
9029.83 56459.20
9030.84 56465.45
9031.83 56471.64
9032.84 56478.10
9033.84 56484.37
9034.83 56490.40
9035.83 56496.24
9036.83 56502.46
9037.83 56508.71
9038.83 56514.78
9039.84 56521.06
9040.83 56527.44
9041.84 56533.86
9042.83 56540.09
9043.84 56546.29
9044.83 56552.14
9045.83 56558.50
9046.84 56564.46
9047.84 56570.33
9048.83 56576.52
9049.84 56582.72
9050.84 56588.59
9051.84 56594.41
9052.83 56600.11
9053.84 56606.56
9054.83 56612.85
9055.83 56619.09
9056.83 56625.53
9057.84 56632.02
9058.83 56638.37
9059.83 56644.79
9060.84 56650.69
9061.83 56656.64
9062.84 56663.12
9063.84 56669.47
9064.83 56675.73
9065.84 56682.12
9066.84 56688.31
9067.83 56694.25
9068.84 56700.40
9069.83 56706.33
9070.83 56712.09
9071.83 56717.90
9072.83 56723.73
9073.84 56729.75
9074.84 56735.15
9075.83 56740.72
9076.83 56746.25
9077.83 56751.86
9078.83 56757.48
9079.84 56763.11
9080.84 56768.73
9081.83 56774.40
9082.86 56780.00
9083.83 56785.76
9084.84 56791.52
9085.84 56797.12
9086.83 56802.67
9087.84 56808.54
9088.86 56814.25
9089.84 56819.76
9090.83 56825.50
9091.84 56831.34
9092.84 56837.07
9093.84 56842.93
9094.83 56848.49
9095.84 56854.25
9096.83 56860.04
9097.84 56865.91
9098.83 56871.56
9099.84 56877.44
9100.84 56882.94
9101.84 56888.63
9102.83 56894.25
9103.84 56899.79
9104.83 56905.42
9105.83 56910.98
9106.83 56916.63
9107.83 56922.36
9108.85 56928.02
9109.83 56933.34
9110.84 56938.72
9111.85 56943.51
9112.84 56948.79
9113.84 56954.07
9114.84 56959.76
9115.84 56965.23
9116.85 56970.65
9117.84 56976.41
9118.83 56982.35
9119.83 56988.27
9120.84 56994.22
9121.85 56999.86
9122.83 57005.49
9123.83 57011.30
9124.86 57017.36
9125.84 57023.18
9126.85 57029.19
9127.83 57035.19
9128.85 57041.10
9129.84 57047.12
9130.85 57053.16
9131.84 57058.60
9132.84 57064.36
9133.85 57069.90
9134.83 57075.56
9135.85 57081.55
9136.84 57087.73
9137.83 57093.93
9138.84 57100.50
9139.84 57106.47
9140.85 57113.00
9141.84 57119.38
9142.82 57125.60
9143.83 57132.05
9144.86 57138.44
9145.85 57144.55
9146.83 57150.84
9147.82 57157.24
9148.85 57163.74
9149.85 57169.86
9150.82 57176.11
9151.85 57182.71
9152.83 57188.98
9153.84 57195.35
9154.83 57201.74
9155.84 57208.08
9156.86 57214.44
9157.83 57220.51
9158.85 57226.87
9159.84 57232.91
9160.83 57239.12
9161.82 57244.95
9162.84 57251.26
9163.85 57257.28
9164.84 57263.44
9165.84 57269.83
9166.84 57275.40
9167.85 57281.68
9168.83 57287.95
9169.85 57294.30
9170.83 57300.50
9171.85 57306.91
9172.84 57313.29
9173.83 57319.53
9174.83 57325.95
9175.85 57332.48
9176.85 57338.65
9177.85 57344.86
9178.84 57351.02
9179.85 57357.25
9180.84 57363.54
9181.83 57369.80
9182.85 57376.32
9183.84 57382.37
9184.83 57388.53
9185.84 57394.99
9186.83 57401.23
9187.85 57407.90
9188.83 57414.16
9189.84 57420.63
9190.83 57426.81
9191.85 57433.21
9192.83 57439.70
9193.83 57445.64
9194.84 57451.41
9195.84 57457.53
9196.85 57463.76
9197.84 57469.96
9198.84 57476.28
9199.82 57482.28
9200.83 57488.19
9201.85 57494.11
9202.85 57500.00
9203.83 57505.76
9204.84 57511.56
9205.83 57517.28
9206.84 57523.08
9207.84 57528.52
9208.84 57534.39
9209.84 57540.17
9210.84 57545.92
9211.85 57551.76
9212.84 57557.25
9213.85 57563.04
9214.83 57568.60
9215.85 57574.12
9216.84 57579.64
9217.83 57585.44
9218.85 57591.28
9219.83 57596.89
9220.85 57602.61
9221.85 57608.29
9222.86 57614.06
9223.84 57619.31
9224.85 57624.60
9225.84 57629.84
9226.83 57634.97
9227.84 57640.32
9228.85 57645.87
9229.86 57651.67
9230.84 57657.17
9231.83 57662.58
9232.84 57668.20
9233.84 57673.75
9234.85 57679.57
9235.84 57685.18
9236.84 57690.95
9237.84 57696.67
9238.84 57702.33
9239.84 57707.98
9240.84 57713.65
9241.85 57719.26
9242.84 57725.08
9243.84 57731.00
9244.84 57736.75
9245.84 57742.74
9246.85 57748.65
9247.85 57754.47
9248.84 57760.36
9249.84 57766.15
9250.85 57772.00
9251.84 57777.59
9252.85 57783.45
9253.85 57789.15
9254.85 57794.95
9255.84 57800.73
9256.84 57806.30
9257.84 57811.76
9258.85 57817.52
9259.84 57823.12
9260.86 57829.32
9261.84 57835.45
9262.85 57841.81
9263.84 57848.09
9264.84 57854.39
9265.85 57860.89
9266.85 57867.41
9267.84 57873.34
9268.85 57879.76
9269.85 57885.83
9270.84 57892.15
9271.84 57897.88
9272.86 57904.34
9273.84 57910.39
9274.84 57916.63
9275.85 57922.88
9276.85 57929.02
9277.84 57935.07
9278.85 57941.07
9279.85 57946.84
9280.84 57952.51
9281.84 57958.33
9282.85 57964.59
9283.84 57970.71
9284.84 57976.87
9285.85 57982.75
9286.84 57989.16
9287.85 57995.56
9288.84 58001.91
9289.85 58008.33
9290.84 58014.67
9291.85 58020.81
9292.84 58027.13
9293.85 58033.54
9294.84 58039.81
9295.84 58046.10
9296.84 58052.46
9297.85 58058.76
9298.84 58064.87
9299.84 58071.10
9300.84 58077.47
9301.85 58083.73
9302.84 58089.85
9303.84 58095.93
9304.85 58102.01
9305.85 58108.24
9306.85 58114.44
9307.84 58120.83
9308.86 58127.40
9309.85 58133.96
9310.84 58140.55
9311.85 58146.79
9312.84 58153.17
9313.85 58159.36
9314.85 58165.60
9315.84 58171.95
9316.84 58178.30
9317.84 58184.76
9318.84 58191.11
9319.84 58197.45
9320.84 58203.79
9321.84 58209.77
9322.84 58215.70
9323.84 58221.53
9324.85 58227.20
9325.84 58232.80
9326.84 58238.62
9327.84 58244.73
9328.84 58250.31
9329.84 58255.95
9330.85 58261.68
9331.85 58267.60
9332.84 58273.39
9333.84 58278.92
9334.84 58284.70
9335.85 58290.20
9336.84 58295.73
9337.84 58301.23
9338.84 58306.57
9339.85 58311.86
9340.84 58317.24
9341.84 58322.53
9342.85 58327.46
9343.84 58332.26
9344.85 58337.65
9345.85 58343.04
9346.84 58348.36
9347.84 58353.72
9348.84 58359.32
9349.85 58365.03
9350.85 58370.45
9351.84 58375.89
9352.84 58381.06
9353.84 58386.35
9354.84 58391.46
9355.85 58396.70
9356.84 58402.36
9357.85 58408.22
9358.84 58413.82
9359.85 58419.38
9360.84 58425.06
9361.84 58430.68
9362.84 58436.43
9363.84 58442.23
9364.84 58447.83
9365.85 58453.80
9366.84 58459.64
9367.84 58465.40
9368.85 58471.12
9369.84 58476.70
9370.84 58482.66
9371.85 58488.40
9372.84 58494.14
9373.84 58499.32
9374.85 58504.87
9375.84 58510.82
9376.85 58516.80
9377.84 58522.48
9378.84 58528.17
9379.84 58534.28
9380.84 58540.44
9381.84 58546.33
9382.84 58552.25
9383.85 58558.47
9384.84 58564.51
9385.84 58570.50
9386.84 58576.57
9387.85 58583.01
9388.84 58589.05
9389.84 58594.98
9390.85 58600.97
9391.84 58606.85
9392.84 58612.76
9393.84 58618.93
9394.84 58624.72
9395.84 58630.53
9396.84 58636.53
9397.84 58642.33
9398.84 58647.94
9399.84 58653.86
9400.84 58659.78
9401.85 58665.72
9402.84 58671.74
9403.84 58676.66
9404.84 58682.01
9405.84 58688.00
9406.84 58694.03
9407.84 58700.48
9408.84 58706.80
9409.84 58712.79
9410.84 58719.15
9411.84 58725.55
9412.84 58731.89
9413.84 58738.39
9414.84 58744.74
9415.84 58750.92
9416.84 58757.27
9417.84 58763.66
9418.84 58769.76
9419.84 58775.98
9420.84 58782.21
9421.84 58788.36
9422.84 58794.60
9423.84 58800.77
9424.84 58807.22
9425.84 58813.45
9426.84 58819.76
9427.84 58825.94
9428.84 58832.28
9429.84 58838.39
9430.84 58844.83
9431.84 58850.93
9432.84 58857.28
9433.84 58863.18
9434.84 58869.57
9435.85 58875.97
9436.84 58882.02
9437.84 58887.92
9438.84 58893.78
9439.84 58899.68
9440.84 58905.31
9441.84 58911.05
9442.84 58916.58
9443.84 58922.52
9444.84 58928.42
9445.84 58934.10
9446.84 58939.62
9447.84 58945.21
9448.85 58950.83
9449.84 58956.40
9450.84 58961.84
9451.84 58967.36
9452.84 58972.83
9453.85 58978.32
9454.84 58983.91
9455.84 58990.13
9456.84 58995.78
9457.84 59001.23
9458.85 59006.84
9459.84 59012.47
9460.84 59017.76
9461.84 59023.21
9462.84 59028.84
9463.84 59034.47
9464.85 59039.80
9465.84 59045.37
9466.85 59051.08
9467.84 59056.56
9468.84 59062.16
9469.84 59067.69
9470.85 59073.07
9471.84 59078.52
9472.85 59084.01
9473.84 59089.62
9474.84 59095.12
9475.84 59100.87
9476.84 59106.32
9477.84 59111.02
9478.84 59116.25
9479.84 59121.63
9480.84 59127.20
9481.84 59132.51
9482.85 59137.87
9483.84 59143.39
9484.84 59149.13
9485.85 59154.72
9486.85 59160.68
9487.84 59166.08
9488.84 59171.51
9489.84 59177.01
9490.84 59182.45
9491.84 59187.92
9492.84 59193.69
9493.85 59199.27
9494.84 59204.96
9495.85 59210.96
9496.86 59217.10
9497.84 59222.82
9498.85 59228.92
9499.84 59234.90
9500.86 59240.97
9501.84 59246.98
9502.84 59252.96
9503.84 59258.97
9504.84 59264.89
9505.86 59270.96
9506.84 59276.80
9507.84 59282.76
9508.84 59289.01
9509.86 59295.33
9510.84 59301.48
9511.84 59307.71
9512.84 59314.01
9513.86 59320.49
9514.85 59326.31
9515.84 59332.21
9516.85 59338.23
9517.84 59344.18
9518.85 59350.05
9519.84 59355.88
9520.86 59362.15
9521.86 59367.84
9522.84 59373.70
9523.83 59379.61
9524.84 59385.34
9525.84 59391.21
9526.84 59397.33
9527.84 59403.24
9528.86 59409.36
9529.85 59415.40
9530.84 59421.72
9531.83 59427.83
9532.84 59433.95
9533.84 59439.92
9534.84 59446.09
9535.84 59452.16
9536.84 59458.36
9537.86 59464.67
9538.86 59470.95
9539.84 59476.98
9540.86 59483.23
9541.86 59489.42
9542.83 59495.76
9543.84 59502.06
9544.84 59508.19
9545.86 59514.59
9546.84 59520.73
9547.86 59527.15
9548.84 59533.37
9549.87 59539.87
9550.84 59545.60
9551.86 59551.99
9552.85 59558.05
9553.84 59563.78
9554.86 59569.81
9555.84 59575.76
9556.84 59581.98
9557.87 59588.09
9558.86 59593.91
9559.85 59599.86
9560.84 59605.86
9561.86 59611.94
9562.84 59618.26
9563.86 59623.94
9564.83 59629.86
9565.86 59635.85
9566.84 59641.54
9567.86 59647.88
9568.83 59653.92
9569.86 59660.56
9570.84 59666.58
9571.86 59671.62
9572.84 59676.65
9573.86 59682.51
9574.84 59688.13
9575.86 59693.97
9576.86 59699.60
9577.85 59705.40
9578.84 59711.12
9579.86 59716.97
9580.86 59722.51
9581.86 59727.95
9582.85 59733.36
9583.84 59738.67
9584.84 59744.24
9585.86 59750.02
9586.84 59755.42
9587.84 59760.87
9588.86 59766.59
9589.85 59771.98
9590.84 59777.53
9591.84 59783.06
9592.85 59788.68
9593.86 59794.44
9594.85 59799.83
9595.84 59805.30
9596.84 59810.67
9597.86 59816.06
9598.84 59821.37
9599.86 59827.07
9600.84 59832.62
9601.85 59838.34
9602.86 59843.95
9603.85 59849.59
9604.84 59855.32
9605.86 59861.09
9606.84 59866.56
9607.86 59872.19
9608.86 59877.90
9609.86 59883.55
9610.84 59889.24
9611.85 59894.99
9612.86 59900.79
9613.85 59906.51
9614.86 59912.28
9615.86 59917.99
9616.86 59923.67
9617.84 59929.14
9618.86 59935.15
9619.84 59940.85
9620.86 59946.84
9621.85 59952.59
9622.84 59958.54
9623.84 59964.43
9624.84 59970.41
9625.85 59976.39
9626.84 59982.10
9627.85 59987.92
9628.85 59993.77
9629.84 59999.35
9630.86 60005.43
9631.86 60011.57
9632.85 60017.65
9633.86 60023.71
9634.86 60029.73
9635.85 60035.53
9636.86 60041.47
9637.85 60047.33
9638.86 60053.39
9639.86 60059.48
9640.84 60065.41
9641.85 60071.81
9642.86 60078.00
9643.86 60084.16
9644.86 60090.04
9645.85 60095.90
9646.86 60102.28
9647.85 60108.26
9648.85 60114.58
9649.85 60121.01
9650.86 60127.43
9651.85 60133.88
9652.85 60140.29
9653.85 60146.71
9654.86 60153.13
9655.86 60159.40
9656.86 60165.93
9657.85 60172.45
9658.86 60178.77
9659.85 60184.79
9660.86 60190.91
9661.86 60197.06
9662.86 60203.37
9663.85 60209.66
9664.86 60216.04
9665.85 60222.17
9666.86 60228.64
9667.85 60234.91
9668.86 60240.95
9669.85 60247.03
9670.86 60253.25
9671.86 60259.31
9672.84 60265.44
9673.86 60271.69
9674.86 60277.98
9675.86 60284.41
9676.86 60290.76
9677.85 60297.11
9678.86 60303.59
9679.85 60310.05
9680.86 60316.22
9681.86 60322.55
9682.85 60328.76
9683.87 60335.14
9684.85 60341.11
9685.86 60347.55
9686.85 60353.93
9687.86 60360.15
9688.86 60365.39
9689.84 60371.06
9690.85 60376.96
9691.86 60382.51
9692.85 60388.03
9693.86 60393.67
9694.86 60399.68
9695.86 60405.49
9696.85 60411.05
9697.85 60416.62
9698.85 60422.47
9699.85 60428.21
9700.85 60433.65
9701.85 60438.89
9702.86 60444.37
9703.85 60449.90
9704.86 60455.31
9705.85 60460.92
9706.86 60466.62
9707.86 60471.91
9708.85 60477.21
9709.86 60482.47
9710.85 60488.00
9711.86 60493.76
9712.85 60499.21
9713.86 60504.88
9714.84 60510.27
9715.86 60515.77
9716.85 60521.13
9717.86 60526.84
9718.84 60532.38
9719.86 60538.03
9720.85 60543.41
9721.85 60548.65
9722.85 60554.19
9723.85 60559.69
9724.85 60565.09
9725.85 60570.46
9726.85 60575.70
9727.86 60581.25
9728.86 60586.77
9729.86 60592.02
9730.86 60597.31
9731.85 60602.68
9732.85 60608.42
9733.86 60613.97
9734.85 60619.48
9735.85 60624.95
9736.86 60630.79
9737.85 60636.43
9738.86 60642.23
9739.85 60648.00
9740.86 60653.75
9741.86 60659.74
9742.85 60665.60
9743.85 60671.55
9744.84 60677.53
9745.85 60683.66
9746.85 60689.66
9747.86 60695.87
9748.85 60701.95
9749.86 60708.13
9750.85 60714.08
9751.85 60720.20
9752.84 60726.23
9753.86 60732.44
9754.84 60738.33
9755.85 60744.70
9756.85 60750.95
9757.85 60757.20
9758.85 60763.33
9759.85 60769.55
9760.84 60775.70
9761.85 60781.85
9762.84 60787.23
9763.85 60792.67
9764.83 60796.93
9765.83 60800.66
9766.83 60804.65
9767.83 60808.87
9768.83 60813.07
9769.84 60817.46
9770.85 60821.58
9771.86 60825.74
9772.85 60829.97
9773.85 60834.30
9774.85 60838.25
9775.85 60842.36
9776.85 60846.55
9777.86 60850.71
9778.86 60855.03
9779.84 60859.49
9780.84 60863.72
9781.86 60868.37
9782.84 60872.76
9783.86 60877.28
9784.84 60881.58
9785.84 60886.22
9786.84 60890.66
9787.86 60895.14
9788.86 60899.53
9789.85 60903.86
9790.85 60908.22
9791.85 60912.75
9792.85 60917.19
9793.85 60921.35
9794.85 60925.59
9795.86 60930.28
9796.85 60934.74
9797.85 60939.36
9798.85 60943.90
9799.86 60948.40
9800.84 60952.50
9801.84 60956.39
9802.85 60960.21
9803.86 60964.15
9804.83 60968.11
9805.84 60972.12
9806.85 60976.15
9807.85 60981.36
9808.85 60985.33
9810.85 60996.48
9812.90 61008.48
9813.85 61013.89
9815.88 61025.30
9816.86 61031.10
9817.85 61036.89
9818.89 61042.68
9819.84 61047.72
9820.85 61053.53
9821.85 61059.22
9824.86 61076.97
9825.87 61082.89
9827.85 61093.49
9829.88 61105.31
9830.85 61111.03
9832.85 61122.37
9833.86 61127.99
9834.85 61133.45
9835.85 61139.07
9837.87 61151.13
9838.85 61156.86
9839.85 61162.64
9840.86 61168.62
9841.85 61174.23
9842.85 61179.99
9843.85 61185.57
9844.84 61191.19
9845.86 61197.00
9846.88 61203.20
9847.87 61209.09
9848.85 61214.92
9849.85 61220.96
9850.84 61227.08
9851.85 61233.08
9852.85 61238.27
9853.85 61244.08
9855.86 61256.61
9856.86 61262.67
9857.86 61268.55
9859.84 61280.67
9860.84 61286.99
9861.88 61293.40
9862.84 61298.70
9863.84 61305.36
9864.86 61311.59
9865.85 61317.45
9866.84 61323.89
9867.87 61330.07
9868.84 61335.99
9869.84 61342.03
9870.84 61348.26
9871.84 61354.37
9873.84 61367.46
9874.86 61374.06
9876.85 61387.08
9877.85 61393.54
9879.86 61406.72
9880.84 61412.24
9881.84 61418.58
9882.89 61425.35
9884.84 61437.95
9885.86 61444.40
9886.84 61450.77
9887.86 61457.19
9888.84 61463.43
9889.86 61469.74
9891.87 61482.77
9892.86 61489.06
9893.84 61495.44
9894.85 61501.94
9895.86 61508.42
9897.86 61521.70
9898.85 61528.08
9899.84 61534.45
9900.84 61540.75
9901.86 61547.36
9902.85 61553.73
9903.86 61560.31
9904.85 61566.51
9905.86 61572.87
9906.84 61578.95
9907.92 61585.74
9908.86 61591.61
9909.85 61597.70
9910.85 61603.48
9911.85 61609.36
9912.87 61615.60
9913.84 61621.34
9914.87 61627.58
9915.85 61633.49
9916.86 61639.98
9917.85 61646.16
9918.84 61652.62
9919.84 61659.21
9920.85 61665.79
9921.86 61672.33
9922.84 61678.62
9923.86 61685.34
9924.85 61691.86
9925.84 61697.62
9926.84 61703.64
9927.86 61709.47
9928.84 61715.35
9929.86 61721.37
9930.84 61727.13
9931.86 61733.54
9932.85 61739.52
9933.86 61745.52
9934.86 61751.00
9935.87 61756.93
9936.91 61762.91
9937.84 61768.33
9938.86 61774.35
9939.84 61780.04
9940.85 61786.09
9941.86 61792.53
9942.84 61798.71
9943.86 61805.03
9944.91 61811.14
9945.84 61816.78
9946.85 61822.58
9947.87 61828.30
9948.86 61833.90
9949.86 61839.54
9951.86 61851.31
9952.85 61856.94
9954.87 61868.45
9956.87 61879.61
9957.86 61884.95
9958.86 61890.40
9960.85 61901.13
9961.86 61906.41
9963.87 61917.28
9964.97 61923.17
9965.88 61928.13
9966.86 61933.63
9969.89 61950.72
9976.92 61991.29
9981.86 62021.37
9982.86 62027.72
9983.84 62033.59
9985.87 62045.52
9986.86 62051.83
9987.84 62058.04
9988.86 62064.60
9989.87 62071.02
9990.86 62077.57
9991.86 62084.09
9992.94 62091.23
9994.86 62103.95
9996.07 62111.87
9997.93 62124.21
9998.86 62130.15
9999.86 62136.59
10000.88 62142.90
10001.87 62148.28
10002.86 62154.33
10003.86 62160.83
10004.87 62167.31
10005.86 62173.60
10006.86 62179.89
10007.86 62185.99
10009.87 62198.84
10011.84 62211.39
10012.86 62217.76
10013.86 62223.97
10014.86 62230.28
10015.86 62236.57
10016.87 62242.87
10018.86 62255.40
10019.86 62261.01
10020.86 62267.37
10021.86 62273.56
10022.84 62279.53
10023.87 62285.97
10024.86 62292.13
10025.86 62298.40
10026.86 62304.53
10027.87 62310.59
10028.86 62316.70
10029.86 62323.09
10030.86 62329.23
10031.86 62335.41
10035.86 62361.36
10036.86 62367.50
10037.86 62373.73
10039.86 62385.44
10041.95 62398.78
10042.88 62404.71
10044.87 62416.86
10045.86 62422.71
10046.86 62428.41
10047.86 62433.85
10048.87 62439.40
10049.86 62445.01
10050.85 62451.27
10051.86 62457.67
10052.86 62463.90
10053.84 62469.57
10054.86 62475.35
10056.88 62488.51
10058.86 62501.46
10059.85 62507.86
10060.86 62514.40
10061.85 62520.95
10063.86 62534.26
10064.86 62540.74
10065.86 62546.75
10067.86 62559.39
10068.86 62565.41
10069.86 62571.07
10070.86 62576.81
10071.86 62582.58
10073.86 62593.70
10074.86 62599.14
10075.86 62604.27
10076.86 62609.58
10077.88 62615.19
10078.86 62620.85
10079.86 62626.44
10080.90 62632.05
10081.86 62637.34
10082.86 62642.93
10083.84 62648.42
10085.87 62659.93
10086.86 62665.53
10087.86 62671.25
10088.86 62676.96
10089.86 62682.73
10090.86 62688.32
10091.89 62694.31
10093.86 62705.78
10094.87 62711.75
10095.86 62717.63
10096.86 62723.66
10097.86 62729.30
10098.86 62734.49
10099.86 62740.34
10101.87 62752.13
10102.86 62757.82
10103.86 62763.27
10104.86 62769.03
10105.86 62774.69
10106.86 62780.48
10108.86 62792.41
10109.86 62798.58
10110.86 62804.46
10111.86 62810.46
10112.86 62816.71
10113.86 62822.74
10114.86 62828.69
10115.86 62834.70
10116.86 62840.71
10117.86 62847.08
10118.86 62853.35
10119.86 62859.72
10120.86 62866.08
10121.86 62872.33
10122.87 62878.74
10123.86 62884.93
10124.86 62891.18
10125.86 62897.71
10126.86 62903.93
10127.86 62910.15
10128.86 62916.35
10129.86 62922.57
10130.86 62929.16
10131.86 62935.41
10134.22 62950.67
10135.87 62961.07
10136.86 62967.19
10137.86 62973.29
10138.86 62979.61
10139.86 62985.83
10140.86 62992.21
10141.86 62998.48
10142.86 63004.20
10144.85 63017.14
10145.86 63023.38
10146.86 63029.61
10147.86 63035.85
10148.86 63042.16
10149.85 63048.11
10150.86 63054.19
10151.85 63060.40
10152.86 63066.73
10153.86 63072.93
10154.86 63079.35
10155.85 63085.58
10156.86 63092.00
10158.86 63104.69
10159.86 63110.60
10161.86 63123.51
10163.86 63136.54
10164.86 63142.96
10165.86 63149.21
10166.86 63155.49
10167.86 63161.90
10168.86 63168.20
10169.86 63174.59
10170.86 63181.06
10171.86 63187.39
10172.86 63193.69
10173.86 63200.10
10174.86 63206.49
10175.86 63212.90
10176.86 63219.02
10177.86 63225.04
10178.86 63230.76
10179.85 63236.34
10180.86 63242.06
10181.86 63247.78
10182.86 63253.39
10183.86 63259.35
10184.86 63264.83
10185.86 63270.57
10186.86 63276.19
10187.86 63281.83
10188.86 63287.68
10189.86 63293.16
10190.86 63298.00
10191.86 63303.47
10192.86 63308.93
10193.86 63314.54
10194.86 63320.07
10195.86 63325.43
10196.86 63331.00
10197.85 63336.34
10198.86 63341.95
10199.85 63347.38
10200.86 63352.96
10201.86 63358.13
10203.86 63369.06
10204.86 63374.10
10205.86 63379.55
10206.86 63385.15
10207.86 63390.86
10208.86 63396.52
10209.88 63402.21
10210.86 63407.57
10211.86 63413.32
10212.86 63419.01
10213.86 63424.42
10214.86 63430.14
10215.86 63435.63
10216.86 63441.17
10217.86 63447.08
10218.86 63452.75
10219.87 63458.56
10220.86 63464.32
10221.86 63469.92
10222.90 63475.87
10223.86 63481.19
10224.86 63486.90
10225.87 63492.70
10226.86 63498.34
10227.85 63504.27
10228.86 63510.34
10229.85 63516.29
10230.86 63522.12
10231.86 63528.40
10232.88 63535.02
10234.85 63547.18
10236.86 63559.90
10237.86 63566.02
10238.86 63572.22
10239.86 63578.45
10241.98 63592.36
10242.85 63597.46
10245.88 63617.64
10246.85 63624.08
10247.86 63630.66
10248.85 63637.11
10249.85 63643.49
10250.86 63650.00
10251.88 63656.71
10253.86 63669.34
10255.86 63682.31
10256.86 63688.62
10257.86 63694.64
10258.86 63701.13
10259.87 63707.43
10260.85 63713.89
10261.86 63720.53
10262.86 63726.77
10263.85 63733.07
10264.85 63739.48
10265.85 63745.80
10266.86 63752.22
10267.85 63758.61
10268.86 63765.05
10269.86 63771.39
10270.87 63777.82
10272.85 63790.86
10273.86 63797.18
10274.85 63803.52
10275.85 63809.63
10276.85 63815.68
10277.85 63821.87
10278.85 63828.28
10279.86 63834.82
10280.85 63841.04
10281.90 63847.60
10282.85 63853.17
10283.85 63859.31
10284.86 63865.95
10285.85 63872.41
10286.85 63878.94
10287.86 63885.25
10288.85 63891.63
10289.85 63897.98
10290.86 63904.41
10291.86 63910.96
10292.85 63917.09
10293.85 63923.39
10294.85 63929.76
10295.85 63935.77
10296.85 63942.09
10297.86 63948.67
10298.85 63955.15
10299.86 63961.72
10300.85 63968.24
10301.85 63974.54
10302.85 63980.46
10303.86 63986.20
10304.85 63992.36
10305.85 63998.94
10306.85 64005.17
10307.85 64011.13
10308.88 64017.29
10309.85 64022.86
10310.86 64028.53
10311.90 64034.49
10312.85 64039.87
10313.86 64045.73
10314.85 64051.36
10315.85 64056.58
10316.86 64061.85
10317.85 64067.58
10318.86 64073.37
10319.85 64079.02
10320.85 64084.47
10321.85 64090.14
10322.86 64095.88
10323.85 64101.48
10324.86 64107.19
10325.85 64112.52
10326.88 64118.07
10327.85 64123.05
10328.86 64128.46
10329.86 64134.12
10330.85 64139.82
10331.85 64145.61
10332.85 64151.20
10333.87 64156.72
10334.85 64162.32
10335.85 64168.04
10336.89 64173.79
10337.86 64179.35
10338.85 64185.23
10339.86 64191.24
10340.85 64197.16
10341.87 64203.17
10342.86 64208.69
10343.85 64214.28
10344.86 64220.07
10345.86 64226.02
10346.85 64231.82
10347.87 64237.24
10348.85 64242.80
10349.87 64248.69
10350.87 64254.43
10351.85 64260.36
10352.85 64266.33
10353.86 64272.49
10354.87 64278.87
10355.85 64284.79
10356.86 64290.85
10357.85 64296.64
10358.87 64302.53
10359.86 64308.34
10360.85 64314.47
10361.87 64320.74
10362.88 64327.14
10363.86 64333.18
10364.85 64339.27
10365.86 64345.55
10366.85 64351.84
10367.85 64358.29
10368.86 64364.54
10369.86 64370.95
10370.88 64377.45
10371.86 64383.66
10372.87 64389.99
10373.85 64396.02
10374.85 64402.28
10375.87 64408.80
10376.86 64414.81
10377.85 64420.95
10378.87 64427.24
10379.87 64433.45
10380.85 64439.51
10381.88 64445.76
10382.86 64452.00
10383.85 64458.33
10384.88 64465.08
10385.88 64471.47
10386.85 64477.69
10387.85 64484.10
10388.87 64490.77
10389.86 64497.09
10390.85 64502.97
10391.87 64508.98
10392.87 64514.86
10394.84 64527.14
10395.87 64533.62
10396.87 64539.53
10397.85 64545.66
10398.87 64552.07
10399.87 64558.41
10400.86 64564.77
10401.86 64571.20
10402.88 64577.60
10403.86 64583.90
10404.86 64590.32
10405.86 64596.74
10406.85 64603.06
10407.86 64609.29
10408.86 64615.61
10409.87 64621.53
10410.86 64627.69
10411.88 64634.13
10412.86 64639.72
10413.87 64645.59
10414.87 64651.45
10415.86 64657.22
10416.87 64663.12
10417.86 64669.37
10418.85 64675.86
10419.87 64682.37
10420.86 64688.75
10421.86 64695.41
10422.87 64701.52
10423.87 64707.17
10424.85 64712.77
10425.86 64718.42
10426.87 64724.18
10427.87 64730.37
10428.85 64736.57
10429.88 64742.67
10430.86 64748.10
10431.87 64754.33
10432.88 64760.56
10433.86 64766.19
10434.88 64771.81
10435.86 64777.41
10436.88 64783.13
10437.86 64788.60
10438.88 64794.46
10439.88 64800.11
10440.87 64805.45
10441.86 64810.64
10442.88 64816.36
10443.85 64821.73
10444.87 64827.46
10445.85 64833.01
10446.88 64838.82
10447.89 64844.52
10448.89 64850.39
10449.87 64855.76
10450.88 64861.19
10451.87 64866.56
10452.87 64872.07
10453.88 64877.03
10454.87 64882.54
10455.86 64887.91
10456.87 64893.42
10457.87 64899.10
10458.87 64904.95
10459.86 64910.56
10460.85 64916.40
10461.86 64922.31
10462.86 64928.27
10463.86 64934.21
10464.87 64940.25
10465.87 64946.25
10466.87 64952.16
10467.86 64957.91
10468.87 64963.74
10469.87 64969.64
10470.86 64975.48
10471.87 64981.28
10472.86 64987.28
10474.86 64999.81
10475.87 65006.12
10476.87 65012.49
10477.87 65018.99
10478.86 65025.24
10479.86 65031.26
10480.87 65037.43
10481.87 65044.11
10482.86 65050.55
10483.87 65057.23
10485.86 65070.29
10486.86 65076.68
10487.87 65083.26
10488.86 65089.73
10489.87 65096.30
10490.86 65102.86
10491.86 65109.47
10492.87 65115.96
10493.87 65122.33
10494.87 65128.69
10495.87 65135.15
10496.87 65141.51
10497.87 65148.04
10498.87 65154.25
10499.86 65160.37
10500.86 65166.59
10501.87 65172.93
10502.86 65179.06
10503.86 65185.20
10504.86 65191.67
10505.86 65198.11
10506.86 65204.42
10507.86 65210.85
10508.86 65217.16
10510.87 65230.63
10511.87 65237.25
10513.87 65250.17
10514.88 65256.53
10515.86 65261.99
10516.87 65268.25
10517.87 65274.67
10518.86 65281.12
10519.86 65287.43
10520.86 65293.43
10521.86 65299.44
10522.87 65305.19
10523.86 65311.13
10524.86 65317.17
10525.87 65323.47
10526.87 65329.68
10527.86 65335.74
10528.87 65342.15
10529.87 65348.60
10530.86 65354.99
10531.86 65361.40
10532.87 65367.83
10533.86 65373.97
10534.86 65380.37
10535.86 65386.75
10536.87 65392.74
10537.87 65398.85
10538.86 65404.92
10539.86 65411.36
10540.86 65417.24
10541.86 65423.41
10542.88 65429.15
10543.86 65434.62
10544.86 65440.61
10545.87 65446.75
10547.86 65459.05
10548.86 65465.16
10549.86 65471.77
10550.86 65478.35
10551.86 65484.90
10552.86 65491.45
10553.87 65498.13
10554.86 65504.38
10555.86 65510.67
10556.86 65516.70
10557.86 65522.62
10558.86 65528.17
10559.87 65533.85
10560.87 65539.45
10561.86 65545.17
10562.87 65551.03
10563.86 65556.47
10564.86 65562.16
10565.87 65567.66
10566.86 65573.11
10567.86 65578.66
10568.86 65583.79
10569.86 65589.35
10570.86 65595.06
10571.87 65600.85
10572.86 65606.37
10573.86 65611.73
10574.86 65617.06
10575.86 65622.52
10576.88 65628.05
10577.86 65633.60
10578.91 65639.63
10579.86 65645.16
10580.87 65650.90
10581.86 65656.39
10582.86 65662.07
10583.86 65667.63
10584.86 65673.20
10585.86 65679.01
10586.86 65684.40
10587.86 65690.14
10588.86 65696.20
10589.86 65702.26
10590.86 65708.01
10591.86 65714.05
10592.86 65720.08
10593.86 65726.18
10594.86 65732.42
10595.86 65738.56
10596.86 65744.86
10597.86 65751.15
10598.86 65757.65
10599.86 65764.26
10600.86 65770.66
10601.86 65777.19
10602.86 65783.65
10603.86 65789.91
10604.86 65796.13
10605.86 65802.27
10606.86 65808.19
10607.86 65814.08
10608.86 65819.64
10609.86 65825.72
10611.86 65838.25
10612.86 65844.58
10613.86 65850.62
10614.86 65856.68
10615.86 65863.07
10616.86 65869.50
10617.86 65875.94
10618.86 65882.31
10619.86 65888.40
10620.86 65894.43
10621.86 65900.52
10622.87 65906.68
10623.86 65912.64
10624.86 65918.95
10625.86 65925.03
10626.86 65931.30
10627.86 65937.78
10628.86 65944.40
10629.86 65950.98
10630.86 65957.61
10631.86 65964.28
10632.86 65970.66
10633.86 65977.10
10634.86 65983.46
10635.86 65988.92
10636.86 65995.06
10637.86 66001.31
10638.86 66007.60
10639.86 66013.72
10640.86 66019.88
10641.86 66026.09
10642.86 66032.50
10643.86 66038.73
10644.86 66045.14
10645.90 66051.94
10646.88 66058.02
10647.86 66064.22
10649.86 66077.38
10650.86 66083.80
10651.86 66090.33
10652.86 66096.26
10653.86 66101.89
10654.89 66107.50
10655.86 66113.19
10656.88 66119.14
10657.87 66124.88
10658.87 66130.22
10659.86 66135.61
10660.86 66141.88
10662.86 66153.93
10663.86 66158.86
10664.87 66164.49
10665.86 66170.13
10666.87 66175.74
10667.86 66181.30
10668.87 66186.73
10669.86 66192.41
10670.86 66198.10
10671.86 66204.60
10672.86 66210.83
10673.86 66217.24
10674.86 66223.67
10675.86 66229.70
10676.86 66235.57
10677.86 66241.55
10678.86 66247.47
10679.87 66253.19
10680.86 66258.52
10681.86 66264.03
10682.86 66269.72
10683.86 66275.50
10684.86 66281.39
10685.86 66286.75
10686.87 66291.87
10687.87 66297.65
10688.86 66302.98
10689.86 66308.38
10690.85 66314.00
10691.86 66319.72
10692.88 66325.42
10693.86 66330.73
10694.86 66336.25
10695.86 66341.89
10696.87 66347.55
10697.86 66353.39
10698.86 66358.93
10699.87 66364.34
10700.86 66369.85
10701.86 66375.55
10702.86 66381.49
10703.86 66387.30
10704.87 66392.96
10705.86 66398.52
10706.86 66404.41
10707.87 66410.35
10708.86 66415.57
10709.86 66421.24
10710.87 66427.03
10711.86 66433.02
10712.87 66439.14
10713.86 66444.77
10714.86 66450.84
10715.86 66456.63
10716.86 66462.39
10717.87 66468.12
10718.87 66474.06
10720.89 66486.72
10722.86 66498.80
10723.86 66505.17
10724.86 66511.14
10725.86 66517.33
10726.87 66523.43
10727.88 66529.04
10729.88 66541.30
10730.86 66547.46
10731.86 66553.68
10732.86 66560.09
10733.87 66566.34
10734.86 66572.63
10735.88 66578.93
10736.87 66584.92
10737.86 66590.75
10739.86 66603.45
10740.86 66609.63
10741.87 66616.08
10743.87 66628.92
10744.86 66635.05
10745.86 66640.75
10746.87 66646.29
10747.86 66652.68
10748.86 66659.08
10749.88 66665.79
10750.87 66672.19
10751.92 66678.65
10752.86 66684.65
10753.85 66691.09
10754.87 66697.75
10755.86 66704.23
10756.85 66710.53
10757.87 66717.12
10758.88 66723.54
10759.86 66729.71
10760.86 66736.10
10761.88 66742.27
10762.87 66748.49
10763.88 66754.87
10764.87 66761.13
10765.86 66767.44
10766.85 66773.70
10767.87 66780.11
10768.85 66786.28
10769.88 66792.91
10770.86 66799.21
10771.88 66805.59
10773.86 66818.90
10774.85 66824.77
10775.86 66830.77
10776.86 66836.87
10777.86 66843.48
10778.88 66850.08
10779.86 66856.39
10780.87 66862.86
10781.88 66869.06
10782.87 66874.59
10783.85 66880.29
10784.87 66886.54
10785.88 66892.94
10786.88 66899.39
10787.88 66905.85
10788.86 66911.62
10789.88 66917.78
10790.88 66923.11
10791.85 66928.84
10792.88 66935.40
10793.87 66941.90
10794.87 66947.62
10796.88 66959.41
10797.87 66964.94
10798.87 66970.50
10799.86 66976.25
10800.86 66981.63
10801.88 66987.19
10802.87 66992.23
10803.86 66997.12
10804.86 67002.72
10805.88 67008.33
10806.86 67013.72
10810.05 67031.46
10812.88 67047.61
10813.87 67052.78
10814.88 67057.92
10815.88 67063.49
10818.95 67081.65
10819.88 67086.61
10820.87 67092.25
10821.88 67098.03
10823.88 67110.02
10825.88 67122.10
10826.88 67127.94
10827.87 67133.67
10828.87 67139.65
10829.88 67145.70
10830.87 67151.66
10831.88 67157.63
10832.88 67163.70
10833.88 67169.53
10834.88 67175.57
10835.88 67181.15
10836.87 67186.88
10837.88 67192.65
10838.87 67198.44
10839.87 67204.38
10840.86 67210.09
10841.86 67216.10
10842.92 67222.53
10844.88 67234.93
10845.87 67241.50
10846.88 67248.02
10848.88 67261.17
10849.88 67267.37
10850.88 67273.63
10851.87 67279.74
10852.88 67285.97
10853.87 67292.17
10854.86 67298.39
10855.88 67304.96
10856.88 67311.45
10857.87 67317.83
10858.86 67323.99
10859.88 67330.47
10860.88 67337.02
10861.86 67343.04
10862.88 67349.42
10863.87 67355.51
10864.87 67361.74
10865.86 67367.68
10866.88 67373.70
10867.87 67379.79
10868.88 67385.92
10869.88 67392.31
10870.87 67398.60
10871.88 67405.09
10872.87 67411.39
10873.88 67418.00
10874.87 67423.77
10875.87 67429.46
10876.88 67435.51
10877.88 67441.87
10878.87 67448.18
10879.87 67454.59
10880.88 67461.08
10881.88 67467.59
10882.88 67473.49
10883.88 67478.66
10884.87 67484.09
10885.86 67490.18
10886.88 67496.51
10887.86 67502.71
10888.88 67508.92
10889.88 67515.32
10890.86 67521.30
10891.88 67527.81
10892.86 67533.89
10893.86 67540.08
10894.86 67546.58
10895.86 67552.58
10896.88 67559.18
10897.88 67565.14
10898.87 67571.36
10899.87 67577.11
10900.87 67582.81
10901.87 67589.05
10902.86 67594.96
10903.86 67600.88
10904.88 67606.76
10905.88 67612.37
10906.87 67617.89
10907.87 67623.61
10908.87 67629.42
10909.88 67635.22
10910.87 67640.71
10911.87 67646.16
10912.88 67652.05
10913.87 67657.82
10914.87 67663.58
10915.88 67669.28
10916.88 67675.08
10917.86 67681.29
10918.88 67687.11
10919.88 67692.93
10920.88 67698.90
10921.87 67704.94
10922.87 67710.80
10923.87 67716.54
10924.87 67722.53
10925.88 67728.63
10926.88 67734.22
10927.87 67739.70
10928.87 67745.30
10929.87 67750.62
10930.88 67756.13
10931.87 67761.52
10932.90 67767.09
10933.87 67772.18
10935.87 67783.21
10936.88 67788.72
10937.88 67794.15
10938.88 67799.71
10939.87 67805.14
10940.86 67810.58
10941.88 67816.15
10942.88 67821.05
10943.88 67826.30
10944.87 67831.57
10945.88 67837.12
10946.88 67842.68
10947.87 67848.02
10948.88 67853.77
10949.87 67859.24
10951.87 67870.87
10952.87 67876.42
10954.87 67888.02
10955.87 67893.85
10956.86 67899.57
10957.87 67905.31
10958.87 67910.94
10959.88 67916.75
10960.87 67922.38
10962.88 67934.67
10963.87 67940.82
10964.88 67946.65
10965.88 67952.40
10966.87 67958.44
10967.88 67964.73
10968.87 67970.85
10969.87 67976.99
10970.86 67983.10
10972.88 67995.88
10974.87 68008.41
10975.87 68014.61
10976.88 68020.96
10977.88 68027.17
10978.86 68033.24
10979.87 68039.32
10980.87 68045.40
10981.87 68051.80
10984.88 68070.01
10985.88 68076.01
10986.87 68081.69
10987.87 68087.95
10989.90 68100.34
10990.88 68106.40
10991.91 68112.92
10992.86 68118.86
10993.87 68125.35
10994.87 68131.67
10996.87 68144.70
10998.87 68157.68
10999.92 68164.49
11000.87 68170.24
11001.87 68175.65
11002.88 68181.46
11003.87 68187.29
11004.88 68193.28
11005.87 68199.43
11006.86 68205.48
11007.87 68211.07
11009.87 68223.68
11010.87 68229.79
11011.87 68235.87
11012.87 68241.88
11013.87 68247.80
11014.87 68253.97
11015.86 68260.19
11016.87 68266.10
11017.87 68272.26
11018.94 68278.89
11020.88 68291.74
11022.95 68304.95
11023.88 68311.07
11024.87 68317.37
11025.86 68323.37
11026.87 68329.57
11027.87 68335.05
11028.87 68341.07
11029.86 68346.12
11030.87 68351.38
11031.86 68356.56
11033.88 68368.26
11034.87 68374.05
11035.86 68379.87
11036.87 68385.96
11037.87 68391.59
11038.87 68396.98
11039.87 68402.54
11040.87 68408.44
11041.87 68414.05
11042.86 68419.67
11043.88 68425.45
11044.87 68430.84
11045.87 68436.45
11046.87 68442.04
11047.87 68447.52
11048.87 68453.06
11049.87 68458.34
11050.87 68463.91
11051.87 68469.47
11053.87 68480.58
11054.86 68485.79
11055.86 68491.00
11056.87 68496.35
11057.86 68501.54
11058.86 68506.91
11059.87 68512.62
11061.87 68523.96
11062.88 68529.65
11063.86 68535.18
11064.90 68540.90
11065.87 68546.46
11066.86 68551.84
11067.88 68557.01
11068.89 68562.87
11069.86 68568.35
11070.87 68574.09
11071.87 68579.74
11072.90 68585.44
11073.90 68590.60
11075.87 68601.17
11076.86 68606.84
11077.88 68612.64
11078.88 68618.55
11079.88 68624.36
11080.87 68630.15
11081.90 68635.88
11082.87 68641.33
11083.86 68647.18
11084.87 68652.61
11085.87 68658.18
11086.87 68664.27
11087.86 68670.40
11088.87 68676.44
11089.86 68682.40
11090.87 68688.11
11091.86 68694.26
11092.90 68700.56
11093.86 68706.51
11094.87 68712.89
11095.86 68718.96
11096.87 68724.74
11097.86 68730.63
11098.88 68736.75
11099.88 68742.58
11100.86 68748.36
11101.87 68754.24
11102.86 68759.92
11103.87 68766.10
11104.86 68772.21
11105.89 68777.77
11106.87 68783.37
11107.86 68789.32
11108.86 68795.25
11109.86 68801.25
11110.85 68807.25
11111.86 68812.98
11112.87 68818.77
11113.86 68824.77
11114.86 68830.86
11115.87 68837.14
11116.86 68843.28
11117.87 68849.59
11118.87 68855.46
11119.86 68861.63
11120.87 68867.73
11121.87 68873.67
11122.86 68879.25
11123.90 68885.53
11124.86 68891.59
11125.89 68897.95
11126.87 68903.95
11127.86 68909.57
11128.86 68915.97
11129.86 68921.83
11130.86 68927.93
11131.86 68933.92
11132.87 68940.00
11133.86 68946.14
11134.86 68951.98
11135.87 68958.00
11136.88 68964.01
11137.89 68970.23
11138.86 68976.08
11139.86 68982.28
11140.88 68988.39
11141.88 68994.07
11142.86 68999.69
11143.86 69004.83
11144.86 69010.97
11145.87 69016.90
11146.86 69022.62
11147.88 69028.99
11148.87 69034.72
11149.88 69040.75
11150.86 69046.63
11151.88 69052.77
11152.89 69058.77
11153.88 69064.43
11154.86 69070.22
11155.89 69076.84
11156.87 69082.85
11157.86 69088.98
11158.86 69095.43
11159.87 69101.71
11160.87 69107.97
11161.86 69114.20
11162.87 69120.74
11163.88 69127.14
11164.86 69132.87
11165.88 69139.24
11166.86 69145.22
11167.87 69150.72
11168.88 69156.32
11169.87 69161.69
11170.86 69167.21
11171.86 69172.76
11172.87 69178.35
11173.88 69184.18
11174.88 69189.51
11176.86 69200.63
11177.86 69205.82
11178.87 69211.49
11179.88 69216.87
11180.88 69222.42
11181.87 69227.73
11182.87 69232.70
11183.87 69238.09
11184.87 69243.83
11185.86 69249.40
11186.88 69255.12
11187.87 69260.66
11188.86 69266.36
11189.88 69272.10
11190.88 69277.80
11191.88 69283.58
11192.88 69289.25
11193.86 69294.86
11194.89 69300.84
11195.87 69306.41
11196.87 69312.35
11197.87 69318.18
11198.86 69324.04
11199.87 69330.05
11200.89 69336.12
11201.87 69342.00
11202.86 69347.81
11203.86 69353.66
11204.90 69358.10
11205.86 69361.32
11206.86 69366.64
11207.85 69372.72
11208.85 69378.59
11209.87 69384.69
11210.86 69390.77
11211.88 69396.25
11212.89 69401.82
11213.88 69407.19
11214.89 69413.01
11215.88 69418.42
11216.86 69423.91
11217.87 69429.28
11218.87 69434.47
11219.88 69440.14
11220.86 69445.64
11221.86 69450.94
11222.86 69455.88
11223.87 69462.67
11224.87 69469.95
11225.91 69477.70
11226.87 69484.96
11227.96 69492.99
11228.89 69500.16
11229.91 69507.91
11230.93 69515.81
11231.96 69523.32
11232.88 69528.91
11233.87 69535.50
11234.87 69542.29
11235.87 69548.87
11236.87 69554.02
11237.86 69560.90
11238.87 69568.11
11239.87 69575.33
