5.90 4.91 5.87 3/2383 25182
5.90 4.91 5.87 4/2383 25210
6.55 5.06 5.91 2/2378 25236
6.55 5.06 5.91 4/2383 25263
6.55 5.06 5.91 1/2382 25282
6.55 5.06 5.91 14/2382 25306
6.99 5.17 5.95 3/2382 25327
6.99 5.17 5.95 5/2381 25349
6.99 5.17 5.95 5/2381 25368
6.99 5.17 5.95 5/2385 25397
7.71 5.35 6.00 3/2383 25418
7.71 5.35 6.00 1/2385 25439
7.71 5.35 6.00 5/2375 25459
7.71 5.35 6.00 5/2374 25479
7.71 5.35 6.00 4/2374 25499
7.65 5.38 6.01 1/2374 25519
7.65 5.38 6.01 5/2374 25541
7.65 5.38 6.01 7/2374 25560
7.65 5.38 6.01 4/2367 25579
7.65 5.38 6.01 3/2376 25609
10.48 6.01 6.21 4/2384 25639
10.48 6.01 6.21 2/2385 25671
10.48 6.01 6.21 4/2385 25692
10.48 6.01 6.21 2/2385 25711
10.48 6.01 6.21 2/2385 25733
10.60 6.10 6.24 3/2386 25757
10.60 6.10 6.24 1/2391 25781
10.60 6.10 6.24 4/2391 25801
10.60 6.10 6.24 5/2391 25821
10.60 6.10 6.24 2/2391 25840
10.32 6.12 6.24 3/2391 25861
10.32 6.12 6.24 9/2391 25881
10.32 6.12 6.24 1/2391 25900
10.32 6.12 6.24 8/2389 25921
10.32 6.12 6.24 8/2390 25943
10.61 6.25 6.28 4/2390 25963
10.61 6.25 6.28 8/2390 25984
10.61 6.25 6.28 14/2389 26003
10.61 6.25 6.28 9/2392 26035
10.61 6.25 6.28 12/2392 26056
10.40 6.28 6.29 8/2392 26076
10.40 6.28 6.29 13/2390 26096
10.40 6.28 6.29 4/2389 26116
10.40 6.28 6.29 5/2378 26137
10.40 6.28 6.29 3/2364 26157
10.29 6.33 6.31 2/2351 26178
10.29 6.33 6.31 6/2322 26198
10.29 6.33 6.31 10/2321 26230
10.29 6.33 6.31 4/2311 26250
10.29 6.33 6.31 4/2310 26271
10.19 6.37 6.32 5/2310 26290
10.19 6.37 6.32 6/2303 26309
10.19 6.37 6.32 10/2301 26331
10.19 6.37 6.32 4/2301 26350
10.19 6.37 6.32 3/2294 26370
10.01 6.40 6.33 4/2293 26393
10.01 6.40 6.33 3/2294 26414
10.01 6.40 6.33 5/2294 26434
10.01 6.40 6.33 9/2294 26454
10.01 6.40 6.33 6/2300 26480
9.85 6.42 6.34 2/2300 26500
9.85 6.42 6.34 1/2301 26521
9.85 6.42 6.34 12/2329 26601
9.85 6.42 6.34 5/2324 26632
9.85 6.42 6.34 4/2384 26748
9.85 6.42 6.34 4/2380 26768
10.18 6.55 6.38 8/2379 26788
10.18 6.55 6.38 1/2375 26809
10.18 6.55 6.38 11/2375 26828
10.18 6.55 6.38 6/2374 26848
10.25 6.62 6.41 8/2374 26868
10.25 6.62 6.41 10/2374 26887
10.25 6.62 6.41 4/2374 26907
10.25 6.62 6.41 5/2374 26931
10.25 6.62 6.41 8/2376 26956
10.23 6.68 6.43 6/2376 26983
10.23 6.68 6.43 4/2376 27003
10.23 6.68 6.43 3/2376 27023
10.23 6.68 6.43 4/2377 27043
10.23 6.68 6.43 2/2376 27063
10.05 6.70 6.43 4/2376 27082
10.05 6.70 6.43 3/2377 27102
10.05 6.70 6.43 3/2376 27122
10.05 6.70 6.43 3/2376 27141
10.05 6.70 6.43 1/2376 27160
10.05 6.70 6.43 3/2376 27181
9.88 6.72 6.44 5/2374 27200
9.88 6.72 6.44 4/2374 27219
9.88 6.72 6.44 7/2374 27241
9.88 6.72 6.44 6/2374 27260
9.88 6.72 6.44 1/2374 27279
10.13 6.83 6.48 2/2374 27300
10.13 6.83 6.48 13/2375 27333
10.13 6.83 6.48 13/2379 27357
10.13 6.83 6.48 13/2377 27376
10.13 6.83 6.48 6/2378 27397
10.76 7.01 6.54 7/2379 27417
10.76 7.01 6.54 8/2378 27436
10.76 7.01 6.54 5/2379 27458
10.76 7.01 6.54 8/2379 27479
10.76 7.01 6.54 5/2378 27498
11.42 7.21 6.61 9/2378 27517
11.42 7.21 6.61 11/2378 27538
11.42 7.21 6.61 9/2378 27558
11.42 7.21 6.61 6/2378 27577
11.42 7.21 6.61 16/2378 27597
11.79 7.36 6.66 13/2377 27617
11.79 7.36 6.66 5/2377 27636
11.79 7.36 6.66 12/2378 27657
11.79 7.36 6.66 7/2377 27678
11.79 7.36 6.66 9/2377 27697
11.49 7.37 6.67 4/2377 27717
11.49 7.37 6.67 5/2377 27737
11.49 7.37 6.67 7/2377 27757
11.49 7.37 6.67 10/2378 27778
11.49 7.37 6.67 12/2379 27798
12.01 7.55 6.73 17/2378 27817
12.01 7.55 6.73 12/2378 27837
12.01 7.55 6.73 3/2378 27858
12.01 7.55 6.73 10/2378 27878
12.01 7.55 6.73 18/2378 27898
12.17 7.65 6.77 7/2379 27918
12.17 7.65 6.77 6/2378 27937
12.17 7.65 6.77 5/2379 27958
12.17 7.65 6.77 18/2369 27979
12.17 7.65 6.77 5/2369 27998
11.99 7.69 6.78 9/2369 28017
11.99 7.69 6.78 6/2369 28038
11.99 7.69 6.78 9/2364 28058
11.99 7.69 6.78 8/2372 28095
11.99 7.69 6.78 10/2372 28117
11.59 7.68 6.79 6/2372 28136
11.59 7.68 6.79 14/2356 28163
11.59 7.68 6.79 7/2356 28184
11.59 7.68 6.79 6/2355 28203
11.59 7.68 6.79 7/2356 28223
12.11 7.85 6.85 14/2355 28243
12.11 7.85 6.85 4/2355 28263
12.11 7.85 6.85 11/2356 28284
12.11 7.85 6.85 3/2356 28304
12.11 7.85 6.85 7/2356 28324
12.18 7.94 6.88 8/2356 28344
12.18 7.94 6.88 7/2358 28380
12.18 7.94 6.88 10/2358 28399
12.18 7.94 6.88 11/2358 28419
12.18 7.94 6.88 15/2359 28440
13.21 8.22 6.98 13/2358 28470
13.21 8.22 6.98 7/2360 28496
13.21 8.22 6.98 8/2359 28519
13.21 8.22 6.98 7/2359 28543
13.21 8.22 6.98 6/2360 28567
12.87 8.24 6.99 4/2359 28587
12.87 8.24 6.99 17/2360 28608
12.87 8.24 6.99 15/2358 28628
12.87 8.24 6.99 8/2359 28648
12.87 8.24 6.99 7/2358 28667
13.04 8.35 7.03 9/2359 28687
13.04 8.35 7.03 6/2359 28708
13.04 8.35 7.03 6/2359 28727
13.04 8.35 7.03 15/2358 28747
13.04 8.35 7.03 5/2358 28767
12.80 8.38 7.05 6/2358 28787
12.80 8.38 7.05 4/2358 28808
12.80 8.38 7.05 8/2359 28828
12.80 8.38 7.05 12/2358 28847
12.80 8.38 7.05 11/2358 28867
13.29 8.55 7.11 11/2369 28898
13.29 8.55 7.11 6/2368 28918
13.29 8.55 7.11 7/2368 28938
13.29 8.55 7.11 7/2368 28958
13.29 8.55 7.11 6/2367 28977
13.19 8.61 7.14 7/2368 28997
13.19 8.61 7.14 18/2370 29021
13.19 8.61 7.14 6/2373 29045
13.19 8.61 7.14 2/2370 29072
13.19 8.61 7.14 14/2370 29105
13.65 8.78 7.20 11/2370 29124
13.65 8.78 7.20 15/2370 29145
13.65 8.78 7.20 15/2370 29165
13.65 8.78 7.20 12/2364 29200
12.96 8.72 7.19 5/2364 29223
12.96 8.72 7.19 5/2364 29244
12.96 8.72 7.19 4/2363 29264
12.72 8.74 7.21 3/2363 29283
12.72 8.74 7.21 3/2363 29304
12.72 8.74 7.21 4/2363 29324
12.35 8.73 7.21 1/2363 29346
12.35 8.73 7.21 4/2363 29368
12.08 8.73 7.22 1/2363 29391
12.08 8.73 7.22 2/2363 29411
12.08 8.73 7.22 2/2363 29431
12.08 8.73 7.22 2/2363 29451
11.67 8.70 7.22 1/2363 29470
11.67 8.70 7.22 3/2362 29490
11.67 8.70 7.22 2/2362 29511
11.67 8.70 7.22 3/2362 29535
11.46 8.71 7.23 3/2362 29554
11.46 8.71 7.23 5/2362 29575
11.46 8.71 7.23 6/2362 29594
11.46 8.71 7.23 2/2362 29614
11.10 8.68 7.23 1/2362 29634
11.10 8.68 7.23 2/2362 29653
11.10 8.68 7.23 4/2363 29674
11.10 8.68 7.23 1/2360 29694
11.10 8.68 7.23 6/2360 29713
10.93 8.69 7.24 2/2360 29733
10.93 8.69 7.24 4/2360 29753
10.93 8.69 7.24 1/2360 29772
10.93 8.69 7.24 5/2360 29792
10.93 8.69 7.24 1/2360 29812
10.78 8.69 7.25 6/2360 29831
10.78 8.69 7.25 8/2360 29851
10.78 8.69 7.25 4/2360 29871
10.78 8.69 7.25 6/2360 29891
10.47 8.66 7.25 2/2360 29911
10.47 8.66 7.25 8/2360 29931
10.47 8.66 7.25 9/2360 29951
10.47 8.66 7.25 2/2361 29971
10.52 8.70 7.27 4/2360 29990
10.52 8.70 7.27 3/2361 30011
10.52 8.70 7.27 2/2360 30030
10.52 8.70 7.27 6/2360 30051
10.47 8.72 7.28 1/2360 30071
10.47 8.72 7.28 2/2360 30091
10.47 8.72 7.28 7/2360 30111
10.47 8.72 7.28 8/2360 30130
10.47 8.72 7.28 3/2354 30150
10.60 8.78 7.31 2/2360 30178
10.60 8.78 7.31 1/2360 30198
10.60 8.78 7.31 4/2361 30218
10.60 8.78 7.31 6/2359 30238
10.79 8.85 7.34 1/2359 30258
10.79 8.85 7.34 4/2360 30278
10.79 8.85 7.34 3/2359 30297
10.79 8.85 7.34 5/2359 30317
10.79 8.85 7.34 5/2360 30337
10.57 8.84 7.34 4/2359 30356
10.57 8.84 7.34 7/2359 30376
10.57 8.84 7.34 8/2358 30396
10.57 8.84 7.34 4/2358 30415
10.57 8.84 7.34 3/2359 30436
10.68 8.89 7.37 1/2358 30456
10.68 8.89 7.37 2/2358 30475
10.68 8.89 7.37 4/2358 30495
10.68 8.89 7.37 2/2358 30515
10.68 8.89 7.37 3/2358 30534
10.47 8.87 7.37 4/2358 30554
10.47 8.87 7.37 3/2358 30574
10.47 8.87 7.37 1/2358 30593
10.47 8.87 7.37 3/2358 30613
10.47 8.87 7.37 3/2358 30634
11.31 9.08 7.44 3/2357 30655
11.31 9.08 7.44 11/2357 30675
11.31 9.08 7.44 2/2357 30694
11.31 9.08 7.44 1/2357 30714
11.13 9.07 7.45 5/2357 30734
11.13 9.07 7.45 2/2357 30753
11.13 9.07 7.45 6/2357 30773
11.13 9.07 7.45 3/2357 30793
11.13 9.07 7.45 4/2357 30812
10.71 9.02 7.44 4/2357 30833
10.71 9.02 7.44 1/2357 30853
10.71 9.02 7.44 4/2357 30873
10.71 9.02 7.44 7/2357 30893
10.82 9.07 7.47 12/2357 30913
10.82 9.07 7.47 2/2340 30933
10.82 9.07 7.47 3/2339 30952
10.82 9.07 7.47 2/2339 30972
10.91 9.12 7.49 2/2339 30992
10.91 9.12 7.49 1/2339 31012
10.91 9.12 7.49 2/2338 31032
10.91 9.12 7.49 6/2338 31052
10.60 9.09 7.49 3/2338 31073
10.60 9.09 7.49 3/2338 31093
10.47 9.08 7.50 4/2338 31115
10.47 9.08 7.50 5/2338 31135
10.47 9.08 7.50 2/2338 31154
10.47 9.08 7.50 3/2338 31174
10.59 9.13 7.52 11/2336 31194
10.59 9.13 7.52 3/2336 31213
10.59 9.13 7.52 6/2336 31233
10.59 9.13 7.52 9/2336 31253
10.87 9.21 7.56 2/2334 31273
10.87 9.21 7.56 9/2334 31294
10.87 9.21 7.56 2/2334 31315
10.72 9.21 7.57 1/2334 31335
10.72 9.21 7.57 3/2334 31356
10.72 9.21 7.57 2/2334 31375
10.50 9.19 7.57 4/2335 31396
10.50 9.19 7.57 5/2334 31415
10.50 9.19 7.57 1/2334 31437
10.86 9.29 7.61 8/2334 31457
10.86 9.29 7.61 3/2334 31477
10.86 9.29 7.61 11/2335 31508
10.86 9.29 7.61 6/2345 31540
10.87 9.31 7.63 4/2345 31562
10.87 9.31 7.63 3/2345 31582
10.87 9.31 7.63 7/2345 31601
10.87 9.31 7.63 15/2345 31622
10.87 9.31 7.63 6/2345 31643
11.36 9.44 7.68 11/2355 31673
11.36 9.44 7.68 3/2345 31693
11.36 9.44 7.68 4/2345 31714
11.36 9.44 7.68 15/2355 31745
11.36 9.44 7.68 5/2355 31765
12.13 9.63 7.75 10/2355 31785
12.13 9.63 7.75 5/2355 31804
12.13 9.63 7.75 7/2355 31825
12.13 9.63 7.75 10/2354 31845
12.13 9.63 7.75 6/2352 31874
12.04 9.66 7.77 12/2356 31897
12.04 9.66 7.77 3/2355 31917
12.04 9.66 7.77 7/2354 31937
12.04 9.66 7.77 3/2353 31957
12.04 9.66 7.77 12/2353 31977
12.36 9.76 7.81 10/2351 32011
12.36 9.76 7.81 26/2349 32031
12.36 9.76 7.81 11/2350 32052
12.36 9.76 7.81 11/2347 32076
12.36 9.76 7.81 18/2344 32103
12.57 9.85 7.85 12/2345 32124
12.57 9.85 7.85 3/2344 32143
12.57 9.85 7.85 17/2344 32168
12.57 9.85 7.85 5/2335 32196
12.57 9.85 7.85 11/2333 32224
12.37 9.85 7.86 4/2339 32251
12.37 9.85 7.86 1/2339 32271
12.37 9.85 7.86 8/2340 32291
12.37 9.85 7.86 3/2338 32310
12.37 9.85 7.86 1/2338 32330
11.94 9.81 7.86 3/2338 32351
11.94 9.81 7.86 2/2338 32370
11.94 9.81 7.86 4/2338 32390
11.94 9.81 7.86 9/2338 32409
11.94 9.81 7.86 1/2338 32429
11.94 9.84 7.88 1/2338 32449
11.94 9.84 7.88 6/2338 32468
11.94 9.84 7.88 5/2334 32488
11.94 9.84 7.88 1/2332 32508
11.62 9.81 7.88 2/2333 32531
11.62 9.81 7.88 4/2333 32552
11.62 9.81 7.88 6/2333 32571
11.62 9.81 7.88 7/2333 32591
11.62 9.81 7.88 2/2332 32611
11.33 9.78 7.88 4/2332 32630
11.33 9.78 7.88 14/2332 32650
11.33 9.78 7.88 5/2332 32670
11.33 9.78 7.88 7/2332 32690
11.39 9.82 7.90 2/2332 32710
11.39 9.82 7.90 3/2332 32730
11.39 9.82 7.90 3/2332 32751
11.20 9.80 7.91 5/2330 306
11.20 9.80 7.91 6/2330 414
11.20 9.80 7.91 7/2330 510
11.20 9.80 7.91 6/2330 551
10.78 9.74 7.90 9/2330 603
10.78 9.74 7.90 2/2330 633
10.78 9.74 7.90 3/2330 672
10.78 9.74 7.90 3/2330 694
10.78 9.74 7.90 1/2330 720
10.96 9.80 7.93 3/2329 740
10.96 9.80 7.93 9/2330 841
10.96 9.80 7.93 2/2329 941
10.96 9.80 7.93 2/2329 1012
10.96 9.80 7.93 1/2329 1090
10.80 9.78 7.93 8/2329 1114
10.80 9.78 7.93 1/2329 1152
10.80 9.78 7.93 2/2330 1219
10.80 9.78 7.93 3/2329 1244
10.80 9.78 7.93 9/2329 1286
10.66 9.77 7.94 4/2329 1327
10.66 9.77 7.94 2/2330 1364
10.66 9.77 7.94 2/2329 1396
10.66 9.77 7.94 8/2329 1416
10.28 9.71 7.93 1/2325 1440
10.28 9.71 7.93 5/2325 1472
10.28 9.71 7.93 7/2325 1495
10.28 9.71 7.93 4/2325 1517
10.28 9.71 7.93 3/2321 1537
10.18 9.69 7.93 6/2319 1560
10.18 9.69 7.93 3/2318 1582
10.18 9.69 7.93 3/2318 1615
10.18 9.69 7.93 4/2317 1635
9.93 9.65 7.93 7/2317 1666
9.93 9.65 7.93 2/2317 1709
9.93 9.65 7.93 3/2317 1742
9.93 9.65 7.93 6/2315 1777
9.93 9.65 7.93 1/2315 1815
9.69 9.60 7.92 1/2315 1836
9.69 9.60 7.92 4/2315 1865
9.69 9.60 7.92 5/2315 1902
9.69 9.60 7.92 3/2315 1937
9.69 9.60 7.92 2/2315 1966
9.96 9.66 7.95 3/2315 1995
9.96 9.66 7.95 2/2314 2031
9.96 9.66 7.95 4/2314 2053
9.96 9.66 7.95 3/2314 2097
9.96 9.66 7.95 2/2314 2120
10.60 9.80 8.01 6/2315 2145
10.60 9.80 8.01 10/2315 2181
10.60 9.80 8.01 3/2315 2202
10.60 9.80 8.01 6/2315 2240
10.60 9.80 8.01 1/2315 2298
10.87 9.87 8.04 7/2316 2330
10.87 9.87 8.04 2/2314 2362
10.87 9.87 8.04 3/2314 2411
10.87 9.87 8.04 3/2314 2443
10.87 9.87 8.04 1/2314 2467
10.88 9.89 8.05 2/2314 2492
10.88 9.89 8.05 4/2314 2515
10.88 9.89 8.05 2/2314 2541
10.88 9.89 8.05 5/2314 2569
10.88 9.89 8.05 1/2314 2595
10.81 9.89 8.06 7/2314 2627
10.81 9.89 8.06 3/2314 2649
10.81 9.89 8.06 4/2314 2702
10.81 9.89 8.06 2/2314 2725
10.81 9.89 8.06 1/2314 2746
10.75 9.89 8.08 1/2314 2766
10.75 9.89 8.08 4/2314 2789
10.75 9.89 8.08 1/2314 2811
10.75 9.89 8.08 5/2314 2843
10.75 9.89 8.08 3/2314 2875
10.53 9.86 8.07 10/2314 2909
10.53 9.86 8.07 1/2312 2942
10.53 9.86 8.07 4/2312 2985
10.53 9.86 8.07 1/2312 3008
10.53 9.86 8.07 3/2311 3038
10.40 9.85 8.08 1/2310 3071
10.40 9.85 8.08 2/2310 3094
10.40 9.85 8.08 9/2310 3122
10.40 9.85 8.08 1/2310 3146
10.40 9.85 8.08 3/2310 3175
10.61 9.90 8.11 6/2310 3206
10.61 9.90 8.11 3/2310 3240
10.61 9.90 8.11 1/2307 3283
10.61 9.90 8.11 1/2307 3308
10.61 9.90 8.11 4/2306 3334
10.96 9.98 8.14 2/2306 3360
10.96 9.98 8.14 3/2306 3382
10.96 9.98 8.14 15/2302 3419
10.96 9.98 8.14 3/2302 3458
10.96 9.98 8.14 1/2302 3536
10.65 9.93 8.14 3/2302 3568
10.65 9.93 8.14 3/2302 3614
10.65 9.93 8.14 5/2302 3645
10.65 9.93 8.14 3/2302 3673
10.65 9.93 8.14 2/2302 3699
10.75 9.97 8.16 2/2302 3739
10.75 9.97 8.16 3/2302 3773
10.75 9.97 8.16 1/2302 3805
10.75 9.97 8.16 4/2302 3829
10.37 9.90 8.15 7/2302 3850
10.37 9.90 8.15 3/2303 3872
10.37 9.90 8.15 2/2303 3891
10.37 9.90 8.15 1/2303 3931
10.37 9.90 8.15 3/2303 3965
10.58 9.95 8.17 2/2303 3992
10.58 9.95 8.17 4/2303 4015
10.58 9.95 8.17 5/2303 4047
10.58 9.95 8.17 2/2303 4073
10.58 9.95 8.17 6/2303 4104
10.78 10.01 8.20 7/2301 4129
10.78 10.01 8.20 3/2301 4155
10.78 10.01 8.20 3/2301 4177
10.78 10.01 8.20 3/2301 4206
10.78 10.01 8.20 2/2301 4236
10.88 10.04 8.22 2/2301 4258
10.88 10.04 8.22 3/2301 4284
10.88 10.04 8.22 3/2301 4313
10.49 9.97 8.21 3/2301 4338
10.49 9.97 8.21 4/2301 4358
10.49 9.97 8.21 1/2301 4380
10.49 9.97 8.21 3/2299 4400
10.49 9.97 8.21 4/2299 4420
10.45 9.97 8.22 1/2299 4440
10.45 9.97 8.22 8/2299 4460
10.45 9.97 8.22 2/2299 4488
10.45 9.97 8.22 3/2299 4510
10.45 9.97 8.22 5/2299 4530
10.25 9.94 8.22 5/2299 4551
10.25 9.94 8.22 11/2299 4577
10.25 9.94 8.22 4/2300 4597
10.25 9.94 8.22 2/2296 4620
10.25 9.94 8.22 2/2296 4646
9.99 9.89 8.21 2/2296 4666
9.99 9.89 8.21 2/2296 4688
9.99 9.89 8.21 4/2296 4710
9.99 9.89 8.21 3/2296 4731
9.99 9.89 8.21 6/2296 4752
9.67 9.82 8.20 2/2297 4775
9.67 9.82 8.20 5/2296 4794
9.67 9.82 8.20 5/2296 4815
9.67 9.82 8.20 3/2296 4835
9.67 9.82 8.20 4/2296 4861
9.54 9.79 8.20 2/2296 4897
9.54 9.79 8.20 3/2296 4916
9.54 9.79 8.20 3/2296 4939
9.54 9.79 8.20 5/2296 4960
9.33 9.75 8.19 1/2296 4984
9.33 9.75 8.19 7/2296 5004
9.33 9.75 8.19 2/2296 5025
9.33 9.75 8.19 3/2296 5046
9.71 9.82 8.22 6/2296 5068
9.71 9.82 8.22 1/2296 5088
9.71 9.82 8.22 4/2295 5110
9.89 9.85 8.24 2/2295 5132
9.89 9.85 8.24 1/2295 5152
9.89 9.85 8.24 3/2295 5171
9.89 9.85 8.24 3/2295 5191
9.89 9.85 8.24 4/2295 5213
9.74 9.82 8.24 2/2295 5232
9.74 9.82 8.24 6/2295 5254
9.74 9.82 8.24 2/2295 5276
9.74 9.82 8.24 6/2295 5295
9.74 9.82 8.24 3/2295 5320
10.08 9.89 8.27 6/2295 5344
10.08 9.89 8.27 5/2295 5367
10.08 9.89 8.27 3/2295 5391
10.08 9.89 8.27 8/2295 5415
10.08 9.89 8.27 3/2296 5439
10.23 9.93 8.29 2/2296 5463
10.23 9.93 8.29 6/2296 5485
10.23 9.93 8.29 8/2296 5504
10.23 9.93 8.29 3/2296 5524
10.23 9.93 8.29 11/2296 5545
10.46 9.98 8.32 2/2296 5564
10.46 9.98 8.32 3/2296 5584
10.46 9.98 8.32 3/2296 5604
10.46 9.98 8.32 3/2296 5623
10.46 9.98 8.32 2/2296 5643
10.42 9.98 8.33 5/2296 5664
10.42 9.98 8.33 5/2296 5684
10.42 9.98 8.33 2/2296 5704
10.42 9.98 8.33 2/2296 5723
10.15 9.93 8.32 1/2297 5745
10.15 9.93 8.32 6/2297 5765
10.15 9.93 8.32 3/2297 5784
10.15 9.93 8.32 3/2297 5804
10.15 9.93 8.32 2/2297 5824
10.21 9.95 8.33 3/2297 5843
10.21 9.95 8.33 5/2297 5863
10.21 9.95 8.33 1/2297 5883
10.21 9.95 8.33 2/2297 5902
10.21 9.95 8.33 3/2297 5922
10.21 9.95 8.33 1/2297 5943
10.12 9.93 8.34 3/2297 5962
10.12 9.93 8.34 8/2297 5982
10.12 9.93 8.34 2/2298 6002
10.12 9.93 8.34 1/2297 6021
10.12 9.93 8.34 3/2297 6041
10.43 10.00 8.37 2/2297 6061
10.43 10.00 8.37 7/2297 6080
10.43 10.00 8.37 5/2297 6100
10.43 10.00 8.37 4/2297 6120
10.55 10.03 8.39 4/2294 6139
10.55 10.03 8.39 4/2294 6160
10.55 10.03 8.39 2/2294 6180
10.55 10.03 8.39 2/2294 6199
10.55 10.03 8.39 4/2294 6219
10.51 10.03 8.40 3/2294 6239
10.51 10.03 8.40 3/2294 6258
10.51 10.03 8.40 1/2294 6278
10.51 10.03 8.40 4/2294 6298
10.51 10.03 8.40 4/2294 6317
10.39 10.01 8.40 3/2294 6337
10.39 10.01 8.40 3/2294 6358
10.39 10.01 8.40 3/2294 6377
10.39 10.01 8.40 6/2294 6397
10.39 10.01 8.40 7/2295 6417
10.60 10.06 8.42 5/2294 6436
10.60 10.06 8.42 3/2294 6456
10.60 10.06 8.42 3/2296 6477
10.60 10.06 8.42 3/2295 6496
10.60 10.06 8.42 1/2295 6516
10.60 10.06 8.42 4/2295 6536
10.31 10.01 8.42 3/2295 6556
10.31 10.01 8.42 2/2295 6576
10.31 10.01 8.42 7/2296 6596
10.31 10.01 8.42 4/2295 6615
10.31 10.01 8.42 6/2301 6642
10.20 10.00 8.42 4/2302 6662
10.20 10.00 8.42 3/2301 6681
10.20 10.00 8.42 3/2301 6701
10.20 10.00 8.42 2/2301 6721
10.20 10.00 8.42 3/2301 6740
9.95 9.95 8.41 5/2301 6760
9.95 9.95 8.41 7/2301 6782
9.95 9.95 8.41 8/2301 6802
9.95 9.95 8.41 6/2301 6822
9.63 9.88 8.40 2/2301 6842
9.63 9.88 8.40 1/2301 6862
9.63 9.88 8.40 1/2301 6881
9.63 9.88 8.40 7/2301 6901
9.58 9.87 8.40 4/2301 6921
9.58 9.87 8.40 6/2301 6940
9.58 9.87 8.40 2/2301 6961
9.58 9.87 8.40 5/2301 6981
9.58 9.87 8.40 4/2301 7000
9.53 9.85 8.41 3/2301 7020
9.53 9.85 8.41 4/2302 7040
9.53 9.85 8.41 3/2301 7059
9.53 9.85 8.41 4/2301 7079
9.53 9.85 8.41 8/2301 7099
9.25 9.79 8.39 2/2301 7118
9.25 9.79 8.39 3/2301 7138
9.25 9.79 8.39 6/2301 7159
9.25 9.79 8.39 4/2301 7178
9.25 9.79 8.39 3/2301 7198
9.07 9.74 8.38 1/2300 7218
9.07 9.74 8.38 3/2300 7237
9.07 9.74 8.38 4/2300 7257
9.07 9.74 8.38 5/2300 7277
9.07 9.74 8.38 1/2300 7296
9.30 9.78 8.40 9/2300 7316
9.30 9.78 8.40 6/2300 7336
9.30 9.78 8.40 4/2300 7355
9.30 9.78 8.40 3/2300 7376
9.36 9.78 8.41 4/2300 7396
9.36 9.78 8.41 8/2300 7416
9.36 9.78 8.41 3/2300 7437
9.36 9.78 8.41 3/2300 7456
9.36 9.78 8.41 2/2300 7476
9.33 9.77 8.42 4/2300 7496
9.33 9.77 8.42 2/2300 7515
9.33 9.77 8.42 5/2300 7535
9.33 9.77 8.42 5/2300 7556
9.47 9.79 8.43 2/2301 7576
9.47 9.79 8.43 15/2300 7596
9.47 9.79 8.43 3/2300 7616
9.59 9.81 8.44 1/2300 7637
9.59 9.81 8.44 1/2300 7657
9.59 9.81 8.44 6/2298 7678
9.46 9.78 8.44 4/2296 7698
9.46 9.78 8.44 3/2296 7717
9.46 9.78 8.44 3/2296 7737
9.46 9.78 8.44 5/2296 7757
9.46 9.78 8.44 3/2295 7776
9.34 9.75 8.44 3/2295 7796
9.34 9.75 8.44 7/2295 7816
9.34 9.75 8.44 1/2295 7836
9.34 9.75 8.44 1/2295 7857
9.48 9.77 8.45 2/2295 7876
9.48 9.77 8.45 4/2295 7896
9.48 9.77 8.45 10/2295 7916
9.48 9.77 8.45 1/2295 7935
9.28 9.72 8.45 11/2295 7955
9.28 9.72 8.45 5/2294 7976
9.28 9.72 8.45 4/2294 7996
9.18 9.70 8.44 6/2294 8017
9.18 9.70 8.44 7/2294 8037
9.18 9.70 8.44 3/2294 8057
9.72 9.80 8.48 4/2294 8077
9.72 9.80 8.48 2/2292 8099
9.98 9.85 8.51 1/2292 8120
9.98 9.85 8.51 4/2292 8140
9.75 9.81 8.50 7/2292 8161
9.75 9.81 8.50 2/2292 8182
9.45 9.74 8.49 3/2292 8203
9.45 9.74 8.49 6/2292 8224
9.45 9.74 8.49 1/2292 8244
9.45 9.74 8.49 2/2292 8267
9.49 9.75 8.50 6/2292 8287
9.49 9.75 8.50 1/2292 8306
9.49 9.75 8.50 4/2292 8326
9.49 9.75 8.50 3/2292 8346
9.53 9.75 8.50 1/2292 8366
9.53 9.75 8.50 6/2291 8388
9.89 9.82 8.53 4/2291 8408
9.89 9.82 8.53 6/2291 8428
9.89 9.82 8.53 1/2291 8448
9.89 9.82 8.53 4/2291 8467
9.89 9.82 8.53 1/2291 8487
9.66 9.78 8.53 3/2291 8507
9.66 9.78 8.53 1/2291 8526
9.66 9.78 8.53 1/2291 8547
9.66 9.78 8.53 3/2291 8568
9.52 9.75 8.52 4/2292 8588
9.52 9.75 8.52 5/2292 8608
9.52 9.75 8.52 6/2291 8627
9.52 9.75 8.52 4/2291 8647
9.52 9.75 8.52 3/2291 8667
9.40 9.72 8.52 4/2291 8687
9.40 9.72 8.52 5/2291 8708
9.21 9.67 8.51 2/2292 8729
9.21 9.67 8.51 7/2291 8748
9.21 9.67 8.51 4/2291 8768
9.21 9.67 8.51 5/2292 8788
9.21 9.67 8.51 2/2291 8807
9.67 9.76 8.55 5/2291 8827
9.67 9.76 8.55 4/2291 8847
9.67 9.76 8.55 7/2291 8867
9.67 9.76 8.55 1/2291 8887
9.67 9.76 8.55 4/2291 8907
9.46 9.71 8.54 2/2291 8926
9.46 9.71 8.54 2/2291 8946
9.46 9.71 8.54 2/2291 8966
9.46 9.71 8.54 8/2291 8986
9.74 9.77 8.56 7/2291 9006
9.74 9.77 8.56 6/2291 9025
9.74 9.77 8.56 8/2291 9045
9.74 9.77 8.56 4/2291 9066
9.74 9.77 8.56 1/2291 9085
9.68 9.76 8.56 2/2291 9105
9.68 9.76 8.56 16/2291 9124
9.68 9.76 8.56 1/2291 9144
9.68 9.76 8.56 5/2291 9164
9.55 9.73 8.56 2/2291 9184
9.55 9.73 8.56 9/2292 9205
9.55 9.73 8.56 8/2292 9226
9.55 9.73 8.56 3/2291 9245
9.18 9.65 8.54 1/2291 9264
9.18 9.65 8.54 1/2291 9284
9.18 9.65 8.54 2/2290 9304
9.18 9.65 8.54 4/2290 9324
9.25 9.65 8.55 3/2290 9344
9.25 9.65 8.55 4/2290 9364
9.25 9.65 8.55 1/2290 9383
9.25 9.65 8.55 6/2290 9403
9.25 9.65 8.55 15/2290 9423
9.15 9.63 8.55 3/2290 9443
9.15 9.63 8.55 3/2290 9463
9.15 9.63 8.55 3/2290 9484
8.90 9.56 8.53 11/2290 9504
8.90 9.56 8.53 3/2290 9523
8.90 9.56 8.53 5/2290 9543
8.90 9.56 8.53 1/2290 9563
8.90 9.56 8.53 3/2290 9583
9.31 9.64 8.56 3/2291 9604
9.31 9.64 8.56 5/2290 9623
9.31 9.64 8.56 2/2290 9643
9.31 9.64 8.56 1/2290 9664
9.20 9.61 8.56 2/2290 9687
8.94 9.55 8.54 1/2290 9708
8.94 9.55 8.54 6/2290 9727
9.19 9.59 8.56 1/2290 9748
9.19 9.59 8.56 8/2290 9768
9.19 9.59 8.56 1/2290 9788
9.09 9.57 8.56 2/2290 9809
9.09 9.57 8.56 2/2290 9829
9.09 9.57 8.56 1/2290 9849
9.09 9.57 8.56 5/2290 9869
8.85 9.51 8.55 2/2290 9888
8.85 9.51 8.55 1/2290 9908
8.85 9.51 8.55 6/2290 9928
8.85 9.51 8.55 2/2290 9948
8.86 9.50 8.55 3/2290 9970
8.86 9.50 8.55 8/2290 9990
9.19 9.56 8.57 2/2290 10010
9.19 9.56 8.57 5/2290 10030
9.19 9.56 8.57 2/2290 10049
9.19 9.56 8.57 2/2290 10069
9.19 9.56 8.57 6/2289 10089
8.93 9.50 8.56 10/2290 10109
8.93 9.50 8.56 6/2289 10131
8.70 9.44 8.54 5/2289 10151
8.70 9.44 8.54 4/2289 10170
8.70 9.44 8.54 1/2289 10190
8.70 9.44 8.54 8/2289 10210
8.70 9.44 8.54 4/2287 10230
8.72 9.43 8.55 5/2287 10249
8.72 9.43 8.55 5/2287 10269
8.72 9.43 8.55 12/2288 10290
8.72 9.43 8.55 2/2287 10309
8.72 9.43 8.55 2/2287 10329
8.59 9.39 8.54 4/2284 10348
8.59 9.39 8.54 1/2284 10368
8.59 9.39 8.54 2/2284 10388
8.59 9.39 8.54 3/2284 10407
8.59 9.39 8.54 2/2284 10427
8.38 9.33 8.52 4/2284 10447
8.38 9.33 8.52 7/2284 10466
8.38 9.33 8.52 5/2284 10487
8.38 9.33 8.52 3/2284 10507
8.38 9.33 8.52 6/2284 10527
8.75 9.39 8.55 4/2284 10547
8.75 9.39 8.55 1/2284 10567
8.75 9.39 8.55 2/2284 10587
8.75 9.39 8.55 3/2284 10606
8.75 9.39 8.55 2/2284 10626
8.93 9.42 8.56 1/2284 10645
8.93 9.42 8.56 6/2284 10665
8.93 9.42 8.56 1/2284 10685
8.93 9.42 8.56 1/2284 10705
8.93 9.42 8.56 1/2284 10725
9.26 9.48 8.59 6/2282 10745
9.26 9.48 8.59 5/2283 10765
9.26 9.48 8.59 3/2282 10785
9.26 9.48 8.59 5/2282 10804
9.32 9.49 8.59 4/2282 10824
9.32 9.49 8.59 1/2283 10845
9.32 9.49 8.59 3/2283 10864
9.32 9.49 8.59 14/2283 10885
9.32 9.49 8.59 5/2283 10905
9.13 9.45 8.58 6/2283 10926
9.13 9.45 8.58 1/2283 10945
9.13 9.45 8.58 5/2283 10965
8.88 9.39 8.57 7/2283 10985
8.88 9.39 8.57 4/2283 11004
8.88 9.39 8.57 3/2283 11024
8.88 9.39 8.57 3/2283 11044
8.88 9.39 8.57 12/2283 11064
8.81 9.37 8.57 6/2283 11084
8.81 9.37 8.57 3/2283 11104
8.81 9.37 8.57 1/2283 11123
8.81 9.37 8.57 5/2283 11143
8.81 9.37 8.57 6/2283 11165
8.74 9.34 8.56 3/2283 11184
8.74 9.34 8.56 2/2283 11204
8.74 9.34 8.56 13/2283 11224
8.74 9.34 8.56 3/2283 11243
8.74 9.34 8.56 2/2283 11264
9.00 9.39 8.58 2/2283 11284
9.00 9.39 8.58 7/2280 11303
9.00 9.39 8.58 1/2280 11323
9.00 9.39 8.58 1/2280 11343
9.00 9.39 8.58 2/2280 11362
8.76 9.33 8.57 5/2280 11382
8.76 9.33 8.57 5/2280 11402
8.76 9.33 8.57 2/2280 11421
8.76 9.33 8.57 4/2280 11441
8.76 9.33 8.57 3/2280 11462
8.54 9.28 8.55 2/2280 11481
8.54 9.28 8.55 7/2281 11502
8.54 9.28 8.55 6/2280 11522
8.54 9.28 8.55 1/2280 11541
8.58 9.27 8.56 3/2280 11561
8.58 9.27 8.56 3/2279 11581
8.58 9.27 8.56 2/2278 11601
8.58 9.27 8.56 4/2278 11620
8.53 9.25 8.55 2/2278 11641
8.53 9.25 8.55 5/2277 11662
8.53 9.25 8.55 4/2277 11682
9.05 9.35 8.59 5/2276 11703
9.53 9.44 8.62 2/2276 11725
9.53 9.44 8.62 3/2276 11745
9.53 9.44 8.62 4/2277 11766
9.53 9.44 8.62 4/2278 11786
9.32 9.40 8.61 1/2278 11806
9.32 9.40 8.61 2/2278 11826
9.32 9.40 8.61 1/2278 11845
9.32 9.40 8.61 3/2278 11865
9.32 9.40 8.61 4/2278 11885
9.14 9.36 8.60 9/2278 11904
9.14 9.36 8.60 3/2278 11925
9.14 9.36 8.60 1/2278 11945
9.14 9.36 8.60 3/2278 11964
9.14 9.36 8.60 1/2278 11984
9.05 9.34 8.60 2/2278 12004
9.05 9.34 8.60 2/2278 12023
9.05 9.34 8.60 8/2277 12043
9.05 9.34 8.60 5/2277 12063
9.05 9.34 8.60 2/2277 12083
8.88 9.30 8.59 5/2277 12103
8.88 9.30 8.59 7/2277 12124
8.88 9.30 8.59 3/2277 12144
8.88 9.30 8.59 3/2277 12164
8.89 9.29 8.60 2/2277 12183
8.89 9.29 8.60 2/2277 12204
8.89 9.29 8.60 3/2277 12223
8.89 9.29 8.60 1/2277 12244
9.38 9.39 8.63 3/2277 12264
9.38 9.39 8.63 2/2277 12283
9.38 9.39 8.63 6/2277 12304
9.38 9.39 8.63 1/2277 12324
9.38 9.39 8.63 3/2277 12343
9.35 9.38 8.63 2/2277 12363
9.35 9.38 8.63 5/2277 12383
9.35 9.38 8.63 1/2277 12403
9.64 9.44 8.66 1/2276 12423
9.64 9.44 8.66 3/2276 12443
9.64 9.44 8.66 2/2276 12463
9.64 9.44 8.66 1/2276 12483
9.64 9.44 8.66 9/2276 12503
9.67 9.45 8.66 4/2276 12523
9.67 9.45 8.66 3/2276 12543
9.67 9.45 8.66 4/2276 12563
9.67 9.45 8.66 1/2276 12582
9.78 9.48 8.68 4/2276 12602
9.78 9.48 8.68 4/2276 12622
9.78 9.48 8.68 4/2276 12642
9.48 9.42 8.66 3/2276 12663
9.48 9.42 8.66 2/2276 12685
9.68 9.46 8.68 5/2276 12705
9.68 9.46 8.68 3/2276 12724
9.68 9.46 8.68 6/2276 12744
9.62 9.45 8.68 5/2276 12767
9.62 9.45 8.68 2/2276 12788
9.81 9.50 8.70 1/2276 12809
9.75 9.49 8.70 11/2276 12831
9.53 9.45 8.69 3/2276 12854
9.53 9.45 8.69 9/2276 12874
9.33 9.41 8.68 3/2276 12894
9.33 9.41 8.68 3/2276 12914
9.33 9.41 8.68 3/2276 12934
9.33 9.41 8.68 3/2276 12954
9.33 9.41 8.68 6/2276 12975
9.14 9.37 8.67 7/2276 12995
9.14 9.37 8.67 6/2276 13015
9.14 9.37 8.67 3/2276 13035
9.14 9.37 8.67 3/2276 13054
9.13 9.36 8.68 9/2276 13074
9.13 9.36 8.68 2/2276 13094
9.13 9.36 8.68 2/2276 13113
9.13 9.36 8.68 5/2276 13134
9.13 9.36 8.68 1/2276 13154
9.52 9.44 8.70 5/2276 13173
9.52 9.44 8.70 2/2277 13193
9.52 9.44 8.70 2/2276 13213
9.52 9.44 8.70 3/2276 13233
9.24 9.38 8.69 4/2276 13253
9.24 9.38 8.69 1/2277 13273
9.24 9.38 8.69 6/2277 13293
9.24 9.38 8.69 11/2278 13315
9.24 9.38 8.69 2/2274 13334
9.70 9.47 8.72 2/2274 13354
9.70 9.47 8.72 2/2274 13375
9.70 9.47 8.72 6/2274 13395
9.72 9.48 8.73 3/2274 13415
9.72 9.48 8.73 6/2274 13435
9.72 9.48 8.73 2/2274 13454
9.72 9.48 8.73 3/2274 13475
9.75 9.49 8.74 3/2274 13495
9.75 9.49 8.74 2/2274 13517
9.68 9.48 8.74 1/2274 13537
9.68 9.48 8.74 2/2274 13556
9.55 9.46 8.74 9/2274 13578
9.55 9.46 8.74 2/2274 13599
9.55 9.46 8.74 2/2274 13618
9.55 9.46 8.74 2/2275 13639
9.59 9.47 8.74 2/2274 13658
9.59 9.47 8.74 4/2274 13679
9.46 9.44 8.74 3/2274 13700
9.46 9.44 8.74 5/2274 13720
9.46 9.44 8.74 4/2274 13739
9.46 9.44 8.74 7/2274 13759
9.46 9.44 8.74 3/2274 13781
9.34 9.42 8.73 3/2274 13800
9.34 9.42 8.73 1/2274 13820
9.34 9.42 8.73 2/2274 13840
9.55 9.46 8.75 4/2273 13862
9.55 9.46 8.75 1/2273 13882
9.55 9.46 8.75 1/2273 13901
9.55 9.46 8.75 3/2273 13921
9.35 9.42 8.74 1/2273 13942
9.35 9.42 8.74 1/2273 13962
9.35 9.42 8.74 5/2273 13982
10.04 9.56 8.79 3/2273 14001
10.04 9.56 8.79 5/2273 14022
10.04 9.56 8.79 3/2273 14042
10.04 9.56 8.79 3/2273 14061
10.04 9.56 8.79 2/2273 14081
9.96 9.55 8.79 2/2273 14101
9.96 9.55 8.79 1/2273 14121
9.96 9.55 8.79 5/2273 14141
9.80 9.53 8.79 1/2273 14161
9.80 9.53 8.79 3/2273 14182
9.80 9.53 8.79 7/2273 14201
9.80 9.53 8.79 4/2274 14222
9.50 9.47 8.77 8/2273 14242
9.50 9.47 8.77 1/2273 14262
9.50 9.47 8.77 7/2273 14281
9.50 9.47 8.77 4/2273 14302
9.64 9.50 8.79 1/2273 14327
9.64 9.50 8.79 4/2273 14346
9.64 9.50 8.79 3/2273 14367
9.34 9.44 8.78 2/2273 14387
9.34 9.44 8.78 6/2273 14407
9.56 9.49 8.79 1/2273 14429
9.56 9.49 8.79 2/2273 14450
9.75 9.53 8.81 1/2273 14470
9.53 9.49 8.80 4/2272 14495
9.53 9.49 8.80 1/2272 14515
9.65 9.51 8.81 1/2272 14535
9.65 9.51 8.81 7/2270 14556
9.68 9.52 8.82 1/2270 14576
9.68 9.52 8.82 3/2270 14598
9.68 9.52 8.82 11/2272 14620
9.38 9.46 8.81 6/2272 14640
9.38 9.46 8.81 5/2272 14660
9.38 9.46 8.81 3/2272 14681
9.03 9.39 8.78 2/2272 14703
9.11 9.40 8.79 2/2272 14724
9.11 9.40 8.79 3/2272 14745
9.02 9.37 8.79 8/2272 14768
9.02 9.37 8.79 2/2272 14788
8.86 9.33 8.78 4/2272 14807
8.86 9.33 8.78 4/2272 14827
8.86 9.33 8.78 3/2272 14847
8.86 9.33 8.78 1/2272 14866
8.86 9.33 8.78 1/2272 14886
9.11 9.38 8.79 6/2271 14906
9.11 9.38 8.79 1/2271 14925
9.11 9.38 8.79 6/2271 14946
9.11 9.38 8.79 2/2271 14966
9.11 9.38 8.79 3/2271 14985
9.58 9.47 8.83 3/2271 15005
9.58 9.47 8.83 2/2271 15025
9.58 9.47 8.83 1/2271 15044
9.58 9.47 8.83 5/2271 15064
9.58 9.47 8.83 20/2277 15097
11.14 9.80 8.94 30/2290 15140
11.14 9.80 8.94 8/2292 15166
11.14 9.80 8.94 12/2293 15193
11.14 9.80 8.94 8/2292 15217
11.14 9.80 8.94 18/2292 15241
11.53 9.90 8.97 8/2293 15265
11.53 9.90 8.97 6/2292 15290
11.53 9.90 8.97 9/2292 15316
11.53 9.90 8.97 5/2296 15345
11.53 9.90 8.97 8/2297 15369
11.72 9.97 9.00 4/2297 15395
11.72 9.97 9.00 6/2297 15418
11.72 9.97 9.00 13/2297 15439
11.72 9.97 9.00 9/2311 15475
11.72 9.97 9.00 6/2312 15496
12.39 10.13 9.06 11/2311 15516
12.39 10.13 9.06 6/2311 15536
12.39 10.13 9.06 21/2307 15566
12.39 10.13 9.06 17/2309 15592
12.39 10.13 9.06 20/2303 15613
12.84 10.27 9.11 7/2302 15632
12.84 10.27 9.11 17/2302 15652
12.84 10.27 9.11 11/2302 15673
12.84 10.27 9.11 18/2302 15694
12.84 10.27 9.11 14/2319 15735
13.97 10.54 9.21 14/2319 15759
13.97 10.54 9.21 8/2318 15778
13.97 10.54 9.21 7/2318 15798
13.97 10.54 9.21 6/2319 15818
13.97 10.54 9.21 5/2317 15837
13.65 10.53 9.21 12/2317 15857
13.65 10.53 9.21 5/2317 15877
13.65 10.53 9.21 9/2316 15896
13.65 10.53 9.21 8/2316 15916
13.65 10.53 9.21 11/2317 15936
