1799.18 10383.86
1800.19 10388.73
1801.22 10393.87
1802.16 10398.17
1803.16 10403.08
1804.22 10408.16
1806.16 10417.30
1808.16 10426.25
1809.21 10431.27
1810.16 10435.64
1811.16 10439.97
1812.15 10444.74
1813.15 10449.95
1814.15 10454.58
1815.15 10459.80
1816.16 10464.98
1817.16 10469.49
1818.16 10474.58
1819.16 10479.82
1820.15 10484.66
1821.16 10488.97
1822.18 10493.73
1823.14 10498.56
1824.18 10504.07
1825.14 10508.93
1826.15 10513.67
1827.23 10518.91
1828.26 10523.87
1829.17 10528.30
1830.19 10533.13
1831.23 10538.06
1832.16 10542.60
1833.16 10547.46
1834.20 10552.35
1835.22 10557.39
1836.25 10562.61
1837.26 10567.59
1838.17 10572.21
1839.21 10576.99
1840.23 10581.68
1841.26 10586.49
1842.26 10591.26
1843.16 10595.81
1844.16 10600.75
1845.16 10605.91
1846.18 10610.51
1847.16 10614.84
1848.22 10619.50
1849.26 10624.53
1850.17 10629.09
1851.19 10634.16
1852.15 10639.38
1853.15 10644.87
1854.25 10650.95
1855.17 10655.92
1856.16 10661.27
1857.23 10667.24
1858.26 10672.83
1859.18 10677.94
1860.15 10683.12
1861.21 10688.56
1862.14 10693.39
1863.14 10698.63
1864.15 10703.86
1865.14 10707.62
1866.16 10712.11
1867.16 10717.90
1868.14 10723.44
1869.15 10729.32
1870.16 10734.67
1871.16 10739.80
1872.16 10744.81
1873.16 10749.86
1874.16 10754.36
1875.16 10758.93
1876.16 10764.06
1877.16 10768.87
1878.16 10773.84
1879.16 10778.79
1880.16 10783.41
1881.16 10788.76
1882.16 10793.63
1883.16 10798.24
1884.16 10803.33
1885.16 10808.50
1886.16 10813.72
1887.16 10818.92
1888.16 10824.22
1889.16 10829.17
1890.16 10834.16
1891.16 10839.50
1892.18 10844.17
1893.14 10847.54
1894.14 10851.30
1895.14 10855.43
1896.15 10859.69
1897.14 10863.99
1898.16 10867.94
1899.16 10872.06
1900.16 10875.95
1901.16 10879.94
1902.15 10884.04
1903.16 10888.00
1904.16 10892.15
1905.15 10896.24
1906.16 10900.43
1907.16 10904.37
1908.16 10908.45
1909.16 10912.48
1910.16 10916.43
1911.16 10920.64
1912.16 10924.88
1913.16 10929.17
1914.16 10933.50
1915.17 10937.83
1916.16 10941.86
1917.16 10945.86
1918.16 10950.10
1919.15 10954.17
1920.16 10958.05
1921.16 10962.18
1922.15 10966.30
1923.16 10970.50
1924.16 10974.70
1925.16 10978.68
1926.16 10982.61
1927.16 10986.65
1928.16 10990.78
1929.17 10994.96
1930.17 10998.08
1931.17 11002.10
1932.16 11006.73
1933.15 11010.69
1934.16 11014.03
1935.16 11017.69
1936.18 11022.00
1937.16 11025.98
1938.15 11030.06
1939.16 11034.39
1940.15 11038.74
1941.15 11042.92
1942.16 11047.01
1943.16 11050.72
1944.16 11054.89
1945.18 11060.12
1946.16 11064.29
1947.14 11067.82
1948.15 11071.54
1949.16 11075.63
1950.15 11079.68
1951.15 11083.87
1952.16 11088.09
1953.16 11092.22
1954.16 11096.26
1955.16 11100.40
1956.16 11104.31
1957.16 11108.13
1958.16 11112.10
1959.16 11116.26
1960.16 11120.34
1961.14 11124.20
1962.16 11128.59
1963.16 11132.82
1964.15 11137.21
1965.16 11141.37
1966.16 11145.75
1967.16 11149.61
1968.16 11153.65
1969.17 11157.78
1970.16 11161.72
1971.16 11165.94
1972.16 11169.89
1973.16 11173.65
1974.16 11177.46
1975.18 11181.79
1976.16 11186.01
1977.16 11190.04
1978.16 11194.29
1979.16 11198.49
1980.16 11202.52
1982.25 11213.02
1984.19 11224.23
1985.16 11229.44
1986.18 11235.01
1988.20 11246.85
1990.24 11258.86
1992.18 11269.31
1994.18 11280.55
1996.24 11291.46
1998.17 11302.84
1999.18 11308.53
2000.24 11314.24
2001.18 11319.26
2002.17 11324.84
2004.17 11336.61
2006.16 11348.27
2007.19 11354.16
2009.18 11365.42
2010.17 11370.53
2011.17 11376.12
2012.16 11381.54
2013.19 11387.26
2014.18 11392.83
2015.17 11398.08
2016.17 11403.32
2017.18 11409.03
2018.19 11414.77
2019.18 11420.49
2020.18 11426.29
2021.18 11431.94
2022.16 11437.43
2023.17 11442.89
2024.16 11447.76
2025.17 11453.14
2026.16 11458.29
2028.17 11468.97
2029.17 11473.72
2030.17 11478.80
2031.22 11484.13
2033.16 11494.73
2034.18 11499.96
2035.17 11505.22
2037.18 11516.04
2038.17 11521.39
2039.19 11526.76
2040.17 11531.84
2041.16 11537.08
2042.18 11542.19
2044.18 11552.90
2045.17 11558.12
2046.18 11563.16
2047.17 11568.29
2048.16 11573.58
2049.18 11578.62
2050.19 11583.90
2051.18 11588.41
2052.16 11593.32
2053.17 11598.50
2054.18 11603.54
2055.17 11608.87
2056.18 11614.01
2057.17 11619.02
2058.17 11624.12
2059.18 11629.50
2060.31 11635.42
2061.17 11639.97
2062.18 11645.46
2063.18 11650.96
2064.18 11656.33
2065.17 11661.62
2066.18 11666.94
2068.20 11677.80
2069.16 11683.01
2070.17 11688.43
2071.16 11693.82
2072.17 11699.20
2073.16 11704.74
2074.17 11710.22
2075.19 11715.80
2076.17 11721.05
2077.17 11726.25
2078.17 11731.00
2080.17 11741.79
2081.18 11747.17
2083.17 11758.11
2084.18 11762.90
2085.17 11768.04
2086.18 11773.01
2087.17 11777.94
2088.18 11783.18
2089.17 11788.39
2090.18 11793.66
2093.17 11810.65
2095.18 11821.91
2098.17 11839.13
2099.18 11844.62
2100.18 11849.94
2101.18 11855.31
2102.16 11860.69
2103.17 11866.29
2104.18 11871.61
2105.18 11877.07
2107.15 11888.16
2108.18 11893.94
2111.18 11911.25
2112.16 11916.91
2114.17 11928.91
2115.18 11934.39
2117.18 11945.55
2118.18 11950.64
2120.28 11962.28
2123.18 11978.71
2124.17 11983.38
2125.17 11988.20
2126.18 11991.70
2127.18 11995.41
2128.16 11999.42
2129.18 12003.65
2130.16 12007.53
2131.17 12011.62
2132.16 12015.70
2133.15 12019.69
2134.17 12024.24
2135.15 12028.53
2136.15 12032.31
2137.15 12036.32
2138.15 12040.32
2139.16 12044.11
2140.16 12047.92
2141.17 12051.63
2142.15 12055.23
2143.17 12059.25
2144.16 12063.24
2145.22 12067.41
2146.16 12070.95
2147.16 12074.59
2148.16 12078.15
2149.16 12081.59
2150.17 12085.13
2151.16 12088.67
2152.15 12092.18
2153.15 12095.64
2154.15 12099.53
2155.16 12103.87
2156.15 12108.57
2157.25 12112.17
2158.17 12116.87
2159.18 12122.29
2160.25 12127.81
2161.17 12132.84
2162.18 12137.74
2163.18 12143.06
2164.18 12148.21
2165.18 12153.36
2166.18 12158.42
2167.18 12163.71
2168.17 12168.43
2169.16 12173.44
2170.18 12178.77
2172.17 12189.40
2173.16 12194.82
2174.17 12199.99
2175.18 12205.31
2176.16 12210.64
2177.18 12216.24
2178.17 12221.69
2180.18 12232.44
2181.17 12237.56
2182.17 12242.77
2183.17 12247.69
2185.18 12258.52
2187.18 12269.98
2188.17 12275.53
2190.20 12286.63
2191.18 12291.87
2192.18 12297.01
2193.17 12302.09
2194.18 12307.37
2195.17 12312.46
2196.18 12317.60
2197.18 12322.88
2198.18 12328.20
2199.17 12333.03
2200.19 12338.20
2201.18 12343.06
2202.17 12348.27
2203.17 12353.65
2204.18 12358.81
2205.18 12363.92
2206.16 12368.97
2208.18 12379.65
2209.17 12384.39
2210.18 12388.91
2211.17 12393.80
2212.18 12399.10
2213.17 12404.27
2214.18 12409.42
2215.18 12414.67
2216.17 12420.02
2218.17 12431.18
2219.18 12436.57
2220.18 12441.91
2221.18 12447.44
2222.18 12452.84
2223.18 12458.05
2224.18 12463.26
2225.18 12468.61
2226.17 12473.76
2227.18 12478.80
2228.18 12483.96
2229.18 12489.08
2230.18 12494.48
2231.17 12499.91
2232.17 12505.40
2233.16 12510.74
2234.18 12516.00
2235.17 12520.52
2236.17 12525.56
2237.17 12530.48
2238.22 12536.04
2239.18 12541.10
2240.18 12545.94
2241.16 12550.76
2242.17 12555.58
2243.18 12559.97
2244.18 12564.71
2245.18 12569.88
2246.17 12574.99
2247.18 12580.37
2248.17 12585.61
2249.17 12590.84
2250.18 12595.86
2251.17 12600.91
2252.17 12605.99
2253.17 12611.14
2254.17 12616.13
2255.18 12621.23
2256.17 12626.30
2257.18 12631.39
2258.17 12636.80
2259.18 12642.12
2260.18 12647.41
2261.16 12652.04
2262.17 12657.10
2263.18 12662.28
2264.17 12667.31
2265.17 12672.58
2266.18 12677.75
2267.17 12682.80
2268.17 12688.03
2269.17 12693.19
2270.18 12698.29
2271.18 12703.22
2272.18 12708.48
2273.17 12713.52
2274.18 12718.68
2275.20 12723.90
2276.17 12728.83
2277.18 12733.68
2278.18 12739.04
2279.17 12744.09
2280.22 12749.77
2281.17 12754.72
2282.17 12760.02
2283.18 12765.14
2284.17 12770.47
2285.18 12775.30
2286.17 12780.70
2288.18 12791.12
2289.18 12796.18
2290.17 12801.41
2291.18 12806.52
2292.17 12811.46
2293.18 12816.79
2294.18 12821.83
2295.21 12827.24
2296.17 12832.42
2297.16 12837.70
2298.17 12843.15
2299.16 12848.71
2300.20 12854.48
2301.17 12859.45
2302.18 12864.69
2303.41 12870.82
2304.18 12874.83
2305.18 12880.35
2306.18 12885.49
2307.17 12890.53
2309.18 12901.18
2311.17 12911.73
2312.18 12917.13
2313.17 12922.44
2314.17 12927.86
2315.17 12933.15
2316.17 12938.18
2317.17 12943.28
2318.32 12949.22
2319.18 12953.66
2320.17 12958.95
2321.18 12964.19
2322.18 12969.35
2323.17 12974.46
2324.17 12979.74
2325.18 12985.10
2326.18 12990.40
2327.17 12995.77
2328.18 13000.98
2329.17 13006.20
2330.18 13011.40
2331.22 13016.56
2332.17 13021.54
2333.17 13026.54
2334.16 13031.36
2335.18 13036.70
2336.24 13042.12
2338.17 13053.00
2339.18 13058.60
2340.18 13063.64
2341.17 13068.64
2342.17 13074.17
2343.18 13079.56
2344.18 13084.65
2346.20 13095.44
2348.17 13105.05
2349.18 13109.81
2351.17 13120.42
2352.18 13125.90
2353.17 13131.03
2354.18 13136.29
2355.18 13141.79
2356.18 13146.94
2357.18 13152.20
2358.18 13157.40
2359.17 13162.55
2360.17 13167.84
2361.18 13172.44
2362.18 13176.95
2363.17 13181.37
2364.17 13185.52
2365.20 13190.24
2366.18 13194.81
2367.18 13199.31
2368.18 13204.48
2369.17 13209.20
2370.18 13213.73
2371.18 13219.14
2372.17 13223.92
2373.17 13229.39
2374.18 13234.67
2375.17 13239.78
2376.17 13244.95
2377.18 13250.17
2378.18 13255.60
2380.18 13265.51
2381.18 13270.73
2382.18 13275.93
2383.17 13281.06
2384.18 13286.28
2385.17 13291.04
2386.18 13296.40
2387.17 13301.70
2388.17 13306.82
2389.17 13311.96
2390.17 13316.88
2391.17 13322.00
2392.16 13327.18
2393.17 13332.57
2394.17 13337.60
2395.18 13342.84
2396.18 13348.10
2397.17 13353.34
2398.17 13358.88
2399.17 13364.54
2400.18 13370.20
2401.18 13375.81
2402.17 13380.90
2403.18 13386.16
2404.18 13391.49
2405.17 13396.79
2406.17 13402.32
2407.18 13407.86
2408.17 13413.37
2409.18 13418.86
2410.18 13424.34
2411.17 13429.70
2412.18 13435.29
2413.18 13440.73
2414.18 13446.21
2415.17 13451.62
2416.17 13456.83
2417.18 13461.59
2418.18 13466.66
2419.17 13471.92
2420.17 13477.20
2421.18 13482.81
2422.17 13488.34
2423.18 13493.73
2424.17 13498.93
2425.18 13504.18
2426.18 13508.97
2427.18 13513.57
2428.18 13518.93
2429.17 13524.19
2430.18 13529.79
2431.18 13535.51
2432.17 13540.95
2433.18 13546.44
2434.29 13552.58
2436.17 13563.31
2437.17 13568.94
2438.17 13574.66
2440.18 13586.01
2441.18 13591.47
2442.18 13596.94
2443.17 13602.09
2444.18 13607.44
2445.18 13612.76
2446.18 13617.39
2447.18 13622.81
2448.18 13627.88
2449.18 13633.19
2450.16 13638.41
2451.18 13643.63
2452.18 13649.02
2453.17 13654.68
2454.18 13660.12
2455.18 13665.38
2456.18 13670.82
2457.18 13676.10
2458.17 13681.54
2459.18 13686.87
2460.18 13692.17
2461.18 13697.51
2462.18 13702.79
2463.16 13708.07
2464.17 13712.80
2465.17 13718.15
2466.17 13723.36
2467.18 13728.81
2469.18 13739.07
2470.18 13744.55
2471.18 13750.11
2472.17 13755.24
2473.17 13759.77
2474.18 13764.90
2475.18 13770.26
2476.17 13775.64
2477.18 13780.91
2479.17 13791.25
2481.18 13801.68
2483.20 13812.53
2485.18 13823.41
2486.20 13828.95
2488.18 13839.50
2489.18 13844.67
2490.18 13849.92
2491.18 13855.14
2492.18 13860.51
2493.18 13865.77
2495.17 13876.63
2496.18 13881.37
2497.18 13886.57
2498.18 13891.57
2499.18 13896.72
2500.18 13902.02
2501.18 13907.10
2502.19 13912.34
2504.18 13923.32
2506.18 13934.53
2508.18 13945.82
2509.18 13951.35
2511.18 13962.76
2512.18 13968.26
2514.24 13979.72
2519.20 14008.67
2520.18 14013.61
2521.20 14018.96
2525.45 14043.31
2527.17 14052.92
2529.18 14064.43
2530.17 14069.67
2532.21 14081.36
2533.17 14086.67
2534.18 14092.41
2535.17 14097.77
2536.20 14103.62
2538.19 14114.06
2540.18 14125.48
2542.41 14138.62
2544.18 14147.94
2545.18 14153.40
2546.18 14159.05
2547.18 14164.49
2548.19 14169.72
2549.20 14174.75
2550.18 14179.58
2552.24 14190.40
2553.18 14195.15
2554.17 14200.14
2555.18 14205.20
2556.18 14210.50
2557.18 14215.65
2558.18 14220.82
2560.18 14232.00
2563.20 14249.50
2564.18 14254.68
2565.18 14259.85
2566.18 14265.03
2567.19 14269.95
2568.18 14275.00
2569.18 14280.40
2570.17 14286.01
2571.17 14291.23
2572.18 14296.33
2573.18 14301.72
2574.25 14307.43
2576.20 14318.13
2577.17 14323.61
2578.19 14329.33
2579.18 14334.91
2580.18 14340.48
2581.17 14345.84
2582.18 14351.25
2583.19 14356.99
2584.17 14362.43
2585.21 14367.80
2586.18 14373.23
2588.20 14384.55
2590.18 14395.42
2591.19 14400.41
2592.22 14405.92
2593.17 14411.21
2594.19 14416.80
2596.18 14428.11
2597.18 14433.81
2598.18 14439.46
2599.18 14445.19
2600.18 14451.00
2601.18 14456.43
2602.18 14461.72
2603.18 14466.86
2604.20 14471.98
2606.19 14482.27
2608.18 14492.97
2609.18 14498.29
2610.18 14503.54
2611.19 14508.78
2612.18 14514.06
2614.37 14526.03
2615.17 14529.90
2616.23 14535.13
2617.18 14539.89
2621.25 14563.82
2624.40 14581.42
2626.17 14591.29
2628.44 14603.75
2630.18 14613.75
2632.19 14625.59
2633.21 14631.47
2634.17 14636.99
2636.17 14649.00
2637.18 14654.61
2638.19 14660.36
2639.18 14665.86
2640.17 14671.54
2641.19 14677.20
2644.24 14693.75
2646.20 14704.14
2648.18 14715.14
2649.18 14720.55
2650.17 14726.08
2651.23 14731.86
2652.18 14737.17
2653.19 14742.57
2655.30 14754.11
2658.18 14770.51
2659.17 14775.97
2660.18 14781.55
2661.19 14787.07
2662.37 14793.75
2663.17 14798.46
2664.18 14804.33
2665.17 14809.61
2666.18 14814.80
2667.17 14820.30
2668.17 14825.76
2669.17 14831.35
2670.17 14836.46
2671.19 14841.92
2672.17 14847.26
2673.17 14852.70
2674.18 14857.96
2675.17 14863.61
2676.20 14869.34
2677.18 14874.65
2678.17 14879.89
2679.17 14884.66
2680.17 14890.39
2681.17 14895.99
2682.17 14901.40
2683.18 14906.95
2684.17 14912.08
2685.19 14917.56
2686.20 14923.19
2687.17 14928.62
2688.17 14934.00
2689.17 14939.54
2691.18 14950.60
2692.17 14956.13
2693.18 14961.86
2694.17 14967.39
2695.17 14972.80
2696.17 14978.01
2697.19 14983.11
2700.23 15000.56
2701.18 15006.07
2702.17 15011.73
2703.20 15017.54
2704.17 15023.03
2705.17 15028.34
2706.17 15033.55
2707.19 15038.46
2708.17 15043.24
2709.17 15048.50
2710.19 15054.07
2711.18 15059.29
2712.23 15064.91
2713.17 15069.96
2714.18 15075.51
2715.17 15080.81
2716.19 15086.12
2717.17 15091.46
2718.19 15096.75
2719.18 15101.98
2720.17 15107.05
2721.18 15112.34
2722.17 15117.52
2723.19 15122.98
2724.17 15127.91
2725.17 15133.07
2726.17 15138.47
2727.19 15143.93
2728.17 15149.51
2729.44 15156.14
2731.18 15165.55
2732.19 15171.26
2733.17 15176.71
2734.18 15182.21
2736.18 15192.46
2737.20 15197.88
2738.18 15202.50
2740.26 15213.24
2742.18 15223.21
2744.27 15234.25
2747.20 15250.83
2750.17 15266.87
2751.17 15271.86
2752.18 15276.82
2753.19 15281.60
2754.17 15286.35
2755.18 15291.64
2756.19 15297.10
2757.17 15302.24
2758.18 15307.73
2759.17 15313.04
2760.19 15318.64
2761.17 15324.13
2762.18 15329.76
2763.17 15335.29
2764.17 15340.56
2765.23 15346.34
2766.17 15351.57
2767.19 15356.81
2768.18 15362.33
2769.19 15367.55
2771.18 15377.88
2772.17 15383.19
2773.17 15388.25
2774.20 15393.48
2776.18 15404.51
2777.19 15410.10
2778.19 15415.27
2779.19 15420.58
2780.18 15426.21
2781.17 15431.78
2782.17 15437.47
2783.18 15442.69
2784.17 15447.93
2785.19 15453.26
2788.20 15471.01
2789.17 15476.43
2790.17 15481.78
2791.19 15487.29
2792.17 15492.64
2793.17 15498.08
2795.21 15509.84
2796.17 15515.04
2797.19 15520.66
2798.17 15525.58
2799.19 15530.98
2800.17 15536.05
2802.20 15547.56
2805.17 15565.13
2808.19 15581.71
2809.17 15586.67
2810.17 15591.68
2811.19 15597.12
2816.32 15626.99
2820.43 15649.02
2823.20 15665.86
2828.20 15695.10
2831.30 15713.32
2833.19 15723.94
2834.21 15729.65
2835.19 15735.18
2836.17 15740.58
2837.19 15746.25
2839.19 15757.10
2840.27 15763.26
2841.17 15768.04
2842.17 15773.30
2843.17 15778.68
2844.19 15784.00
2845.18 15789.22
2846.20 15794.91
2847.20 15800.08
2848.17 15804.80
2849.17 15809.69
2850.19 15814.14
2851.18 15819.09
2853.19 15830.31
2854.18 15835.24
2855.19 15840.58
2856.30 15846.49
2857.17 15850.95
2858.17 15856.27
2860.19 15867.74
2862.19 15879.22
2864.18 15890.03
2865.17 15895.39
2866.19 15900.81
2867.19 15906.38
2868.19 15911.81
2872.36 15935.40
2874.17 15945.27
2875.18 15950.52
2878.23 15968.00
2879.26 15973.52
2881.20 15984.42
2882.24 15989.82
2884.19 16000.04
2885.20 16005.13
2888.17 16020.88
2889.18 16026.36
2890.20 16032.00
2891.17 16036.98
2892.17 16042.06
2893.19 16047.44
2894.18 16052.53
2895.17 16057.78
2898.17 16074.73
2899.19 16080.15
2900.18 16085.67
2901.33 16091.75
2903.18 16101.79
2906.19 16118.06
2907.17 16122.86
2908.17 16128.07
2909.19 16133.58
2910.18 16138.93
2911.18 16144.28
2912.19 16149.80
2913.19 16154.94
2915.22 16166.18
2917.18 16176.94
2918.19 16182.44
2919.19 16188.00
2920.19 16193.39
2922.18 16204.32
2923.23 16209.22
2925.18 16219.39
2926.19 16224.55
2927.18 16229.64
2930.27 16245.59
2935.19 16273.42
2937.68 16286.79
2939.17 16294.95
2940.19 16300.37
2943.18 16317.21
2945.19 16328.56
2948.19 16345.76
2954.19 16381.18
2957.19 16398.78
2958.19 16404.20
2960.17 16415.61
2963.19 16432.24
2965.52 16445.58
2967.19 16454.89
2969.20 16465.93
2970.18 16471.16
2972.29 16483.61
2975.23 16500.81
2978.39 16519.57
2981.22 16536.29
2986.33 16566.63
2988.20 16576.93
2989.19 16581.89
2990.18 16587.31
2991.17 16592.75
2992.18 16598.16
2993.19 16603.70
2994.18 16608.93
2995.19 16614.29
2996.19 16619.63
2997.18 16624.94
2998.19 16630.60
2999.29 16636.80
3000.18 16641.71
3001.18 16647.03
3002.18 16652.16
3003.18 16656.73
3004.18 16660.06
3005.18 16663.40
3006.17 16667.10
3007.16 16671.21
3008.16 16675.38
3009.15 16679.35
3010.17 16683.62
3011.18 16687.54
3012.19 16691.35
3013.17 16695.22
3014.17 16699.12
3015.17 16703.08
3016.18 16707.08
3017.17 16710.41
3018.17 16713.80
3019.16 16717.17
3020.17 16720.36
3021.17 16723.52
3022.17 16726.67
3023.18 16729.90
3024.16 16733.12
3025.16 16737.14
3026.18 16741.12
3027.17 16744.66
3028.17 16748.19
3029.16 16751.50
3030.16 16755.23
3031.18 16759.61
3032.18 16763.88
3033.16 16768.20
3034.19 16772.44
3035.17 16776.70
3036.19 16781.07
3037.18 16785.32
3038.18 16789.59
