timestamp,id,uuid,load,memoryUtil,memoryTotal,memoryUsed,memoryFree,driver,name,serial,display_mode,display_active
1672422463.912559,0,GPU-a71d5fd4-b7db-93b7-1b7a-5a6e2a6a8c65,0.33,0.280078125,10240.0,7372.0,472.12,NVIDIA GeForce RTX 3080,[N/A],Enabled,Enabled
1672422464.918897,0,GPU-a71d5fd4-b7db-93b7-1b7a-5a6e2a6a8c65,0.33,0.280078125,10240.0,7372.0,472.12,NVIDIA GeForce RTX 3080,[N/A],Enabled,Enabled
1672422465.919942,0,GPU-a71d5fd4-b7db-93b7-1b7a-5a6e2a6a8c65,0.34,0.280078125,10240.0,7372.0,472.12,NVIDIA GeForce RTX 3080,[N/A],Enabled,Enabled
1672422466.919985,0,GPU-a71d5fd4-b7db-93b7-1b7a-5a6e2a6a8c65,0.33,0.280078125,10240.0,7372.0,472.12,NVIDIA GeForce RTX 3080,[N/A],Enabled,Enabled
1672422467.906635,0,GPU-a71d5fd4-b7db-93b7-1b7a-5a6e2a6a8c65,0.34,0.280078125,10240.0,7372.0,472.12,NVIDIA GeForce RTX 3080,[N/A],Enabled,Enabled
1672422468.907821,0,GPU-a71d5fd4-b7db-93b7-1b7a-5a6e2a6a8c65,0.34,0.280078125,10240.0,7372.0,472.12,NVIDIA GeForce RTX 3080,[N/A],Enabled,Enabled
1672422469.909845,0,GPU-a71d5fd4-b7db-93b7-1b7a-5a6e2a6a8c65,0.34,0.280078125,10240.0,7372.0,472.12,NVIDIA GeForce RTX 3080,[N/A],Enabled,Enabled
1672422470.909106,0,GPU-a71d5fd4-b7db-93b7-1b7a-5a6e2a6a8c65,0.33,0.280078125,10240.0,7372.0,472.12,NVIDIA GeForce RTX 3080,[N/A],Enabled,Enabled
1672422471.909872,0,GPU-a71d5fd4-b7db-93b7-1b7a-5a6e2a6a8c65,0.34,0.280078125,10240.0,7372.0,472.12,NVIDIA GeForce RTX 3080,[N/A],Enabled,Enabled
1672422472.911653,0,GPU-a71d5fd4-b7db-93b7-1b7a-5a6e2a6a8c65,0.34,0.280078125,10240.0,7372.0,472.12,NVIDIA GeForce RTX 3080,[N/A],Enabled,Enabled
1672422473.916876,0,GPU-a71d5fd4-b7db-93b7-1b7a-5a6e2a6a8c65,0.34,0.280078125,10240.0,7372.0,472.12,NVIDIA GeForce RTX 3080,[N/A],Enabled,Enabled
1672422474.917905,0,GPU-a71d5fd4-b7db-93b7-1b7a-5a6e2a6a8c65,0.33,0.280078125,10240.0,7372.0,472.12,NVIDIA GeForce RTX 3080,[N/A],Enabled,Enabled
1672422475.918803,0,GPU-a71d5fd4-b7db-93b7-1b7a-5a6e2a6a8c65,0.34,0.280078125,10240.0,7372.0,472.12,NVIDIA GeForce RTX 3080,[N/A],Enabled,Enabled
1672422476.905379,0,GPU-a71d5fd4-b7db-93b7-1b7a-5a6e2a6a8c65,0.34,0.280078125,10240.0,7372.0,472.12,NVIDIA GeForce RTX 3080,[N/A],Enabled,Enabled
1672422477.906522,0,GPU-a71d5fd4-b7db-93b7-1b7a-5a6e2a6a8c65,0.35,0.280078125,10240.0,7372.0,472.12,NVIDIA GeForce RTX 3080,[N/A],Enabled,Enabled
1672422478.905895,0,GPU-a71d5fd4-b7db-93b7-1b7a-5a6e2a6a8c65,0.33,0.280078125,10240.0,7372.0,472.12,NVIDIA GeForce RTX 3080,[N/A],Enabled,Enabled
1672422479.908151,0,GPU-a71d5fd4-b7db-93b7-1b7a-5a6e2a6a8c65,0.34,0.280078125,10240.0,7372.0,472.12,NVIDIA GeForce RTX 3080,[N/A],Enabled,Enabled
1672422480.909008,0,GPU-a71d5fd4-b7db-93b7-1b7a-5a6e2a6a8c65,0.33,0.280078125,10240.0,7372.0,472.12,NVIDIA GeForce RTX 3080,[N/A],Enabled,Enabled
1672422481.911818,0,GPU-a71d5fd4-b7db-93b7-1b7a-5a6e2a6a8c65,0.34,0.280078125,10240.0,7372.0,472.12,NVIDIA GeForce RTX 3080,[N/A],Enabled,Enabled
1672422482.915024,0,GPU-a71d5fd4-b7db-93b7-1b7a-5a6e2a6a8c65,0.34,0.280078125,10240.0,7372.0,472.12,NVIDIA GeForce RTX 3080,[N/A],Enabled,Enabled
1672422483.914858,0,GPU-a71d5fd4-b7db-93b7-1b7a-5a6e2a6a8c65,0.32,0.280078125,10240.0,7372.0,472.12,NVIDIA GeForce RTX 3080,[N/A],Enabled,Enabled
1672422484.919359,0,GPU-a71d5fd4-b7db-93b7-1b7a-5a6e2a6a8c65,0.33,0.280078125,10240.0,7372.0,472.12,NVIDIA GeForce RTX 3080,[N/A],Enabled,Enabled
1672422485.908993,0,GPU-a71d5fd4-b7db-93b7-1b7a-5a6e2a6a8c65,0.3,0.19658203125,10240.0,8227.0,472.12,NVIDIA GeForce RTX 3080,[N/A],Enabled,Enabled
1672422486.908104,0,GPU-a71d5fd4-b7db-93b7-1b7a-5a6e2a6a8c65,0.41,0.2271484375,10240.0,7914.0,472.12,NVIDIA GeForce RTX 3080,[N/A],Enabled,Enabled
1672422487.905694,0,GPU-a71d5fd4-b7db-93b7-1b7a-5a6e2a6a8c65,0.32,0.19716796875,10240.0,8221.0,472.12,NVIDIA GeForce RTX 3080,[N/A],Enabled,Enabled
1672422488.905458,0,GPU-a71d5fd4-b7db-93b7-1b7a-5a6e2a6a8c65,0.34,0.19716796875,10240.0,8221.0,472.12,NVIDIA GeForce RTX 3080,[N/A],Enabled,Enabled
1672422489.919269,0,GPU-a71d5fd4-b7db-93b7-1b7a-5a6e2a6a8c65,0.38,0.19658203125,10240.0,8227.0,472.12,NVIDIA GeForce RTX 3080,[N/A],Enabled,Enabled
1672422490.918106,0,GPU-a71d5fd4-b7db-93b7-1b7a-5a6e2a6a8c65,0.36,0.19658203125,10240.0,8227.0,472.12,NVIDIA GeForce RTX 3080,[N/A],Enabled,Enabled
1672422491.916652,0,GPU-a71d5fd4-b7db-93b7-1b7a-5a6e2a6a8c65,0.36,0.19658203125,10240.0,8227.0,472.12,NVIDIA GeForce RTX 3080,[N/A],Enabled,Enabled
1672422492.912971,0,GPU-a71d5fd4-b7db-93b7-1b7a-5a6e2a6a8c65,0.03,0.20029296875,10240.0,8189.0,472.12,NVIDIA GeForce RTX 3080,[N/A],Enabled,Enabled
1672422493.916632,0,GPU-a71d5fd4-b7db-93b7-1b7a-5a6e2a6a8c65,0.22,0.2328125,10240.0,7856.0,472.12,NVIDIA GeForce RTX 3080,[N/A],Enabled,Enabled
1672422494.90886,0,GPU-a71d5fd4-b7db-93b7-1b7a-5a6e2a6a8c65,0.22,0.2328125,10240.0,7856.0,472.12,NVIDIA GeForce RTX 3080,[N/A],Enabled,Enabled
1672422495.913997,0,GPU-a71d5fd4-b7db-93b7-1b7a-5a6e2a6a8c65,0.21,0.2328125,10240.0,7856.0,472.12,NVIDIA GeForce RTX 3080,[N/A],Enabled,Enabled
1672422496.91675,0,GPU-a71d5fd4-b7db-93b7-1b7a-5a6e2a6a8c65,0.22,0.2328125,10240.0,7856.0,472.12,NVIDIA GeForce RTX 3080,[N/A],Enabled,Enabled
1672422497.914923,0,GPU-a71d5fd4-b7db-93b7-1b7a-5a6e2a6a8c65,0.2,0.2328125,10240.0,7856.0,472.12,NVIDIA GeForce RTX 3080,[N/A],Enabled,Enabled
1672422498.917083,0,GPU-a71d5fd4-b7db-93b7-1b7a-5a6e2a6a8c65,0.21,0.2328125,10240.0,7856.0,472.12,NVIDIA GeForce RTX 3080,[N/A],Enabled,Enabled
1672422499.906689,0,GPU-a71d5fd4-b7db-93b7-1b7a-5a6e2a6a8c65,0.19,0.2328125,10240.0,7856.0,472.12,NVIDIA GeForce RTX 3080,[N/A],Enabled,Enabled
1672422500.912962,0,GPU-a71d5fd4-b7db-93b7-1b7a-5a6e2a6a8c65,0.23,0.2328125,10240.0,7856.0,472.12,NVIDIA GeForce RTX 3080,[N/A],Enabled,Enabled
1672422501.915637,0,GPU-a71d5fd4-b7db-93b7-1b7a-5a6e2a6a8c65,0.22,0.2328125,10240.0,7856.0,472.12,NVIDIA GeForce RTX 3080,[N/A],Enabled,Enabled
1672422502.916796,0,GPU-a71d5fd4-b7db-93b7-1b7a-5a6e2a6a8c65,0.23,0.2328125,10240.0,7856.0,472.12,NVIDIA GeForce RTX 3080,[N/A],Enabled,Enabled
1672422503.909633,0,GPU-a71d5fd4-b7db-93b7-1b7a-5a6e2a6a8c65,0.22,0.2328125,10240.0,7856.0,472.12,NVIDIA GeForce RTX 3080,[N/A],Enabled,Enabled
1672422504.915074,0,GPU-a71d5fd4-b7db-93b7-1b7a-5a6e2a6a8c65,0.23,0.2328125,10240.0,7856.0,472.12,NVIDIA GeForce RTX 3080,[N/A],Enabled,Enabled
1672422505.906497,0,GPU-a71d5fd4-b7db-93b7-1b7a-5a6e2a6a8c65,0.22,0.2328125,10240.0,7856.0,472.12,NVIDIA GeForce RTX 3080,[N/A],Enabled,Enabled
1672422506.911937,0,GPU-a71d5fd4-b7db-93b7-1b7a-5a6e2a6a8c65,0.21,0.2328125,10240.0,7856.0,472.12,NVIDIA GeForce RTX 3080,[N/A],Enabled,Enabled
1672422507.917078,0,GPU-a71d5fd4-b7db-93b7-1b7a-5a6e2a6a8c65,0.22,0.2328125,10240.0,7856.0,472.12,NVIDIA GeForce RTX 3080,[N/A],Enabled,Enabled
1672422508.910545,0,GPU-a71d5fd4-b7db-93b7-1b7a-5a6e2a6a8c65,0.22,0.2328125,10240.0,7856.0,472.12,NVIDIA GeForce RTX 3080,[N/A],Enabled,Enabled
1672422509.9109,0,GPU-a71d5fd4-b7db-93b7-1b7a-5a6e2a6a8c65,0.22,0.2328125,10240.0,7856.0,472.12,NVIDIA GeForce RTX 3080,[N/A],Enabled,Enabled
1672422510.917743,0,GPU-a71d5fd4-b7db-93b7-1b7a-5a6e2a6a8c65,0.21,0.2328125,10240.0,7856.0,472.12,NVIDIA GeForce RTX 3080,[N/A],Enabled,Enabled
1672422511.913693,0,GPU-a71d5fd4-b7db-93b7-1b7a-5a6e2a6a8c65,0.21,0.2328125,10240.0,7856.0,472.12,NVIDIA GeForce RTX 3080,[N/A],Enabled,Enabled
1672422512.917092,0,GPU-a71d5fd4-b7db-93b7-1b7a-5a6e2a6a8c65,0.21,0.2328125,10240.0,7856.0,472.12,NVIDIA GeForce RTX 3080,[N/A],Enabled,Enabled
1672422513.906826,0,GPU-a71d5fd4-b7db-93b7-1b7a-5a6e2a6a8c65,0.21,0.2328125,10240.0,7856.0,472.12,NVIDIA GeForce RTX 3080,[N/A],Enabled,Enabled
1672422514.912144,0,GPU-a71d5fd4-b7db-93b7-1b7a-5a6e2a6a8c65,0.22,0.2328125,10240.0,7856.0,472.12,NVIDIA GeForce RTX 3080,[N/A],Enabled,Enabled
1672422515.918685,0,GPU-a71d5fd4-b7db-93b7-1b7a-5a6e2a6a8c65,0.21,0.2328125,10240.0,7856.0,472.12,NVIDIA GeForce RTX 3080,[N/A],Enabled,Enabled
1672422516.908296,0,GPU-a71d5fd4-b7db-93b7-1b7a-5a6e2a6a8c65,0.21,0.2328125,10240.0,7856.0,472.12,NVIDIA GeForce RTX 3080,[N/A],Enabled,Enabled
1672422517.916147,0,GPU-a71d5fd4-b7db-93b7-1b7a-5a6e2a6a8c65,0.22,0.2328125,10240.0,7856.0,472.12,NVIDIA GeForce RTX 3080,[N/A],Enabled,Enabled
1672422518.907577,0,GPU-a71d5fd4-b7db-93b7-1b7a-5a6e2a6a8c65,0.22,0.2328125,10240.0,7856.0,472.12,NVIDIA GeForce RTX 3080,[N/A],Enabled,Enabled
1672422519.914228,0,GPU-a71d5fd4-b7db-93b7-1b7a-5a6e2a6a8c65,0.21,0.2328125,10240.0,7856.0,472.12,NVIDIA GeForce RTX 3080,[N/A],Enabled,Enabled
1672422520.906859,0,GPU-a71d5fd4-b7db-93b7-1b7a-5a6e2a6a8c65,0.21,0.2328125,10240.0,7856.0,472.12,NVIDIA GeForce RTX 3080,[N/A],Enabled,Enabled
1672422521.909092,0,GPU-a71d5fd4-b7db-93b7-1b7a-5a6e2a6a8c65,0.21,0.2328125,10240.0,7856.0,472.12,NVIDIA GeForce RTX 3080,[N/A],Enabled,Enabled
1672422522.912,0,GPU-a71d5fd4-b7db-93b7-1b7a-5a6e2a6a8c65,0.2,0.2328125,10240.0,7856.0,472.12,NVIDIA GeForce RTX 3080,[N/A],Enabled,Enabled
1672422523.904597,0,GPU-a71d5fd4-b7db-93b7-1b7a-5a6e2a6a8c65,0.21,0.2328125,10240.0,7856.0,472.12,NVIDIA GeForce RTX 3080,[N/A],Enabled,Enabled
1672422524.915961,0,GPU-a71d5fd4-b7db-93b7-1b7a-5a6e2a6a8c65,0.21,0.2328125,10240.0,7856.0,472.12,NVIDIA GeForce RTX 3080,[N/A],Enabled,Enabled
1672422525.906484,0,GPU-a71d5fd4-b7db-93b7-1b7a-5a6e2a6a8c65,0.22,0.2328125,10240.0,7856.0,472.12,NVIDIA GeForce RTX 3080,[N/A],Enabled,Enabled
1672422526.914631,0,GPU-a71d5fd4-b7db-93b7-1b7a-5a6e2a6a8c65,0.21,0.2328125,10240.0,7856.0,472.12,NVIDIA GeForce RTX 3080,[N/A],Enabled,Enabled
1672422527.905893,0,GPU-a71d5fd4-b7db-93b7-1b7a-5a6e2a6a8c65,0.21,0.2328125,10240.0,7856.0,472.12,NVIDIA GeForce RTX 3080,[N/A],Enabled,Enabled
1672422528.910522,0,GPU-a71d5fd4-b7db-93b7-1b7a-5a6e2a6a8c65,0.21,0.2328125,10240.0,7856.0,472.12,NVIDIA GeForce RTX 3080,[N/A],Enabled,Enabled
1672422529.915578,0,GPU-a71d5fd4-b7db-93b7-1b7a-5a6e2a6a8c65,0.22,0.2328125,10240.0,7856.0,472.12,NVIDIA GeForce RTX 3080,[N/A],Enabled,Enabled
1672422530.905919,0,GPU-a71d5fd4-b7db-93b7-1b7a-5a6e2a6a8c65,0.21,0.2328125,10240.0,7856.0,472.12,NVIDIA GeForce RTX 3080,[N/A],Enabled,Enabled
1672422531.908957,0,GPU-a71d5fd4-b7db-93b7-1b7a-5a6e2a6a8c65,0.21,0.2328125,10240.0,7856.0,472.12,NVIDIA GeForce RTX 3080,[N/A],Enabled,Enabled
1672422532.914072,0,GPU-a71d5fd4-b7db-93b7-1b7a-5a6e2a6a8c65,0.22,0.2328125,10240.0,7856.0,472.12,NVIDIA GeForce RTX 3080,[N/A],Enabled,Enabled
1672422533.916901,0,GPU-a71d5fd4-b7db-93b7-1b7a-5a6e2a6a8c65,0.22,0.2328125,10240.0,7856.0,472.12,NVIDIA GeForce RTX 3080,[N/A],Enabled,Enabled
1672422534.909774,0,GPU-a71d5fd4-b7db-93b7-1b7a-5a6e2a6a8c65,0.21,0.2328125,10240.0,7856.0,472.12,NVIDIA GeForce RTX 3080,[N/A],Enabled,Enabled
1672422535.916043,0,GPU-a71d5fd4-b7db-93b7-1b7a-5a6e2a6a8c65,0.21,0.2328125,10240.0,7856.0,472.12,NVIDIA GeForce RTX 3080,[N/A],Enabled,Enabled
1672422536.906884,0,GPU-a71d5fd4-b7db-93b7-1b7a-5a6e2a6a8c65,0.21,0.2328125,10240.0,7856.0,472.12,NVIDIA GeForce RTX 3080,[N/A],Enabled,Enabled
1672422537.91373,0,GPU-a71d5fd4-b7db-93b7-1b7a-5a6e2a6a8c65,0.21,0.2328125,10240.0,7856.0,472.12,NVIDIA GeForce RTX 3080,[N/A],Enabled,Enabled
1672422538.9069,0,GPU-a71d5fd4-b7db-93b7-1b7a-5a6e2a6a8c65,0.21,0.2328125,10240.0,7856.0,472.12,NVIDIA GeForce RTX 3080,[N/A],Enabled,Enabled
1672422539.915749,0,GPU-a71d5fd4-b7db-93b7-1b7a-5a6e2a6a8c65,0.21,0.2328125,10240.0,7856.0,472.12,NVIDIA GeForce RTX 3080,[N/A],Enabled,Enabled
1672422540.914568,0,GPU-a71d5fd4-b7db-93b7-1b7a-5a6e2a6a8c65,0.21,0.2328125,10240.0,7856.0,472.12,NVIDIA GeForce RTX 3080,[N/A],Enabled,Enabled
1672422541.906519,0,GPU-a71d5fd4-b7db-93b7-1b7a-5a6e2a6a8c65,0.22,0.2328125,10240.0,7856.0,472.12,NVIDIA GeForce RTX 3080,[N/A],Enabled,Enabled
1672422542.911975,0,GPU-a71d5fd4-b7db-93b7-1b7a-5a6e2a6a8c65,0.21,0.2328125,10240.0,7856.0,472.12,NVIDIA GeForce RTX 3080,[N/A],Enabled,Enabled
1672422543.915811,0,GPU-a71d5fd4-b7db-93b7-1b7a-5a6e2a6a8c65,0.21,0.2328125,10240.0,7856.0,472.12,NVIDIA GeForce RTX 3080,[N/A],Enabled,Enabled
1672422544.908158,0,GPU-a71d5fd4-b7db-93b7-1b7a-5a6e2a6a8c65,0.21,0.2328125,10240.0,7856.0,472.12,NVIDIA GeForce RTX 3080,[N/A],Enabled,Enabled
1672422545.914694,0,GPU-a71d5fd4-b7db-93b7-1b7a-5a6e2a6a8c65,0.21,0.2328125,10240.0,7856.0,472.12,NVIDIA GeForce RTX 3080,[N/A],Enabled,Enabled
1672422546.908223,0,GPU-a71d5fd4-b7db-93b7-1b7a-5a6e2a6a8c65,0.21,0.2328125,10240.0,7856.0,472.12,NVIDIA GeForce RTX 3080,[N/A],Enabled,Enabled
1672422547.910671,0,GPU-a71d5fd4-b7db-93b7-1b7a-5a6e2a6a8c65,0.22,0.2328125,10240.0,7856.0,472.12,NVIDIA GeForce RTX 3080,[N/A],Enabled,Enabled
1672422548.914915,0,GPU-a71d5fd4-b7db-93b7-1b7a-5a6e2a6a8c65,0.21,0.2328125,10240.0,7856.0,472.12,NVIDIA GeForce RTX 3080,[N/A],Enabled,Enabled
1672422549.918806,0,GPU-a71d5fd4-b7db-93b7-1b7a-5a6e2a6a8c65,0.21,0.2328125,10240.0,7856.0,472.12,NVIDIA GeForce RTX 3080,[N/A],Enabled,Enabled
1672422550.909747,0,GPU-a71d5fd4-b7db-93b7-1b7a-5a6e2a6a8c65,0.21,0.2328125,10240.0,7856.0,472.12,NVIDIA GeForce RTX 3080,[N/A],Enabled,Enabled
1672422551.914378,0,GPU-a71d5fd4-b7db-93b7-1b7a-5a6e2a6a8c65,0.2,0.2328125,10240.0,7856.0,472.12,NVIDIA GeForce RTX 3080,[N/A],Enabled,Enabled
1672422552.918214,0,GPU-a71d5fd4-b7db-93b7-1b7a-5a6e2a6a8c65,0.21,0.2328125,10240.0,7856.0,472.12,NVIDIA GeForce RTX 3080,[N/A],Enabled,Enabled
1672422553.905934,0,GPU-a71d5fd4-b7db-93b7-1b7a-5a6e2a6a8c65,0.22,0.2328125,10240.0,7856.0,472.12,NVIDIA GeForce RTX 3080,[N/A],Enabled,Enabled
1672422554.907828,0,GPU-a71d5fd4-b7db-93b7-1b7a-5a6e2a6a8c65,0.3,0.3287109375,10240.0,6874.0,472.12,NVIDIA GeForce RTX 3080,[N/A],Enabled,Enabled
1672422555.912852,0,GPU-a71d5fd4-b7db-93b7-1b7a-5a6e2a6a8c65,0.29,0.3287109375,10240.0,6874.0,472.12,NVIDIA GeForce RTX 3080,[N/A],Enabled,Enabled
1672422556.917939,0,GPU-a71d5fd4-b7db-93b7-1b7a-5a6e2a6a8c65,0.21,0.4111328125,10240.0,6030.0,472.12,NVIDIA GeForce RTX 3080,[N/A],Enabled,Enabled
1672422557.908802,0,GPU-a71d5fd4-b7db-93b7-1b7a-5a6e2a6a8c65,0.25,0.4173828125,10240.0,5966.0,472.12,NVIDIA GeForce RTX 3080,[N/A],Enabled,Enabled
1672422558.912994,0,GPU-a71d5fd4-b7db-93b7-1b7a-5a6e2a6a8c65,0.22,0.4158203125,10240.0,5982.0,472.12,NVIDIA GeForce RTX 3080,[N/A],Enabled,Enabled
1672422559.915467,0,GPU-a71d5fd4-b7db-93b7-1b7a-5a6e2a6a8c65,0.15,0.42158203125,10240.0,5923.0,472.12,NVIDIA GeForce RTX 3080,[N/A],Enabled,Enabled
1672422560.917702,0,GPU-a71d5fd4-b7db-93b7-1b7a-5a6e2a6a8c65,0.24,0.42314453125,10240.0,5907.0,472.12,NVIDIA GeForce RTX 3080,[N/A],Enabled,Enabled
1672422561.917711,0,GPU-a71d5fd4-b7db-93b7-1b7a-5a6e2a6a8c65,0.26,0.42265625,10240.0,5912.0,472.12,NVIDIA GeForce RTX 3080,[N/A],Enabled,Enabled
1672422562.917756,0,GPU-a71d5fd4-b7db-93b7-1b7a-5a6e2a6a8c65,0.23,0.42265625,10240.0,5912.0,472.12,NVIDIA GeForce RTX 3080,[N/A],Enabled,Enabled
1672422563.917523,0,GPU-a71d5fd4-b7db-93b7-1b7a-5a6e2a6a8c65,0.24,0.42265625,10240.0,5912.0,472.12,NVIDIA GeForce RTX 3080,[N/A],Enabled,Enabled
1672422564.917417,0,GPU-a71d5fd4-b7db-93b7-1b7a-5a6e2a6a8c65,0.24,0.42265625,10240.0,5912.0,472.12,NVIDIA GeForce RTX 3080,[N/A],Enabled,Enabled
1672422565.917657,0,GPU-a71d5fd4-b7db-93b7-1b7a-5a6e2a6a8c65,0.24,0.42509765625,10240.0,5887.0,472.12,NVIDIA GeForce RTX 3080,[N/A],Enabled,Enabled
1672422566.907851,0,GPU-a71d5fd4-b7db-93b7-1b7a-5a6e2a6a8c65,0.23,0.42314453125,10240.0,5907.0,472.12,NVIDIA GeForce RTX 3080,[N/A],Enabled,Enabled
1672422567.907657,0,GPU-a71d5fd4-b7db-93b7-1b7a-5a6e2a6a8c65,0.27,0.42373046875,10240.0,5901.0,472.12,NVIDIA GeForce RTX 3080,[N/A],Enabled,Enabled
1672422568.905701,0,GPU-a71d5fd4-b7db-93b7-1b7a-5a6e2a6a8c65,0.24,0.42314453125,10240.0,5907.0,472.12,NVIDIA GeForce RTX 3080,[N/A],Enabled,Enabled
1672422569.910182,0,GPU-a71d5fd4-b7db-93b7-1b7a-5a6e2a6a8c65,0.24,0.42197265625,10240.0,5919.0,472.12,NVIDIA GeForce RTX 3080,[N/A],Enabled,Enabled
1672422570.91407,0,GPU-a71d5fd4-b7db-93b7-1b7a-5a6e2a6a8c65,0.14,0.3775390625,10240.0,6374.0,472.12,NVIDIA GeForce RTX 3080,[N/A],Enabled,Enabled
1672422571.915589,0,GPU-a71d5fd4-b7db-93b7-1b7a-5a6e2a6a8c65,0.25,0.4228515625,10240.0,5910.0,472.12,NVIDIA GeForce RTX 3080,[N/A],Enabled,Enabled
1672422572.917106,0,GPU-a71d5fd4-b7db-93b7-1b7a-5a6e2a6a8c65,0.25,0.4228515625,10240.0,5910.0,472.12,NVIDIA GeForce RTX 3080,[N/A],Enabled,Enabled
1672422573.919725,0,GPU-a71d5fd4-b7db-93b7-1b7a-5a6e2a6a8c65,0.25,0.4228515625,10240.0,5910.0,472.12,NVIDIA GeForce RTX 3080,[N/A],Enabled,Enabled
1672422574.906835,0,GPU-a71d5fd4-b7db-93b7-1b7a-5a6e2a6a8c65,0.15,0.3162109375,10240.0,7002.0,472.12,NVIDIA GeForce RTX 3080,[N/A],Enabled,Enabled
1672422575.905655,0,GPU-a71d5fd4-b7db-93b7-1b7a-5a6e2a6a8c65,0.14,0.31689453125,10240.0,6995.0,472.12,NVIDIA GeForce RTX 3080,[N/A],Enabled,Enabled
1672422576.913869,0,GPU-a71d5fd4-b7db-93b7-1b7a-5a6e2a6a8c65,0.13,0.31689453125,10240.0,6995.0,472.12,NVIDIA GeForce RTX 3080,[N/A],Enabled,Enabled
1672422577.912706,0,GPU-a71d5fd4-b7db-93b7-1b7a-5a6e2a6a8c65,0.14,0.31689453125,10240.0,6995.0,472.12,NVIDIA GeForce RTX 3080,[N/A],Enabled,Enabled
1672422578.914921,0,GPU-a71d5fd4-b7db-93b7-1b7a-5a6e2a6a8c65,0.14,0.31708984375,10240.0,6993.0,472.12,NVIDIA GeForce RTX 3080,[N/A],Enabled,Enabled
1672422579.915519,0,GPU-a71d5fd4-b7db-93b7-1b7a-5a6e2a6a8c65,0.14,0.321484375,10240.0,6948.0,472.12,NVIDIA GeForce RTX 3080,[N/A],Enabled,Enabled
1672422580.9055,0,GPU-a71d5fd4-b7db-93b7-1b7a-5a6e2a6a8c65,0.14,0.321484375,10240.0,6948.0,472.12,NVIDIA GeForce RTX 3080,[N/A],Enabled,Enabled
1672422581.913862,0,GPU-a71d5fd4-b7db-93b7-1b7a-5a6e2a6a8c65,0.13,0.40537109375,10240.0,6089.0,472.12,NVIDIA GeForce RTX 3080,[N/A],Enabled,Enabled
1672422582.913154,0,GPU-a71d5fd4-b7db-93b7-1b7a-5a6e2a6a8c65,0.16,0.316015625,10240.0,7004.0,472.12,NVIDIA GeForce RTX 3080,[N/A],Enabled,Enabled
1672422583.914827,0,GPU-a71d5fd4-b7db-93b7-1b7a-5a6e2a6a8c65,0.15,0.316015625,10240.0,7004.0,472.12,NVIDIA GeForce RTX 3080,[N/A],Enabled,Enabled
1672422584.919954,0,GPU-a71d5fd4-b7db-93b7-1b7a-5a6e2a6a8c65,0.14,0.316015625,10240.0,7004.0,472.12,NVIDIA GeForce RTX 3080,[N/A],Enabled,Enabled
1672422585.919701,0,GPU-a71d5fd4-b7db-93b7-1b7a-5a6e2a6a8c65,0.16,0.31728515625,10240.0,6991.0,472.12,NVIDIA GeForce RTX 3080,[N/A],Enabled,Enabled
1672422586.915491,0,GPU-a71d5fd4-b7db-93b7-1b7a-5a6e2a6a8c65,0.13,0.31767578125,10240.0,6987.0,472.12,NVIDIA GeForce RTX 3080,[N/A],Enabled,Enabled
1672422587.914188,0,GPU-a71d5fd4-b7db-93b7-1b7a-5a6e2a6a8c65,0.13,0.31611328125,10240.0,7003.0,472.12,NVIDIA GeForce RTX 3080,[N/A],Enabled,Enabled
1672422588.917422,0,GPU-a71d5fd4-b7db-93b7-1b7a-5a6e2a6a8c65,0.13,0.31611328125,10240.0,7003.0,472.12,NVIDIA GeForce RTX 3080,[N/A],Enabled,Enabled
1672422589.906477,0,GPU-a71d5fd4-b7db-93b7-1b7a-5a6e2a6a8c65,0.14,0.31611328125,10240.0,7003.0,472.12,NVIDIA GeForce RTX 3080,[N/A],Enabled,Enabled
1672422590.909666,0,GPU-a71d5fd4-b7db-93b7-1b7a-5a6e2a6a8c65,0.13,0.31611328125,10240.0,7003.0,472.12,NVIDIA GeForce RTX 3080,[N/A],Enabled,Enabled
1672422591.91664,0,GPU-a71d5fd4-b7db-93b7-1b7a-5a6e2a6a8c65,0.15,0.31630859375,10240.0,7001.0,472.12,NVIDIA GeForce RTX 3080,[N/A],Enabled,Enabled
1672422592.905546,0,GPU-a71d5fd4-b7db-93b7-1b7a-5a6e2a6a8c65,0.15,0.31640625,10240.0,7000.0,472.12,NVIDIA GeForce RTX 3080,[N/A],Enabled,Enabled
1672422593.906496,0,GPU-a71d5fd4-b7db-93b7-1b7a-5a6e2a6a8c65,0.13,0.31787109375,10240.0,6985.0,472.12,NVIDIA GeForce RTX 3080,[N/A],Enabled,Enabled
1672422594.912592,0,GPU-a71d5fd4-b7db-93b7-1b7a-5a6e2a6a8c65,0.14,0.4193359375,10240.0,5946.0,472.12,NVIDIA GeForce RTX 3080,[N/A],Enabled,Enabled
1672422595.914546,0,GPU-a71d5fd4-b7db-93b7-1b7a-5a6e2a6a8c65,0.2,0.39619140625,10240.0,6183.0,472.12,NVIDIA GeForce RTX 3080,[N/A],Enabled,Enabled
1672422596.91748,0,GPU-a71d5fd4-b7db-93b7-1b7a-5a6e2a6a8c65,0.13,0.35458984375,10240.0,6609.0,472.12,NVIDIA GeForce RTX 3080,[N/A],Enabled,Enabled
1672422597.920001,0,GPU-a71d5fd4-b7db-93b7-1b7a-5a6e2a6a8c65,0.13,0.354296875,10240.0,6612.0,472.12,NVIDIA GeForce RTX 3080,[N/A],Enabled,Enabled
1672422598.91586,0,GPU-a71d5fd4-b7db-93b7-1b7a-5a6e2a6a8c65,0.13,0.3541015625,10240.0,6614.0,472.12,NVIDIA GeForce RTX 3080,[N/A],Enabled,Enabled
1672422599.905871,0,GPU-a71d5fd4-b7db-93b7-1b7a-5a6e2a6a8c65,0.09,0.34462890625,10240.0,6711.0,472.12,NVIDIA GeForce RTX 3080,[N/A],Enabled,Enabled
1672422600.910686,0,GPU-a71d5fd4-b7db-93b7-1b7a-5a6e2a6a8c65,0.14,0.35576171875,10240.0,6597.0,472.12,NVIDIA GeForce RTX 3080,[N/A],Enabled,Enabled
1672422601.911871,0,GPU-a71d5fd4-b7db-93b7-1b7a-5a6e2a6a8c65,0.12,0.355859375,10240.0,6596.0,472.12,NVIDIA GeForce RTX 3080,[N/A],Enabled,Enabled
1672422602.916919,0,GPU-a71d5fd4-b7db-93b7-1b7a-5a6e2a6a8c65,0.14,0.35595703125,10240.0,6595.0,472.12,NVIDIA GeForce RTX 3080,[N/A],Enabled,Enabled
1672422603.905485,0,GPU-a71d5fd4-b7db-93b7-1b7a-5a6e2a6a8c65,0.13,0.35595703125,10240.0,6595.0,472.12,NVIDIA GeForce RTX 3080,[N/A],Enabled,Enabled
1672422604.919444,0,GPU-a71d5fd4-b7db-93b7-1b7a-5a6e2a6a8c65,0.14,0.35595703125,10240.0,6595.0,472.12,NVIDIA GeForce RTX 3080,[N/A],Enabled,Enabled
1672422605.909741,0,GPU-a71d5fd4-b7db-93b7-1b7a-5a6e2a6a8c65,0.13,0.35595703125,10240.0,6595.0,472.12,NVIDIA GeForce RTX 3080,[N/A],Enabled,Enabled
1672422606.914902,0,GPU-a71d5fd4-b7db-93b7-1b7a-5a6e2a6a8c65,0.13,0.35595703125,10240.0,6595.0,472.12,NVIDIA GeForce RTX 3080,[N/A],Enabled,Enabled
1672422607.918601,0,GPU-a71d5fd4-b7db-93b7-1b7a-5a6e2a6a8c65,0.14,0.35595703125,10240.0,6595.0,472.12,NVIDIA GeForce RTX 3080,[N/A],Enabled,Enabled
1672422608.905839,0,GPU-a71d5fd4-b7db-93b7-1b7a-5a6e2a6a8c65,0.13,0.35791015625,10240.0,6575.0,472.12,NVIDIA GeForce RTX 3080,[N/A],Enabled,Enabled
1672422609.909858,0,GPU-a71d5fd4-b7db-93b7-1b7a-5a6e2a6a8c65,0.17,0.36533203125,10240.0,6499.0,472.12,NVIDIA GeForce RTX 3080,[N/A],Enabled,Enabled
1672422610.911535,0,GPU-a71d5fd4-b7db-93b7-1b7a-5a6e2a6a8c65,0.17,0.36533203125,10240.0,6499.0,472.12,NVIDIA GeForce RTX 3080,[N/A],Enabled,Enabled
1672422611.914926,0,GPU-a71d5fd4-b7db-93b7-1b7a-5a6e2a6a8c65,0.17,0.36533203125,10240.0,6499.0,472.12,NVIDIA GeForce RTX 3080,[N/A],Enabled,Enabled
1672422612.919563,0,GPU-a71d5fd4-b7db-93b7-1b7a-5a6e2a6a8c65,0.17,0.36533203125,10240.0,6499.0,472.12,NVIDIA GeForce RTX 3080,[N/A],Enabled,Enabled
1672422613.907924,0,GPU-a71d5fd4-b7db-93b7-1b7a-5a6e2a6a8c65,0.16,0.36533203125,10240.0,6499.0,472.12,NVIDIA GeForce RTX 3080,[N/A],Enabled,Enabled
1672422614.912546,0,GPU-a71d5fd4-b7db-93b7-1b7a-5a6e2a6a8c65,0.17,0.36533203125,10240.0,6499.0,472.12,NVIDIA GeForce RTX 3080,[N/A],Enabled,Enabled
1672422615.912909,0,GPU-a71d5fd4-b7db-93b7-1b7a-5a6e2a6a8c65,0.17,0.36533203125,10240.0,6499.0,472.12,NVIDIA GeForce RTX 3080,[N/A],Enabled,Enabled
1672422616.911972,0,GPU-a71d5fd4-b7db-93b7-1b7a-5a6e2a6a8c65,0.17,0.36533203125,10240.0,6499.0,472.12,NVIDIA GeForce RTX 3080,[N/A],Enabled,Enabled
1672422617.912885,0,GPU-a71d5fd4-b7db-93b7-1b7a-5a6e2a6a8c65,0.17,0.36533203125,10240.0,6499.0,472.12,NVIDIA GeForce RTX 3080,[N/A],Enabled,Enabled
1672422618.914666,0,GPU-a71d5fd4-b7db-93b7-1b7a-5a6e2a6a8c65,0.17,0.36533203125,10240.0,6499.0,472.12,NVIDIA GeForce RTX 3080,[N/A],Enabled,Enabled
1672422619.914732,0,GPU-a71d5fd4-b7db-93b7-1b7a-5a6e2a6a8c65,0.17,0.36533203125,10240.0,6499.0,472.12,NVIDIA GeForce RTX 3080,[N/A],Enabled,Enabled
1672422620.91109,0,GPU-a71d5fd4-b7db-93b7-1b7a-5a6e2a6a8c65,0.17,0.36533203125,10240.0,6499.0,472.12,NVIDIA GeForce RTX 3080,[N/A],Enabled,Enabled
1672422621.914944,0,GPU-a71d5fd4-b7db-93b7-1b7a-5a6e2a6a8c65,0.17,0.36533203125,10240.0,6499.0,472.12,NVIDIA GeForce RTX 3080,[N/A],Enabled,Enabled
1672422622.917813,0,GPU-a71d5fd4-b7db-93b7-1b7a-5a6e2a6a8c65,0.17,0.36533203125,10240.0,6499.0,472.12,NVIDIA GeForce RTX 3080,[N/A],Enabled,Enabled
1672422623.917453,0,GPU-a71d5fd4-b7db-93b7-1b7a-5a6e2a6a8c65,0.17,0.36533203125,10240.0,6499.0,472.12,NVIDIA GeForce RTX 3080,[N/A],Enabled,Enabled
1672422624.915759,0,GPU-a71d5fd4-b7db-93b7-1b7a-5a6e2a6a8c65,0.17,0.36533203125,10240.0,6499.0,472.12,NVIDIA GeForce RTX 3080,[N/A],Enabled,Enabled
1672422625.914738,0,GPU-a71d5fd4-b7db-93b7-1b7a-5a6e2a6a8c65,0.17,0.36533203125,10240.0,6499.0,472.12,NVIDIA GeForce RTX 3080,[N/A],Enabled,Enabled
1672422626.916459,0,GPU-a71d5fd4-b7db-93b7-1b7a-5a6e2a6a8c65,0.17,0.36533203125,10240.0,6499.0,472.12,NVIDIA GeForce RTX 3080,[N/A],Enabled,Enabled
1672422627.915671,0,GPU-a71d5fd4-b7db-93b7-1b7a-5a6e2a6a8c65,0.17,0.36533203125,10240.0,6499.0,472.12,NVIDIA GeForce RTX 3080,[N/A],Enabled,Enabled
1672422628.917648,0,GPU-a71d5fd4-b7db-93b7-1b7a-5a6e2a6a8c65,0.16,0.36533203125,10240.0,6499.0,472.12,NVIDIA GeForce RTX 3080,[N/A],Enabled,Enabled
1672422629.908626,0,GPU-a71d5fd4-b7db-93b7-1b7a-5a6e2a6a8c65,0.17,0.36533203125,10240.0,6499.0,472.12,NVIDIA GeForce RTX 3080,[N/A],Enabled,Enabled
1672422630.909923,0,GPU-a71d5fd4-b7db-93b7-1b7a-5a6e2a6a8c65,0.17,0.36533203125,10240.0,6499.0,472.12,NVIDIA GeForce RTX 3080,[N/A],Enabled,Enabled
1672422631.913632,0,GPU-a71d5fd4-b7db-93b7-1b7a-5a6e2a6a8c65,0.17,0.36533203125,10240.0,6499.0,472.12,NVIDIA GeForce RTX 3080,[N/A],Enabled,Enabled
1672422632.918898,0,GPU-a71d5fd4-b7db-93b7-1b7a-5a6e2a6a8c65,0.17,0.36533203125,10240.0,6499.0,472.12,NVIDIA GeForce RTX 3080,[N/A],Enabled,Enabled
1672422633.918948,0,GPU-a71d5fd4-b7db-93b7-1b7a-5a6e2a6a8c65,0.17,0.36533203125,10240.0,6499.0,472.12,NVIDIA GeForce RTX 3080,[N/A],Enabled,Enabled
1672422634.918947,0,GPU-a71d5fd4-b7db-93b7-1b7a-5a6e2a6a8c65,0.17,0.36533203125,10240.0,6499.0,472.12,NVIDIA GeForce RTX 3080,[N/A],Enabled,Enabled
1672422635.906167,0,GPU-a71d5fd4-b7db-93b7-1b7a-5a6e2a6a8c65,0.17,0.36533203125,10240.0,6499.0,472.12,NVIDIA GeForce RTX 3080,[N/A],Enabled,Enabled
1672422636.909693,0,GPU-a71d5fd4-b7db-93b7-1b7a-5a6e2a6a8c65,0.17,0.36533203125,10240.0,6499.0,472.12,NVIDIA GeForce RTX 3080,[N/A],Enabled,Enabled
1672422637.911743,0,GPU-a71d5fd4-b7db-93b7-1b7a-5a6e2a6a8c65,0.17,0.36533203125,10240.0,6499.0,472.12,NVIDIA GeForce RTX 3080,[N/A],Enabled,Enabled
1672422638.913095,0,GPU-a71d5fd4-b7db-93b7-1b7a-5a6e2a6a8c65,0.16,0.36533203125,10240.0,6499.0,472.12,NVIDIA GeForce RTX 3080,[N/A],Enabled,Enabled
1672422639.912849,0,GPU-a71d5fd4-b7db-93b7-1b7a-5a6e2a6a8c65,0.17,0.36533203125,10240.0,6499.0,472.12,NVIDIA GeForce RTX 3080,[N/A],Enabled,Enabled
1672422640.912364,0,GPU-a71d5fd4-b7db-93b7-1b7a-5a6e2a6a8c65,0.27,0.41044921875,10240.0,6037.0,472.12,NVIDIA GeForce RTX 3080,[N/A],Enabled,Enabled
1672422641.915643,0,GPU-a71d5fd4-b7db-93b7-1b7a-5a6e2a6a8c65,0.25,0.41044921875,10240.0,6037.0,472.12,NVIDIA GeForce RTX 3080,[N/A],Enabled,Enabled
1672422642.918482,0,GPU-a71d5fd4-b7db-93b7-1b7a-5a6e2a6a8c65,0.25,0.403515625,10240.0,6108.0,472.12,NVIDIA GeForce RTX 3080,[N/A],Enabled,Enabled
1672422643.908134,0,GPU-a71d5fd4-b7db-93b7-1b7a-5a6e2a6a8c65,0.21,0.3640625,10240.0,6512.0,472.12,NVIDIA GeForce RTX 3080,[N/A],Enabled,Enabled
1672422644.911873,0,GPU-a71d5fd4-b7db-93b7-1b7a-5a6e2a6a8c65,0.14,0.35830078125,10240.0,6571.0,472.12,NVIDIA GeForce RTX 3080,[N/A],Enabled,Enabled
1672422645.917637,0,GPU-a71d5fd4-b7db-93b7-1b7a-5a6e2a6a8c65,0.14,0.35830078125,10240.0,6571.0,472.12,NVIDIA GeForce RTX 3080,[N/A],Enabled,Enabled
1672422646.917671,0,GPU-a71d5fd4-b7db-93b7-1b7a-5a6e2a6a8c65,0.14,0.358203125,10240.0,6572.0,472.12,NVIDIA GeForce RTX 3080,[N/A],Enabled,Enabled
1672422647.905991,0,GPU-a71d5fd4-b7db-93b7-1b7a-5a6e2a6a8c65,0.11,0.36533203125,10240.0,6499.0,472.12,NVIDIA GeForce RTX 3080,[N/A],Enabled,Enabled
1672422648.907872,0,GPU-a71d5fd4-b7db-93b7-1b7a-5a6e2a6a8c65,0.17,0.36533203125,10240.0,6499.0,472.12,NVIDIA GeForce RTX 3080,[N/A],Enabled,Enabled
1672422649.909766,0,GPU-a71d5fd4-b7db-93b7-1b7a-5a6e2a6a8c65,0.17,0.36533203125,10240.0,6499.0,472.12,NVIDIA GeForce RTX 3080,[N/A],Enabled,Enabled
1672422650.914063,0,GPU-a71d5fd4-b7db-93b7-1b7a-5a6e2a6a8c65,0.17,0.36533203125,10240.0,6499.0,472.12,NVIDIA GeForce RTX 3080,[N/A],Enabled,Enabled
1672422651.913665,0,GPU-a71d5fd4-b7db-93b7-1b7a-5a6e2a6a8c65,0.17,0.36533203125,10240.0,6499.0,472.12,NVIDIA GeForce RTX 3080,[N/A],Enabled,Enabled
1672422652.905506,0,GPU-a71d5fd4-b7db-93b7-1b7a-5a6e2a6a8c65,0.17,0.36533203125,10240.0,6499.0,472.12,NVIDIA GeForce RTX 3080,[N/A],Enabled,Enabled
1672422653.918735,0,GPU-a71d5fd4-b7db-93b7-1b7a-5a6e2a6a8c65,0.17,0.36533203125,10240.0,6499.0,472.12,NVIDIA GeForce RTX 3080,[N/A],Enabled,Enabled
1672422654.919905,0,GPU-a71d5fd4-b7db-93b7-1b7a-5a6e2a6a8c65,0.17,0.36533203125,10240.0,6499.0,472.12,NVIDIA GeForce RTX 3080,[N/A],Enabled,Enabled
1672422655.911854,0,GPU-a71d5fd4-b7db-93b7-1b7a-5a6e2a6a8c65,0.17,0.36533203125,10240.0,6499.0,472.12,NVIDIA GeForce RTX 3080,[N/A],Enabled,Enabled
1672422656.91447,0,GPU-a71d5fd4-b7db-93b7-1b7a-5a6e2a6a8c65,0.17,0.36533203125,10240.0,6499.0,472.12,NVIDIA GeForce RTX 3080,[N/A],Enabled,Enabled
1672422657.916476,0,GPU-a71d5fd4-b7db-93b7-1b7a-5a6e2a6a8c65,0.17,0.36533203125,10240.0,6499.0,472.12,NVIDIA GeForce RTX 3080,[N/A],Enabled,Enabled
1672422658.909504,0,GPU-a71d5fd4-b7db-93b7-1b7a-5a6e2a6a8c65,0.17,0.36533203125,10240.0,6499.0,472.12,NVIDIA GeForce RTX 3080,[N/A],Enabled,Enabled
1672422659.911581,0,GPU-a71d5fd4-b7db-93b7-1b7a-5a6e2a6a8c65,0.17,0.36533203125,10240.0,6499.0,472.12,NVIDIA GeForce RTX 3080,[N/A],Enabled,Enabled
1672422660.91673,0,GPU-a71d5fd4-b7db-93b7-1b7a-5a6e2a6a8c65,0.17,0.36533203125,10240.0,6499.0,472.12,NVIDIA GeForce RTX 3080,[N/A],Enabled,Enabled
1672422661.917898,0,GPU-a71d5fd4-b7db-93b7-1b7a-5a6e2a6a8c65,0.17,0.36533203125,10240.0,6499.0,472.12,NVIDIA GeForce RTX 3080,[N/A],Enabled,Enabled
1672422662.916517,0,GPU-a71d5fd4-b7db-93b7-1b7a-5a6e2a6a8c65,0.17,0.36533203125,10240.0,6499.0,472.12,NVIDIA GeForce RTX 3080,[N/A],Enabled,Enabled
1672422663.908958,0,GPU-a71d5fd4-b7db-93b7-1b7a-5a6e2a6a8c65,0.17,0.36533203125,10240.0,6499.0,472.12,NVIDIA GeForce RTX 3080,[N/A],Enabled,Enabled
1672422664.906673,0,GPU-a71d5fd4-b7db-93b7-1b7a-5a6e2a6a8c65,0.18,0.36533203125,10240.0,6499.0,472.12,NVIDIA GeForce RTX 3080,[N/A],Enabled,Enabled
1672422665.906411,0,GPU-a71d5fd4-b7db-93b7-1b7a-5a6e2a6a8c65,0.17,0.36533203125,10240.0,6499.0,472.12,NVIDIA GeForce RTX 3080,[N/A],Enabled,Enabled
1672422666.905765,0,GPU-a71d5fd4-b7db-93b7-1b7a-5a6e2a6a8c65,0.17,0.36533203125,10240.0,6499.0,472.12,NVIDIA GeForce RTX 3080,[N/A],Enabled,Enabled
1672422667.907712,0,GPU-a71d5fd4-b7db-93b7-1b7a-5a6e2a6a8c65,0.17,0.36533203125,10240.0,6499.0,472.12,NVIDIA GeForce RTX 3080,[N/A],Enabled,Enabled
1672422668.910876,0,GPU-a71d5fd4-b7db-93b7-1b7a-5a6e2a6a8c65,0.17,0.36533203125,10240.0,6499.0,472.12,NVIDIA GeForce RTX 3080,[N/A],Enabled,Enabled
1672422669.913642,0,GPU-a71d5fd4-b7db-93b7-1b7a-5a6e2a6a8c65,0.17,0.36533203125,10240.0,6499.0,472.12,NVIDIA GeForce RTX 3080,[N/A],Enabled,Enabled
1672422670.905648,0,GPU-a71d5fd4-b7db-93b7-1b7a-5a6e2a6a8c65,0.17,0.36533203125,10240.0,6499.0,472.12,NVIDIA GeForce RTX 3080,[N/A],Enabled,Enabled
1672422671.905728,0,GPU-a71d5fd4-b7db-93b7-1b7a-5a6e2a6a8c65,0.17,0.36533203125,10240.0,6499.0,472.12,NVIDIA GeForce RTX 3080,[N/A],Enabled,Enabled
1672422672.91176,0,GPU-a71d5fd4-b7db-93b7-1b7a-5a6e2a6a8c65,0.17,0.36533203125,10240.0,6499.0,472.12,NVIDIA GeForce RTX 3080,[N/A],Enabled,Enabled
1672422673.912898,0,GPU-a71d5fd4-b7db-93b7-1b7a-5a6e2a6a8c65,0.17,0.36533203125,10240.0,6499.0,472.12,NVIDIA GeForce RTX 3080,[N/A],Enabled,Enabled
1672422674.914885,0,GPU-a71d5fd4-b7db-93b7-1b7a-5a6e2a6a8c65,0.17,0.36533203125,10240.0,6499.0,472.12,NVIDIA GeForce RTX 3080,[N/A],Enabled,Enabled
1672422675.917821,0,GPU-a71d5fd4-b7db-93b7-1b7a-5a6e2a6a8c65,0.17,0.36533203125,10240.0,6499.0,472.12,NVIDIA GeForce RTX 3080,[N/A],Enabled,Enabled
1672422676.905769,0,GPU-a71d5fd4-b7db-93b7-1b7a-5a6e2a6a8c65,0.16,0.36533203125,10240.0,6499.0,472.12,NVIDIA GeForce RTX 3080,[N/A],Enabled,Enabled
1672422677.91998,0,GPU-a71d5fd4-b7db-93b7-1b7a-5a6e2a6a8c65,0.17,0.36533203125,10240.0,6499.0,472.12,NVIDIA GeForce RTX 3080,[N/A],Enabled,Enabled
1672422678.920043,0,GPU-a71d5fd4-b7db-93b7-1b7a-5a6e2a6a8c65,0.16,0.36533203125,10240.0,6499.0,472.12,NVIDIA GeForce RTX 3080,[N/A],Enabled,Enabled
1672422679.919563,0,GPU-a71d5fd4-b7db-93b7-1b7a-5a6e2a6a8c65,0.17,0.36533203125,10240.0,6499.0,472.12,NVIDIA GeForce RTX 3080,[N/A],Enabled,Enabled
1672422680.906524,0,GPU-a71d5fd4-b7db-93b7-1b7a-5a6e2a6a8c65,0.17,0.36533203125,10240.0,6499.0,472.12,NVIDIA GeForce RTX 3080,[N/A],Enabled,Enabled
1672422681.91078,0,GPU-a71d5fd4-b7db-93b7-1b7a-5a6e2a6a8c65,0.17,0.36533203125,10240.0,6499.0,472.12,NVIDIA GeForce RTX 3080,[N/A],Enabled,Enabled
1672422682.909936,0,GPU-a71d5fd4-b7db-93b7-1b7a-5a6e2a6a8c65,0.16,0.36533203125,10240.0,6499.0,472.12,NVIDIA GeForce RTX 3080,[N/A],Enabled,Enabled
1672422683.91095,0,GPU-a71d5fd4-b7db-93b7-1b7a-5a6e2a6a8c65,0.16,0.36533203125,10240.0,6499.0,472.12,NVIDIA GeForce RTX 3080,[N/A],Enabled,Enabled
1672422684.908788,0,GPU-a71d5fd4-b7db-93b7-1b7a-5a6e2a6a8c65,0.17,0.36533203125,10240.0,6499.0,472.12,NVIDIA GeForce RTX 3080,[N/A],Enabled,Enabled
1672422685.913858,0,GPU-a71d5fd4-b7db-93b7-1b7a-5a6e2a6a8c65,0.18,0.36533203125,10240.0,6499.0,472.12,NVIDIA GeForce RTX 3080,[N/A],Enabled,Enabled
1672422686.916599,0,GPU-a71d5fd4-b7db-93b7-1b7a-5a6e2a6a8c65,0.17,0.36533203125,10240.0,6499.0,472.12,NVIDIA GeForce RTX 3080,[N/A],Enabled,Enabled
1672422687.91989,0,GPU-a71d5fd4-b7db-93b7-1b7a-5a6e2a6a8c65,0.18,0.36533203125,10240.0,6499.0,472.12,NVIDIA GeForce RTX 3080,[N/A],Enabled,Enabled
1672422688.918656,0,GPU-a71d5fd4-b7db-93b7-1b7a-5a6e2a6a8c65,0.17,0.36533203125,10240.0,6499.0,472.12,NVIDIA GeForce RTX 3080,[N/A],Enabled,Enabled
1672422689.918623,0,GPU-a71d5fd4-b7db-93b7-1b7a-5a6e2a6a8c65,0.17,0.36533203125,10240.0,6499.0,472.12,NVIDIA GeForce RTX 3080,[N/A],Enabled,Enabled
1672422690.917604,0,GPU-a71d5fd4-b7db-93b7-1b7a-5a6e2a6a8c65,0.17,0.36533203125,10240.0,6499.0,472.12,NVIDIA GeForce RTX 3080,[N/A],Enabled,Enabled
1672422691.916423,0,GPU-a71d5fd4-b7db-93b7-1b7a-5a6e2a6a8c65,0.18,0.36533203125,10240.0,6499.0,472.12,NVIDIA GeForce RTX 3080,[N/A],Enabled,Enabled
1672422692.90668,0,GPU-a71d5fd4-b7db-93b7-1b7a-5a6e2a6a8c65,0.17,0.36533203125,10240.0,6499.0,472.12,NVIDIA GeForce RTX 3080,[N/A],Enabled,Enabled
1672422693.919795,0,GPU-a71d5fd4-b7db-93b7-1b7a-5a6e2a6a8c65,0.17,0.36533203125,10240.0,6499.0,472.12,NVIDIA GeForce RTX 3080,[N/A],Enabled,Enabled
1672422694.908883,0,GPU-a71d5fd4-b7db-93b7-1b7a-5a6e2a6a8c65,0.17,0.36533203125,10240.0,6499.0,472.12,NVIDIA GeForce RTX 3080,[N/A],Enabled,Enabled
1672422695.912697,0,GPU-a71d5fd4-b7db-93b7-1b7a-5a6e2a6a8c65,0.17,0.36533203125,10240.0,6499.0,472.12,NVIDIA GeForce RTX 3080,[N/A],Enabled,Enabled
1672422696.9128,0,GPU-a71d5fd4-b7db-93b7-1b7a-5a6e2a6a8c65,0.17,0.36533203125,10240.0,6499.0,472.12,NVIDIA GeForce RTX 3080,[N/A],Enabled,Enabled
1672422697.912999,0,GPU-a71d5fd4-b7db-93b7-1b7a-5a6e2a6a8c65,0.17,0.36533203125,10240.0,6499.0,472.12,NVIDIA GeForce RTX 3080,[N/A],Enabled,Enabled
1672422698.911605,0,GPU-a71d5fd4-b7db-93b7-1b7a-5a6e2a6a8c65,0.17,0.36533203125,10240.0,6499.0,472.12,NVIDIA GeForce RTX 3080,[N/A],Enabled,Enabled
1672422699.914257,0,GPU-a71d5fd4-b7db-93b7-1b7a-5a6e2a6a8c65,0.17,0.36533203125,10240.0,6499.0,472.12,NVIDIA GeForce RTX 3080,[N/A],Enabled,Enabled
1672422700.90674,0,GPU-a71d5fd4-b7db-93b7-1b7a-5a6e2a6a8c65,0.16,0.36533203125,10240.0,6499.0,472.12,NVIDIA GeForce RTX 3080,[N/A],Enabled,Enabled
1672422701.906532,0,GPU-a71d5fd4-b7db-93b7-1b7a-5a6e2a6a8c65,0.17,0.36533203125,10240.0,6499.0,472.12,NVIDIA GeForce RTX 3080,[N/A],Enabled,Enabled
1672422702.909686,0,GPU-a71d5fd4-b7db-93b7-1b7a-5a6e2a6a8c65,0.17,0.36533203125,10240.0,6499.0,472.12,NVIDIA GeForce RTX 3080,[N/A],Enabled,Enabled
1672422703.911872,0,GPU-a71d5fd4-b7db-93b7-1b7a-5a6e2a6a8c65,0.17,0.36533203125,10240.0,6499.0,472.12,NVIDIA GeForce RTX 3080,[N/A],Enabled,Enabled
1672422704.914894,0,GPU-a71d5fd4-b7db-93b7-1b7a-5a6e2a6a8c65,0.17,0.36533203125,10240.0,6499.0,472.12,NVIDIA GeForce RTX 3080,[N/A],Enabled,Enabled
1672422705.91574,0,GPU-a71d5fd4-b7db-93b7-1b7a-5a6e2a6a8c65,0.17,0.36533203125,10240.0,6499.0,472.12,NVIDIA GeForce RTX 3080,[N/A],Enabled,Enabled
1672422706.916636,0,GPU-a71d5fd4-b7db-93b7-1b7a-5a6e2a6a8c65,0.17,0.36533203125,10240.0,6499.0,472.12,NVIDIA GeForce RTX 3080,[N/A],Enabled,Enabled
1672422707.91978,0,GPU-a71d5fd4-b7db-93b7-1b7a-5a6e2a6a8c65,0.17,0.36533203125,10240.0,6499.0,472.12,NVIDIA GeForce RTX 3080,[N/A],Enabled,Enabled
1672422708.905715,0,GPU-a71d5fd4-b7db-93b7-1b7a-5a6e2a6a8c65,0.17,0.36533203125,10240.0,6499.0,472.12,NVIDIA GeForce RTX 3080,[N/A],Enabled,Enabled
1672422709.905964,0,GPU-a71d5fd4-b7db-93b7-1b7a-5a6e2a6a8c65,0.17,0.36533203125,10240.0,6499.0,472.12,NVIDIA GeForce RTX 3080,[N/A],Enabled,Enabled
1672422710.908568,0,GPU-a71d5fd4-b7db-93b7-1b7a-5a6e2a6a8c65,0.17,0.36533203125,10240.0,6499.0,472.12,NVIDIA GeForce RTX 3080,[N/A],Enabled,Enabled
1672422711.915828,0,GPU-a71d5fd4-b7db-93b7-1b7a-5a6e2a6a8c65,0.17,0.36533203125,10240.0,6499.0,472.12,NVIDIA GeForce RTX 3080,[N/A],Enabled,Enabled
1672422712.912935,0,GPU-a71d5fd4-b7db-93b7-1b7a-5a6e2a6a8c65,0.16,0.36533203125,10240.0,6499.0,472.12,NVIDIA GeForce RTX 3080,[N/A],Enabled,Enabled
1672422713.912935,0,GPU-a71d5fd4-b7db-93b7-1b7a-5a6e2a6a8c65,0.17,0.36533203125,10240.0,6499.0,472.12,NVIDIA GeForce RTX 3080,[N/A],Enabled,Enabled
1672422714.912593,0,GPU-a71d5fd4-b7db-93b7-1b7a-5a6e2a6a8c65,0.17,0.36533203125,10240.0,6499.0,472.12,NVIDIA GeForce RTX 3080,[N/A],Enabled,Enabled
1672422715.910946,0,GPU-a71d5fd4-b7db-93b7-1b7a-5a6e2a6a8c65,0.16,0.36533203125,10240.0,6499.0,472.12,NVIDIA GeForce RTX 3080,[N/A],Enabled,Enabled
1672422716.914549,0,GPU-a71d5fd4-b7db-93b7-1b7a-5a6e2a6a8c65,0.17,0.36533203125,10240.0,6499.0,472.12,NVIDIA GeForce RTX 3080,[N/A],Enabled,Enabled
1672422717.912038,0,GPU-a71d5fd4-b7db-93b7-1b7a-5a6e2a6a8c65,0.17,0.36533203125,10240.0,6499.0,472.12,NVIDIA GeForce RTX 3080,[N/A],Enabled,Enabled
1672422718.912147,0,GPU-a71d5fd4-b7db-93b7-1b7a-5a6e2a6a8c65,0.17,0.36533203125,10240.0,6499.0,472.12,NVIDIA GeForce RTX 3080,[N/A],Enabled,Enabled
1672422719.912652,0,GPU-a71d5fd4-b7db-93b7-1b7a-5a6e2a6a8c65,0.17,0.36533203125,10240.0,6499.0,472.12,NVIDIA GeForce RTX 3080,[N/A],Enabled,Enabled
1672422720.916685,0,GPU-a71d5fd4-b7db-93b7-1b7a-5a6e2a6a8c65,0.17,0.36533203125,10240.0,6499.0,472.12,NVIDIA GeForce RTX 3080,[N/A],Enabled,Enabled
1672422721.919577,0,GPU-a71d5fd4-b7db-93b7-1b7a-5a6e2a6a8c65,0.17,0.36533203125,10240.0,6499.0,472.12,NVIDIA GeForce RTX 3080,[N/A],Enabled,Enabled
1672422722.91874,0,GPU-a71d5fd4-b7db-93b7-1b7a-5a6e2a6a8c65,0.17,0.36533203125,10240.0,6499.0,472.12,NVIDIA GeForce RTX 3080,[N/A],Enabled,Enabled
1672422723.907574,0,GPU-a71d5fd4-b7db-93b7-1b7a-5a6e2a6a8c65,0.17,0.36533203125,10240.0,6499.0,472.12,NVIDIA GeForce RTX 3080,[N/A],Enabled,Enabled
1672422724.908849,0,GPU-a71d5fd4-b7db-93b7-1b7a-5a6e2a6a8c65,0.17,0.36533203125,10240.0,6499.0,472.12,NVIDIA GeForce RTX 3080,[N/A],Enabled,Enabled
1672422725.909764,0,GPU-a71d5fd4-b7db-93b7-1b7a-5a6e2a6a8c65,0.17,0.36533203125,10240.0,6499.0,472.12,NVIDIA GeForce RTX 3080,[N/A],Enabled,Enabled
1672422726.91298,0,GPU-a71d5fd4-b7db-93b7-1b7a-5a6e2a6a8c65,0.16,0.36533203125,10240.0,6499.0,472.12,NVIDIA GeForce RTX 3080,[N/A],Enabled,Enabled
1672422727.920008,0,GPU-a71d5fd4-b7db-93b7-1b7a-5a6e2a6a8c65,0.17,0.36533203125,10240.0,6499.0,472.12,NVIDIA GeForce RTX 3080,[N/A],Enabled,Enabled
1672422728.908794,0,GPU-a71d5fd4-b7db-93b7-1b7a-5a6e2a6a8c65,0.17,0.36533203125,10240.0,6499.0,472.12,NVIDIA GeForce RTX 3080,[N/A],Enabled,Enabled
1672422729.910727,0,GPU-a71d5fd4-b7db-93b7-1b7a-5a6e2a6a8c65,0.16,0.36533203125,10240.0,6499.0,472.12,NVIDIA GeForce RTX 3080,[N/A],Enabled,Enabled
1672422730.915119,0,GPU-a71d5fd4-b7db-93b7-1b7a-5a6e2a6a8c65,0.17,0.36533203125,10240.0,6499.0,472.12,NVIDIA GeForce RTX 3080,[N/A],Enabled,Enabled
1672422731.919496,0,GPU-a71d5fd4-b7db-93b7-1b7a-5a6e2a6a8c65,0.17,0.36533203125,10240.0,6499.0,472.12,NVIDIA GeForce RTX 3080,[N/A],Enabled,Enabled
1672422732.908731,0,GPU-a71d5fd4-b7db-93b7-1b7a-5a6e2a6a8c65,0.17,0.36533203125,10240.0,6499.0,472.12,NVIDIA GeForce RTX 3080,[N/A],Enabled,Enabled
1672422733.909782,0,GPU-a71d5fd4-b7db-93b7-1b7a-5a6e2a6a8c65,0.16,0.36533203125,10240.0,6499.0,472.12,NVIDIA GeForce RTX 3080,[N/A],Enabled,Enabled
1672422734.910854,0,GPU-a71d5fd4-b7db-93b7-1b7a-5a6e2a6a8c65,0.17,0.36533203125,10240.0,6499.0,472.12,NVIDIA GeForce RTX 3080,[N/A],Enabled,Enabled
1672422735.912076,0,GPU-a71d5fd4-b7db-93b7-1b7a-5a6e2a6a8c65,0.17,0.36533203125,10240.0,6499.0,472.12,NVIDIA GeForce RTX 3080,[N/A],Enabled,Enabled
1672422736.911629,0,GPU-a71d5fd4-b7db-93b7-1b7a-5a6e2a6a8c65,0.17,0.36533203125,10240.0,6499.0,472.12,NVIDIA GeForce RTX 3080,[N/A],Enabled,Enabled
1672422737.914106,0,GPU-a71d5fd4-b7db-93b7-1b7a-5a6e2a6a8c65,0.17,0.36533203125,10240.0,6499.0,472.12,NVIDIA GeForce RTX 3080,[N/A],Enabled,Enabled
1672422738.906912,0,GPU-a71d5fd4-b7db-93b7-1b7a-5a6e2a6a8c65,0.17,0.36533203125,10240.0,6499.0,472.12,NVIDIA GeForce RTX 3080,[N/A],Enabled,Enabled
1672422739.908835,0,GPU-a71d5fd4-b7db-93b7-1b7a-5a6e2a6a8c65,0.17,0.36533203125,10240.0,6499.0,472.12,NVIDIA GeForce RTX 3080,[N/A],Enabled,Enabled
1672422740.910623,0,GPU-a71d5fd4-b7db-93b7-1b7a-5a6e2a6a8c65,0.17,0.36533203125,10240.0,6499.0,472.12,NVIDIA GeForce RTX 3080,[N/A],Enabled,Enabled
1672422741.916539,0,GPU-a71d5fd4-b7db-93b7-1b7a-5a6e2a6a8c65,0.17,0.36533203125,10240.0,6499.0,472.12,NVIDIA GeForce RTX 3080,[N/A],Enabled,Enabled
1672422742.907946,0,GPU-a71d5fd4-b7db-93b7-1b7a-5a6e2a6a8c65,0.17,0.36533203125,10240.0,6499.0,472.12,NVIDIA GeForce RTX 3080,[N/A],Enabled,Enabled
1672422743.906851,0,GPU-a71d5fd4-b7db-93b7-1b7a-5a6e2a6a8c65,0.17,0.36533203125,10240.0,6499.0,472.12,NVIDIA GeForce RTX 3080,[N/A],Enabled,Enabled
1672422744.904709,0,GPU-a71d5fd4-b7db-93b7-1b7a-5a6e2a6a8c65,0.17,0.36533203125,10240.0,6499.0,472.12,NVIDIA GeForce RTX 3080,[N/A],Enabled,Enabled
1672422745.909629,0,GPU-a71d5fd4-b7db-93b7-1b7a-5a6e2a6a8c65,0.17,0.36533203125,10240.0,6499.0,472.12,NVIDIA GeForce RTX 3080,[N/A],Enabled,Enabled
1672422746.910029,0,GPU-a71d5fd4-b7db-93b7-1b7a-5a6e2a6a8c65,0.17,0.36533203125,10240.0,6499.0,472.12,NVIDIA GeForce RTX 3080,[N/A],Enabled,Enabled
1672422747.912758,0,GPU-a71d5fd4-b7db-93b7-1b7a-5a6e2a6a8c65,0.17,0.36533203125,10240.0,6499.0,472.12,NVIDIA GeForce RTX 3080,[N/A],Enabled,Enabled
1672422748.915531,0,GPU-a71d5fd4-b7db-93b7-1b7a-5a6e2a6a8c65,0.17,0.36533203125,10240.0,6499.0,472.12,NVIDIA GeForce RTX 3080,[N/A],Enabled,Enabled
1672422749.918877,0,GPU-a71d5fd4-b7db-93b7-1b7a-5a6e2a6a8c65,0.17,0.36533203125,10240.0,6499.0,472.12,NVIDIA GeForce RTX 3080,[N/A],Enabled,Enabled
1672422750.920585,0,GPU-a71d5fd4-b7db-93b7-1b7a-5a6e2a6a8c65,0.17,0.36533203125,10240.0,6499.0,472.12,NVIDIA GeForce RTX 3080,[N/A],Enabled,Enabled
1672422751.909622,0,GPU-a71d5fd4-b7db-93b7-1b7a-5a6e2a6a8c65,0.18,0.36533203125,10240.0,6499.0,472.12,NVIDIA GeForce RTX 3080,[N/A],Enabled,Enabled
1672422752.910968,0,GPU-a71d5fd4-b7db-93b7-1b7a-5a6e2a6a8c65,0.18,0.36533203125,10240.0,6499.0,472.12,NVIDIA GeForce RTX 3080,[N/A],Enabled,Enabled
1672422753.914026,0,GPU-a71d5fd4-b7db-93b7-1b7a-5a6e2a6a8c65,0.17,0.36533203125,10240.0,6499.0,472.12,NVIDIA GeForce RTX 3080,[N/A],Enabled,Enabled
1672422754.91835,0,GPU-a71d5fd4-b7db-93b7-1b7a-5a6e2a6a8c65,0.16,0.36533203125,10240.0,6499.0,472.12,NVIDIA GeForce RTX 3080,[N/A],Enabled,Enabled
1672422755.905701,0,GPU-a71d5fd4-b7db-93b7-1b7a-5a6e2a6a8c65,0.18,0.36533203125,10240.0,6499.0,472.12,NVIDIA GeForce RTX 3080,[N/A],Enabled,Enabled
1672422756.918626,0,GPU-a71d5fd4-b7db-93b7-1b7a-5a6e2a6a8c65,0.18,0.36533203125,10240.0,6499.0,472.12,NVIDIA GeForce RTX 3080,[N/A],Enabled,Enabled
1672422757.905539,0,GPU-a71d5fd4-b7db-93b7-1b7a-5a6e2a6a8c65,0.17,0.36533203125,10240.0,6499.0,472.12,NVIDIA GeForce RTX 3080,[N/A],Enabled,Enabled
1672422758.909495,0,GPU-a71d5fd4-b7db-93b7-1b7a-5a6e2a6a8c65,0.17,0.36533203125,10240.0,6499.0,472.12,NVIDIA GeForce RTX 3080,[N/A],Enabled,Enabled
1672422759.914699,0,GPU-a71d5fd4-b7db-93b7-1b7a-5a6e2a6a8c65,0.17,0.36533203125,10240.0,6499.0,472.12,NVIDIA GeForce RTX 3080,[N/A],Enabled,Enabled
1672422760.914249,0,GPU-a71d5fd4-b7db-93b7-1b7a-5a6e2a6a8c65,0.17,0.36533203125,10240.0,6499.0,472.12,NVIDIA GeForce RTX 3080,[N/A],Enabled,Enabled
1672422761.917811,0,GPU-a71d5fd4-b7db-93b7-1b7a-5a6e2a6a8c65,0.17,0.36533203125,10240.0,6499.0,472.12,NVIDIA GeForce RTX 3080,[N/A],Enabled,Enabled
1672422762.906499,0,GPU-a71d5fd4-b7db-93b7-1b7a-5a6e2a6a8c65,0.17,0.36533203125,10240.0,6499.0,472.12,NVIDIA GeForce RTX 3080,[N/A],Enabled,Enabled
1672422763.905623,0,GPU-a71d5fd4-b7db-93b7-1b7a-5a6e2a6a8c65,0.17,0.36533203125,10240.0,6499.0,472.12,NVIDIA GeForce RTX 3080,[N/A],Enabled,Enabled
1672422764.919554,0,GPU-a71d5fd4-b7db-93b7-1b7a-5a6e2a6a8c65,0.17,0.36533203125,10240.0,6499.0,472.12,NVIDIA GeForce RTX 3080,[N/A],Enabled,Enabled
1672422765.918639,0,GPU-a71d5fd4-b7db-93b7-1b7a-5a6e2a6a8c65,0.17,0.36533203125,10240.0,6499.0,472.12,NVIDIA GeForce RTX 3080,[N/A],Enabled,Enabled
1672422766.919646,0,GPU-a71d5fd4-b7db-93b7-1b7a-5a6e2a6a8c65,0.17,0.36533203125,10240.0,6499.0,472.12,NVIDIA GeForce RTX 3080,[N/A],Enabled,Enabled
1672422767.907808,0,GPU-a71d5fd4-b7db-93b7-1b7a-5a6e2a6a8c65,0.17,0.36533203125,10240.0,6499.0,472.12,NVIDIA GeForce RTX 3080,[N/A],Enabled,Enabled
1672422768.905664,0,GPU-a71d5fd4-b7db-93b7-1b7a-5a6e2a6a8c65,0.17,0.36533203125,10240.0,6499.0,472.12,NVIDIA GeForce RTX 3080,[N/A],Enabled,Enabled
1672422769.919983,0,GPU-a71d5fd4-b7db-93b7-1b7a-5a6e2a6a8c65,0.17,0.36533203125,10240.0,6499.0,472.12,NVIDIA GeForce RTX 3080,[N/A],Enabled,Enabled
1672422770.905715,0,GPU-a71d5fd4-b7db-93b7-1b7a-5a6e2a6a8c65,0.17,0.36533203125,10240.0,6499.0,472.12,NVIDIA GeForce RTX 3080,[N/A],Enabled,Enabled
1672422771.910104,0,GPU-a71d5fd4-b7db-93b7-1b7a-5a6e2a6a8c65,0.17,0.36533203125,10240.0,6499.0,472.12,NVIDIA GeForce RTX 3080,[N/A],Enabled,Enabled
1672422772.907912,0,GPU-a71d5fd4-b7db-93b7-1b7a-5a6e2a6a8c65,0.17,0.36533203125,10240.0,6499.0,472.12,NVIDIA GeForce RTX 3080,[N/A],Enabled,Enabled
1672422773.914168,0,GPU-a71d5fd4-b7db-93b7-1b7a-5a6e2a6a8c65,0.17,0.36533203125,10240.0,6499.0,472.12,NVIDIA GeForce RTX 3080,[N/A],Enabled,Enabled
1672422774.906856,0,GPU-a71d5fd4-b7db-93b7-1b7a-5a6e2a6a8c65,0.17,0.36533203125,10240.0,6499.0,472.12,NVIDIA GeForce RTX 3080,[N/A],Enabled,Enabled
1672422775.918919,0,GPU-a71d5fd4-b7db-93b7-1b7a-5a6e2a6a8c65,0.18,0.36533203125,10240.0,6499.0,472.12,NVIDIA GeForce RTX 3080,[N/A],Enabled,Enabled
1672422776.91685,0,GPU-a71d5fd4-b7db-93b7-1b7a-5a6e2a6a8c65,0.17,0.36533203125,10240.0,6499.0,472.12,NVIDIA GeForce RTX 3080,[N/A],Enabled,Enabled
1672422777.917575,0,GPU-a71d5fd4-b7db-93b7-1b7a-5a6e2a6a8c65,0.18,0.36533203125,10240.0,6499.0,472.12,NVIDIA GeForce RTX 3080,[N/A],Enabled,Enabled
1672422778.919845,0,GPU-a71d5fd4-b7db-93b7-1b7a-5a6e2a6a8c65,0.17,0.36533203125,10240.0,6499.0,472.12,NVIDIA GeForce RTX 3080,[N/A],Enabled,Enabled
1672422779.905798,0,GPU-a71d5fd4-b7db-93b7-1b7a-5a6e2a6a8c65,0.17,0.36533203125,10240.0,6499.0,472.12,NVIDIA GeForce RTX 3080,[N/A],Enabled,Enabled
1672422780.906843,0,GPU-a71d5fd4-b7db-93b7-1b7a-5a6e2a6a8c65,0.16,0.36533203125,10240.0,6499.0,472.12,NVIDIA GeForce RTX 3080,[N/A],Enabled,Enabled
1672422781.909964,0,GPU-a71d5fd4-b7db-93b7-1b7a-5a6e2a6a8c65,0.17,0.36533203125,10240.0,6499.0,472.12,NVIDIA GeForce RTX 3080,[N/A],Enabled,Enabled
1672422782.917533,0,GPU-a71d5fd4-b7db-93b7-1b7a-5a6e2a6a8c65,0.17,0.36533203125,10240.0,6499.0,472.12,NVIDIA GeForce RTX 3080,[N/A],Enabled,Enabled
1672422783.907843,0,GPU-a71d5fd4-b7db-93b7-1b7a-5a6e2a6a8c65,0.17,0.36533203125,10240.0,6499.0,472.12,NVIDIA GeForce RTX 3080,[N/A],Enabled,Enabled
1672422784.909629,0,GPU-a71d5fd4-b7db-93b7-1b7a-5a6e2a6a8c65,0.16,0.36533203125,10240.0,6499.0,472.12,NVIDIA GeForce RTX 3080,[N/A],Enabled,Enabled
1672422785.912784,0,GPU-a71d5fd4-b7db-93b7-1b7a-5a6e2a6a8c65,0.16,0.36533203125,10240.0,6499.0,472.12,NVIDIA GeForce RTX 3080,[N/A],Enabled,Enabled
1672422786.915399,0,GPU-a71d5fd4-b7db-93b7-1b7a-5a6e2a6a8c65,0.17,0.36533203125,10240.0,6499.0,472.12,NVIDIA GeForce RTX 3080,[N/A],Enabled,Enabled
1672422787.906647,0,GPU-a71d5fd4-b7db-93b7-1b7a-5a6e2a6a8c65,0.17,0.36533203125,10240.0,6499.0,472.12,NVIDIA GeForce RTX 3080,[N/A],Enabled,Enabled
1672422788.906814,0,GPU-a71d5fd4-b7db-93b7-1b7a-5a6e2a6a8c65,0.17,0.36533203125,10240.0,6499.0,472.12,NVIDIA GeForce RTX 3080,[N/A],Enabled,Enabled
1672422789.910848,0,GPU-a71d5fd4-b7db-93b7-1b7a-5a6e2a6a8c65,0.17,0.36533203125,10240.0,6499.0,472.12,NVIDIA GeForce RTX 3080,[N/A],Enabled,Enabled
1672422790.9147,0,GPU-a71d5fd4-b7db-93b7-1b7a-5a6e2a6a8c65,0.16,0.36533203125,10240.0,6499.0,472.12,NVIDIA GeForce RTX 3080,[N/A],Enabled,Enabled
1672422791.919545,0,GPU-a71d5fd4-b7db-93b7-1b7a-5a6e2a6a8c65,0.16,0.36533203125,10240.0,6499.0,472.12,NVIDIA GeForce RTX 3080,[N/A],Enabled,Enabled
1672422792.916732,0,GPU-a71d5fd4-b7db-93b7-1b7a-5a6e2a6a8c65,0.16,0.36533203125,10240.0,6499.0,472.12,NVIDIA GeForce RTX 3080,[N/A],Enabled,Enabled
1672422793.917654,0,GPU-a71d5fd4-b7db-93b7-1b7a-5a6e2a6a8c65,0.17,0.36533203125,10240.0,6499.0,472.12,NVIDIA GeForce RTX 3080,[N/A],Enabled,Enabled
1672422794.913994,0,GPU-a71d5fd4-b7db-93b7-1b7a-5a6e2a6a8c65,0.17,0.36533203125,10240.0,6499.0,472.12,NVIDIA GeForce RTX 3080,[N/A],Enabled,Enabled
1672422795.908918,0,GPU-a71d5fd4-b7db-93b7-1b7a-5a6e2a6a8c65,0.17,0.36533203125,10240.0,6499.0,472.12,NVIDIA GeForce RTX 3080,[N/A],Enabled,Enabled
1672422796.909942,0,GPU-a71d5fd4-b7db-93b7-1b7a-5a6e2a6a8c65,0.16,0.36533203125,10240.0,6499.0,472.12,NVIDIA GeForce RTX 3080,[N/A],Enabled,Enabled
1672422797.910714,0,GPU-a71d5fd4-b7db-93b7-1b7a-5a6e2a6a8c65,0.16,0.36533203125,10240.0,6499.0,472.12,NVIDIA GeForce RTX 3080,[N/A],Enabled,Enabled
1672422798.916685,0,GPU-a71d5fd4-b7db-93b7-1b7a-5a6e2a6a8c65,0.16,0.36533203125,10240.0,6499.0,472.12,NVIDIA GeForce RTX 3080,[N/A],Enabled,Enabled
1672422799.918454,0,GPU-a71d5fd4-b7db-93b7-1b7a-5a6e2a6a8c65,0.16,0.36533203125,10240.0,6499.0,472.12,NVIDIA GeForce RTX 3080,[N/A],Enabled,Enabled
1672422800.904899,0,GPU-a71d5fd4-b7db-93b7-1b7a-5a6e2a6a8c65,0.17,0.36533203125,10240.0,6499.0,472.12,NVIDIA GeForce RTX 3080,[N/A],Enabled,Enabled
1672422801.911977,0,GPU-a71d5fd4-b7db-93b7-1b7a-5a6e2a6a8c65,0.17,0.36533203125,10240.0,6499.0,472.12,NVIDIA GeForce RTX 3080,[N/A],Enabled,Enabled
1672422802.91436,0,GPU-a71d5fd4-b7db-93b7-1b7a-5a6e2a6a8c65,0.15,0.36533203125,10240.0,6499.0,472.12,NVIDIA GeForce RTX 3080,[N/A],Enabled,Enabled
1672422803.913895,0,GPU-a71d5fd4-b7db-93b7-1b7a-5a6e2a6a8c65,0.15,0.35830078125,10240.0,6571.0,472.12,NVIDIA GeForce RTX 3080,[N/A],Enabled,Enabled
1672422804.915664,0,GPU-a71d5fd4-b7db-93b7-1b7a-5a6e2a6a8c65,0.15,0.35830078125,10240.0,6571.0,472.12,NVIDIA GeForce RTX 3080,[N/A],Enabled,Enabled
1672422805.906881,0,GPU-a71d5fd4-b7db-93b7-1b7a-5a6e2a6a8c65,0.14,0.358203125,10240.0,6572.0,472.12,NVIDIA GeForce RTX 3080,[N/A],Enabled,Enabled
1672422806.911916,0,GPU-a71d5fd4-b7db-93b7-1b7a-5a6e2a6a8c65,0.14,0.358203125,10240.0,6572.0,472.12,NVIDIA GeForce RTX 3080,[N/A],Enabled,Enabled
1672422807.916796,0,GPU-a71d5fd4-b7db-93b7-1b7a-5a6e2a6a8c65,0.14,0.358203125,10240.0,6572.0,472.12,NVIDIA GeForce RTX 3080,[N/A],Enabled,Enabled
1672422808.907852,0,GPU-a71d5fd4-b7db-93b7-1b7a-5a6e2a6a8c65,0.14,0.358203125,10240.0,6572.0,472.12,NVIDIA GeForce RTX 3080,[N/A],Enabled,Enabled
1672422809.910756,0,GPU-a71d5fd4-b7db-93b7-1b7a-5a6e2a6a8c65,0.14,0.358203125,10240.0,6572.0,472.12,NVIDIA GeForce RTX 3080,[N/A],Enabled,Enabled
1672422810.909719,0,GPU-a71d5fd4-b7db-93b7-1b7a-5a6e2a6a8c65,0.14,0.358203125,10240.0,6572.0,472.12,NVIDIA GeForce RTX 3080,[N/A],Enabled,Enabled
1672422811.909789,0,GPU-a71d5fd4-b7db-93b7-1b7a-5a6e2a6a8c65,0.14,0.358203125,10240.0,6572.0,472.12,NVIDIA GeForce RTX 3080,[N/A],Enabled,Enabled
1672422812.910947,0,GPU-a71d5fd4-b7db-93b7-1b7a-5a6e2a6a8c65,0.14,0.358203125,10240.0,6572.0,472.12,NVIDIA GeForce RTX 3080,[N/A],Enabled,Enabled
1672422813.915656,0,GPU-a71d5fd4-b7db-93b7-1b7a-5a6e2a6a8c65,0.14,0.358203125,10240.0,6572.0,472.12,NVIDIA GeForce RTX 3080,[N/A],Enabled,Enabled
1672422814.915727,0,GPU-a71d5fd4-b7db-93b7-1b7a-5a6e2a6a8c65,0.14,0.358203125,10240.0,6572.0,472.12,NVIDIA GeForce RTX 3080,[N/A],Enabled,Enabled
1672422815.91411,0,GPU-a71d5fd4-b7db-93b7-1b7a-5a6e2a6a8c65,0.14,0.358203125,10240.0,6572.0,472.12,NVIDIA GeForce RTX 3080,[N/A],Enabled,Enabled
1672422816.915723,0,GPU-a71d5fd4-b7db-93b7-1b7a-5a6e2a6a8c65,0.14,0.358203125,10240.0,6572.0,472.12,NVIDIA GeForce RTX 3080,[N/A],Enabled,Enabled
1672422817.907622,0,GPU-a71d5fd4-b7db-93b7-1b7a-5a6e2a6a8c65,0.14,0.358203125,10240.0,6572.0,472.12,NVIDIA GeForce RTX 3080,[N/A],Enabled,Enabled
1672422818.912085,0,GPU-a71d5fd4-b7db-93b7-1b7a-5a6e2a6a8c65,0.14,0.358203125,10240.0,6572.0,472.12,NVIDIA GeForce RTX 3080,[N/A],Enabled,Enabled
1672422819.91393,0,GPU-a71d5fd4-b7db-93b7-1b7a-5a6e2a6a8c65,0.14,0.358203125,10240.0,6572.0,472.12,NVIDIA GeForce RTX 3080,[N/A],Enabled,Enabled
1672422820.919747,0,GPU-a71d5fd4-b7db-93b7-1b7a-5a6e2a6a8c65,0.17,0.36533203125,10240.0,6499.0,472.12,NVIDIA GeForce RTX 3080,[N/A],Enabled,Enabled
1672422821.917624,0,GPU-a71d5fd4-b7db-93b7-1b7a-5a6e2a6a8c65,0.17,0.36533203125,10240.0,6499.0,472.12,NVIDIA GeForce RTX 3080,[N/A],Enabled,Enabled
1672422822.907436,0,GPU-a71d5fd4-b7db-93b7-1b7a-5a6e2a6a8c65,0.17,0.36533203125,10240.0,6499.0,472.12,NVIDIA GeForce RTX 3080,[N/A],Enabled,Enabled
1672422823.913508,0,GPU-a71d5fd4-b7db-93b7-1b7a-5a6e2a6a8c65,0.17,0.36533203125,10240.0,6499.0,472.12,NVIDIA GeForce RTX 3080,[N/A],Enabled,Enabled
1672422824.912891,0,GPU-a71d5fd4-b7db-93b7-1b7a-5a6e2a6a8c65,0.17,0.36533203125,10240.0,6499.0,472.12,NVIDIA GeForce RTX 3080,[N/A],Enabled,Enabled
1672422825.911765,0,GPU-a71d5fd4-b7db-93b7-1b7a-5a6e2a6a8c65,0.17,0.36533203125,10240.0,6499.0,472.12,NVIDIA GeForce RTX 3080,[N/A],Enabled,Enabled
1672422826.918517,0,GPU-a71d5fd4-b7db-93b7-1b7a-5a6e2a6a8c65,0.17,0.36533203125,10240.0,6499.0,472.12,NVIDIA GeForce RTX 3080,[N/A],Enabled,Enabled
1672422827.911942,0,GPU-a71d5fd4-b7db-93b7-1b7a-5a6e2a6a8c65,0.18,0.36533203125,10240.0,6499.0,472.12,NVIDIA GeForce RTX 3080,[N/A],Enabled,Enabled
1672422828.910983,0,GPU-a71d5fd4-b7db-93b7-1b7a-5a6e2a6a8c65,0.17,0.36533203125,10240.0,6499.0,472.12,NVIDIA GeForce RTX 3080,[N/A],Enabled,Enabled
1672422829.911781,0,GPU-a71d5fd4-b7db-93b7-1b7a-5a6e2a6a8c65,0.17,0.36533203125,10240.0,6499.0,472.12,NVIDIA GeForce RTX 3080,[N/A],Enabled,Enabled
1672422830.914344,0,GPU-a71d5fd4-b7db-93b7-1b7a-5a6e2a6a8c65,0.17,0.36533203125,10240.0,6499.0,472.12,NVIDIA GeForce RTX 3080,[N/A],Enabled,Enabled
1672422831.91433,0,GPU-a71d5fd4-b7db-93b7-1b7a-5a6e2a6a8c65,0.17,0.36533203125,10240.0,6499.0,472.12,NVIDIA GeForce RTX 3080,[N/A],Enabled,Enabled
1672422832.915619,0,GPU-a71d5fd4-b7db-93b7-1b7a-5a6e2a6a8c65,0.17,0.36533203125,10240.0,6499.0,472.12,NVIDIA GeForce RTX 3080,[N/A],Enabled,Enabled
1672422833.917652,0,GPU-a71d5fd4-b7db-93b7-1b7a-5a6e2a6a8c65,0.17,0.36533203125,10240.0,6499.0,472.12,NVIDIA GeForce RTX 3080,[N/A],Enabled,Enabled
1672422834.907812,0,GPU-a71d5fd4-b7db-93b7-1b7a-5a6e2a6a8c65,0.17,0.36533203125,10240.0,6499.0,472.12,NVIDIA GeForce RTX 3080,[N/A],Enabled,Enabled
1672422835.906608,0,GPU-a71d5fd4-b7db-93b7-1b7a-5a6e2a6a8c65,0.17,0.36533203125,10240.0,6499.0,472.12,NVIDIA GeForce RTX 3080,[N/A],Enabled,Enabled
1672422836.909476,0,GPU-a71d5fd4-b7db-93b7-1b7a-5a6e2a6a8c65,0.17,0.36533203125,10240.0,6499.0,472.12,NVIDIA GeForce RTX 3080,[N/A],Enabled,Enabled
1672422837.912095,0,GPU-a71d5fd4-b7db-93b7-1b7a-5a6e2a6a8c65,0.17,0.36533203125,10240.0,6499.0,472.12,NVIDIA GeForce RTX 3080,[N/A],Enabled,Enabled
1672422838.917854,0,GPU-a71d5fd4-b7db-93b7-1b7a-5a6e2a6a8c65,0.17,0.36533203125,10240.0,6499.0,472.12,NVIDIA GeForce RTX 3080,[N/A],Enabled,Enabled
1672422839.905906,0,GPU-a71d5fd4-b7db-93b7-1b7a-5a6e2a6a8c65,0.18,0.36533203125,10240.0,6499.0,472.12,NVIDIA GeForce RTX 3080,[N/A],Enabled,Enabled
1672422840.90783,0,GPU-a71d5fd4-b7db-93b7-1b7a-5a6e2a6a8c65,0.17,0.36533203125,10240.0,6499.0,472.12,NVIDIA GeForce RTX 3080,[N/A],Enabled,Enabled
1672422841.913577,0,GPU-a71d5fd4-b7db-93b7-1b7a-5a6e2a6a8c65,0.17,0.36533203125,10240.0,6499.0,472.12,NVIDIA GeForce RTX 3080,[N/A],Enabled,Enabled
1672422842.918855,0,GPU-a71d5fd4-b7db-93b7-1b7a-5a6e2a6a8c65,0.17,0.36533203125,10240.0,6499.0,472.12,NVIDIA GeForce RTX 3080,[N/A],Enabled,Enabled
1672422843.90742,0,GPU-a71d5fd4-b7db-93b7-1b7a-5a6e2a6a8c65,0.16,0.36533203125,10240.0,6499.0,472.12,NVIDIA GeForce RTX 3080,[N/A],Enabled,Enabled
1672422844.914424,0,GPU-a71d5fd4-b7db-93b7-1b7a-5a6e2a6a8c65,0.17,0.36533203125,10240.0,6499.0,472.12,NVIDIA GeForce RTX 3080,[N/A],Enabled,Enabled
1672422845.905504,0,GPU-a71d5fd4-b7db-93b7-1b7a-5a6e2a6a8c65,0.17,0.36533203125,10240.0,6499.0,472.12,NVIDIA GeForce RTX 3080,[N/A],Enabled,Enabled
1672422846.904697,0,GPU-a71d5fd4-b7db-93b7-1b7a-5a6e2a6a8c65,0.17,0.36533203125,10240.0,6499.0,472.12,NVIDIA GeForce RTX 3080,[N/A],Enabled,Enabled
1672422847.908511,0,GPU-a71d5fd4-b7db-93b7-1b7a-5a6e2a6a8c65,0.17,0.36533203125,10240.0,6499.0,472.12,NVIDIA GeForce RTX 3080,[N/A],Enabled,Enabled
1672422848.910733,0,GPU-a71d5fd4-b7db-93b7-1b7a-5a6e2a6a8c65,0.17,0.36533203125,10240.0,6499.0,472.12,NVIDIA GeForce RTX 3080,[N/A],Enabled,Enabled
1672422849.909829,0,GPU-a71d5fd4-b7db-93b7-1b7a-5a6e2a6a8c65,0.16,0.36533203125,10240.0,6499.0,472.12,NVIDIA GeForce RTX 3080,[N/A],Enabled,Enabled
1672422850.909856,0,GPU-a71d5fd4-b7db-93b7-1b7a-5a6e2a6a8c65,0.16,0.36533203125,10240.0,6499.0,472.12,NVIDIA GeForce RTX 3080,[N/A],Enabled,Enabled
1672422851.91165,0,GPU-a71d5fd4-b7db-93b7-1b7a-5a6e2a6a8c65,0.17,0.36533203125,10240.0,6499.0,472.12,NVIDIA GeForce RTX 3080,[N/A],Enabled,Enabled
1672422852.915792,0,GPU-a71d5fd4-b7db-93b7-1b7a-5a6e2a6a8c65,0.17,0.36533203125,10240.0,6499.0,472.12,NVIDIA GeForce RTX 3080,[N/A],Enabled,Enabled
1672422853.914694,0,GPU-a71d5fd4-b7db-93b7-1b7a-5a6e2a6a8c65,0.18,0.36533203125,10240.0,6499.0,472.12,NVIDIA GeForce RTX 3080,[N/A],Enabled,Enabled
1672422854.919462,0,GPU-a71d5fd4-b7db-93b7-1b7a-5a6e2a6a8c65,0.17,0.36533203125,10240.0,6499.0,472.12,NVIDIA GeForce RTX 3080,[N/A],Enabled,Enabled
1672422855.908673,0,GPU-a71d5fd4-b7db-93b7-1b7a-5a6e2a6a8c65,0.17,0.36533203125,10240.0,6499.0,472.12,NVIDIA GeForce RTX 3080,[N/A],Enabled,Enabled
1672422856.905787,0,GPU-a71d5fd4-b7db-93b7-1b7a-5a6e2a6a8c65,0.17,0.36533203125,10240.0,6499.0,472.12,NVIDIA GeForce RTX 3080,[N/A],Enabled,Enabled
1672422857.910545,0,GPU-a71d5fd4-b7db-93b7-1b7a-5a6e2a6a8c65,0.17,0.36533203125,10240.0,6499.0,472.12,NVIDIA GeForce RTX 3080,[N/A],Enabled,Enabled
1672422858.911549,0,GPU-a71d5fd4-b7db-93b7-1b7a-5a6e2a6a8c65,0.17,0.36533203125,10240.0,6499.0,472.12,NVIDIA GeForce RTX 3080,[N/A],Enabled,Enabled
1672422859.91678,0,GPU-a71d5fd4-b7db-93b7-1b7a-5a6e2a6a8c65,0.18,0.36533203125,10240.0,6499.0,472.12,NVIDIA GeForce RTX 3080,[N/A],Enabled,Enabled
1672422860.916755,0,GPU-a71d5fd4-b7db-93b7-1b7a-5a6e2a6a8c65,0.17,0.36533203125,10240.0,6499.0,472.12,NVIDIA GeForce RTX 3080,[N/A],Enabled,Enabled
1672422861.919549,0,GPU-a71d5fd4-b7db-93b7-1b7a-5a6e2a6a8c65,0.17,0.36533203125,10240.0,6499.0,472.12,NVIDIA GeForce RTX 3080,[N/A],Enabled,Enabled
1672422862.918943,0,GPU-a71d5fd4-b7db-93b7-1b7a-5a6e2a6a8c65,0.16,0.36533203125,10240.0,6499.0,472.12,NVIDIA GeForce RTX 3080,[N/A],Enabled,Enabled
1672422863.917531,0,GPU-a71d5fd4-b7db-93b7-1b7a-5a6e2a6a8c65,0.17,0.36533203125,10240.0,6499.0,472.12,NVIDIA GeForce RTX 3080,[N/A],Enabled,Enabled
1672422864.918955,0,GPU-a71d5fd4-b7db-93b7-1b7a-5a6e2a6a8c65,0.17,0.36533203125,10240.0,6499.0,472.12,NVIDIA GeForce RTX 3080,[N/A],Enabled,Enabled
1672422865.909039,0,GPU-a71d5fd4-b7db-93b7-1b7a-5a6e2a6a8c65,0.18,0.36533203125,10240.0,6499.0,472.12,NVIDIA GeForce RTX 3080,[N/A],Enabled,Enabled
1672422866.910541,0,GPU-a71d5fd4-b7db-93b7-1b7a-5a6e2a6a8c65,0.17,0.36533203125,10240.0,6499.0,472.12,NVIDIA GeForce RTX 3080,[N/A],Enabled,Enabled
1672422867.910086,0,GPU-a71d5fd4-b7db-93b7-1b7a-5a6e2a6a8c65,0.17,0.36533203125,10240.0,6499.0,472.12,NVIDIA GeForce RTX 3080,[N/A],Enabled,Enabled
1672422868.916739,0,GPU-a71d5fd4-b7db-93b7-1b7a-5a6e2a6a8c65,0.17,0.36533203125,10240.0,6499.0,472.12,NVIDIA GeForce RTX 3080,[N/A],Enabled,Enabled
1672422869.919045,0,GPU-a71d5fd4-b7db-93b7-1b7a-5a6e2a6a8c65,0.18,0.36533203125,10240.0,6499.0,472.12,NVIDIA GeForce RTX 3080,[N/A],Enabled,Enabled
1672422870.907053,0,GPU-a71d5fd4-b7db-93b7-1b7a-5a6e2a6a8c65,0.17,0.36533203125,10240.0,6499.0,472.12,NVIDIA GeForce RTX 3080,[N/A],Enabled,Enabled
1672422871.907769,0,GPU-a71d5fd4-b7db-93b7-1b7a-5a6e2a6a8c65,0.17,0.36533203125,10240.0,6499.0,472.12,NVIDIA GeForce RTX 3080,[N/A],Enabled,Enabled
1672422872.910738,0,GPU-a71d5fd4-b7db-93b7-1b7a-5a6e2a6a8c65,0.18,0.36533203125,10240.0,6499.0,472.12,NVIDIA GeForce RTX 3080,[N/A],Enabled,Enabled
1672422873.911253,0,GPU-a71d5fd4-b7db-93b7-1b7a-5a6e2a6a8c65,0.18,0.36533203125,10240.0,6499.0,472.12,NVIDIA GeForce RTX 3080,[N/A],Enabled,Enabled
1672422874.912993,0,GPU-a71d5fd4-b7db-93b7-1b7a-5a6e2a6a8c65,0.17,0.36533203125,10240.0,6499.0,472.12,NVIDIA GeForce RTX 3080,[N/A],Enabled,Enabled
1672422875.910824,0,GPU-a71d5fd4-b7db-93b7-1b7a-5a6e2a6a8c65,0.17,0.36533203125,10240.0,6499.0,472.12,NVIDIA GeForce RTX 3080,[N/A],Enabled,Enabled
1672422876.909577,0,GPU-a71d5fd4-b7db-93b7-1b7a-5a6e2a6a8c65,0.17,0.36533203125,10240.0,6499.0,472.12,NVIDIA GeForce RTX 3080,[N/A],Enabled,Enabled
1672422877.91274,0,GPU-a71d5fd4-b7db-93b7-1b7a-5a6e2a6a8c65,0.17,0.36533203125,10240.0,6499.0,472.12,NVIDIA GeForce RTX 3080,[N/A],Enabled,Enabled
1672422878.914064,0,GPU-a71d5fd4-b7db-93b7-1b7a-5a6e2a6a8c65,0.17,0.36533203125,10240.0,6499.0,472.12,NVIDIA GeForce RTX 3080,[N/A],Enabled,Enabled
1672422879.916715,0,GPU-a71d5fd4-b7db-93b7-1b7a-5a6e2a6a8c65,0.17,0.36533203125,10240.0,6499.0,472.12,NVIDIA GeForce RTX 3080,[N/A],Enabled,Enabled
1672422880.912987,0,GPU-a71d5fd4-b7db-93b7-1b7a-5a6e2a6a8c65,0.17,0.36533203125,10240.0,6499.0,472.12,NVIDIA GeForce RTX 3080,[N/A],Enabled,Enabled
1672422881.916865,0,GPU-a71d5fd4-b7db-93b7-1b7a-5a6e2a6a8c65,0.17,0.36533203125,10240.0,6499.0,472.12,NVIDIA GeForce RTX 3080,[N/A],Enabled,Enabled
1672422882.919017,0,GPU-a71d5fd4-b7db-93b7-1b7a-5a6e2a6a8c65,0.17,0.36533203125,10240.0,6499.0,472.12,NVIDIA GeForce RTX 3080,[N/A],Enabled,Enabled
1672422883.911141,0,GPU-a71d5fd4-b7db-93b7-1b7a-5a6e2a6a8c65,0.18,0.36533203125,10240.0,6499.0,472.12,NVIDIA GeForce RTX 3080,[N/A],Enabled,Enabled
1672422884.914512,0,GPU-a71d5fd4-b7db-93b7-1b7a-5a6e2a6a8c65,0.18,0.36533203125,10240.0,6499.0,472.12,NVIDIA GeForce RTX 3080,[N/A],Enabled,Enabled
1672422885.914365,0,GPU-a71d5fd4-b7db-93b7-1b7a-5a6e2a6a8c65,0.18,0.36533203125,10240.0,6499.0,472.12,NVIDIA GeForce RTX 3080,[N/A],Enabled,Enabled
1672422886.911781,0,GPU-a71d5fd4-b7db-93b7-1b7a-5a6e2a6a8c65,0.17,0.36533203125,10240.0,6499.0,472.12,NVIDIA GeForce RTX 3080,[N/A],Enabled,Enabled
1672422887.912795,0,GPU-a71d5fd4-b7db-93b7-1b7a-5a6e2a6a8c65,0.18,0.36533203125,10240.0,6499.0,472.12,NVIDIA GeForce RTX 3080,[N/A],Enabled,Enabled
1672422888.909674,0,GPU-a71d5fd4-b7db-93b7-1b7a-5a6e2a6a8c65,0.17,0.36533203125,10240.0,6499.0,472.12,NVIDIA GeForce RTX 3080,[N/A],Enabled,Enabled
1672422889.911485,0,GPU-a71d5fd4-b7db-93b7-1b7a-5a6e2a6a8c65,0.17,0.36533203125,10240.0,6499.0,472.12,NVIDIA GeForce RTX 3080,[N/A],Enabled,Enabled
1672422890.91791,0,GPU-a71d5fd4-b7db-93b7-1b7a-5a6e2a6a8c65,0.18,0.36533203125,10240.0,6499.0,472.12,NVIDIA GeForce RTX 3080,[N/A],Enabled,Enabled
1672422891.904602,0,GPU-a71d5fd4-b7db-93b7-1b7a-5a6e2a6a8c65,0.17,0.36533203125,10240.0,6499.0,472.12,NVIDIA GeForce RTX 3080,[N/A],Enabled,Enabled
1672422892.911867,0,GPU-a71d5fd4-b7db-93b7-1b7a-5a6e2a6a8c65,0.17,0.36533203125,10240.0,6499.0,472.12,NVIDIA GeForce RTX 3080,[N/A],Enabled,Enabled
1672422893.917735,0,GPU-a71d5fd4-b7db-93b7-1b7a-5a6e2a6a8c65,0.16,0.36533203125,10240.0,6499.0,472.12,NVIDIA GeForce RTX 3080,[N/A],Enabled,Enabled
1672422894.906887,0,GPU-a71d5fd4-b7db-93b7-1b7a-5a6e2a6a8c65,0.16,0.36533203125,10240.0,6499.0,472.12,NVIDIA GeForce RTX 3080,[N/A],Enabled,Enabled
1672422895.910455,0,GPU-a71d5fd4-b7db-93b7-1b7a-5a6e2a6a8c65,0.17,0.36533203125,10240.0,6499.0,472.12,NVIDIA GeForce RTX 3080,[N/A],Enabled,Enabled
1672422896.90953,0,GPU-a71d5fd4-b7db-93b7-1b7a-5a6e2a6a8c65,0.17,0.36533203125,10240.0,6499.0,472.12,NVIDIA GeForce RTX 3080,[N/A],Enabled,Enabled
1672422897.909546,0,GPU-a71d5fd4-b7db-93b7-1b7a-5a6e2a6a8c65,0.18,0.36533203125,10240.0,6499.0,472.12,NVIDIA GeForce RTX 3080,[N/A],Enabled,Enabled
1672422898.916665,0,GPU-a71d5fd4-b7db-93b7-1b7a-5a6e2a6a8c65,0.17,0.36533203125,10240.0,6499.0,472.12,NVIDIA GeForce RTX 3080,[N/A],Enabled,Enabled
1672422899.919792,0,GPU-a71d5fd4-b7db-93b7-1b7a-5a6e2a6a8c65,0.17,0.36533203125,10240.0,6499.0,472.12,NVIDIA GeForce RTX 3080,[N/A],Enabled,Enabled
1672422900.905423,0,GPU-a71d5fd4-b7db-93b7-1b7a-5a6e2a6a8c65,0.17,0.36533203125,10240.0,6499.0,472.12,NVIDIA GeForce RTX 3080,[N/A],Enabled,Enabled
1672422901.912668,0,GPU-a71d5fd4-b7db-93b7-1b7a-5a6e2a6a8c65,0.17,0.36533203125,10240.0,6499.0,472.12,NVIDIA GeForce RTX 3080,[N/A],Enabled,Enabled
1672422902.918754,0,GPU-a71d5fd4-b7db-93b7-1b7a-5a6e2a6a8c65,0.17,0.36533203125,10240.0,6499.0,472.12,NVIDIA GeForce RTX 3080,[N/A],Enabled,Enabled
1672422903.918826,0,GPU-a71d5fd4-b7db-93b7-1b7a-5a6e2a6a8c65,0.17,0.36533203125,10240.0,6499.0,472.12,NVIDIA GeForce RTX 3080,[N/A],Enabled,Enabled
1672422904.907004,0,GPU-a71d5fd4-b7db-93b7-1b7a-5a6e2a6a8c65,0.17,0.36533203125,10240.0,6499.0,472.12,NVIDIA GeForce RTX 3080,[N/A],Enabled,Enabled
1672422905.9106,0,GPU-a71d5fd4-b7db-93b7-1b7a-5a6e2a6a8c65,0.17,0.36533203125,10240.0,6499.0,472.12,NVIDIA GeForce RTX 3080,[N/A],Enabled,Enabled
1672422906.907652,0,GPU-a71d5fd4-b7db-93b7-1b7a-5a6e2a6a8c65,0.16,0.36533203125,10240.0,6499.0,472.12,NVIDIA GeForce RTX 3080,[N/A],Enabled,Enabled
1672422907.908872,0,GPU-a71d5fd4-b7db-93b7-1b7a-5a6e2a6a8c65,0.17,0.36533203125,10240.0,6499.0,472.12,NVIDIA GeForce RTX 3080,[N/A],Enabled,Enabled
1672422908.910923,0,GPU-a71d5fd4-b7db-93b7-1b7a-5a6e2a6a8c65,0.17,0.36533203125,10240.0,6499.0,472.12,NVIDIA GeForce RTX 3080,[N/A],Enabled,Enabled
1672422909.917546,0,GPU-a71d5fd4-b7db-93b7-1b7a-5a6e2a6a8c65,0.17,0.36533203125,10240.0,6499.0,472.12,NVIDIA GeForce RTX 3080,[N/A],Enabled,Enabled
1672422910.917222,0,GPU-a71d5fd4-b7db-93b7-1b7a-5a6e2a6a8c65,0.17,0.36533203125,10240.0,6499.0,472.12,NVIDIA GeForce RTX 3080,[N/A],Enabled,Enabled
1672422911.917783,0,GPU-a71d5fd4-b7db-93b7-1b7a-5a6e2a6a8c65,0.18,0.36533203125,10240.0,6499.0,472.12,NVIDIA GeForce RTX 3080,[N/A],Enabled,Enabled
1672422912.905856,0,GPU-a71d5fd4-b7db-93b7-1b7a-5a6e2a6a8c65,0.17,0.36533203125,10240.0,6499.0,472.12,NVIDIA GeForce RTX 3080,[N/A],Enabled,Enabled
1672422913.909518,0,GPU-a71d5fd4-b7db-93b7-1b7a-5a6e2a6a8c65,0.17,0.36533203125,10240.0,6499.0,472.12,NVIDIA GeForce RTX 3080,[N/A],Enabled,Enabled
1672422914.91192,0,GPU-a71d5fd4-b7db-93b7-1b7a-5a6e2a6a8c65,0.17,0.36533203125,10240.0,6499.0,472.12,NVIDIA GeForce RTX 3080,[N/A],Enabled,Enabled
1672422915.910775,0,GPU-a71d5fd4-b7db-93b7-1b7a-5a6e2a6a8c65,0.17,0.36533203125,10240.0,6499.0,472.12,NVIDIA GeForce RTX 3080,[N/A],Enabled,Enabled
1672422916.914195,0,GPU-a71d5fd4-b7db-93b7-1b7a-5a6e2a6a8c65,0.17,0.36533203125,10240.0,6499.0,472.12,NVIDIA GeForce RTX 3080,[N/A],Enabled,Enabled
1672422917.91569,0,GPU-a71d5fd4-b7db-93b7-1b7a-5a6e2a6a8c65,0.18,0.36533203125,10240.0,6499.0,472.12,NVIDIA GeForce RTX 3080,[N/A],Enabled,Enabled
1672422918.915865,0,GPU-a71d5fd4-b7db-93b7-1b7a-5a6e2a6a8c65,0.17,0.36533203125,10240.0,6499.0,472.12,NVIDIA GeForce RTX 3080,[N/A],Enabled,Enabled
1672422919.91674,0,GPU-a71d5fd4-b7db-93b7-1b7a-5a6e2a6a8c65,0.17,0.36533203125,10240.0,6499.0,472.12,NVIDIA GeForce RTX 3080,[N/A],Enabled,Enabled
1672422920.918643,0,GPU-a71d5fd4-b7db-93b7-1b7a-5a6e2a6a8c65,0.17,0.36533203125,10240.0,6499.0,472.12,NVIDIA GeForce RTX 3080,[N/A],Enabled,Enabled
1672422921.905471,0,GPU-a71d5fd4-b7db-93b7-1b7a-5a6e2a6a8c65,0.17,0.36533203125,10240.0,6499.0,472.12,NVIDIA GeForce RTX 3080,[N/A],Enabled,Enabled
1672422922.906868,0,GPU-a71d5fd4-b7db-93b7-1b7a-5a6e2a6a8c65,0.17,0.36533203125,10240.0,6499.0,472.12,NVIDIA GeForce RTX 3080,[N/A],Enabled,Enabled
1672422923.911019,0,GPU-a71d5fd4-b7db-93b7-1b7a-5a6e2a6a8c65,0.17,0.36533203125,10240.0,6499.0,472.12,NVIDIA GeForce RTX 3080,[N/A],Enabled,Enabled
1672422924.909727,0,GPU-a71d5fd4-b7db-93b7-1b7a-5a6e2a6a8c65,0.17,0.36533203125,10240.0,6499.0,472.12,NVIDIA GeForce RTX 3080,[N/A],Enabled,Enabled
1672422925.91183,0,GPU-a71d5fd4-b7db-93b7-1b7a-5a6e2a6a8c65,0.17,0.36533203125,10240.0,6499.0,472.12,NVIDIA GeForce RTX 3080,[N/A],Enabled,Enabled
1672422926.911097,0,GPU-a71d5fd4-b7db-93b7-1b7a-5a6e2a6a8c65,0.17,0.36533203125,10240.0,6499.0,472.12,NVIDIA GeForce RTX 3080,[N/A],Enabled,Enabled
1672422927.912707,0,GPU-a71d5fd4-b7db-93b7-1b7a-5a6e2a6a8c65,0.17,0.36533203125,10240.0,6499.0,472.12,NVIDIA GeForce RTX 3080,[N/A],Enabled,Enabled
1672422928.917846,0,GPU-a71d5fd4-b7db-93b7-1b7a-5a6e2a6a8c65,0.16,0.36533203125,10240.0,6499.0,472.12,NVIDIA GeForce RTX 3080,[N/A],Enabled,Enabled
1672422929.907757,0,GPU-a71d5fd4-b7db-93b7-1b7a-5a6e2a6a8c65,0.18,0.36533203125,10240.0,6499.0,472.12,NVIDIA GeForce RTX 3080,[N/A],Enabled,Enabled
1672422930.912998,0,GPU-a71d5fd4-b7db-93b7-1b7a-5a6e2a6a8c65,0.17,0.36533203125,10240.0,6499.0,472.12,NVIDIA GeForce RTX 3080,[N/A],Enabled,Enabled
1672422931.914205,0,GPU-a71d5fd4-b7db-93b7-1b7a-5a6e2a6a8c65,0.18,0.36533203125,10240.0,6499.0,472.12,NVIDIA GeForce RTX 3080,[N/A],Enabled,Enabled
1672422932.916628,0,GPU-a71d5fd4-b7db-93b7-1b7a-5a6e2a6a8c65,0.18,0.36533203125,10240.0,6499.0,472.12,NVIDIA GeForce RTX 3080,[N/A],Enabled,Enabled
1672422933.908606,0,GPU-a71d5fd4-b7db-93b7-1b7a-5a6e2a6a8c65,0.17,0.36533203125,10240.0,6499.0,472.12,NVIDIA GeForce RTX 3080,[N/A],Enabled,Enabled
1672422934.909935,0,GPU-a71d5fd4-b7db-93b7-1b7a-5a6e2a6a8c65,0.17,0.36533203125,10240.0,6499.0,472.12,NVIDIA GeForce RTX 3080,[N/A],Enabled,Enabled
1672422935.914147,0,GPU-a71d5fd4-b7db-93b7-1b7a-5a6e2a6a8c65,0.17,0.36533203125,10240.0,6499.0,472.12,NVIDIA GeForce RTX 3080,[N/A],Enabled,Enabled
1672422936.917738,0,GPU-a71d5fd4-b7db-93b7-1b7a-5a6e2a6a8c65,0.17,0.36533203125,10240.0,6499.0,472.12,NVIDIA GeForce RTX 3080,[N/A],Enabled,Enabled
1672422937.91981,0,GPU-a71d5fd4-b7db-93b7-1b7a-5a6e2a6a8c65,0.18,0.36533203125,10240.0,6499.0,472.12,NVIDIA GeForce RTX 3080,[N/A],Enabled,Enabled
1672422938.919553,0,GPU-a71d5fd4-b7db-93b7-1b7a-5a6e2a6a8c65,0.17,0.36533203125,10240.0,6499.0,472.12,NVIDIA GeForce RTX 3080,[N/A],Enabled,Enabled
1672422939.917812,0,GPU-a71d5fd4-b7db-93b7-1b7a-5a6e2a6a8c65,0.17,0.36533203125,10240.0,6499.0,472.12,NVIDIA GeForce RTX 3080,[N/A],Enabled,Enabled
1672422940.919113,0,GPU-a71d5fd4-b7db-93b7-1b7a-5a6e2a6a8c65,0.17,0.36533203125,10240.0,6499.0,472.12,NVIDIA GeForce RTX 3080,[N/A],Enabled,Enabled
1672422941.911598,0,GPU-a71d5fd4-b7db-93b7-1b7a-5a6e2a6a8c65,0.17,0.36533203125,10240.0,6499.0,472.12,NVIDIA GeForce RTX 3080,[N/A],Enabled,Enabled
1672422942.90554,0,GPU-a71d5fd4-b7db-93b7-1b7a-5a6e2a6a8c65,0.17,0.36533203125,10240.0,6499.0,472.12,NVIDIA GeForce RTX 3080,[N/A],Enabled,Enabled
1672422943.90543,0,GPU-a71d5fd4-b7db-93b7-1b7a-5a6e2a6a8c65,0.17,0.36533203125,10240.0,6499.0,472.12,NVIDIA GeForce RTX 3080,[N/A],Enabled,Enabled
1672422944.917928,0,GPU-a71d5fd4-b7db-93b7-1b7a-5a6e2a6a8c65,0.17,0.36533203125,10240.0,6499.0,472.12,NVIDIA GeForce RTX 3080,[N/A],Enabled,Enabled
1672422945.91187,0,GPU-a71d5fd4-b7db-93b7-1b7a-5a6e2a6a8c65,0.17,0.36533203125,10240.0,6499.0,472.12,NVIDIA GeForce RTX 3080,[N/A],Enabled,Enabled
1672422946.91055,0,GPU-a71d5fd4-b7db-93b7-1b7a-5a6e2a6a8c65,0.17,0.36533203125,10240.0,6499.0,472.12,NVIDIA GeForce RTX 3080,[N/A],Enabled,Enabled
1672422947.910957,0,GPU-a71d5fd4-b7db-93b7-1b7a-5a6e2a6a8c65,0.17,0.36533203125,10240.0,6499.0,472.12,NVIDIA GeForce RTX 3080,[N/A],Enabled,Enabled
1672422948.915653,0,GPU-a71d5fd4-b7db-93b7-1b7a-5a6e2a6a8c65,0.17,0.36533203125,10240.0,6499.0,472.12,NVIDIA GeForce RTX 3080,[N/A],Enabled,Enabled
1672422949.916822,0,GPU-a71d5fd4-b7db-93b7-1b7a-5a6e2a6a8c65,0.18,0.36533203125,10240.0,6499.0,472.12,NVIDIA GeForce RTX 3080,[N/A],Enabled,Enabled
1672422950.917455,0,GPU-a71d5fd4-b7db-93b7-1b7a-5a6e2a6a8c65,0.18,0.36533203125,10240.0,6499.0,472.12,NVIDIA GeForce RTX 3080,[N/A],Enabled,Enabled
1672422951.919446,0,GPU-a71d5fd4-b7db-93b7-1b7a-5a6e2a6a8c65,0.18,0.36533203125,10240.0,6499.0,472.12,NVIDIA GeForce RTX 3080,[N/A],Enabled,Enabled
1672422952.910508,0,GPU-a71d5fd4-b7db-93b7-1b7a-5a6e2a6a8c65,0.17,0.36533203125,10240.0,6499.0,472.12,NVIDIA GeForce RTX 3080,[N/A],Enabled,Enabled
1672422953.909494,0,GPU-a71d5fd4-b7db-93b7-1b7a-5a6e2a6a8c65,0.17,0.36533203125,10240.0,6499.0,472.12,NVIDIA GeForce RTX 3080,[N/A],Enabled,Enabled
1672422954.907503,0,GPU-a71d5fd4-b7db-93b7-1b7a-5a6e2a6a8c65,0.16,0.36533203125,10240.0,6499.0,472.12,NVIDIA GeForce RTX 3080,[N/A],Enabled,Enabled
1672422955.911638,0,GPU-a71d5fd4-b7db-93b7-1b7a-5a6e2a6a8c65,0.17,0.36533203125,10240.0,6499.0,472.12,NVIDIA GeForce RTX 3080,[N/A],Enabled,Enabled
1672422956.917857,0,GPU-a71d5fd4-b7db-93b7-1b7a-5a6e2a6a8c65,0.17,0.36533203125,10240.0,6499.0,472.12,NVIDIA GeForce RTX 3080,[N/A],Enabled,Enabled
1672422957.9056,0,GPU-a71d5fd4-b7db-93b7-1b7a-5a6e2a6a8c65,0.18,0.36533203125,10240.0,6499.0,472.12,NVIDIA GeForce RTX 3080,[N/A],Enabled,Enabled
1672422958.909572,0,GPU-a71d5fd4-b7db-93b7-1b7a-5a6e2a6a8c65,0.17,0.36533203125,10240.0,6499.0,472.12,NVIDIA GeForce RTX 3080,[N/A],Enabled,Enabled
1672422959.91207,0,GPU-a71d5fd4-b7db-93b7-1b7a-5a6e2a6a8c65,0.17,0.36533203125,10240.0,6499.0,472.12,NVIDIA GeForce RTX 3080,[N/A],Enabled,Enabled
1672422960.915882,0,GPU-a71d5fd4-b7db-93b7-1b7a-5a6e2a6a8c65,0.18,0.36533203125,10240.0,6499.0,472.12,NVIDIA GeForce RTX 3080,[N/A],Enabled,Enabled
1672422961.916718,0,GPU-a71d5fd4-b7db-93b7-1b7a-5a6e2a6a8c65,0.17,0.36533203125,10240.0,6499.0,472.12,NVIDIA GeForce RTX 3080,[N/A],Enabled,Enabled
1672422962.916761,0,GPU-a71d5fd4-b7db-93b7-1b7a-5a6e2a6a8c65,0.17,0.36533203125,10240.0,6499.0,472.12,NVIDIA GeForce RTX 3080,[N/A],Enabled,Enabled
1672422963.907623,0,GPU-a71d5fd4-b7db-93b7-1b7a-5a6e2a6a8c65,0.17,0.36533203125,10240.0,6499.0,472.12,NVIDIA GeForce RTX 3080,[N/A],Enabled,Enabled
1672422964.909952,0,GPU-a71d5fd4-b7db-93b7-1b7a-5a6e2a6a8c65,0.17,0.36533203125,10240.0,6499.0,472.12,NVIDIA GeForce RTX 3080,[N/A],Enabled,Enabled
1672422965.912542,0,GPU-a71d5fd4-b7db-93b7-1b7a-5a6e2a6a8c65,0.17,0.36533203125,10240.0,6499.0,472.12,NVIDIA GeForce RTX 3080,[N/A],Enabled,Enabled
1672422966.91152,0,GPU-a71d5fd4-b7db-93b7-1b7a-5a6e2a6a8c65,0.17,0.36533203125,10240.0,6499.0,472.12,NVIDIA GeForce RTX 3080,[N/A],Enabled,Enabled
1672422967.912745,0,GPU-a71d5fd4-b7db-93b7-1b7a-5a6e2a6a8c65,0.17,0.36533203125,10240.0,6499.0,472.12,NVIDIA GeForce RTX 3080,[N/A],Enabled,Enabled
1672422968.914449,0,GPU-a71d5fd4-b7db-93b7-1b7a-5a6e2a6a8c65,0.16,0.36533203125,10240.0,6499.0,472.12,NVIDIA GeForce RTX 3080,[N/A],Enabled,Enabled
1672422969.905707,0,GPU-a71d5fd4-b7db-93b7-1b7a-5a6e2a6a8c65,0.17,0.36533203125,10240.0,6499.0,472.12,NVIDIA GeForce RTX 3080,[N/A],Enabled,Enabled
1672422970.916756,0,GPU-a71d5fd4-b7db-93b7-1b7a-5a6e2a6a8c65,0.16,0.36533203125,10240.0,6499.0,472.12,NVIDIA GeForce RTX 3080,[N/A],Enabled,Enabled
1672422971.906693,0,GPU-a71d5fd4-b7db-93b7-1b7a-5a6e2a6a8c65,0.17,0.36533203125,10240.0,6499.0,472.12,NVIDIA GeForce RTX 3080,[N/A],Enabled,Enabled
1672422972.907554,0,GPU-a71d5fd4-b7db-93b7-1b7a-5a6e2a6a8c65,0.17,0.36533203125,10240.0,6499.0,472.12,NVIDIA GeForce RTX 3080,[N/A],Enabled,Enabled
1672422973.908821,0,GPU-a71d5fd4-b7db-93b7-1b7a-5a6e2a6a8c65,0.17,0.36533203125,10240.0,6499.0,472.12,NVIDIA GeForce RTX 3080,[N/A],Enabled,Enabled
1672422974.911552,0,GPU-a71d5fd4-b7db-93b7-1b7a-5a6e2a6a8c65,0.16,0.36533203125,10240.0,6499.0,472.12,NVIDIA GeForce RTX 3080,[N/A],Enabled,Enabled
1672422975.917543,0,GPU-a71d5fd4-b7db-93b7-1b7a-5a6e2a6a8c65,0.14,0.35830078125,10240.0,6571.0,472.12,NVIDIA GeForce RTX 3080,[N/A],Enabled,Enabled
1672422976.919783,0,GPU-a71d5fd4-b7db-93b7-1b7a-5a6e2a6a8c65,0.14,0.35830078125,10240.0,6571.0,472.12,NVIDIA GeForce RTX 3080,[N/A],Enabled,Enabled
1672422977.908448,0,GPU-a71d5fd4-b7db-93b7-1b7a-5a6e2a6a8c65,0.14,0.35830078125,10240.0,6571.0,472.12,NVIDIA GeForce RTX 3080,[N/A],Enabled,Enabled
1672422978.914227,0,GPU-a71d5fd4-b7db-93b7-1b7a-5a6e2a6a8c65,0.14,0.358203125,10240.0,6572.0,472.12,NVIDIA GeForce RTX 3080,[N/A],Enabled,Enabled
1672422979.914683,0,GPU-a71d5fd4-b7db-93b7-1b7a-5a6e2a6a8c65,0.14,0.32294921875,10240.0,6933.0,472.12,NVIDIA GeForce RTX 3080,[N/A],Enabled,Enabled
1672422980.919623,0,GPU-a71d5fd4-b7db-93b7-1b7a-5a6e2a6a8c65,0.18,0.31259765625,10240.0,7039.0,472.12,NVIDIA GeForce RTX 3080,[N/A],Enabled,Enabled
1672422981.911646,0,GPU-a71d5fd4-b7db-93b7-1b7a-5a6e2a6a8c65,0.17,0.31259765625,10240.0,7039.0,472.12,NVIDIA GeForce RTX 3080,[N/A],Enabled,Enabled
1672422982.907641,0,GPU-a71d5fd4-b7db-93b7-1b7a-5a6e2a6a8c65,0.18,0.31259765625,10240.0,7039.0,472.12,NVIDIA GeForce RTX 3080,[N/A],Enabled,Enabled
1672422983.906641,0,GPU-a71d5fd4-b7db-93b7-1b7a-5a6e2a6a8c65,0.19,0.31259765625,10240.0,7039.0,472.12,NVIDIA GeForce RTX 3080,[N/A],Enabled,Enabled
1672422984.908623,0,GPU-a71d5fd4-b7db-93b7-1b7a-5a6e2a6a8c65,0.18,0.31259765625,10240.0,7039.0,472.12,NVIDIA GeForce RTX 3080,[N/A],Enabled,Enabled
1672422985.909659,0,GPU-a71d5fd4-b7db-93b7-1b7a-5a6e2a6a8c65,0.19,0.31259765625,10240.0,7039.0,472.12,NVIDIA GeForce RTX 3080,[N/A],Enabled,Enabled
1672422986.910032,0,GPU-a71d5fd4-b7db-93b7-1b7a-5a6e2a6a8c65,0.19,0.31259765625,10240.0,7039.0,472.12,NVIDIA GeForce RTX 3080,[N/A],Enabled,Enabled
1672422987.909178,0,GPU-a71d5fd4-b7db-93b7-1b7a-5a6e2a6a8c65,0.19,0.31259765625,10240.0,7039.0,472.12,NVIDIA GeForce RTX 3080,[N/A],Enabled,Enabled
1672422988.906616,0,GPU-a71d5fd4-b7db-93b7-1b7a-5a6e2a6a8c65,0.18,0.31259765625,10240.0,7039.0,472.12,NVIDIA GeForce RTX 3080,[N/A],Enabled,Enabled
1672422989.906898,0,GPU-a71d5fd4-b7db-93b7-1b7a-5a6e2a6a8c65,0.19,0.31259765625,10240.0,7039.0,472.12,NVIDIA GeForce RTX 3080,[N/A],Enabled,Enabled
1672422990.905537,0,GPU-a71d5fd4-b7db-93b7-1b7a-5a6e2a6a8c65,0.18,0.31259765625,10240.0,7039.0,472.12,NVIDIA GeForce RTX 3080,[N/A],Enabled,Enabled
1672422991.915861,0,GPU-a71d5fd4-b7db-93b7-1b7a-5a6e2a6a8c65,0.19,0.31259765625,10240.0,7039.0,472.12,NVIDIA GeForce RTX 3080,[N/A],Enabled,Enabled
1672422992.913457,0,GPU-a71d5fd4-b7db-93b7-1b7a-5a6e2a6a8c65,0.19,0.31259765625,10240.0,7039.0,472.12,NVIDIA GeForce RTX 3080,[N/A],Enabled,Enabled
1672422993.914243,0,GPU-a71d5fd4-b7db-93b7-1b7a-5a6e2a6a8c65,0.19,0.31259765625,10240.0,7039.0,472.12,NVIDIA GeForce RTX 3080,[N/A],Enabled,Enabled
1672422994.912786,0,GPU-a71d5fd4-b7db-93b7-1b7a-5a6e2a6a8c65,0.18,0.31259765625,10240.0,7039.0,472.12,NVIDIA GeForce RTX 3080,[N/A],Enabled,Enabled
1672422995.90995,0,GPU-a71d5fd4-b7db-93b7-1b7a-5a6e2a6a8c65,0.19,0.31259765625,10240.0,7039.0,472.12,NVIDIA GeForce RTX 3080,[N/A],Enabled,Enabled
1672422996.914255,0,GPU-a71d5fd4-b7db-93b7-1b7a-5a6e2a6a8c65,0.19,0.31259765625,10240.0,7039.0,472.12,NVIDIA GeForce RTX 3080,[N/A],Enabled,Enabled
1672422997.914412,0,GPU-a71d5fd4-b7db-93b7-1b7a-5a6e2a6a8c65,0.19,0.31259765625,10240.0,7039.0,472.12,NVIDIA GeForce RTX 3080,[N/A],Enabled,Enabled
1672422998.915894,0,GPU-a71d5fd4-b7db-93b7-1b7a-5a6e2a6a8c65,0.19,0.31259765625,10240.0,7039.0,472.12,NVIDIA GeForce RTX 3080,[N/A],Enabled,Enabled
1672422999.91362,0,GPU-a71d5fd4-b7db-93b7-1b7a-5a6e2a6a8c65,0.19,0.31259765625,10240.0,7039.0,472.12,NVIDIA GeForce RTX 3080,[N/A],Enabled,Enabled
1672423000.916477,0,GPU-a71d5fd4-b7db-93b7-1b7a-5a6e2a6a8c65,0.19,0.31259765625,10240.0,7039.0,472.12,NVIDIA GeForce RTX 3080,[N/A],Enabled,Enabled
1672423001.917464,0,GPU-a71d5fd4-b7db-93b7-1b7a-5a6e2a6a8c65,0.19,0.31259765625,10240.0,7039.0,472.12,NVIDIA GeForce RTX 3080,[N/A],Enabled,Enabled
1672423002.907623,0,GPU-a71d5fd4-b7db-93b7-1b7a-5a6e2a6a8c65,0.13,0.37021484375,10240.0,6449.0,472.12,NVIDIA GeForce RTX 3080,[N/A],Enabled,Enabled
1672423003.912949,0,GPU-a71d5fd4-b7db-93b7-1b7a-5a6e2a6a8c65,0.14,0.37021484375,10240.0,6449.0,472.12,NVIDIA GeForce RTX 3080,[N/A],Enabled,Enabled
1672423004.916811,0,GPU-a71d5fd4-b7db-93b7-1b7a-5a6e2a6a8c65,0.14,0.37021484375,10240.0,6449.0,472.12,NVIDIA GeForce RTX 3080,[N/A],Enabled,Enabled
1672423005.905472,0,GPU-a71d5fd4-b7db-93b7-1b7a-5a6e2a6a8c65,0.14,0.37021484375,10240.0,6449.0,472.12,NVIDIA GeForce RTX 3080,[N/A],Enabled,Enabled
1672423006.907512,0,GPU-a71d5fd4-b7db-93b7-1b7a-5a6e2a6a8c65,0.26,0.4154296875,10240.0,5986.0,472.12,NVIDIA GeForce RTX 3080,[N/A],Enabled,Enabled
1672423007.914133,0,GPU-a71d5fd4-b7db-93b7-1b7a-5a6e2a6a8c65,0.23,0.4154296875,10240.0,5986.0,472.12,NVIDIA GeForce RTX 3080,[N/A],Enabled,Enabled
1672423008.919779,0,GPU-a71d5fd4-b7db-93b7-1b7a-5a6e2a6a8c65,0.24,0.4154296875,10240.0,5986.0,472.12,NVIDIA GeForce RTX 3080,[N/A],Enabled,Enabled
1672423009.910676,0,GPU-a71d5fd4-b7db-93b7-1b7a-5a6e2a6a8c65,0.23,0.4154296875,10240.0,5986.0,472.12,NVIDIA GeForce RTX 3080,[N/A],Enabled,Enabled
1672423010.913697,0,GPU-a71d5fd4-b7db-93b7-1b7a-5a6e2a6a8c65,0.24,0.4154296875,10240.0,5986.0,472.12,NVIDIA GeForce RTX 3080,[N/A],Enabled,Enabled
1672423011.915792,0,GPU-a71d5fd4-b7db-93b7-1b7a-5a6e2a6a8c65,0.25,0.415625,10240.0,5984.0,472.12,NVIDIA GeForce RTX 3080,[N/A],Enabled,Enabled
1672423012.918591,0,GPU-a71d5fd4-b7db-93b7-1b7a-5a6e2a6a8c65,0.23,0.415625,10240.0,5984.0,472.12,NVIDIA GeForce RTX 3080,[N/A],Enabled,Enabled
1672423013.905935,0,GPU-a71d5fd4-b7db-93b7-1b7a-5a6e2a6a8c65,0.23,0.415625,10240.0,5984.0,472.12,NVIDIA GeForce RTX 3080,[N/A],Enabled,Enabled
1672423014.910686,0,GPU-a71d5fd4-b7db-93b7-1b7a-5a6e2a6a8c65,0.23,0.415625,10240.0,5984.0,472.12,NVIDIA GeForce RTX 3080,[N/A],Enabled,Enabled
1672423015.909834,0,GPU-a71d5fd4-b7db-93b7-1b7a-5a6e2a6a8c65,0.23,0.415625,10240.0,5984.0,472.12,NVIDIA GeForce RTX 3080,[N/A],Enabled,Enabled
1672423016.913875,0,GPU-a71d5fd4-b7db-93b7-1b7a-5a6e2a6a8c65,0.25,0.415625,10240.0,5984.0,472.12,NVIDIA GeForce RTX 3080,[N/A],Enabled,Enabled
1672423017.915526,0,GPU-a71d5fd4-b7db-93b7-1b7a-5a6e2a6a8c65,0.25,0.415625,10240.0,5984.0,472.12,NVIDIA GeForce RTX 3080,[N/A],Enabled,Enabled
1672423018.907102,0,GPU-a71d5fd4-b7db-93b7-1b7a-5a6e2a6a8c65,0.22,0.415625,10240.0,5984.0,472.12,NVIDIA GeForce RTX 3080,[N/A],Enabled,Enabled
1672423019.90934,0,GPU-a71d5fd4-b7db-93b7-1b7a-5a6e2a6a8c65,0.24,0.20107421875,10240.0,8181.0,472.12,NVIDIA GeForce RTX 3080,[N/A],Enabled,Enabled
1672423020.906482,0,GPU-a71d5fd4-b7db-93b7-1b7a-5a6e2a6a8c65,0.23,0.20107421875,10240.0,8181.0,472.12,NVIDIA GeForce RTX 3080,[N/A],Enabled,Enabled
1672423021.905514,0,GPU-a71d5fd4-b7db-93b7-1b7a-5a6e2a6a8c65,0.34,0.2087890625,10240.0,8102.0,472.12,NVIDIA GeForce RTX 3080,[N/A],Enabled,Enabled
1672423022.918251,0,GPU-a71d5fd4-b7db-93b7-1b7a-5a6e2a6a8c65,0.36,0.2087890625,10240.0,8102.0,472.12,NVIDIA GeForce RTX 3080,[N/A],Enabled,Enabled
1672423023.914697,0,GPU-a71d5fd4-b7db-93b7-1b7a-5a6e2a6a8c65,0.37,0.2087890625,10240.0,8102.0,472.12,NVIDIA GeForce RTX 3080,[N/A],Enabled,Enabled
1672423024.912172,0,GPU-a71d5fd4-b7db-93b7-1b7a-5a6e2a6a8c65,0.38,0.2087890625,10240.0,8102.0,472.12,NVIDIA GeForce RTX 3080,[N/A],Enabled,Enabled
1672423025.911823,0,GPU-a71d5fd4-b7db-93b7-1b7a-5a6e2a6a8c65,0.32,0.2087890625,10240.0,8102.0,472.12,NVIDIA GeForce RTX 3080,[N/A],Enabled,Enabled
1672423026.913882,0,GPU-a71d5fd4-b7db-93b7-1b7a-5a6e2a6a8c65,0.37,0.20869140625,10240.0,8103.0,472.12,NVIDIA GeForce RTX 3080,[N/A],Enabled,Enabled
1672423027.911962,0,GPU-a71d5fd4-b7db-93b7-1b7a-5a6e2a6a8c65,0.38,0.20869140625,10240.0,8103.0,472.12,NVIDIA GeForce RTX 3080,[N/A],Enabled,Enabled
1672423028.913037,0,GPU-a71d5fd4-b7db-93b7-1b7a-5a6e2a6a8c65,0.39,0.20869140625,10240.0,8103.0,472.12,NVIDIA GeForce RTX 3080,[N/A],Enabled,Enabled
1672423029.912717,0,GPU-a71d5fd4-b7db-93b7-1b7a-5a6e2a6a8c65,0.38,0.20869140625,10240.0,8103.0,472.12,NVIDIA GeForce RTX 3080,[N/A],Enabled,Enabled
1672423030.909703,0,GPU-a71d5fd4-b7db-93b7-1b7a-5a6e2a6a8c65,0.38,0.20869140625,10240.0,8103.0,472.12,NVIDIA GeForce RTX 3080,[N/A],Enabled,Enabled
1672423031.910061,0,GPU-a71d5fd4-b7db-93b7-1b7a-5a6e2a6a8c65,0.37,0.20869140625,10240.0,8103.0,472.12,NVIDIA GeForce RTX 3080,[N/A],Enabled,Enabled
1672423032.909167,0,GPU-a71d5fd4-b7db-93b7-1b7a-5a6e2a6a8c65,0.38,0.20869140625,10240.0,8103.0,472.12,NVIDIA GeForce RTX 3080,[N/A],Enabled,Enabled
1672423033.907606,0,GPU-a71d5fd4-b7db-93b7-1b7a-5a6e2a6a8c65,0.37,0.20869140625,10240.0,8103.0,472.12,NVIDIA GeForce RTX 3080,[N/A],Enabled,Enabled
1672423034.90595,0,GPU-a71d5fd4-b7db-93b7-1b7a-5a6e2a6a8c65,0.39,0.20869140625,10240.0,8103.0,472.12,NVIDIA GeForce RTX 3080,[N/A],Enabled,Enabled
1672423035.919102,0,GPU-a71d5fd4-b7db-93b7-1b7a-5a6e2a6a8c65,0.38,0.20869140625,10240.0,8103.0,472.12,NVIDIA GeForce RTX 3080,[N/A],Enabled,Enabled
1672423036.916256,0,GPU-a71d5fd4-b7db-93b7-1b7a-5a6e2a6a8c65,0.38,0.20869140625,10240.0,8103.0,472.12,NVIDIA GeForce RTX 3080,[N/A],Enabled,Enabled
1672423037.916722,0,GPU-a71d5fd4-b7db-93b7-1b7a-5a6e2a6a8c65,0.37,0.20869140625,10240.0,8103.0,472.12,NVIDIA GeForce RTX 3080,[N/A],Enabled,Enabled
1672423038.91657,0,GPU-a71d5fd4-b7db-93b7-1b7a-5a6e2a6a8c65,0.39,0.20869140625,10240.0,8103.0,472.12,NVIDIA GeForce RTX 3080,[N/A],Enabled,Enabled
1672423039.913972,0,GPU-a71d5fd4-b7db-93b7-1b7a-5a6e2a6a8c65,0.38,0.20869140625,10240.0,8103.0,472.12,NVIDIA GeForce RTX 3080,[N/A],Enabled,Enabled
1672423040.913774,0,GPU-a71d5fd4-b7db-93b7-1b7a-5a6e2a6a8c65,0.38,0.20869140625,10240.0,8103.0,472.12,NVIDIA GeForce RTX 3080,[N/A],Enabled,Enabled
1672423041.913,0,GPU-a71d5fd4-b7db-93b7-1b7a-5a6e2a6a8c65,0.37,0.20869140625,10240.0,8103.0,472.12,NVIDIA GeForce RTX 3080,[N/A],Enabled,Enabled
1672423042.914797,0,GPU-a71d5fd4-b7db-93b7-1b7a-5a6e2a6a8c65,0.38,0.20869140625,10240.0,8103.0,472.12,NVIDIA GeForce RTX 3080,[N/A],Enabled,Enabled
