144.10 718.10
145.16 723.99
146.11 729.15
147.10 734.53
148.14 740.36
149.11 745.78
150.10 751.25
151.12 757.03
152.10 762.59
153.16 768.64
154.18 774.21
155.20 779.89
156.12 784.96
157.11 790.40
158.09 795.82
159.10 801.18
160.12 806.93
161.15 812.62
162.17 817.99
163.19 823.52
164.10 828.67
165.14 834.71
166.11 839.96
167.11 844.97
168.10 850.46
169.10 854.91
170.12 860.06
171.13 864.27
172.10 865.70
173.10 868.91
174.10 872.38
175.16 877.37
176.10 882.48
177.09 888.00
178.08 893.10
179.09 898.51
180.09 904.42
181.09 909.01
182.09 912.53
183.08 918.31
184.10 924.95
185.09 931.62
186.09 938.17
187.10 944.73
188.10 950.44
189.10 955.40
190.10 959.05
191.09 962.37
192.10 967.00
193.10 972.08
194.09 977.45
195.10 982.98
196.08 987.68
197.09 992.08
198.10 996.35
199.10 1000.80
200.10 1004.66
201.10 1010.11
202.10 1015.18
203.10 1020.39
204.10 1025.92
205.10 1031.31
206.10 1036.52
207.10 1041.74
208.10 1047.47
209.10 1053.18
210.10 1058.86
211.10 1064.56
212.10 1070.44
213.10 1076.15
214.10 1081.82
215.10 1087.58
216.10 1093.27
217.10 1098.99
218.10 1104.76
219.10 1110.53
220.10 1116.01
221.10 1121.01
222.10 1126.64
223.10 1132.20
224.10 1137.13
225.10 1143.04
226.11 1148.97
227.10 1154.59
228.10 1160.43
229.10 1166.34
230.10 1172.16
231.10 1178.06
232.10 1184.15
233.10 1190.49
234.10 1196.89
235.10 1203.17
236.10 1209.45
237.10 1214.90
238.10 1220.63
239.10 1226.26
240.10 1232.31
241.10 1238.33
242.11 1244.28
243.10 1249.92
244.10 1255.59
245.10 1261.58
246.10 1267.77
247.10 1273.96
248.10 1280.51
249.08 1286.79
250.10 1293.14
251.10 1299.52
252.10 1305.97
253.09 1312.31
254.10 1318.66
255.10 1325.09
256.10 1331.72
257.10 1338.48
258.10 1345.09
259.10 1351.73
260.10 1358.45
261.10 1365.10
262.10 1371.43
263.10 1377.71
264.10 1384.25
265.10 1391.00
266.10 1397.58
267.10 1403.93
268.10 1410.47
269.10 1416.75
270.10 1423.40
271.10 1429.57
272.10 1436.10
273.10 1442.64
274.10 1449.57
275.10 1456.30
276.10 1462.89
277.10 1469.31
278.10 1475.53
279.10 1481.96
280.10 1487.65
281.10 1492.80
282.10 1496.86
283.10 1502.18
284.10 1508.30
285.10 1513.84
286.10 1519.61
287.10 1525.50
288.10 1531.46
289.10 1537.53
290.10 1543.56
291.10 1549.50
292.10 1555.53
293.10 1561.74
294.10 1567.81
295.10 1573.99
296.10 1580.05
297.10 1586.20
298.10 1592.25
299.10 1598.26
300.10 1604.24
301.10 1610.16
302.10 1615.99
303.10 1621.88
304.10 1627.49
305.11 1633.33
306.11 1639.36
307.10 1645.23
308.10 1651.12
309.11 1656.85
310.10 1662.29
311.09 1668.10
312.10 1672.38
313.08 1674.79
314.09 1679.04
315.09 1684.56
316.08 1690.24
317.08 1695.17
318.09 1701.01
319.09 1706.28
320.08 1711.38
321.08 1715.04
322.08 1719.36
323.09 1724.89
324.09 1730.32
325.09 1735.95
326.10 1741.31
327.10 1746.84
328.10 1752.22
329.10 1757.63
330.10 1763.02
331.10 1768.15
332.10 1773.32
333.10 1778.70
334.10 1784.17
335.10 1789.71
336.10 1795.26
337.10 1800.71
338.10 1806.13
339.10 1811.66
340.10 1817.28
341.10 1822.91
342.10 1828.32
343.10 1833.84
344.11 1839.33
345.11 1844.89
346.10 1850.47
347.10 1856.01
348.10 1861.53
349.10 1867.15
350.10 1872.86
351.10 1878.62
352.10 1884.65
353.10 1890.44
354.10 1896.09
355.10 1901.91
356.10 1907.81
357.10 1913.93
358.10 1919.87
359.10 1925.70
360.10 1931.53
361.10 1937.43
362.10 1943.43
363.10 1949.49
364.10 1955.61
365.10 1961.71
366.10 1967.93
367.10 1973.88
368.10 1980.25
369.10 1986.46
370.11 1992.73
371.11 1998.61
372.10 2004.17
373.10 2009.87
374.10 2015.83
375.10 2021.54
376.09 2026.96
377.10 2032.79
378.10 2038.66
379.10 2044.77
380.10 2051.12
381.10 2056.61
382.10 2062.14
383.10 2068.29
384.10 2073.98
385.10 2080.10
386.10 2086.18
387.09 2092.41
388.10 2098.89
389.10 2105.52
390.11 2112.06
391.12 2118.35
392.10 2124.75
393.10 2131.46
394.10 2138.03
395.10 2144.54
396.09 2151.07
397.09 2157.80
398.10 2164.39
399.09 2171.02
400.09 2177.81
401.11 2184.55
402.10 2190.90
403.10 2196.84
404.10 2203.31
405.09 2209.74
406.09 2216.17
407.09 2222.52
408.11 2228.76
409.09 2235.08
410.12 2241.73
411.11 2247.91
412.11 2254.31
413.11 2260.72
414.10 2266.55
415.10 2272.31
416.10 2278.66
417.10 2284.99
418.10 2291.23
419.10 2296.94
420.10 2301.76
421.08 2306.23
422.08 2312.38
423.08 2317.87
424.10 2324.14
425.10 2329.98
426.10 2335.00
427.09 2339.71
428.10 2345.43
429.09 2350.80
430.10 2356.57
431.10 2362.30
432.10 2367.98
433.09 2373.36
434.12 2379.09
435.10 2382.82
436.10 2388.07
437.10 2392.85
438.10 2398.68
439.10 2404.35
440.09 2410.40
441.09 2416.29
442.09 2422.33
443.09 2428.37
444.09 2434.33
445.13 2440.24
446.11 2445.84
447.12 2451.77
448.11 2457.39
449.11 2463.03
450.12 2468.48
451.11 2473.99
452.10 2479.29
453.10 2484.18
454.09 2489.67
455.09 2495.19
456.11 2500.66
457.12 2506.19
458.10 2511.57
459.09 2517.16
460.10 2522.50
461.11 2528.13
462.09 2533.64
463.10 2539.39
464.10 2545.04
465.10 2550.38
466.12 2555.89
467.12 2561.38
468.10 2566.59
469.10 2572.13
470.12 2577.48
471.10 2581.47
472.12 2584.99
473.12 2589.59
474.10 2594.09
475.10 2598.74
476.11 2603.19
477.09 2607.96
478.12 2612.86
479.09 2617.43
480.09 2622.43
481.10 2627.06
482.11 2632.02
483.09 2636.90
484.09 2641.78
485.10 2646.81
486.10 2651.60
487.14 2656.65
488.11 2661.41
489.11 2666.40
490.12 2671.40
491.10 2676.12
492.12 2681.15
493.12 2686.13
494.10 2690.83
495.12 2695.29
496.11 2698.66
497.12 2703.93
498.12 2709.69
499.11 2715.24
500.11 2720.73
501.10 2726.28
502.11 2731.77
503.10 2737.48
504.12 2743.46
505.12 2749.14
506.10 2754.88
507.12 2760.89
508.11 2766.51
509.10 2771.92
510.12 2777.38
511.11 2783.21
512.11 2789.27
513.10 2795.23
514.11 2801.21
515.12 2807.17
516.12 2813.16
517.12 2819.25
518.12 2825.37
519.12 2831.52
520.11 2837.58
521.12 2843.79
522.10 2849.75
523.11 2856.02
524.12 2862.08
525.12 2868.16
526.11 2874.12
527.12 2880.31
528.11 2886.15
529.11 2891.87
530.12 2897.59
531.12 2903.53
532.11 2909.05
533.12 2914.52
534.12 2920.32
535.12 2926.41
536.12 2932.24
537.12 2938.14
538.12 2944.14
539.12 2949.99
540.11 2956.05
541.12 2962.06
542.11 2967.68
543.12 2973.57
544.12 2979.38
545.12 2985.16
546.11 2990.81
547.12 2996.59
548.12 3002.52
549.11 3008.41
550.12 3014.43
551.12 3019.92
552.12 3025.85
553.12 3031.54
554.12 3037.25
555.12 3043.07
556.11 3049.00
557.11 3054.82
558.12 3060.74
559.11 3066.89
560.11 3072.66
561.12 3078.25
562.11 3083.67
563.12 3088.98
564.11 3094.47
565.12 3099.91
566.11 3105.20
567.12 3110.57
568.11 3115.84
569.12 3121.18
570.11 3126.33
571.12 3131.74
572.11 3136.90
573.12 3142.27
574.12 3147.49
575.12 3152.73
576.11 3157.86
577.12 3162.95
578.12 3168.16
579.13 3173.44
580.12 3178.52
581.11 3183.71
582.12 3188.85
583.11 3193.44
584.12 3198.12
585.12 3203.05
586.12 3207.95
587.11 3212.80
588.12 3217.87
589.11 3222.48
590.11 3227.58
591.12 3232.72
592.12 3237.80
593.11 3242.80
594.12 3248.12
595.11 3253.09
596.12 3258.02
597.12 3263.13
598.12 3267.87
599.11 3272.98
600.12 3278.33
601.10 3283.68
602.12 3289.27
603.12 3294.79
604.10 3299.98
605.12 3305.28
606.12 3310.92
607.12 3316.42
608.11 3321.90
609.12 3327.59
610.11 3333.09
611.12 3338.78
612.11 3344.30
613.11 3349.93
614.12 3355.60
615.12 3360.97
616.12 3366.40
617.12 3371.53
618.12 3376.28
619.12 3381.61
620.12 3387.32
621.12 3393.08
622.12 3398.62
623.11 3404.29
624.11 3410.00
625.12 3415.63
626.11 3420.85
627.11 3426.31
628.11 3432.03
629.12 3437.60
630.11 3443.22
631.11 3448.97
632.11 3454.73
633.11 3460.54
634.11 3466.28
635.11 3472.24
636.11 3478.38
637.11 3484.21
638.11 3490.13
639.11 3496.10
640.11 3502.23
641.11 3508.24
642.12 3513.50
643.11 3519.56
644.12 3525.66
645.11 3531.54
646.12 3537.66
647.12 3543.86
648.11 3549.88
649.11 3555.99
650.11 3561.96
651.11 3567.92
652.11 3574.01
653.10 3579.75
654.11 3585.95
655.12 3591.97
656.11 3597.49
657.11 3603.44
658.11 3609.05
659.11 3614.38
660.11 3620.42
661.11 3626.39
662.11 3632.67
663.11 3638.87
664.11 3645.07
665.11 3651.31
666.11 3657.28
667.13 3663.32
668.11 3669.16
669.11 3675.39
670.11 3681.62
671.11 3687.82
672.11 3694.16
673.11 3700.40
674.10 3706.70
675.11 3712.42
676.11 3718.82
677.11 3725.16
678.11 3731.29
679.11 3737.00
680.11 3742.86
681.11 3748.77
682.12 3754.27
683.11 3759.59
684.11 3765.19
685.11 3770.84
686.11 3776.47
687.11 3781.71
688.12 3786.60
689.11 3791.77
690.11 3797.09
691.11 3802.18
692.11 3807.37
693.11 3812.66
694.11 3817.64
695.11 3822.92
696.12 3828.31
697.11 3833.45
698.12 3838.94
699.11 3844.06
700.12 3849.19
701.11 3854.19
702.12 3859.52
703.12 3864.46
704.11 3869.86
705.10 3875.02
706.12 3880.03
707.11 3885.23
708.11 3890.35
709.11 3895.62
710.11 3900.97
711.12 3906.63
712.12 3912.11
713.12 3917.41
714.11 3922.90
715.11 3928.31
716.12 3933.77
717.12 3939.22
718.12 3944.63
719.10 3949.42
720.11 3954.78
721.11 3959.78
722.11 3964.66
723.11 3969.97
724.11 3975.02
725.10 3980.03
726.11 3985.52
727.11 3990.94
728.11 3996.64
729.12 4002.29
730.12 4007.91
731.11 4013.42
732.11 4018.84
733.11 4024.53
734.11 4030.38
735.12 4036.00
736.11 4041.37
737.12 4047.04
738.10 4052.21
739.10 4057.79
740.11 4063.43
741.12 4068.93
742.10 4074.33
743.11 4079.67
744.11 4085.14
745.10 4090.64
746.11 4096.30
747.11 4101.91
748.12 4107.44
749.12 4113.12
750.11 4118.61
751.11 4123.61
752.12 4128.75
753.11 4134.13
754.10 4139.32
755.11 4144.66
756.10 4150.04
757.11 4155.93
758.10 4161.70
759.14 4167.83
760.10 4173.25
761.10 4179.23
762.10 4185.18
763.10 4191.10
764.12 4197.23
765.11 4203.10
766.12 4209.15
767.10 4215.16
768.12 4221.23
769.12 4227.10
770.12 4233.01
771.10 4238.83
772.11 4244.97
773.12 4251.18
774.10 4256.34
775.10 4261.84
776.10 4267.76
777.13 4273.67
778.10 4279.36
779.11 4285.20
780.11 4291.04
781.11 4296.80
782.12 4302.55
783.11 4308.18
784.11 4313.93
785.11 4319.42
786.10 4325.12
787.13 4331.56
788.12 4337.23
789.10 4342.64
790.13 4348.65
791.12 4354.38
792.13 4360.10
793.11 4365.88
794.12 4371.78
795.11 4377.80
796.12 4383.83
797.13 4390.00
798.10 4395.87
799.11 4401.94
800.11 4408.07
801.10 4414.16
802.10 4420.32
803.12 4426.49
804.11 4432.31
805.12 4437.95
806.13 4443.67
807.12 4449.22
808.10 4454.61
809.13 4460.22
810.11 4465.50
811.11 4470.71
812.12 4475.94
813.10 4481.10
814.11 4486.20
815.12 4491.17
816.11 4496.10
817.10 4501.10
818.10 4506.01
819.11 4511.15
820.12 4516.58
821.12 4522.02
822.10 4527.20
823.11 4532.16
824.12 4537.10
825.11 4542.43
826.10 4547.66
827.11 4552.99
828.12 4558.45
829.10 4563.59
830.12 4569.07
831.13 4574.58
832.12 4579.69
833.10 4584.64
834.13 4589.91
835.11 4594.88
836.12 4600.35
837.11 4605.45
838.11 4610.62
839.13 4615.93
840.11 4621.20
841.12 4626.65
842.11 4632.12
843.12 4637.82
844.11 4643.15
845.12 4648.46
846.11 4653.79
847.12 4659.19
848.11 4664.39
849.11 4669.84
850.12 4675.51
851.13 4681.31
852.12 4687.12
853.11 4692.86
854.12 4698.72
855.12 4704.45
856.12 4710.32
857.11 4716.03
858.12 4721.78
859.11 4727.33
860.11 4733.05
861.12 4738.66
862.11 4744.27
863.12 4749.89
864.12 4755.50
865.12 4761.28
866.11 4766.70
867.12 4772.45
868.12 4778.12
869.12 4783.84
870.11 4789.81
871.12 4795.64
872.12 4801.34
873.12 4806.98
874.12 4812.62
875.12 4818.20
876.10 4823.55
877.12 4829.16
878.11 4834.42
879.12 4840.15
880.12 4845.75
881.12 4851.46
882.12 4857.17
883.12 4862.86
884.12 4868.85
885.11 4874.98
886.12 4881.06
887.12 4887.05
888.12 4893.13
889.13 4899.31
890.11 4905.32
891.12 4911.45
892.10 4917.33
893.12 4923.55
894.11 4929.77
895.12 4935.92
896.10 4941.98
897.12 4947.79
898.13 4953.93
899.12 4959.80
900.12 4965.80
901.11 4971.72
902.12 4977.71
903.13 4983.87
904.12 4989.67
905.12 4995.69
906.12 5001.76
907.12 5007.93
908.12 5013.57
909.10 5019.44
910.12 5025.16
911.12 5030.26
912.12 5035.94
913.12 5041.74
914.11 5047.71
915.12 5054.08
916.12 5060.38
917.12 5066.54
918.11 5072.62
919.12 5078.97
920.12 5085.19
921.12 5091.31
922.12 5097.43
923.12 5102.54
924.11 5108.01
925.12 5114.19
926.12 5119.97
927.12 5125.83
928.11 5131.60
929.12 5137.10
930.12 5142.60
931.12 5148.16
932.12 5153.63
933.12 5159.05
934.12 5164.33
935.12 5169.86
936.12 5175.34
937.12 5180.69
938.11 5186.12
939.12 5191.64
940.12 5196.68
941.12 5201.55
942.12 5206.65
943.12 5211.76
944.12 5216.69
945.12 5221.92
946.12 5227.09
947.12 5232.33
948.12 5237.67
949.12 5243.21
950.12 5248.49
951.12 5253.87
952.12 5259.12
953.12 5264.64
954.12 5269.65
955.12 5274.64
956.12 5279.97
957.12 5285.49
958.12 5290.80
959.12 5296.05
960.13 5301.53
961.11 5307.02
962.12 5312.52
963.12 5318.05
964.12 5323.69
965.12 5329.06
966.12 5334.56
967.12 5339.97
968.12 5345.53
969.11 5351.07
970.11 5356.72
971.13 5361.88
972.12 5367.37
973.12 5372.94
974.11 5378.14
975.12 5383.87
976.12 5389.62
977.12 5395.30
978.12 5400.94
979.12 5406.81
980.12 5412.68
981.12 5418.28
982.12 5423.55
983.12 5429.45
984.12 5435.06
985.12 5440.71
986.12 5446.31
987.12 5451.69
988.12 5457.31
989.12 5462.86
990.12 5468.80
991.12 5474.53
992.12 5480.43
993.12 5486.28
994.12 5492.03
995.12 5497.82
996.12 5503.69
997.12 5509.30
998.12 5515.03
999.12 5520.65
1000.11 5526.10
1001.12 5531.30
1002.12 5537.09
1003.12 5542.63
1004.12 5547.79
1005.12 5553.38
1006.12 5559.20
1007.12 5565.08
1008.12 5570.31
1009.12 5576.27
1010.12 5582.53
1011.12 5588.82
1012.12 5594.96
1013.12 5601.08
1014.12 5607.27
1015.12 5613.53
1016.14 5619.73
1017.12 5625.69
1018.12 5632.03
1019.12 5637.83
1020.12 5643.80
1021.12 5649.69
1022.12 5655.92
1023.12 5661.87
1024.12 5667.73
1025.12 5673.76
1026.12 5679.36
1027.12 5685.01
1028.12 5691.06
1029.12 5696.99
1030.12 5702.96
1031.13 5709.04
1032.12 5714.79
1033.12 5720.57
1034.12 5725.99
1035.12 5731.76
1036.12 5737.19
1037.12 5742.46
1038.12 5748.28
1039.12 5754.44
1040.12 5760.54
1041.12 5766.52
1042.12 5772.60
1043.12 5778.70
1044.12 5784.82
1045.12 5791.00
1046.12 5797.05
1047.12 5802.97
1048.12 5809.15
1049.12 5815.10
1050.12 5820.94
1051.12 5826.71
1052.12 5832.37
1053.12 5837.83
1054.12 5843.27
1055.12 5848.72
1056.12 5854.43
1057.12 5859.87
1058.12 5865.33
1059.12 5870.76
1060.12 5876.07
1061.12 5881.39
1062.12 5886.67
1063.12 5891.95
1064.11 5897.19
1065.12 5902.44
1066.12 5907.41
1067.12 5912.25
1068.12 5917.47
1069.12 5922.34
1070.12 5927.56
1071.12 5932.78
1072.11 5937.88
1073.12 5943.07
1074.12 5948.29
1075.12 5953.56
1076.12 5958.68
1077.12 5963.90
1078.12 5969.07
1079.12 5974.23
1080.12 5979.67
1081.12 5984.98
1082.12 5990.11
1083.12 5995.43
1084.12 6000.90
1085.12 6006.40
1086.12 6011.15
1087.12 6016.52
1088.12 6021.95
1089.12 6027.63
1090.12 6033.38
1091.12 6038.77
1092.12 6044.45
1093.12 6050.13
1094.12 6055.79
1095.12 6061.49
1096.13 6067.14
1097.12 6072.41
1098.12 6077.82
1099.12 6083.20
1100.12 6088.54
1101.13 6094.02
1102.12 6099.78
1103.12 6105.41
1104.12 6111.28
1105.12 6117.14
1106.11 6122.69
1107.11 6128.39
1108.11 6133.95
1109.12 6139.87
1110.11 6145.54
1111.12 6151.67
1112.11 6157.46
1113.11 6163.11
1114.12 6168.93
1115.12 6174.80
1116.12 6180.66
1117.12 6186.29
1118.12 6191.85
1119.12 6197.66
1120.12 6203.43
1121.12 6209.15
1122.11 6214.65
1123.12 6220.85
1124.11 6226.59
1125.12 6232.87
1126.11 6239.02
1127.12 6245.10
1128.12 6251.20
1129.12 6257.22
1130.11 6262.78
1131.12 6268.77
1132.11 6274.71
1133.11 6280.63
1134.11 6286.85
1135.12 6293.34
1136.11 6299.52
1137.11 6305.75
1138.13 6312.14
1139.12 6318.41
1140.11 6324.58
1141.11 6330.69
1142.12 6336.95
1143.11 6342.84
1144.11 6348.80
1145.11 6355.01
1146.11 6361.17
1147.12 6367.22
1148.11 6373.14
1149.12 6379.37
1150.11 6385.64
1151.11 6391.84
1152.11 6397.96
1153.11 6404.36
1154.12 6410.35
1155.12 6416.21
1156.12 6422.11
1157.12 6427.87
1158.12 6433.41
1159.13 6439.16
1160.11 6444.71
1161.12 6450.61
1162.11 6456.48
1163.15 6462.20
1164.13 6467.91
1165.11 6474.02
1166.12 6480.26
1167.11 6486.20
1168.12 6492.56
1169.12 6498.77
1170.11 6504.73
1171.11 6510.75
1172.12 6516.81
1173.11 6522.53
1174.13 6528.53
1175.11 6534.05
1176.12 6539.78
1177.11 6545.19
1178.12 6550.66
1179.12 6556.24
1180.11 6561.82
1181.11 6567.18
1182.12 6572.65
1183.11 6578.00
1184.13 6583.36
1185.11 6588.49
1186.13 6594.07
1187.11 6599.31
1188.12 6604.73
1189.12 6609.86
1190.14 6615.14
1191.12 6620.29
1192.12 6625.42
1193.11 6630.27
1194.12 6635.42
1195.11 6640.61
1196.11 6645.27
1197.12 6650.31
1198.12 6655.56
1199.14 6661.02
1200.12 6666.29
1201.12 6671.55
1202.11 6676.80
1203.12 6682.22
1204.13 6687.73
1205.12 6693.13
1206.12 6698.62
1207.12 6704.23
1208.12 6709.65
1209.14 6715.26
1210.13 6720.86
1211.11 6726.08
1212.12 6731.65
1213.13 6737.09
1214.13 6742.48
1215.12 6747.80
1216.13 6753.41
1217.12 6758.57
1218.14 6764.48
1219.13 6770.27
1220.12 6775.98
1221.13 6781.79
1222.13 6787.64
1223.12 6793.00
1224.13 6798.76
1225.12 6804.23
1226.13 6809.83
1227.12 6815.32
1228.12 6820.85
1229.13 6826.44
1230.11 6831.87
1231.14 6837.71
1232.12 6843.05
1233.13 6848.77
1234.12 6854.36
1235.13 6860.25
1236.12 6865.91
1237.14 6871.81
1238.12 6876.77
1239.12 6882.65
1240.13 6888.46
1241.12 6894.25
1242.13 6900.19
1243.12 6905.93
1244.14 6912.10
1245.12 6917.87
1246.13 6923.60
1247.12 6929.34
1248.13 6935.47
1249.11 6941.48
1250.12 6947.34
1251.13 6953.60
1252.13 6959.75
1253.12 6965.89
1254.13 6972.11
1255.13 6978.11
1256.13 6983.60
1257.14 6989.60
1258.13 6995.30
1259.14 7001.12
1260.13 7007.05
1261.14 7012.64
1262.11 7018.49
1263.12 7024.75
1264.13 7030.66
1265.13 7036.75
1266.12 7042.61
1267.11 7048.29
1268.14 7054.63
1269.14 7060.62
1270.12 7066.51
1271.11 7072.59
1272.12 7078.75
1273.13 7084.93
1274.12 7090.97
1275.13 7097.16
1276.13 7103.14
1277.12 7108.74
1278.13 7114.68
1279.11 7120.56
1280.13 7126.46
1281.14 7132.51
1282.14 7138.59
1283.13 7144.77
1284.13 7150.91
1285.14 7157.22
1286.12 7162.97
1287.12 7168.84
1288.13 7174.98
1289.14 7180.80
1290.12 7186.78
1291.12 7192.98
1292.12 7199.27
1293.11 7205.39
1294.13 7211.36
1295.13 7217.20
1296.13 7223.12
1297.12 7228.15
1298.12 7233.69
1299.13 7239.27
1300.13 7244.91
1301.13 7250.43
1302.11 7255.82
1303.12 7261.44
1304.12 7266.82
1305.12 7272.26
1306.12 7277.51
1307.12 7282.95
1308.12 7288.16
1309.13 7293.53
1310.13 7298.31
1311.12 7303.50
1312.13 7308.87
1313.12 7314.03
1314.13 7319.40
1315.12 7324.56
1316.14 7329.92
1317.12 7334.99
1318.14 7340.22
1319.13 7344.95
1320.14 7350.22
1321.12 7355.37
1322.13 7360.54
1323.13 7365.84
1324.12 7371.13
1325.13 7376.50
1326.12 7381.74
1327.13 7387.12
1328.12 7392.23
1329.12 7397.22
1330.12 7402.68
1331.13 7408.13
1332.12 7413.61
1333.13 7419.23
1334.12 7424.75
1335.12 7430.49
1336.13 7436.22
1337.13 7441.80
1338.12 7447.39
1339.13 7452.94
1340.12 7458.61
1341.13 7464.52
1342.12 7470.28
1343.12 7475.97
1344.13 7481.75
1345.13 7487.49
1346.12 7493.03
1347.12 7498.64
1348.13 7504.43
1349.13 7509.93
1350.12 7515.53
1351.13 7521.12
1352.12 7525.89
1353.12 7531.19
1354.12 7536.96
1355.12 7542.57
1356.13 7548.44
1357.12 7554.16
1358.12 7560.06
1359.13 7566.09
1360.12 7571.98
1361.13 7578.08
1362.13 7583.76
1363.13 7589.43
1364.13 7595.26
1365.13 7600.96
1366.12 7606.72
1367.13 7612.50
1368.13 7618.26
1369.12 7624.27
1370.13 7630.34
1371.13 7636.09
1372.13 7641.99
1373.12 7647.84
1374.12 7653.77
1375.13 7659.81
1376.13 7665.88
1377.12 7671.75
1378.13 7677.58
1379.12 7683.19
1380.13 7689.00
1381.14 7694.62
1382.13 7699.81
1383.13 7705.37
1384.13 7711.18
1385.12 7716.52
1386.12 7722.18
1387.13 7728.34
1388.12 7734.17
1389.12 7740.11
1390.13 7746.11
1391.13 7751.90
1392.12 7757.85
1393.13 7763.85
1394.12 7769.93
1395.13 7776.00
1396.13 7781.75
1397.12 7787.72
1398.12 7793.91
1399.13 7800.04
1400.12 7805.88
1401.13 7811.83
1402.12 7817.71
1403.13 7824.04
1404.12 7829.94
1405.13 7835.67
1406.12 7841.64
1407.13 7847.90
1408.12 7853.62
1409.13 7859.80
1410.13 7865.81
1411.13 7871.90
1412.12 7877.45
1413.13 7883.00
1414.13 7888.44
1415.12 7893.53
1416.13 7899.20
1417.12 7904.44
1418.12 7909.90
1419.14 7915.55
1420.12 7920.87
1421.13 7926.23
1422.12 7931.76
1423.12 7937.05
1424.12 7942.47
1425.12 7947.88
1426.13 7953.34
1427.12 7958.61
1428.13 7963.89
1429.13 7969.08
1430.12 7974.39
1431.13 7979.60
1432.12 7984.78
1433.13 7990.13
1434.13 7995.07
1435.12 7999.65
1436.13 8004.79
1437.12 8009.86
1438.12 8014.95
1439.13 8020.13
1440.12 8025.19
1441.13 8030.66
1442.13 8036.14
1443.13 8041.43
1444.12 8046.71
1445.13 8051.78
1446.13 8056.92
1447.13 8062.34
1448.13 8067.42
1449.13 8072.80
1450.13 8078.38
1451.13 8083.86
1452.14 8089.41
1453.13 8094.82
1454.13 8100.22
1455.12 8105.54
1456.14 8111.10
1457.14 8116.51
1458.13 8122.01
1459.13 8127.56
1460.12 8133.09
1461.13 8138.76
1462.12 8144.19
1463.13 8150.08
1464.12 8155.86
1465.13 8161.40
1466.13 8166.88
1467.12 8172.52
1468.12 8178.25
1469.13 8184.04
1470.12 8189.71
1471.12 8195.47
1472.12 8201.09
1473.12 8206.73
1474.13 8212.39
1475.12 8217.81
1476.12 8223.27
1477.13 8228.97
1478.12 8234.14
1479.13 8239.69
1480.12 8245.19
1481.13 8251.06
1482.12 8256.80
1483.12 8262.65
1484.12 8268.37
1485.12 8274.00
1486.12 8279.71
1487.12 8285.32
1488.12 8290.89
1489.13 8296.73
1490.12 8302.30
1491.12 8307.33
1492.13 8312.93
1493.12 8318.83
1494.12 8324.78
1495.12 8330.80
1496.12 8336.67
1497.12 8342.71
1498.13 8348.58
1499.12 8354.49
1500.12 8360.57
1501.12 8366.65
1502.12 8372.56
1503.12 8378.49
1504.12 8384.50
1505.12 8390.65
1506.12 8396.78
1507.12 8402.49
1508.12 8407.85
1509.12 8413.68
1510.12 8419.72
1511.12 8425.22
1512.12 8431.41
1513.12 8437.57
1514.12 8443.63
1515.12 8449.58
1516.12 8455.56
1517.12 8461.65
1518.12 8467.53
1519.13 8473.61
1520.12 8479.68
1521.12 8485.43
1522.12 8491.20
1523.12 8496.88
1524.12 8502.86
1525.12 8508.76
1526.13 8514.62
1527.12 8520.67
1528.12 8526.80
1529.12 8532.90
1530.13 8539.01
1531.12 8545.00
1532.12 8551.00
1533.12 8556.92
1534.12 8563.07
1535.12 8569.03
1536.13 8575.23
1537.12 8581.17
1538.12 8586.67
1539.12 8592.42
1540.12 8598.14
1541.13 8603.14
1542.12 8608.38
1543.12 8613.85
1544.12 8619.35
1545.13 8624.81
1546.12 8630.20
1547.13 8635.67
1548.12 8640.76
1549.13 8645.99
1550.12 8651.26
1551.12 8656.52
1552.12 8661.77
1553.12 8666.94
1554.12 8672.03
1555.12 8677.16
1556.14 8682.32
1557.12 8687.42
1558.12 8692.59
1559.13 8697.81
1560.12 8702.94
1561.13 8708.02
1562.14 8713.30
1563.12 8718.50
1564.12 8723.64
1565.13 8728.82
1566.12 8734.10
1567.13 8739.28
1568.12 8744.37
1569.13 8749.62
1570.12 8754.75
1571.12 8759.55
1572.12 8764.76
1573.12 8769.87
1574.12 8774.89
1575.12 8780.13
1576.12 8785.62
1577.12 8791.24
1578.12 8796.26
1579.13 8801.73
1580.13 8807.40
1581.13 8813.17
1582.13 8818.80
1583.12 8824.49
1584.13 8830.29
1585.12 8835.94
1586.12 8841.52
1587.12 8847.18
1588.12 8852.75
1589.12 8858.40
1590.12 8864.09
1591.13 8869.87
1592.14 8875.81
1593.12 8881.65
1594.13 8887.23
1595.12 8892.94
1596.13 8898.52
1597.12 8904.24
1598.13 8909.95
1599.12 8915.57
1600.14 8921.31
1601.13 8926.69
1602.12 8932.07
1603.13 8937.89
1604.13 8943.05
1605.13 8948.46
1606.12 8953.91
1607.14 8959.67
1608.14 8965.35
1609.12 8971.06
1610.12 8976.98
1611.12 8982.76
1612.12 8988.47
1613.12 8993.69
1614.14 8999.72
1615.12 9005.41
1616.14 9011.31
1617.12 9016.88
1618.13 9022.65
1619.12 9028.47
1620.12 9034.56
1621.12 9040.73
1622.12 9046.84
1623.14 9053.13
1624.12 9058.93
1625.14 9065.14
1626.12 9071.33
1627.11 9076.71
1628.13 9082.60
1629.12 9088.41
1630.14 9094.34
1631.12 9100.07
1632.12 9105.82
1633.14 9111.92
1634.12 9117.30
1635.12 9122.45
1636.13 9128.12
1637.14 9133.03
1638.14 9138.73
1639.13 9144.60
1640.11 9150.56
1641.14 9156.78
1642.14 9162.82
1643.12 9168.30
1644.11 9173.89
1645.12 9179.77
1646.12 9185.58
1647.13 9191.51
1648.12 9197.48
1649.12 9203.04
1650.12 9209.31
1651.13 9215.30
1652.14 9221.60
1653.13 9227.71
1654.14 9233.88
1655.12 9239.74
1656.12 9245.94
1657.14 9252.09
1658.12 9258.01
1659.14 9264.14
1660.12 9269.86
1661.12 9275.77
1662.14 9281.51
1663.12 9287.01
1664.12 9292.26
1665.12 9297.67
1666.13 9303.11
1667.12 9308.06
1668.14 9313.34
1669.11 9318.51
1670.14 9323.82
1671.12 9328.85
1672.14 9334.23
1673.12 9339.43
1674.13 9344.86
1675.14 9350.19
1676.14 9355.46
1677.14 9360.70
1678.14 9365.91
1679.12 9371.00
1680.14 9376.16
1681.13 9381.36
1682.11 9386.45
1683.12 9391.84
1684.12 9397.10
1685.13 9402.07
1686.14 9407.13
1687.12 9412.39
1688.13 9417.82
1689.14 9423.42
1690.12 9428.78
1691.13 9434.17
1692.14 9439.61
1693.12 9444.91
1694.12 9450.36
1695.14 9456.21
1696.12 9461.69
1697.11 9466.62
1698.13 9472.00
1699.14 9477.42
1700.14 9482.59
1701.14 9488.22
1702.13 9493.75
1703.14 9499.38
1704.14 9504.97
1705.12 9510.68
1706.14 9516.56
1707.14 9522.21
1708.12 9527.18
1709.14 9532.90
1710.13 9538.82
1711.14 9544.56
1712.14 9550.53
1713.12 9556.22
1714.14 9562.08
1715.13 9567.83
1716.13 9573.70
1717.12 9579.56
1718.13 9585.33
1719.13 9591.16
1720.13 9596.98
1721.13 9602.61
1722.13 9607.84
1723.14 9613.44
1724.13 9619.11
1725.14 9624.94
1726.14 9630.74
1727.14 9636.32
1728.12 9641.56
1729.13 9647.10
1730.13 9652.26
1731.14 9657.57
1732.14 9663.15
1733.13 9668.51
1734.12 9674.06
1735.14 9680.02
1736.14 9685.88
1737.14 9691.86
1738.13 9697.67
1739.14 9703.65
1740.13 9709.45
1741.13 9715.17
1742.14 9720.62
1743.14 9726.92
1744.13 9733.02
1745.14 9739.02
1746.14 9745.07
1747.12 9750.88
1748.12 9757.06
1749.14 9762.53
1750.13 9768.45
1751.14 9774.58
1752.14 9780.32
1753.14 9786.43
1754.14 9792.32
1755.13 9798.40
1756.14 9804.50
1757.12 9810.23
1758.13 9816.33
1759.14 9822.41
1760.13 9827.61
1761.12 9833.25
1762.13 9839.57
1763.12 9845.30
1764.14 9851.38
1765.14 9857.15
1766.14 9863.03
1767.14 9868.73
1768.14 9874.85
1769.14 9880.79
1770.12 9886.72
1771.14 9892.93
1772.13 9899.23
1773.13 9905.39
1774.14 9911.63
1775.14 9917.67
1776.13 9923.69
1777.14 9930.01
1778.13 9936.10
1779.14 9942.23
1780.13 9948.09
1781.14 9954.23
1782.14 9959.65
1783.14 9965.64
1784.13 9971.18
1785.14 9977.07
1786.13 9982.68
1787.13 9988.00
1788.14 9993.62
1789.13 9999.28
1790.14 10004.71
1791.14 10009.91
1792.14 10015.43
1793.13 10020.42
1794.13 10025.37
1795.12 10030.60
1796.13 10036.02
1797.13 10041.41
1798.13 10046.75
1799.13 10052.00
1800.12 10057.24
1801.14 10062.61
1802.14 10067.91
1803.13 10073.30
1804.14 10078.33
1805.14 10083.65
1806.13 10088.92
1807.13 10094.41
1808.13 10099.92
1809.13 10105.23
1810.14 10110.65
1811.13 10116.03
1812.14 10121.43
1813.14 10126.85
1814.13 10132.40
1815.13 10137.95
1816.13 10143.46
1817.14 10149.07
1818.14 10154.50
1819.13 10160.09
1820.13 10165.51
1821.14 10171.05
1822.13 10176.71
1823.13 10181.33
1824.14 10186.27
1825.13 10191.47
1826.12 10196.62
1827.14 10202.34
1828.13 10207.87
1829.13 10213.55
1830.13 10219.27
1831.14 10224.96
1832.13 10230.32
1833.13 10235.92
1834.13 10241.67
1835.13 10247.46
1836.13 10253.20
1837.14 10258.87
1838.13 10264.52
1839.14 10269.99
1840.14 10275.54
1841.13 10281.26
1842.13 10287.15
1843.12 10292.80
1844.13 10298.52
1845.13 10304.19
1846.13 10309.99
1847.14 10315.86
1848.13 10321.55
1849.13 10327.31
1850.14 10333.06
1851.13 10338.60
1852.14 10344.38
1853.13 10349.74
1854.14 10354.81
1855.12 10360.38
1856.12 10365.59
1857.14 10371.06
1858.13 10376.58
1859.13 10382.29
1860.13 10388.14
1861.13 10394.08
1862.13 10399.86
1863.13 10405.65
1864.12 10411.52
1865.14 10417.71
1866.14 10423.93
1867.13 10430.11
1868.13 10436.36
1869.13 10442.37
1870.13 10448.50
1871.13 10454.54
1872.13 10460.52
1873.13 10466.73
1874.13 10472.58
1875.13 10478.58
1876.12 10484.63
1877.13 10490.68
1878.12 10496.68
1879.13 10502.85
1880.13 10508.81
1881.13 10514.82
1882.13 10520.80
1883.13 10527.08
1884.13 10533.17
1885.13 10539.25
1886.14 10544.62
1887.13 10549.67
1888.13 10555.24
1889.13 10560.86
1890.13 10566.78
1891.15 10572.69
1892.13 10578.70
1893.12 10584.81
1894.13 10591.21
1895.12 10597.36
1896.12 10603.46
1897.13 10609.59
1898.13 10615.85
1899.13 10621.90
1900.13 10628.17
1901.13 10634.33
1902.13 10640.45
1903.13 10646.57
1904.13 10652.31
1905.13 10658.20
1906.13 10664.12
1907.12 10669.20
1908.12 10674.85
1909.13 10680.48
1910.13 10686.08
1911.13 10691.72
1912.13 10697.10
1913.13 10702.58
1914.13 10708.02
1915.13 10713.35
1916.13 10718.65
1917.13 10723.69
1918.13 10728.87
1919.13 10733.77
1920.13 10738.75
1921.13 10744.01
1922.13 10749.24
1923.14 10754.58
1924.13 10759.74
1925.13 10765.02
1926.13 10770.08
1927.13 10775.23
1928.13 10780.63
1929.14 10785.99
1930.13 10791.07
1931.13 10796.19
1932.13 10801.61
1933.13 10807.18
1934.12 10812.55
1935.13 10818.17
1936.12 10823.65
1937.13 10829.21
1938.13 10834.65
1939.13 10840.14
1940.13 10845.85
1941.14 10851.25
1942.13 10856.64
1943.13 10862.20
1944.13 10867.26
1945.14 10872.44
1946.15 10878.09
1947.13 10883.60
1948.12 10889.20
1949.14 10894.57
1950.13 10899.65
1951.12 10905.20
1952.14 10910.59
1953.12 10915.97
1954.13 10921.77
1955.12 10927.63
1956.14 10933.32
1957.13 10938.90
1958.13 10944.70
1959.14 10950.57
1960.13 10956.22
1961.14 10961.82
1962.13 10967.41
1963.14 10973.23
1964.14 10978.58
1965.13 10983.81
1966.13 10989.31
1967.14 10994.78
1968.13 11000.21
1969.13 11005.90
1970.15 11011.64
1971.14 11017.37
1972.13 11022.99
1973.12 11028.68
1974.12 11034.39
1975.12 11039.67
1976.13 11044.87
1977.14 11050.49
1978.14 11056.02
1979.12 11061.27
1980.13 11066.57
1981.14 11072.15
1982.12 11077.60
1983.13 11083.08
1984.13 11088.89
1985.13 11094.28
1986.14 11099.72
1987.12 11105.33
1988.13 11111.27
1989.13 11117.25
1990.12 11123.06
1991.13 11129.25
1992.13 11135.19
1993.14 11141.02
1994.13 11146.08
1995.13 11151.71
1996.14 11157.67
1997.14 11163.68
1998.12 11169.40
1999.13 11175.32
2000.12 11181.15
2001.13 11186.80
2002.12 11192.72
2003.12 11198.88
2004.13 11205.03
2005.13 11210.84
2006.13 11216.26
2007.12 11221.83
2008.13 11227.58
2009.12 11233.30
2010.14 11238.80
2011.12 11244.33
2012.14 11249.61
2013.13 11254.86
2014.14 11260.71
2015.12 11266.26
2016.13 11272.21
2017.12 11278.21
2018.13 11284.32
2019.12 11290.46
2020.13 11296.56
2021.12 11302.53
2022.14 11308.72
2023.13 11314.72
2024.14 11320.88
2025.14 11326.98
2026.15 11332.99
2027.12 11338.32
2028.13 11343.54
2029.12 11348.91
2030.15 11354.76
2031.13 11360.30
2032.12 11365.68
2033.14 11371.22
2034.14 11376.46
2035.13 11381.49
2036.14 11386.73
2037.12 11391.79
2038.14 11397.17
2039.12 11402.11
2040.13 11407.36
2041.13 11412.63
2042.14 11417.87
2043.13 11422.71
2044.13 11428.03
2045.15 11432.97
2046.14 11437.85
2047.13 11442.76
2048.12 11447.86
2049.13 11453.12
2050.14 11458.38
2051.13 11462.96
2052.14 11468.22
2053.14 11473.62
2054.13 11478.62
2055.14 11483.82
2056.14 11488.77
2057.15 11493.93
2058.15 11498.98
2059.13 11504.06
2060.14 11509.19
2061.15 11514.34
2062.14 11519.66
2063.13 11524.98
2064.15 11530.40
2065.13 11535.71
2066.15 11541.14
2067.13 11546.62
2068.14 11552.05
2069.12 11557.38
2070.14 11562.94
2071.12 11568.20
2072.15 11574.05
2073.13 11579.55
2074.15 11585.43
2075.14 11590.59
2076.14 11595.82
2077.15 11601.49
2078.13 11606.62
2079.14 11612.33
2080.13 11617.84
2081.14 11623.58
2082.14 11629.19
2083.15 11634.70
2084.14 11640.22
2085.12 11645.65
2086.14 11651.45
2087.14 11656.93
2088.14 11662.49
2089.14 11667.99
2090.13 11673.64
2091.14 11679.51
2092.13 11684.74
2093.14 11690.46
2094.13 11696.11
2095.14 11701.85
2096.14 11706.98
2097.13 11712.50
2098.15 11718.37
2099.14 11724.13
2100.14 11729.75
2101.14 11735.57
2102.14 11741.54
2103.14 11747.49
2104.15 11753.59
2105.14 11759.30
2106.14 11765.00
2107.12 11770.79
2108.14 11776.35
2109.13 11781.78
2110.14 11787.86
2111.14 11794.02
2112.14 11800.12
2113.13 11806.14
2114.14 11812.40
2115.14 11818.54
2116.13 11824.55
2117.14 11830.78
2118.13 11836.81
2119.14 11843.16
2120.14 11849.25
2121.13 11855.23
2122.14 11861.37
2123.13 11867.34
2124.14 11873.42
2125.14 11878.97
2126.14 11884.92
2127.14 11891.17
2128.14 11897.18
2129.13 11903.27
2130.14 11909.49
2131.14 11915.47
2132.14 11921.14
2133.14 11926.88
2134.12 11932.74
2135.14 11938.91
2136.14 11945.03
2137.14 11950.90
2138.14 11956.73
2139.14 11962.54
2140.14 11968.18
2141.14 11973.77
2142.14 11979.70
2143.14 11985.74
2144.14 11991.91
2145.14 11998.04
2146.14 12004.03
2147.14 12010.26
2148.14 12016.04
2149.14 12021.73
2150.14 12027.43
2151.14 12033.29
2152.14 12038.88
2153.14 12044.22
2154.14 12049.58
2155.14 12055.05
2156.14 12060.40
2157.14 12065.44
2158.14 12070.48
2159.14 12075.62
2160.14 12080.79
2161.14 12086.04
2162.14 12091.29
2163.13 12096.50
2164.14 12101.72
2165.14 12106.91
2166.14 12112.01
2167.14 12117.25
2168.14 12122.69
2169.14 12127.78
2170.14 12132.82
2171.14 12137.89
2172.14 12142.44
2173.14 12147.41
2174.14 12152.76
2175.14 12158.08
2176.14 12163.52
2177.15 12168.91
2178.14 12174.40
2179.14 12179.70
2180.14 12185.06
2181.14 12190.48
2182.14 12195.89
2183.13 12201.11
2184.14 12206.64
2185.14 12211.53
2186.14 12216.63
2187.13 12222.05
2188.14 12227.59
2189.14 12233.18
2190.14 12238.71
2191.14 12244.15
2192.14 12249.82
2193.14 12255.49
2194.14 12261.34
2195.14 12266.95
2196.14 12272.68
2197.14 12278.54
2198.14 12284.17
2199.14 12290.13
2200.15 12296.09
2201.14 12301.64
2202.14 12306.84
2203.14 12312.59
2204.14 12318.24
2205.14 12323.91
2206.15 12329.66
2207.14 12335.40
2208.14 12341.27
2209.14 12346.70
2210.14 12352.22
2211.14 12357.91
2212.14 12363.83
2213.13 12369.35
2214.14 12375.24
2215.14 12381.07
2216.14 12387.04
2217.14 12392.58
2218.14 12398.06
2219.14 12403.92
2220.14 12409.73
2221.14 12415.31
2222.14 12421.19
2223.14 12427.07
2224.14 12432.82
2225.14 12438.80
2226.14 12444.68
2227.14 12450.52
2228.14 12456.59
2229.14 12462.52
2230.14 12468.65
2231.14 12474.59
2232.14 12480.29
2233.14 12486.20
2234.14 12491.61
2235.14 12496.86
2236.14 12502.57
2237.14 12508.45
2238.14 12514.44
2239.14 12520.52
2240.14 12526.37
2241.14 12532.51
2242.14 12538.56
2243.14 12544.60
2244.14 12550.80
2245.14 12556.84
2246.14 12562.61
2247.14 12568.54
2248.14 12574.67
2249.14 12580.81
2250.14 12587.21
2251.14 12593.17
2252.14 12599.46
2253.14 12605.47
2254.14 12611.48
2255.14 12617.08
2256.14 12622.93
2257.14 12628.98
2258.14 12635.09
2259.14 12641.23
2260.14 12647.49
2261.14 12653.52
2262.14 12659.61
2263.14 12665.63
2264.14 12671.70
2265.14 12677.73
2266.14 12683.75
2267.14 12689.41
2268.14 12695.30
2269.14 12701.39
2270.14 12707.23
2271.14 12712.82
2272.14 12718.48
2273.14 12724.05
2274.14 12729.65
2275.14 12735.22
2276.14 12740.24
2277.14 12745.83
2278.14 12750.99
2279.13 12756.28
2280.14 12761.60
2281.14 12766.98
2282.14 12772.19
2283.14 12777.45
2284.14 12782.79
2285.14 12788.16
2286.14 12792.89
2287.14 12798.11
2288.14 12803.23
2289.14 12808.36
2290.14 12813.69
2291.14 12819.14
2292.13 12824.50
2293.14 12829.91
2294.14 12835.29
2295.14 12840.58
2296.14 12845.61
2297.14 12850.38
2298.14 12855.23
2299.14 12860.39
2300.14 12865.97
2301.14 12871.29
2302.14 12876.46
2303.14 12881.80
2304.14 12887.12
2305.14 12892.49
2306.14 12897.90
2307.14 12903.37
2308.14 12908.73
2309.14 12914.35
2310.14 12920.04
2311.13 12925.44
2312.14 12930.54
2313.14 12936.14
2314.14 12941.67
2315.14 12947.46
2316.14 12953.01
2317.15 12958.76
2318.14 12964.42
2319.14 12969.92
2320.14 12975.59
2321.14 12981.34
2322.14 12987.35
2323.14 12993.09
2324.14 12998.76
2325.14 13004.37
2326.14 13009.63
2327.14 13014.84
2328.13 13019.93
2329.14 13025.66
2330.14 13031.11
2331.14 13036.51
2332.14 13042.08
2333.14 13047.73
2334.14 13053.32
2335.14 13058.86
2336.14 13064.38
2337.14 13070.07
2338.14 13075.45
2339.14 13080.87
2340.13 13086.41
2341.14 13092.17
2342.14 13097.72
2343.15 13103.42
2344.14 13109.35
2345.14 13114.67
2346.14 13120.17
2347.14 13126.08
2348.14 13131.59
2349.14 13137.01
2350.14 13142.85
2351.14 13148.61
2352.14 13154.83
2353.14 13160.70
2354.14 13166.81
2355.14 13172.78
2356.14 13178.92
2357.14 13184.92
2358.13 13190.07
2359.14 13195.91
2360.13 13201.35
2361.13 13206.72
2362.14 13212.56
2363.13 13218.51
2364.13 13224.42
2365.13 13230.38
2366.13 13235.76
2367.14 13241.57
2368.13 13247.46
2369.14 13253.59
2370.13 13259.52
2371.13 13265.65
2372.13 13271.84
2373.15 13278.22
2374.13 13284.34
2375.13 13290.35
2376.14 13296.09
2377.13 13301.78
2378.14 13307.44
2379.14 13313.26
2380.13 13319.02
2381.16 13325.35
2382.13 13331.33
2383.14 13336.51
2384.13 13342.46
2385.13 13348.46
2386.14 13354.69
2387.13 13360.48
2388.13 13366.81
2389.16 13373.38
2390.13 13379.22
2391.14 13384.84
2392.13 13390.45
2393.14 13396.09
2394.13 13401.62
2395.13 13407.34
2396.14 13412.93
2397.13 13418.44
2398.15 13423.91
2399.14 13429.15
2400.16 13434.59
2401.14 13439.97
2402.14 13445.26
2403.14 13450.52
2404.13 13455.83
2405.16 13460.66
2406.14 13465.71
2407.13 13471.09
2408.13 13476.42
2409.14 13481.80
2410.13 13486.83
2411.14 13492.24
2412.13 13497.59
2413.13 13502.85
2414.14 13507.99
2415.13 13512.99
2416.15 13518.37
2417.13 13523.63
2418.13 13528.93
2419.14 13534.47
2420.14 13539.68
2421.13 13544.65
2422.14 13549.88
2423.15 13555.03
2424.14 13560.07
2425.14 13565.46
2426.15 13571.04
2427.14 13576.28
2428.14 13581.09
2429.14 13586.38
2430.15 13591.82
2431.14 13597.07
2432.14 13602.48
2433.14 13608.05
2434.14 13613.74
2435.13 13619.53
2436.14 13625.23
2437.15 13630.94
2438.14 13636.71
2439.15 13642.65
2440.14 13648.26
2441.15 13653.89
2442.14 13659.52
2443.16 13665.47
2444.14 13671.26
2445.14 13676.99
2446.14 13682.77
2447.14 13688.35
2448.14 13693.80
2449.14 13699.43
2450.13 13705.06
2451.15 13710.96
2452.14 13716.59
2453.14 13721.98
2454.15 13727.28
2455.13 13732.65
2456.15 13738.20
2457.14 13743.86
2458.14 13749.46
2459.15 13755.20
2460.14 13760.91
2461.15 13766.69
2462.14 13772.23
2463.15 13777.91
2464.14 13783.41
2465.15 13789.14
2466.15 13794.81
2467.14 13800.12
2468.15 13805.32
2469.16 13811.34
2470.15 13817.28
2471.13 13823.07
2472.16 13829.19
2473.14 13834.99
2474.15 13841.12
2475.13 13846.88
2476.15 13853.17
2477.13 13859.25
2478.16 13865.65
2479.15 13871.51
2480.13 13877.58
2481.14 13883.89
2482.14 13889.90
2483.13 13895.83
2484.15 13901.65
2485.13 13907.10
2486.14 13913.05
2487.14 13918.23
2488.15 13924.16
2489.14 13929.23
2490.15 13934.85
2491.14 13940.84
2492.15 13947.00
2493.13 13953.10
2494.14 13959.15
2495.15 13965.35
2496.14 13971.49
2497.13 13977.47
2498.15 13983.18
2499.13 13988.76
2500.15 13994.80
2501.15 14000.66
2502.14 14006.47
2503.15 14012.62
2504.14 14018.59
2505.16 14024.64
2506.13 14030.66
2507.15 14037.03
2508.14 14043.14
2509.14 14049.09
2510.14 14055.33
2511.13 14061.38
2512.15 14067.46
2513.14 14073.44
2514.15 14079.48
2515.15 14085.35
2516.13 14090.87
2517.14 14096.22
2518.15 14101.67
2519.15 14106.88
2520.15 14112.16
2521.14 14117.50
2522.14 14123.02
2523.16 14128.54
2524.15 14133.89
2525.18 14139.36
2526.15 14144.50
2527.14 14149.42
2528.14 14154.23
2529.15 14159.56
2530.15 14164.58
2531.14 14169.60
2532.16 14174.31
2533.15 14179.09
2534.15 14184.28
2535.15 14189.32
2536.15 14194.45
2537.14 14199.11
2538.14 14204.18
2539.15 14209.37
2540.15 14214.58
2541.15 14219.93
2542.15 14225.10
2543.14 14230.25
2544.15 14235.48
2545.14 14240.85
2546.15 14246.16
2547.15 14251.24
2548.15 14256.46
2549.15 14261.64
2550.15 14266.61
2551.14 14271.99
2552.15 14277.22
2553.15 14282.55
2554.15 14287.71
2555.14 14293.14
2556.15 14298.71
2557.14 14304.12
2558.15 14309.60
2559.14 14314.91
2560.15 14320.49
2561.14 14325.39
2562.14 14331.00
2563.15 14336.47
2564.15 14342.06
2565.14 14347.52
2566.15 14353.11
2567.14 14358.64
2568.15 14363.93
2569.14 14369.53
2570.15 14375.14
2571.15 14380.90
2572.15 14386.48
2573.14 14392.03
2574.15 14397.86
2575.14 14403.38
2576.15 14409.00
2577.14 14414.68
2578.14 14420.45
2579.15 14425.93
2580.14 14431.21
2581.14 14436.76
2582.14 14442.27
2583.14 14447.89
2584.15 14453.60
2585.14 14459.25
2586.14 14464.96
2587.14 14470.63
2588.15 14475.87
2589.14 14481.72
2590.14 14487.67
2591.14 14493.65
2592.14 14499.61
2593.14 14505.47
2594.15 14511.59
2595.14 14517.55
2596.15 14523.75
2597.14 14529.82
2598.14 14535.78
2599.15 14541.98
2600.14 14548.30
2601.15 14554.58
2602.14 14560.60
2603.15 14566.55
2604.14 14572.49
2605.15 14578.30
2606.14 14584.11
2607.14 14589.96
2608.14 14595.63
2609.14 14601.09
2610.14 14606.86
2611.15 14612.49
2612.14 14618.20
2613.15 14623.65
2614.15 14629.20
2615.14 14635.18
2616.15 14641.34
2617.15 14647.47
2618.14 14653.43
2619.15 14659.46
2620.14 14665.25
2621.15 14670.85
2622.14 14676.60
2623.15 14682.66
2624.15 14688.71
2625.14 14694.67
2626.15 14700.80
2627.14 14706.12
2628.15 14712.21
2629.14 14718.02
2630.14 14723.95
2631.14 14729.99
2632.14 14736.04
2633.15 14742.27
2634.14 14748.13
2635.14 14753.57
2636.15 14759.20
2637.14 14764.86
2638.15 14770.59
2639.14 14775.93
2640.14 14781.48
2641.14 14786.80
2642.15 14792.05
2643.14 14797.08
2644.14 14802.27
2645.14 14807.43
2646.14 14812.54
2647.14 14817.74
2648.15 14823.03
2649.14 14828.12
2650.15 14833.29
2651.15 14838.62
2652.15 14843.95
2653.14 14849.00
2654.15 14854.20
2655.14 14859.27
2656.15 14864.36
2657.14 14869.41
2658.15 14874.73
2659.14 14879.90
2660.15 14885.22
2661.14 14890.53
2662.15 14895.77
2663.15 14900.89
2664.15 14906.30
2665.15 14911.54
2666.14 14916.99
2667.14 14921.71
2668.15 14926.61
2669.14 14931.71
2670.14 14937.03
2671.14 14942.25
2672.15 14947.56
2673.14 14952.70
2674.15 14957.36
2675.14 14962.64
2676.14 14967.57
2677.15 14972.65
2678.15 14977.88
2679.14 14982.97
2680.15 14988.38
2681.14 14993.65
2682.15 14999.14
2683.15 15004.04
2684.14 15009.75
2685.14 15015.55
2686.16 15021.20
2687.14 15026.88
2688.14 15032.45
2689.14 15038.00
2690.14 15043.82
2691.14 15049.72
2692.14 15055.42
2693.14 15060.99
2694.14 15066.54
2695.14 15072.21
2696.15 15077.88
2697.14 15083.33
2698.14 15088.62
2699.14 15094.12
2700.14 15099.56
2701.14 15104.47
2702.15 15110.21
2703.14 15115.87
2704.14 15121.65
2705.14 15127.03
2706.14 15132.11
2707.14 15137.50
2708.14 15142.75
2709.14 15147.96
2710.14 15153.64
2711.14 15159.13
2712.14 15164.98
2713.14 15170.81
2714.14 15176.53
2715.14 15182.36
2716.14 15187.97
2717.15 15194.01
2718.14 15200.09
2719.14 15206.00
2720.14 15211.49
2721.14 15216.91
2722.14 15223.02
2723.15 15228.97
2724.14 15234.75
2725.14 15240.55
2726.14 15246.20
2727.14 15252.12
2728.14 15257.66
2729.14 15263.19
2730.14 15269.34
2731.14 15274.61
2732.14 15280.44
2733.14 15286.26
2734.14 15292.34
2735.14 15298.32
2736.14 15303.90
2737.14 15309.60
2738.14 15315.44
2739.14 15321.06
2740.14 15326.77
2741.14 15332.83
2742.15 15338.26
2743.14 15343.98
2744.16 15349.96
2745.14 15355.86
2746.14 15361.72
2747.14 15367.51
2748.15 15373.65
2749.14 15379.52
2750.14 15385.26
2751.14 15391.33
2752.14 15397.40
2753.15 15403.50
2754.14 15409.52
2755.15 15415.45
2756.14 15421.57
2757.14 15427.55
2758.14 15433.30
2759.14 15438.86
2760.14 15444.89
2761.14 15450.75
2762.14 15456.45
2763.14 15462.02
2764.14 15467.78
2765.15 15473.35
2766.14 15478.75
2767.14 15484.46
2768.14 15489.85
2769.16 15494.95
2770.14 15500.07
2771.15 15505.21
2772.14 15510.68
2773.14 15516.08
2774.14 15521.57
2775.15 15526.93
2776.14 15532.29
2777.14 15537.66
2778.14 15543.07
2779.15 15548.51
2780.14 15553.87
2781.15 15559.32
2782.14 15564.69
2783.15 15569.65
2784.14 15574.84
2785.14 15580.12
2786.15 15585.65
2787.14 15591.04
2788.14 15596.32
2789.14 15601.58
2790.14 15607.05
2791.14 15612.62
2792.14 15618.17
2793.15 15623.78
2794.14 15629.33
2795.14 15634.80
2796.14 15640.20
2797.14 15645.68
2798.15 15651.39
2799.15 15656.53
2800.14 15661.53
2801.14 15667.05
2802.14 15672.50
2803.14 15677.90
2804.14 15683.03
2805.15 15688.70
2806.14 15694.39
2807.14 15700.02
2808.15 15705.66
2809.14 15711.28
2810.15 15717.28
2811.14 15723.06
2812.16 15728.96
2813.14 15734.91
2814.15 15740.59
2815.14 15746.25
2816.15 15751.88
2817.14 15757.45
2818.14 15762.85
2819.16 15768.58
2820.14 15774.07
2821.14 15779.72
2822.14 15785.42
2823.15 15791.20
2824.15 15796.98
2825.16 15802.91
2826.15 15808.51
2827.16 15814.31
2828.15 15819.83
2829.15 15825.35
2830.14 15831.13
2831.15 15836.98
2832.14 15842.22
2833.15 15847.77
2834.14 15853.09
2835.14 15858.91
2836.16 15865.06
2837.14 15871.05
2838.15 15877.10
2839.16 15883.32
2840.17 15889.41
2841.14 15895.30
2842.14 15901.35
2843.15 15907.67
2844.16 15913.43
2845.16 15919.13
2846.16 15925.06
2847.13 15930.95
2848.16 15936.97
2849.16 15942.94
2850.16 15948.89
2851.15 15954.76
2852.16 15960.82
2853.14 15966.93
2854.13 15972.89
2855.14 15978.95
2856.16 15985.18
2857.14 15991.16
2858.14 15997.35
2859.16 16003.41
2860.14 16009.32
2861.14 16015.46
2862.14 16021.00
2863.14 16026.51
2864.16 16032.20
2865.14 16037.31
2866.15 16043.00
2867.13 16048.80
2868.16 16054.83
2869.14 16060.86
2870.16 16067.13
2871.14 16073.22
2872.15 16079.23
2873.14 16085.22
2874.13 16091.40
2875.14 16097.66
2876.15 16103.58
2877.14 16109.28
2878.16 16115.63
2879.14 16121.64
2880.15 16127.77
2881.14 16133.78
2882.14 16139.57
2883.16 16145.50
2884.15 16151.22
2885.16 16157.03
2886.15 16162.45
2887.14 16168.03
2888.16 16173.66
2889.14 16179.11
2890.15 16184.57
2891.14 16189.97
2892.14 16195.36
2893.14 16200.73
2894.16 16206.01
2895.17 16210.95
2896.14 16216.02
2897.15 16221.13
2898.14 16226.04
2899.15 16231.34
2900.15 16236.74
2901.15 16242.18
2902.14 16247.36
2903.14 16252.70
2904.16 16258.16
2905.14 16263.37
2906.16 16268.82
2907.14 16274.17
2908.14 16279.44
2909.16 16284.89
2910.16 16289.72
2911.14 16295.20
2912.15 16300.68
2913.16 16306.27
2914.16 16311.76
2915.15 16317.20
2916.14 16322.73
2917.16 16328.43
2918.15 16333.89
2919.15 16339.13
2920.14 16344.64
2921.16 16349.62
2922.16 16355.12
2923.16 16360.69
2924.16 16366.27
2925.14 16371.69
2926.16 16377.11
2927.14 16382.59
2928.16 16387.96
2929.14 16392.97
2930.16 16398.62
2931.15 16403.95
2932.16 16409.37
2933.16 16415.15
2934.16 16420.95
2935.14 16426.67
2936.15 16432.51
2937.16 16438.37
2938.16 16444.14
2939.15 16449.44
2940.16 16455.21
2941.14 16460.83
2942.14 16466.60
2943.16 16472.35
2944.16 16478.23
2945.15 16484.06
2946.16 16489.80
2947.16 16495.54
2948.15 16501.33
2949.16 16507.45
2950.15 16513.03
2951.16 16518.90
2952.16 16524.60
2953.16 16530.53
2954.14 16536.26
2955.16 16542.13
2956.15 16548.04
2957.16 16553.95
2958.14 16559.30
2959.15 16564.93
2960.16 16570.88
2961.16 16576.33
2962.14 16581.95
2963.16 16588.15
2964.15 16594.38
2965.15 16600.63
2966.15 16606.60
2967.16 16612.57
2968.15 16618.88
2969.14 16625.00
2970.15 16630.71
2971.16 16636.74
2972.15 16642.61
2973.15 16648.44
2974.16 16654.24
2975.15 16660.39
2976.15 16666.07
2977.15 16671.24
2978.16 16677.03
2979.15 16683.00
2980.16 16689.04
2981.15 16695.04
2982.15 16701.17
2983.16 16707.31
2984.15 16713.41
2985.16 16719.42
2986.15 16725.02
2987.16 16730.56
2988.15 16735.89
2989.16 16741.68
2990.15 16747.56
2991.15 16753.19
2992.16 16759.07
2993.15 16765.13
2994.16 16771.34
2995.16 16777.35
2996.15 16783.12
2997.16 16789.35
2998.16 16795.51
2999.15 16801.47
3000.14 16807.51
3001.15 16813.59
3002.16 16819.69
3003.15 16825.58
3004.16 16831.37
3005.15 16837.04
3006.16 16843.01
3007.15 16848.36
3008.15 16853.62
3009.15 16858.83
3010.15 16864.31
3011.15 16869.12
3012.15 16874.34
3013.16 16879.75
3014.16 16884.93
3015.16 16890.12
3016.15 16895.11
3017.16 16900.48
3018.16 16905.71
3019.14 16910.72
3020.16 16915.95
3021.15 16920.84
3022.15 16925.78
3023.16 16930.78
3024.16 16935.87
3025.15 16941.11
3026.15 16945.70
3027.16 16951.01
3028.15 16956.15
3029.15 16961.42
3030.16 16966.66
3031.16 16971.73
3032.15 16976.88
3033.16 16981.48
3034.16 16986.56
3035.14 16991.63
3036.15 16997.04
3037.16 17002.57
3038.15 17008.06
3039.16 17013.63
3040.16 17019.23
3041.14 17024.37
3042.15 17029.98
3043.16 17035.06
3044.14 17040.41
3045.16 17045.98
3046.15 17051.76
3047.16 17057.49
3048.16 17063.14
3049.15 17068.62
3050.15 17074.29
3051.15 17079.78
3052.16 17085.41
3053.15 17091.12
3054.15 17096.44
3055.15 17101.87
3056.14 17107.63
3057.15 17113.44
3058.14 17119.12
3059.15 17124.77
3060.15 17130.33
3061.15 17135.92
3062.15 17141.70
3063.15 17147.38
3064.14 17153.14
3065.15 17158.85
3066.15 17164.63
3067.14 17170.33
3068.15 17176.19
3069.15 17182.10
3070.15 17188.03
3071.16 17193.91
3072.15 17198.96
3073.16 17204.68
3074.15 17210.37
3075.15 17216.01
3076.14 17221.49
3077.15 17227.08
3078.15 17232.71
3079.16 17238.49
3080.15 17244.42
3081.16 17250.71
3082.15 17256.70
3083.16 17262.65
3084.15 17267.61
3085.15 17272.52
3086.15 17278.03
3087.15 17283.37
3088.15 17289.12
3089.15 17295.26
3090.15 17301.48
3091.15 17307.49
3092.15 17313.60
3093.15 17319.94
3094.15 17326.14
3095.15 17332.16
3096.15 17338.36
3097.15 17344.35
3098.15 17350.42
3099.14 17356.13
3100.14 17361.87
3101.15 17367.87
3102.14 17373.86
3103.14 17379.95
3104.15 17385.95
3105.15 17391.80
3106.15 17396.98
3107.15 17403.00
3108.15 17408.75
3109.15 17414.61
3110.15 17420.50
3111.15 17426.50
3112.15 17432.59
3113.15 17438.76
3114.15 17444.89
3115.14 17450.76
3116.15 17456.83
3117.15 17462.58
3118.15 17468.16
3119.15 17474.12
3120.15 17480.26
3121.15 17486.45
3122.16 17492.64
3123.15 17498.72
3124.15 17504.82
3125.14 17510.59
3126.15 17515.87
3127.15 17521.74
3128.15 17527.07
3129.15 17532.53
3130.15 17537.90
3131.15 17543.36
3132.15 17548.80
3133.15 17554.23
3134.15 17559.44
3135.15 17564.78
3136.15 17570.10
3137.15 17575.55
3138.14 17580.85
3139.15 17586.08
3140.15 17591.06
3141.15 17595.90
3142.15 17601.07
3143.15 17606.14
3144.15 17611.20
3145.15 17615.98
3146.15 17621.24
3147.15 17626.09
3148.15 17631.27
3149.15 17636.51
3150.16 17641.38
3151.14 17646.64
3152.16 17651.90
3153.15 17657.13
3154.15 17662.66
3155.16 17668.04
3156.14 17673.21
3157.14 17678.20
3158.15 17683.06
3159.15 17688.54
3160.16 17694.09
3161.15 17699.53
3162.14 17704.72
3163.14 17710.07
3164.15 17715.52
3165.15 17721.04
3166.14 17726.10
3167.15 17731.28
3168.14 17736.74
3169.15 17742.51
3170.14 17748.23
3171.16 17754.13
3172.14 17759.96
3173.14 17765.16
3174.14 17770.66
3175.16 17776.68
3176.14 17782.58
3177.15 17788.39
3178.15 17793.71
3179.14 17799.08
3180.15 17804.52
3181.15 17809.44
3182.16 17814.95
3183.15 17820.43
3184.15 17826.04
3185.14 17831.78
3186.14 17837.53
3187.15 17843.18
3188.15 17848.86
3189.14 17854.28
3190.15 17859.95
3191.15 17865.76
3192.14 17871.71
3193.15 17877.62
3194.16 17883.50
3195.14 17889.19
3196.15 17895.05
3197.16 17900.88
3198.15 17906.75
3199.15 17912.45
3200.15 17918.34
3201.14 17924.14
3202.16 17930.42
3203.16 17936.01
3204.15 17941.95
3205.15 17948.18
3206.17 17954.44
3207.14 17960.41
3208.14 17966.42
3209.14 17972.63
3210.14 17978.20
3211.14 17983.43
3212.15 17989.16
3213.16 17994.87
3214.15 18000.68
3215.15 18006.62
3216.14 18012.82
3217.14 18018.81
3218.16 18024.99
3219.14 18030.59
3220.15 18036.69
3221.16 18042.94
3222.15 18048.70
3223.16 18054.53
3224.15 18060.13
3225.14 18066.24
3226.16 18072.49
3227.14 18078.43
3228.16 18084.72
3229.15 18090.72
3230.14 18096.37
3231.17 18102.33
3232.14 18107.73
3233.16 18113.43
3234.14 18119.13
3235.15 18125.26
3236.14 18131.35
3237.14 18137.54
3238.14 18143.67
3239.14 18149.90
3240.16 18155.97
3241.14 18161.52
3242.16 18167.33
3243.16 18172.76
3244.16 18178.45
3245.15 18184.41
3246.14 18190.26
3247.16 18196.41
3248.14 18202.19
3249.16 18208.02
3250.14 18213.62
3251.15 18219.23
3252.14 18224.68
3253.14 18230.17
3254.14 18235.72
3255.16 18241.31
3256.15 18246.75
3257.16 18252.25
3258.14 18257.65
3259.16 18262.99
3260.14 18268.22
3261.14 18272.99
3262.16 18278.23
3263.14 18283.49
3264.16 18288.83
3265.14 18293.98
3266.14 18299.39
3267.16 18304.75
3268.14 18310.09
3269.15 18315.57
3270.15 18320.81
3271.16 18326.15
3272.14 18331.34
3273.15 18336.46
3274.17 18341.44
3275.15 18345.95
3276.15 18350.78
3277.15 18356.16
3278.15 18361.60
3279.17 18367.09
3280.16 18372.45
3281.16 18378.09
3282.15 18383.29
3283.16 18388.79
3284.17 18394.22
3285.15 18399.48
3286.16 18405.08
3287.15 18410.50
3288.16 18415.89
3289.15 18421.07
3290.16 18426.83
3291.15 18432.37
3292.16 18437.89
3293.14 18443.49
3294.17 18449.31
3295.15 18454.85
3296.16 18460.26
3297.15 18465.89
3298.16 18471.59
3299.15 18477.12
3300.16 18482.85
3301.15 18488.39
3302.16 18494.03
3303.14 18499.28
3304.16 18504.36
3305.15 18509.54
3306.16 18514.97
3307.15 18520.01
3308.16 18525.72
3309.16 18531.29
3310.16 18536.95
3311.16 18542.60
3312.16 18548.60
3313.15 18554.17
3314.16 18560.04
3315.15 18565.74
3316.16 18571.31
3317.15 18576.88
3318.15 18582.45
3319.16 18588.28
3320.16 18594.15
3321.15 18600.05
3322.16 18606.13
3323.16 18612.16
3324.16 18618.13
3325.16 18623.96
3326.15 18630.00
3327.15 18635.67
3328.16 18641.03
3329.16 18646.94
3330.16 18653.00
3331.14 18659.00
3332.16 18665.14
3333.17 18671.11
3334.15 18677.01
3335.16 18683.24
3336.16 18688.83
3337.16 18694.38
3338.16 18700.43
3339.16 18705.85
3340.16 18711.44
3341.16 18717.47
3342.15 18723.46
3343.15 18729.53
3344.16 18735.66
3345.16 18741.59
3346.16 18747.54
3347.15 18753.53
3348.16 18759.65
3349.14 18765.78
3350.16 18772.05
3351.16 18778.06
3352.16 18784.03
3353.15 18789.79
3354.16 18795.64
3355.14 18801.48
3356.16 18807.75
3357.14 18813.78
3358.15 18820.11
3359.16 18826.28
3360.16 18832.42
3361.14 18838.66
3362.16 18844.94
3363.15 18851.08
3364.16 18857.25
3365.15 18863.42
3366.16 18869.64
3367.16 18875.22
3368.15 18881.43
3369.16 18886.56
3370.15 18891.59
3371.16 18897.26
3372.16 18903.14
3373.16 18908.81
3374.16 18914.25
3375.16 18919.61
3376.17 18925.09
3377.16 18930.58
3378.16 18936.09
3379.16 18941.48
3380.16 18946.98
3381.15 18952.31
3382.16 18957.76
3383.16 18962.92
3384.16 18968.09
3385.16 18973.49
3386.17 18978.81
3387.15 18984.00
3388.16 18989.42
3389.16 18994.72
3390.16 19000.16
3391.16 19005.45
3392.16 19010.87
3393.17 19016.19
3394.16 19021.46
3395.16 19026.82
3396.16 19032.31
3397.16 19037.61
3398.16 19042.83
3399.16 19048.03
3400.16 19052.52
3401.16 19057.61
3402.16 19062.75
3403.16 19068.16
3404.16 19073.54
3405.15 19078.67
3406.15 19084.28
3407.16 19089.47
3408.16 19094.54
3409.16 19100.00
3410.16 19105.68
3411.16 19111.35
3412.16 19117.07
3413.15 19122.53
3414.16 19127.97
3415.16 19133.26
3416.16 19138.61
3417.16 19144.40
3418.16 19149.64
3419.16 19155.18
3420.16 19160.73
3421.16 19166.67
3422.16 19172.31
3423.16 19177.77
3424.16 19183.24
3425.16 19188.90
3426.16 19194.11
3427.16 19199.57
3428.16 19205.31
3429.16 19211.00
3430.16 19216.22
3431.16 19221.87
3432.16 19227.24
3433.15 19232.58
3434.16 19238.45
3435.16 19243.93
3436.16 19249.71
3437.16 19255.47
3438.16 19261.44
3439.15 19266.54
3440.17 19272.17
3441.15 19277.77
3442.16 19283.69
3443.16 19289.59
3444.16 19295.15
3445.16 19300.22
3446.17 19306.06
3447.16 19311.87
3448.16 19317.79
3449.15 19323.51
3450.16 19329.03
3451.15 19334.79
3452.16 19340.96
3453.16 19346.36
3454.16 19351.93
3455.16 19358.07
3456.15 19363.69
3457.16 19369.04
3458.16 19374.66
3459.16 19380.29
3460.16 19386.24
3461.16 19392.02
3462.16 19397.95
3463.16 19403.33
3464.16 19408.99
3465.16 19414.34
3466.16 19419.96
3467.17 19425.49
3468.16 19431.25
3469.16 19436.88
3470.16 19442.61
3471.16 19447.88
3472.16 19453.23
3473.16 19458.95
3474.16 19464.12
3475.16 19469.78
3476.16 19475.13
3477.16 19480.42
3478.16 19486.20
3479.16 19492.24
3480.20 19498.54
3481.16 19504.26
3482.16 19510.30
3483.15 19516.09
3484.16 19522.26
3485.16 19528.36
3486.15 19534.38
3487.16 19540.29
3488.16 19545.61
3489.16 19551.61
3490.16 19557.40
3491.16 19562.99
3492.16 19568.51
3493.16 19573.95
3494.16 19579.60
3495.16 19585.22
3496.16 19590.67
3497.16 19596.06
3498.16 19600.71
3499.16 19605.78
3500.16 19611.04
3501.16 19616.63
3502.16 19622.02
3503.16 19627.27
3504.16 19632.26
3505.16 19637.41
3506.16 19642.43
3507.16 19647.59
3508.16 19652.79
3509.16 19657.34
3510.16 19662.29
3511.16 19667.36
3512.16 19672.60
3513.16 19677.66
3514.16 19682.69
3515.16 19687.88
3516.16 19693.07
3517.16 19698.22
3518.16 19703.45
3519.16 19708.74
3520.16 19714.06
3521.16 19719.40
3522.16 19724.62
3523.16 19729.73
3524.16 19734.96
3525.16 19740.28
3526.15 19745.89
3527.16 19751.32
3528.16 19756.42
3529.16 19761.46
3530.16 19766.57
3531.16 19771.80
3532.16 19777.29
3533.16 19782.60
3534.15 19787.65
3535.16 19793.29
3536.16 19798.88
3537.16 19804.45
3538.16 19810.05
3539.16 19815.44
3540.16 19820.76
3541.16 19826.19
3542.16 19831.80
3543.16 19837.47
3544.16 19843.07
3545.16 19848.58
3546.16 19854.41
3547.16 19859.88
3548.16 19865.63
3549.16 19871.20
3550.16 19876.93
3551.16 19882.83
3552.16 19888.33
3553.16 19894.19
3554.15 19900.11
3555.16 19905.14
3556.16 19910.49
3557.15 19916.30
3558.16 19922.32
3559.16 19928.06
3560.16 19933.64
3561.16 19939.10
3562.16 19944.62
3563.16 19950.22
3564.16 19955.37
3565.16 19960.75
3566.16 19966.60
3567.15 19972.44
3568.15 19978.37
3569.16 19984.58
3570.15 19990.57
3571.15 19996.48
3572.16 20002.59
3573.15 20008.70
3574.16 20014.83
3575.15 20020.61
3576.16 20026.84
3577.16 20032.42
3578.16 20038.40
3579.15 20043.50
3580.15 20049.39
3581.15 20055.33
3582.15 20061.31
3583.15 20067.13
3584.15 20073.17
3585.16 20079.15
3586.15 20085.11
3587.15 20091.15
3588.15 20097.13
3589.15 20103.12
3590.15 20109.05
3591.16 20115.15
3592.15 20120.96
3593.15 20126.90
3594.16 20132.45
3595.16 20137.65
3596.16 20143.36
3597.15 20149.12
3598.15 20154.82
3599.16 20160.52
3600.16 20166.29
3601.15 20172.35
3602.15 20178.42
3603.16 20184.82
3604.15 20190.83
3605.15 20197.02
3606.16 20203.19
3607.16 20208.55
3608.15 20214.53
3609.15 20220.77
3610.17 20227.10
3611.15 20233.26
3612.16 20239.28
3613.15 20245.02
3614.15 20250.21
3615.15 20255.96
3616.15 20261.42
3617.15 20266.90
3618.15 20272.54
3619.16 20277.84
3620.15 20283.09
3621.15 20288.48
3622.15 20293.92
3623.16 20299.00
3624.16 20303.55
3625.15 20307.62
3626.15 20312.70
3627.16 20317.54
3628.15 20322.58
3629.16 20327.88
3630.15 20332.97
3631.16 20338.13
3632.16 20343.04
3633.16 20348.03
3634.16 20353.28
3635.16 20358.45
3636.15 20363.41
3637.16 20368.51
3638.15 20373.61
3639.16 20378.90
3640.16 20383.92
3641.15 20389.27
3642.16 20394.50
3643.15 20399.19
3644.18 20404.67
3645.15 20409.81
3646.15 20415.08
3647.16 20420.44
3648.16 20425.69
3649.14 20430.81
3650.16 20435.90
3651.15 20441.03
3652.15 20446.57
3653.15 20451.89
3654.16 20457.53
3655.17 20462.93
3656.16 20468.19
3657.17 20473.39
3658.16 20478.44
3659.15 20483.90
3660.16 20489.63
3661.15 20495.17
3662.18 20501.02
3663.18 20506.69
3664.15 20512.19
3665.17 20518.08
3666.15 20523.70
3667.17 20528.89
3668.16 20534.70
3669.15 20540.31
3670.17 20546.13
3671.16 20551.76
3672.16 20557.33
3673.16 20563.16
3674.15 20568.78
3675.16 20574.72
3676.15 20580.41
3677.16 20586.23
3678.17 20591.51
3679.16 20596.70
3680.17 20602.01
3681.17 20607.59
3682.17 20613.22
3683.15 20618.74
3684.15 20624.49
3685.16 20630.35
3686.16 20636.20
3687.17 20641.73
3688.15 20646.90
3689.16 20652.61
3690.17 20657.76
3691.17 20663.06
3692.15 20668.76
3693.15 20674.73
3694.16 20681.08
3695.15 20686.91
3696.17 20693.07
3697.17 20699.38
3698.15 20705.43
3699.16 20711.65
3700.17 20717.54
3701.16 20723.80
3702.16 20729.95
3703.17 20736.29
3704.17 20742.45
3705.17 20748.42
3706.18 20754.44
3707.16 20760.33
3708.17 20766.56
3709.17 20772.51
3710.15 20778.18
3711.16 20783.45
3712.16 20789.43
3713.17 20795.59
3714.14 20801.49
3715.17 20807.80
3716.15 20813.82
3717.14 20820.02
3718.17 20825.65
3719.15 20831.16
3720.17 20836.66
3721.15 20841.98
3722.17 20848.02
3723.16 20853.88
3724.15 20859.69
3725.16 20865.70
3726.14 20871.60
3727.17 20877.45
3728.17 20883.37
3729.15 20889.39
3730.17 20895.48
3731.16 20901.38
3732.18 20907.69
3733.18 20913.61
3734.17 20919.35
3735.17 20924.90
3736.16 20930.73
3737.17 20936.68
3738.15 20942.28
3739.16 20948.01
3740.15 20953.47
3741.16 20958.99
3742.16 20964.48
3743.17 20969.98
3744.16 20975.38
3745.15 20980.61
3746.17 20986.01
3747.15 20990.86
3748.16 20996.46
3749.17 21002.13
3750.17 21007.09
3751.17 21012.06
3752.15 21017.11
3753.15 21022.36
3754.16 21027.60
3755.17 21033.15
3756.16 21038.19
3757.17 21043.34
3758.17 21048.72
3759.17 21054.04
3760.17 21059.13
3761.16 21064.45
3762.18 21069.85
3763.16 21074.64
3764.17 21080.17
3765.17 21085.50
3766.16 21090.96
3767.17 21096.46
3768.15 21101.71
3769.16 21107.43
3770.16 21112.87
3771.17 21118.38
3772.16 21123.76
3773.17 21129.23
3774.16 21134.70
3775.16 21140.16
3776.17 21145.66
3777.15 21151.11
3778.16 21156.78
3779.18 21162.32
3780.16 21167.98
3781.16 21173.06
3782.17 21178.39
3783.16 21183.42
3784.16 21188.63
3785.17 21194.28
3786.17 21200.01
3787.17 21205.71
3788.16 21211.43
3789.16 21217.23
3790.17 21223.10
3791.16 21228.86
3792.17 21234.57
3793.16 21239.94
3794.17 21245.51
3795.17 21251.19
3796.16 21256.67
3797.18 21262.39
3798.16 21267.92
3799.16 21273.73
3800.16 21279.31
3801.17 21285.16
3802.16 21290.89
3803.18 21296.79
3804.16 21302.49
3805.17 21308.03
3806.17 21313.25
3807.16 21318.86
3808.15 21324.41
3809.16 21330.23
3810.17 21336.12
3811.15 21341.61
3812.17 21347.31
3813.17 21352.70
3814.17 21357.89
3815.16 21363.51
3816.16 21368.81
3817.17 21374.79
3818.17 21380.71
3819.16 21386.63
3820.17 21392.79
3821.17 21398.91
3822.16 21404.93
3823.16 21410.89
3824.17 21416.73
3825.16 21422.41
3826.17 21428.69
3827.17 21434.62
3828.17 21440.42
3829.16 21446.19
3830.17 21452.16
3831.16 21457.93
3832.17 21463.91
3833.16 21469.81
3834.17 21476.12
3835.16 21481.89
3836.17 21487.84
3837.16 21494.03
3838.16 21499.77
3839.15 21505.44
3840.16 21511.33
3841.17 21517.10
3842.17 21522.99
3843.16 21528.61
3844.17 21534.13
3845.16 21540.02
3846.17 21545.89
3847.16 21551.54
3848.17 21557.64
3849.16 21563.70
3850.17 21569.88
3851.16 21575.89
3852.16 21581.99
3853.16 21588.06
3854.16 21594.15
3855.16 21600.34
3856.17 21606.49
3857.16 21612.30
3858.16 21618.08
3859.17 21623.89
3860.16 21629.43
3861.16 21635.00
3862.16 21640.43
3863.17 21645.93
3864.17 21651.32
3865.17 21656.63
3866.16 21661.87
3867.17 21667.46
3868.17 21672.82
3869.17 21678.20
3870.16 21683.41
3871.17 21688.63
3872.16 21693.90
3873.16 21698.96
3874.16 21703.89
3875.16 21709.28
3876.16 21714.26
3877.16 21718.98
3878.16 21724.01
3879.16 21728.99
3880.16 21734.04
3881.16 21738.84
3882.16 21744.08
3883.17 21749.48
3884.16 21754.88
3885.16 21760.13
3886.16 21765.31
3887.16 21770.79
3888.17 21776.23
3889.17 21781.62
3890.16 21786.95
3891.17 21792.41
3892.16 21797.81
3893.17 21803.41
3894.17 21808.97
3895.16 21814.22
3896.17 21819.74
3897.16 21825.25
3898.16 21830.24
3899.17 21835.37
3900.16 21840.67
3901.16 21846.26
3902.16 21852.01
3903.16 21857.76
3904.17 21863.28
3905.17 21868.64
3906.17 21873.82
3907.17 21879.18
3908.16 21884.53
3909.16 21890.00
3910.16 21895.35
3911.17 21901.08
3912.16 21906.81
3913.16 21912.35
3914.16 21917.87
3915.18 21923.39
3916.17 21928.48
3917.16 21933.77
3918.16 21939.39
3919.16 21944.85
3920.16 21950.38
3921.16 21955.92
3922.16 21961.32
3923.16 21966.86
3924.16 21972.65
3925.16 21977.65
3926.16 21983.11
3927.16 21988.47
3928.17 21994.13
3929.16 21999.61
3930.16 22005.11
3931.16 22010.59
3932.16 22015.71
3933.17 22021.40
3934.16 22027.11
3935.16 22032.74
3936.16 22038.30
3937.16 22043.58
3938.16 22049.54
3939.16 22054.89
3940.16 22060.15
3941.16 22065.61
3942.16 22071.28
3943.16 22076.39
3944.16 22081.82
3945.16 22087.66
3946.16 22093.67
3947.16 22098.84
3948.17 22104.88
3949.16 22110.79
3950.16 22116.73
3951.16 22122.47
3952.16 22128.37
3953.16 22134.29
3954.17 22140.11
3955.16 22145.96
3956.16 22151.80
3957.16 22157.78
3958.16 22163.05
3959.16 22168.62
3960.16 22174.14
3961.16 22180.19
3962.16 22186.18
3963.17 22191.74
3964.16 22197.06
3965.16 22202.84
3966.16 22208.58
3967.16 22214.40
3968.16 22219.63
3969.16 22225.53
3970.16 22231.31
3971.16 22237.05
3972.16 22242.89
3973.16 22248.55
3974.16 22254.40
3975.16 22260.30
3976.16 22266.32
3977.18 22272.45
3978.17 22278.41
3979.16 22284.42
3980.17 22290.45
3981.16 22296.21
3982.16 22301.70
3983.16 22307.15
3984.16 22312.36
3985.16 22317.83
3986.16 22323.35
3987.16 22328.91
3988.16 22334.34
3989.16 22339.83
3990.17 22345.12
3991.16 22350.26
3992.17 22355.51
3993.16 22360.66
3994.17 22365.96
3995.16 22371.15
3996.16 22376.33
3997.16 22381.58
3998.16 22386.77
3999.16 22391.94
4000.17 22397.07
4001.16 22402.18
4002.17 22407.15
4003.16 22412.03
4004.17 22417.30
4005.16 22421.87
4006.16 22426.54
4007.16 22431.84
4008.16 22437.07
4009.16 22442.36
4010.16 22447.59
4011.16 22452.82
4012.17 22458.29
4013.16 22463.01
4014.17 22468.33
4015.16 22473.76
4016.17 22479.29
4017.16 22484.57
4018.16 22489.81
4019.16 22495.14
4020.17 22500.68
4021.16 22506.37
4022.17 22512.07
4023.16 22517.76
4024.16 22523.36
4025.17 22528.95
4026.16 22534.61
4027.16 22540.39
4028.18 22546.11
4029.16 22551.70
4030.17 22557.61
4031.16 22562.50
4032.16 22568.20
4033.17 22573.62
4034.17 22579.40
4035.16 22584.75
4036.17 22589.94
4037.16 22595.29
4038.16 22601.09
4039.17 22606.74
4040.18 22612.31
4041.16 22618.04
4042.17 22623.77
4043.16 22629.56
4044.15 22635.31
4045.17 22641.26
4046.18 22646.97
4047.17 22652.69
4048.18 22658.35
4049.17 22664.07
4050.16 22669.72
4051.17 22674.95
4052.18 22680.56
4053.16 22686.15
4054.16 22692.06
4055.16 22697.88
4056.15 22703.56
4057.16 22709.54
4058.18 22715.58
4059.16 22721.39
4060.18 22727.64
4061.16 22733.60
4062.18 22739.95
4063.16 22745.99
4064.17 22752.27
4065.16 22757.94
4066.17 22763.52
4067.18 22769.44
4068.16 22775.02
4069.18 22780.69
4070.15 22786.57
4071.18 22792.95
4072.18 22798.93
4073.18 22804.95
4074.16 22811.00
4075.18 22816.64
4076.16 22822.15
4077.17 22827.96
4078.16 22833.86
4079.16 22839.97
4080.16 22846.03
4081.15 22851.66
4082.16 22857.69
4083.18 22863.77
4084.16 22869.47
4085.16 22875.26
4086.18 22880.36
4087.16 22885.86
4088.16 22891.50
4089.18 22897.67
4090.16 22903.69
4091.18 22909.93
4092.17 22916.15
4093.17 22922.29
4094.16 22928.39
4095.16 22934.50
4096.17 22940.28
4097.17 22946.02
4098.18 22951.91
4099.16 22957.45
4100.18 22963.35
4101.16 22968.70
4102.16 22974.58
4103.16 22980.14
4104.18 22985.89
4105.17 22991.29
4106.18 22996.76
4107.16 23002.16
4108.17 23007.40
4109.16 23012.71
4110.16 23017.69
4111.16 23023.10
4112.18 23028.47
4113.16 23033.28
4114.17 23038.68
4115.15 23043.76
4116.16 23048.90
4117.18 23053.91
4118.18 23059.08
4119.18 23064.14
4120.18 23069.04
4121.16 23073.89
4122.16 23078.60
4123.17 23083.74
4124.18 23088.67
4125.18 23093.95
4126.16 23098.67
4127.16 23103.84
4128.18 23109.12
4129.16 23114.03
4130.17 23119.14
4131.18 23124.52
4132.17 23129.72
4133.18 23135.24
4134.18 23140.66
4135.16 23146.08
4136.16 23151.75
4137.18 23157.28
4138.18 23162.08
4139.18 23167.03
4140.16 23172.27
4141.16 23177.59
4142.18 23183.14
4143.16 23188.35
4144.17 23193.81
4145.18 23199.30
4146.18 23204.72
4147.17 23209.81
4148.18 23215.14
4149.16 23220.93
4150.18 23226.74
4151.17 23232.56
4152.18 23238.34
4153.16 23244.01
4154.16 23249.69
4155.17 23255.57
4156.16 23261.35
4157.17 23267.09
4158.16 23272.71
4159.18 23278.34
4160.17 23283.51
4161.18 23288.82
4162.18 23294.40
4163.16 23300.00
4164.18 23305.65
4165.17 23310.90
4166.16 23316.37
4167.17 23321.80
4168.17 23327.19
4169.17 23332.85
4170.18 23338.55
4171.18 23343.95
4172.18 23349.00
4173.17 23354.26
4174.18 23359.94
4175.16 23365.50
4176.17 23371.16
4177.18 23376.99
4178.17 23382.85
4179.18 23388.24
4180.17 23392.80
4181.17 23398.42
4182.17 23404.13
4183.17 23409.78
4184.18 23415.55
4185.16 23421.36
4186.17 23427.14
4187.18 23433.05
4188.17 23439.19
4189.18 23444.91
4190.16 23450.31
4191.18 23455.99
4192.18 23461.80
4193.17 23467.79
4194.18 23473.21
4195.17 23479.11
4196.18 23485.31
4197.18 23491.47
4198.18 23497.17
4199.17 23502.66
4200.18 23508.53
4201.17 23514.54
4202.18 23520.62
4203.17 23526.38
4204.18 23532.69
4205.17 23538.23
4206.17 23543.82
4207.18 23549.70
4208.17 23555.32
4209.18 23561.10
4210.17 23566.52
4211.16 23572.09
4212.18 23577.57
4213.17 23583.03
4214.17 23589.09
4215.18 23595.17
4216.18 23600.78
4217.18 23606.61
4218.18 23612.24
4219.17 23618.16
4220.18 23624.38
4221.18 23630.40
4222.17 23636.47
4223.16 23642.41
4224.18 23648.31
4225.17 23653.89
4226.18 23659.47
4227.17 23664.67
4228.17 23669.98
4229.18 23675.42
4230.18 23681.02
4231.17 23686.31
4232.18 23691.71
4233.17 23697.17
4234.18 23702.70
4235.17 23708.19
4236.18 23713.49
4237.18 23718.85
4238.17 23724.34
4239.16 23729.81
4240.18 23735.25
4241.17 23740.58
4242.16 23745.90
4243.18 23751.02
4244.17 23756.02
4245.17 23761.24
4246.18 23766.63
4247.18 23772.00
4248.18 23777.14
4249.18 23782.12
4250.18 23787.28
4251.17 23792.56
4252.18 23797.63
4253.18 23802.98
4254.18 23808.41
4255.16 23813.30
4256.18 23818.94
4257.17 23824.42
4258.17 23829.76
4259.17 23834.85
4260.17 23839.93
4261.18 23845.37
4262.16 23850.62
4263.17 23855.98
4264.17 23860.78
4265.17 23866.44
4266.16 23871.87
4267.18 23877.60
4268.17 23883.23
4269.18 23889.00
4270.18 23894.62
4271.18 23900.20
4272.18 23905.90
4273.18 23911.51
4274.18 23917.30
4275.17 23922.91
4276.18 23928.70
4277.17 23934.30
4278.17 23940.16
4279.18 23946.18
4280.17 23951.79
4281.16 23957.15
4282.17 23962.54
4283.16 23968.02
4284.17 23973.73
4285.17 23979.34
4286.18 23984.95
4287.17 23990.74
4288.17 23996.51
4289.16 24002.05
4290.18 24007.97
4291.17 24013.49
4292.18 24019.07
4293.17 24024.37
4294.18 24029.65
4295.18 24035.00
4296.18 24039.95
4297.18 24045.78
4298.17 24051.68
4299.17 24057.57
4300.17 24062.89
4301.18 24068.48
4302.18 24074.03
4303.17 24079.96
4304.17 24085.83
4305.17 24091.77
4306.17 24097.93
4307.17 24104.14
4308.17 24110.25
4309.18 24116.61
4310.18 24122.71
4311.18 24128.58
4312.17 24134.30
4313.17 24140.19
4314.17 24145.99
4315.18 24151.54
4316.17 24156.34
4317.18 24162.09
4318.17 24167.81
4319.17 24173.94
4320.18 24180.12
4321.18 24185.80
4322.17 24191.76
4323.17 24197.89
4324.17 24203.60
4325.17 24209.63
4326.17 24215.41
4327.17 24221.01
4328.17 24226.65
4329.17 24232.70
4330.16 24238.04
4331.17 24243.75
4332.17 24249.48
4333.17 24255.31
4334.16 24261.22
4335.17 24267.13
4336.17 24273.22
4337.17 24279.00
4338.17 24284.67
4339.17 24290.46
4340.17 24296.67
4341.17 24302.65
4342.17 24308.54
4343.17 24314.92
4344.17 24320.98
4345.17 24326.98
4346.17 24332.97
4347.17 24338.66
4348.17 24344.28
4349.17 24349.86
4350.16 24354.87
4351.16 24360.05
4352.17 24365.57
4353.17 24370.83
4354.16 24376.27
4355.17 24381.52
4356.17 24387.10
4357.17 24392.51
4358.17 24398.00
4359.17 24403.30
4360.17 24408.57
4361.17 24413.87
4362.17 24419.18
4363.17 24424.49
4364.17 24429.67
4365.17 24434.81
4366.17 24439.92
4367.17 24445.36
4368.17 24450.71
4369.16 24455.88
4370.17 24460.92
4371.17 24465.62
4372.17 24470.47
4373.17 24475.43
4374.18 24480.55
4375.16 24484.81
4376.17 24490.01
4377.17 24495.27
4378.17 24500.28
4379.17 24505.56
4380.17 24510.98
4381.17 24516.10
4382.17 24521.09
4383.17 24526.24
4384.17 24531.37
4385.17 24536.79
4386.16 24542.13
4387.16 24547.61
4388.18 24553.17
4389.17 24558.53
4390.17 24564.19
4391.16 24569.90
4392.17 24575.65
4393.17 24581.00
4394.18 24586.17
4395.17 24591.52
4396.18 24597.20
4397.17 24602.90
4398.17 24608.37
4399.17 24613.98
4400.17 24619.65
4401.16 24625.46
4402.18 24631.08
4403.18 24636.46
4404.18 24642.17
4405.17 24647.63
4406.17 24653.15
4407.17 24658.80
4408.16 24664.40
4409.18 24670.22
4410.17 24675.89
4411.18 24681.58
4412.16 24687.41
4413.17 24693.23
4414.16 24698.83
4415.17 24704.68
4416.16 24710.72
4417.17 24716.50
4418.17 24721.45
4419.16 24727.19
4420.17 24733.16
4421.18 24738.98
4422.17 24744.62
4423.18 24750.49
4424.16 24756.44
4425.18 24762.18
4426.17 24767.59
4427.18 24773.27
4428.16 24778.31
4429.17 24784.01
4430.18 24789.90
4431.16 24795.71
4432.18 24801.45
4433.16 24806.75
4434.18 24812.78
4435.17 24818.01
4436.17 24823.92
4437.17 24829.91
4438.17 24835.70
4439.18 24841.77
4440.16 24847.74
4441.16 24853.77
4442.16 24859.96
4443.16 24865.41
4444.16 24870.80
4445.18 24876.62
4446.16 24882.58
4447.19 24888.09
4448.16 24893.97
4449.17 24899.91
4450.17 24905.44
4451.18 24911.05
4452.17 24916.87
4453.17 24922.28
4454.18 24927.87
4455.16 24933.28
4456.18 24938.68
4457.18 24943.68
4458.17 24949.61
4459.16 24955.33
4460.17 24961.37
4461.18 24967.59
4462.16 24973.35
4463.17 24979.46
4464.18 24985.46
4465.17 24991.17
4466.18 24997.06
4467.17 25002.87
4468.16 25008.84
4469.17 25014.15
4470.16 25019.70
4471.17 25025.28
4472.17 25031.04
4473.18 25036.51
4474.16 25041.95
4475.17 25047.37
4476.18 25052.65
4477.17 25057.71
4478.16 25062.92
4479.18 25068.30
4480.18 25073.46
4481.18 25078.56
4482.17 25083.75
4483.17 25088.73
4484.17 25093.85
4485.16 25098.79
4486.17 25103.60
4487.18 25108.01
4488.18 25113.11
4489.16 25118.05
4490.18 25123.20
4491.17 25128.25
4492.17 25133.30
4493.16 25138.39
4494.17 25143.56
4495.16 25148.60
4496.17 25153.95
4497.16 25158.61
4498.18 25163.12
4499.17 25168.02
4500.18 25173.14
4501.16 25178.12
4502.17 25183.30
4503.17 25188.53
4504.18 25193.65
4505.16 25198.73
4506.17 25204.00
4507.16 25209.59
4508.18 25215.14
4509.17 25220.01
4510.17 25225.22
4511.17 25230.40
4512.18 25235.67
4513.17 25240.72
4514.18 25246.16
4515.16 25251.37
4516.18 25257.07
4517.16 25261.82
4518.18 25266.98
4519.17 25272.19
4520.18 25277.81
4521.18 25283.35
4522.16 25287.97
4523.18 25293.07
4524.17 25298.27
4525.18 25303.72
4526.16 25308.95
4527.18 25314.45
4528.16 25319.69
4529.18 25324.96
4530.18 25330.29
4531.18 25335.73
4532.18 25341.16
4533.17 25346.63
4534.18 25352.35
4535.16 25357.86
4536.18 25363.45
4537.19 25368.33
4538.18 25373.32
4539.19 25378.95
4540.18 25384.42
4541.16 25389.71
4542.18 25395.55
4543.18 25401.23
4544.18 25407.41
4545.17 25413.45
4546.17 25419.34
4547.18 25425.58
4548.17 25431.64
4549.18 25437.73
4550.17 25443.69
4551.18 25449.90
4552.17 25455.83
4553.18 25462.15
4554.18 25468.31
4555.18 25474.35
4556.18 25480.29
4557.18 25486.35
4558.19 25492.27
4559.18 25498.13
4560.16 25503.54
4561.18 25509.57
4562.18 25515.76
4563.17 25521.61
4564.18 25527.73
4565.17 25533.25
4566.18 25539.14
4567.17 25544.96
4568.18 25550.77
4569.18 25556.60
4570.18 25562.29
4571.16 25568.05
4572.18 25574.38
4573.18 25580.10
4574.18 25585.66
4575.17 25591.43
4576.18 25597.19
4577.18 25603.13
4578.17 25609.16
4579.18 25615.45
4580.18 25621.68
4581.18 25627.85
4582.18 25634.03
4583.18 25640.20
4584.17 25646.24
4585.18 25652.69
4586.17 25658.90
4587.18 25665.07
4588.17 25671.11
4589.18 25677.39
4590.18 25683.34
4591.18 25688.82
4592.18 25694.31
4593.18 25699.97
4594.18 25705.15
4595.18 25710.52
4596.17 25715.93
4597.18 25721.42
4598.17 25726.78
4599.18 25732.19
4600.18 25737.52
4601.18 25742.93
4602.18 25748.21
4603.18 25753.57
4604.17 25758.94
4605.18 25764.46
4606.18 25769.82
4607.18 25774.59
4608.18 25779.57
4609.18 25784.73
4610.18 25790.08
4611.18 25795.05
4612.18 25799.93
4613.18 25804.42
4614.18 25809.51
4615.18 25814.63
4616.18 25820.15
4617.18 25825.51
4618.17 25830.71
4619.18 25836.12
4620.18 25841.67
4621.18 25846.50
4622.18 25851.86
4623.18 25857.46
4624.17 25862.75
4625.18 25867.99
4626.18 25873.57
4627.18 25879.27
4628.18 25884.55
4629.18 25889.94
4630.17 25894.95
4631.18 25899.78
4632.18 25905.20
4633.18 25910.62
4634.18 25915.94
4635.17 25921.40
4636.18 25927.03
4637.18 25932.69
4638.18 25938.52
4639.19 25944.35
4640.18 25950.01
4641.18 25955.96
4642.18 25962.07
4643.18 25967.99
4644.17 25973.68
4645.18 25979.26
4646.18 25985.10
4647.18 25990.43
4648.18 25995.49
4649.18 26000.75
4650.18 26006.44
4651.18 26011.54
4652.18 26017.31
4653.17 26023.12
4654.18 26029.10
4655.19 26034.72
4656.17 26040.03
4657.18 26045.60
4658.18 26050.68
4659.17 26056.14
4660.18 26061.80
4661.18 26067.50
4662.18 26073.30
4663.18 26079.07
4664.18 26084.82
4665.18 26090.65
4666.18 26096.75
4667.18 26102.65
4668.18 26108.74
4669.18 26114.43
4670.18 26120.53
4671.17 26126.32
4672.18 26132.29
4673.17 26138.40
4674.18 26144.44
4675.18 26150.22
4676.18 26155.43
4677.18 26161.40
4678.18 26167.30
4679.18 26173.81
4680.17 26180.18
4681.18 26186.26
4682.18 26192.56
4683.18 26198.76
4684.18 26204.77
4685.18 26210.60
4686.18 26216.77
4687.19 26222.82
4688.18 26228.62
4689.18 26234.62
4690.18 26240.63
4691.18 26246.53
4692.18 26252.65
4693.17 26258.54
4694.18 26264.86
4695.18 26270.79
4696.18 26276.08
4697.18 26281.51
4698.18 26287.33
4699.18 26292.95
4700.18 26299.03
4701.18 26304.97
4702.18 26310.98
4703.18 26316.75
4704.18 26323.05
4705.18 26329.10
4706.18 26335.19
4707.18 26341.48
4708.18 26347.64
4709.18 26353.68
4710.18 26359.73
4711.18 26365.56
4712.18 26371.38
4713.18 26377.09
4714.18 26382.90
4715.18 26388.20
4716.18 26393.75
4717.18 26398.94
4718.18 26404.54
4719.17 26409.89
4720.18 26415.10
4721.18 26420.42
4722.18 26425.88
4723.18 26431.06
4724.18 26435.87
4725.18 26441.03
4726.18 26446.11
4727.18 26451.44
4728.22 26456.97
4729.18 26462.15
4730.18 26467.56
4731.18 26473.03
4732.18 26478.35
4733.18 26483.67
4734.18 26488.83
4735.18 26493.77
4736.18 26498.77
4737.17 26503.95
4738.18 26509.37
4739.18 26514.50
4740.18 26519.48
4741.18 26524.66
4742.18 26530.03
4743.18 26535.48
4744.18 26540.91
4745.18 26546.39
4746.18 26551.83
4747.17 26557.29
4748.18 26562.85
4749.18 26568.04
4750.18 26573.16
4751.18 26578.56
4752.18 26584.16
4753.18 26589.73
4754.18 26594.90
4755.18 26600.39
4756.19 26605.77
4757.17 26610.92
4758.18 26616.68
4759.18 26622.34
4760.17 26628.10
4761.17 26633.80
4762.18 26639.51
4763.18 26645.35
4764.18 26651.04
4765.17 26656.81
4766.18 26662.64
4767.18 26668.21
4768.17 26674.00
4769.18 26679.13
4770.18 26684.71
4771.17 26690.26
4772.18 26696.08
4773.18 26701.67
4774.18 26707.28
4775.18 26712.96
4776.18 26718.57
4777.17 26724.31
4778.18 26730.11
4779.18 26736.03
4780.18 26741.71
4781.18 26747.47
4782.18 26753.08
4783.18 26758.83
4784.18 26764.41
4785.18 26770.12
4786.18 26775.52
4787.17 26780.95
4788.18 26786.65
4789.17 26791.42
4790.18 26797.16
4791.18 26803.05
4792.18 26808.99
4793.17 26815.06
4794.18 26821.26
4795.18 26827.18
4796.18 26833.37
4797.18 26839.42
4798.18 26845.37
4799.19 26851.42
4800.18 26857.44
4801.17 26863.61
4802.18 26869.88
4803.18 26876.07
4804.18 26882.02
4805.18 26888.07
4806.17 26894.10
4807.20 26900.20
4808.17 26905.64
4809.17 26911.31
4810.18 26917.08
4811.20 26923.14
4812.18 26928.93
4813.20 26935.08
4814.17 26940.65
4815.18 26946.75
4816.17 26952.75
4817.18 26958.22
4818.18 26963.83
4819.17 26969.10
4820.17 26973.97
4821.17 26979.48
4822.18 26985.74
4823.18 26991.91
4824.18 26997.44
4825.18 27003.37
4826.18 27009.31
4827.18 27015.29
4828.17 27021.62
4829.19 27027.65
4830.17 27033.62
4831.18 27039.00
4832.17 27044.75
4833.18 27051.05
4834.17 27057.05
4835.18 27063.23
4836.17 27068.97
4837.17 27074.61
4838.19 27080.14
4839.17 27085.52
4840.18 27091.03
4841.17 27096.44
4842.17 27101.90
4843.17 27107.39
4844.18 27112.68
4845.17 27118.18
4846.18 27123.49
4847.17 27128.58
4848.17 27133.25
4849.17 27138.12
4850.18 27143.01
4851.18 27147.93
4852.18 27152.78
4853.17 27157.77
4854.17 27163.06
4855.17 27168.22
4856.18 27173.59
4857.17 27178.84
4858.18 27184.20
4859.17 27189.11
4860.18 27194.15
4861.17 27199.44
4862.18 27204.95
4863.18 27210.35
4864.18 27215.37
4865.18 27220.61
4866.18 27225.86
4867.17 27230.96
4868.18 27236.05
4869.17 27241.29
4870.19 27246.93
4871.18 27252.23
4872.18 27257.50
4873.18 27263.01
4874.18 27268.37
4875.19 27273.69
4876.18 27279.09
4877.17 27284.66
4878.17 27290.29
4879.18 27296.07
4880.18 27301.53
4881.17 27307.12
4882.18 27312.51
4883.18 27317.61
4884.17 27323.21
4885.20 27329.23
4886.17 27334.73
4887.18 27340.68
4888.17 27346.51
4889.19 27352.36
4890.18 27358.12
4891.19 27363.96
4892.18 27369.69
4893.18 27375.48
4894.20 27381.34
4895.18 27386.45
4896.19 27391.87
4897.16 27397.40
4898.18 27403.23
4899.18 27408.93
4900.18 27414.65
4901.17 27420.28
4902.17 27426.01
4903.19 27431.73
4904.17 27437.32
4905.18 27443.02
4906.18 27448.80
4907.18 27454.54
4908.20 27460.48
4909.16 27465.87
4910.19 27471.78
4911.19 27477.69
4912.16 27482.84
4913.17 27488.02
4914.18 27493.25
4915.18 27498.76
4916.17 27504.47
4917.18 27510.52
4918.17 27516.34
4919.19 27521.96
4920.17 27528.05
4921.18 27533.69
4922.20 27539.42
4923.18 27545.28
4924.20 27551.13
4925.19 27557.20
4926.18 27562.99
4927.19 27568.88
4928.18 27574.80
4929.19 27581.02
4930.18 27587.06
4931.17 27592.64
4932.18 27598.40
4933.17 27604.07
4934.19 27609.77
4935.19 27615.17
4936.19 27620.29
4937.17 27625.86
4938.19 27631.54
4939.17 27636.91
4940.19 27642.75
4941.19 27648.49
4942.19 27654.14
4943.19 27659.52
4944.19 27664.88
4945.19 27670.26
4946.18 27675.98
4947.17 27681.75
4948.18 27688.06
4949.17 27694.10
4950.19 27700.29
4951.17 27706.24
4952.18 27712.33
4953.19 27718.52
4954.17 27724.24
4955.19 27730.29
4956.19 27736.26
4957.18 27741.96
4958.17 27747.60
4959.19 27753.42
4960.18 27759.01
4961.19 27764.56
4962.17 27769.99
4963.19 27775.28
4964.19 27780.60
4965.17 27785.94
4966.18 27791.40
4967.19 27796.80
4968.16 27802.09
4969.19 27807.56
4970.20 27813.01
4971.18 27818.08
4972.17 27823.14
4973.19 27828.03
4974.18 27832.87
4975.18 27837.73
4976.19 27842.70
4977.19 27847.78
4978.20 27853.00
4979.18 27858.13
4980.18 27863.24
4981.17 27868.39
4982.19 27873.68
4983.19 27878.82
4984.19 27883.97
4985.17 27888.75
4986.19 27893.53
4987.17 27898.85
4988.19 27904.29
4989.18 27909.56
4990.20 27915.03
4991.18 27920.35
4992.18 27925.70
4993.19 27931.19
4994.18 27936.58
4995.19 27942.32
4996.19 27947.74
4997.17 27953.23
4998.19 27959.01
4999.19 27964.64
5000.19 27970.04
5001.19 27975.63
5002.19 27981.42
5003.18 27986.69
5004.18 27992.06
5005.20 27997.38
5006.18 28002.58
5007.19 28008.27
5008.19 28013.90
5009.19 28019.46
5010.19 28025.16
5011.18 28030.86
5012.19 28036.57
5013.18 28042.05
5014.18 28047.52
5015.19 28053.05
5016.18 28058.65
5017.18 28064.26
5018.19 28069.89
5019.18 28075.46
5020.19 28081.34
5021.18 28087.01
5022.19 28092.73
5023.18 28098.32
5024.18 28104.04
5025.19 28109.39
5026.18 28114.71
5027.18 28120.01
5028.18 28125.45
5029.19 28130.91
5030.19 28136.32
5031.19 28141.87
5032.18 28147.81
5033.18 28153.84
5034.19 28159.77
5035.19 28165.70
5036.18 28171.14
5037.19 28177.19
5038.19 28182.34
5039.18 28187.45
5040.19 28193.29
5041.18 28199.33
5042.19 28205.45
5043.19 28211.51
5044.19 28217.68
5045.18 28224.01
5046.18 28230.29
5047.22 28236.94
5048.18 28242.85
5049.19 28248.92
5050.18 28255.08
5051.18 28261.02
5052.18 28267.02
5053.18 28272.96
5054.19 28278.87
5055.17 28284.50
5056.18 28290.61
5057.18 28296.52
5058.18 28302.78
5059.18 28308.95
5060.18 28314.94
5061.18 28320.89
5062.18 28326.22
5063.19 28331.75
5064.18 28337.55
5065.18 28343.37
5066.18 28349.52
5067.17 28355.24
5068.19 28360.96
5069.20 28366.50
5070.18 28372.26
5071.18 28377.88
5072.18 28383.29
5073.18 28389.29
5074.19 28395.29
5075.18 28401.24
5076.18 28407.25
5077.17 28413.32
5078.19 28419.43
5079.18 28425.20
5080.18 28431.10
5081.19 28436.84
5082.19 28442.30
5083.18 28447.77
5084.19 28453.35
5085.18 28458.86
5086.19 28464.38
5087.19 28469.85
5088.18 28475.24
5089.18 28480.67
5090.18 28485.44
5091.18 28490.72
5092.18 28496.00
5093.18 28501.39
5094.18 28506.61
5095.18 28511.85
5096.18 28517.06
5097.17 28522.41
5098.18 28527.72
5099.19 28532.23
5100.19 28537.31
5101.18 28542.19
5102.18 28547.30
5103.18 28552.71
5104.18 28557.76
5105.18 28562.95
5106.19 28568.37
5107.19 28573.84
5108.18 28578.57
5109.19 28583.96
5110.19 28589.36
5111.18 28594.66
5112.18 28600.25
5113.18 28605.68
5114.18 28611.10
5115.18 28616.61
5116.18 28622.05
5117.19 28627.61
5118.19 28632.87
5119.18 28638.32
5120.19 28643.70
5121.18 28649.07
5122.19 28654.50
5123.19 28659.55
5124.18 28665.17
5125.18 28670.89
5126.18 28676.74
5127.19 28682.55
5128.18 28688.09
5129.19 28693.84
5130.18 28699.70
5131.18 28705.02
5132.18 28710.32
5133.18 28715.13
5134.18 28720.29
5135.18 28725.86
5136.18 28731.42
5137.18 28737.10
5138.18 28742.78
5139.18 28748.37
5140.18 28753.99
5141.18 28759.03
5142.18 28764.45
5143.18 28770.29
5144.18 28776.05
5145.18 28781.67
5146.18 28787.46
5147.18 28793.13
5148.19 28799.04
5149.18 28804.57
5150.18 28810.23
5151.18 28815.81
5152.18 28821.35
5153.18 28826.97
5154.18 28832.54
5155.18 28837.53
5156.18 28843.40
5157.18 28849.30
5158.18 28854.90
5159.18 28860.39
5160.18 28866.23
5161.18 28871.98
5162.18 28877.42
5163.18 28882.88
5164.18 28888.31
5165.18 28893.86
5166.18 28899.63
5167.18 28905.56
5168.18 28911.93
5169.18 28918.09
5170.18 28924.14
5171.18 28930.10
5172.19 28936.08
5173.18 28941.94
5174.18 28947.83
5175.18 28953.45
5176.18 28959.28
5177.19 28965.26
5178.18 28970.86
5179.18 28976.79
5180.18 28982.80
5181.19 28988.76
5182.18 28994.75
5183.18 29000.59
5184.18 29006.49
5185.18 29011.61
5186.18 29016.89
5187.18 29022.87
5188.18 29028.69
5189.18 29034.46
5190.18 29040.53
5191.18 29046.67
5192.18 29052.61
5193.19 29058.65
5194.18 29064.63
5195.18 29070.43
5196.18 29076.49
5197.18 29082.16
5198.18 29088.03
5199.19 29093.80
5200.18 29099.50
5201.18 29105.28
5202.18 29111.20
5203.18 29116.84
5204.18 29122.64
5205.18 29128.24
5206.18 29133.89
5207.18 29139.31
5208.18 29144.10
5209.18 29149.46
5210.18 29154.92
5211.18 29160.47
5212.18 29165.79
5213.18 29171.12
5214.18 29176.55
5215.18 29181.88
5216.18 29187.25
5217.18 29192.60
5218.18 29197.78
5219.19 29202.87
5220.18 29208.07
5221.19 29213.47
5222.18 29218.73
5223.18 29224.13
5224.19 29229.43
5225.18 29234.60
5226.18 29239.79
5227.18 29244.83
5228.18 29249.97
5229.18 29255.25
5230.19 29260.71
5231.18 29266.11
5232.18 29271.38
5233.18 29276.57
5234.18 29282.08
5235.18 29287.61
5236.18 29293.36
5237.18 29298.91
5238.19 29304.42
5239.20 29309.75
5240.19 29315.38
5241.18 29321.03
5242.19 29326.63
5243.20 29332.22
5244.18 29337.94
5245.18 29343.49
5246.19 29349.11
5247.19 29354.85
5248.19 29360.15
5249.18 29365.52
5250.18 29371.23
5251.18 29376.74
5252.19 29382.72
5253.18 29388.28
5254.18 29394.17
5255.20 29400.07
5256.18 29405.76
5257.18 29411.48
5258.18 29417.18
5259.18 29422.76
5260.19 29428.43
5261.20 29434.24
5262.18 29439.85
5263.20 29445.96
5264.18 29451.48
5265.19 29457.27
5266.18 29462.85
5267.18 29468.79
5268.20 29474.99
5269.20 29480.99
5270.18 29486.54
5271.19 29492.41
5272.18 29498.28
5273.20 29504.39
5274.18 29510.13
5275.18 29515.62
5276.18 29520.79
5277.18 29526.18
5278.20 29532.25
5279.19 29537.79
5280.18 29543.62
5281.20 29549.22
5282.18 29555.15
5283.19 29561.30
5284.18 29566.82
5285.20 29572.63
5286.18 29578.50
5287.17 29584.14
5288.18 29590.16
5289.17 29596.30
5290.20 29602.50
5291.18 29608.57
5292.18 29614.74
5293.18 29620.30
5294.20 29626.08
5295.20 29631.97
5296.19 29637.89
5297.18 29643.52
5298.18 29649.05
5299.19 29654.64
5300.17 29660.50
5301.19 29666.83
5302.17 29672.97
5303.18 29679.10
5304.18 29685.21
5305.18 29691.40
5306.20 29697.22
5307.19 29702.56
5308.20 29708.26
5309.19 29714.01
5310.19 29720.01
5311.20 29725.94
5312.18 29731.96
5313.19 29737.99
5314.19 29744.12
5315.18 29750.37
5316.18 29756.20
5317.18 29762.18
5318.18 29768.37
5319.17 29774.62
5320.17 29780.82
5321.19 29787.18
5322.18 29793.24
5323.18 29799.35
5324.20 29805.41
5325.18 29811.13
5326.20 29816.96
5327.17 29822.29
5328.20 29827.87
5329.17 29832.99
5330.17 29838.31
5331.18 29843.76
5332.18 29849.19
5333.18 29854.68
5334.19 29860.22
5335.18 29865.53
5336.19 29870.81
5337.18 29876.05
5338.18 29881.39
5339.17 29886.52
5340.18 29891.69
5341.20 29896.64
5342.18 29901.59
5343.18 29906.71
5344.18 29911.80
5345.18 29917.09
5346.20 29922.60
5347.18 29927.41
5348.18 29932.84
5349.20 29938.24
5350.18 29943.50
5351.17 29948.80
5352.20 29954.42
5353.18 29959.73
5354.19 29965.11
5355.20 29970.79
5356.19 29976.31
5357.20 29981.66
5358.18 29986.75
5359.20 29991.93
5360.18 29996.92
5361.19 30002.24
5362.19 30007.69
5363.18 30013.08
5364.18 30018.69
5365.18 30024.18
5366.20 30029.66
5367.18 30035.11
5368.18 30040.98
5369.20 30046.75
5370.19 30052.53
5371.18 30058.28
5372.20 30063.95
5373.19 30069.66
5374.19 30075.47
5375.20 30081.14
5376.19 30086.71
5377.20 30092.75
5378.18 30097.78
5379.19 30103.56
5380.19 30109.38
5381.20 30115.04
5382.18 30120.49
5383.20 30126.17
5384.19 30131.82
5385.20 30137.57
5386.19 30143.13
5387.20 30148.92
5388.19 30154.42
5389.18 30159.79
5390.19 30164.96
5391.20 30170.69
5392.19 30175.86
5393.20 30181.40
5394.19 30186.97
5395.20 30192.25
5396.19 30197.65
5397.20 30203.29
5398.20 30209.09
5399.20 30214.71
5400.18 30220.36
5401.20 30226.28
5402.20 30231.94
5403.20 30237.90
5404.20 30243.54
5405.20 30249.50
5406.20 30255.50
5407.19 30260.74
5408.20 30266.86
5409.18 30272.88
5410.20 30279.07
5411.19 30284.77
5412.19 30290.89
5413.19 30296.93
5414.20 30303.00
5415.20 30308.94
5416.19 30314.96
5417.19 30320.91
5418.20 30326.85
5419.19 30332.82
5420.20 30338.40
5421.20 30344.02
5422.20 30349.63
5423.19 30354.65
5424.20 30360.41
5425.19 30366.09
5426.20 30372.21
5427.19 30377.66
5428.20 30383.05
5429.19 30388.41
5430.18 30393.77
5431.20 30399.53
5432.19 30405.17
5433.19 30410.93
5434.20 30416.74
5435.18 30422.15
5436.20 30428.42
5437.19 30434.65
5438.20 30440.57
5439.18 30446.38
5440.20 30452.74
5441.20 30458.67
5442.20 30464.59
5443.19 30470.44
5444.20 30476.36
5445.19 30482.01
5446.19 30487.73
5447.19 30493.51
5448.19 30499.17
5449.19 30504.73
5450.19 30510.16
5451.20 30515.58
5452.19 30520.76
5453.19 30525.92
5454.20 30531.22
5455.19 30536.20
5456.19 30541.34
5457.19 30546.45
5458.20 30551.72
5459.20 30557.10
5460.20 30562.21
5461.19 30567.38
5462.19 30572.33
5463.20 30577.51
5464.19 30582.30
5465.19 30587.20
5466.19 30592.30
5467.21 30597.31
5468.19 30601.95
5469.20 30606.72
5470.18 30611.71
5471.20 30616.96
5472.19 30622.06
5473.19 30627.16
5474.19 30632.20
5475.19 30637.42
5476.20 30642.74
5477.19 30647.95
5478.20 30653.41
5479.19 30658.58
5480.19 30663.76
5481.20 30669.40
5482.19 30674.44
5483.20 30679.20
5484.19 30683.95
5485.20 30689.41
5486.19 30694.94
5487.20 30700.49
5488.19 30705.99
5489.19 30711.56
5490.19 30717.24
5491.19 30722.75
5492.20 30728.43
5493.19 30733.84
5494.20 30739.00
5495.19 30744.45
5496.20 30750.30
5497.19 30755.71
5498.20 30761.41
5499.20 30766.93
5500.19 30772.61
5501.20 30778.11
5502.19 30783.37
5503.19 30788.95
5504.20 30794.00
5505.19 30799.73
5506.19 30805.31
5507.18 30810.50
5508.19 30816.40
5509.19 30822.06
5510.20 30827.63
5511.20 30833.30
5512.19 30838.93
5513.20 30844.52
5514.18 30849.86
5515.20 30855.60
5516.18 30860.88
5517.20 30866.33
5518.18 30871.94
5519.19 30877.79
5520.19 30883.25
5521.19 30889.29
5522.17 30894.57
5523.18 30898.62
5524.18 30903.21
5525.19 30908.17
5526.19 30913.60
5527.19 30919.36
5528.18 30924.94
5529.19 30930.73
5530.18 30936.59
5531.19 30942.17
5532.19 30947.60
5533.19 30952.85
5534.17 30957.91
5535.18 30962.78
5536.18 30967.37
5537.18 30974.10
5538.19 30980.66
5539.19 30987.25
5540.19 30993.81
5541.18 31000.35
5542.18 31006.84
5543.18 31013.42
5544.18 31020.04
5545.18 31026.61
5546.18 31033.21
5547.18 31039.81
5548.18 31046.33
5549.18 31052.80
5550.18 31059.41
5551.18 31066.00
5552.18 31072.44
5553.18 31079.20
5554.18 31085.75
5555.18 31092.31
5556.18 31099.02
5557.18 31105.64
5558.18 31112.32
5559.18 31118.64
5560.18 31125.42
5561.19 31131.75
5562.18 31138.55
5563.19 31145.27
5564.19 31151.97
5565.19 31158.59
5566.18 31165.25
5567.18 31171.88
5568.19 31178.47
5569.19 31185.13
5570.19 31191.27
5571.19 31198.39
5572.19 31205.06
5573.19 31211.68
5574.19 31217.98
5575.18 31224.78
5576.18 31231.50
5577.19 31238.14
5578.18 31244.76
5579.18 31251.33
5580.19 31258.10
5581.19 31264.80
5582.19 31271.36
5583.18 31277.93
5584.19 31284.64
5585.19 31291.13
5586.19 31297.70
5587.18 31304.00
5588.18 31310.91
5589.18 31317.51
5590.18 31324.17
5591.19 31330.79
5592.18 31337.38
5593.19 31344.15
5594.19 31350.47
5595.19 31357.33
5596.18 31363.96
5597.17 31370.48
5598.18 31376.92
5599.19 31382.71
5600.19 31386.40
5601.19 31390.25
5602.20 31394.35
5603.18 31398.50
5604.18 31402.84
5605.18 31407.62
5606.18 31411.78
5607.18 31416.32
5608.18 31421.88
5609.19 31427.08
5610.19 31432.16
5611.19 31437.48
5612.19 31442.69
5613.18 31447.99
5614.18 31453.46
5615.18 31458.75
5616.19 31463.96
5617.18 31469.33
5618.19 31474.82
5619.19 31480.46
5620.18 31485.87
5621.18 31491.44
5622.20 31497.14
5623.19 31502.60
5624.18 31507.91
5625.18 31513.41
5626.18 31518.79
5627.19 31524.45
5628.18 31529.90
5629.19 31535.61
5630.18 31541.02
5631.19 31546.78
5632.18 31552.19
5633.19 31557.39
5634.19 31562.98
5635.18 31568.58
5636.18 31573.78
5637.18 31579.10
5638.19 31584.05
5639.18 31586.48
5640.17 31590.46
5641.23 31596.59
5642.26 31602.21
5643.28 31607.92
5644.22 31613.45
5645.23 31619.17
5646.18 31624.27
5647.19 31630.54
