10.61 8.39 6.46 12/2318 5237
10.61 8.39 6.46 8/2318 5256
10.61 8.39 6.46 9/2315 5276
10.61 8.39 6.46 2/2315 5295
10.81 8.46 6.49 2/2315 5314
10.81 8.46 6.49 3/2315 5334
10.81 8.46 6.49 8/2314 5354
10.81 8.46 6.49 8/2314 5374
10.81 8.46 6.49 2/2314 5393
10.90 8.52 6.52 7/2312 5415
10.90 8.52 6.52 5/2312 5435
10.90 8.52 6.52 15/2312 5454
10.90 8.52 6.52 9/2312 5474
10.67 8.51 6.53 3/2305 5508
10.67 8.51 6.53 1/2304 5529
10.67 8.51 6.53 2/2302 5548
10.67 8.51 6.53 2/2302 5568
10.67 8.51 6.53 4/2302 5590
10.53 8.52 6.54 1/2302 5609
10.53 8.52 6.54 2/2295 5629
10.53 8.52 6.54 6/2295 5649
10.53 8.52 6.54 3/2295 5668
10.53 8.52 6.54 2/2295 5687
10.33 8.51 6.55 3/2295 5707
10.33 8.51 6.55 3/2295 5727
10.33 8.51 6.55 1/2295 5746
10.33 8.51 6.55 3/2295 5766
10.33 8.51 6.55 8/2295 5788
10.55 8.59 6.59 2/2295 5810
10.55 8.59 6.59 2/2295 5833
10.55 8.59 6.59 6/2295 5852
10.55 8.59 6.59 6/2295 5877
10.55 8.59 6.59 4/2295 5898
10.74 8.66 6.62 2/2295 5920
10.74 8.66 6.62 6/2295 5939
10.74 8.66 6.62 3/2295 5959
10.74 8.66 6.62 4/2295 5992
10.74 8.66 6.62 5/2294 6032
11.40 8.83 6.69 4/2294 6053
11.40 8.83 6.69 5/2294 6073
11.40 8.83 6.69 2/2294 6100
11.40 8.83 6.69 1/2294 6132
11.40 8.83 6.69 1/2293 6151
10.97 8.78 6.68 2/2293 6171
10.97 8.78 6.68 8/2293 6192
10.97 8.78 6.68 4/2293 6211
10.97 8.78 6.68 8/2293 6230
10.97 8.78 6.68 4/2293 6254
10.97 8.82 6.71 1/2293 6275
10.97 8.82 6.71 3/2293 6296
10.97 8.82 6.71 2/2293 6317
10.97 8.82 6.71 2/2293 6338
10.97 8.82 6.71 1/2293 6358
11.06 8.87 6.74 3/2293 6380
11.06 8.87 6.74 3/2293 6408
11.06 8.87 6.74 3/2293 6427
11.06 8.87 6.74 4/2293 6448
11.06 8.87 6.74 2/2293 6467
10.73 8.84 6.74 8/2293 6487
10.73 8.84 6.74 2/2293 6507
10.73 8.84 6.74 4/2293 6527
10.73 8.84 6.74 6/2293 6547
10.73 8.84 6.74 1/2292 6567
10.75 8.88 6.76 3/2292 6588
10.75 8.88 6.76 2/2292 6611
10.75 8.88 6.76 2/2292 6631
10.75 8.88 6.76 1/2292 6650
10.75 8.88 6.76 2/2292 6670
10.69 8.90 6.78 5/2292 6698
10.69 8.90 6.78 3/2291 6717
10.69 8.90 6.78 3/2291 6736
10.69 8.90 6.78 3/2291 6762
10.69 8.90 6.78 1/2291 6785
10.56 8.90 6.79 5/2291 6805
10.56 8.90 6.79 14/2291 6830
10.56 8.90 6.79 2/2292 6850
10.56 8.90 6.79 6/2292 6870
10.56 8.90 6.79 2/2292 6890
10.19 8.85 6.79 5/2293 6913
10.19 8.85 6.79 4/2292 6944
10.19 8.85 6.79 5/2293 6973
10.26 8.89 6.81 3/2294 7001
10.26 8.89 6.81 2/2294 7020
10.26 8.89 6.81 3/2294 7039
10.26 8.89 6.81 2/2316 7100
10.26 8.89 6.81 4/2334 7193
10.16 8.89 6.82 14/2367 7254
10.16 8.89 6.82 3/2410 7343
10.16 8.89 6.82 2/2408 7364
10.16 8.89 6.82 1/2404 7384
10.16 8.89 6.82 1/2400 7404
10.06 8.89 6.83 1/2400 7424
10.06 8.89 6.83 4/2401 7444
10.06 8.89 6.83 6/2401 7468
10.06 8.89 6.83 4/2401 7488
10.06 8.89 6.83 3/2401 7513
10.22 8.94 6.86 4/2401 7543
10.22 8.94 6.86 4/2401 7574
10.22 8.94 6.86 5/2401 7603
10.22 8.94 6.86 7/2401 7624
10.22 8.94 6.86 5/2401 7643
10.04 8.93 6.87 1/2400 7662
10.04 8.93 6.87 1/2400 7683
10.04 8.93 6.87 1/2400 7702
10.04 8.93 6.87 3/2400 7721
10.04 8.93 6.87 6/2400 7741
9.96 8.93 6.88 4/2400 7760
9.96 8.93 6.88 3/2400 7780
9.96 8.93 6.88 2/2400 7800
9.96 8.93 6.88 3/2400 7819
9.96 8.93 6.88 1/2400 7838
9.80 8.91 6.89 3/2400 7862
9.80 8.91 6.89 4/2400 7882
9.80 8.91 6.89 1/2400 7902
9.80 8.91 6.89 5/2400 7922
9.80 8.91 6.89 1/2400 7941
9.74 8.92 6.90 4/2400 7960
9.74 8.92 6.90 1/2400 7983
9.74 8.92 6.90 2/2400 8002
9.74 8.92 6.90 1/2400 8026
9.74 8.92 6.90 3/2400 8047
9.44 8.87 6.89 4/2400 8068
9.44 8.87 6.89 1/2400 8087
9.44 8.87 6.89 3/2400 8107
9.44 8.87 6.89 4/2400 8127
9.44 8.87 6.89 2/2400 8146
9.56 8.90 6.91 2/2400 8166
9.56 8.90 6.91 5/2390 8186
9.56 8.90 6.91 6/2390 8207
9.56 8.90 6.91 1/2391 8231
9.56 8.90 6.91 1/2391 8251
9.52 8.90 6.93 2/2391 8270
9.52 8.90 6.93 3/2391 8290
9.52 8.90 6.93 4/2391 8311
9.52 8.90 6.93 3/2391 8330
9.52 8.90 6.93 2/2391 8353
9.47 8.91 6.94 1/2391 8372
9.47 8.91 6.94 2/2391 8391
9.47 8.91 6.94 7/2391 8411
9.47 8.91 6.94 3/2391 8430
9.47 8.91 6.94 5/2391 8449
9.20 8.86 6.93 4/2391 8469
9.20 8.86 6.93 2/2391 8489
9.20 8.86 6.93 3/2391 8509
9.20 8.86 6.93 6/2389 8529
9.20 8.86 6.93 2/2388 8548
9.26 8.88 6.95 4/2387 8568
9.26 8.88 6.95 6/2374 8589
9.26 8.88 6.95 9/2391 8640
9.26 8.88 6.95 7/2399 8674
9.26 8.88 6.95 12/2399 8694
9.26 8.88 6.95 7/2398 8713
9.32 8.90 6.96 2/2397 8732
9.32 8.90 6.96 3/2393 8752
9.32 8.90 6.96 5/2393 8772
9.32 8.90 6.96 6/2395 8800
9.32 8.90 6.96 1/2396 8821
9.05 8.85 6.96 5/2396 8841
9.05 8.85 6.96 4/2395 8860
9.05 8.85 6.96 1/2395 8880
9.05 8.85 6.96 1/2395 8899
9.05 8.85 6.96 4/2395 8918
8.89 8.82 6.96 2/2394 8938
8.89 8.82 6.96 4/2394 8957
8.89 8.82 6.96 4/2394 8976
8.89 8.82 6.96 1/2394 8996
8.89 8.82 6.96 2/2394 9015
8.98 8.84 6.98 5/2394 9036
8.98 8.84 6.98 3/2392 9057
8.98 8.84 6.98 3/2392 9076
8.98 8.84 6.98 5/2392 9095
8.98 8.84 6.98 1/2392 9115
8.90 8.82 6.98 1/2392 9134
8.90 8.82 6.98 3/2392 9156
8.90 8.82 6.98 2/2394 9183
8.90 8.82 6.98 41/2399 9221
8.90 8.82 6.98 6/2406 9262
8.99 8.84 7.00 2/2400 9284
8.99 8.84 7.00 8/2404 9317
8.99 8.84 7.00 3/2409 9343
8.99 8.84 7.00 1/2408 9364
8.99 8.84 7.00 3/2408 9383
9.31 8.91 7.03 1/2408 9402
9.31 8.91 7.03 3/2409 9424
9.31 8.91 7.03 4/2409 9443
9.31 8.91 7.03 1/2409 9462
9.31 8.91 7.03 3/2409 9482
9.37 8.93 7.05 2/2409 9501
9.37 8.93 7.05 1/2409 9520
9.37 8.93 7.05 6/2409 9541
9.37 8.93 7.05 3/2409 9560
9.37 8.93 7.05 4/2409 9579
9.42 8.95 7.06 3/2409 9599
9.42 8.95 7.06 3/2409 9618
9.42 8.95 7.06 2/2409 9637
9.42 8.95 7.06 2/2409 9657
9.42 8.95 7.06 2/2409 9676
9.38 8.95 7.07 1/2409 9695
9.38 8.95 7.07 1/2409 9715
9.38 8.95 7.07 1/2409 9734
9.38 8.95 7.07 5/2407 9754
9.38 8.95 7.07 3/2407 9774
9.11 8.90 7.07 4/2407 9793
9.11 8.90 7.07 1/2407 9812
9.11 8.90 7.07 3/2407 9832
9.11 8.90 7.07 2/2407 9851
9.11 8.90 7.07 2/2407 9870
8.86 8.85 7.06 1/2407 9890
8.86 8.85 7.06 5/2408 9910
8.86 8.85 7.06 7/2408 9929
8.86 8.85 7.06 3/2408 9949
8.86 8.85 7.06 3/2408 9969
8.63 8.80 7.06 6/2408 9988
8.63 8.80 7.06 9/2408 10008
8.63 8.80 7.06 4/2408 10027
8.63 8.80 7.06 2/2408 10046
8.63 8.80 7.06 1/2408 10066
8.58 8.79 7.06 2/2408 10085
8.58 8.79 7.06 1/2408 10104
8.58 8.79 7.06 11/2408 10124
8.58 8.79 7.06 2/2408 10143
8.58 8.79 7.06 1/2408 10162
8.54 8.78 7.07 4/2408 10183
8.54 8.78 7.07 3/2408 10202
8.54 8.78 7.07 4/2408 10221
8.54 8.78 7.07 3/2408 10241
8.54 8.78 7.07 4/2408 10260
8.65 8.80 7.08 3/2408 10279
8.65 8.80 7.08 4/2408 10299
8.65 8.80 7.08 2/2408 10318
8.65 8.80 7.08 2/2408 10337
8.65 8.80 7.08 2/2408 10357
8.76 8.82 7.10 1/2408 10376
8.76 8.82 7.10 5/2408 10396
8.76 8.82 7.10 2/2406 10416
8.76 8.82 7.10 2/2405 10435
8.76 8.82 7.10 3/2397 10454
8.86 8.84 7.12 1/2397 10474
8.86 8.84 7.12 2/2393 10493
8.86 8.84 7.12 2/2393 10512
8.86 8.84 7.12 3/2392 10532
8.86 8.84 7.12 6/2391 10551
9.11 8.89 7.14 3/2391 10570
9.11 8.89 7.14 2/2391 10590
9.11 8.89 7.14 2/2390 10610
9.11 8.89 7.14 2/2389 10629
9.11 8.89 7.14 3/2388 10649
9.18 8.91 7.16 7/2388 10668
9.18 8.91 7.16 3/2388 10687
9.18 8.91 7.16 2/2388 10707
9.18 8.91 7.16 2/2388 10726
9.18 8.91 7.16 2/2388 10745
8.93 8.86 7.15 11/2388 10765
8.93 8.86 7.15 2/2388 10784
8.93 8.86 7.15 2/2388 10803
8.93 8.86 7.15 8/2388 10824
8.93 8.86 7.15 5/2388 10843
8.93 8.86 7.16 1/2388 10862
8.93 8.86 7.16 6/2388 10882
8.93 8.86 7.16 1/2388 10901
8.93 8.86 7.16 10/2388 10920
8.93 8.86 7.16 1/2388 10940
8.94 8.87 7.17 5/2388 10959
8.94 8.87 7.17 1/2388 10978
8.94 8.87 7.17 2/2388 10998
8.94 8.87 7.17 2/2388 11017
8.94 8.87 7.17 3/2388 11037
9.10 8.90 7.19 3/2388 11057
9.10 8.90 7.19 5/2388 11076
9.10 8.90 7.19 4/2388 11095
9.10 8.90 7.19 7/2388 11115
9.10 8.90 7.19 3/2389 11135
9.26 8.94 7.21 3/2389 11154
9.26 8.94 7.21 4/2389 11174
9.26 8.94 7.21 5/2389 11193
9.26 8.94 7.21 3/2389 11212
9.26 8.94 7.21 4/2389 11232
9.32 8.95 7.23 1/2389 11252
9.32 8.95 7.23 3/2389 11271
9.32 8.95 7.23 4/2389 11291
9.32 8.95 7.23 1/2389 11310
9.32 8.95 7.23 7/2389 11329
9.53 9.01 7.25 4/2389 11349
9.53 9.01 7.25 3/2389 11368
9.53 9.01 7.25 3/2389 11387
9.53 9.01 7.25 6/2389 11407
9.53 9.01 7.25 2/2389 11426
9.41 8.99 7.26 3/2388 11445
9.41 8.99 7.26 8/2388 11466
9.41 8.99 7.26 3/2388 11485
9.41 8.99 7.26 1/2388 11504
9.41 8.99 7.26 3/2388 11524
9.62 9.04 7.28 7/2388 11543
9.62 9.04 7.28 4/2388 11562
9.62 9.04 7.28 2/2388 11582
9.62 9.04 7.28 3/2388 11601
9.62 9.04 7.28 2/2388 11620
9.57 9.04 7.29 4/2389 11641
9.57 9.04 7.29 5/2389 11660
9.57 9.04 7.29 4/2389 11680
9.57 9.04 7.29 4/2389 11700
9.57 9.04 7.29 1/2389 11719
9.44 9.02 7.30 5/2389 11738
9.44 9.02 7.30 4/2389 11758
9.44 9.02 7.30 2/2389 11777
9.44 9.02 7.30 1/2389 11796
9.44 9.02 7.30 4/2389 11816
9.16 8.97 7.29 1/2389 11835
9.16 8.97 7.29 2/2389 11854
9.16 8.97 7.29 11/2390 11875
9.16 8.97 7.29 3/2389 11894
9.16 8.97 7.29 5/2389 11913
9.39 9.02 7.32 4/2389 11933
9.39 9.02 7.32 2/2389 11952
9.39 9.02 7.32 7/2389 11971
9.39 9.02 7.32 4/2389 11991
9.39 9.02 7.32 5/2389 12010
9.36 9.02 7.33 3/2389 12029
9.36 9.02 7.33 2/2389 12049
9.36 9.02 7.33 6/2389 12068
9.36 9.02 7.33 3/2389 12088
9.36 9.02 7.33 3/2389 12108
9.25 9.00 7.33 9/2389 12127
9.25 9.00 7.33 11/2389 12146
9.25 9.00 7.33 3/2389 12166
9.25 9.00 7.33 5/2389 12185
9.25 9.00 7.33 5/2389 12204
9.55 9.07 7.36 5/2389 12224
9.55 9.07 7.36 1/2389 12243
9.55 9.07 7.36 2/2389 12262
9.55 9.07 7.36 2/2389 12282
9.55 9.07 7.36 4/2389 12302
9.35 9.03 7.36 6/2389 12321
9.35 9.03 7.36 6/2389 12341
9.35 9.03 7.36 2/2389 12360
9.35 9.03 7.36 5/2389 12379
9.35 9.03 7.36 1/2389 12399
9.16 9.00 7.36 1/2389 12418
9.16 9.00 7.36 2/2389 12437
9.16 9.00 7.36 1/2389 12457
9.16 9.00 7.36 5/2389 12476
9.16 9.00 7.36 5/2389 12495
9.15 9.00 7.37 2/2389 12516
9.15 9.00 7.37 2/2389 12535
9.15 9.00 7.37 3/2389 12554
9.15 9.00 7.37 6/2389 12574
9.15 9.00 7.37 5/2389 12593
9.05 8.98 7.37 3/2390 12615
9.05 8.98 7.37 2/2390 12635
9.05 8.98 7.37 5/2390 12654
9.05 8.98 7.37 3/2390 12673
9.05 8.98 7.37 5/2395 12699
8.97 8.97 7.37 2/2395 12718
8.97 8.97 7.37 3/2395 12738
8.97 8.97 7.37 6/2395 12758
8.97 8.97 7.37 1/2395 12777
8.97 8.97 7.37 7/2395 12796
9.05 8.98 7.39 5/2395 12816
9.05 8.98 7.39 1/2395 12835
9.05 8.98 7.39 4/2395 12854
9.05 8.98 7.39 9/2395 12874
9.05 8.98 7.39 2/2395 12893
8.89 8.95 7.38 4/2395 12912
8.89 8.95 7.38 2/2395 12932
8.89 8.95 7.38 2/2395 12952
8.89 8.95 7.38 2/2396 12972
8.89 8.95 7.38 7/2396 12992
8.66 8.90 7.38 4/2396 13011
8.66 8.90 7.38 2/2396 13030
8.66 8.90 7.38 5/2396 13050
8.66 8.90 7.38 3/2396 13069
8.66 8.90 7.38 1/2396 13088
8.60 8.89 7.38 12/2396 13108
8.60 8.89 7.38 7/2396 13127
8.60 8.89 7.38 3/2396 13146
8.60 8.89 7.38 2/2396 13167
8.60 8.89 7.38 5/2396 13186
9.04 8.97 7.41 1/2396 13205
9.04 8.97 7.41 3/2396 13225
9.04 8.97 7.41 6/2396 13244
9.04 8.97 7.41 4/2396 13263
9.04 8.97 7.41 7/2396 13283
9.03 8.97 7.42 2/2396 13302
9.03 8.97 7.42 4/2396 13321
9.03 8.97 7.42 5/2396 13341
9.03 8.97 7.42 4/2396 13361
9.03 8.97 7.42 7/2396 13380
8.79 8.92 7.42 10/2398 13402
8.79 8.92 7.42 4/2396 13421
8.79 8.92 7.42 4/2396 13440
8.79 8.92 7.42 3/2396 13460
8.79 8.92 7.42 3/2397 13480
8.81 8.92 7.42 3/2397 13499
8.81 8.92 7.42 3/2397 13519
8.81 8.92 7.42 7/2397 13538
8.81 8.92 7.42 3/2397 13557
8.81 8.92 7.42 2/2397 13578
8.82 8.93 7.43 3/2397 13597
8.82 8.93 7.43 9/2397 13616
8.82 8.93 7.43 1/2397 13636
8.82 8.93 7.43 2/2397 13655
8.82 8.93 7.43 2/2397 13674
8.84 8.93 7.44 1/2397 13694
8.84 8.93 7.44 3/2397 13713
8.84 8.93 7.44 4/2397 13732
8.84 8.93 7.44 5/2397 13752
8.84 8.93 7.44 3/2397 13771
9.17 8.99 7.47 9/2397 13791
9.17 8.99 7.47 3/2397 13811
9.17 8.99 7.47 2/2397 13830
9.17 8.99 7.47 6/2397 13849
9.17 8.99 7.47 1/2393 13869
9.16 9.00 7.48 3/2393 13888
9.16 9.00 7.48 4/2394 13908
9.16 9.00 7.48 3/2394 13928
9.16 9.00 7.48 1/2394 13947
9.16 9.00 7.48 2/2393 13966
9.22 9.01 7.49 10/2393 13986
9.22 9.01 7.49 1/2393 14006
9.22 9.01 7.49 2/2393 14025
9.22 9.01 7.49 3/2393 14045
9.22 9.01 7.49 4/2393 14064
9.05 8.98 7.49 2/2393 14083
9.05 8.98 7.49 6/2393 14103
9.05 8.98 7.49 4/2393 14122
9.05 8.98 7.49 2/2393 14141
9.05 8.98 7.49 1/2393 14161
9.12 9.00 7.51 2/2393 14180
9.12 9.00 7.51 2/2393 14199
9.12 9.00 7.51 2/2393 14220
9.12 9.00 7.51 2/2393 14239
9.12 9.00 7.51 2/2393 14258
8.87 8.95 7.50 2/2393 14278
8.87 8.95 7.50 7/2393 14297
8.87 8.95 7.50 3/2393 14316
8.87 8.95 7.50 2/2393 14336
8.87 8.95 7.50 1/2393 14355
8.72 8.91 7.49 1/2393 14374
8.72 8.91 7.49 4/2393 14394
8.72 8.91 7.49 4/2393 14414
8.72 8.91 7.49 4/2393 14434
8.72 8.91 7.49 3/2393 14454
8.58 8.88 7.49 5/2393 14473
8.58 8.88 7.49 3/2393 14492
8.58 8.88 7.49 1/2393 14512
8.58 8.88 7.49 3/2393 14531
8.58 8.88 7.49 1/2393 14550
8.94 8.95 7.52 2/2392 14570
8.94 8.95 7.52 5/2392 14589
8.94 8.95 7.52 1/2392 14608
8.94 8.95 7.52 6/2392 14628
8.94 8.95 7.52 1/2392 14648
8.70 8.90 7.51 1/2392 14667
8.70 8.90 7.51 4/2392 14687
8.70 8.90 7.51 2/2392 14706
8.70 8.90 7.51 1/2392 14725
8.70 8.90 7.51 4/2392 14745
8.81 8.92 7.53 2/2392 14764
8.81 8.92 7.53 3/2392 14783
8.81 8.92 7.53 2/2392 14803
8.81 8.92 7.53 1/2392 14822
8.81 8.92 7.53 4/2392 14841
8.74 8.90 7.53 3/2392 14862
8.74 8.90 7.53 4/2392 14881
8.74 8.90 7.53 6/2392 14900
8.74 8.90 7.53 6/2392 14920
8.74 8.90 7.53 3/2392 14939
8.52 8.85 7.52 1/2392 14958
8.52 8.85 7.52 5/2392 14978
8.52 8.85 7.52 4/2392 14997
8.52 8.85 7.52 2/2392 15016
8.52 8.85 7.52 7/2392 15036
8.48 8.84 7.52 2/2392 15056
8.48 8.84 7.52 2/2392 15075
8.48 8.84 7.52 2/2392 15095
8.48 8.84 7.52 4/2391 15114
8.48 8.84 7.52 2/2391 15133
8.44 8.83 7.53 2/2391 15153
8.44 8.83 7.53 5/2391 15172
8.44 8.83 7.53 2/2391 15191
8.44 8.83 7.53 4/2389 15211
8.44 8.83 7.53 5/2389 15230
8.33 8.80 7.52 4/2389 15249
8.33 8.80 7.52 4/2389 15270
8.33 8.80 7.52 5/2389 15289
8.33 8.80 7.52 1/2387 15308
8.33 8.80 7.52 1/2387 15328
8.38 8.80 7.53 1/2387 15347
8.38 8.80 7.53 3/2387 15366
8.38 8.80 7.53 3/2387 15386
8.38 8.80 7.53 7/2387 15405
8.38 8.80 7.53 3/2387 15424
8.35 8.79 7.54 1/2387 15444
8.35 8.79 7.54 2/2387 15463
8.35 8.79 7.54 5/2387 15483
8.35 8.79 7.54 2/2387 15503
8.35 8.79 7.54 1/2387 15522
8.16 8.74 7.53 1/2387 15541
8.16 8.74 7.53 2/2387 15561
8.16 8.74 7.53 3/2387 15580
8.16 8.74 7.53 3/2387 15599
8.16 8.74 7.53 2/2387 15619
8.15 8.73 7.53 3/2387 15638
8.15 8.73 7.53 3/2387 15657
8.15 8.73 7.53 5/2387 15677
8.15 8.73 7.53 4/2387 15697
8.15 8.73 7.53 4/2387 15717
8.22 8.73 7.54 3/2387 15737
8.22 8.73 7.54 3/2387 15756
8.22 8.73 7.54 2/2387 15775
8.22 8.73 7.54 3/2387 15795
8.22 8.73 7.54 4/2387 15814
8.60 8.80 7.57 10/2387 15833
8.60 8.80 7.57 2/2387 15853
8.60 8.80 7.57 5/2387 15872
8.60 8.80 7.57 3/2387 15891
8.60 8.80 7.57 3/2387 15912
8.39 8.76 7.56 4/2387 15931
8.39 8.76 7.56 2/2387 15950
8.39 8.76 7.56 3/2387 15970
8.39 8.76 7.56 2/2387 15989
8.39 8.76 7.56 3/2387 16008
9.16 8.91 7.62 3/2387 16028
9.16 8.91 7.62 1/2387 16047
9.16 8.91 7.62 7/2387 16066
9.16 8.91 7.62 3/2387 16086
9.16 8.91 7.62 3/2387 16105
9.63 9.01 7.66 4/2387 16127
9.63 9.01 7.66 3/2387 16147
9.63 9.01 7.66 3/2387 16166
9.63 9.01 7.66 1/2387 16185
9.63 9.01 7.66 3/2387 16205
9.66 9.03 7.67 2/2387 16224
9.66 9.03 7.67 3/2387 16243
9.66 9.03 7.67 1/2387 16263
9.66 9.03 7.67 3/2387 16282
9.66 9.03 7.67 2/2386 16301
9.45 8.99 7.66 3/2385 16322
9.45 8.99 7.66 3/2385 16341
9.45 8.99 7.66 4/2384 16360
9.45 8.99 7.66 7/2383 16380
9.45 8.99 7.66 2/2383 16399
9.41 8.99 7.67 5/2383 16418
9.41 8.99 7.67 2/2383 16438
9.41 8.99 7.67 2/2383 16457
9.41 8.99 7.67 3/2383 16476
9.41 8.99 7.67 2/2383 16496
9.46 9.01 7.68 3/2383 16515
9.46 9.01 7.68 2/2383 16534
9.46 9.01 7.68 3/2383 16555
9.46 9.01 7.68 3/2383 16574
9.46 9.01 7.68 4/2383 16593
9.42 9.01 7.69 6/2383 16613
9.42 9.01 7.69 2/2383 16632
9.42 9.01 7.69 3/2383 16651
9.42 9.01 7.69 6/2384 16672
9.42 9.01 7.69 4/2384 16691
9.47 9.03 7.70 1/2384 16710
9.47 9.03 7.70 1/2384 16730
9.47 9.03 7.70 2/2384 16750
9.47 9.03 7.70 3/2384 16769
9.47 9.03 7.70 4/2384 16789
9.51 9.04 7.72 7/2384 16808
9.51 9.04 7.72 2/2384 16827
9.51 9.04 7.72 3/2384 16847
9.51 9.04 7.72 3/2384 16866
9.51 9.04 7.72 3/2384 16885
9.95 9.14 7.76 5/2384 16905
9.95 9.14 7.76 5/2385 16925
9.95 9.14 7.76 2/2385 16944
9.95 9.14 7.76 1/2385 16965
9.95 9.14 7.76 3/2385 16984
10.03 9.17 7.77 1/2384 17003
10.03 9.17 7.77 6/2384 17023
10.03 9.17 7.77 4/2384 17042
10.03 9.17 7.77 4/2384 17061
10.03 9.17 7.77 3/2384 17081
10.11 9.20 7.79 3/2384 17100
10.11 9.20 7.79 2/2384 17119
10.11 9.20 7.79 3/2384 17139
10.11 9.20 7.79 1/2384 17158
10.11 9.20 7.79 1/2384 17178
9.94 9.18 7.79 1/2384 17198
9.94 9.18 7.79 5/2384 17217
9.94 9.18 7.79 1/2384 17236
9.94 9.18 7.79 4/2384 17256
9.94 9.18 7.79 9/2384 17275
9.87 9.18 7.80 5/2384 17294
9.87 9.18 7.80 1/2384 17314
9.87 9.18 7.80 3/2384 17333
9.87 9.18 7.80 3/2384 17352
9.87 9.18 7.80 1/2384 17372
9.80 9.18 7.81 3/2384 17392
9.80 9.18 7.81 5/2384 17411
9.80 9.18 7.81 4/2384 17431
9.80 9.18 7.81 4/2384 17450
9.80 9.18 7.81 4/2384 17469
9.57 9.14 7.80 2/2384 17489
9.57 9.14 7.80 6/2383 17508
9.57 9.14 7.80 1/2383 17527
9.57 9.14 7.80 2/2383 17547
9.57 9.14 7.80 2/2383 17566
9.77 9.19 7.83 3/2383 17585
9.77 9.19 7.83 2/2383 17606
9.77 9.19 7.83 3/2383 17625
9.77 9.19 7.83 1/2383 17644
9.77 9.19 7.83 3/2383 17664
10.03 9.25 7.85 2/2383 17683
10.03 9.25 7.85 3/2382 17702
10.03 9.25 7.85 4/2382 17722
10.03 9.25 7.85 4/2382 17741
10.03 9.25 7.85 3/2382 17760
10.02 9.27 7.86 3/2382 17780
10.02 9.27 7.86 4/2382 17799
10.02 9.27 7.86 4/2382 17819
10.02 9.27 7.86 5/2382 17839
10.02 9.27 7.86 6/2382 17858
10.10 9.29 7.88 2/2382 17877
10.10 9.29 7.88 10/2382 17897
10.10 9.29 7.88 3/2382 17916
10.10 9.29 7.88 3/2382 17935
10.10 9.29 7.88 4/2382 17955
10.33 9.36 7.91 12/2382 17974
10.33 9.36 7.91 3/2382 17993
10.33 9.36 7.91 4/2383 18014
10.33 9.36 7.91 7/2383 18034
10.33 9.36 7.91 6/2384 18054
10.23 9.35 7.92 4/2384 18074
10.23 9.35 7.92 6/2384 18093
10.23 9.35 7.92 7/2384 18112
10.23 9.35 7.92 4/2384 18132
10.23 9.35 7.92 8/2384 18151
10.05 9.33 7.92 3/2384 18170
10.05 9.33 7.92 4/2384 18190
10.05 9.33 7.92 2/2384 18209
10.05 9.33 7.92 10/2384 18229
10.05 9.33 7.92 3/2384 18249
10.21 9.37 7.94 6/2384 18269
10.21 9.37 7.94 4/2384 18290
10.21 9.37 7.94 4/2384 18310
10.21 9.37 7.94 2/2384 18329
10.21 9.37 7.94 2/2384 18348
10.35 9.42 7.96 5/2384 18368
10.35 9.42 7.96 4/2384 18387
10.35 9.42 7.96 5/2384 18406
10.35 9.42 7.96 8/2384 18426
10.35 9.42 7.96 1/2384 18446
10.16 9.39 7.96 3/2384 18465
10.16 9.39 7.96 7/2384 18486
10.16 9.39 7.96 7/2384 18505
10.16 9.39 7.96 2/2384 18524
10.16 9.39 7.96 3/2384 18544
9.91 9.35 7.95 1/2384 18563
9.91 9.35 7.95 4/2384 18583
9.91 9.35 7.95 1/2384 18603
9.91 9.35 7.95 2/2384 18622
9.91 9.35 7.95 5/2384 18641
9.91 9.35 7.95 1/2384 18662
10.08 9.40 7.98 2/2384 18681
10.08 9.40 7.98 1/2384 18700
10.08 9.40 7.98 19/2384 18724
10.08 9.40 7.98 4/2384 18745
10.08 9.40 7.98 3/2384 18765
9.91 9.37 7.98 2/2385 18787
9.91 9.37 7.98 3/2385 18806
9.91 9.37 7.98 3/2385 18825
9.91 9.37 7.98 1/2385 18845
9.91 9.37 7.98 4/2385 18864
9.76 9.35 7.98 6/2385 18884
9.76 9.35 7.98 4/2385 18904
9.76 9.35 7.98 8/2383 18923
9.76 9.35 7.98 6/2383 18942
9.76 9.35 7.98 5/2383 18962
9.78 9.36 7.99 3/2383 18981
9.78 9.36 7.99 7/2383 19000
9.78 9.36 7.99 3/2383 19020
9.78 9.36 7.99 2/2383 19039
9.78 9.36 7.99 4/2383 19058
10.11 9.44 8.02 2/2383 19078
10.11 9.44 8.02 3/2383 19098
10.11 9.44 8.02 4/2383 19117
10.11 9.44 8.02 5/2383 19137
10.11 9.44 8.02 3/2383 19156
9.94 9.41 8.02 8/2383 19176
9.94 9.41 8.02 6/2383 19196
9.94 9.41 8.02 2/2383 19215
9.94 9.41 8.02 2/2383 19234
9.94 9.41 8.02 5/2383 19254
10.27 9.49 8.05 2/2383 19275
10.27 9.49 8.05 2/2383 19294
10.27 9.49 8.05 7/2382 19315
10.27 9.49 8.05 4/2382 19334
10.27 9.49 8.05 2/2382 19353
10.17 9.48 8.06 2/2382 19373
10.17 9.48 8.06 1/2382 19392
10.17 9.48 8.06 2/2381 19411
10.17 9.48 8.06 3/2381 19431
10.17 9.48 8.06 3/2381 19450
9.91 9.44 8.05 4/2381 19469
9.91 9.44 8.05 2/2381 19490
9.91 9.44 8.05 3/2381 19510
9.91 9.44 8.05 1/2381 19529
9.91 9.44 8.05 7/2381 19549
9.60 9.38 8.04 4/2381 19568
9.60 9.38 8.04 4/2381 19587
9.60 9.38 8.04 2/2381 19607
9.60 9.38 8.04 1/2381 19626
9.60 9.38 8.04 3/2381 19647
9.55 9.38 8.05 5/2381 19667
9.55 9.38 8.05 2/2381 19686
9.55 9.38 8.05 4/2381 19705
9.55 9.38 8.05 5/2380 19726
9.55 9.38 8.05 4/2380 19745
9.67 9.40 8.06 1/2380 19765
9.67 9.40 8.06 1/2380 19788
9.67 9.40 8.06 3/2380 19808
9.67 9.40 8.06 5/2379 19832
9.67 9.40 8.06 1/2379 19852
9.70 9.41 8.07 1/2380 19872
9.70 9.41 8.07 3/2380 19893
9.70 9.41 8.07 2/2380 19913
9.70 9.41 8.07 5/2379 19934
9.70 9.41 8.07 2/2380 19955
9.72 9.42 8.08 1/2380 19976
9.72 9.42 8.08 8/2380 19995
9.72 9.42 8.08 3/2380 20014
9.72 9.42 8.08 5/2380 20035
9.72 9.42 8.08 2/2380 20054
9.58 9.40 8.08 4/2380 20073
9.58 9.40 8.08 4/2380 20095
9.58 9.40 8.08 7/2380 20114
9.58 9.40 8.08 2/2380 20133
9.58 9.40 8.08 4/2380 20153
9.29 9.34 8.07 2/2380 20173
9.29 9.34 8.07 1/2380 20192
9.29 9.34 8.07 4/2380 20212
9.29 9.34 8.07 6/2380 20231
9.29 9.34 8.07 4/2380 20250
9.83 9.45 8.12 1/2380 20270
9.83 9.45 8.12 4/2380 20289
9.83 9.45 8.12 4/2380 20308
9.83 9.45 8.12 2/2380 20328
9.83 9.45 8.12 2/2380 20347
9.60 9.41 8.11 1/2380 20366
9.60 9.41 8.11 3/2380 20387
9.60 9.41 8.11 6/2380 20406
9.60 9.41 8.11 4/2380 20425
9.60 9.41 8.11 13/2380 20445
9.64 9.42 8.12 2/2380 20464
9.64 9.42 8.12 4/2380 20483
9.64 9.42 8.12 16/2380 20503
9.64 9.42 8.12 3/2380 20522
9.64 9.42 8.12 1/2380 20541
9.34 9.37 8.11 3/2380 20561
9.34 9.37 8.11 2/2380 20580
9.34 9.37 8.11 3/2380 20600
9.34 9.37 8.11 2/2380 20620
9.34 9.37 8.11 2/2380 20640
9.32 9.36 8.11 2/2380 20659
9.32 9.36 8.11 3/2380 20679
9.32 9.36 8.11 1/2381 20699
9.32 9.36 8.11 2/2381 20718
9.32 9.36 8.11 1/2381 20738
9.05 9.30 8.10 7/2381 20757
9.05 9.30 8.10 3/2381 20776
9.05 9.30 8.10 8/2381 20796
9.05 9.30 8.10 4/2381 20816
9.05 9.30 8.10 5/2381 20835
8.89 9.26 8.10 3/2381 20855
8.89 9.26 8.10 5/2381 20874
8.89 9.26 8.10 1/2381 20893
8.89 9.26 8.10 5/2381 20913
8.89 9.26 8.10 2/2380 20932
9.22 9.33 8.12 3/2380 20952
9.22 9.33 8.12 5/2380 20972
9.22 9.33 8.12 7/2380 20991
9.22 9.33 8.12 5/2380 21011
9.22 9.33 8.12 1/2380 21031
9.68 9.42 8.16 1/2380 21050
9.68 9.42 8.16 2/2380 21069
9.68 9.42 8.16 4/2380 21089
9.68 9.42 8.16 5/2380 21108
9.68 9.42 8.16 3/2380 21127
9.54 9.40 8.16 1/2380 21147
9.54 9.40 8.16 9/2380 21166
9.54 9.40 8.16 7/2380 21185
9.54 9.40 8.16 2/2380 21205
9.54 9.40 8.16 3/2380 21225
9.58 9.41 8.17 2/2380 21244
9.58 9.41 8.17 4/2380 21264
9.58 9.41 8.17 1/2380 21283
9.58 9.41 8.17 4/2380 21302
9.58 9.41 8.17 1/2380 21322
9.62 9.42 8.18 2/2380 21341
9.62 9.42 8.18 3/2380 21360
9.62 9.42 8.18 4/2380 21380
9.62 9.42 8.18 6/2380 21399
9.62 9.42 8.18 3/2380 21418
9.33 9.36 8.17 5/2380 21439
9.33 9.36 8.17 4/2380 21458
9.33 9.36 8.17 3/2380 21477
9.33 9.36 8.17 4/2380 21497
9.33 9.36 8.17 6/2380 21516
9.70 9.44 8.20 1/2380 21535
9.70 9.44 8.20 1/2380 21555
9.70 9.44 8.20 9/2380 21574
9.70 9.44 8.20 1/2380 21593
9.70 9.44 8.20 2/2380 21613
9.56 9.41 8.20 3/2380 21632
9.56 9.41 8.20 1/2380 21652
9.56 9.41 8.20 2/2380 21672
9.56 9.41 8.20 3/2380 21691
9.56 9.41 8.20 2/2380 21710
9.52 9.41 8.20 2/2380 21730
9.52 9.41 8.20 2/2380 21749
9.52 9.41 8.20 4/2380 21768
9.52 9.41 8.20 1/2380 21788
9.52 9.41 8.20 5/2380 21807
9.40 9.38 8.20 6/2380 21826
9.40 9.38 8.20 2/2380 21846
9.40 9.38 8.20 11/2380 21866
9.40 9.38 8.20 2/2380 21885
9.40 9.38 8.20 4/2380 21905
9.52 9.41 8.21 1/2380 21924
9.52 9.41 8.21 5/2380 21943
9.52 9.41 8.21 3/2380 21963
9.52 9.41 8.21 9/2380 21982
9.52 9.41 8.21 3/2380 22001
9.32 9.37 8.21 1/2380 22021
9.32 9.37 8.21 2/2380 22040
9.32 9.37 8.21 1/2380 22059
9.32 9.37 8.21 4/2380 22080
9.32 9.37 8.21 5/2380 22099
9.14 9.33 8.20 1/2380 22118
9.14 9.33 8.20 5/2380 22138
9.14 9.33 8.20 2/2380 22157
9.14 9.33 8.20 4/2380 22176
9.14 9.33 8.20 5/2380 22196
8.96 9.29 8.19 4/2380 22215
8.96 9.29 8.19 6/2380 22234
8.96 9.29 8.19 2/2380 22254
8.96 9.29 8.19 2/2380 22274
8.96 9.29 8.19 3/2380 22293
9.13 9.32 8.21 5/2380 22314
9.13 9.32 8.21 10/2380 22333
9.13 9.32 8.21 5/2380 22352
9.13 9.32 8.21 5/2380 22372
9.13 9.32 8.21 3/2380 22391
8.96 9.28 8.20 7/2380 22410
8.96 9.28 8.20 6/2380 22430
8.96 9.28 8.20 4/2380 22449
8.96 9.28 8.20 3/2380 22468
8.96 9.28 8.20 5/2380 22489
9.60 9.41 8.25 2/2380 22508
9.60 9.41 8.25 4/2380 22527
9.60 9.41 8.25 1/2380 22547
9.60 9.41 8.25 4/2380 22566
9.60 9.41 8.25 1/2380 22585
9.55 9.40 8.25 3/2381 22606
9.55 9.40 8.25 4/2380 22625
9.55 9.40 8.25 1/2380 22644
9.55 9.40 8.25 3/2380 22664
9.55 9.40 8.25 4/2380 22683
9.27 9.35 8.24 4/2380 22703
9.27 9.35 8.24 5/2380 22724
9.27 9.35 8.24 6/2380 22743
9.27 9.35 8.24 4/2380 22762
9.27 9.35 8.24 4/2380 22782
9.09 9.31 8.24 3/2380 22801
9.09 9.31 8.24 2/2380 22820
9.09 9.31 8.24 4/2380 22840
9.09 9.31 8.24 1/2380 22859
9.09 9.31 8.24 7/2380 22878
8.92 9.27 8.23 1/2380 22898
8.92 9.27 8.23 1/2380 22918
8.92 9.27 8.23 3/2380 22937
8.92 9.27 8.23 7/2380 22957
8.92 9.27 8.23 3/2380 22976
8.85 9.25 8.23 3/2380 22995
8.85 9.25 8.23 3/2380 23015
8.85 9.25 8.23 3/2380 23034
8.85 9.25 8.23 1/2380 23053
8.85 9.25 8.23 6/2380 23073
8.78 9.23 8.23 6/2380 23092
8.78 9.23 8.23 11/2380 23111
8.78 9.23 8.23 2/2380 23132
8.78 9.23 8.23 1/2380 23151
8.78 9.23 8.23 2/2380 23172
8.55 9.17 8.21 6/2380 23192
8.55 9.17 8.21 7/2380 23211
8.55 9.17 8.21 5/2380 23230
8.55 9.17 8.21 4/2380 23251
8.55 9.17 8.21 1/2380 23270
8.83 9.22 8.23 1/2380 23289
8.83 9.22 8.23 4/2380 23309
8.83 9.22 8.23 5/2381 23329
8.83 9.22 8.23 7/2381 23349
8.83 9.22 8.23 2/2381 23369
8.60 9.17 8.22 1/2381 23388
8.60 9.17 8.22 3/2381 23407
8.60 9.17 8.22 5/2381 23427
8.60 9.17 8.22 6/2381 23446
8.60 9.17 8.22 3/2381 23465
8.88 9.21 8.24 4/2381 23485
8.88 9.21 8.24 2/2381 23504
8.88 9.21 8.24 5/2381 23523
8.88 9.21 8.24 2/2381 23543
8.88 9.21 8.24 9/2381 23563
8.81 9.19 8.24 2/2381 23582
8.81 9.19 8.24 8/2381 23602
8.81 9.19 8.24 2/2381 23621
8.81 9.19 8.24 2/2381 23640
8.81 9.19 8.24 4/2381 23660
8.74 9.17 8.24 2/2381 23679
8.74 9.17 8.24 3/2381 23698
8.74 9.17 8.24 4/2381 23718
8.74 9.17 8.24 3/2381 23737
8.74 9.17 8.24 1/2381 23756
8.84 9.19 8.25 1/2381 23777
8.84 9.19 8.25 7/2381 23796
8.84 9.19 8.25 3/2381 23815
8.84 9.19 8.25 7/2381 23835
8.84 9.19 8.25 4/2381 23854
8.93 9.20 8.26 5/2381 23873
8.93 9.20 8.26 5/2381 23893
8.93 9.20 8.26 5/2381 23912
8.93 9.20 8.26 6/2380 23931
8.93 9.20 8.26 1/2380 23951
8.70 9.15 8.25 5/2380 23971
8.70 9.15 8.25 3/2380 23990
8.70 9.15 8.25 1/2380 24010
8.70 9.15 8.25 2/2379 24029
8.70 9.15 8.25 1/2379 24048
8.80 9.16 8.26 3/2379 24068
8.80 9.16 8.26 6/2381 24089
8.80 9.16 8.26 2/2381 24108
8.80 9.16 8.26 3/2381 24128
8.80 9.16 8.26 3/2381 24147
8.74 9.14 8.25 2/2382 24167
8.74 9.14 8.25 8/2382 24188
8.74 9.14 8.25 5/2382 24207
8.74 9.14 8.25 1/2382 24226
8.74 9.14 8.25 3/2382 24246
8.68 9.12 8.25 2/2382 24265
8.68 9.12 8.25 7/2382 24284
8.68 9.12 8.25 4/2382 24304
8.68 9.12 8.25 2/2382 24323
8.68 9.12 8.25 5/2382 24342
8.54 9.09 8.25 5/2382 24362
8.54 9.09 8.25 7/2382 24381
8.54 9.09 8.25 6/2382 24401
8.54 9.09 8.25 6/2388 24428
8.54 9.09 8.25 5/2388 24447
8.50 9.07 8.25 5/2388 24466
8.50 9.07 8.25 3/2388 24486
8.50 9.07 8.25 2/2388 24505
8.50 9.07 8.25 7/2387 24524
8.50 9.07 8.25 7/2387 24544
8.54 9.07 8.25 3/2387 24563
8.54 9.07 8.25 4/2387 24582
8.54 9.07 8.25 3/2387 24602
8.54 9.07 8.25 3/2387 24621
8.54 9.07 8.25 5/2387 24641
8.34 9.02 8.24 2/2387 24661
8.34 9.02 8.24 4/2387 24680
8.34 9.02 8.24 4/2387 24699
8.34 9.02 8.24 3/2387 24719
8.34 9.02 8.24 1/2386 24738
8.87 9.12 8.27 4/2386 24757
8.87 9.12 8.27 3/2387 24778
8.87 9.12 8.27 5/2387 24797
8.87 9.12 8.27 1/2387 24816
8.87 9.12 8.27 2/2387 24837
9.12 9.16 8.29 3/2387 24856
9.12 9.16 8.29 5/2387 24875
9.12 9.16 8.29 2/2387 24895
9.12 9.16 8.29 2/2387 24914
9.12 9.16 8.29 4/2387 24933
9.03 9.15 8.29 7/2387 24953
9.03 9.15 8.29 2/2387 24972
9.03 9.15 8.29 5/2387 24991
9.03 9.15 8.29 3/2387 25011
9.03 9.15 8.29 4/2388 25031
9.11 9.16 8.30 2/2388 25051
9.11 9.16 8.30 7/2388 25071
9.11 9.16 8.30 1/2388 25090
9.11 9.16 8.30 7/2388 25109
9.11 9.16 8.30 5/2388 25129
8.94 9.12 8.29 2/2388 25148
8.94 9.12 8.29 2/2388 25167
8.94 9.12 8.29 1/2388 25187
8.94 9.12 8.29 2/2388 25206
8.94 9.12 8.29 2/2388 25225
9.11 9.16 8.31 4/2390 25247
9.11 9.16 8.31 8/2390 25267
9.11 9.16 8.31 3/2390 25286
9.11 9.16 8.31 19/2389 25307
9.11 9.16 8.31 2/2389 25326
8.94 9.12 8.30 2/2389 25345
8.94 9.12 8.30 1/2389 25365
8.94 9.12 8.30 1/2391 25386
8.94 9.12 8.30 6/2391 25405
8.94 9.12 8.30 5/2391 25425
8.78 9.08 8.29 3/2391 25444
8.78 9.08 8.29 5/2391 25463
8.78 9.08 8.29 3/2391 25484
8.78 9.08 8.29 4/2392 25504
8.78 9.08 8.29 1/2392 25523
8.88 9.10 8.30 3/2392 25543
8.88 9.10 8.30 3/2392 25562
8.88 9.10 8.30 3/2392 25581
8.88 9.10 8.30 13/2389 25601
8.88 9.10 8.30 2/2388 25620
8.73 9.06 8.30 8/2388 25639
8.73 9.06 8.30 3/2389 25659
8.73 9.06 8.30 4/2388 25678
8.73 9.06 8.30 4/2387 25698
8.73 9.06 8.30 4/2387 25718
9.39 9.20 8.34 4/2387 25737
9.39 9.20 8.34 1/2387 25756
9.39 9.20 8.34 3/2387 25776
9.39 9.20 8.34 1/2387 25795
9.39 9.20 8.34 1/2387 25814
9.44 9.21 8.35 2/2386 25834
9.44 9.21 8.35 7/2386 25853
9.44 9.21 8.35 9/2386 25872
9.44 9.21 8.35 2/2387 25893
9.44 9.21 8.35 1/2387 25913
9.40 9.21 8.36 7/2387 25932
9.40 9.21 8.36 3/2387 25952
9.40 9.21 8.36 4/2387 25971
9.40 9.21 8.36 8/2387 25990
9.40 9.21 8.36 7/2387 26010
9.13 9.15 8.34 4/2387 26029
9.13 9.15 8.34 3/2387 26048
9.13 9.15 8.34 7/2387 26068
9.13 9.15 8.34 2/2387 26087
9.13 9.15 8.34 3/2387 26106
9.20 9.17 8.35 8/2387 26127
9.20 9.17 8.35 1/2387 26146
9.20 9.17 8.35 3/2388 26166
9.20 9.17 8.35 5/2388 26186
9.20 9.17 8.35 2/2388 26205
9.18 9.16 8.36 3/2388 26224
9.18 9.16 8.36 8/2389 26244
9.18 9.16 8.36 1/2388 26263
9.18 9.16 8.36 5/2388 26282
9.18 9.16 8.36 4/2389 26302
9.09 9.14 8.35 8/2388 26322
9.09 9.14 8.35 3/2388 26341
9.09 9.14 8.35 7/2388 26361
9.09 9.14 8.35 3/2388 26380
9.09 9.14 8.35 7/2388 26399
8.92 9.11 8.35 5/2388 26419
8.92 9.11 8.35 5/2388 26438
8.92 9.11 8.35 3/2388 26457
8.92 9.11 8.35 9/2388 26477
8.92 9.11 8.35 4/2388 26496
8.85 9.09 8.35 2/2388 26515
8.85 9.09 8.35 2/2388 26536
8.85 9.09 8.35 4/2388 26555
8.85 9.09 8.35 3/2388 26574
8.85 9.09 8.35 3/2388 26594
8.94 9.10 8.35 5/2388 26613
8.94 9.10 8.35 5/2388 26632
8.94 9.10 8.35 4/2388 26652
8.94 9.10 8.35 4/2388 26671
8.94 9.10 8.35 4/2388 26693
9.27 9.17 8.38 7/2388 26713
9.27 9.17 8.38 5/2388 26732
9.27 9.17 8.38 3/2388 26753
9.27 9.17 8.38 3/2388 26773
9.27 9.17 8.38 2/2388 26792
9.40 9.20 8.39 5/2388 26811
9.40 9.20 8.39 4/2388 26831
9.40 9.20 8.39 5/2388 26850
9.40 9.20 8.39 3/2388 26869
9.40 9.20 8.39 2/2389 26889
9.45 9.21 8.40 2/2388 26908
9.45 9.21 8.40 8/2395 26935
9.45 9.21 8.40 14/2398 26965
9.45 9.21 8.40 10/2398 26992
9.45 9.21 8.40 1/2397 27016
9.26 9.18 8.39 10/2395 27042
9.26 9.18 8.39 3/2395 27069
9.26 9.18 8.39 2/2395 27096
9.26 9.18 8.39 6/2395 27116
9.26 9.18 8.39 3/2395 27135
9.07 9.14 8.39 2/2395 27154
9.07 9.14 8.39 5/2395 27174
9.07 9.14 8.39 1/2395 27193
9.07 9.14 8.39 3/2395 27212
9.07 9.14 8.39 3/2395 27233
9.15 9.16 8.40 2/2395 27252
9.15 9.16 8.40 2/2395 27271
9.15 9.16 8.40 1/2395 27291
9.15 9.16 8.40 1/2395 27310
9.15 9.16 8.40 2/2395 27329
8.98 9.12 8.39 3/2412 27371
8.98 9.12 8.39 5/2412 27390
8.98 9.12 8.39 5/2412 27409
8.98 9.12 8.39 2/2412 27429
8.98 9.12 8.39 5/2412 27448
8.90 9.10 8.39 5/2408 27468
8.90 9.10 8.39 2/2408 27488
8.90 9.10 8.39 3/2408 27507
8.90 9.10 8.39 5/2408 27526
8.90 9.10 8.39 1/2408 27546
8.83 9.08 8.38 6/2408 27565
8.83 9.08 8.38 1/2408 27584
8.83 9.08 8.38 5/2409 27604
8.83 9.08 8.38 5/2408 27623
8.83 9.08 8.38 3/2408 27642
8.76 9.06 8.38 4/2409 27662
8.76 9.06 8.38 6/2408 27682
8.76 9.06 8.38 2/2408 27701
8.76 9.06 8.38 6/2408 27721
8.76 9.06 8.38 5/2408 27740
8.78 9.06 8.38 8/2408 27759
8.78 9.06 8.38 3/2408 27779
8.78 9.06 8.38 6/2408 27798
8.78 9.06 8.38 2/2408 27817
8.78 9.06 8.38 5/2408 27837
8.64 9.03 8.38 3/2408 27856
8.64 9.03 8.38 2/2408 27875
8.64 9.03 8.38 3/2408 27896
8.64 9.03 8.38 5/2408 27915
8.64 9.03 8.38 6/2408 27934
8.42 8.98 8.36 5/2408 27954
8.42 8.98 8.36 1/2408 27973
8.42 8.98 8.36 3/2408 27992
8.42 8.98 8.36 4/2408 28012
8.42 8.98 8.36 3/2408 28031
8.95 9.08 8.40 4/2408 28050
8.95 9.08 8.40 4/2408 28070
8.95 9.08 8.40 7/2408 28089
8.95 9.08 8.40 1/2408 28109
8.95 9.08 8.40 4/2408 28129
8.96 9.08 8.40 2/2408 28148
8.96 9.08 8.40 3/2408 28167
8.96 9.08 8.40 2/2405 28187
8.96 9.08 8.40 1/2404 28206
8.96 9.08 8.40 2/2403 28225
8.80 9.04 8.39 2/2404 28245
8.80 9.04 8.39 5/2403 28264
8.80 9.04 8.39 2/2403 28283
8.80 9.04 8.39 13/2404 28303
8.80 9.04 8.39 1/2402 28323
8.81 9.04 8.40 3/2402 28342
8.81 9.04 8.40 5/2402 28362
8.81 9.04 8.40 2/2402 28381
8.81 9.04 8.40 3/2402 28400
8.81 9.04 8.40 6/2402 28420
8.83 9.04 8.40 2/2402 28439
8.83 9.04 8.40 2/2402 28458
8.83 9.04 8.40 2/2402 28478
8.83 9.04 8.40 7/2402 28498
8.83 9.04 8.40 4/2402 28518
8.92 9.06 8.41 3/2402 28538
8.92 9.06 8.41 4/2402 28557
8.92 9.06 8.41 1/2402 28576
8.92 9.06 8.41 8/2402 28596
8.92 9.06 8.41 3/2402 28615
8.69 9.00 8.40 3/2402 28634
8.69 9.00 8.40 1/2402 28654
8.69 9.00 8.40 4/2402 28673
8.69 9.00 8.40 1/2402 28692
8.69 9.00 8.40 7/2402 28712
8.87 9.04 8.41 1/2402 28732
8.87 9.04 8.41 9/2402 28751
8.87 9.04 8.41 2/2402 28771
8.87 9.04 8.41 4/2402 28790
8.87 9.04 8.41 6/2402 28809
9.12 9.09 8.43 6/2402 28829
9.12 9.09 8.43 2/2403 28849
9.12 9.09 8.43 12/2403 28868
9.12 9.09 8.43 3/2404 28888
9.12 9.09 8.43 3/2403 28907
9.12 9.09 8.43 4/2403 28926
9.11 9.09 8.43 7/2404 28947
9.11 9.09 8.43 1/2403 28966
9.11 9.09 8.43 2/2403 28985
9.11 9.09 8.43 1/2403 29005
9.11 9.09 8.43 3/2403 29024
9.43 9.15 8.46 3/2403 29043
9.43 9.15 8.46 3/2403 29063
9.43 9.15 8.46 4/2403 29082
9.43 9.15 8.46 4/2403 29101
9.43 9.15 8.46 3/2403 29121
9.47 9.16 8.47 3/2403 29140
9.47 9.16 8.47 9/2403 29160
9.47 9.16 8.47 1/2403 29180
9.47 9.16 8.47 5/2403 29199
9.47 9.16 8.47 2/2403 29218
9.43 9.16 8.47 3/2403 29238
9.43 9.16 8.47 4/2403 29257
9.43 9.16 8.47 5/2403 29276
9.43 9.16 8.47 5/2403 29296
9.43 9.16 8.47 6/2403 29315
9.48 9.18 8.48 4/2403 29334
9.48 9.18 8.48 4/2403 29354
9.48 9.18 8.48 4/2403 29374
9.48 9.18 8.48 3/2403 29393
9.48 9.18 8.48 2/2403 29413
9.28 9.14 8.47 1/2403 29432
9.28 9.14 8.47 1/2403 29451
9.28 9.14 8.47 6/2403 29471
9.28 9.14 8.47 2/2403 29490
9.28 9.14 8.47 2/2403 29509
9.58 9.20 8.50 11/2404 29529
9.58 9.20 8.50 1/2403 29548
9.58 9.20 8.50 2/2403 29567
9.58 9.20 8.50 4/2404 29588
9.58 9.20 8.50 4/2403 29607
9.37 9.17 8.49 5/2403 29626
9.37 9.17 8.49 6/2403 29646
9.37 9.17 8.49 8/2403 29665
9.37 9.17 8.49 1/2403 29684
9.37 9.17 8.49 2/2403 29704
9.66 9.23 8.51 1/2403 29723
9.66 9.23 8.51 3/2403 29742
9.66 9.23 8.51 1/2403 29762
9.66 9.23 8.51 6/2403 29781
9.66 9.23 8.51 1/2403 29801
9.69 9.25 8.52 7/2403 29821
9.69 9.25 8.52 3/2403 29840
9.69 9.25 8.52 3/2403 29859
9.69 9.25 8.52 3/2403 29879
9.69 9.25 8.52 1/2403 29898
9.72 9.26 8.53 1/2403 29917
9.72 9.26 8.53 7/2403 29937
9.72 9.26 8.53 3/2403 29956
9.72 9.26 8.53 1/2403 29975
9.72 9.26 8.53 3/2403 29995
9.74 9.27 8.54 2/2403 30015
9.74 9.27 8.54 3/2403 30034
9.74 9.27 8.54 1/2403 30054
9.74 9.27 8.54 5/2403 30073
9.74 9.27 8.54 1/2401 30092
9.76 9.28 8.54 1/2401 30112
9.76 9.28 8.54 2/2401 30131
9.76 9.28 8.54 1/2401 30150
9.76 9.28 8.54 10/2402 30170
9.76 9.28 8.54 2/2401 30189
9.78 9.29 8.55 3/2401 30208
9.78 9.29 8.55 2/2402 30229
9.78 9.29 8.55 1/2401 30248
9.78 9.29 8.55 7/2401 30269
9.78 9.29 8.55 2/2401 30289
9.88 9.32 8.57 5/2401 30308
9.88 9.32 8.57 5/2401 30327
9.88 9.32 8.57 1/2401 30347
9.88 9.32 8.57 3/2401 30366
9.88 9.32 8.57 2/2401 30385
10.13 9.38 8.59 3/2401 30405
10.13 9.38 8.59 2/2401 30424
10.13 9.38 8.59 10/2401 30444
10.13 9.38 8.59 2/2401 30464
10.13 9.38 8.59 3/2401 30483
10.04 9.38 8.59 3/2401 30502
10.04 9.38 8.59 6/2401 30522
10.04 9.38 8.59 12/2401 30541
10.04 9.38 8.59 1/2401 30560
10.04 9.38 8.59 5/2401 30580
9.87 9.35 8.59 2/2401 30599
9.87 9.35 8.59 7/2401 30618
9.87 9.35 8.59 4/2402 30638
9.87 9.35 8.59 4/2402 30659
9.87 9.35 8.59 2/2402 30678
9.88 9.37 8.60 6/2402 30699
9.88 9.37 8.60 4/2402 30718
9.88 9.37 8.60 7/2402 30737
9.88 9.37 8.60 1/2402 30757
9.88 9.37 8.60 8/2402 30776
9.89 9.38 8.60 2/2402 30795
9.89 9.38 8.60 8/2403 30815
9.89 9.38 8.60 3/2402 30834
9.89 9.38 8.60 4/2402 30853
9.89 9.38 8.60 6/2403 30874
9.98 9.40 8.62 1/2402 30893
9.98 9.40 8.62 3/2402 30912
9.98 9.40 8.62 5/2402 30932
9.98 9.40 8.62 3/2402 30951
9.98 9.40 8.62 9/2402 30970
10.22 9.46 8.64 2/2402 30990
10.22 9.46 8.64 10/2402 31009
10.22 9.46 8.64 2/2402 31028
10.22 9.46 8.64 2/2402 31048
10.22 9.46 8.64 4/2402 31067
10.37 9.51 8.66 7/2402 31087
10.37 9.51 8.66 4/2402 31107
10.37 9.51 8.66 2/2402 31126
10.37 9.51 8.66 2/2402 31145
10.37 9.51 8.66 10/2402 31165
10.58 9.56 8.68 3/2399 31184
10.58 9.56 8.68 2/2399 31203
10.58 9.56 8.68 3/2399 31222
10.58 9.56 8.68 3/2399 31242
10.58 9.56 8.68 2/2399 31261
10.77 9.62 8.71 10/2400 31281
10.77 9.62 8.71 3/2399 31301
10.77 9.62 8.71 4/2399 31320
10.77 9.62 8.71 2/2399 31340
10.77 9.62 8.71 5/2399 31359
10.55 9.59 8.70 9/2399 31378
10.55 9.59 8.70 2/2398 31398
10.55 9.59 8.70 2/2398 31417
10.55 9.59 8.70 5/2398 31436
10.55 9.59 8.70 6/2399 31456
10.43 9.58 8.70 1/2398 31475
10.43 9.58 8.70 1/2396 31495
10.43 9.58 8.70 2/2397 31515
10.43 9.58 8.70 6/2396 31534
10.43 9.58 8.70 3/2396 31553
10.23 9.56 8.70 2/2396 31572
10.23 9.56 8.70 4/2396 31592
10.23 9.56 8.70 3/2396 31611
10.23 9.56 8.70 5/2396 31630
10.23 9.56 8.70 9/2396 31650
9.97 9.52 8.69 8/2396 31669
9.97 9.52 8.69 2/2396 31688
9.97 9.52 8.69 2/2396 31708
9.97 9.52 8.69 6/2398 31730
9.97 9.52 8.69 4/2398 31750
9.89 9.51 8.69 4/2398 31769
9.89 9.51 8.69 6/2398 31788
9.89 9.51 8.69 1/2398 31808
9.89 9.51 8.69 4/2398 31827
9.89 9.51 8.69 3/2399 31847
9.82 9.50 8.70 1/2399 31866
9.82 9.50 8.70 4/2399 31886
9.82 9.50 8.70 2/2399 31905
9.82 9.50 8.70 3/2399 31924
9.82 9.50 8.70 4/2369 31945
9.84 9.51 8.70 2/2369 31964
9.84 9.51 8.70 1/2369 31983
9.84 9.51 8.70 2/2369 32003
9.84 9.51 8.70 4/2369 32022
9.84 9.51 8.70 1/2369 32041
9.77 9.50 8.70 5/2369 32062
9.77 9.50 8.70 2/2369 32081
9.77 9.50 8.70 4/2369 32100
9.77 9.50 8.70 4/2369 32120
9.77 9.50 8.70 3/2369 32139
9.63 9.47 8.70 2/2356 32159
9.63 9.47 8.70 5/2356 32179
9.63 9.47 8.70 2/2356 32198
9.63 9.47 8.70 1/2356 32217
9.63 9.47 8.70 3/2356 32237
10.06 9.56 8.73 2/2356 32256
10.06 9.56 8.73 4/2356 32275
10.06 9.56 8.73 3/2356 32295
10.06 9.56 8.73 7/2356 32314
10.06 9.56 8.73 1/2356 32333
9.97 9.55 8.74 2/2356 32353
9.97 9.55 8.74 2/2356 32373
9.97 9.55 8.74 3/2356 32392
9.97 9.55 8.74 2/2356 32412
9.97 9.55 8.74 3/2356 32431
9.89 9.55 8.74 1/2356 32450
9.89 9.55 8.74 7/2356 32470
9.89 9.55 8.74 5/2357 32490
9.89 9.55 8.74 1/2357 32509
9.89 9.55 8.74 4/2357 32529
9.50 9.47 8.72 3/2357 32548
9.50 9.47 8.72 3/2357 32568
9.50 9.47 8.72 2/2357 32588
9.50 9.47 8.72 7/2357 32607
9.50 9.47 8.72 2/2357 32626
9.38 9.45 8.71 4/2357 32646
9.38 9.45 8.71 3/2357 32665
9.38 9.45 8.71 5/2357 32684
9.38 9.45 8.71 3/2357 32704
9.38 9.45 8.71 1/2357 32723
9.27 9.42 8.71 6/2357 32742
9.27 9.42 8.71 3/2357 32762
9.27 9.42 8.71 1/2357 372
9.27 9.42 8.71 3/2357 466
9.27 9.42 8.71 4/2357 538
9.01 9.36 8.69 3/2357 594
9.01 9.36 8.69 3/2360 621
9.01 9.36 8.69 2/2360 660
9.01 9.36 8.69 1/2360 685
9.01 9.36 8.69 4/2360 704
9.01 9.36 8.70 4/2360 727
9.01 9.36 8.70 2/2360 749
9.01 9.36 8.70 1/2360 869
9.01 9.36 8.70 3/2360 971
9.01 9.36 8.70 3/2360 1019
8.93 9.33 8.69 2/2360 1086
8.93 9.33 8.69 13/2360 1117
8.93 9.33 8.69 2/2360 1138
8.93 9.33 8.69 1/2360 1189
8.93 9.33 8.69 2/2360 1212
8.93 9.33 8.69 4/2361 1276
8.93 9.33 8.69 4/2361 1344
8.93 9.33 8.69 2/2361 1381
8.93 9.33 8.69 2/2361 1411
8.93 9.33 8.69 2/2361 1432
9.02 9.34 8.70 3/2361 1453
9.02 9.34 8.70 2/2361 1475
9.02 9.34 8.70 6/2361 1494
9.02 9.34 8.70 1/2361 1527
9.02 9.34 8.70 2/2361 1551
8.94 9.32 8.70 3/2361 1572
8.94 9.32 8.70 5/2361 1608
8.94 9.32 8.70 2/2361 1656
8.94 9.32 8.70 3/2361 1697
8.94 9.32 8.70 1/2361 1727
8.86 9.30 8.69 1/2361 1764
8.86 9.30 8.69 5/2361 1790
8.86 9.30 8.69 4/2361 1813
8.86 9.30 8.69 4/2361 1832
8.86 9.30 8.69 3/2361 1861
9.11 9.34 8.71 3/2361 1893
9.11 9.34 8.71 3/2361 1933
9.11 9.34 8.71 2/2361 1955
9.11 9.34 8.71 2/2361 2003
9.11 9.34 8.71 4/2361 2035
9.02 9.32 8.71 4/2361 2056
9.02 9.32 8.71 3/2361 2080
9.02 9.32 8.71 2/2361 2141
9.02 9.32 8.71 6/2361 2174
9.02 9.32 8.71 5/2361 2197
9.18 9.35 8.72 5/2361 2220
9.18 9.35 8.72 3/2361 2247
9.18 9.35 8.72 6/2361 2273
9.18 9.35 8.72 8/2361 2298
9.18 9.35 8.72 6/2361 2331
9.01 9.31 8.71 2/2361 2368
9.01 9.31 8.71 4/2361 2389
9.01 9.31 8.71 1/2361 2419
9.01 9.31 8.71 1/2361 2439
9.01 9.31 8.71 5/2361 2467
8.93 9.29 8.71 1/2361 2503
8.93 9.29 8.71 5/2361 2542
8.93 9.29 8.71 7/2361 2572
8.93 9.29 8.71 3/2361 2611
8.93 9.29 8.71 4/2361 2637
8.93 9.28 8.71 2/2361 2657
8.93 9.28 8.71 2/2361 2684
8.93 9.28 8.71 4/2361 2720
8.93 9.28 8.71 2/2360 2742
8.93 9.28 8.71 5/2360 2773
9.02 9.29 8.72 3/2360 2795
9.02 9.29 8.72 1/2360 2818
9.02 9.29 8.72 4/2360 2860
9.02 9.29 8.72 2/2360 2884
9.02 9.29 8.72 3/2360 2914
9.26 9.34 8.74 5/2360 2945
9.26 9.34 8.74 1/2360 2971
9.26 9.34 8.74 3/2360 2994
9.26 9.34 8.74 1/2360 3014
9.26 9.34 8.74 1/2360 3057
9.24 9.33 8.74 3/2360 3088
9.24 9.33 8.74 4/2360 3137
9.24 9.33 8.74 4/2360 3165
9.24 9.33 8.74 3/2360 3187
9.24 9.33 8.74 3/2360 3206
8.98 9.28 8.72 2/2360 3231
8.98 9.28 8.72 4/2360 3250
8.98 9.28 8.72 1/2360 3285
8.98 9.28 8.72 3/2360 3308
8.98 9.28 8.72 4/2360 3332
9.38 9.35 8.75 3/2360 3373
9.38 9.35 8.75 5/2360 3419
9.38 9.35 8.75 1/2360 3453
9.38 9.35 8.75 6/2360 3491
9.38 9.35 8.75 4/2360 3528
9.91 9.47 8.79 5/2360 3553
9.91 9.47 8.79 1/2360 3576
9.91 9.47 8.79 2/2360 3599
9.91 9.47 8.79 10/2360 3624
9.91 9.47 8.79 1/2360 3643
10.24 9.54 8.82 2/2360 3665
10.24 9.54 8.82 4/2360 3705
10.24 9.54 8.82 3/2360 3734
10.24 9.54 8.82 3/2360 3759
10.24 9.54 8.82 8/2360 3779
10.14 9.53 8.82 3/2359 3802
10.14 9.53 8.82 4/2359 3827
10.14 9.53 8.82 4/2359 3851
10.14 9.53 8.82 3/2359 3875
10.14 9.53 8.82 4/2359 3895
9.97 9.51 8.81 3/2359 3915
9.97 9.51 8.81 5/2359 3935
9.97 9.51 8.81 1/2359 3967
9.97 9.51 8.81 4/2359 3994
9.97 9.51 8.81 5/2359 4013
9.89 9.50 8.82 2/2359 4035
9.89 9.50 8.82 3/2359 4055
9.89 9.50 8.82 1/2359 4076
9.89 9.50 8.82 4/2359 4104
9.89 9.50 8.82 2/2359 4137
9.82 9.49 8.82 3/2357 4177
9.82 9.49 8.82 6/2357 4236
9.82 9.49 8.82 3/2357 4260
9.82 9.49 8.82 2/2357 4285
9.82 9.49 8.82 6/2357 4309
9.59 9.45 8.81 1/2357 4332
9.59 9.45 8.81 2/2357 4351
9.59 9.45 8.81 5/2357 4371
9.59 9.45 8.81 2/2358 4393
9.59 9.45 8.81 5/2358 4421
9.54 9.44 8.81 1/2359 4445
9.54 9.44 8.81 4/2359 4465
9.54 9.44 8.81 2/2359 4487
9.54 9.44 8.81 8/2359 4508
9.54 9.44 8.81 2/2335 4529
9.42 9.42 8.80 2/2335 4551
9.42 9.42 8.80 7/2335 4571
9.42 9.42 8.80 3/2335 4590
9.42 9.42 8.80 5/2335 4610
9.42 9.42 8.80 4/2335 4635
9.71 9.47 8.83 4/2335 4657
9.71 9.47 8.83 7/2335 4676
9.71 9.47 8.83 2/2335 4703
9.71 9.47 8.83 3/2335 4741
9.71 9.47 8.83 4/2335 4772
9.65 9.47 8.83 3/2335 4799
9.65 9.47 8.83 2/2335 4823
9.65 9.47 8.83 4/2335 4843
9.65 9.47 8.83 1/2335 4863
9.65 9.47 8.83 6/2335 4882
9.60 9.46 8.83 1/2335 4901
9.60 9.46 8.83 3/2335 4921
9.60 9.46 8.83 1/2335 4940
9.60 9.46 8.83 4/2335 4959
9.60 9.46 8.83 4/2335 4979
9.47 9.43 8.82 5/2335 4998
9.47 9.43 8.82 2/2335 5018
9.47 9.43 8.82 5/2335 5039
9.47 9.43 8.82 3/2335 5059
9.47 9.43 8.82 3/2335 5079
9.51 9.44 8.83 2/2335 5102
9.51 9.44 8.83 2/2335 5134
9.51 9.44 8.83 7/2335 5153
9.51 9.44 8.83 2/2335 5175
9.51 9.44 8.83 3/2335 5195
9.31 9.40 8.82 5/2335 5214
9.31 9.40 8.82 8/2335 5234
9.31 9.40 8.82 1/2335 5253
9.31 9.40 8.82 4/2335 5273
9.31 9.40 8.82 2/2335 5293
9.29 9.40 8.82 2/2335 5312
9.29 9.40 8.82 6/2335 5331
9.29 9.40 8.82 5/2335 5352
9.29 9.40 8.82 4/2335 5371
9.29 9.40 8.82 2/2335 5390
9.18 9.37 8.82 2/2335 5411
9.18 9.37 8.82 2/2335 5430
9.18 9.37 8.82 1/2335 5449
9.18 9.37 8.82 4/2342 5479
9.18 9.37 8.82 1/2341 5499
9.25 9.38 8.82 3/2341 5518
9.25 9.38 8.82 9/2341 5538
9.25 9.38 8.82 2/2341 5558
9.25 9.38 8.82 4/2341 5577
9.25 9.38 8.82 5/2341 5597
9.23 9.38 8.82 5/2341 5616
9.23 9.38 8.82 2/2341 5635
9.23 9.38 8.82 2/2341 5655
9.23 9.38 8.82 7/2341 5674
9.23 9.38 8.82 6/2341 5694
9.37 9.40 8.84 5/2341 5714
9.37 9.40 8.84 4/2341 5733
9.37 9.40 8.84 5/2341 5752
9.37 9.40 8.84 4/2341 5772
9.37 9.40 8.84 4/2341 5795
9.58 9.45 8.85 2/2341 5814
9.58 9.45 8.85 4/2341 5837
9.58 9.45 8.85 3/2340 5856
9.58 9.45 8.85 1/2340 5881
9.58 9.45 8.85 6/2340 5903
9.45 9.42 8.85 2/2340 5924
9.45 9.42 8.85 8/2340 5943
9.45 9.42 8.85 8/2340 5963
9.45 9.42 8.85 2/2339 6015
9.45 9.42 8.85 1/2340 6037
9.66 9.47 8.87 3/2340 6057
9.66 9.47 8.87 1/2340 6076
9.66 9.47 8.87 4/2340 6103
9.66 9.47 8.87 1/2340 6135
9.66 9.47 8.87 1/2340 6154
9.61 9.46 8.87 1/2340 6173
9.61 9.46 8.87 2/2340 6195
9.61 9.46 8.87 3/2340 6214
9.61 9.46 8.87 4/2340 6233
9.61 9.46 8.87 2/2340 6255
9.48 9.43 8.86 5/2340 6274
9.48 9.43 8.86 2/2340 6293
9.48 9.43 8.86 1/2340 6313
9.48 9.43 8.86 4/2340 6333
9.48 9.43 8.86 6/2341 6354
9.28 9.39 8.85 1/2341 6375
9.28 9.39 8.85 4/2341 6401
9.28 9.39 8.85 6/2341 6423
9.28 9.39 8.85 1/2341 6444
9.28 9.39 8.85 3/2341 6463
9.26 9.39 8.85 4/2341 6482
9.26 9.39 8.85 2/2341 6502
9.26 9.39 8.85 1/2341 6522
9.26 9.39 8.85 4/2341 6541
9.26 9.39 8.85 22/2341 6561
9.32 9.40 8.86 3/2341 6580
9.32 9.40 8.86 6/2341 6604
9.32 9.40 8.86 1/2341 6624
9.32 9.40 8.86 5/2341 6646
9.32 9.40 8.86 1/2341 6666
9.29 9.39 8.86 11/2341 6688
9.29 9.39 8.86 1/2341 6712
9.29 9.39 8.86 5/2341 6731
9.29 9.39 8.86 5/2337 6757
9.29 9.39 8.86 4/2337 6776
9.19 9.37 8.85 8/2337 6798
9.19 9.37 8.85 1/2337 6818
9.19 9.37 8.85 2/2337 6843
9.19 9.37 8.85 1/2336 6862
9.19 9.37 8.85 5/2336 6884
9.41 9.41 8.87 4/2336 6906
9.41 9.41 8.87 6/2336 6926
9.41 9.41 8.87 1/2336 6954
9.41 9.41 8.87 4/2336 6974
9.41 9.41 8.87 5/2334 6996
9.46 9.42 8.88 1/2334 7016
9.46 9.42 8.88 4/2334 7035
9.46 9.42 8.88 1/2334 7057
9.46 9.42 8.88 2/2334 7095
9.46 9.42 8.88 1/2334 7121
9.90 9.51 8.91 2/2334 7159
9.90 9.51 8.91 3/2334 7188
9.90 9.51 8.91 3/2334 7207
9.90 9.51 8.91 3/2332 7267
9.90 9.51 8.91 6/2332 7292
10.07 9.56 8.93 4/2332 7325
10.07 9.56 8.93 9/2332 7346
10.07 9.56 8.93 3/2332 7366
10.07 9.56 8.93 1/2332 7386
10.07 9.56 8.93 3/2332 7405
9.99 9.55 8.93 4/2332 7425
9.99 9.55 8.93 2/2332 7446
9.99 9.55 8.93 3/2332 7469
9.99 9.55 8.93 2/2332 7490
9.99 9.55 8.93 3/2332 7509
9.83 9.52 8.92 4/2332 7528
9.83 9.52 8.92 8/2332 7548
9.83 9.52 8.92 3/2332 7569
9.83 9.52 8.92 9/2332 7588
9.83 9.52 8.92 2/2332 7608
9.92 9.54 8.93 2/2332 7628
9.92 9.54 8.93 2/2332 7647
9.92 9.54 8.93 1/2332 7668
9.92 9.54 8.93 2/2332 7687
9.92 9.54 8.93 2/2332 7706
9.77 9.52 8.93 4/2332 7726
9.77 9.52 8.93 4/2332 7745
9.77 9.52 8.93 3/2332 7764
9.77 9.52 8.93 6/2332 7785
9.77 9.52 8.93 8/2332 7804
9.62 9.49 8.92 2/2332 7823
9.62 9.49 8.92 1/2332 7843
9.62 9.49 8.92 8/2332 7867
9.62 9.49 8.92 3/2332 7887
9.62 9.49 8.92 9/2330 7907
9.57 9.49 8.92 7/2330 7926
9.57 9.49 8.92 5/2331 7946
9.57 9.49 8.92 4/2331 7969
9.57 9.49 8.92 1/2331 7988
9.57 9.49 8.92 4/2331 8007
9.57 9.49 8.92 7/2331 8033
9.45 9.46 8.92 4/2331 8053
9.45 9.46 8.92 2/2331 8073
9.45 9.46 8.92 1/2331 8093
9.45 9.46 8.92 6/2331 8113
9.41 9.45 8.92 8/2331 8132
9.41 9.45 8.92 1/2331 8152
9.41 9.45 8.92 5/2331 8172
9.41 9.45 8.92 4/2331 8191
9.41 9.45 8.92 2/2331 8213
9.41 9.45 8.92 5/2331 8236
9.46 9.46 8.93 4/2331 8256
9.46 9.46 8.93 3/2331 8276
9.46 9.46 8.93 6/2331 8295
9.46 9.46 8.93 3/2329 8316
9.46 9.46 8.93 2/2329 8338
9.42 9.45 8.93 3/2329 8358
9.42 9.45 8.93 4/2329 8377
9.42 9.45 8.93 3/2329 8397
9.42 9.45 8.93 6/2329 8416
9.42 9.45 8.93 3/2329 8435
9.15 9.40 8.91 3/2329 8455
9.15 9.40 8.91 6/2329 8474
9.15 9.40 8.91 1/2329 8494
9.15 9.40 8.91 5/2329 8514
9.15 9.40 8.91 4/2329 8533
9.06 9.37 8.90 6/2329 8553
9.06 9.37 8.90 3/2329 8573
9.06 9.37 8.90 8/2329 8592
9.06 9.37 8.90 4/2329 8612
9.06 9.37 8.90 2/2328 8642
9.05 9.37 8.91 8/2328 8666
9.05 9.37 8.91 3/2328 8685
9.05 9.37 8.91 4/2328 8705
9.05 9.37 8.91 5/2328 8724
9.05 9.37 8.91 4/2328 8743
8.81 9.31 8.89 3/2328 8763
8.81 9.31 8.89 7/2328 8784
8.81 9.31 8.89 6/2328 8803
8.81 9.31 8.89 3/2328 8824
8.81 9.31 8.89 1/2328 8843
8.82 9.31 8.89 2/2328 8862
8.82 9.31 8.89 1/2328 8882
8.82 9.31 8.89 5/2328 8901
8.82 9.31 8.89 4/2328 8920
8.82 9.31 8.89 2/2328 8940
8.92 9.32 8.90 5/2328 8959
8.92 9.32 8.90 5/2328 8978
8.92 9.32 8.90 1/2328 8999
8.92 9.32 8.90 1/2328 9018
8.92 9.32 8.90 6/2329 9038
9.00 9.33 8.90 6/2329 9058
9.00 9.33 8.90 1/2329 9077
9.00 9.33 8.90 4/2329 9096
9.00 9.33 8.90 1/2329 9116
9.00 9.33 8.90 4/2329 9135
9.00 9.32 8.90 7/2329 9154
9.00 9.32 8.90 1/2329 9175
9.00 9.32 8.90 9/2329 9194
9.00 9.32 8.90 6/2329 9214
9.00 9.32 8.90 5/2329 9235
8.84 9.28 8.89 5/2329 9254
8.84 9.28 8.89 1/2329 9273
8.84 9.28 8.89 2/2329 9293
8.84 9.28 8.89 2/2329 9320
8.84 9.28 8.89 2/2329 9345
8.77 9.26 8.89 3/2329 9365
8.77 9.26 8.89 3/2330 9385
8.77 9.26 8.89 4/2330 9404
8.77 9.26 8.89 2/2330 9425
8.77 9.26 8.89 3/2330 9444
8.71 9.24 8.88 1/2330 9464
8.71 9.24 8.88 10/2330 9484
8.71 9.24 8.88 4/2330 9503
8.71 9.24 8.88 4/2330 9522
8.71 9.24 8.88 5/2330 9542
8.65 9.22 8.88 3/2330 9561
8.65 9.22 8.88 2/2330 9580
8.65 9.22 8.88 11/2330 9600
8.65 9.22 8.88 1/2330 9619
8.65 9.22 8.88 10/2330 9638
8.76 9.23 8.89 2/2330 9659
8.76 9.23 8.89 3/2330 9678
8.76 9.23 8.89 3/2330 9697
8.76 9.23 8.89 1/2330 9717
8.76 9.23 8.89 1/2330 9736
8.78 9.23 8.89 1/2330 9755
8.78 9.23 8.89 2/2330 9775
8.78 9.23 8.89 3/2330 9794
8.78 9.23 8.89 6/2330 9813
8.78 9.23 8.89 3/2330 9833
8.64 9.19 8.88 2/2330 9852
8.64 9.19 8.88 6/2330 9872
8.64 9.19 8.88 2/2330 9892
8.64 9.19 8.88 4/2330 9912
8.64 9.19 8.88 8/2330 9931
8.59 9.17 8.87 1/2330 9951
8.59 9.17 8.87 9/2330 9970
8.59 9.17 8.87 3/2330 9989
8.59 9.17 8.87 6/2331 10010
8.59 9.17 8.87 1/2331 10029
8.86 9.22 8.89 7/2331 10048
8.86 9.22 8.89 4/2331 10068
8.86 9.22 8.89 1/2331 10088
8.86 9.22 8.89 2/2331 10107
8.86 9.22 8.89 5/2331 10127
8.71 9.18 8.88 4/2331 10146
8.71 9.18 8.88 2/2331 10165
8.71 9.18 8.88 1/2331 10185
8.71 9.18 8.88 8/2331 10204
8.71 9.18 8.88 4/2331 10223
8.57 9.15 8.87 1/2331 10243
8.57 9.15 8.87 2/2331 10262
8.57 9.15 8.87 1/2333 10283
8.57 9.15 8.87 3/2333 10303
8.57 9.15 8.87 2/2333 10323
8.53 9.13 8.86 3/2333 10342
8.53 9.13 8.86 3/2333 10362
8.53 9.13 8.86 8/2333 10384
8.53 9.13 8.86 4/2333 10403
8.53 9.13 8.86 2/2333 10423
8.73 9.16 8.87 5/2333 10442
8.73 9.16 8.87 4/2333 10461
8.73 9.16 8.87 4/2333 10481
8.73 9.16 8.87 1/2333 10500
8.73 9.16 8.87 1/2333 10519
8.75 9.16 8.88 8/2334 10541
8.75 9.16 8.88 3/2334 10560
8.75 9.16 8.88 3/2334 10579
8.75 9.16 8.88 4/2334 10599
8.75 9.16 8.88 4/2334 10618
8.93 9.19 8.89 1/2334 10637
8.93 9.19 8.89 2/2334 10657
8.93 9.19 8.89 1/2334 10676
8.93 9.19 8.89 3/2334 10695
8.93 9.19 8.89 4/2334 10715
8.77 9.15 8.88 6/2327 10734
8.77 9.15 8.88 29/2336 10808
8.77 9.15 8.88 4/2326 10874
8.77 9.15 8.88 1/2286 10901
8.77 9.15 8.88 1/2303 10950
8.55 9.10 8.86 2/2301 10977
8.55 9.10 8.86 3/2300 10997
8.55 9.10 8.86 5/2300 11016
8.55 9.10 8.86 4/2309 11054
8.55 9.10 8.86 4/2305 11073
8.75 9.13 8.87 3/2305 11092
8.75 9.13 8.87 4/2305 11112
8.75 9.13 8.87 1/2305 11138
8.75 9.13 8.87 3/2305 11157
8.75 9.13 8.87 1/2305 11177
9.17 9.21 8.90 3/2305 11196
9.17 9.21 8.90 3/2305 11215
9.17 9.21 8.90 3/2305 11235
9.17 9.21 8.90 5/2305 11254
9.17 9.21 8.90 2/2274 11294
8.91 9.16 8.89 1/2274 11313
8.91 9.16 8.89 1/2271 11339
8.91 9.16 8.89 1/2242 11360
8.91 9.16 8.89 1/2236 11379
8.91 9.16 8.89 1/2236 11400
8.28 9.02 8.84 1/2236 11419
8.28 9.02 8.84 1/2236 11439
8.28 9.02 8.84 1/2236 11458
8.28 9.02 8.84 2/2229 11481
