13332.75 59881.14
13333.76 59885.66
13334.75 59890.37
13335.76 59895.15
13336.76 59899.92
13337.76 59905.39
13338.76 59910.85
13339.76 59915.48
13340.76 59920.67
13341.75 59925.49
13342.76 59931.21
13343.75 59936.91
13344.76 59942.13
13346.75 59951.64
13347.75 59956.49
13348.75 59961.74
13349.76 59967.01
13350.75 59971.82
13351.76 59977.11
13352.75 59982.35
13353.74 59987.13
13354.75 59992.49
13355.76 59998.02
13356.75 60003.26
13357.76 60008.67
13358.75 60013.97
13359.74 60019.13
13360.75 60024.66
13361.76 60029.93
13362.76 60035.07
13363.75 60040.31
13364.75 60045.74
13365.76 60050.72
13366.76 60055.76
13367.75 60060.84
13368.75 60065.80
13369.74 60070.75
13370.75 60076.12
13371.76 60081.08
13372.75 60085.96
13373.75 60091.23
13374.76 60096.05
13375.75 60100.92
13376.76 60105.75
13377.76 60109.87
13378.75 60113.89
13379.75 60119.06
13380.75 60124.23
13381.76 60128.84
13382.75 60134.04
13383.76 60139.38
13384.76 60144.50
13385.75 60149.67
13386.75 60154.81
13387.75 60160.12
13388.76 60165.44
13389.75 60170.50
13390.76 60175.75
13391.75 60180.91
13392.76 60186.11
13393.76 60191.28
13394.76 60196.52
13395.76 60201.64
13396.76 60206.85
13397.75 60211.91
13398.75 60216.98
13399.76 60222.21
13400.76 60227.37
13401.75 60232.60
13402.75 60237.61
13403.75 60242.58
13404.76 60247.47
13405.74 60252.47
13406.76 60257.49
13407.76 60262.56
13408.76 60267.26
13409.76 60271.90
13410.74 60276.74
13411.75 60282.49
13415.75 60302.28
13416.76 60306.66
13417.75 60311.75
13418.75 60316.85
13419.74 60321.26
13420.75 60325.86
13421.74 60330.84
13422.75 60334.73
13423.74 60340.75
13424.73 60347.00
13425.73 60353.55
13426.74 60360.15
13427.75 60366.20
13428.76 60372.20
13429.77 60378.28
13430.76 60384.32
13431.77 60390.10
13432.77 60396.03
13433.76 60401.83
13434.74 60407.83
13435.76 60414.15
13436.77 60420.36
13437.77 60426.14
13438.77 60432.10
13439.76 60438.07
13440.77 60443.82
13441.77 60449.58
13442.76 60455.62
13443.76 60461.59
13444.76 60467.70
13445.76 60473.82
13446.76 60479.82
13447.76 60485.94
13448.76 60492.00
13449.74 60497.88
13450.76 60503.95
13451.76 60510.14
13452.76 60516.08
13453.75 60522.12
13454.76 60528.39
13455.75 60534.47
13456.75 60540.43
13457.76 60546.63
13458.75 60552.75
13459.76 60558.88
13460.76 60565.35
13461.75 60571.40
13462.76 60577.59
13463.76 60583.79
13464.76 60589.82
13465.76 60596.05
13466.75 60602.23
13467.77 60608.62
13468.77 60615.01
13469.76 60621.31
13470.76 60627.24
13471.76 60633.33
13472.76 60639.68
13473.76 60645.67
13474.76 60651.89
13475.77 60658.34
13476.76 60664.47
13477.77 60670.77
13478.77 60677.14
13479.76 60683.14
13480.77 60689.22
13481.76 60695.13
13482.76 60700.99
13483.76 60706.43
13484.76 60710.09
13485.76 60714.81
13486.76 60720.32
13487.76 60726.08
13488.76 60731.73
13489.76 60736.77
13490.75 60741.08
13491.76 60746.10
13492.76 60752.41
13493.76 60758.78
13494.75 60764.44
13495.76 60771.00
13496.76 60777.44
13497.76 60783.89
13498.76 60790.30
13499.76 60796.72
13500.76 60803.00
13501.76 60809.29
13502.76 60815.71
13503.76 60822.08
13504.75 60828.41
13505.76 60835.03
13506.77 60841.33
13507.76 60847.45
13508.76 60853.84
13509.77 60860.26
13510.77 60866.25
13511.74 60870.41
13512.74 60876.64
13513.74 60882.80
13514.74 60888.48
13515.74 60894.60
13516.74 60901.08
13517.73 60907.59
13518.74 60913.83
13519.75 60920.41
13520.76 60926.70
13521.76 60932.54
13522.75 60938.39
13523.76 60944.60
13524.76 60950.46
13525.75 60956.36
13526.76 60962.64
13527.76 60968.85
13528.75 60975.04
13529.76 60981.30
13530.76 60987.54
13531.76 60993.83
13532.76 61000.07
13533.76 61006.33
13534.76 61012.51
13535.76 61018.70
13536.76 61024.97
13537.76 61031.11
13538.76 61037.25
13539.76 61043.54
13540.76 61049.78
13541.76 61056.06
13542.76 61062.24
13543.76 61068.29
13544.78 61074.16
13545.77 61079.63
13546.78 61085.05
13547.77 61090.16
13548.78 61095.72
13549.77 61101.22
13550.76 61106.81
13551.78 61112.60
13552.77 61118.17
13553.75 61123.47
13554.77 61128.95
13555.76 61134.33
13556.76 61139.82
13557.76 61145.14
13558.76 61150.67
13559.75 61156.17
13560.75 61161.83
13561.76 61167.53
13562.75 61173.13
13563.77 61178.89
13564.77 61184.37
13565.78 61189.74
13566.77 61195.14
13567.76 61200.71
13568.76 61206.36
13569.76 61211.88
13570.77 61217.29
13571.77 61222.93
13572.76 61228.54
13573.76 61234.14
13574.76 61239.61
13575.76 61245.21
13576.76 61250.75
13577.76 61256.43
13578.75 61261.92
13579.77 61267.51
13580.77 61272.92
13581.77 61278.58
13582.77 61284.16
13583.77 61289.82
13584.77 61295.54
13585.77 61301.13
13586.77 61306.75
13587.77 61312.01
13588.77 61317.46
13589.77 61323.02
13590.77 61328.23
13591.77 61333.48
13592.76 61338.89
13593.78 61344.31
13594.77 61349.64
13595.78 61354.97
13596.78 61360.29
13597.77 61365.71
13598.76 61371.10
13599.76 61376.48
13600.76 61381.84
13601.76 61387.30
13602.76 61392.82
13603.77 61398.58
13604.77 61404.07
13605.78 61409.76
13606.77 61415.38
13607.76 61420.97
13608.76 61426.53
13609.77 61432.15
13610.77 61437.67
13611.78 61443.06
13612.77 61448.57
13613.77 61454.00
13614.77 61459.71
13615.78 61465.47
13616.78 61470.65
13617.77 61476.07
13618.76 61481.77
13619.76 61487.43
13620.76 61492.93
13621.76 61498.22
13622.77 61504.11
13623.76 61509.50
13624.77 61514.95
13625.76 61520.49
13626.78 61526.22
13627.77 61531.99
13628.76 61537.65
13629.76 61543.42
13630.76 61549.34
13631.77 61554.97
13632.77 61560.90
13633.77 61566.69
13634.78 61572.74
13635.78 61578.42
13636.76 61584.10
13637.77 61589.91
13638.76 61595.72
13639.76 61601.63
13640.77 61607.46
13641.76 61613.34
13642.77 61619.30
13643.77 61625.11
13644.76 61630.87
13645.77 61636.83
13646.77 61642.83
13647.77 61648.60
13648.77 61654.47
13649.77 61660.47
13650.77 61666.31
13651.78 61672.19
13652.78 61678.14
13653.76 61683.72
13654.78 61689.48
13655.77 61695.29
13656.77 61700.83
13657.78 61706.30
13658.76 61711.93
13659.76 61717.87
13660.77 61723.86
13661.78 61729.70
13662.78 61735.37
13663.78 61741.22
13664.76 61746.95
13665.77 61752.78
13666.77 61758.50
13667.76 61764.44
13668.77 61770.15
13669.76 61775.86
13670.76 61781.83
13671.76 61787.65
13672.76 61793.43
13673.77 61799.33
13674.77 61805.06
13675.77 61810.83
13676.77 61816.60
13677.77 61822.52
13678.76 61828.14
13679.76 61834.14
13680.78 61840.04
13681.78 61845.89
13682.76 61851.36
13683.77 61857.00
13684.76 61862.72
13685.77 61868.60
13686.77 61873.97
13687.78 61879.20
13688.76 61884.90
13689.76 61890.36
13690.76 61895.94
13691.77 61901.88
13692.77 61907.73
13693.76 61913.20
13694.76 61919.02
13695.77 61924.80
13696.78 61930.61
13697.78 61936.43
13698.77 61942.18
13699.78 61948.01
13700.76 61953.76
13701.76 61959.61
13702.76 61965.58
13703.77 61971.47
13704.77 61977.03
13705.76 61982.77
13706.78 61988.50
13707.76 61994.10
13708.77 61999.76
13709.78 62005.43
13710.77 62011.12
13711.78 62016.98
13712.76 62022.48
13713.77 62028.17
13714.78 62033.73
13715.78 62039.16
13716.77 62044.63
13717.78 62050.09
13718.77 62055.66
13719.77 62061.03
13720.77 62066.14
13721.77 62071.65
13722.78 62076.95
13723.78 62082.26
13724.76 62087.99
13725.76 62093.61
13726.77 62099.34
13727.77 62104.95
13728.78 62110.57
13729.77 62116.21
13730.77 62121.87
13731.77 62127.61
13732.76 62133.26
13733.76 62138.95
13734.76 62144.63
13735.77 62150.35
13736.78 62156.15
13737.76 62161.66
13738.76 62167.42
13739.77 62173.22
13740.78 62178.89
13741.77 62184.40
13742.76 62189.97
13743.76 62195.68
13744.78 62201.53
13745.78 62207.03
13746.78 62212.48
13747.76 62218.04
13748.77 62223.65
13749.76 62229.21
13750.78 62234.97
13751.78 62240.53
13752.77 62245.74
13753.77 62250.95
13754.77 62256.53
13755.76 62261.93
13756.77 62267.16
13757.78 62272.82
13758.77 62278.39
13759.77 62283.98
13760.76 62289.62
13761.78 62295.49
13762.76 62301.08
13763.76 62306.64
13764.76 62312.20
13765.76 62318.09
13766.76 62323.73
13767.78 62329.74
13768.76 62335.31
13769.78 62341.18
13770.78 62346.99
13771.78 62352.75
13772.78 62358.33
13773.76 62363.94
13774.77 62369.66
13775.76 62375.35
13776.77 62381.20
13777.78 62387.23
13778.78 62393.02
13779.78 62398.70
13780.78 62404.66
13781.78 62410.55
13782.78 62416.33
13783.78 62422.24
13784.78 62428.18
13785.76 62433.75
13786.76 62439.18
13787.78 62445.10
13788.78 62450.74
13789.78 62456.12
13790.77 62462.00
13791.76 62467.70
13792.76 62473.68
13793.77 62479.69
13794.76 62485.52
13795.76 62491.45
13796.77 62497.54
13797.77 62503.36
13798.78 62509.34
13799.78 62515.27
13800.76 62521.01
13801.77 62526.95
13802.78 62533.07
13803.77 62538.92
13804.78 62544.93
13805.78 62550.91
13806.78 62556.86
13807.78 62562.77
13808.76 62568.56
13809.76 62574.39
13810.76 62580.17
13811.76 62586.00
13812.76 62591.91
13813.78 62597.77
13814.76 62603.67
13815.76 62609.60
13816.77 62615.55
13817.78 62621.49
13818.78 62626.99
13819.76 62632.38
13820.76 62638.20
13821.76 62643.83
13822.77 62649.43
13823.77 62655.14
13824.76 62660.90
13825.76 62666.82
13826.76 62672.54
13827.76 62678.28
13828.77 62684.03
13829.77 62689.79
13830.78 62695.44
13831.77 62701.23
13832.78 62707.04
13833.76 62712.77
13834.76 62718.64
13835.76 62724.53
13836.77 62730.42
13837.77 62736.21
13838.77 62742.08
13839.76 62747.74
13840.76 62753.60
13841.76 62759.37
13842.77 62765.03
13843.78 62770.99
13844.76 62776.50
13845.76 62782.26
13846.76 62787.87
13847.78 62793.75
13848.78 62799.42
13849.77 62805.07
13850.77 62810.69
13851.77 62816.22
13852.78 62821.66
13853.76 62827.13
13854.76 62832.65
13855.76 62837.99
13856.77 62843.79
13857.77 62849.42
13858.78 62855.09
13859.76 62860.64
13860.76 62866.39
13861.77 62871.93
13862.78 62877.48
13863.76 62882.90
13864.77 62888.49
13865.76 62893.80
13866.76 62899.43
13867.77 62904.94
13868.76 62910.52
13869.77 62916.33
13870.78 62921.78
13871.78 62927.38
13872.76 62932.96
13873.77 62938.62
13874.78 62944.27
13875.76 62949.82
13876.77 62955.58
13877.77 62961.32
13878.78 62967.10
13879.76 62972.60
13880.76 62978.24
13881.77 62983.77
13882.76 62989.29
13883.76 62994.96
13884.77 63000.41
13885.78 63005.79
13886.78 63011.39
13887.75 63016.66
13888.76 63021.79
13889.76 63027.49
13890.76 63033.02
13891.76 63038.80
13892.78 63044.50
13893.78 63050.12
13894.77 63055.62
13895.76 63061.13
13896.76 63066.55
13897.78 63072.08
13898.77 63077.58
13899.76 63082.96
13900.76 63088.38
13901.76 63093.84
13902.77 63099.24
13903.77 63104.78
13904.78 63110.24
13905.77 63115.73
13906.78 63121.18
13907.77 63126.60
13908.77 63132.32
13909.77 63137.88
13910.77 63143.31
13911.78 63148.79
13912.78 63154.33
13913.76 63159.72
13914.76 63165.32
13915.76 63170.95
13916.77 63176.64
13917.77 63182.09
13918.77 63187.38
13919.77 63192.97
13920.78 63198.40
13921.78 63203.73
13922.76 63209.15
13923.76 63214.89
13924.77 63220.70
13925.77 63226.37
13926.77 63231.87
13927.78 63237.38
13928.78 63242.85
13929.78 63248.59
13930.78 63254.16
13931.76 63259.65
13932.77 63265.52
13933.78 63271.35
13934.77 63277.18
13935.78 63282.95
13936.76 63288.57
13937.76 63294.39
13938.77 63299.99
13939.77 63305.85
13940.78 63311.51
13941.76 63317.04
13942.77 63322.87
13943.78 63328.60
13944.78 63334.29
13945.77 63339.93
13946.77 63345.57
13947.78 63351.42
13948.77 63357.27
13949.78 63362.75
13950.76 63368.15
13951.78 63373.41
13952.78 63379.13
13953.77 63384.69
13954.76 63389.93
13955.76 63395.59
13956.77 63401.44
13957.76 63407.17
13958.76 63412.91
13959.77 63418.65
13960.78 63424.49
13961.78 63430.22
13962.77 63436.00
13963.76 63441.65
13964.77 63447.40
13965.78 63453.32
13966.76 63458.84
13967.77 63464.42
13968.77 63470.22
13969.77 63475.86
13970.78 63481.53
13971.76 63487.03
13972.77 63492.89
13973.76 63498.57
13974.77 63504.28
13975.77 63510.03
13976.77 63515.70
13977.77 63521.41
13978.78 63526.94
13979.78 63532.56
13980.75 63538.09
13981.76 63543.96
13982.77 63549.73
13983.78 63555.07
13984.78 63560.39
13985.77 63566.09
13986.76 63571.69
13987.77 63577.01
13988.77 63582.60
13989.78 63588.31
13990.76 63593.94
13991.76 63599.71
13992.76 63605.44
13993.76 63611.11
13994.77 63616.61
13995.78 63622.24
13996.78 63628.00
13997.78 63633.62
13998.77 63639.23
13999.77 63644.90
14000.78 63650.64
14001.78 63656.17
14002.77 63661.87
14003.78 63667.75
14004.76 63673.43
14005.76 63679.21
14006.77 63685.07
14007.77 63690.79
14008.78 63696.34
14009.77 63701.73
14010.78 63707.50
14011.78 63713.08
14012.78 63718.88
14013.76 63724.40
14014.77 63730.13
14015.78 63735.88
14016.78 63741.36
14017.77 63746.28
14018.77 63751.77
14019.78 63757.05
14020.78 63762.10
14021.78 63767.66
14022.78 63773.48
14023.78 63779.09
14024.78 63784.80
14025.78 63790.58
14026.78 63796.14
14027.77 63801.78
14028.77 63807.49
14029.78 63813.10
14030.78 63818.55
14031.78 63824.24
14032.78 63829.80
14033.78 63835.33
14034.77 63840.84
14035.78 63846.41
14036.78 63851.97
14037.77 63857.63
14038.78 63863.19
14039.78 63868.82
14040.78 63874.49
14041.76 63880.16
14042.77 63885.85
14043.76 63891.29
14044.77 63896.86
14045.77 63902.37
14046.78 63907.95
14047.78 63913.48
14048.76 63918.98
14049.77 63924.52
14050.78 63929.42
14051.78 63934.78
14052.77 63940.15
14053.78 63945.22
14054.77 63950.68
14055.76 63956.09
14056.78 63961.52
14057.78 63967.14
14058.78 63972.38
14059.79 63977.92
14060.77 63983.48
14061.78 63989.21
14062.77 63994.59
14063.78 64000.03
14064.76 64005.42
14065.78 64011.18
14066.76 64016.88
14067.77 64022.73
14068.79 64028.41
14069.79 64033.96
14070.78 64039.57
14071.77 64045.26
14072.76 64050.84
14073.77 64056.68
14074.77 64062.64
14075.77 64068.29
14076.78 64074.02
14077.78 64079.61
14078.77 64085.35
14079.77 64091.21
14080.78 64096.92
14081.78 64102.73
14082.78 64108.53
14083.76 64113.44
14084.78 64119.35
14085.78 64124.91
14086.78 64130.21
14087.78 64135.84
14088.78 64141.58
14089.78 64147.39
14090.77 64153.24
14091.78 64159.09
14092.78 64164.84
14093.78 64170.64
14094.78 64176.40
14095.77 64182.00
14096.78 64187.82
14097.78 64193.76
14098.78 64199.62
14099.78 64205.38
14100.77 64211.08
14101.78 64216.71
14102.78 64222.47
14103.77 64228.28
14104.77 64234.13
14105.78 64239.82
14106.78 64245.53
14107.76 64251.09
14108.77 64256.73
14109.78 64262.58
14110.78 64268.27
14111.77 64274.07
14112.77 64279.67
14113.77 64285.39
14114.78 64291.13
14115.78 64296.95
14116.78 64302.07
14117.77 64307.50
14118.78 64313.11
14119.78 64318.04
14120.78 64323.80
14121.79 64329.46
14122.79 64335.17
14123.78 64340.98
14124.77 64346.42
14125.79 64352.35
14126.77 64357.96
14127.77 64363.77
14128.78 64369.54
14129.78 64375.37
14130.77 64380.99
14131.78 64386.67
14132.78 64392.40
14133.78 64398.02
14134.78 64403.77
14135.78 64409.44
14136.77 64414.93
14137.77 64420.59
14138.78 64426.43
14139.78 64432.27
14140.78 64438.23
14141.77 64444.01
14142.78 64449.73
14143.78 64455.56
14144.78 64461.07
14145.78 64466.79
14146.78 64472.62
14147.77 64478.45
14148.78 64484.17
14149.78 64489.17
14150.78 64494.50
14151.78 64499.79
14152.78 64504.68
14153.78 64510.09
14154.77 64515.57
14155.78 64520.98
14156.78 64526.50
14157.77 64532.06
14158.78 64537.64
14159.78 64543.11
14160.78 64548.48
14161.78 64553.78
14162.77 64559.18
14163.78 64564.57
14164.78 64570.08
14165.78 64575.71
14166.77 64581.20
14167.78 64586.66
14168.78 64592.03
14169.78 64597.29
14170.78 64602.61
14171.78 64608.24
14172.78 64613.76
14173.77 64619.28
14174.78 64624.97
14175.78 64630.38
14176.78 64635.76
14177.78 64641.43
14178.78 64647.13
14179.78 64652.56
14180.78 64658.26
14181.78 64664.10
14182.78 64669.02
14183.77 64674.60
14184.78 64680.19
14185.78 64685.25
14186.78 64690.88
14187.78 64696.44
14188.78 64702.03
14189.79 64707.93
14190.77 64713.43
14191.78 64719.33
14192.78 64725.19
14193.78 64731.00
14194.77 64736.54
14195.78 64742.61
14196.77 64748.27
14197.78 64753.95
14198.78 64759.62
14199.77 64765.12
14200.77 64770.65
14201.78 64776.30
14202.78 64781.80
14203.77 64787.45
14204.78 64792.93
14205.79 64798.74
14206.78 64804.15
14207.78 64809.62
14208.78 64815.24
14209.79 64821.07
14210.78 64826.60
14211.78 64832.31
14212.77 64837.72
14213.78 64843.44
14214.78 64849.20
14215.79 64854.31
14216.77 64859.95
14217.78 64865.73
14218.78 64870.64
14219.77 64876.51
14220.78 64882.25
14221.78 64888.13
14222.77 64893.92
14223.78 64899.69
14224.78 64905.47
14225.78 64911.23
14226.77 64916.89
14227.78 64922.83
14228.78 64928.71
14229.78 64934.59
14230.78 64940.56
14231.78 64946.15
14232.77 64952.00
14233.77 64957.85
14234.78 64963.67
14235.78 64969.49
14236.77 64975.39
14237.77 64981.25
14238.78 64987.14
14239.78 64993.17
14240.78 64999.08
14241.78 65004.83
14242.78 65010.59
14243.79 65016.36
14244.78 65022.14
14245.77 65028.06
14246.78 65033.57
14247.78 65039.06
14248.78 65044.28
14249.78 65050.17
14250.78 65055.96
14251.78 65061.11
14252.78 65066.67
14253.79 65072.45
14254.78 65078.15
14255.77 65084.00
14256.78 65089.82
14257.78 65095.87
14258.78 65101.70
14259.78 65107.55
14260.77 65113.34
14261.78 65119.02
14262.77 65124.84
14263.78 65131.05
14264.78 65136.91
14265.78 65142.97
14266.78 65148.80
14267.78 65154.82
14268.77 65160.43
14269.77 65166.37
14270.77 65172.35
14271.78 65178.28
14272.78 65183.99
14273.78 65189.87
14274.78 65195.63
14275.78 65201.42
14276.77 65207.25
14277.78 65213.45
14278.78 65219.19
14279.78 65224.97
14280.78 65230.87
14281.78 65235.99
14282.78 65241.97
14283.78 65247.75
14284.78 65252.90
14285.78 65258.57
14286.79 65264.14
14287.77 65270.02
14288.78 65275.85
14289.77 65281.80
14290.78 65287.53
14291.78 65293.18
14292.78 65299.01
14293.76 65304.70
14294.78 65310.58
14295.78 65316.37
14296.77 65322.22
14297.77 65327.98
14298.78 65333.69
14299.78 65339.54
14300.78 65345.27
14301.78 65351.21
14302.78 65357.11
14303.78 65362.70
14304.78 65368.38
14305.78 65374.11
14306.78 65379.70
14307.79 65385.58
14308.78 65391.08
14309.78 65396.56
14310.78 65402.11
14311.78 65407.73
14312.78 65413.39
14313.79 65418.57
14314.78 65423.65
14315.78 65429.21
14316.78 65434.92
14317.78 65439.97
14318.78 65445.60
14319.78 65451.15
14320.77 65456.61
14321.78 65462.19
14322.78 65467.62
14323.77 65473.00
14324.77 65478.48
14325.78 65483.96
14326.78 65489.68
14327.78 65495.05
14328.77 65500.37
14329.78 65506.11
14330.78 65511.63
14331.78 65517.21
14332.78 65522.89
14333.77 65528.44
14334.77 65534.15
14335.78 65539.77
14336.78 65545.24
14337.79 65550.81
14338.78 65556.46
14339.79 65562.06
14340.77 65567.43
14341.78 65572.97
14342.76 65578.31
14343.78 65583.93
14344.78 65589.64
14345.79 65595.22
14346.80 65600.86
14347.78 65605.69
14348.78 65611.02
14349.78 65616.42
14350.78 65621.49
14351.78 65626.93
14352.78 65632.24
14353.78 65637.27
14354.78 65642.77
14355.78 65648.25
14356.78 65653.59
14357.78 65659.07
14358.78 65664.29
14359.78 65669.74
14360.78 65675.23
14361.78 65680.66
14362.79 65686.16
14363.77 65691.64
14364.77 65697.14
14365.78 65702.53
14366.78 65708.27
14367.80 65713.77
14368.78 65718.90
14369.77 65724.32
14370.78 65729.82
14371.78 65735.49
14372.78 65741.24
14373.78 65746.70
14374.78 65752.19
14375.78 65757.86
14376.78 65763.28
14377.78 65768.88
14378.78 65774.43
14379.78 65779.88
14380.78 65784.88
14381.78 65790.47
14382.79 65796.11
14383.78 65801.02
14384.78 65806.63
14385.79 65812.28
14386.78 65817.87
14387.77 65823.51
14388.78 65829.27
14389.78 65834.81
14390.78 65840.42
14391.78 65846.13
14392.77 65851.78
14393.78 65857.47
14394.78 65863.26
14395.77 65868.90
14396.79 65874.75
14397.77 65880.33
14398.78 65886.15
14399.78 65892.07
14400.78 65897.82
14401.78 65903.63
14402.78 65909.40
14403.78 65915.26
14404.78 65921.10
14405.78 65926.79
14406.78 65932.44
14407.78 65938.20
14408.78 65944.02
14409.77 65949.56
14410.78 65955.34
14411.78 65961.09
14412.78 65966.75
14413.78 65971.65
14414.78 65977.19
14415.78 65982.27
14416.78 65986.97
14417.78 65991.20
14418.78 65996.38
14419.79 66001.76
14420.78 66007.20
14421.79 66013.09
14422.77 66018.64
14423.78 66024.31
14424.78 66030.03
14425.78 66035.44
14426.78 66041.22
14427.78 66046.90
14428.78 66052.54
14429.78 66058.38
14430.78 66064.27
14431.79 66069.91
14432.80 66075.68
14433.78 66080.52
14434.78 66086.09
14435.78 66091.68
14436.78 66097.32
14437.78 66103.05
14438.78 66108.75
14439.78 66114.22
14440.78 66119.98
14441.78 66125.71
14442.78 66131.33
14443.78 66136.90
14444.78 66142.30
14445.78 66148.02
14446.78 66153.01
14447.78 66158.62
14448.77 66164.21
14449.78 66169.25
14450.78 66174.86
14451.78 66180.48
14452.78 66185.30
14453.78 66190.65
14454.78 66196.36
14455.78 66201.85
14456.78 66207.45
14457.78 66212.87
14458.78 66218.38
14459.78 66223.99
14460.79 66229.40
14461.78 66234.90
14462.77 66240.46
14463.78 66246.09
14464.78 66251.84
14465.79 66257.47
14466.77 66262.73
14467.78 66268.38
14468.78 66273.86
14469.78 66279.40
14470.78 66285.04
14471.79 66290.60
14472.78 66295.99
14473.78 66301.40
14474.79 66306.89
14475.78 66312.21
14476.77 66317.59
14477.79 66323.10
14478.78 66328.53
14479.78 66333.24
14480.77 66338.69
14481.78 66344.22
14482.79 66348.94
14483.78 66354.30
14484.78 66359.83
14485.78 66365.26
14486.78 66370.86
14487.78 66376.29
14488.78 66381.79
14489.78 66387.31
14490.78 66392.86
14491.78 66398.39
14492.78 66403.90
14493.79 66409.43
14494.79 66414.92
14495.78 66420.42
14496.78 66425.79
14497.78 66431.35
14498.78 66436.82
14499.78 66442.32
14500.78 66447.65
14501.78 66453.10
14502.78 66458.54
14503.78 66464.11
14504.78 66469.28
14505.78 66474.80
14506.78 66480.08
14507.78 66485.36
14508.78 66490.96
14509.78 66496.49
14510.78 66501.93
14511.78 66507.45
14512.78 66512.39
14513.78 66518.01
14514.78 66523.51
14515.78 66528.35
14516.78 66533.68
14517.79 66539.19
14518.79 66544.74
14519.78 66550.22
14520.78 66555.91
14521.78 66561.49
14522.78 66567.19
14523.79 66573.00
14524.79 66578.52
14525.78 66583.95
14526.78 66589.65
14527.78 66595.33
14528.78 66600.91
14529.78 66606.53
14530.79 66612.15
14531.78 66617.69
14532.78 66623.35
14533.80 66629.23
14534.78 66634.93
14535.78 66640.63
14536.79 66646.49
14537.79 66652.18
14538.78 66658.15
14539.78 66664.06
14540.78 66669.85
14541.79 66675.63
14542.79 66681.52
14543.78 66687.38
14544.78 66693.35
14545.78 66698.57
14546.77 66704.18
14547.78 66709.97
14548.78 66715.22
14549.79 66721.10
14550.78 66727.13
14551.78 66732.99
14552.78 66738.93
14553.78 66744.79
14554.78 66750.79
14555.78 66756.62
14556.78 66762.35
14557.79 66768.22
14558.79 66774.09
14559.78 66779.87
14560.78 66785.65
14561.78 66791.57
14562.78 66797.40
14563.78 66803.05
14564.78 66808.80
14565.78 66814.63
14566.78 66820.52
14567.79 66826.14
14568.78 66831.95
14569.78 66837.76
14570.78 66843.63
14571.78 66849.54
14572.78 66855.22
14573.77 66860.76
14574.78 66866.51
14575.78 66872.20
14576.78 66878.14
14577.78 66883.96
14578.79 66888.89
14579.78 66894.62
14580.79 66900.23
14581.78 66905.52
14582.78 66911.33
14583.78 66917.00
14584.78 66922.99
14585.78 66928.84
14586.78 66934.53
14587.78 66939.68
14588.78 66945.39
14589.78 66951.08
14590.79 66957.02
14591.80 66962.81
14592.78 66968.43
14593.78 66974.19
14594.78 66980.06
14595.78 66985.89
14596.78 66991.66
14597.78 66997.32
14598.78 67003.25
14599.77 67008.88
14600.77 67014.70
14601.77 67020.52
14602.78 67026.36
14603.78 67032.02
14604.78 67037.60
14605.78 67043.40
14606.78 67048.97
14607.78 67054.64
14608.78 67060.27
14609.78 67065.97
14610.78 67071.68
14611.78 67076.93
14612.78 67082.47
14613.78 67088.08
14614.78 67093.08
14615.78 67098.71
14616.78 67104.25
14617.79 67109.84
14618.78 67115.45
14619.78 67121.01
14620.78 67126.72
14621.79 67132.45
14622.79 67137.95
14623.79 67143.33
14624.78 67148.74
14625.78 67154.15
14626.79 67159.72
14627.79 67165.26
14628.77 67170.76
14629.78 67176.46
14630.77 67182.05
14631.78 67187.90
14632.78 67193.54
14633.76 67199.19
14634.78 67205.05
14635.79 67210.66
14636.79 67216.43
14637.79 67222.26
14638.79 67227.88
14639.78 67233.47
14640.78 67239.00
14641.78 67244.66
14642.78 67250.34
14643.79 67256.09
14644.78 67261.40
14645.79 67266.99
14646.79 67272.53
14647.79 67277.90
14648.78 67283.23
14649.78 67288.91
14650.78 67294.69
14651.79 67300.46
14652.79 67305.98
14653.78 67311.53
14654.78 67317.29
14655.78 67322.79
14656.79 67328.64
14657.78 67334.04
14658.79 67339.62
14659.78 67345.30
14660.78 67350.90
14661.78 67356.47
14662.79 67361.97
14663.78 67367.53
14664.78 67373.19
14665.78 67378.70
14666.79 67384.36
14667.78 67389.82
14668.79 67395.42
14669.77 67401.00
14670.78 67406.65
14671.79 67412.35
14672.78 67417.92
14673.79 67423.60
14674.78 67429.26
14675.78 67434.71
14676.78 67440.38
14677.78 67445.83
14678.78 67451.27
14679.79 67456.99
14680.80 67462.28
14681.78 67467.64
14682.78 67473.39
14683.78 67479.18
14684.79 67485.07
14685.79 67490.82
14686.79 67496.73
14687.78 67502.32
14688.78 67508.11
14689.79 67514.14
14690.79 67519.89
14691.78 67525.68
14692.78 67531.52
14693.79 67537.36
14694.79 67543.04
14695.78 67548.73
14696.78 67554.65
14697.79 67560.69
14698.78 67566.47
14699.79 67572.40
14700.79 67578.28
14701.79 67584.33
14702.78 67590.12
14703.78 67596.01
14704.78 67602.02
14705.79 67607.97
14706.79 67614.00
14707.78 67619.72
14708.78 67625.40
14709.79 67631.40
14710.79 67636.58
14711.79 67642.30
14712.79 67648.23
14713.79 67653.41
14714.78 67659.04
14715.78 67664.87
14716.79 67670.87
14717.79 67676.81
14718.77 67682.50
14719.78 67688.31
14720.79 67694.25
14721.79 67700.22
14722.79 67706.08
14723.78 67711.71
14724.77 67717.48
14725.78 67723.19
14726.79 67729.23
14727.79 67735.10
14728.79 67741.02
14729.79 67746.67
14730.78 67752.29
14731.79 67758.18
14732.79 67763.97
14733.78 67769.84
14734.78 67775.43
14735.78 67781.23
14736.78 67787.11
14737.78 67793.10
14738.79 67798.75
14739.79 67804.72
14740.79 67810.48
14741.79 67816.32
14742.78 67822.11
14743.79 67827.49
14744.79 67833.03
14745.78 67838.70
14746.80 67844.03
14747.77 67849.33
14748.78 67855.05
14749.79 67860.73
14750.78 67866.50
14751.79 67872.18
14752.78 67877.70
14753.78 67883.25
14754.78 67888.95
14755.78 67894.59
14756.78 67900.15
14757.78 67904.79
14758.78 67910.16
14759.79 67915.72
14760.80 67921.25
14761.78 67926.70
14762.78 67932.15
14763.78 67937.76
14764.79 67943.37
14765.79 67948.79
14766.78 67954.37
14767.79 67960.21
14768.78 67965.82
14769.79 67971.53
14770.78 67977.13
14771.78 67982.70
14772.78 67988.40
14773.78 67993.88
14774.78 67999.18
14775.78 68004.62
14776.79 68009.63
14777.79 68014.73
14778.80 68020.37
14779.79 68025.51
14780.78 68030.68
14781.79 68036.28
14782.79 68041.89
14783.78 68047.37
14784.78 68053.00
14785.79 68058.51
14786.78 68063.97
14787.79 68069.37
14788.78 68074.97
14789.78 68080.43
14790.79 68086.01
14791.78 68091.44
14792.79 68096.83
14793.78 68102.20
14794.79 68107.76
14795.78 68113.15
14796.79 68118.93
14797.77 68124.33
14798.78 68129.88
14799.78 68135.27
14800.79 68140.82
14801.78 68145.97
14802.78 68151.32
14803.78 68156.42
14804.78 68161.61
14805.79 68166.85
14806.80 68172.05
14807.78 68177.23
14808.78 68182.44
14809.78 68187.35
14810.79 68192.56
14811.79 68197.74
14812.79 68202.74
14813.80 68208.09
14814.78 68213.27
14815.79 68218.84
14816.79 68224.24
14817.79 68229.53
14818.78 68234.80
14819.79 68240.17
14820.79 68245.67
14821.77 68250.92
14822.78 68256.52
14823.78 68262.09
14824.79 68267.72
14825.78 68273.05
14826.79 68278.58
14827.78 68284.04
14828.78 68289.51
14829.79 68294.94
14830.78 68300.37
14831.79 68305.80
14832.80 68311.49
14833.78 68317.07
14834.79 68322.78
14835.79 68328.40
14836.78 68334.02
14837.79 68339.96
14838.79 68345.62
14839.77 68351.37
14840.78 68357.00
14841.79 68362.66
14842.78 68367.64
14843.78 68373.07
14844.79 68378.91
14845.80 68384.28
14846.78 68389.84
14847.78 68395.76
14848.78 68401.35
14849.78 68407.21
14850.77 68412.82
14851.78 68418.61
14852.79 68424.35
14853.79 68430.30
14854.78 68436.10
14855.78 68441.89
14856.78 68447.86
14857.80 68453.99
14858.78 68459.63
14859.78 68465.28
14860.78 68471.03
14861.79 68476.94
14862.77 68482.76
14863.77 68488.50
14864.79 68494.45
14865.80 68499.97
14866.78 68505.74
14867.78 68511.54
14868.79 68517.31
14869.79 68523.23
14870.78 68528.86
14871.79 68534.69
14872.79 68540.33
14873.79 68546.06
14874.78 68551.92
14875.79 68557.31
14876.78 68562.56
14877.78 68568.28
14878.78 68573.72
14879.79 68579.34
14880.78 68585.14
14881.80 68590.90
14882.77 68596.58
14883.78 68602.46
14884.79 68608.29
14885.79 68614.00
14886.80 68619.85
14887.80 68625.67
14888.78 68631.28
14889.79 68637.09
14890.78 68642.67
14891.79 68648.47
14892.80 68654.28
14893.79 68659.93
14894.79 68665.67
14895.78 68671.35
14896.78 68677.04
14897.78 68682.70
14898.78 68688.64
14899.79 68694.63
14900.79 68700.31
14901.79 68705.97
14902.80 68711.61
14903.79 68717.26
14904.78 68722.94
14905.80 68728.75
14906.78 68734.45
14907.78 68740.04
14908.79 68745.42
14909.78 68750.86
14910.78 68756.57
14911.79 68761.89
14912.79 68767.37
14913.78 68773.13
14914.78 68778.75
14915.78 68784.50
14916.79 68790.17
14917.80 68795.84
14918.78 68801.44
14919.79 68807.31
14920.79 68812.97
14921.80 68818.59
14922.79 68824.13
14923.78 68829.56
14924.79 68835.28
14925.79 68840.88
14926.79 68846.66
14927.79 68852.23
14928.78 68857.53
14929.78 68862.99
14930.78 68868.56
14931.79 68874.13
14932.79 68879.74
14933.79 68885.27
14934.78 68890.89
14935.78 68896.41
14936.79 68902.14
14937.79 68907.75
14938.78 68913.14
14939.79 68918.85
14940.78 68924.42
14941.80 68929.83
14942.78 68935.10
14943.79 68940.61
14944.79 68945.89
14945.79 68951.53
14946.80 68957.36
14947.78 68962.92
14948.79 68968.61
14949.79 68974.33
14950.79 68980.07
14951.79 68985.82
14952.80 68991.47
14953.78 68996.95
14954.79 69002.63
14955.79 69008.31
14956.79 69013.58
14957.79 69019.22
14958.79 69024.68
14959.80 69030.33
14960.80 69035.76
14961.79 69041.25
14962.79 69046.95
14963.78 69052.33
14964.78 69057.90
14965.79 69063.41
14966.79 69069.06
14967.79 69074.66
14968.78 69080.13
14969.79 69085.88
14970.79 69091.39
14971.79 69097.02
14972.79 69102.57
14973.78 69108.23
14974.78 69113.63
14975.79 69119.03
14976.79 69124.54
14977.79 69129.91
14978.78 69135.41
14979.78 69141.29
14980.79 69147.03
14981.79 69152.56
14982.79 69158.23
14983.78 69163.99
14984.79 69169.94
14985.79 69175.69
14986.79 69181.45
14987.80 69187.32
14988.78 69193.14
14989.79 69199.00
14990.79 69204.76
14991.80 69210.64
14992.79 69216.47
14993.79 69222.24
14994.79 69227.83
14995.80 69233.72
14996.79 69239.58
14997.79 69245.26
14998.79 69251.26
14999.80 69257.31
15000.78 69263.07
15001.79 69269.14
15002.79 69274.90
15003.79 69280.80
15004.79 69286.73
15005.78 69292.33
15006.78 69298.12
15007.79 69303.55
15008.78 69309.07
15009.79 69315.03
15010.78 69320.42
15011.80 69326.05
15012.79 69331.80
15013.79 69337.61
15014.79 69343.30
15015.78 69349.22
15016.79 69355.51
15017.79 69361.49
15018.79 69367.26
15019.80 69373.19
15020.80 69379.24
15021.79 69385.25
15022.78 69391.33
15023.78 69397.05
15024.79 69403.12
15025.78 69408.81
15026.79 69414.62
15027.78 69420.45
15028.78 69426.40
15029.79 69432.40
15030.79 69438.20
15031.79 69443.93
15032.79 69449.96
15033.79 69455.79
15034.79 69461.84
15035.79 69467.75
15036.78 69473.39
15037.79 69479.34
15038.80 69485.18
15039.79 69490.96
15040.78 69496.32
15041.79 69501.89
15042.79 69507.66
15043.79 69512.93
15044.80 69518.58
15045.78 69524.35
15046.79 69530.43
15047.78 69536.34
15048.79 69542.36
15049.79 69548.26
15050.78 69554.00
15051.79 69559.92
15052.78 69565.67
15053.79 69571.62
15054.79 69577.50
15055.79 69583.28
15056.79 69588.89
15057.78 69594.54
15058.78 69600.38
15059.79 69606.27
15060.78 69611.97
15061.79 69617.70
15062.79 69623.42
15063.80 69629.22
15064.79 69634.99
15065.80 69640.84
15066.78 69646.48
15067.79 69652.11
15068.79 69657.86
15069.80 69663.58
15070.78 69669.26
15071.78 69675.14
15072.79 69680.74
15073.79 69686.18
15074.79 69691.43
15075.80 69697.07
15076.80 69702.57
15077.78 69707.76
15078.79 69713.51
15079.79 69719.09
15080.80 69724.83
15081.80 69730.25
15082.78 69735.80
15083.79 69741.37
15084.80 69747.14
15085.78 69752.46
15086.79 69758.41
15087.79 69764.08
15088.79 69769.84
15089.80 69775.52
15090.78 69781.19
15091.79 69786.98
15092.78 69792.69
15093.79 69798.45
15094.79 69804.08
15095.79 69809.89
15096.80 69815.70
15097.78 69821.36
15098.79 69826.94
15099.79 69832.85
15100.79 69838.57
15101.79 69844.55
15102.79 69850.21
15103.80 69855.96
15104.80 69861.78
15105.78 69867.60
15106.79 69873.00
15107.79 69878.46
15108.80 69884.18
15109.80 69889.52
15110.80 69894.95
15111.78 69900.45
15112.78 69906.13
15113.79 69911.83
15114.80 69917.47
15115.80 69923.07
15116.79 69928.60
15117.79 69934.34
15118.78 69940.00
15119.78 69945.56
15120.79 69951.29
15121.78 69956.78
15122.78 69962.34
15123.79 69967.93
15124.78 69973.67
15125.78 69979.28
15126.78 69985.07
15127.78 69990.62
15128.79 69996.55
15129.79 70002.29
15130.79 70008.15
15131.79 70013.96
15132.78 70019.70
15133.78 70025.66
15134.79 70031.29
15135.79 70036.65
15136.79 70042.57
15137.78 70048.45
15138.78 70054.14
15139.79 70059.63
15140.79 70064.94
15141.77 70067.97
15142.77 70071.37
15143.76 70075.99
15144.77 70081.61
15145.77 70087.41
15146.78 70093.34
15147.78 70099.23
15148.80 70104.31
15149.78 70109.60
15150.78 70115.44
15151.78 70121.01
15152.78 70126.88
15153.79 70132.78
15154.79 70137.90
15155.78 70143.72
15156.78 70149.85
15157.79 70156.03
15158.79 70161.88
15159.77 70166.49
15160.78 70173.61
15161.78 70180.73
15162.78 70188.03
15163.78 70195.86
15164.79 70203.24
15165.79 70210.66
15166.78 70218.49
15167.77 70225.50
15168.78 70233.54
