5.08 2.24 1.76 3/2646 31663
5.08 2.24 1.76 10/2646 31684
5.08 2.24 1.76 11/2646 31704
5.88 2.45 1.83 7/2650 31737
5.88 2.45 1.83 4/2642 31757
5.88 2.45 1.83 3/2647 31783
5.88 2.45 1.83 7/2647 31803
5.88 2.45 1.83 4/2646 31827
6.13 2.56 1.87 5/2646 31846
6.13 2.56 1.87 4/2650 31879
6.13 2.56 1.87 3/2642 31900
6.13 2.56 1.87 3/2642 31920
6.13 2.56 1.87 1/2641 31941
6.36 2.67 1.91 4/2641 31961
6.36 2.67 1.91 4/2641 31981
6.36 2.67 1.91 6/2634 32001
6.36 2.67 1.91 4/2634 32022
6.36 2.67 1.91 6/2634 32041
7.05 2.87 1.98 5/2634 32061
7.05 2.87 1.98 1/2634 32081
7.05 2.87 1.98 2/2634 32100
7.05 2.87 1.98 10/2634 32121
7.05 2.87 1.98 2/2633 32144
7.37 3.01 2.03 5/2634 32164
7.37 3.01 2.03 6/2634 32184
7.37 3.01 2.03 4/2634 32204
7.37 3.01 2.03 5/2635 32225
7.37 3.01 2.03 6/2635 32245
7.42 3.09 2.06 9/2635 32265
7.42 3.09 2.06 3/2635 32284
7.42 3.09 2.06 7/2628 32304
7.42 3.09 2.06 6/2620 32325
7.42 3.09 2.06 2/2616 32345
7.47 3.17 2.09 3/2614 32365
7.47 3.17 2.09 3/2576 32385
7.47 3.17 2.09 2/2571 32404
7.47 3.17 2.09 2/2569 32425
7.47 3.17 2.09 2/2568 32445
7.43 3.24 2.12 3/2568 32464
7.43 3.24 2.12 3/2535 32484
7.43 3.24 2.12 2/2534 32504
7.43 3.24 2.12 2/2534 32524
7.43 3.24 2.12 5/2534 32544
7.79 3.38 2.17 7/2557 32616
7.79 3.38 2.17 1/2588 32687
7.79 3.38 2.17 6/2588 32710
7.79 3.38 2.17 4/2609 32766
7.79 3.38 2.17 14/2638 569
8.13 3.53 2.23 4/2641 645
8.13 3.53 2.23 4/2644 689
8.13 3.53 2.23 6/2645 728
8.13 3.53 2.23 2/2644 783
8.13 3.53 2.23 3/2644 915
8.12 3.60 2.26 4/2645 1004
8.12 3.60 2.26 4/2646 1099
8.12 3.60 2.26 3/2646 1144
8.12 3.60 2.26 5/2646 1236
8.12 3.60 2.26 5/2646 1274
8.51 3.76 2.32 2/2646 1308
8.51 3.76 2.32 8/2646 1361
8.51 3.76 2.32 4/2647 1393
8.51 3.76 2.32 3/2646 1414
8.51 3.76 2.32 2/2651 1476
8.23 3.78 2.33 4/2651 1501
8.23 3.78 2.33 5/2651 1524
8.23 3.78 2.33 2/2653 1562
8.23 3.78 2.33 3/2653 1583
8.23 3.78 2.33 3/2653 1614
8.05 3.81 2.35 3/2653 1651
8.05 3.81 2.35 4/2653 1693
8.05 3.81 2.35 7/2653 1743
8.05 3.81 2.35 1/2653 1784
8.05 3.81 2.35 4/2653 1816
8.29 3.93 2.40 2/2653 1844
8.29 3.93 2.40 1/2653 1894
8.29 3.93 2.40 4/2653 1926
8.29 3.93 2.40 3/2653 1963
8.29 3.93 2.40 3/2653 1988
8.35 4.02 2.43 5/2653 2015
8.35 4.02 2.43 4/2653 2044
8.35 4.02 2.43 1/2653 2085
8.35 4.02 2.43 7/2653 2119
8.35 4.02 2.43 4/2653 2147
8.24 4.07 2.46 11/2653 2173
8.24 4.07 2.46 7/2652 2198
8.24 4.07 2.46 4/2652 2221
8.24 4.07 2.46 1/2652 2258
8.24 4.07 2.46 4/2652 2290
8.30 4.15 2.49 9/2652 2321
8.30 4.15 2.49 1/2652 2345
8.30 4.15 2.49 4/2652 2391
8.30 4.15 2.49 2/2651 2427
8.30 4.15 2.49 3/2650 2448
8.92 4.35 2.57 2/2650 2475
8.92 4.35 2.57 6/2649 2498
8.92 4.35 2.57 3/2649 2521
8.92 4.35 2.57 3/2649 2552
8.92 4.35 2.57 6/2649 2572
9.16 4.47 2.62 3/2648 2594
9.16 4.47 2.62 3/2646 2615
9.16 4.47 2.62 5/2645 2640
9.16 4.47 2.62 3/2645 2669
9.16 4.47 2.62 5/2645 2694
8.99 4.52 2.64 2/2640 2715
8.99 4.52 2.64 4/2639 2736
8.99 4.52 2.64 8/2639 2758
8.99 4.52 2.64 1/2630 2779
8.99 4.52 2.64 1/2625 2798
8.75 4.54 2.66 2/2624 2819
8.75 4.54 2.66 3/2624 2843
8.75 4.54 2.66 3/2624 2865
8.75 4.54 2.66 2/2619 2895
8.75 4.54 2.66 7/2618 2925
8.93 4.65 2.70 4/2618 2945
8.93 4.65 2.70 1/2617 2966
8.93 4.65 2.70 3/2617 2986
8.93 4.65 2.70 6/2617 3016
8.93 4.65 2.70 5/2617 3041
9.02 4.74 2.74 4/2616 3065
9.02 4.74 2.74 4/2616 3087
9.02 4.74 2.74 7/2616 3120
9.02 4.74 2.74 1/2615 3160
9.02 4.74 2.74 1/2614 3225
9.01 4.81 2.78 5/2614 3277
9.01 4.81 2.78 5/2614 3308
9.01 4.81 2.78 3/2614 3328
9.01 4.81 2.78 3/2614 3353
9.01 4.81 2.78 8/2614 3373
8.77 4.83 2.80 3/2614 3398
8.77 4.83 2.80 4/2614 3418
8.77 4.83 2.80 4/2614 3441
8.77 4.83 2.80 4/2613 3460
8.77 4.83 2.80 3/2613 3482
8.95 4.93 2.84 4/2613 3503
8.95 4.93 2.84 5/2613 3540
8.95 4.93 2.84 2/2613 3570
8.95 4.93 2.84 5/2613 3590
8.95 4.93 2.84 1/2613 3620
9.04 5.02 2.88 2/2613 3651
9.04 5.02 2.88 5/2613 3674
9.04 5.02 2.88 3/2613 3699
9.04 5.02 2.88 1/2613 3724
9.04 5.02 2.88 4/2613 3745
8.95 5.07 2.91 3/2613 3766
8.95 5.07 2.91 6/2613 3786
8.95 5.07 2.91 2/2613 3812
8.95 5.07 2.91 4/2613 3842
8.95 5.07 2.91 3/2613 3862
8.72 5.08 2.92 10/2613 3886
8.72 5.08 2.92 6/2613 3906
8.72 5.08 2.92 3/2613 3926
8.72 5.08 2.92 2/2613 3960
8.72 5.08 2.92 2/2613 4013
8.82 5.16 2.96 1/2613 4033
8.82 5.16 2.96 4/2616 4061
8.82 5.16 2.96 4/2616 4085
8.82 5.16 2.96 3/2616 4114
8.82 5.16 2.96 2/2616 4139
8.75 5.21 2.99 5/2616 4164
8.75 5.21 2.99 3/2616 4185
8.75 5.21 2.99 3/2616 4205
8.75 5.21 2.99 4/2615 4224
8.75 5.21 2.99 6/2616 4244
8.93 5.31 3.03 4/2615 4264
8.93 5.31 3.03 2/2615 4290
8.93 5.31 3.03 4/2615 4311
8.93 5.31 3.03 3/2615 4331
8.93 5.31 3.03 1/2615 4350
8.70 5.32 3.05 2/2615 4370
8.70 5.32 3.05 4/2615 4391
8.70 5.32 3.05 1/2615 4410
8.70 5.32 3.05 12/2615 4431
8.70 5.32 3.05 2/2615 4452
8.80 5.40 3.09 3/2615 4471
8.80 5.40 3.09 2/2615 4497
8.80 5.40 3.09 3/2615 4518
8.80 5.40 3.09 5/2615 4544
8.80 5.40 3.09 4/2613 4568
8.82 5.46 3.12 4/2613 4588
8.82 5.46 3.12 4/2614 4611
8.82 5.46 3.12 4/2614 4631
8.82 5.46 3.12 1/2614 4651
8.82 5.46 3.12 4/2614 4670
8.83 5.52 3.15 5/2615 4690
8.83 5.52 3.15 6/2614 4710
8.83 5.52 3.15 3/2614 4730
8.83 5.52 3.15 8/2614 4750
8.83 5.52 3.15 7/2614 4771
8.77 5.56 3.18 7/2614 4793
8.77 5.56 3.18 1/2613 4813
8.77 5.56 3.18 1/2612 4834
8.77 5.56 3.18 5/2612 4854
8.77 5.56 3.18 2/2612 4874
8.87 5.63 3.21 1/2612 4894
8.87 5.63 3.21 4/2612 4914
8.87 5.63 3.21 5/2612 4934
8.87 5.63 3.21 2/2612 4954
8.87 5.63 3.21 4/2612 4973
8.80 5.67 3.24 2/2612 4993
8.80 5.67 3.24 3/2612 5013
8.80 5.67 3.24 2/2612 5033
8.80 5.67 3.24 2/2612 5053
8.80 5.67 3.24 3/2612 5073
8.89 5.74 3.28 1/2612 5092
8.89 5.74 3.28 4/2612 5112
8.89 5.74 3.28 5/2612 5132
8.89 5.74 3.28 6/2612 5151
8.89 5.74 3.28 1/2612 5171
8.90 5.80 3.31 6/2612 5191
8.90 5.80 3.31 6/2612 5210
8.90 5.80 3.31 1/2612 5230
8.90 5.80 3.31 4/2612 5251
8.90 5.80 3.31 2/2612 5270
8.83 5.83 3.33 5/2613 5290
8.83 5.83 3.33 6/2612 5311
8.83 5.83 3.33 3/2611 5331
8.83 5.83 3.33 7/2615 5357
8.83 5.83 3.33 3/2614 5377
8.60 5.84 3.35 1/2614 5396
8.60 5.84 3.35 6/2614 5416
8.60 5.84 3.35 14/2619 5442
8.60 5.84 3.35 2/2643 5491
8.60 5.84 3.35 3/2643 5513
8.79 5.92 3.39 4/2653 5552
8.79 5.92 3.39 14/2573 5622
8.79 5.92 3.39 3/2570 5658
8.79 5.92 3.39 3/2570 5680
8.79 5.92 3.39 4/2570 5706
9.05 6.02 3.43 2/2570 5730
9.05 6.02 3.43 2/2570 5752
9.05 6.02 3.43 6/2570 5786
9.05 6.02 3.43 3/2570 5809
9.05 6.02 3.43 8/2570 5833
8.89 6.04 3.45 3/2570 5852
8.89 6.04 3.45 4/2570 5877
8.89 6.04 3.45 7/2570 5901
8.89 6.04 3.45 3/2570 5920
8.89 6.04 3.45 6/2571 5941
8.98 6.11 3.49 4/2570 5963
8.98 6.11 3.49 5/2570 5982
8.98 6.11 3.49 2/2570 6002
8.98 6.11 3.49 7/2570 6022
8.98 6.11 3.49 2/2570 6042
9.22 6.20 3.54 7/2571 6063
9.22 6.20 3.54 2/2573 6085
9.22 6.20 3.54 3/2573 6104
9.22 6.20 3.54 2/2574 6126
9.22 6.20 3.54 4/2574 6147
9.28 6.27 3.57 2/2574 6166
9.28 6.27 3.57 1/2574 6188
9.28 6.27 3.57 3/2574 6212
9.28 6.27 3.57 7/2572 6231
9.28 6.27 3.57 3/2572 6252
9.10 6.28 3.59 4/2572 6273
9.10 6.28 3.59 1/2572 6296
9.10 6.28 3.59 3/2572 6316
9.10 6.28 3.59 7/2573 6339
9.10 6.28 3.59 4/2572 6359
9.09 6.33 3.62 2/2572 6382
9.09 6.33 3.62 3/2587 6438
9.09 6.33 3.62 5/2617 6508
9.09 6.33 3.62 5/2614 6536
9.09 6.33 3.62 13/2626 6580
9.80 6.52 3.70 3/2634 6616
9.80 6.52 3.70 3/2676 6705
9.80 6.52 3.70 2/2676 6732
9.80 6.52 3.70 2/2676 6751
9.80 6.52 3.70 3/2679 6785
9.66 6.54 3.72 9/2679 6806
9.66 6.54 3.72 4/2675 6825
9.66 6.54 3.72 5/2677 6865
9.66 6.54 3.72 2/2677 6892
9.66 6.54 3.72 3/2677 6911
9.61 6.59 3.75 3/2680 6948
9.61 6.59 3.75 3/2678 6968
9.61 6.59 3.75 3/2678 6987
9.61 6.59 3.75 3/2680 7023
9.61 6.59 3.75 3/2680 7044
9.48 6.61 3.77 7/2680 7064
9.48 6.61 3.77 7/2681 7099
9.48 6.61 3.77 4/2681 7119
9.48 6.61 3.77 6/2676 7142
9.48 6.61 3.77 1/2675 7176
9.60 6.68 3.81 3/2675 7196
9.60 6.68 3.81 2/2673 7215
9.60 6.68 3.81 3/2673 7249
9.60 6.68 3.81 3/2672 7269
9.60 6.68 3.81 2/2672 7289
9.71 6.75 3.85 7/2672 7323
9.71 6.75 3.85 3/2671 7344
9.71 6.75 3.85 3/2671 7363
9.71 6.75 3.85 4/2671 7397
9.71 6.75 3.85 1/2671 7417
9.65 6.79 3.88 2/2672 7437
9.65 6.79 3.88 5/2672 7457
9.65 6.79 3.88 4/2672 7478
9.65 6.79 3.88 4/2672 7497
9.65 6.79 3.88 2/2672 7517
9.44 6.80 3.89 2/2671 7537
9.44 6.80 3.89 3/2671 7557
9.44 6.80 3.89 8/2672 7578
9.44 6.80 3.89 4/2671 7599
9.44 6.80 3.89 5/2668 7621
9.49 6.85 3.93 5/2668 7643
9.49 6.85 3.93 1/2668 7663
9.49 6.85 3.93 4/2668 7683
9.49 6.85 3.93 3/2667 7717
9.49 6.85 3.93 2/2667 7743
9.53 6.90 3.96 2/2665 7765
9.53 6.90 3.96 2/2665 7785
9.53 6.90 3.96 2/2665 7806
9.53 6.90 3.96 5/2665 7826
9.53 6.90 3.96 1/2664 7846
9.49 6.94 3.99 3/2664 7867
9.49 6.94 3.99 6/2664 7887
9.49 6.94 3.99 5/2664 7909
9.49 6.94 3.99 5/2667 7937
9.49 6.94 3.99 5/2667 7959
9.21 6.92 4.00 4/2667 7979
9.21 6.92 4.00 4/2664 7999
9.21 6.92 4.00 1/2664 8025
9.21 6.92 4.00 5/2662 8056
9.21 6.92 4.00 2/2660 8090
9.43 7.01 4.04 5/2649 8109
9.43 7.01 4.04 5/2648 8129
9.43 7.01 4.04 5/2646 8161
9.43 7.01 4.04 5/2645 8182
9.43 7.01 4.04 1/2645 8211
9.24 7.01 4.06 3/2642 8239
9.24 7.01 4.06 1/2642 8266
9.24 7.01 4.06 2/2642 8296
9.24 7.01 4.06 2/2640 8328
9.24 7.01 4.06 1/2640 8359
9.22 7.04 4.09 2/2640 8385
9.22 7.04 4.09 1/2606 8409
9.22 7.04 4.09 1/2604 8436
9.22 7.04 4.09 3/2604 8456
9.22 7.04 4.09 5/2604 8476
9.04 7.04 4.10 3/2604 8497
9.04 7.04 4.10 6/2604 8517
9.04 7.04 4.10 1/2604 8538
9.04 7.04 4.10 6/2604 8558
9.04 7.04 4.10 3/2603 8590
9.04 7.07 4.13 6/2602 8612
9.04 7.07 4.13 4/2601 8632
9.04 7.07 4.13 7/2601 8652
9.04 7.07 4.13 4/2601 8672
9.04 7.07 4.13 1/2601 8691
8.79 7.05 4.14 2/2602 8711
8.79 7.05 4.14 5/2600 8731
8.79 7.05 4.14 2/2599 8750
8.79 7.05 4.14 3/2599 8773
8.79 7.05 4.14 2/2598 8795
9.05 7.14 4.18 1/2598 8814
9.05 7.14 4.18 1/2598 8834
9.05 7.14 4.18 2/2598 8855
9.05 7.14 4.18 1/2598 8874
9.05 7.14 4.18 4/2598 8894
8.89 7.13 4.20 3/2598 8914
8.89 7.13 4.20 1/2598 8933
8.89 7.13 4.20 1/2598 8954
8.89 7.13 4.20 1/2598 8975
8.89 7.13 4.20 3/2598 8996
8.89 7.16 4.22 8/2598 9017
8.89 7.16 4.22 5/2598 9038
8.89 7.16 4.22 2/2599 9058
8.89 7.16 4.22 3/2599 9078
8.89 7.16 4.22 4/2599 9098
8.66 7.14 4.23 2/2599 9117
8.66 7.14 4.23 4/2599 9137
8.66 7.14 4.23 3/2599 9157
8.66 7.14 4.23 1/2602 9179
8.66 7.14 4.23 7/2602 9199
8.85 7.21 4.27 2/2602 9220
8.85 7.21 4.27 1/2602 9239
8.85 7.21 4.27 3/2602 9259
8.85 7.21 4.27 2/2602 9279
8.85 7.21 4.27 6/2601 9298
8.78 7.22 4.29 1/2601 9319
8.78 7.22 4.29 3/2600 9339
8.78 7.22 4.29 6/2600 9358
8.78 7.22 4.29 2/2601 9378
8.78 7.22 4.29 6/2600 9398
8.88 7.27 4.32 1/2600 9417
8.88 7.27 4.32 2/2600 9438
8.88 7.27 4.32 3/2600 9458
8.88 7.27 4.32 2/2601 9479
8.88 7.27 4.32 4/2601 9499
9.13 7.35 4.36 2/2601 9519
9.13 7.35 4.36 7/2601 9539
9.13 7.35 4.36 2/2601 9560
9.13 7.35 4.36 2/2601 9580
9.13 7.35 4.36 3/2601 9599
9.60 7.47 4.42 3/2601 9619
9.60 7.47 4.42 4/2601 9639
9.60 7.47 4.42 3/2601 9659
9.60 7.47 4.42 1/2601 9679
9.60 7.47 4.42 3/2601 9699
9.47 7.48 4.44 3/2601 9718
9.47 7.48 4.44 1/2601 9738
9.47 7.48 4.44 1/2601 9760
9.47 7.48 4.44 4/2601 9779
9.47 7.48 4.44 5/2601 9799
9.51 7.53 4.47 1/2601 9819
9.51 7.53 4.47 2/2601 9838
9.51 7.53 4.47 10/2601 9859
9.51 7.53 4.47 2/2600 9879
9.51 7.53 4.47 5/2597 9898
9.47 7.55 4.49 3/2597 9917
9.47 7.55 4.49 3/2597 9940
9.47 7.55 4.49 4/2597 9959
9.47 7.55 4.49 2/2598 9979
9.47 7.55 4.49 2/2597 9999
9.51 7.59 4.52 2/2597 10018
9.51 7.59 4.52 2/2598 10038
9.51 7.59 4.52 1/2597 10058
9.51 7.59 4.52 1/2597 10078
9.51 7.59 4.52 1/2597 10098
9.39 7.60 4.54 2/2597 10118
9.39 7.60 4.54 5/2596 10137
9.39 7.60 4.54 1/2596 10157
9.39 7.60 4.54 2/2596 10177
9.39 7.60 4.54 2/2596 10196
9.44 7.64 4.57 7/2596 10216
9.44 7.64 4.57 11/2596 10236
9.44 7.64 4.57 3/2596 10255
9.44 7.64 4.57 1/2596 10276
9.44 7.64 4.57 5/2596 10296
9.49 7.68 4.60 4/2596 10315
9.49 7.68 4.60 2/2596 10334
9.49 7.68 4.60 9/2596 10355
9.49 7.68 4.60 7/2596 10374
9.49 7.68 4.60 2/2595 10393
9.45 7.70 4.62 2/2598 10420
9.45 7.70 4.62 8/2598 10439
9.45 7.70 4.62 3/2598 10459
9.45 7.70 4.62 1/2598 10479
9.45 7.70 4.62 6/2624 10528
9.41 7.72 4.65 2/2626 10551
9.41 7.72 4.65 9/2624 10588
9.41 7.72 4.65 7/2544 10659
9.41 7.72 4.65 1/2539 10681
9.41 7.72 4.65 10/2539 10702
9.22 7.71 4.66 3/2539 10724
9.22 7.71 4.66 2/2541 10751
9.22 7.71 4.66 13/2546 10780
9.22 7.71 4.66 11/2552 10805
9.22 7.71 4.66 3/2553 10825
9.04 7.70 4.67 2/2552 10845
9.04 7.70 4.67 3/2552 10864
9.04 7.70 4.67 5/2552 10884
9.04 7.70 4.67 2/2552 10905
9.04 7.70 4.67 7/2552 10924
9.36 7.79 4.72 4/2552 10944
9.36 7.79 4.72 2/2552 10964
9.36 7.79 4.72 6/2552 10983
9.36 7.79 4.72 5/2552 11003
9.36 7.79 4.72 8/2553 11024
9.41 7.82 4.75 4/2553 11043
9.41 7.82 4.75 2/2523 11084
9.41 7.82 4.75 4/2523 11103
9.41 7.82 4.75 2/2520 11129
9.41 7.82 4.75 1/2469 11151
8.82 7.73 4.73 3/2469 11170
8.82 7.73 4.73 1/2464 11189
8.82 7.73 4.73 1/2466 11215
8.82 7.73 4.73 1/2466 11235
8.82 7.73 4.73 1/2466 11254
8.19 7.61 4.71 1/2459 11273
8.19 7.61 4.71 1/2459 11294
