1.40 3.16 4.23 1/2391 21201
1.40 3.16 4.23 1/2391 21220
1.37 3.12 4.21 1/2391 21239
1.37 3.12 4.21 1/2391 21261
1.37 3.12 4.21 3/2477 21392
1.37 3.12 4.21 28/2554 21531
1.37 3.12 4.21 8/2547 21588
2.54 3.34 4.27 6/2555 21644
2.54 3.34 4.27 4/2559 21669
2.54 3.34 4.27 3/2555 21697
2.54 3.34 4.27 2/2552 21723
2.54 3.34 4.27 7/2553 21758
3.06 3.43 4.30 6/2553 21780
3.06 3.43 4.30 3/2553 21801
3.06 3.43 4.30 3/2553 21823
3.06 3.43 4.30 2/2546 21849
3.06 3.43 4.30 2/2546 21868
3.61 3.54 4.33 5/2546 21888
3.61 3.54 4.33 4/2546 21909
3.61 3.54 4.33 3/2549 21931
3.61 3.54 4.33 4/2549 21950
3.61 3.54 4.33 2/2549 21971
3.88 3.60 4.34 13/2552 22023
3.88 3.60 4.34 7/2551 22043
3.88 3.60 4.34 6/2565 22114
4.45 3.72 4.38 2/2575 22163
4.45 3.72 4.38 3/2573 22187
4.45 3.72 4.38 17/2596 22234
4.45 3.72 4.38 7/2628 22311
4.45 3.72 4.38 6/2622 22335
5.06 3.86 4.42 3/2622 22359
5.06 3.86 4.42 1/2622 22380
5.06 3.86 4.42 3/2622 22402
5.06 3.86 4.42 4/2622 22426
5.06 3.86 4.42 4/2622 22449
5.29 3.93 4.44 3/2622 22471
5.29 3.93 4.44 3/2622 22491
5.29 3.93 4.44 9/2622 22512
5.29 3.93 4.44 4/2622 22532
5.29 3.93 4.44 1/2622 22551
5.51 4.00 4.46 3/2622 22572
5.51 4.00 4.46 4/2622 22591
5.51 4.00 4.46 3/2622 22610
5.51 4.00 4.46 2/2622 22631
5.51 4.00 4.46 4/2622 22652
5.87 4.10 4.49 3/2622 22671
5.87 4.10 4.49 7/2622 22692
5.87 4.10 4.49 1/2622 22711
5.87 4.10 4.49 7/2622 22730
5.87 4.10 4.49 4/2622 22752
6.12 4.18 4.52 3/2622 22771
6.12 4.18 4.52 3/2622 22790
6.12 4.18 4.52 4/2622 22811
6.12 4.18 4.52 3/2622 22845
6.12 4.18 4.52 2/2622 22870
6.19 4.22 4.53 2/2622 22892
6.19 4.22 4.53 2/2622 22911
6.19 4.22 4.53 4/2622 22930
6.19 4.22 4.53 6/2622 22953
6.19 4.22 4.53 4/2622 22972
6.26 4.27 4.54 2/2622 22992
6.26 4.27 4.54 2/2622 23013
6.26 4.27 4.54 3/2622 23032
6.26 4.27 4.54 1/2614 23051
6.26 4.27 4.54 3/2612 23072
6.32 4.32 4.56 3/2612 23092
6.32 4.32 4.56 1/2612 23112
6.32 4.32 4.56 3/2612 23132
6.32 4.32 4.56 3/2610 23151
6.32 4.32 4.56 6/2610 23170
6.21 4.33 4.56 7/2610 23191
6.21 4.33 4.56 8/2610 23210
6.21 4.33 4.56 5/2610 23229
6.21 4.33 4.56 2/2610 23250
6.21 4.33 4.56 1/2610 23269
6.52 4.42 4.59 6/2611 23289
6.52 4.42 4.59 4/2610 23310
6.52 4.42 4.59 8/2610 23329
6.52 4.42 4.59 3/2610 23348
6.52 4.42 4.59 3/2610 23369
6.79 4.51 4.62 4/2610 23388
6.79 4.51 4.62 1/2609 23407
6.79 4.51 4.62 1/2608 23429
6.79 4.51 4.62 4/2608 23448
6.79 4.51 4.62 4/2608 23467
6.89 4.57 4.64 12/2606 23488
6.89 4.57 4.64 1/2606 23508
6.89 4.57 4.64 3/2606 23527
6.89 4.57 4.64 2/2595 23548
6.89 4.57 4.64 2/2595 23567
6.98 4.63 4.65 3/2593 23586
6.98 4.63 4.65 5/2593 23607
6.98 4.63 4.65 3/2593 23627
6.98 4.63 4.65 1/2591 23646
6.98 4.63 4.65 3/2591 23667
7.06 4.69 4.67 3/2590 23686
7.06 4.69 4.67 1/2590 23706
7.06 4.69 4.67 4/2590 23727
7.06 4.69 4.67 4/2590 23746
7.06 4.69 4.67 6/2590 23765
7.06 4.72 4.68 3/2590 23786
7.06 4.72 4.68 4/2590 23805
7.06 4.72 4.68 4/2590 23824
7.06 4.72 4.68 7/2590 23845
7.06 4.72 4.68 4/2590 23864
7.53 4.86 4.73 4/2590 23883
7.53 4.86 4.73 3/2590 23904
7.53 4.86 4.73 2/2590 23924
7.53 4.86 4.73 2/2590 23943
7.53 4.86 4.73 8/2590 23964
7.57 4.91 4.75 3/2590 23983
7.57 4.91 4.75 2/2590 24002
7.57 4.91 4.75 8/2590 24023
7.57 4.91 4.75 5/2590 24042
7.57 4.91 4.75 2/2590 24061
7.77 5.00 4.78 4/2590 24082
7.77 5.00 4.78 2/2595 24107
7.77 5.00 4.78 3/2595 24127
7.77 5.00 4.78 6/2595 24148
7.77 5.00 4.78 3/2595 24167
7.94 5.08 4.80 1/2595 24186
7.94 5.08 4.80 1/2595 24207
7.94 5.08 4.80 4/2595 24226
7.94 5.08 4.80 2/2595 24245
7.94 5.08 4.80 6/2595 24266
8.11 5.16 4.83 3/2595 24285
8.11 5.16 4.83 3/2595 24304
8.11 5.16 4.83 1/2595 24325
8.11 5.16 4.83 9/2595 24345
8.11 5.16 4.83 2/2595 24364
7.94 5.18 4.84 1/2595 24385
7.94 5.18 4.84 6/2595 24404
7.94 5.18 4.84 1/2595 24423
7.94 5.18 4.84 10/2595 24444
7.94 5.18 4.84 4/2595 24464
8.11 5.26 4.87 4/2595 24483
8.11 5.26 4.87 1/2595 24504
8.11 5.26 4.87 7/2595 24523
8.11 5.26 4.87 2/2595 24543
8.11 5.26 4.87 3/2595 24565
8.11 5.26 4.87 2/2595 24584
8.10 5.30 4.88 1/2595 24603
8.10 5.30 4.88 4/2595 24624
8.10 5.30 4.88 4/2595 24643
8.10 5.30 4.88 2/2595 24662
8.01 5.33 4.90 2/2595 24683
8.01 5.33 4.90 5/2595 24706
8.01 5.33 4.90 8/2595 24728
8.01 5.33 4.90 2/2595 24755
8.01 5.33 4.90 3/2595 24774
8.01 5.33 4.90 2/2595 24793
7.93 5.36 4.91 6/2595 24815
7.93 5.36 4.91 5/2595 24834
7.93 5.36 4.91 1/2595 24853
7.93 5.36 4.91 1/2595 24875
7.93 5.36 4.91 1/2595 24894
8.25 5.47 4.95 2/2595 24913
8.25 5.47 4.95 4/2595 24934
8.25 5.47 4.95 3/2595 24953
8.25 5.47 4.95 3/2595 24973
8.25 5.47 4.95 4/2595 24994
8.23 5.51 4.96 6/2595 25013
8.23 5.51 4.96 2/2595 25032
8.23 5.51 4.96 2/2595 25053
8.23 5.51 4.96 5/2595 25072
8.23 5.51 4.96 4/2595 25091
8.05 5.52 4.97 3/2595 25112
8.05 5.52 4.97 2/2595 25131
8.05 5.52 4.97 1/2595 25150
8.05 5.52 4.97 7/2595 25172
8.05 5.52 4.97 4/2595 25191
8.53 5.66 5.02 5/2595 25210
8.53 5.66 5.02 4/2595 25231
8.53 5.66 5.02 6/2595 25250
8.53 5.66 5.02 4/2595 25269
8.53 5.66 5.02 5/2595 25290
9.05 5.82 5.07 4/2591 25309
9.05 5.82 5.07 1/2591 25328
9.05 5.82 5.07 10/2591 25349
9.05 5.82 5.07 3/2591 25368
9.05 5.82 5.07 3/2591 25388
9.20 5.90 5.10 1/2590 25409
9.20 5.90 5.10 7/2590 25428
9.20 5.90 5.10 2/2590 25447
9.20 5.90 5.10 3/2590 25469
9.20 5.90 5.10 2/2590 25488
9.27 5.97 5.13 3/2590 25507
9.27 5.97 5.13 3/2590 25528
9.27 5.97 5.13 6/2590 25547
9.27 5.97 5.13 2/2590 25566
9.27 5.97 5.13 1/2590 25588
9.65 6.11 5.18 6/2590 25607
9.65 6.11 5.18 3/2590 25627
9.65 6.11 5.18 5/2590 25650
9.65 6.11 5.18 3/2590 25669
9.65 6.11 5.18 2/2590 25688
9.36 6.10 5.18 3/2590 25709
9.36 6.10 5.18 1/2590 25728
9.36 6.10 5.18 2/2590 25747
9.36 6.10 5.18 2/2590 25768
9.36 6.10 5.18 5/2590 25787
9.09 6.10 5.19 1/2590 25807
9.09 6.10 5.19 3/2590 25828
9.09 6.10 5.19 2/2590 25847
9.09 6.10 5.19 3/2590 25866
9.09 6.10 5.19 1/2590 25888
9.08 6.15 5.21 6/2590 25907
9.08 6.15 5.21 4/2590 25926
9.08 6.15 5.21 4/2590 25947
9.08 6.15 5.21 3/2590 25966
9.08 6.15 5.21 1/2590 25985
9.15 6.21 5.23 2/2590 26007
9.15 6.21 5.23 2/2590 26026
9.15 6.21 5.23 4/2590 26045
9.15 6.21 5.23 1/2590 26066
9.15 6.21 5.23 7/2590 26085
8.98 6.23 5.24 3/2590 26104
8.98 6.23 5.24 4/2590 26125
8.98 6.23 5.24 5/2590 26144
8.98 6.23 5.24 7/2590 26163
8.98 6.23 5.24 6/2590 26184
9.70 6.42 5.31 9/2590 26203
9.70 6.42 5.31 5/2590 26223
9.70 6.42 5.31 7/2590 26244
9.70 6.42 5.31 2/2590 26263
9.70 6.42 5.31 3/2590 26282
9.97 6.53 5.35 6/2590 26303
9.97 6.53 5.35 3/2590 26322
9.97 6.53 5.35 5/2589 26341
9.97 6.53 5.35 7/2589 26362
9.97 6.53 5.35 3/2589 26381
9.81 6.56 5.37 5/2589 26400
9.81 6.56 5.37 2/2589 26422
9.81 6.56 5.37 4/2588 26441
9.81 6.56 5.37 1/2588 26460
9.81 6.56 5.37 2/2588 26481
9.58 6.56 5.38 4/2588 26500
9.58 6.56 5.38 3/2588 26519
9.58 6.56 5.38 1/2588 26540
9.58 6.56 5.38 4/2588 26559
9.58 6.56 5.38 1/2588 26578
9.70 6.64 5.41 1/2588 26599
9.70 6.64 5.41 2/2585 26619
9.70 6.64 5.41 3/2585 26638
9.70 6.64 5.41 4/2585 26659
9.70 6.64 5.41 4/2586 26679
9.40 6.63 5.41 4/2586 26698
9.40 6.63 5.41 2/2586 26719
9.40 6.63 5.41 5/2585 26738
9.40 6.63 5.41 4/2585 26757
9.40 6.63 5.41 2/2585 26778
9.21 6.63 5.42 4/2585 26797
9.21 6.63 5.42 2/2585 26816
9.21 6.63 5.42 1/2585 26838
9.21 6.63 5.42 5/2585 26857
9.21 6.63 5.42 4/2585 26876
8.95 6.62 5.42 7/2585 26897
8.95 6.62 5.42 4/2585 26916
8.95 6.62 5.42 3/2585 26935
8.95 6.62 5.42 2/2585 26956
8.95 6.62 5.42 6/2585 26975
9.28 6.73 5.46 3/2585 26994
9.28 6.73 5.46 3/2585 27015
9.28 6.73 5.46 2/2585 27035
9.28 6.73 5.46 3/2585 27054
9.28 6.73 5.46 3/2585 27075
9.49 6.82 5.50 1/2585 27096
9.49 6.82 5.50 2/2585 27115
9.49 6.82 5.50 4/2585 27138
9.49 6.82 5.50 3/2585 27157
9.49 6.82 5.50 4/2585 27176
9.54 6.87 5.52 2/2585 27197
9.54 6.87 5.52 1/2586 27217
9.54 6.87 5.52 1/2586 27239
9.54 6.87 5.52 5/2585 27263
9.54 6.87 5.52 1/2585 27282
9.89 6.99 5.57 1/2585 27301
9.89 6.99 5.57 1/2585 27322
9.89 6.99 5.57 3/2585 27342
9.89 6.99 5.57 1/2585 27361
9.89 6.99 5.57 2/2585 27382
9.58 6.97 5.57 1/2585 27401
9.58 6.97 5.57 2/2585 27420
9.58 6.97 5.57 3/2585 27441
9.58 6.97 5.57 4/2585 27461
9.58 6.97 5.57 2/2585 27491
10.10 7.12 5.63 2/2585 27512
10.10 7.12 5.63 5/2583 27531
10.10 7.12 5.63 2/2583 27550
10.10 7.12 5.63 5/2582 27571
10.10 7.12 5.63 5/2582 27590
10.01 7.15 5.65 4/2582 27609
10.01 7.15 5.65 1/2582 27630
10.01 7.15 5.65 2/2583 27650
10.01 7.15 5.65 5/2583 27669
10.01 7.15 5.65 5/2583 27691
9.69 7.13 5.65 2/2583 27710
9.69 7.13 5.65 4/2585 27731
9.69 7.13 5.65 3/2585 27753
9.69 7.13 5.65 6/2585 27775
9.69 7.13 5.65 7/2585 27794
9.55 7.15 5.66 3/2585 27820
9.55 7.15 5.66 2/2585 27839
9.55 7.15 5.66 4/2580 27858
9.55 7.15 5.66 2/2578 27880
9.55 7.15 5.66 2/2579 27901
9.59 7.20 5.68 1/2579 27920
9.59 7.20 5.68 7/2579 27941
9.59 7.20 5.68 3/2579 27960
9.59 7.20 5.68 3/2579 27979
9.59 7.20 5.68 2/2579 28000
9.62 7.24 5.71 3/2579 28021
9.62 7.24 5.71 3/2579 28040
9.62 7.24 5.71 5/2579 28061
9.62 7.24 5.71 1/2579 28080
9.62 7.24 5.71 4/2579 28100
9.57 7.27 5.73 1/2579 28121
9.57 7.27 5.73 9/2579 28140
9.57 7.27 5.73 2/2579 28159
9.57 7.27 5.73 4/2579 28180
9.57 7.27 5.73 3/2579 28199
9.68 7.33 5.75 3/2579 28220
9.68 7.33 5.75 2/2579 28241
9.68 7.33 5.75 1/2579 28260
9.68 7.33 5.75 2/2579 28279
9.68 7.33 5.75 6/2578 28302
9.95 7.43 5.79 1/2578 28324
9.95 7.43 5.79 1/2579 28344
9.95 7.43 5.79 6/2579 28373
9.95 7.43 5.79 3/2579 28392
9.95 7.43 5.79 1/2579 28411
9.71 7.42 5.80 6/2579 28433
9.71 7.42 5.80 3/2579 28452
9.71 7.42 5.80 2/2579 28471
9.71 7.42 5.80 1/2579 28492
9.71 7.42 5.80 2/2579 28511
9.82 7.48 5.83 4/2579 28533
9.82 7.48 5.83 4/2579 28554
9.82 7.48 5.83 3/2579 28573
9.82 7.48 5.83 3/2579 28593
9.82 7.48 5.83 2/2578 28614
9.83 7.52 5.85 1/2578 28633
9.83 7.52 5.85 8/2578 28653
9.83 7.52 5.85 6/2578 28674
9.83 7.52 5.85 2/2578 28693
9.83 7.52 5.85 2/2578 28712
9.60 7.51 5.86 6/2578 28733
9.60 7.51 5.86 3/2579 28754
9.60 7.51 5.86 4/2579 28773
9.60 7.51 5.86 5/2579 28794
9.60 7.51 5.86 8/2579 28813
9.40 7.51 5.86 1/2579 28832
9.40 7.51 5.86 1/2579 28853
9.40 7.51 5.86 3/2579 28872
9.40 7.51 5.86 1/2579 28894
9.40 7.51 5.86 4/2579 28920
9.44 7.55 5.89 3/2579 28939
9.44 7.55 5.89 2/2579 28959
9.44 7.55 5.89 3/2579 28981
9.44 7.55 5.89 6/2579 29002
9.44 7.55 5.89 2/2579 29021
9.17 7.52 5.89 2/2579 29042
9.17 7.52 5.89 6/2579 29061
9.17 7.52 5.89 2/2578 29080
9.17 7.52 5.89 2/2578 29101
9.17 7.52 5.89 1/2578 29120
9.08 7.53 5.90 3/2578 29139
9.08 7.53 5.90 6/2578 29160
9.08 7.53 5.90 3/2578 29183
9.08 7.53 5.90 4/2578 29203
9.08 7.53 5.90 1/2578 29224
8.99 7.54 5.91 2/2579 29244
8.99 7.54 5.91 1/2579 29263
8.99 7.54 5.91 1/2579 29288
8.99 7.54 5.91 1/2579 29307
8.99 7.54 5.91 5/2579 29326
8.99 7.56 5.93 3/2579 29347
8.99 7.56 5.93 1/2579 29366
8.99 7.56 5.93 1/2579 29386
8.99 7.56 5.93 3/2579 29408
8.99 7.56 5.93 3/2579 29427
8.91 7.57 5.94 1/2579 29446
8.91 7.57 5.94 3/2579 29467
8.91 7.57 5.94 4/2579 29486
8.91 7.57 5.94 1/2579 29505
8.91 7.57 5.94 3/2579 29526
8.76 7.56 5.94 4/2579 29545
8.76 7.56 5.94 2/2579 29564
8.76 7.56 5.94 2/2577 29586
8.76 7.56 5.94 2/2577 29605
8.76 7.56 5.94 1/2576 29624
8.86 7.60 5.97 1/2576 29645
8.86 7.60 5.97 3/2576 29664
8.86 7.60 5.97 6/2576 29691
8.86 7.60 5.97 4/2576 29712
8.86 7.60 5.97 5/2576 29732
8.87 7.62 5.98 9/2576 29751
8.87 7.62 5.98 8/2576 29772
8.87 7.62 5.98 4/2576 29793
8.87 7.62 5.98 3/2576 29813
8.87 7.62 5.98 4/2576 29834
8.96 7.66 6.00 3/2576 29853
8.96 7.66 6.00 1/2576 29872
8.96 7.66 6.00 1/2576 29893
8.96 7.66 6.00 3/2576 29912
8.96 7.66 6.00 4/2576 29931
9.12 7.72 6.03 4/2576 29952
9.12 7.72 6.03 4/2576 29971
9.12 7.72 6.03 2/2576 29990
9.12 7.72 6.03 5/2576 30012
9.12 7.72 6.03 5/2576 30031
8.87 7.69 6.03 2/2576 30050
8.87 7.69 6.03 6/2576 30071
8.87 7.69 6.03 5/2576 30090
8.87 7.69 6.03 4/2576 30109
8.87 7.69 6.03 2/2576 30130
8.64 7.66 6.03 7/2576 30149
8.64 7.66 6.03 2/2576 30168
8.64 7.66 6.03 5/2576 30189
8.64 7.66 6.03 3/2576 30208
8.64 7.66 6.03 3/2576 30228
8.51 7.65 6.04 5/2576 30249
8.51 7.65 6.04 3/2576 30268
8.51 7.65 6.04 6/2576 30287
8.51 7.65 6.04 2/2576 30308
8.51 7.65 6.04 4/2576 30327
8.55 7.67 6.05 2/2576 30346
8.55 7.67 6.05 5/2576 30367
8.55 7.67 6.05 7/2576 30386
8.55 7.67 6.05 4/2576 30405
8.55 7.67 6.05 11/2576 30427
8.50 7.68 6.06 4/2576 30446
8.50 7.68 6.06 2/2576 30465
8.50 7.68 6.06 2/2576 30486
8.50 7.68 6.06 7/2576 30505
8.50 7.68 6.06 8/2576 30524
8.62 7.72 6.08 3/2576 30545
8.62 7.72 6.08 1/2576 30564
8.62 7.72 6.08 5/2576 30583
8.62 7.72 6.08 2/2576 30604
8.62 7.72 6.08 3/2576 30623
9.06 7.82 6.13 5/2577 30644
9.06 7.82 6.13 1/2577 30665
9.06 7.82 6.13 4/2577 30684
9.06 7.82 6.13 2/2577 30703
9.06 7.82 6.13 3/2577 30724
8.97 7.83 6.14 6/2577 30743
8.97 7.83 6.14 4/2577 30762
8.97 7.83 6.14 2/2577 30783
8.97 7.83 6.14 2/2577 30802
8.97 7.83 6.14 5/2577 30821
9.45 7.94 6.19 1/2577 30845
9.45 7.94 6.19 4/2577 30866
9.45 7.94 6.19 1/2577 30885
9.45 7.94 6.19 1/2577 30906
9.45 7.94 6.19 2/2577 30925
9.42 7.96 6.20 2/2577 30944
9.42 7.96 6.20 6/2577 30966
9.42 7.96 6.20 3/2577 30985
9.42 7.96 6.20 1/2577 31005
9.42 7.96 6.20 2/2577 31026
9.14 7.93 6.20 5/2577 31045
9.14 7.93 6.20 3/2577 31068
9.14 7.93 6.20 3/2577 31089
9.14 7.93 6.20 8/2577 31113
9.14 7.93 6.20 2/2577 31132
9.37 8.00 6.23 2/2577 31153
9.37 8.00 6.23 5/2577 31172
9.37 8.00 6.23 4/2577 31191
9.37 8.00 6.23 3/2577 31212
9.37 8.00 6.23 2/2577 31231
9.42 8.03 6.25 3/2577 31251
9.42 8.03 6.25 4/2578 31274
9.42 8.03 6.25 3/2578 31293
9.42 8.03 6.25 3/2578 31312
9.42 8.03 6.25 3/2578 31333
9.39 8.05 6.27 2/2577 31353
9.39 8.05 6.27 5/2577 31373
9.39 8.05 6.27 1/2578 31397
9.39 8.05 6.27 3/2578 31416
9.39 8.05 6.27 2/2578 31435
9.36 8.06 6.28 5/2578 31456
9.36 8.06 6.28 4/2578 31476
9.36 8.06 6.28 2/2578 31495
9.36 8.06 6.28 1/2578 31516
9.36 8.06 6.28 1/2578 31536
9.17 8.04 6.29 4/2578 31555
9.17 8.04 6.29 2/2579 31577
9.17 8.04 6.29 3/2579 31597
9.17 8.04 6.29 8/2579 31616
9.17 8.04 6.29 4/2579 31637
9.23 8.08 6.31 1/2579 31656
9.23 8.08 6.31 9/2579 31675
9.23 8.08 6.31 4/2579 31697
9.23 8.08 6.31 3/2579 31716
9.23 8.08 6.31 5/2579 31735
8.98 8.04 6.30 4/2579 31756
8.98 8.04 6.30 4/2579 31775
8.98 8.04 6.30 3/2579 31794
8.98 8.04 6.30 2/2579 31815
8.98 8.04 6.30 1/2579 31834
9.06 8.08 6.32 5/2579 31853
9.06 8.08 6.32 1/2579 31874
9.06 8.08 6.32 3/2579 31894
9.06 8.08 6.32 3/2579 31913
9.06 8.08 6.32 1/2579 31934
8.89 8.06 6.33 2/2580 31954
8.89 8.06 6.33 1/2580 31973
8.89 8.06 6.33 3/2580 31994
8.89 8.06 6.33 1/2580 32013
8.89 8.06 6.33 3/2580 32032
8.82 8.06 6.34 3/2580 32053
8.82 8.06 6.34 3/2580 32072
8.82 8.06 6.34 4/2580 32091
8.82 8.06 6.34 3/2580 32113
8.82 8.06 6.34 4/2581 32133
8.52 8.01 6.33 3/2581 32152
8.52 8.01 6.33 4/2582 32173
8.52 8.01 6.33 12/2619 32245
8.52 8.01 6.33 4/2636 32282
8.52 8.01 6.33 4/2636 32303
8.95 8.11 6.37 5/2636 32322
8.95 8.11 6.37 2/2636 32341
8.95 8.11 6.37 4/2636 32362
8.95 8.11 6.37 6/2635 32382
8.95 8.11 6.37 6/2635 32401
9.04 8.14 6.39 4/2635 32422
9.04 8.14 6.39 10/2635 32441
9.04 8.14 6.39 3/2635 32460
9.04 8.14 6.39 4/2635 32481
9.04 8.14 6.39 15/2657 32555
8.87 8.12 6.39 4/2650 32581
8.87 8.12 6.39 4/2649 32612
8.87 8.12 6.39 2/2620 32637
8.87 8.12 6.39 2/2611 32662
8.87 8.12 6.39 3/2611 32685
8.24 8.00 6.36 3/2611 32704
8.24 8.00 6.36 13/2670 490
8.24 8.00 6.36 7/2674 586
8.24 8.00 6.36 3/2673 630
8.24 8.00 6.36 4/2679 678
8.38 8.03 6.38 4/2679 704
8.38 8.03 6.38 4/2679 727
8.38 8.03 6.38 4/2679 760
8.38 8.03 6.38 3/2679 910
8.38 8.03 6.38 2/2677 965
8.75 8.12 6.42 3/2677 1056
8.75 8.12 6.42 3/2677 1098
8.75 8.12 6.42 6/2677 1119
8.75 8.12 6.42 3/2677 1190
8.75 8.12 6.42 4/2677 1228
9.58 8.30 6.49 7/2677 1271
9.58 8.30 6.49 2/2677 1305
9.58 8.30 6.49 14/2675 1329
9.58 8.30 6.49 13/2665 1396
9.58 8.30 6.49 7/2619 1494
9.77 8.36 6.52 1/2625 1532
9.77 8.36 6.52 11/2625 1553
9.77 8.36 6.52 4/2631 1581
9.77 8.36 6.52 10/2629 1612
9.77 8.36 6.52 4/2629 1635
9.55 8.34 6.52 4/2629 1655
9.55 8.34 6.52 1/2629 1701
9.55 8.34 6.52 7/2629 1753
9.55 8.34 6.52 1/2629 1781
9.55 8.34 6.52 1/2629 1813
9.74 8.40 6.55 8/2629 1840
9.74 8.40 6.55 9/2629 1876
9.74 8.40 6.55 3/2629 1896
9.74 8.40 6.55 2/2630 1934
9.74 8.40 6.55 1/2629 1965
9.68 8.41 6.56 3/2629 1997
9.68 8.41 6.56 5/2629 2019
9.68 8.41 6.56 3/2619 2111
9.68 8.41 6.56 3/2612 2138
9.68 8.41 6.56 4/2610 2175
9.15 8.32 6.54 1/2582 2200
