72191.35 310344.33
72192.36 310352.03
72193.36 310359.60
72194.36 310367.30
72195.35 310374.97
72196.35 310378.75
72197.33 310381.76
72198.34 310385.13
72199.33 310389.48
72200.33 310394.91
72201.35 310400.89
72202.36 310406.37
72203.36 310411.08
72204.35 310416.65
72205.36 310422.62
72206.35 310427.86
72207.34 310433.20
72208.34 310438.66
72209.35 310443.67
72210.35 310449.33
72211.34 310454.70
72212.34 310459.98
72215.35 310476.95
72216.35 310481.66
72217.35 310486.81
72218.34 310491.30
72219.34 310496.91
72220.34 310503.01
72221.34 310507.11
72222.34 310512.61
72223.35 310518.87
72224.34 310525.04
72225.33 310531.20
72226.34 310537.39
72227.36 310543.04
72228.35 310548.57
72229.34 310554.66
72230.34 310560.43
72231.36 310566.58
72232.36 310572.61
72233.35 310578.08
72234.36 310583.95
72235.34 310590.15
72236.35 310595.74
72237.36 310602.02
72238.34 310608.02
72239.36 310613.64
72240.34 310619.51
72241.35 310625.61
72242.36 310631.53
72243.35 310637.49
72244.35 310643.71
72245.36 310649.88
72246.36 310655.79
72247.35 310662.02
72248.35 310668.16
72249.35 310674.52
72250.36 310680.88
72251.34 310687.10
72252.36 310693.52
72253.34 310699.74
72254.36 310706.17
72255.35 310712.40
72256.36 310718.16
72257.34 310724.19
72258.35 310730.03
72259.36 310735.79
72260.36 310741.73
72261.34 310747.75
72262.35 310753.52
72263.37 310759.40
72264.35 310765.28
72265.36 310771.20
72266.34 310777.11
72267.36 310783.27
72268.34 310789.03
72269.34 310794.63
72270.35 310800.10
72271.37 310805.91
72272.35 310811.44
72273.36 310817.23
72274.35 310822.88
72275.36 310829.00
72276.34 310834.80
72277.35 310840.97
72278.35 310846.86
72279.37 310852.65
72280.35 310858.41
72281.36 310864.28
72282.36 310870.38
72283.36 310876.25
72284.37 310882.15
72285.35 310888.13
72286.35 310894.13
72287.36 310900.21
72288.35 310905.87
72289.34 310911.71
72290.34 310917.57
72291.34 310923.55
72292.35 310929.38
72293.34 310935.31
72294.34 310941.19
72295.35 310947.15
72296.34 310952.67
72297.35 310958.62
72298.36 310964.73
72299.34 310970.34
72300.34 310976.24
72301.34 310982.05
72302.36 310987.84
72303.35 310993.41
72304.35 310999.38
72305.34 311004.96
72306.34 311010.68
72307.34 311016.39
72308.34 311022.03
72309.37 311027.78
72310.34 311033.37
72311.34 311038.97
72312.34 311044.71
72313.34 311050.53
72314.34 311056.43
72315.34 311062.22
72316.34 311067.85
72317.34 311073.66
72318.35 311079.53
72319.35 311085.38
72320.34 311090.98
72321.35 311096.80
72322.36 311102.62
72323.36 311108.26
72324.34 311113.98
72325.34 311119.86
72326.34 311125.32
72327.34 311131.04
72328.35 311136.68
72329.36 311142.26
72330.34 311147.80
72331.34 311153.48
72332.35 311158.95
72333.35 311164.59
72334.36 311170.29
72335.34 311175.61
72336.35 311181.09
72337.34 311186.66
72338.36 311192.27
72339.34 311197.74
72340.34 311203.48
72341.35 311209.13
72342.36 311214.71
72343.36 311220.34
72344.36 311225.94
72345.35 311231.46
72346.34 311237.04
72347.34 311242.71
72348.35 311248.47
72349.36 311254.28
72350.34 311259.91
72351.35 311265.54
72352.35 311271.25
72353.34 311276.95
72354.34 311282.82
72355.35 311288.57
72356.34 311293.86
72357.36 311299.54
72358.35 311305.11
72359.36 311310.79
72360.36 311316.38
72361.36 311321.95
72362.34 311327.08
72363.34 311332.18
72364.35 311337.79
72365.36 311342.92
72366.36 311348.34
72367.34 311353.82
72368.36 311359.17
72369.34 311364.42
72370.34 311369.87
72371.36 311375.24
72372.35 311380.54
72373.36 311386.40
72374.35 311391.75
72375.34 311397.15
72376.35 311402.75
72377.36 311408.23
72378.35 311413.86
72379.36 311419.60
72380.34 311425.31
72381.34 311431.19
72382.35 311437.04
72383.35 311442.70
72384.34 311448.44
72385.34 311454.30
72386.35 311459.79
72387.36 311465.54
72388.34 311471.16
72389.35 311476.85
72390.35 311482.58
72391.35 311488.43
72392.35 311494.30
72393.35 311500.16
72394.36 311506.05
72395.35 311511.86
72396.36 311517.79
72397.36 311523.40
72398.35 311529.14
72399.36 311534.86
72400.35 311540.41
72401.36 311546.22
72402.36 311552.01
72403.35 311557.82
72404.35 311563.80
72405.35 311569.49
72406.34 311575.32
72407.35 311580.99
72408.34 311586.60
72409.36 311592.47
72410.36 311597.74
72411.36 311603.56
72412.36 311609.48
72413.36 311614.77
72414.34 311620.28
72415.35 311626.08
72416.35 311631.21
72417.35 311636.72
72418.34 311642.39
72419.35 311647.96
72420.35 311653.71
72421.35 311659.57
72422.36 311665.14
72423.35 311670.94
72424.36 311676.97
72425.36 311682.78
72426.36 311688.58
72427.36 311694.53
72428.34 311700.33
72429.35 311706.20
72430.36 311712.06
72431.35 311717.88
72432.34 311723.62
72433.36 311729.42
72434.35 311735.17
72435.34 311741.01
72436.35 311746.63
72437.35 311752.24
72438.35 311757.76
72439.34 311763.20
72440.34 311768.16
72441.34 311773.52
72442.36 311779.28
72443.36 311784.97
72444.36 311790.61
72445.34 311796.41
72446.36 311802.30
72447.36 311808.20
72448.36 311813.83
72449.35 311819.63
72450.36 311825.31
72451.35 311831.04
72452.35 311836.90
72453.36 311842.84
72454.36 311848.68
72455.35 311854.33
72456.35 311860.21
72457.35 311865.98
72458.36 311872.02
72459.35 311877.60
72460.35 311883.36
72461.36 311888.87
72462.36 311894.62
72463.36 311900.40
72464.36 311906.13
72465.36 311911.73
72466.35 311917.25
72467.36 311923.04
72468.36 311928.79
72469.34 311934.34
72470.35 311939.67
72471.36 311945.17
72472.35 311950.66
72473.36 311956.47
72474.36 311962.10
72475.37 311967.81
72476.34 311973.33
72477.35 311979.07
72478.35 311984.69
72479.36 311990.08
72480.36 311995.52
72481.36 312001.02
72482.34 312006.50
72483.35 312012.19
72484.35 312017.90
72485.36 312023.60
72486.35 312029.20
72487.36 312034.92
72488.34 312040.37
72489.35 312046.06
72490.35 312051.62
72491.36 312057.40
72492.36 312063.03
72493.35 312068.51
72494.35 312074.09
72495.35 312079.75
72496.35 312085.38
72497.35 312091.00
72498.36 312096.81
72499.36 312102.49
72500.36 312107.80
72501.36 312112.99
72502.35 312118.60
72503.36 312124.05
72504.35 312129.54
72505.34 312135.25
72506.36 312141.11
72507.35 312146.62
72508.35 312152.35
72509.36 312158.07
72510.34 312163.47
72511.36 312169.13
72512.36 312174.76
72513.37 312180.32
72514.34 312185.91
72515.36 312191.56
72516.36 312197.23
72517.36 312202.87
72518.36 312208.59
72519.36 312214.15
72520.35 312219.62
72521.35 312225.25
72522.35 312230.84
72523.35 312236.58
72524.36 312242.31
72525.36 312248.03
72526.36 312253.69
72527.35 312259.32
72528.36 312265.16
72529.35 312270.78
72530.36 312276.21
72531.36 312281.72
72532.35 312287.46
72533.35 312292.95
72534.36 312298.68
72535.36 312304.65
72536.35 312310.40
72537.36 312316.36
72538.36 312322.39
72539.35 312327.98
72540.35 312333.67
72541.34 312339.50
72542.35 312345.11
72543.36 312350.74
72544.35 312356.44
72545.35 312362.28
72546.36 312368.32
72547.35 312374.15
72548.35 312380.04
72549.35 312386.09
72550.36 312392.01
72551.36 312397.80
72552.36 312403.66
72553.36 312409.73
72554.35 312415.61
72555.35 312421.76
72556.36 312427.93
72557.36 312433.83
72558.36 312439.93
72559.34 312445.85
72560.34 312451.54
72561.35 312457.34
72562.36 312463.50
72563.36 312469.26
72564.36 312475.20
72565.36 312481.37
72566.35 312487.24
72567.35 312493.18
72568.35 312499.16
72569.36 312505.25
72570.35 312511.14
72571.36 312517.24
72572.36 312523.18
72573.35 312529.02
72574.35 312535.06
72575.35 312541.13
72576.36 312547.05
72577.36 312553.05
72578.36 312559.14
72579.36 312565.18
72580.35 312570.87
72581.35 312576.86
72582.35 312582.75
72583.35 312588.81
72584.35 312594.84
72585.36 312600.78
72586.36 312606.84
72587.36 312612.68
72588.35 312618.57
72589.35 312624.49
72590.35 312630.22
72591.35 312635.87
72592.35 312641.70
72593.36 312647.16
72594.36 312652.87
72595.36 312658.72
72596.36 312664.71
72597.35 312670.45
72598.35 312676.44
72599.36 312682.58
72600.35 312688.37
72601.36 312694.22
72602.36 312700.06
72603.35 312705.88
72604.36 312711.56
72605.36 312717.35
72606.36 312723.19
72607.35 312729.20
72608.35 312735.02
72609.35 312740.81
72610.35 312746.58
72611.36 312752.27
72612.35 312758.08
72613.35 312763.71
72614.36 312769.54
72615.37 312775.40
72616.36 312781.28
72617.36 312786.94
72618.36 312792.79
72619.35 312798.66
72620.35 312804.67
72621.35 312810.39
72622.35 312816.10
72623.36 312821.59
72624.36 312827.16
72625.35 312832.85
72626.36 312838.45
72627.36 312844.26
72628.36 312849.95
72629.36 312855.50
72630.34 312861.04
72631.35 312866.72
72632.35 312872.39
72633.35 312878.15
72634.36 312883.95
72635.36 312889.79
72636.36 312895.54
72637.36 312901.34
72638.35 312906.75
72639.35 312912.50
72640.35 312918.20
72641.36 312923.90
72642.36 312929.56
72643.36 312935.41
72644.35 312941.16
72645.35 312946.81
72646.35 312952.32
72647.35 312958.02
72648.35 312963.80
72649.35 312969.57
72650.35 312975.48
72651.36 312981.19
72652.36 312987.00
72653.37 312992.44
72654.35 312997.95
72655.36 313003.72
72656.35 313009.18
72657.35 313014.79
72658.36 313020.45
72659.36 313026.04
72660.35 313031.71
72661.36 313037.43
72662.35 313043.05
72663.36 313048.80
72664.35 313054.35
72665.36 313060.05
72666.35 313065.61
72667.36 313071.16
72668.35 313076.84
72669.35 313082.60
72670.35 313088.27
72671.36 313093.88
72672.35 313099.54
72673.35 313105.17
72674.36 313111.03
72675.36 313116.36
72676.35 313121.94
72677.35 313127.49
72678.35 313133.08
72679.35 313138.84
72680.35 313144.68
72681.36 313150.43
72682.36 313156.10
72683.36 313162.14
72684.35 313167.97
72685.35 313173.69
72686.36 313179.60
72687.36 313185.52
72688.37 313191.65
72689.35 313197.52
72690.36 313203.23
72691.35 313209.06
72692.36 313215.12
72693.36 313221.23
72694.37 313227.26
72695.37 313233.18
72696.35 313238.95
72697.36 313244.94
72698.35 313251.05
72699.35 313257.02
72700.35 313262.98
72701.36 313268.64
72702.36 313274.53
72703.35 313280.56
72704.35 313286.52
72705.35 313292.14
72706.36 313298.31
72707.35 313303.35
72708.36 313309.14
72709.36 313315.07
72710.35 313320.73
72711.35 313324.69
72712.35 313328.57
72713.37 313334.03
72714.36 313339.16
72715.36 313344.78
72716.36 313350.12
72717.36 313355.55
72718.37 313360.95
72719.36 313366.13
72720.36 313371.34
72721.36 313376.90
72722.36 313382.34
72723.35 313386.41
72724.35 313391.30
72725.35 313397.44
72726.35 313403.68
72727.35 313409.88
72728.36 313416.35
72729.36 313423.19
72730.36 313428.66
72731.35 313434.50
72732.35 313440.04
72733.35 313444.87
72734.37 313450.25
72735.37 313455.76
72736.35 313460.86
72737.35 313466.25
72738.35 313471.97
72739.37 313477.12
72740.35 313482.29
72741.35 313487.84
72742.36 313492.87
72743.36 313498.22
72744.36 313503.95
72745.35 313508.76
72746.35 313514.10
72747.35 313518.01
72748.34 313520.81
72749.35 313525.26
72750.35 313529.85
72751.35 313534.88
72752.34 313540.29
72753.36 313546.37
72754.36 313551.61
72755.36 313556.82
72756.36 313562.41
72757.36 313567.47
72758.36 313573.06
72759.36 313578.66
72760.36 313583.89
72761.36 313589.27
72762.37 313594.86
72763.37 313599.79
72764.36 313605.43
72765.37 313610.97
72766.36 313615.84
72767.36 313621.83
72768.36 313628.75
72769.36 313635.71
