timestamp,id,uuid,load,memoryUtil,memoryTotal,memoryUsed,memoryFree,driver,name,serial,display_mode,display_active
1672415114.565648,0,GPU-a71d5fd4-b7db-93b7-1b7a-5a6e2a6a8c65,0.33,0.2345703125,10240.0,7838.0,472.12,NVIDIA GeForce RTX 3080,[N/A],Enabled,Enabled
1672415115.56786,0,GPU-a71d5fd4-b7db-93b7-1b7a-5a6e2a6a8c65,0.35,0.2345703125,10240.0,7838.0,472.12,NVIDIA GeForce RTX 3080,[N/A],Enabled,Enabled
1672415116.55935,0,GPU-a71d5fd4-b7db-93b7-1b7a-5a6e2a6a8c65,0.35,0.2345703125,10240.0,7838.0,472.12,NVIDIA GeForce RTX 3080,[N/A],Enabled,Enabled
1672415117.564445,0,GPU-a71d5fd4-b7db-93b7-1b7a-5a6e2a6a8c65,0.35,0.2345703125,10240.0,7838.0,472.12,NVIDIA GeForce RTX 3080,[N/A],Enabled,Enabled
1672415118.571513,0,GPU-a71d5fd4-b7db-93b7-1b7a-5a6e2a6a8c65,0.35,0.2345703125,10240.0,7838.0,472.12,NVIDIA GeForce RTX 3080,[N/A],Enabled,Enabled
1672415119.561495,0,GPU-a71d5fd4-b7db-93b7-1b7a-5a6e2a6a8c65,0.34,0.2345703125,10240.0,7838.0,472.12,NVIDIA GeForce RTX 3080,[N/A],Enabled,Enabled
1672415120.566249,0,GPU-a71d5fd4-b7db-93b7-1b7a-5a6e2a6a8c65,0.35,0.2345703125,10240.0,7838.0,472.12,NVIDIA GeForce RTX 3080,[N/A],Enabled,Enabled
1672415121.57069,0,GPU-a71d5fd4-b7db-93b7-1b7a-5a6e2a6a8c65,0.35,0.2345703125,10240.0,7838.0,472.12,NVIDIA GeForce RTX 3080,[N/A],Enabled,Enabled
1672415122.562659,0,GPU-a71d5fd4-b7db-93b7-1b7a-5a6e2a6a8c65,0.36,0.2345703125,10240.0,7838.0,472.12,NVIDIA GeForce RTX 3080,[N/A],Enabled,Enabled
1672415123.56963,0,GPU-a71d5fd4-b7db-93b7-1b7a-5a6e2a6a8c65,0.35,0.2345703125,10240.0,7838.0,472.12,NVIDIA GeForce RTX 3080,[N/A],Enabled,Enabled
1672415124.562658,0,GPU-a71d5fd4-b7db-93b7-1b7a-5a6e2a6a8c65,0.34,0.2345703125,10240.0,7838.0,472.12,NVIDIA GeForce RTX 3080,[N/A],Enabled,Enabled
1672415125.565581,0,GPU-a71d5fd4-b7db-93b7-1b7a-5a6e2a6a8c65,0.34,0.2345703125,10240.0,7838.0,472.12,NVIDIA GeForce RTX 3080,[N/A],Enabled,Enabled
1672415126.572876,0,GPU-a71d5fd4-b7db-93b7-1b7a-5a6e2a6a8c65,0.36,0.2345703125,10240.0,7838.0,472.12,NVIDIA GeForce RTX 3080,[N/A],Enabled,Enabled
1672415127.565188,0,GPU-a71d5fd4-b7db-93b7-1b7a-5a6e2a6a8c65,0.35,0.2345703125,10240.0,7838.0,472.12,NVIDIA GeForce RTX 3080,[N/A],Enabled,Enabled
1672415128.569348,0,GPU-a71d5fd4-b7db-93b7-1b7a-5a6e2a6a8c65,0.36,0.2345703125,10240.0,7838.0,472.12,NVIDIA GeForce RTX 3080,[N/A],Enabled,Enabled
1672415129.573393,0,GPU-a71d5fd4-b7db-93b7-1b7a-5a6e2a6a8c65,0.36,0.2345703125,10240.0,7838.0,472.12,NVIDIA GeForce RTX 3080,[N/A],Enabled,Enabled
1672415130.565149,0,GPU-a71d5fd4-b7db-93b7-1b7a-5a6e2a6a8c65,0.36,0.2345703125,10240.0,7838.0,472.12,NVIDIA GeForce RTX 3080,[N/A],Enabled,Enabled
1672415131.5696,0,GPU-a71d5fd4-b7db-93b7-1b7a-5a6e2a6a8c65,0.35,0.2345703125,10240.0,7838.0,472.12,NVIDIA GeForce RTX 3080,[N/A],Enabled,Enabled
1672415132.559688,0,GPU-a71d5fd4-b7db-93b7-1b7a-5a6e2a6a8c65,0.34,0.2345703125,10240.0,7838.0,472.12,NVIDIA GeForce RTX 3080,[N/A],Enabled,Enabled
1672415133.566628,0,GPU-a71d5fd4-b7db-93b7-1b7a-5a6e2a6a8c65,0.34,0.2345703125,10240.0,7838.0,472.12,NVIDIA GeForce RTX 3080,[N/A],Enabled,Enabled
1672415134.574696,0,GPU-a71d5fd4-b7db-93b7-1b7a-5a6e2a6a8c65,0.35,0.2345703125,10240.0,7838.0,472.12,NVIDIA GeForce RTX 3080,[N/A],Enabled,Enabled
1672415135.566815,0,GPU-a71d5fd4-b7db-93b7-1b7a-5a6e2a6a8c65,0.35,0.2345703125,10240.0,7838.0,472.12,NVIDIA GeForce RTX 3080,[N/A],Enabled,Enabled
1672415136.57357,0,GPU-a71d5fd4-b7db-93b7-1b7a-5a6e2a6a8c65,0.35,0.2345703125,10240.0,7838.0,472.12,NVIDIA GeForce RTX 3080,[N/A],Enabled,Enabled
1672415137.562888,0,GPU-a71d5fd4-b7db-93b7-1b7a-5a6e2a6a8c65,0.35,0.2345703125,10240.0,7838.0,472.12,NVIDIA GeForce RTX 3080,[N/A],Enabled,Enabled
1672415138.570324,0,GPU-a71d5fd4-b7db-93b7-1b7a-5a6e2a6a8c65,0.36,0.2345703125,10240.0,7838.0,472.12,NVIDIA GeForce RTX 3080,[N/A],Enabled,Enabled
1672415139.560037,0,GPU-a71d5fd4-b7db-93b7-1b7a-5a6e2a6a8c65,0.33,0.2345703125,10240.0,7838.0,472.12,NVIDIA GeForce RTX 3080,[N/A],Enabled,Enabled
1672415140.566583,0,GPU-a71d5fd4-b7db-93b7-1b7a-5a6e2a6a8c65,0.35,0.2345703125,10240.0,7838.0,472.12,NVIDIA GeForce RTX 3080,[N/A],Enabled,Enabled
1672415141.571449,0,GPU-a71d5fd4-b7db-93b7-1b7a-5a6e2a6a8c65,0.34,0.2345703125,10240.0,7838.0,472.12,NVIDIA GeForce RTX 3080,[N/A],Enabled,Enabled
1672415142.561099,0,GPU-a71d5fd4-b7db-93b7-1b7a-5a6e2a6a8c65,0.35,0.2345703125,10240.0,7838.0,472.12,NVIDIA GeForce RTX 3080,[N/A],Enabled,Enabled
1672415143.566946,0,GPU-a71d5fd4-b7db-93b7-1b7a-5a6e2a6a8c65,0.36,0.2345703125,10240.0,7838.0,472.12,NVIDIA GeForce RTX 3080,[N/A],Enabled,Enabled
1672415144.573306,0,GPU-a71d5fd4-b7db-93b7-1b7a-5a6e2a6a8c65,0.38,0.2345703125,10240.0,7838.0,472.12,NVIDIA GeForce RTX 3080,[N/A],Enabled,Enabled
1672415145.561387,0,GPU-a71d5fd4-b7db-93b7-1b7a-5a6e2a6a8c65,0.35,0.2345703125,10240.0,7838.0,472.12,NVIDIA GeForce RTX 3080,[N/A],Enabled,Enabled
1672415146.566421,0,GPU-a71d5fd4-b7db-93b7-1b7a-5a6e2a6a8c65,0.35,0.2345703125,10240.0,7838.0,472.12,NVIDIA GeForce RTX 3080,[N/A],Enabled,Enabled
1672415147.570902,0,GPU-a71d5fd4-b7db-93b7-1b7a-5a6e2a6a8c65,0.33,0.15244140625,10240.0,8679.0,472.12,NVIDIA GeForce RTX 3080,[N/A],Enabled,Enabled
1672415148.559654,0,GPU-a71d5fd4-b7db-93b7-1b7a-5a6e2a6a8c65,0.4,0.1525390625,10240.0,8678.0,472.12,NVIDIA GeForce RTX 3080,[N/A],Enabled,Enabled
1672415149.565553,0,GPU-a71d5fd4-b7db-93b7-1b7a-5a6e2a6a8c65,0.42,0.151953125,10240.0,8684.0,472.12,NVIDIA GeForce RTX 3080,[N/A],Enabled,Enabled
1672415150.572388,0,GPU-a71d5fd4-b7db-93b7-1b7a-5a6e2a6a8c65,0.42,0.1826171875,10240.0,8370.0,472.12,NVIDIA GeForce RTX 3080,[N/A],Enabled,Enabled
1672415151.564647,0,GPU-a71d5fd4-b7db-93b7-1b7a-5a6e2a6a8c65,0.33,0.1525390625,10240.0,8678.0,472.12,NVIDIA GeForce RTX 3080,[N/A],Enabled,Enabled
1672415152.568364,0,GPU-a71d5fd4-b7db-93b7-1b7a-5a6e2a6a8c65,0.34,0.1525390625,10240.0,8678.0,472.12,NVIDIA GeForce RTX 3080,[N/A],Enabled,Enabled
1672415153.572787,0,GPU-a71d5fd4-b7db-93b7-1b7a-5a6e2a6a8c65,0.36,0.151953125,10240.0,8684.0,472.12,NVIDIA GeForce RTX 3080,[N/A],Enabled,Enabled
1672415154.564465,0,GPU-a71d5fd4-b7db-93b7-1b7a-5a6e2a6a8c65,0.39,0.151953125,10240.0,8684.0,472.12,NVIDIA GeForce RTX 3080,[N/A],Enabled,Enabled
1672415155.566801,0,GPU-a71d5fd4-b7db-93b7-1b7a-5a6e2a6a8c65,0.39,0.151953125,10240.0,8684.0,472.12,NVIDIA GeForce RTX 3080,[N/A],Enabled,Enabled
1672415156.560315,0,GPU-a71d5fd4-b7db-93b7-1b7a-5a6e2a6a8c65,0.06,0.15693359375,10240.0,8633.0,472.12,NVIDIA GeForce RTX 3080,[N/A],Enabled,Enabled
1672415157.564367,0,GPU-a71d5fd4-b7db-93b7-1b7a-5a6e2a6a8c65,0.23,0.18828125,10240.0,8312.0,472.12,NVIDIA GeForce RTX 3080,[N/A],Enabled,Enabled
1672415158.570659,0,GPU-a71d5fd4-b7db-93b7-1b7a-5a6e2a6a8c65,0.23,0.18828125,10240.0,8312.0,472.12,NVIDIA GeForce RTX 3080,[N/A],Enabled,Enabled
1672415159.560329,0,GPU-a71d5fd4-b7db-93b7-1b7a-5a6e2a6a8c65,0.24,0.18828125,10240.0,8312.0,472.12,NVIDIA GeForce RTX 3080,[N/A],Enabled,Enabled
1672415160.56733,0,GPU-a71d5fd4-b7db-93b7-1b7a-5a6e2a6a8c65,0.22,0.18828125,10240.0,8312.0,472.12,NVIDIA GeForce RTX 3080,[N/A],Enabled,Enabled
1672415161.571631,0,GPU-a71d5fd4-b7db-93b7-1b7a-5a6e2a6a8c65,0.23,0.18828125,10240.0,8312.0,472.12,NVIDIA GeForce RTX 3080,[N/A],Enabled,Enabled
1672415162.568308,0,GPU-a71d5fd4-b7db-93b7-1b7a-5a6e2a6a8c65,0.19,0.18828125,10240.0,8312.0,472.12,NVIDIA GeForce RTX 3080,[N/A],Enabled,Enabled
1672415163.56277,0,GPU-a71d5fd4-b7db-93b7-1b7a-5a6e2a6a8c65,0.24,0.18828125,10240.0,8312.0,472.12,NVIDIA GeForce RTX 3080,[N/A],Enabled,Enabled
1672415164.559554,0,GPU-a71d5fd4-b7db-93b7-1b7a-5a6e2a6a8c65,0.23,0.18828125,10240.0,8312.0,472.12,NVIDIA GeForce RTX 3080,[N/A],Enabled,Enabled
1672415165.567548,0,GPU-a71d5fd4-b7db-93b7-1b7a-5a6e2a6a8c65,0.23,0.18828125,10240.0,8312.0,472.12,NVIDIA GeForce RTX 3080,[N/A],Enabled,Enabled
1672415166.573588,0,GPU-a71d5fd4-b7db-93b7-1b7a-5a6e2a6a8c65,0.23,0.18828125,10240.0,8312.0,472.12,NVIDIA GeForce RTX 3080,[N/A],Enabled,Enabled
1672415167.567287,0,GPU-a71d5fd4-b7db-93b7-1b7a-5a6e2a6a8c65,0.24,0.18828125,10240.0,8312.0,472.12,NVIDIA GeForce RTX 3080,[N/A],Enabled,Enabled
1672415168.573558,0,GPU-a71d5fd4-b7db-93b7-1b7a-5a6e2a6a8c65,0.23,0.18828125,10240.0,8312.0,472.12,NVIDIA GeForce RTX 3080,[N/A],Enabled,Enabled
1672415169.574547,0,GPU-a71d5fd4-b7db-93b7-1b7a-5a6e2a6a8c65,0.23,0.18828125,10240.0,8312.0,472.12,NVIDIA GeForce RTX 3080,[N/A],Enabled,Enabled
1672415170.565492,0,GPU-a71d5fd4-b7db-93b7-1b7a-5a6e2a6a8c65,0.23,0.18828125,10240.0,8312.0,472.12,NVIDIA GeForce RTX 3080,[N/A],Enabled,Enabled
1672415171.568373,0,GPU-a71d5fd4-b7db-93b7-1b7a-5a6e2a6a8c65,0.23,0.18828125,10240.0,8312.0,472.12,NVIDIA GeForce RTX 3080,[N/A],Enabled,Enabled
1672415172.559362,0,GPU-a71d5fd4-b7db-93b7-1b7a-5a6e2a6a8c65,0.22,0.18828125,10240.0,8312.0,472.12,NVIDIA GeForce RTX 3080,[N/A],Enabled,Enabled
1672415173.561621,0,GPU-a71d5fd4-b7db-93b7-1b7a-5a6e2a6a8c65,0.22,0.18828125,10240.0,8312.0,472.12,NVIDIA GeForce RTX 3080,[N/A],Enabled,Enabled
1672415174.567474,0,GPU-a71d5fd4-b7db-93b7-1b7a-5a6e2a6a8c65,0.24,0.18828125,10240.0,8312.0,472.12,NVIDIA GeForce RTX 3080,[N/A],Enabled,Enabled
1672415175.572606,0,GPU-a71d5fd4-b7db-93b7-1b7a-5a6e2a6a8c65,0.22,0.18828125,10240.0,8312.0,472.12,NVIDIA GeForce RTX 3080,[N/A],Enabled,Enabled
1672415176.564633,0,GPU-a71d5fd4-b7db-93b7-1b7a-5a6e2a6a8c65,0.23,0.18828125,10240.0,8312.0,472.12,NVIDIA GeForce RTX 3080,[N/A],Enabled,Enabled
1672415177.568587,0,GPU-a71d5fd4-b7db-93b7-1b7a-5a6e2a6a8c65,0.23,0.18828125,10240.0,8312.0,472.12,NVIDIA GeForce RTX 3080,[N/A],Enabled,Enabled
1672415178.563198,0,GPU-a71d5fd4-b7db-93b7-1b7a-5a6e2a6a8c65,0.23,0.18828125,10240.0,8312.0,472.12,NVIDIA GeForce RTX 3080,[N/A],Enabled,Enabled
1672415179.572713,0,GPU-a71d5fd4-b7db-93b7-1b7a-5a6e2a6a8c65,0.23,0.18828125,10240.0,8312.0,472.12,NVIDIA GeForce RTX 3080,[N/A],Enabled,Enabled
1672415180.564403,0,GPU-a71d5fd4-b7db-93b7-1b7a-5a6e2a6a8c65,0.22,0.18828125,10240.0,8312.0,472.12,NVIDIA GeForce RTX 3080,[N/A],Enabled,Enabled
1672415181.566513,0,GPU-a71d5fd4-b7db-93b7-1b7a-5a6e2a6a8c65,0.23,0.18828125,10240.0,8312.0,472.12,NVIDIA GeForce RTX 3080,[N/A],Enabled,Enabled
1672415182.57462,0,GPU-a71d5fd4-b7db-93b7-1b7a-5a6e2a6a8c65,0.22,0.18828125,10240.0,8312.0,472.12,NVIDIA GeForce RTX 3080,[N/A],Enabled,Enabled
1672415183.568397,0,GPU-a71d5fd4-b7db-93b7-1b7a-5a6e2a6a8c65,0.22,0.18828125,10240.0,8312.0,472.12,NVIDIA GeForce RTX 3080,[N/A],Enabled,Enabled
1672415184.570295,0,GPU-a71d5fd4-b7db-93b7-1b7a-5a6e2a6a8c65,0.24,0.18828125,10240.0,8312.0,472.12,NVIDIA GeForce RTX 3080,[N/A],Enabled,Enabled
1672415185.57252,0,GPU-a71d5fd4-b7db-93b7-1b7a-5a6e2a6a8c65,0.23,0.18828125,10240.0,8312.0,472.12,NVIDIA GeForce RTX 3080,[N/A],Enabled,Enabled
1672415186.560239,0,GPU-a71d5fd4-b7db-93b7-1b7a-5a6e2a6a8c65,0.23,0.18828125,10240.0,8312.0,472.12,NVIDIA GeForce RTX 3080,[N/A],Enabled,Enabled
1672415187.567323,0,GPU-a71d5fd4-b7db-93b7-1b7a-5a6e2a6a8c65,0.22,0.18828125,10240.0,8312.0,472.12,NVIDIA GeForce RTX 3080,[N/A],Enabled,Enabled
1672415188.559524,0,GPU-a71d5fd4-b7db-93b7-1b7a-5a6e2a6a8c65,0.23,0.18828125,10240.0,8312.0,472.12,NVIDIA GeForce RTX 3080,[N/A],Enabled,Enabled
1672415189.566653,0,GPU-a71d5fd4-b7db-93b7-1b7a-5a6e2a6a8c65,0.24,0.18828125,10240.0,8312.0,472.12,NVIDIA GeForce RTX 3080,[N/A],Enabled,Enabled
1672415190.562587,0,GPU-a71d5fd4-b7db-93b7-1b7a-5a6e2a6a8c65,0.23,0.18828125,10240.0,8312.0,472.12,NVIDIA GeForce RTX 3080,[N/A],Enabled,Enabled
1672415191.574321,0,GPU-a71d5fd4-b7db-93b7-1b7a-5a6e2a6a8c65,0.23,0.18828125,10240.0,8312.0,472.12,NVIDIA GeForce RTX 3080,[N/A],Enabled,Enabled
1672415192.564643,0,GPU-a71d5fd4-b7db-93b7-1b7a-5a6e2a6a8c65,0.23,0.18828125,10240.0,8312.0,472.12,NVIDIA GeForce RTX 3080,[N/A],Enabled,Enabled
1672415193.570354,0,GPU-a71d5fd4-b7db-93b7-1b7a-5a6e2a6a8c65,0.23,0.18828125,10240.0,8312.0,472.12,NVIDIA GeForce RTX 3080,[N/A],Enabled,Enabled
1672415194.571687,0,GPU-a71d5fd4-b7db-93b7-1b7a-5a6e2a6a8c65,0.23,0.18828125,10240.0,8312.0,472.12,NVIDIA GeForce RTX 3080,[N/A],Enabled,Enabled
1672415195.562424,0,GPU-a71d5fd4-b7db-93b7-1b7a-5a6e2a6a8c65,0.23,0.18828125,10240.0,8312.0,472.12,NVIDIA GeForce RTX 3080,[N/A],Enabled,Enabled
1672415196.571417,0,GPU-a71d5fd4-b7db-93b7-1b7a-5a6e2a6a8c65,0.23,0.18828125,10240.0,8312.0,472.12,NVIDIA GeForce RTX 3080,[N/A],Enabled,Enabled
1672415197.562526,0,GPU-a71d5fd4-b7db-93b7-1b7a-5a6e2a6a8c65,0.23,0.18828125,10240.0,8312.0,472.12,NVIDIA GeForce RTX 3080,[N/A],Enabled,Enabled
1672415198.566815,0,GPU-a71d5fd4-b7db-93b7-1b7a-5a6e2a6a8c65,0.24,0.18828125,10240.0,8312.0,472.12,NVIDIA GeForce RTX 3080,[N/A],Enabled,Enabled
1672415199.560702,0,GPU-a71d5fd4-b7db-93b7-1b7a-5a6e2a6a8c65,0.23,0.18828125,10240.0,8312.0,472.12,NVIDIA GeForce RTX 3080,[N/A],Enabled,Enabled
1672415200.562887,0,GPU-a71d5fd4-b7db-93b7-1b7a-5a6e2a6a8c65,0.23,0.18828125,10240.0,8312.0,472.12,NVIDIA GeForce RTX 3080,[N/A],Enabled,Enabled
1672415201.571599,0,GPU-a71d5fd4-b7db-93b7-1b7a-5a6e2a6a8c65,0.23,0.18828125,10240.0,8312.0,472.12,NVIDIA GeForce RTX 3080,[N/A],Enabled,Enabled
1672415202.562209,0,GPU-a71d5fd4-b7db-93b7-1b7a-5a6e2a6a8c65,0.23,0.18828125,10240.0,8312.0,472.12,NVIDIA GeForce RTX 3080,[N/A],Enabled,Enabled
1672415203.569703,0,GPU-a71d5fd4-b7db-93b7-1b7a-5a6e2a6a8c65,0.22,0.18828125,10240.0,8312.0,472.12,NVIDIA GeForce RTX 3080,[N/A],Enabled,Enabled
1672415204.573577,0,GPU-a71d5fd4-b7db-93b7-1b7a-5a6e2a6a8c65,0.23,0.18828125,10240.0,8312.0,472.12,NVIDIA GeForce RTX 3080,[N/A],Enabled,Enabled
1672415205.568263,0,GPU-a71d5fd4-b7db-93b7-1b7a-5a6e2a6a8c65,0.23,0.18828125,10240.0,8312.0,472.12,NVIDIA GeForce RTX 3080,[N/A],Enabled,Enabled
1672415206.57339,0,GPU-a71d5fd4-b7db-93b7-1b7a-5a6e2a6a8c65,0.23,0.18828125,10240.0,8312.0,472.12,NVIDIA GeForce RTX 3080,[N/A],Enabled,Enabled
1672415207.563339,0,GPU-a71d5fd4-b7db-93b7-1b7a-5a6e2a6a8c65,0.22,0.18828125,10240.0,8312.0,472.12,NVIDIA GeForce RTX 3080,[N/A],Enabled,Enabled
1672415208.568281,0,GPU-a71d5fd4-b7db-93b7-1b7a-5a6e2a6a8c65,0.23,0.18828125,10240.0,8312.0,472.12,NVIDIA GeForce RTX 3080,[N/A],Enabled,Enabled
1672415209.569462,0,GPU-a71d5fd4-b7db-93b7-1b7a-5a6e2a6a8c65,0.23,0.18828125,10240.0,8312.0,472.12,NVIDIA GeForce RTX 3080,[N/A],Enabled,Enabled
1672415210.56278,0,GPU-a71d5fd4-b7db-93b7-1b7a-5a6e2a6a8c65,0.23,0.18828125,10240.0,8312.0,472.12,NVIDIA GeForce RTX 3080,[N/A],Enabled,Enabled
1672415211.559435,0,GPU-a71d5fd4-b7db-93b7-1b7a-5a6e2a6a8c65,0.23,0.19345703125,10240.0,8259.0,472.12,NVIDIA GeForce RTX 3080,[N/A],Enabled,Enabled
1672415212.571766,0,GPU-a71d5fd4-b7db-93b7-1b7a-5a6e2a6a8c65,0.23,0.19345703125,10240.0,8259.0,472.12,NVIDIA GeForce RTX 3080,[N/A],Enabled,Enabled
1672415213.569414,0,GPU-a71d5fd4-b7db-93b7-1b7a-5a6e2a6a8c65,0.24,0.19345703125,10240.0,8259.0,472.12,NVIDIA GeForce RTX 3080,[N/A],Enabled,Enabled
1672415214.571444,0,GPU-a71d5fd4-b7db-93b7-1b7a-5a6e2a6a8c65,0.22,0.19345703125,10240.0,8259.0,472.12,NVIDIA GeForce RTX 3080,[N/A],Enabled,Enabled
1672415215.563521,0,GPU-a71d5fd4-b7db-93b7-1b7a-5a6e2a6a8c65,0.23,0.19345703125,10240.0,8259.0,472.12,NVIDIA GeForce RTX 3080,[N/A],Enabled,Enabled
1672415216.566526,0,GPU-a71d5fd4-b7db-93b7-1b7a-5a6e2a6a8c65,0.23,0.19345703125,10240.0,8259.0,472.12,NVIDIA GeForce RTX 3080,[N/A],Enabled,Enabled
1672415217.572731,0,GPU-a71d5fd4-b7db-93b7-1b7a-5a6e2a6a8c65,0.22,0.19345703125,10240.0,8259.0,472.12,NVIDIA GeForce RTX 3080,[N/A],Enabled,Enabled
1672415218.560328,0,GPU-a71d5fd4-b7db-93b7-1b7a-5a6e2a6a8c65,0.27,0.28935546875,10240.0,7277.0,472.12,NVIDIA GeForce RTX 3080,[N/A],Enabled,Enabled
1672415219.564787,0,GPU-a71d5fd4-b7db-93b7-1b7a-5a6e2a6a8c65,0.32,0.29228515625,10240.0,7247.0,472.12,NVIDIA GeForce RTX 3080,[N/A],Enabled,Enabled
1672415220.569588,0,GPU-a71d5fd4-b7db-93b7-1b7a-5a6e2a6a8c65,0.22,0.3806640625,10240.0,6342.0,472.12,NVIDIA GeForce RTX 3080,[N/A],Enabled,Enabled
1672415221.573286,0,GPU-a71d5fd4-b7db-93b7-1b7a-5a6e2a6a8c65,0.21,0.37802734375,10240.0,6369.0,472.12,NVIDIA GeForce RTX 3080,[N/A],Enabled,Enabled
1672415222.567503,0,GPU-a71d5fd4-b7db-93b7-1b7a-5a6e2a6a8c65,0.24,0.37802734375,10240.0,6369.0,472.12,NVIDIA GeForce RTX 3080,[N/A],Enabled,Enabled
1672415223.572331,0,GPU-a71d5fd4-b7db-93b7-1b7a-5a6e2a6a8c65,0.24,0.37802734375,10240.0,6369.0,472.12,NVIDIA GeForce RTX 3080,[N/A],Enabled,Enabled
1672415224.563367,0,GPU-a71d5fd4-b7db-93b7-1b7a-5a6e2a6a8c65,0.24,0.37802734375,10240.0,6369.0,472.12,NVIDIA GeForce RTX 3080,[N/A],Enabled,Enabled
1672415225.572644,0,GPU-a71d5fd4-b7db-93b7-1b7a-5a6e2a6a8c65,0.24,0.37802734375,10240.0,6369.0,472.12,NVIDIA GeForce RTX 3080,[N/A],Enabled,Enabled
1672415226.562664,0,GPU-a71d5fd4-b7db-93b7-1b7a-5a6e2a6a8c65,0.24,0.37802734375,10240.0,6369.0,472.12,NVIDIA GeForce RTX 3080,[N/A],Enabled,Enabled
1672415227.564477,0,GPU-a71d5fd4-b7db-93b7-1b7a-5a6e2a6a8c65,0.25,0.37802734375,10240.0,6369.0,472.12,NVIDIA GeForce RTX 3080,[N/A],Enabled,Enabled
1672415228.564287,0,GPU-a71d5fd4-b7db-93b7-1b7a-5a6e2a6a8c65,0.24,0.37802734375,10240.0,6369.0,472.12,NVIDIA GeForce RTX 3080,[N/A],Enabled,Enabled
1672415229.572448,0,GPU-a71d5fd4-b7db-93b7-1b7a-5a6e2a6a8c65,0.25,0.37802734375,10240.0,6369.0,472.12,NVIDIA GeForce RTX 3080,[N/A],Enabled,Enabled
1672415230.561204,0,GPU-a71d5fd4-b7db-93b7-1b7a-5a6e2a6a8c65,0.25,0.37802734375,10240.0,6369.0,472.12,NVIDIA GeForce RTX 3080,[N/A],Enabled,Enabled
1672415231.560645,0,GPU-a71d5fd4-b7db-93b7-1b7a-5a6e2a6a8c65,0.22,0.3775390625,10240.0,6374.0,472.12,NVIDIA GeForce RTX 3080,[N/A],Enabled,Enabled
1672415232.57332,0,GPU-a71d5fd4-b7db-93b7-1b7a-5a6e2a6a8c65,0.25,0.3775390625,10240.0,6374.0,472.12,NVIDIA GeForce RTX 3080,[N/A],Enabled,Enabled
1672415233.573251,0,GPU-a71d5fd4-b7db-93b7-1b7a-5a6e2a6a8c65,0.23,0.3775390625,10240.0,6374.0,472.12,NVIDIA GeForce RTX 3080,[N/A],Enabled,Enabled
1672415234.559783,0,GPU-a71d5fd4-b7db-93b7-1b7a-5a6e2a6a8c65,0.24,0.3775390625,10240.0,6374.0,472.12,NVIDIA GeForce RTX 3080,[N/A],Enabled,Enabled
1672415235.56131,0,GPU-a71d5fd4-b7db-93b7-1b7a-5a6e2a6a8c65,0.24,0.3783203125,10240.0,6366.0,472.12,NVIDIA GeForce RTX 3080,[N/A],Enabled,Enabled
1672415236.565196,0,GPU-a71d5fd4-b7db-93b7-1b7a-5a6e2a6a8c65,0.23,0.3783203125,10240.0,6366.0,472.12,NVIDIA GeForce RTX 3080,[N/A],Enabled,Enabled
1672415237.566285,0,GPU-a71d5fd4-b7db-93b7-1b7a-5a6e2a6a8c65,0.23,0.3775390625,10240.0,6374.0,472.12,NVIDIA GeForce RTX 3080,[N/A],Enabled,Enabled
1672415238.564279,0,GPU-a71d5fd4-b7db-93b7-1b7a-5a6e2a6a8c65,0.24,0.3771484375,10240.0,6378.0,472.12,NVIDIA GeForce RTX 3080,[N/A],Enabled,Enabled
1672415239.571317,0,GPU-a71d5fd4-b7db-93b7-1b7a-5a6e2a6a8c65,0.23,0.3771484375,10240.0,6378.0,472.12,NVIDIA GeForce RTX 3080,[N/A],Enabled,Enabled
1672415240.560301,0,GPU-a71d5fd4-b7db-93b7-1b7a-5a6e2a6a8c65,0.24,0.3783203125,10240.0,6366.0,472.12,NVIDIA GeForce RTX 3080,[N/A],Enabled,Enabled
1672415241.564383,0,GPU-a71d5fd4-b7db-93b7-1b7a-5a6e2a6a8c65,0.24,0.3775390625,10240.0,6374.0,472.12,NVIDIA GeForce RTX 3080,[N/A],Enabled,Enabled
1672415242.565582,0,GPU-a71d5fd4-b7db-93b7-1b7a-5a6e2a6a8c65,0.23,0.3775390625,10240.0,6374.0,472.12,NVIDIA GeForce RTX 3080,[N/A],Enabled,Enabled
1672415243.571277,0,GPU-a71d5fd4-b7db-93b7-1b7a-5a6e2a6a8c65,0.23,0.3775390625,10240.0,6374.0,472.12,NVIDIA GeForce RTX 3080,[N/A],Enabled,Enabled
1672415244.570187,0,GPU-a71d5fd4-b7db-93b7-1b7a-5a6e2a6a8c65,0.23,0.3775390625,10240.0,6374.0,472.12,NVIDIA GeForce RTX 3080,[N/A],Enabled,Enabled
1672415245.574442,0,GPU-a71d5fd4-b7db-93b7-1b7a-5a6e2a6a8c65,0.23,0.3775390625,10240.0,6374.0,472.12,NVIDIA GeForce RTX 3080,[N/A],Enabled,Enabled
1672415246.571442,0,GPU-a71d5fd4-b7db-93b7-1b7a-5a6e2a6a8c65,0.23,0.3775390625,10240.0,6374.0,472.12,NVIDIA GeForce RTX 3080,[N/A],Enabled,Enabled
1672415247.563571,0,GPU-a71d5fd4-b7db-93b7-1b7a-5a6e2a6a8c65,0.23,0.3775390625,10240.0,6374.0,472.12,NVIDIA GeForce RTX 3080,[N/A],Enabled,Enabled
1672415248.562491,0,GPU-a71d5fd4-b7db-93b7-1b7a-5a6e2a6a8c65,0.24,0.3775390625,10240.0,6374.0,472.12,NVIDIA GeForce RTX 3080,[N/A],Enabled,Enabled
1672415249.561596,0,GPU-a71d5fd4-b7db-93b7-1b7a-5a6e2a6a8c65,0.23,0.3775390625,10240.0,6374.0,472.12,NVIDIA GeForce RTX 3080,[N/A],Enabled,Enabled
1672415250.566282,0,GPU-a71d5fd4-b7db-93b7-1b7a-5a6e2a6a8c65,0.23,0.3775390625,10240.0,6374.0,472.12,NVIDIA GeForce RTX 3080,[N/A],Enabled,Enabled
1672415251.567618,0,GPU-a71d5fd4-b7db-93b7-1b7a-5a6e2a6a8c65,0.22,0.3775390625,10240.0,6374.0,472.12,NVIDIA GeForce RTX 3080,[N/A],Enabled,Enabled
1672415252.570396,0,GPU-a71d5fd4-b7db-93b7-1b7a-5a6e2a6a8c65,0.23,0.3775390625,10240.0,6374.0,472.12,NVIDIA GeForce RTX 3080,[N/A],Enabled,Enabled
1672415253.570622,0,GPU-a71d5fd4-b7db-93b7-1b7a-5a6e2a6a8c65,0.23,0.3775390625,10240.0,6374.0,472.12,NVIDIA GeForce RTX 3080,[N/A],Enabled,Enabled
1672415254.571824,0,GPU-a71d5fd4-b7db-93b7-1b7a-5a6e2a6a8c65,0.23,0.3775390625,10240.0,6374.0,472.12,NVIDIA GeForce RTX 3080,[N/A],Enabled,Enabled
1672415255.561553,0,GPU-a71d5fd4-b7db-93b7-1b7a-5a6e2a6a8c65,0.23,0.3775390625,10240.0,6374.0,472.12,NVIDIA GeForce RTX 3080,[N/A],Enabled,Enabled
1672415256.560731,0,GPU-a71d5fd4-b7db-93b7-1b7a-5a6e2a6a8c65,0.24,0.3775390625,10240.0,6374.0,472.12,NVIDIA GeForce RTX 3080,[N/A],Enabled,Enabled
1672415257.564928,0,GPU-a71d5fd4-b7db-93b7-1b7a-5a6e2a6a8c65,0.23,0.3775390625,10240.0,6374.0,472.12,NVIDIA GeForce RTX 3080,[N/A],Enabled,Enabled
1672415258.567607,0,GPU-a71d5fd4-b7db-93b7-1b7a-5a6e2a6a8c65,0.16,0.33798828125,10240.0,6779.0,472.12,NVIDIA GeForce RTX 3080,[N/A],Enabled,Enabled
1672415259.566305,0,GPU-a71d5fd4-b7db-93b7-1b7a-5a6e2a6a8c65,0.14,0.33798828125,10240.0,6779.0,472.12,NVIDIA GeForce RTX 3080,[N/A],Enabled,Enabled
1672415260.568191,0,GPU-a71d5fd4-b7db-93b7-1b7a-5a6e2a6a8c65,0.14,0.33798828125,10240.0,6779.0,472.12,NVIDIA GeForce RTX 3080,[N/A],Enabled,Enabled
1672415261.570336,0,GPU-a71d5fd4-b7db-93b7-1b7a-5a6e2a6a8c65,0.14,0.33798828125,10240.0,6779.0,472.12,NVIDIA GeForce RTX 3080,[N/A],Enabled,Enabled
1672415262.560353,0,GPU-a71d5fd4-b7db-93b7-1b7a-5a6e2a6a8c65,0.14,0.33798828125,10240.0,6779.0,472.12,NVIDIA GeForce RTX 3080,[N/A],Enabled,Enabled
1672415263.565078,0,GPU-a71d5fd4-b7db-93b7-1b7a-5a6e2a6a8c65,0.24,0.38349609375,10240.0,6313.0,472.12,NVIDIA GeForce RTX 3080,[N/A],Enabled,Enabled
1672415264.563336,0,GPU-a71d5fd4-b7db-93b7-1b7a-5a6e2a6a8c65,0.23,0.38349609375,10240.0,6313.0,472.12,NVIDIA GeForce RTX 3080,[N/A],Enabled,Enabled
1672415265.566281,0,GPU-a71d5fd4-b7db-93b7-1b7a-5a6e2a6a8c65,0.22,0.3830078125,10240.0,6318.0,472.12,NVIDIA GeForce RTX 3080,[N/A],Enabled,Enabled
1672415266.571529,0,GPU-a71d5fd4-b7db-93b7-1b7a-5a6e2a6a8c65,0.21,0.3828125,10240.0,6320.0,472.12,NVIDIA GeForce RTX 3080,[N/A],Enabled,Enabled
1672415267.573301,0,GPU-a71d5fd4-b7db-93b7-1b7a-5a6e2a6a8c65,0.14,0.33837890625,10240.0,6775.0,472.12,NVIDIA GeForce RTX 3080,[N/A],Enabled,Enabled
1672415268.57165,0,GPU-a71d5fd4-b7db-93b7-1b7a-5a6e2a6a8c65,0.14,0.33837890625,10240.0,6775.0,472.12,NVIDIA GeForce RTX 3080,[N/A],Enabled,Enabled
1672415269.559473,0,GPU-a71d5fd4-b7db-93b7-1b7a-5a6e2a6a8c65,0.13,0.33837890625,10240.0,6775.0,472.12,NVIDIA GeForce RTX 3080,[N/A],Enabled,Enabled
1672415270.56153,0,GPU-a71d5fd4-b7db-93b7-1b7a-5a6e2a6a8c65,0.14,0.33837890625,10240.0,6775.0,472.12,NVIDIA GeForce RTX 3080,[N/A],Enabled,Enabled
1672415271.573705,0,GPU-a71d5fd4-b7db-93b7-1b7a-5a6e2a6a8c65,0.14,0.33837890625,10240.0,6775.0,472.12,NVIDIA GeForce RTX 3080,[N/A],Enabled,Enabled
1672415272.56156,0,GPU-a71d5fd4-b7db-93b7-1b7a-5a6e2a6a8c65,0.14,0.33837890625,10240.0,6775.0,472.12,NVIDIA GeForce RTX 3080,[N/A],Enabled,Enabled
1672415273.564213,0,GPU-a71d5fd4-b7db-93b7-1b7a-5a6e2a6a8c65,0.14,0.33837890625,10240.0,6775.0,472.12,NVIDIA GeForce RTX 3080,[N/A],Enabled,Enabled
1672415274.565204,0,GPU-a71d5fd4-b7db-93b7-1b7a-5a6e2a6a8c65,0.14,0.33837890625,10240.0,6775.0,472.12,NVIDIA GeForce RTX 3080,[N/A],Enabled,Enabled
1672415275.566574,0,GPU-a71d5fd4-b7db-93b7-1b7a-5a6e2a6a8c65,0.14,0.33837890625,10240.0,6775.0,472.12,NVIDIA GeForce RTX 3080,[N/A],Enabled,Enabled
1672415276.566451,0,GPU-a71d5fd4-b7db-93b7-1b7a-5a6e2a6a8c65,0.14,0.33837890625,10240.0,6775.0,472.12,NVIDIA GeForce RTX 3080,[N/A],Enabled,Enabled
1672415277.565303,0,GPU-a71d5fd4-b7db-93b7-1b7a-5a6e2a6a8c65,0.14,0.33837890625,10240.0,6775.0,472.12,NVIDIA GeForce RTX 3080,[N/A],Enabled,Enabled
1672415278.571322,0,GPU-a71d5fd4-b7db-93b7-1b7a-5a6e2a6a8c65,0.15,0.33837890625,10240.0,6775.0,472.12,NVIDIA GeForce RTX 3080,[N/A],Enabled,Enabled
1672415279.569347,0,GPU-a71d5fd4-b7db-93b7-1b7a-5a6e2a6a8c65,0.14,0.33837890625,10240.0,6775.0,472.12,NVIDIA GeForce RTX 3080,[N/A],Enabled,Enabled
1672415280.567259,0,GPU-a71d5fd4-b7db-93b7-1b7a-5a6e2a6a8c65,0.14,0.33837890625,10240.0,6775.0,472.12,NVIDIA GeForce RTX 3080,[N/A],Enabled,Enabled
1672415281.568553,0,GPU-a71d5fd4-b7db-93b7-1b7a-5a6e2a6a8c65,0.24,0.38349609375,10240.0,6313.0,472.12,NVIDIA GeForce RTX 3080,[N/A],Enabled,Enabled
1672415282.570383,0,GPU-a71d5fd4-b7db-93b7-1b7a-5a6e2a6a8c65,0.24,0.38349609375,10240.0,6313.0,472.12,NVIDIA GeForce RTX 3080,[N/A],Enabled,Enabled
1672415283.573729,0,GPU-a71d5fd4-b7db-93b7-1b7a-5a6e2a6a8c65,0.23,0.38349609375,10240.0,6313.0,472.12,NVIDIA GeForce RTX 3080,[N/A],Enabled,Enabled
1672415284.573633,0,GPU-a71d5fd4-b7db-93b7-1b7a-5a6e2a6a8c65,0.24,0.38349609375,10240.0,6313.0,472.12,NVIDIA GeForce RTX 3080,[N/A],Enabled,Enabled
1672415285.561289,0,GPU-a71d5fd4-b7db-93b7-1b7a-5a6e2a6a8c65,0.21,0.375390625,10240.0,6396.0,472.12,NVIDIA GeForce RTX 3080,[N/A],Enabled,Enabled
1672415286.566248,0,GPU-a71d5fd4-b7db-93b7-1b7a-5a6e2a6a8c65,0.15,0.281640625,10240.0,7356.0,472.12,NVIDIA GeForce RTX 3080,[N/A],Enabled,Enabled
1672415287.569141,0,GPU-a71d5fd4-b7db-93b7-1b7a-5a6e2a6a8c65,0.14,0.28232421875,10240.0,7349.0,472.12,NVIDIA GeForce RTX 3080,[N/A],Enabled,Enabled
1672415288.568525,0,GPU-a71d5fd4-b7db-93b7-1b7a-5a6e2a6a8c65,0.13,0.28232421875,10240.0,7349.0,472.12,NVIDIA GeForce RTX 3080,[N/A],Enabled,Enabled
1672415289.572359,0,GPU-a71d5fd4-b7db-93b7-1b7a-5a6e2a6a8c65,0.13,0.28232421875,10240.0,7349.0,472.12,NVIDIA GeForce RTX 3080,[N/A],Enabled,Enabled
1672415290.566649,0,GPU-a71d5fd4-b7db-93b7-1b7a-5a6e2a6a8c65,0.15,0.28251953125,10240.0,7347.0,472.12,NVIDIA GeForce RTX 3080,[N/A],Enabled,Enabled
1672415291.571251,0,GPU-a71d5fd4-b7db-93b7-1b7a-5a6e2a6a8c65,0.14,0.2869140625,10240.0,7302.0,472.12,NVIDIA GeForce RTX 3080,[N/A],Enabled,Enabled
1672415292.56551,0,GPU-a71d5fd4-b7db-93b7-1b7a-5a6e2a6a8c65,0.14,0.2869140625,10240.0,7302.0,472.12,NVIDIA GeForce RTX 3080,[N/A],Enabled,Enabled
1672415293.566344,0,GPU-a71d5fd4-b7db-93b7-1b7a-5a6e2a6a8c65,0.14,0.37109375,10240.0,6440.0,472.12,NVIDIA GeForce RTX 3080,[N/A],Enabled,Enabled
1672415294.570467,0,GPU-a71d5fd4-b7db-93b7-1b7a-5a6e2a6a8c65,0.17,0.28173828125,10240.0,7355.0,472.12,NVIDIA GeForce RTX 3080,[N/A],Enabled,Enabled
1672415295.57176,0,GPU-a71d5fd4-b7db-93b7-1b7a-5a6e2a6a8c65,0.14,0.28984375,10240.0,7272.0,472.12,NVIDIA GeForce RTX 3080,[N/A],Enabled,Enabled
1672415296.562431,0,GPU-a71d5fd4-b7db-93b7-1b7a-5a6e2a6a8c65,0.14,0.30185546875,10240.0,7149.0,472.12,NVIDIA GeForce RTX 3080,[N/A],Enabled,Enabled
1672415297.568204,0,GPU-a71d5fd4-b7db-93b7-1b7a-5a6e2a6a8c65,0.12,0.32197265625,10240.0,6943.0,472.12,NVIDIA GeForce RTX 3080,[N/A],Enabled,Enabled
1672415298.570204,0,GPU-a71d5fd4-b7db-93b7-1b7a-5a6e2a6a8c65,0.13,0.32197265625,10240.0,6943.0,472.12,NVIDIA GeForce RTX 3080,[N/A],Enabled,Enabled
1672415299.573657,0,GPU-a71d5fd4-b7db-93b7-1b7a-5a6e2a6a8c65,0.13,0.32138671875,10240.0,6949.0,472.12,NVIDIA GeForce RTX 3080,[N/A],Enabled,Enabled
1672415300.570359,0,GPU-a71d5fd4-b7db-93b7-1b7a-5a6e2a6a8c65,0.09,0.3458984375,10240.0,6698.0,472.12,NVIDIA GeForce RTX 3080,[N/A],Enabled,Enabled
1672415301.573343,0,GPU-a71d5fd4-b7db-93b7-1b7a-5a6e2a6a8c65,0.11,0.323046875,10240.0,6932.0,472.12,NVIDIA GeForce RTX 3080,[N/A],Enabled,Enabled
1672415302.573455,0,GPU-a71d5fd4-b7db-93b7-1b7a-5a6e2a6a8c65,0.12,0.32314453125,10240.0,6931.0,472.12,NVIDIA GeForce RTX 3080,[N/A],Enabled,Enabled
1672415303.562379,0,GPU-a71d5fd4-b7db-93b7-1b7a-5a6e2a6a8c65,0.14,0.32314453125,10240.0,6931.0,472.12,NVIDIA GeForce RTX 3080,[N/A],Enabled,Enabled
1672415304.567277,0,GPU-a71d5fd4-b7db-93b7-1b7a-5a6e2a6a8c65,0.13,0.3232421875,10240.0,6930.0,472.12,NVIDIA GeForce RTX 3080,[N/A],Enabled,Enabled
1672415305.559339,0,GPU-a71d5fd4-b7db-93b7-1b7a-5a6e2a6a8c65,0.13,0.3232421875,10240.0,6930.0,472.12,NVIDIA GeForce RTX 3080,[N/A],Enabled,Enabled
1672415306.560375,0,GPU-a71d5fd4-b7db-93b7-1b7a-5a6e2a6a8c65,0.13,0.3232421875,10240.0,6930.0,472.12,NVIDIA GeForce RTX 3080,[N/A],Enabled,Enabled
1672415307.565274,0,GPU-a71d5fd4-b7db-93b7-1b7a-5a6e2a6a8c65,0.15,0.3326171875,10240.0,6834.0,472.12,NVIDIA GeForce RTX 3080,[N/A],Enabled,Enabled
1672415308.567641,0,GPU-a71d5fd4-b7db-93b7-1b7a-5a6e2a6a8c65,0.15,0.3326171875,10240.0,6834.0,472.12,NVIDIA GeForce RTX 3080,[N/A],Enabled,Enabled
1672415309.571286,0,GPU-a71d5fd4-b7db-93b7-1b7a-5a6e2a6a8c65,0.15,0.3326171875,10240.0,6834.0,472.12,NVIDIA GeForce RTX 3080,[N/A],Enabled,Enabled
1672415310.560612,0,GPU-a71d5fd4-b7db-93b7-1b7a-5a6e2a6a8c65,0.16,0.3326171875,10240.0,6834.0,472.12,NVIDIA GeForce RTX 3080,[N/A],Enabled,Enabled
1672415311.560718,0,GPU-a71d5fd4-b7db-93b7-1b7a-5a6e2a6a8c65,0.16,0.3326171875,10240.0,6834.0,472.12,NVIDIA GeForce RTX 3080,[N/A],Enabled,Enabled
1672415312.564334,0,GPU-a71d5fd4-b7db-93b7-1b7a-5a6e2a6a8c65,0.17,0.3326171875,10240.0,6834.0,472.12,NVIDIA GeForce RTX 3080,[N/A],Enabled,Enabled
1672415313.567322,0,GPU-a71d5fd4-b7db-93b7-1b7a-5a6e2a6a8c65,0.17,0.3326171875,10240.0,6834.0,472.12,NVIDIA GeForce RTX 3080,[N/A],Enabled,Enabled
1672415314.569546,0,GPU-a71d5fd4-b7db-93b7-1b7a-5a6e2a6a8c65,0.17,0.3326171875,10240.0,6834.0,472.12,NVIDIA GeForce RTX 3080,[N/A],Enabled,Enabled
1672415315.570217,0,GPU-a71d5fd4-b7db-93b7-1b7a-5a6e2a6a8c65,0.17,0.3326171875,10240.0,6834.0,472.12,NVIDIA GeForce RTX 3080,[N/A],Enabled,Enabled
1672415316.567585,0,GPU-a71d5fd4-b7db-93b7-1b7a-5a6e2a6a8c65,0.17,0.3326171875,10240.0,6834.0,472.12,NVIDIA GeForce RTX 3080,[N/A],Enabled,Enabled
1672415317.567137,0,GPU-a71d5fd4-b7db-93b7-1b7a-5a6e2a6a8c65,0.17,0.3326171875,10240.0,6834.0,472.12,NVIDIA GeForce RTX 3080,[N/A],Enabled,Enabled
1672415318.568369,0,GPU-a71d5fd4-b7db-93b7-1b7a-5a6e2a6a8c65,0.17,0.3326171875,10240.0,6834.0,472.12,NVIDIA GeForce RTX 3080,[N/A],Enabled,Enabled
1672415319.566526,0,GPU-a71d5fd4-b7db-93b7-1b7a-5a6e2a6a8c65,0.17,0.3326171875,10240.0,6834.0,472.12,NVIDIA GeForce RTX 3080,[N/A],Enabled,Enabled
1672415320.569255,0,GPU-a71d5fd4-b7db-93b7-1b7a-5a6e2a6a8c65,0.17,0.3326171875,10240.0,6834.0,472.12,NVIDIA GeForce RTX 3080,[N/A],Enabled,Enabled
1672415321.560461,0,GPU-a71d5fd4-b7db-93b7-1b7a-5a6e2a6a8c65,0.17,0.3326171875,10240.0,6834.0,472.12,NVIDIA GeForce RTX 3080,[N/A],Enabled,Enabled
1672415322.563399,0,GPU-a71d5fd4-b7db-93b7-1b7a-5a6e2a6a8c65,0.17,0.3326171875,10240.0,6834.0,472.12,NVIDIA GeForce RTX 3080,[N/A],Enabled,Enabled
1672415323.570268,0,GPU-a71d5fd4-b7db-93b7-1b7a-5a6e2a6a8c65,0.17,0.3326171875,10240.0,6834.0,472.12,NVIDIA GeForce RTX 3080,[N/A],Enabled,Enabled
1672415324.568653,0,GPU-a71d5fd4-b7db-93b7-1b7a-5a6e2a6a8c65,0.17,0.3326171875,10240.0,6834.0,472.12,NVIDIA GeForce RTX 3080,[N/A],Enabled,Enabled
1672415325.569645,0,GPU-a71d5fd4-b7db-93b7-1b7a-5a6e2a6a8c65,0.17,0.3326171875,10240.0,6834.0,472.12,NVIDIA GeForce RTX 3080,[N/A],Enabled,Enabled
1672415326.569435,0,GPU-a71d5fd4-b7db-93b7-1b7a-5a6e2a6a8c65,0.18,0.3326171875,10240.0,6834.0,472.12,NVIDIA GeForce RTX 3080,[N/A],Enabled,Enabled
1672415327.570416,0,GPU-a71d5fd4-b7db-93b7-1b7a-5a6e2a6a8c65,0.17,0.3326171875,10240.0,6834.0,472.12,NVIDIA GeForce RTX 3080,[N/A],Enabled,Enabled
1672415328.559487,0,GPU-a71d5fd4-b7db-93b7-1b7a-5a6e2a6a8c65,0.17,0.3326171875,10240.0,6834.0,472.12,NVIDIA GeForce RTX 3080,[N/A],Enabled,Enabled
1672415329.572552,0,GPU-a71d5fd4-b7db-93b7-1b7a-5a6e2a6a8c65,0.17,0.3326171875,10240.0,6834.0,472.12,NVIDIA GeForce RTX 3080,[N/A],Enabled,Enabled
1672415330.559288,0,GPU-a71d5fd4-b7db-93b7-1b7a-5a6e2a6a8c65,0.17,0.3326171875,10240.0,6834.0,472.12,NVIDIA GeForce RTX 3080,[N/A],Enabled,Enabled
1672415331.566638,0,GPU-a71d5fd4-b7db-93b7-1b7a-5a6e2a6a8c65,0.17,0.3326171875,10240.0,6834.0,472.12,NVIDIA GeForce RTX 3080,[N/A],Enabled,Enabled
1672415332.571511,0,GPU-a71d5fd4-b7db-93b7-1b7a-5a6e2a6a8c65,0.17,0.3326171875,10240.0,6834.0,472.12,NVIDIA GeForce RTX 3080,[N/A],Enabled,Enabled
1672415333.561237,0,GPU-a71d5fd4-b7db-93b7-1b7a-5a6e2a6a8c65,0.17,0.3326171875,10240.0,6834.0,472.12,NVIDIA GeForce RTX 3080,[N/A],Enabled,Enabled
1672415334.569286,0,GPU-a71d5fd4-b7db-93b7-1b7a-5a6e2a6a8c65,0.17,0.3326171875,10240.0,6834.0,472.12,NVIDIA GeForce RTX 3080,[N/A],Enabled,Enabled
1672415335.571342,0,GPU-a71d5fd4-b7db-93b7-1b7a-5a6e2a6a8c65,0.17,0.3326171875,10240.0,6834.0,472.12,NVIDIA GeForce RTX 3080,[N/A],Enabled,Enabled
1672415336.561212,0,GPU-a71d5fd4-b7db-93b7-1b7a-5a6e2a6a8c65,0.17,0.3326171875,10240.0,6834.0,472.12,NVIDIA GeForce RTX 3080,[N/A],Enabled,Enabled
1672415337.567435,0,GPU-a71d5fd4-b7db-93b7-1b7a-5a6e2a6a8c65,0.17,0.3326171875,10240.0,6834.0,472.12,NVIDIA GeForce RTX 3080,[N/A],Enabled,Enabled
1672415338.569637,0,GPU-a71d5fd4-b7db-93b7-1b7a-5a6e2a6a8c65,0.17,0.3326171875,10240.0,6834.0,472.12,NVIDIA GeForce RTX 3080,[N/A],Enabled,Enabled
1672415339.567517,0,GPU-a71d5fd4-b7db-93b7-1b7a-5a6e2a6a8c65,0.17,0.3326171875,10240.0,6834.0,472.12,NVIDIA GeForce RTX 3080,[N/A],Enabled,Enabled
1672415340.562642,0,GPU-a71d5fd4-b7db-93b7-1b7a-5a6e2a6a8c65,0.16,0.3326171875,10240.0,6834.0,472.12,NVIDIA GeForce RTX 3080,[N/A],Enabled,Enabled
1672415341.564687,0,GPU-a71d5fd4-b7db-93b7-1b7a-5a6e2a6a8c65,0.17,0.3326171875,10240.0,6834.0,472.12,NVIDIA GeForce RTX 3080,[N/A],Enabled,Enabled
1672415342.567183,0,GPU-a71d5fd4-b7db-93b7-1b7a-5a6e2a6a8c65,0.17,0.3326171875,10240.0,6834.0,472.12,NVIDIA GeForce RTX 3080,[N/A],Enabled,Enabled
1672415343.564406,0,GPU-a71d5fd4-b7db-93b7-1b7a-5a6e2a6a8c65,0.17,0.3326171875,10240.0,6834.0,472.12,NVIDIA GeForce RTX 3080,[N/A],Enabled,Enabled
1672415344.564544,0,GPU-a71d5fd4-b7db-93b7-1b7a-5a6e2a6a8c65,0.17,0.3326171875,10240.0,6834.0,472.12,NVIDIA GeForce RTX 3080,[N/A],Enabled,Enabled
1672415345.567441,0,GPU-a71d5fd4-b7db-93b7-1b7a-5a6e2a6a8c65,0.17,0.3326171875,10240.0,6834.0,472.12,NVIDIA GeForce RTX 3080,[N/A],Enabled,Enabled
1672415346.572478,0,GPU-a71d5fd4-b7db-93b7-1b7a-5a6e2a6a8c65,0.17,0.3326171875,10240.0,6834.0,472.12,NVIDIA GeForce RTX 3080,[N/A],Enabled,Enabled
1672415347.572443,0,GPU-a71d5fd4-b7db-93b7-1b7a-5a6e2a6a8c65,0.17,0.3326171875,10240.0,6834.0,472.12,NVIDIA GeForce RTX 3080,[N/A],Enabled,Enabled
1672415348.571328,0,GPU-a71d5fd4-b7db-93b7-1b7a-5a6e2a6a8c65,0.17,0.3326171875,10240.0,6834.0,472.12,NVIDIA GeForce RTX 3080,[N/A],Enabled,Enabled
1672415349.560219,0,GPU-a71d5fd4-b7db-93b7-1b7a-5a6e2a6a8c65,0.17,0.3326171875,10240.0,6834.0,472.12,NVIDIA GeForce RTX 3080,[N/A],Enabled,Enabled
1672415350.573411,0,GPU-a71d5fd4-b7db-93b7-1b7a-5a6e2a6a8c65,0.17,0.3326171875,10240.0,6834.0,472.12,NVIDIA GeForce RTX 3080,[N/A],Enabled,Enabled
1672415351.573617,0,GPU-a71d5fd4-b7db-93b7-1b7a-5a6e2a6a8c65,0.18,0.3326171875,10240.0,6834.0,472.12,NVIDIA GeForce RTX 3080,[N/A],Enabled,Enabled
1672415352.562654,0,GPU-a71d5fd4-b7db-93b7-1b7a-5a6e2a6a8c65,0.17,0.3326171875,10240.0,6834.0,472.12,NVIDIA GeForce RTX 3080,[N/A],Enabled,Enabled
1672415353.565225,0,GPU-a71d5fd4-b7db-93b7-1b7a-5a6e2a6a8c65,0.17,0.3326171875,10240.0,6834.0,472.12,NVIDIA GeForce RTX 3080,[N/A],Enabled,Enabled
1672415354.566629,0,GPU-a71d5fd4-b7db-93b7-1b7a-5a6e2a6a8c65,0.18,0.3326171875,10240.0,6834.0,472.12,NVIDIA GeForce RTX 3080,[N/A],Enabled,Enabled
1672415355.573603,0,GPU-a71d5fd4-b7db-93b7-1b7a-5a6e2a6a8c65,0.17,0.3326171875,10240.0,6834.0,472.12,NVIDIA GeForce RTX 3080,[N/A],Enabled,Enabled
1672415356.573309,0,GPU-a71d5fd4-b7db-93b7-1b7a-5a6e2a6a8c65,0.18,0.3326171875,10240.0,6834.0,472.12,NVIDIA GeForce RTX 3080,[N/A],Enabled,Enabled
1672415357.560761,0,GPU-a71d5fd4-b7db-93b7-1b7a-5a6e2a6a8c65,0.17,0.3326171875,10240.0,6834.0,472.12,NVIDIA GeForce RTX 3080,[N/A],Enabled,Enabled
1672415358.566253,0,GPU-a71d5fd4-b7db-93b7-1b7a-5a6e2a6a8c65,0.17,0.3326171875,10240.0,6834.0,472.12,NVIDIA GeForce RTX 3080,[N/A],Enabled,Enabled
1672415359.570653,0,GPU-a71d5fd4-b7db-93b7-1b7a-5a6e2a6a8c65,0.17,0.3326171875,10240.0,6834.0,472.12,NVIDIA GeForce RTX 3080,[N/A],Enabled,Enabled
1672415360.572465,0,GPU-a71d5fd4-b7db-93b7-1b7a-5a6e2a6a8c65,0.18,0.3326171875,10240.0,6834.0,472.12,NVIDIA GeForce RTX 3080,[N/A],Enabled,Enabled
1672415361.570336,0,GPU-a71d5fd4-b7db-93b7-1b7a-5a6e2a6a8c65,0.17,0.3326171875,10240.0,6834.0,472.12,NVIDIA GeForce RTX 3080,[N/A],Enabled,Enabled
1672415362.561864,0,GPU-a71d5fd4-b7db-93b7-1b7a-5a6e2a6a8c65,0.17,0.3326171875,10240.0,6834.0,472.12,NVIDIA GeForce RTX 3080,[N/A],Enabled,Enabled
1672415363.568481,0,GPU-a71d5fd4-b7db-93b7-1b7a-5a6e2a6a8c65,0.17,0.3326171875,10240.0,6834.0,472.12,NVIDIA GeForce RTX 3080,[N/A],Enabled,Enabled
1672415364.57153,0,GPU-a71d5fd4-b7db-93b7-1b7a-5a6e2a6a8c65,0.18,0.3326171875,10240.0,6834.0,472.12,NVIDIA GeForce RTX 3080,[N/A],Enabled,Enabled
1672415365.559569,0,GPU-a71d5fd4-b7db-93b7-1b7a-5a6e2a6a8c65,0.18,0.3326171875,10240.0,6834.0,472.12,NVIDIA GeForce RTX 3080,[N/A],Enabled,Enabled
1672415366.565103,0,GPU-a71d5fd4-b7db-93b7-1b7a-5a6e2a6a8c65,0.17,0.3326171875,10240.0,6834.0,472.12,NVIDIA GeForce RTX 3080,[N/A],Enabled,Enabled
1672415367.568347,0,GPU-a71d5fd4-b7db-93b7-1b7a-5a6e2a6a8c65,0.17,0.3326171875,10240.0,6834.0,472.12,NVIDIA GeForce RTX 3080,[N/A],Enabled,Enabled
1672415368.573382,0,GPU-a71d5fd4-b7db-93b7-1b7a-5a6e2a6a8c65,0.17,0.3326171875,10240.0,6834.0,472.12,NVIDIA GeForce RTX 3080,[N/A],Enabled,Enabled
1672415369.570359,0,GPU-a71d5fd4-b7db-93b7-1b7a-5a6e2a6a8c65,0.17,0.3326171875,10240.0,6834.0,472.12,NVIDIA GeForce RTX 3080,[N/A],Enabled,Enabled
1672415370.558637,0,GPU-a71d5fd4-b7db-93b7-1b7a-5a6e2a6a8c65,0.18,0.3326171875,10240.0,6834.0,472.12,NVIDIA GeForce RTX 3080,[N/A],Enabled,Enabled
1672415371.57243,0,GPU-a71d5fd4-b7db-93b7-1b7a-5a6e2a6a8c65,0.17,0.3326171875,10240.0,6834.0,472.12,NVIDIA GeForce RTX 3080,[N/A],Enabled,Enabled
1672415372.570485,0,GPU-a71d5fd4-b7db-93b7-1b7a-5a6e2a6a8c65,0.17,0.3326171875,10240.0,6834.0,472.12,NVIDIA GeForce RTX 3080,[N/A],Enabled,Enabled
1672415373.559309,0,GPU-a71d5fd4-b7db-93b7-1b7a-5a6e2a6a8c65,0.17,0.3326171875,10240.0,6834.0,472.12,NVIDIA GeForce RTX 3080,[N/A],Enabled,Enabled
1672415374.567428,0,GPU-a71d5fd4-b7db-93b7-1b7a-5a6e2a6a8c65,0.17,0.3326171875,10240.0,6834.0,472.12,NVIDIA GeForce RTX 3080,[N/A],Enabled,Enabled
1672415375.564369,0,GPU-a71d5fd4-b7db-93b7-1b7a-5a6e2a6a8c65,0.17,0.3326171875,10240.0,6834.0,472.12,NVIDIA GeForce RTX 3080,[N/A],Enabled,Enabled
1672415376.564938,0,GPU-a71d5fd4-b7db-93b7-1b7a-5a6e2a6a8c65,0.17,0.3326171875,10240.0,6834.0,472.12,NVIDIA GeForce RTX 3080,[N/A],Enabled,Enabled
1672415377.566503,0,GPU-a71d5fd4-b7db-93b7-1b7a-5a6e2a6a8c65,0.17,0.3326171875,10240.0,6834.0,472.12,NVIDIA GeForce RTX 3080,[N/A],Enabled,Enabled
1672415378.564436,0,GPU-a71d5fd4-b7db-93b7-1b7a-5a6e2a6a8c65,0.17,0.3326171875,10240.0,6834.0,472.12,NVIDIA GeForce RTX 3080,[N/A],Enabled,Enabled
1672415379.564691,0,GPU-a71d5fd4-b7db-93b7-1b7a-5a6e2a6a8c65,0.17,0.3326171875,10240.0,6834.0,472.12,NVIDIA GeForce RTX 3080,[N/A],Enabled,Enabled
1672415380.56778,0,GPU-a71d5fd4-b7db-93b7-1b7a-5a6e2a6a8c65,0.17,0.3326171875,10240.0,6834.0,472.12,NVIDIA GeForce RTX 3080,[N/A],Enabled,Enabled
1672415381.566147,0,GPU-a71d5fd4-b7db-93b7-1b7a-5a6e2a6a8c65,0.17,0.3326171875,10240.0,6834.0,472.12,NVIDIA GeForce RTX 3080,[N/A],Enabled,Enabled
1672415382.563635,0,GPU-a71d5fd4-b7db-93b7-1b7a-5a6e2a6a8c65,0.18,0.3326171875,10240.0,6834.0,472.12,NVIDIA GeForce RTX 3080,[N/A],Enabled,Enabled
1672415383.567452,0,GPU-a71d5fd4-b7db-93b7-1b7a-5a6e2a6a8c65,0.17,0.3326171875,10240.0,6834.0,472.12,NVIDIA GeForce RTX 3080,[N/A],Enabled,Enabled
1672415384.574006,0,GPU-a71d5fd4-b7db-93b7-1b7a-5a6e2a6a8c65,0.17,0.3326171875,10240.0,6834.0,472.12,NVIDIA GeForce RTX 3080,[N/A],Enabled,Enabled
1672415385.564677,0,GPU-a71d5fd4-b7db-93b7-1b7a-5a6e2a6a8c65,0.17,0.3326171875,10240.0,6834.0,472.12,NVIDIA GeForce RTX 3080,[N/A],Enabled,Enabled
1672415386.570652,0,GPU-a71d5fd4-b7db-93b7-1b7a-5a6e2a6a8c65,0.17,0.3326171875,10240.0,6834.0,472.12,NVIDIA GeForce RTX 3080,[N/A],Enabled,Enabled
1672415387.572883,0,GPU-a71d5fd4-b7db-93b7-1b7a-5a6e2a6a8c65,0.17,0.3326171875,10240.0,6834.0,472.12,NVIDIA GeForce RTX 3080,[N/A],Enabled,Enabled
1672415388.563735,0,GPU-a71d5fd4-b7db-93b7-1b7a-5a6e2a6a8c65,0.17,0.3326171875,10240.0,6834.0,472.12,NVIDIA GeForce RTX 3080,[N/A],Enabled,Enabled
1672415389.566443,0,GPU-a71d5fd4-b7db-93b7-1b7a-5a6e2a6a8c65,0.17,0.3326171875,10240.0,6834.0,472.12,NVIDIA GeForce RTX 3080,[N/A],Enabled,Enabled
1672415390.569679,0,GPU-a71d5fd4-b7db-93b7-1b7a-5a6e2a6a8c65,0.17,0.3326171875,10240.0,6834.0,472.12,NVIDIA GeForce RTX 3080,[N/A],Enabled,Enabled
1672415391.574063,0,GPU-a71d5fd4-b7db-93b7-1b7a-5a6e2a6a8c65,0.17,0.3326171875,10240.0,6834.0,472.12,NVIDIA GeForce RTX 3080,[N/A],Enabled,Enabled
1672415392.563713,0,GPU-a71d5fd4-b7db-93b7-1b7a-5a6e2a6a8c65,0.17,0.3326171875,10240.0,6834.0,472.12,NVIDIA GeForce RTX 3080,[N/A],Enabled,Enabled
1672415393.563632,0,GPU-a71d5fd4-b7db-93b7-1b7a-5a6e2a6a8c65,0.18,0.3326171875,10240.0,6834.0,472.12,NVIDIA GeForce RTX 3080,[N/A],Enabled,Enabled
1672415394.561471,0,GPU-a71d5fd4-b7db-93b7-1b7a-5a6e2a6a8c65,0.17,0.3326171875,10240.0,6834.0,472.12,NVIDIA GeForce RTX 3080,[N/A],Enabled,Enabled
1672415395.567248,0,GPU-a71d5fd4-b7db-93b7-1b7a-5a6e2a6a8c65,0.17,0.3326171875,10240.0,6834.0,472.12,NVIDIA GeForce RTX 3080,[N/A],Enabled,Enabled
1672415396.573246,0,GPU-a71d5fd4-b7db-93b7-1b7a-5a6e2a6a8c65,0.18,0.3326171875,10240.0,6834.0,472.12,NVIDIA GeForce RTX 3080,[N/A],Enabled,Enabled
1672415397.574625,0,GPU-a71d5fd4-b7db-93b7-1b7a-5a6e2a6a8c65,0.16,0.3326171875,10240.0,6834.0,472.12,NVIDIA GeForce RTX 3080,[N/A],Enabled,Enabled
1672415398.565012,0,GPU-a71d5fd4-b7db-93b7-1b7a-5a6e2a6a8c65,0.17,0.3326171875,10240.0,6834.0,472.12,NVIDIA GeForce RTX 3080,[N/A],Enabled,Enabled
1672415399.566288,0,GPU-a71d5fd4-b7db-93b7-1b7a-5a6e2a6a8c65,0.17,0.3326171875,10240.0,6834.0,472.12,NVIDIA GeForce RTX 3080,[N/A],Enabled,Enabled
1672415400.574099,0,GPU-a71d5fd4-b7db-93b7-1b7a-5a6e2a6a8c65,0.17,0.3326171875,10240.0,6834.0,472.12,NVIDIA GeForce RTX 3080,[N/A],Enabled,Enabled
1672415401.559528,0,GPU-a71d5fd4-b7db-93b7-1b7a-5a6e2a6a8c65,0.18,0.3326171875,10240.0,6834.0,472.12,NVIDIA GeForce RTX 3080,[N/A],Enabled,Enabled
1672415402.561412,0,GPU-a71d5fd4-b7db-93b7-1b7a-5a6e2a6a8c65,0.17,0.3326171875,10240.0,6834.0,472.12,NVIDIA GeForce RTX 3080,[N/A],Enabled,Enabled
1672415403.566207,0,GPU-a71d5fd4-b7db-93b7-1b7a-5a6e2a6a8c65,0.17,0.3326171875,10240.0,6834.0,472.12,NVIDIA GeForce RTX 3080,[N/A],Enabled,Enabled
1672415404.567489,0,GPU-a71d5fd4-b7db-93b7-1b7a-5a6e2a6a8c65,0.17,0.3326171875,10240.0,6834.0,472.12,NVIDIA GeForce RTX 3080,[N/A],Enabled,Enabled
1672415405.570238,0,GPU-a71d5fd4-b7db-93b7-1b7a-5a6e2a6a8c65,0.17,0.3326171875,10240.0,6834.0,472.12,NVIDIA GeForce RTX 3080,[N/A],Enabled,Enabled
1672415406.568663,0,GPU-a71d5fd4-b7db-93b7-1b7a-5a6e2a6a8c65,0.17,0.3326171875,10240.0,6834.0,472.12,NVIDIA GeForce RTX 3080,[N/A],Enabled,Enabled
1672415407.562509,0,GPU-a71d5fd4-b7db-93b7-1b7a-5a6e2a6a8c65,0.17,0.3326171875,10240.0,6834.0,472.12,NVIDIA GeForce RTX 3080,[N/A],Enabled,Enabled
1672415408.570506,0,GPU-a71d5fd4-b7db-93b7-1b7a-5a6e2a6a8c65,0.17,0.3326171875,10240.0,6834.0,472.12,NVIDIA GeForce RTX 3080,[N/A],Enabled,Enabled
1672415409.568622,0,GPU-a71d5fd4-b7db-93b7-1b7a-5a6e2a6a8c65,0.17,0.3326171875,10240.0,6834.0,472.12,NVIDIA GeForce RTX 3080,[N/A],Enabled,Enabled
1672415410.571255,0,GPU-a71d5fd4-b7db-93b7-1b7a-5a6e2a6a8c65,0.17,0.3326171875,10240.0,6834.0,472.12,NVIDIA GeForce RTX 3080,[N/A],Enabled,Enabled
1672415411.562693,0,GPU-a71d5fd4-b7db-93b7-1b7a-5a6e2a6a8c65,0.17,0.3326171875,10240.0,6834.0,472.12,NVIDIA GeForce RTX 3080,[N/A],Enabled,Enabled
1672415412.560316,0,GPU-a71d5fd4-b7db-93b7-1b7a-5a6e2a6a8c65,0.17,0.3326171875,10240.0,6834.0,472.12,NVIDIA GeForce RTX 3080,[N/A],Enabled,Enabled
1672415413.562453,0,GPU-a71d5fd4-b7db-93b7-1b7a-5a6e2a6a8c65,0.17,0.3326171875,10240.0,6834.0,472.12,NVIDIA GeForce RTX 3080,[N/A],Enabled,Enabled
1672415414.565045,0,GPU-a71d5fd4-b7db-93b7-1b7a-5a6e2a6a8c65,0.18,0.3326171875,10240.0,6834.0,472.12,NVIDIA GeForce RTX 3080,[N/A],Enabled,Enabled
1672415415.56862,0,GPU-a71d5fd4-b7db-93b7-1b7a-5a6e2a6a8c65,0.17,0.3326171875,10240.0,6834.0,472.12,NVIDIA GeForce RTX 3080,[N/A],Enabled,Enabled
1672415416.567789,0,GPU-a71d5fd4-b7db-93b7-1b7a-5a6e2a6a8c65,0.17,0.3326171875,10240.0,6834.0,472.12,NVIDIA GeForce RTX 3080,[N/A],Enabled,Enabled
1672415417.570254,0,GPU-a71d5fd4-b7db-93b7-1b7a-5a6e2a6a8c65,0.17,0.3326171875,10240.0,6834.0,472.12,NVIDIA GeForce RTX 3080,[N/A],Enabled,Enabled
1672415418.568669,0,GPU-a71d5fd4-b7db-93b7-1b7a-5a6e2a6a8c65,0.18,0.3326171875,10240.0,6834.0,472.12,NVIDIA GeForce RTX 3080,[N/A],Enabled,Enabled
1672415419.570667,0,GPU-a71d5fd4-b7db-93b7-1b7a-5a6e2a6a8c65,0.17,0.3326171875,10240.0,6834.0,472.12,NVIDIA GeForce RTX 3080,[N/A],Enabled,Enabled
1672415420.572287,0,GPU-a71d5fd4-b7db-93b7-1b7a-5a6e2a6a8c65,0.17,0.3326171875,10240.0,6834.0,472.12,NVIDIA GeForce RTX 3080,[N/A],Enabled,Enabled
1672415421.570701,0,GPU-a71d5fd4-b7db-93b7-1b7a-5a6e2a6a8c65,0.18,0.3326171875,10240.0,6834.0,472.12,NVIDIA GeForce RTX 3080,[N/A],Enabled,Enabled
1672415422.562295,0,GPU-a71d5fd4-b7db-93b7-1b7a-5a6e2a6a8c65,0.17,0.3326171875,10240.0,6834.0,472.12,NVIDIA GeForce RTX 3080,[N/A],Enabled,Enabled
1672415423.568191,0,GPU-a71d5fd4-b7db-93b7-1b7a-5a6e2a6a8c65,0.17,0.3326171875,10240.0,6834.0,472.12,NVIDIA GeForce RTX 3080,[N/A],Enabled,Enabled
1672415424.564962,0,GPU-a71d5fd4-b7db-93b7-1b7a-5a6e2a6a8c65,0.18,0.3326171875,10240.0,6834.0,472.12,NVIDIA GeForce RTX 3080,[N/A],Enabled,Enabled
1672415425.564953,0,GPU-a71d5fd4-b7db-93b7-1b7a-5a6e2a6a8c65,0.17,0.3326171875,10240.0,6834.0,472.12,NVIDIA GeForce RTX 3080,[N/A],Enabled,Enabled
1672415426.568302,0,GPU-a71d5fd4-b7db-93b7-1b7a-5a6e2a6a8c65,0.18,0.3326171875,10240.0,6834.0,472.12,NVIDIA GeForce RTX 3080,[N/A],Enabled,Enabled
1672415427.572272,0,GPU-a71d5fd4-b7db-93b7-1b7a-5a6e2a6a8c65,0.18,0.3326171875,10240.0,6834.0,472.12,NVIDIA GeForce RTX 3080,[N/A],Enabled,Enabled
1672415428.571586,0,GPU-a71d5fd4-b7db-93b7-1b7a-5a6e2a6a8c65,0.17,0.3326171875,10240.0,6834.0,472.12,NVIDIA GeForce RTX 3080,[N/A],Enabled,Enabled
1672415429.560206,0,GPU-a71d5fd4-b7db-93b7-1b7a-5a6e2a6a8c65,0.17,0.3326171875,10240.0,6834.0,472.12,NVIDIA GeForce RTX 3080,[N/A],Enabled,Enabled
1672415430.563232,0,GPU-a71d5fd4-b7db-93b7-1b7a-5a6e2a6a8c65,0.17,0.3326171875,10240.0,6834.0,472.12,NVIDIA GeForce RTX 3080,[N/A],Enabled,Enabled
1672415431.561284,0,GPU-a71d5fd4-b7db-93b7-1b7a-5a6e2a6a8c65,0.17,0.3326171875,10240.0,6834.0,472.12,NVIDIA GeForce RTX 3080,[N/A],Enabled,Enabled
1672415432.560553,0,GPU-a71d5fd4-b7db-93b7-1b7a-5a6e2a6a8c65,0.17,0.3326171875,10240.0,6834.0,472.12,NVIDIA GeForce RTX 3080,[N/A],Enabled,Enabled
1672415433.560476,0,GPU-a71d5fd4-b7db-93b7-1b7a-5a6e2a6a8c65,0.17,0.3326171875,10240.0,6834.0,472.12,NVIDIA GeForce RTX 3080,[N/A],Enabled,Enabled
1672415434.572907,0,GPU-a71d5fd4-b7db-93b7-1b7a-5a6e2a6a8c65,0.17,0.3326171875,10240.0,6834.0,472.12,NVIDIA GeForce RTX 3080,[N/A],Enabled,Enabled
1672415435.573184,0,GPU-a71d5fd4-b7db-93b7-1b7a-5a6e2a6a8c65,0.17,0.3326171875,10240.0,6834.0,472.12,NVIDIA GeForce RTX 3080,[N/A],Enabled,Enabled
1672415436.560272,0,GPU-a71d5fd4-b7db-93b7-1b7a-5a6e2a6a8c65,0.17,0.3326171875,10240.0,6834.0,472.12,NVIDIA GeForce RTX 3080,[N/A],Enabled,Enabled
1672415437.563483,0,GPU-a71d5fd4-b7db-93b7-1b7a-5a6e2a6a8c65,0.17,0.3326171875,10240.0,6834.0,472.12,NVIDIA GeForce RTX 3080,[N/A],Enabled,Enabled
1672415438.567514,0,GPU-a71d5fd4-b7db-93b7-1b7a-5a6e2a6a8c65,0.17,0.3326171875,10240.0,6834.0,472.12,NVIDIA GeForce RTX 3080,[N/A],Enabled,Enabled
1672415439.570182,0,GPU-a71d5fd4-b7db-93b7-1b7a-5a6e2a6a8c65,0.17,0.3326171875,10240.0,6834.0,472.12,NVIDIA GeForce RTX 3080,[N/A],Enabled,Enabled
1672415440.560413,0,GPU-a71d5fd4-b7db-93b7-1b7a-5a6e2a6a8c65,0.17,0.3326171875,10240.0,6834.0,472.12,NVIDIA GeForce RTX 3080,[N/A],Enabled,Enabled
1672415441.561288,0,GPU-a71d5fd4-b7db-93b7-1b7a-5a6e2a6a8c65,0.17,0.3326171875,10240.0,6834.0,472.12,NVIDIA GeForce RTX 3080,[N/A],Enabled,Enabled
1672415442.56353,0,GPU-a71d5fd4-b7db-93b7-1b7a-5a6e2a6a8c65,0.17,0.3326171875,10240.0,6834.0,472.12,NVIDIA GeForce RTX 3080,[N/A],Enabled,Enabled
1672415443.57027,0,GPU-a71d5fd4-b7db-93b7-1b7a-5a6e2a6a8c65,0.17,0.3326171875,10240.0,6834.0,472.12,NVIDIA GeForce RTX 3080,[N/A],Enabled,Enabled
1672415444.57462,0,GPU-a71d5fd4-b7db-93b7-1b7a-5a6e2a6a8c65,0.17,0.3326171875,10240.0,6834.0,472.12,NVIDIA GeForce RTX 3080,[N/A],Enabled,Enabled
1672415445.559604,0,GPU-a71d5fd4-b7db-93b7-1b7a-5a6e2a6a8c65,0.17,0.3326171875,10240.0,6834.0,472.12,NVIDIA GeForce RTX 3080,[N/A],Enabled,Enabled
1672415446.566507,0,GPU-a71d5fd4-b7db-93b7-1b7a-5a6e2a6a8c65,0.17,0.3326171875,10240.0,6834.0,472.12,NVIDIA GeForce RTX 3080,[N/A],Enabled,Enabled
1672415447.572582,0,GPU-a71d5fd4-b7db-93b7-1b7a-5a6e2a6a8c65,0.17,0.3326171875,10240.0,6834.0,472.12,NVIDIA GeForce RTX 3080,[N/A],Enabled,Enabled
1672415448.571547,0,GPU-a71d5fd4-b7db-93b7-1b7a-5a6e2a6a8c65,0.17,0.3326171875,10240.0,6834.0,472.12,NVIDIA GeForce RTX 3080,[N/A],Enabled,Enabled
1672415449.57331,0,GPU-a71d5fd4-b7db-93b7-1b7a-5a6e2a6a8c65,0.16,0.3326171875,10240.0,6834.0,472.12,NVIDIA GeForce RTX 3080,[N/A],Enabled,Enabled
1672415450.563264,0,GPU-a71d5fd4-b7db-93b7-1b7a-5a6e2a6a8c65,0.17,0.3326171875,10240.0,6834.0,472.12,NVIDIA GeForce RTX 3080,[N/A],Enabled,Enabled
1672415451.566372,0,GPU-a71d5fd4-b7db-93b7-1b7a-5a6e2a6a8c65,0.17,0.3326171875,10240.0,6834.0,472.12,NVIDIA GeForce RTX 3080,[N/A],Enabled,Enabled
1672415452.570194,0,GPU-a71d5fd4-b7db-93b7-1b7a-5a6e2a6a8c65,0.17,0.3326171875,10240.0,6834.0,472.12,NVIDIA GeForce RTX 3080,[N/A],Enabled,Enabled
1672415453.571426,0,GPU-a71d5fd4-b7db-93b7-1b7a-5a6e2a6a8c65,0.17,0.3326171875,10240.0,6834.0,472.12,NVIDIA GeForce RTX 3080,[N/A],Enabled,Enabled
1672415454.562541,0,GPU-a71d5fd4-b7db-93b7-1b7a-5a6e2a6a8c65,0.17,0.3326171875,10240.0,6834.0,472.12,NVIDIA GeForce RTX 3080,[N/A],Enabled,Enabled
1672415455.55961,0,GPU-a71d5fd4-b7db-93b7-1b7a-5a6e2a6a8c65,0.16,0.3326171875,10240.0,6834.0,472.12,NVIDIA GeForce RTX 3080,[N/A],Enabled,Enabled
1672415456.560427,0,GPU-a71d5fd4-b7db-93b7-1b7a-5a6e2a6a8c65,0.16,0.3326171875,10240.0,6834.0,472.12,NVIDIA GeForce RTX 3080,[N/A],Enabled,Enabled
1672415457.562635,0,GPU-a71d5fd4-b7db-93b7-1b7a-5a6e2a6a8c65,0.16,0.3326171875,10240.0,6834.0,472.12,NVIDIA GeForce RTX 3080,[N/A],Enabled,Enabled
1672415458.570589,0,GPU-a71d5fd4-b7db-93b7-1b7a-5a6e2a6a8c65,0.17,0.3326171875,10240.0,6834.0,472.12,NVIDIA GeForce RTX 3080,[N/A],Enabled,Enabled
1672415459.561398,0,GPU-a71d5fd4-b7db-93b7-1b7a-5a6e2a6a8c65,0.16,0.3326171875,10240.0,6834.0,472.12,NVIDIA GeForce RTX 3080,[N/A],Enabled,Enabled
1672415460.563515,0,GPU-a71d5fd4-b7db-93b7-1b7a-5a6e2a6a8c65,0.16,0.3326171875,10240.0,6834.0,472.12,NVIDIA GeForce RTX 3080,[N/A],Enabled,Enabled
1672415461.563638,0,GPU-a71d5fd4-b7db-93b7-1b7a-5a6e2a6a8c65,0.15,0.3326171875,10240.0,6834.0,472.12,NVIDIA GeForce RTX 3080,[N/A],Enabled,Enabled
1672415462.565504,0,GPU-a71d5fd4-b7db-93b7-1b7a-5a6e2a6a8c65,0.14,0.32548828125,10240.0,6907.0,472.12,NVIDIA GeForce RTX 3080,[N/A],Enabled,Enabled
1672415463.568187,0,GPU-a71d5fd4-b7db-93b7-1b7a-5a6e2a6a8c65,0.15,0.32548828125,10240.0,6907.0,472.12,NVIDIA GeForce RTX 3080,[N/A],Enabled,Enabled
1672415464.566356,0,GPU-a71d5fd4-b7db-93b7-1b7a-5a6e2a6a8c65,0.14,0.32548828125,10240.0,6907.0,472.12,NVIDIA GeForce RTX 3080,[N/A],Enabled,Enabled
1672415465.568332,0,GPU-a71d5fd4-b7db-93b7-1b7a-5a6e2a6a8c65,0.15,0.32548828125,10240.0,6907.0,472.12,NVIDIA GeForce RTX 3080,[N/A],Enabled,Enabled
1672415466.562325,0,GPU-a71d5fd4-b7db-93b7-1b7a-5a6e2a6a8c65,0.24,0.370703125,10240.0,6444.0,472.12,NVIDIA GeForce RTX 3080,[N/A],Enabled,Enabled
1672415467.56835,0,GPU-a71d5fd4-b7db-93b7-1b7a-5a6e2a6a8c65,0.24,0.370703125,10240.0,6444.0,472.12,NVIDIA GeForce RTX 3080,[N/A],Enabled,Enabled
1672415468.560331,0,GPU-a71d5fd4-b7db-93b7-1b7a-5a6e2a6a8c65,0.24,0.370703125,10240.0,6444.0,472.12,NVIDIA GeForce RTX 3080,[N/A],Enabled,Enabled
1672415469.568638,0,GPU-a71d5fd4-b7db-93b7-1b7a-5a6e2a6a8c65,0.23,0.36162109375,10240.0,6537.0,472.12,NVIDIA GeForce RTX 3080,[N/A],Enabled,Enabled
1672415470.571421,0,GPU-a71d5fd4-b7db-93b7-1b7a-5a6e2a6a8c65,0.18,0.2837890625,10240.0,7334.0,472.12,NVIDIA GeForce RTX 3080,[N/A],Enabled,Enabled
1672415471.559691,0,GPU-a71d5fd4-b7db-93b7-1b7a-5a6e2a6a8c65,0.16,0.28447265625,10240.0,7327.0,472.12,NVIDIA GeForce RTX 3080,[N/A],Enabled,Enabled
1672415472.572205,0,GPU-a71d5fd4-b7db-93b7-1b7a-5a6e2a6a8c65,0.14,0.28447265625,10240.0,7327.0,472.12,NVIDIA GeForce RTX 3080,[N/A],Enabled,Enabled
1672415473.560235,0,GPU-a71d5fd4-b7db-93b7-1b7a-5a6e2a6a8c65,0.13,0.28447265625,10240.0,7327.0,472.12,NVIDIA GeForce RTX 3080,[N/A],Enabled,Enabled
1672415474.565143,0,GPU-a71d5fd4-b7db-93b7-1b7a-5a6e2a6a8c65,0.0,0.28466796875,10240.0,7325.0,472.12,NVIDIA GeForce RTX 3080,[N/A],Enabled,Enabled
1672415475.570328,0,GPU-a71d5fd4-b7db-93b7-1b7a-5a6e2a6a8c65,0.0,0.2890625,10240.0,7280.0,472.12,NVIDIA GeForce RTX 3080,[N/A],Enabled,Enabled
1672415476.561345,0,GPU-a71d5fd4-b7db-93b7-1b7a-5a6e2a6a8c65,0.0,0.2890625,10240.0,7280.0,472.12,NVIDIA GeForce RTX 3080,[N/A],Enabled,Enabled
1672415477.56829,0,GPU-a71d5fd4-b7db-93b7-1b7a-5a6e2a6a8c65,0.0,0.37314453125,10240.0,6419.0,472.12,NVIDIA GeForce RTX 3080,[N/A],Enabled,Enabled
1672415478.56844,0,GPU-a71d5fd4-b7db-93b7-1b7a-5a6e2a6a8c65,0.0,0.2837890625,10240.0,7334.0,472.12,NVIDIA GeForce RTX 3080,[N/A],Enabled,Enabled
1672415479.566305,0,GPU-a71d5fd4-b7db-93b7-1b7a-5a6e2a6a8c65,0.0,0.2837890625,10240.0,7334.0,472.12,NVIDIA GeForce RTX 3080,[N/A],Enabled,Enabled
1672415480.563234,0,GPU-a71d5fd4-b7db-93b7-1b7a-5a6e2a6a8c65,0.0,0.2837890625,10240.0,7334.0,472.12,NVIDIA GeForce RTX 3080,[N/A],Enabled,Enabled
1672415481.561506,0,GPU-a71d5fd4-b7db-93b7-1b7a-5a6e2a6a8c65,0.0,0.2837890625,10240.0,7334.0,472.12,NVIDIA GeForce RTX 3080,[N/A],Enabled,Enabled
1672415482.5615,0,GPU-a71d5fd4-b7db-93b7-1b7a-5a6e2a6a8c65,0.0,0.2837890625,10240.0,7334.0,472.12,NVIDIA GeForce RTX 3080,[N/A],Enabled,Enabled
1672415483.563258,0,GPU-a71d5fd4-b7db-93b7-1b7a-5a6e2a6a8c65,0.0,0.2837890625,10240.0,7334.0,472.12,NVIDIA GeForce RTX 3080,[N/A],Enabled,Enabled
1672415484.562481,0,GPU-a71d5fd4-b7db-93b7-1b7a-5a6e2a6a8c65,0.0,0.2837890625,10240.0,7334.0,472.12,NVIDIA GeForce RTX 3080,[N/A],Enabled,Enabled
1672415485.560548,0,GPU-a71d5fd4-b7db-93b7-1b7a-5a6e2a6a8c65,0.0,0.2837890625,10240.0,7334.0,472.12,NVIDIA GeForce RTX 3080,[N/A],Enabled,Enabled
1672415486.55954,0,GPU-a71d5fd4-b7db-93b7-1b7a-5a6e2a6a8c65,0.0,0.2837890625,10240.0,7334.0,472.12,NVIDIA GeForce RTX 3080,[N/A],Enabled,Enabled
1672415487.56152,0,GPU-a71d5fd4-b7db-93b7-1b7a-5a6e2a6a8c65,0.0,0.2837890625,10240.0,7334.0,472.12,NVIDIA GeForce RTX 3080,[N/A],Enabled,Enabled
