1.87 5.50 5.66 1/2314 21929
1.87 5.50 5.66 1/2314 21942
1.80 5.43 5.64 1/2314 21955
1.80 5.43 5.64 1/2314 21968
1.80 5.43 5.64 3/2314 21981
1.80 5.43 5.64 2/2314 21994
1.80 5.43 5.64 1/2316 22009
1.73 5.36 5.61 2/2316 22022
1.73 5.36 5.61 1/2316 22035
1.73 5.36 5.61 1/2316 22048
1.73 5.36 5.61 1/2316 22061
1.73 5.36 5.61 14/2469 22291
2.87 5.53 5.67 6/2487 22371
2.87 5.53 5.67 25/2504 22476
2.87 5.53 5.67 7/2506 22515
2.87 5.53 5.67 10/2506 22529
2.87 5.53 5.67 3/2504 22548
3.29 5.57 5.68 7/2504 22563
3.29 5.57 5.68 3/2500 22576
3.29 5.57 5.68 6/2500 22589
3.29 5.57 5.68 5/2504 22617
3.29 5.57 5.68 1/2502 22636
4.14 5.71 5.72 2/2504 22656
4.14 5.71 5.72 5/2495 22671
4.14 5.71 5.72 1/2496 22685
4.14 5.71 5.72 4/2496 22698
4.14 5.71 5.72 3/2496 22714
4.61 5.79 5.75 4/2496 22728
4.61 5.79 5.75 4/2496 22741
4.61 5.79 5.75 9/2493 22761
4.61 5.79 5.75 1/2493 22774
4.61 5.79 5.75 2/2493 22788
4.80 5.81 5.75 4/2493 22804
4.80 5.81 5.75 2/2492 22879
4.98 5.83 5.76 4/2492 22900
4.98 5.83 5.76 11/2507 22947
4.98 5.83 5.76 4/2501 23005
4.98 5.83 5.76 12/2499 23019
4.98 5.83 5.76 4/2498 23034
5.14 5.85 5.77 11/2535 23099
5.14 5.85 5.77 6/2544 23144
5.14 5.85 5.77 5/2544 23159
5.14 5.85 5.77 3/2544 23172
5.14 5.85 5.77 1/2544 23185
5.45 5.90 5.79 4/2544 23200
5.45 5.90 5.79 3/2544 23213
5.45 5.90 5.79 4/2544 23230
5.45 5.90 5.79 3/2544 23249
5.45 5.90 5.79 1/2544 23262
5.50 5.90 5.79 6/2544 23275
5.50 5.90 5.79 2/2543 23291
5.50 5.90 5.79 2/2543 23304
5.50 5.90 5.79 5/2543 23317
5.50 5.90 5.79 3/2543 23332
5.70 5.93 5.80 5/2543 23345
5.70 5.93 5.80 1/2543 23358
5.70 5.93 5.80 13/2543 23373
5.70 5.93 5.80 2/2543 23386
5.70 5.93 5.80 2/2543 23399
6.20 6.04 5.83 5/2543 23414
6.20 6.04 5.83 6/2543 23429
6.20 6.04 5.83 2/2543 23442
6.20 6.04 5.83 2/2543 23457
6.20 6.04 5.83 2/2543 23470
6.27 6.05 5.84 2/2543 23483
6.27 6.05 5.84 5/2543 23502
6.27 6.05 5.84 1/2543 23515
6.27 6.05 5.84 2/2543 23528
6.27 6.05 5.84 6/2537 23544
6.48 6.10 5.86 1/2535 23557
6.48 6.10 5.86 1/2534 23570
6.48 6.10 5.86 4/2534 23586
6.48 6.10 5.86 2/2534 23599
6.48 6.10 5.86 4/2532 23612
6.69 6.15 5.87 2/2532 23628
6.69 6.15 5.87 5/2532 23641
6.69 6.15 5.87 4/2532 23654
6.69 6.15 5.87 8/2532 23669
6.69 6.15 5.87 4/2532 23682
6.79 6.18 5.89 1/2532 23695
6.79 6.18 5.89 2/2532 23710
6.79 6.18 5.89 3/2532 23724
6.79 6.18 5.89 4/2532 23737
6.79 6.18 5.89 3/2532 23752
6.73 6.18 5.89 3/2532 23765
6.73 6.18 5.89 1/2532 23778
6.73 6.18 5.89 2/2531 23793
6.73 6.18 5.89 2/2531 23806
6.73 6.18 5.89 3/2531 23819
6.99 6.24 5.91 4/2531 23834
6.99 6.24 5.91 2/2531 23847
6.99 6.24 5.91 6/2531 23861
6.99 6.24 5.91 3/2531 23877
6.99 6.24 5.91 7/2531 23890
7.23 6.30 5.93 22/2530 23915
7.23 6.30 5.93 10/2536 23938
7.23 6.30 5.93 4/2536 23951
7.23 6.30 5.93 9/2534 23965
7.23 6.30 5.93 14/2536 23990
7.29 6.33 5.94 10/2536 24003
7.29 6.33 5.94 4/2530 24016
7.29 6.33 5.94 4/2530 24031
7.29 6.33 5.94 6/2529 24045
7.29 6.33 5.94 4/2529 24058
7.27 6.34 5.95 5/2529 24073
7.27 6.34 5.95 3/2528 24086
7.27 6.34 5.95 4/2528 24099
7.27 6.34 5.95 6/2528 24114
7.27 6.34 5.95 9/2528 24129
7.41 6.39 5.96 5/2528 24146
7.41 6.39 5.96 4/2527 24164
7.41 6.39 5.96 2/2527 24177
7.41 6.39 5.96 5/2527 24191
7.41 6.39 5.96 11/2527 24206
7.38 6.40 5.97 6/2527 24219
7.38 6.40 5.97 2/2527 24232
7.38 6.40 5.97 4/2527 24247
7.38 6.40 5.97 3/2527 24260
7.38 6.40 5.97 2/2527 24273
7.59 6.46 5.99 6/2527 24288
7.59 6.46 5.99 1/2527 24301
7.59 6.46 5.99 1/2527 24314
7.59 6.46 5.99 7/2527 24329
7.59 6.46 5.99 1/2527 24345
7.78 6.52 6.01 3/2527 24360
7.78 6.52 6.01 1/2527 24375
7.78 6.52 6.01 3/2528 24389
7.78 6.52 6.01 1/2528 24402
7.78 6.52 6.01 2/2528 24417
7.72 6.52 6.02 1/2528 24430
7.72 6.52 6.02 9/2528 24443
7.72 6.52 6.02 8/2528 24459
7.72 6.52 6.02 1/2525 24472
7.72 6.52 6.02 8/2525 24486
7.98 6.60 6.05 7/2525 24501
7.98 6.60 6.05 3/2525 24514
7.98 6.60 6.05 6/2526 24528
7.98 6.60 6.05 3/2526 24543
7.98 6.60 6.05 6/2526 24556
8.22 6.67 6.07 2/2526 24570
8.22 6.67 6.07 3/2526 24585
8.22 6.67 6.07 6/2526 24598
8.22 6.67 6.07 3/2525 24611
8.22 6.67 6.07 2/2525 24626
8.36 6.73 6.10 2/2525 24640
8.36 6.73 6.10 8/2525 24653
8.36 6.73 6.10 2/2525 24668
8.36 6.73 6.10 1/2525 24681
8.36 6.73 6.10 4/2525 24698
8.58 6.80 6.12 12/2525 24713
8.58 6.80 6.12 7/2525 24727
8.58 6.80 6.12 2/2525 24745
8.58 6.80 6.12 5/2525 24760
8.58 6.80 6.12 2/2525 24773
8.45 6.80 6.13 1/2525 24787
8.45 6.80 6.13 4/2525 24803
8.45 6.80 6.13 4/2525 24816
8.45 6.80 6.13 5/2525 24829
8.45 6.80 6.13 3/2519 24844
8.57 6.86 6.15 2/2519 24858
8.57 6.86 6.15 6/2519 24871
8.57 6.86 6.15 14/2519 24888
8.57 6.86 6.15 9/2518 24901
8.57 6.86 6.15 4/2517 24914
8.37 6.84 6.15 10/2518 24929
8.37 6.84 6.15 8/2517 24943
8.37 6.84 6.15 4/2517 24956
8.37 6.84 6.15 3/2517 24971
8.37 6.84 6.15 9/2517 24984
8.26 6.84 6.15 3/2517 24997
8.26 6.84 6.15 8/2517 25012
8.26 6.84 6.15 5/2517 25025
8.26 6.84 6.15 5/2517 25038
8.26 6.84 6.15 2/2517 25053
8.24 6.86 6.16 4/2517 25066
8.24 6.86 6.16 3/2517 25080
8.24 6.86 6.16 3/2517 25095
8.24 6.86 6.16 5/2517 25108
8.24 6.86 6.16 3/2517 25121
8.06 6.85 6.16 3/2517 25136
8.06 6.85 6.16 13/2517 25149
8.06 6.85 6.16 7/2517 25162
8.06 6.85 6.16 4/2516 25177
8.06 6.85 6.16 2/2516 25190
8.85 7.04 6.22 3/2516 25203
8.85 7.04 6.22 9/2516 25219
8.85 7.04 6.22 9/2516 25232
8.85 7.04 6.22 2/2516 25245
8.85 7.04 6.22 4/2516 25260
9.03 7.10 6.25 8/2516 25273
9.03 7.10 6.25 5/2516 25286
9.03 7.10 6.25 2/2516 25301
9.03 7.10 6.25 2/2518 25316
9.03 7.10 6.25 8/2518 25329
8.86 7.10 6.25 8/2519 25344
8.86 7.10 6.25 2/2518 25357
8.86 7.10 6.25 1/2518 25371
8.86 7.10 6.25 5/2519 25386
8.86 7.10 6.25 7/2518 25399
8.63 7.08 6.25 1/2518 25412
8.63 7.08 6.25 3/2518 25427
8.63 7.08 6.25 4/2518 25440
8.63 7.08 6.25 3/2518 25453
8.63 7.08 6.25 2/2518 25469
8.74 7.13 6.27 5/2518 25482
8.74 7.13 6.27 2/2518 25495
8.74 7.13 6.27 1/2518 25511
8.74 7.13 6.27 3/2518 25524
8.74 7.13 6.27 4/2518 25537
8.52 7.11 6.27 2/2518 25552
8.52 7.11 6.27 4/2518 25565
8.52 7.11 6.27 4/2518 25578
8.52 7.11 6.27 5/2518 25593
8.52 7.11 6.27 1/2518 25606
8.72 7.18 6.30 1/2518 25620
8.72 7.18 6.30 3/2518 25635
8.72 7.18 6.30 7/2518 25648
8.72 7.18 6.30 8/2519 25663
8.72 7.18 6.30 5/2519 25678
9.07 7.27 6.33 2/2519 25691
9.07 7.27 6.33 2/2519 25704
9.07 7.27 6.33 2/2519 25719
9.07 7.27 6.33 9/2519 25732
9.07 7.27 6.33 5/2519 25745
9.14 7.32 6.35 5/2519 25760
9.14 7.32 6.35 1/2519 25773
9.14 7.32 6.35 3/2519 25786
9.14 7.32 6.35 12/2520 25802
9.14 7.32 6.35 6/2519 25815
8.89 7.30 6.35 7/2519 25828
8.89 7.30 6.35 4/2519 25843
8.89 7.30 6.35 4/2519 25856
8.89 7.30 6.35 3/2519 25869
8.89 7.30 6.35 1/2519 25885
8.90 7.32 6.37 3/2519 25898
8.90 7.32 6.37 2/2519 25911
8.90 7.32 6.37 4/2519 25926
8.90 7.32 6.37 4/2519 25939
8.90 7.32 6.37 3/2519 25953
9.15 7.40 6.40 6/2519 25968
9.15 7.40 6.40 6/2519 25981
9.15 7.40 6.40 7/2519 25994
9.15 7.40 6.40 12/2519 26009
9.15 7.40 6.40 7/2519 26022
9.21 7.45 6.42 4/2519 26035
9.21 7.45 6.42 4/2519 26050
9.21 7.45 6.42 9/2519 26063
9.21 7.45 6.42 7/2519 26076
9.21 7.45 6.42 9/2520 26092
9.21 7.45 6.42 2/2524 26111
9.04 7.44 6.42 4/2524 26124
9.04 7.44 6.42 1/2524 26139
9.04 7.44 6.42 1/2524 26152
9.04 7.44 6.42 9/2524 26165
9.04 7.44 6.42 2/2524 26180
8.95 7.45 6.43 4/2524 26193
8.95 7.45 6.43 1/2524 26206
8.95 7.45 6.43 7/2525 26221
8.95 7.45 6.43 10/2525 26235
8.95 7.45 6.43 9/2524 26248
9.20 7.52 6.46 4/2525 26263
9.20 7.52 6.46 6/2524 26276
9.20 7.52 6.46 3/2524 26289
9.20 7.52 6.46 6/2524 26304
9.20 7.52 6.46 3/2524 26317
9.02 7.51 6.46 1/2524 26330
9.02 7.51 6.46 11/2524 26345
9.02 7.51 6.46 6/2524 26358
9.02 7.51 6.46 2/2524 26371
9.02 7.51 6.46 4/2524 26387
8.78 7.49 6.46 4/2524 26400
8.78 7.49 6.46 5/2524 26413
8.78 7.49 6.46 4/2524 26428
8.78 7.49 6.46 2/2524 26441
8.78 7.49 6.46 13/2524 26454
8.72 7.50 6.47 1/2524 26469
8.72 7.50 6.47 4/2524 26482
8.72 7.50 6.47 3/2524 26495
8.72 7.50 6.47 3/2524 26510
8.72 7.50 6.47 2/2524 26524
8.58 7.49 6.47 7/2524 26537
8.58 7.49 6.47 3/2524 26552
8.58 7.49 6.47 5/2524 26565
8.58 7.49 6.47 11/2524 26578
8.58 7.49 6.47 1/2524 26593
8.69 7.53 6.49 4/2524 26606
8.69 7.53 6.49 7/2524 26619
8.69 7.53 6.49 6/2524 26634
8.69 7.53 6.49 3/2524 26647
8.69 7.53 6.49 14/2524 26660
8.96 7.61 6.52 10/2525 26676
8.96 7.61 6.52 6/2524 26689
8.96 7.61 6.52 3/2524 26702
8.96 7.61 6.52 2/2524 26717
8.96 7.61 6.52 3/2524 26732
8.88 7.61 6.53 6/2524 26745
8.88 7.61 6.53 3/2524 26760
8.88 7.61 6.53 5/2524 26773
8.88 7.61 6.53 4/2524 26786
8.88 7.61 6.53 3/2524 26801
9.45 7.75 6.58 5/2524 26815
9.45 7.75 6.58 3/2524 26828
9.45 7.75 6.58 5/2524 26843
9.45 7.75 6.58 1/2524 26856
9.45 7.75 6.58 1/2524 26869
9.33 7.76 6.59 3/2524 26884
9.33 7.76 6.59 5/2524 26897
9.33 7.76 6.59 1/2524 26910
9.33 7.76 6.59 4/2524 26925
9.33 7.76 6.59 1/2520 26938
9.31 7.78 6.60 1/2520 26951
9.31 7.78 6.60 2/2519 26967
9.31 7.78 6.60 1/2519 26980
9.31 7.78 6.60 1/2519 26993
9.31 7.78 6.60 3/2518 27008
9.20 7.78 6.61 5/2518 27021
9.20 7.78 6.61 13/2518 27034
9.20 7.78 6.61 6/2518 27049
9.20 7.78 6.61 6/2518 27062
9.20 7.78 6.61 2/2518 27075
8.95 7.75 6.60 9/2519 27091
8.95 7.75 6.60 10/2517 27107
8.95 7.75 6.60 2/2517 27121
8.95 7.75 6.60 3/2517 27137
8.95 7.75 6.60 2/2517 27150
8.87 7.76 6.61 4/2517 27163
8.87 7.76 6.61 4/2517 27178
8.87 7.76 6.61 13/2517 27191
8.87 7.76 6.61 8/2517 27204
8.87 7.76 6.61 4/2517 27219
8.96 7.79 6.63 7/2517 27234
8.96 7.79 6.63 5/2516 27250
8.96 7.79 6.63 6/2516 27266
8.96 7.79 6.63 2/2516 27279
8.96 7.79 6.63 4/2516 27293
9.52 7.93 6.68 4/2516 27308
9.52 7.93 6.68 1/2516 27321
9.52 7.93 6.68 7/2516 27335
9.52 7.93 6.68 5/2516 27350
9.52 7.93 6.68 7/2516 27363
9.80 8.01 6.72 1/2512 27376
9.80 8.01 6.72 2/2512 27393
9.80 8.01 6.72 1/2512 27407
9.80 8.01 6.72 1/2512 27420
9.80 8.01 6.72 9/2512 27435
9.58 8.00 6.72 5/2512 27448
9.58 8.00 6.72 5/2512 27461
9.58 8.00 6.72 1/2512 27487
9.58 8.00 6.72 3/2512 27501
9.58 8.00 6.72 3/2512 27514
10.09 8.13 6.77 10/2513 27529
10.09 8.13 6.77 11/2512 27542
10.09 8.13 6.77 2/2512 27555
10.09 8.13 6.77 7/2513 27571
10.09 8.13 6.77 9/2512 27584
10.41 8.23 6.81 9/2512 27597
10.41 8.23 6.81 4/2512 27612
10.41 8.23 6.81 2/2512 27625
10.41 8.23 6.81 4/2512 27638
10.41 8.23 6.81 9/2514 27653
10.77 8.34 6.85 17/2526 27692
10.77 8.34 6.85 8/2526 27705
10.77 8.34 6.85 8/2528 27721
10.77 8.34 6.85 3/2528 27736
10.77 8.34 6.85 5/2528 27750
10.63 8.35 6.86 5/2528 27767
10.63 8.35 6.86 13/2528 27781
10.63 8.35 6.86 3/2528 27794
10.63 8.35 6.86 3/2527 27808
10.63 8.35 6.86 6/2527 27827
10.82 8.43 6.90 3/2527 27840
10.82 8.43 6.90 6/2528 27856
