--------- beginning of main
--------- beginning of system
--------- beginning of tracking
12-30 16:42:18.016  3134 21355 I VrApi   : FPS=46/90,Prd=29ms,Tear=0,Early=0,Stale=4,VSnc=0,Lat=-1,Fov=0,CPU4/GPU=2/3,2419/490MHz,OC=FF,TA=0/70/0,SP=N/F/N,Mem=2092MHz,Free=7582MB,PLS=0,Temp=19.5C/0.0C,TW=1.13ms,App=0.95ms,GD=0.00ms,CPU&GPU=0.00ms,LCnt=1(DR61,LM0),GPU%=0.21,CPU%=0.28(W0.30),DSF=1.00,CFL=15.27/24.59
12-30 16:42:18.689 17189 17220 I VrApi   : ------------ vrapi_DestroySystemVulkan -----------
12-30 16:42:18.690 17189 17220 I VrApi   : ------------ vrapi_Shutdown [start] -----------
12-30 16:42:18.690 17189 17220 W VrApi   : IsOvrValid: ovr == nullptr. Package: com.oculus.xrstreamingclient
12-30 16:42:18.709 17189 17220 I VrApi   : ------------ vrapi_Shutdown [end] -----------
12-30 16:42:19.001  3134 21355 I VrApi   : FPS=85/90,Prd=26ms,Tear=0,Early=0,Stale=7,VSnc=0,Lat=-1,Fov=0,CPU4/GPU=2/3,2419/490MHz,OC=FF,TA=0/70/0,SP=N/F/N,Mem=2092MHz,Free=7582MB,PLS=0,Temp=19.5C/0.0C,TW=1.99ms,App=4.93ms,GD=0.34ms,CPU&GPU=8.42ms,LCnt=3(DR57,LM2),GPU%=0.74,CPU%=0.36(W0.41),DSF=1.00,CFL=17.11/20.50
12-30 16:42:20.002  3134 21355 I VrApi   : FPS=90/90,Prd=29ms,Tear=0,Early=0,Stale=0,VSnc=0,Lat=-1,Fov=0,CPU4/GPU=2/3,2419/490MHz,OC=FF,TA=0/70/0,SP=N/F/N,Mem=2092MHz,Free=7582MB,PLS=0,Temp=19.5C/0.0C,TW=2.01ms,App=4.83ms,GD=0.19ms,CPU&GPU=8.22ms,LCnt=3(DR0,LM2),GPU%=0.66,CPU%=0.21(W0.27),DSF=1.00,CFL=17.24/20.79
12-30 16:42:21.002  3134 21355 I VrApi   : FPS=90/90,Prd=27ms,Tear=0,Early=0,Stale=0,VSnc=0,Lat=-1,Fov=0,CPU4/GPU=2/3,2419/490MHz,OC=FF,TA=0/70/0,SP=N/F/N,Mem=2092MHz,Free=7582MB,PLS=0,Temp=19.5C/0.0C,TW=0.88ms,App=4.45ms,GD=0.00ms,CPU&GPU=6.00ms,LCnt=1(DR48,LM0),GPU%=0.51,CPU%=0.24(W0.27),DSF=1.00,CFL=17.08/21.27
12-30 16:42:22.002  3134 21355 I VrApi   : FPS=90/90,Prd=26ms,Tear=0,Early=0,Stale=0,VSnc=0,Lat=-1,Fov=0,CPU4/GPU=2/3,1171/490MHz,OC=FF,TA=0/70/0,SP=N/F/N,Mem=2092MHz,Free=7582MB,PLS=0,Temp=19.5C/0.0C,TW=1.76ms,App=2.83ms,GD=0.00ms,CPU&GPU=6.13ms,LCnt=2(DR40,LM0),GPU%=0.40,CPU%=0.13(W0.19),DSF=1.00,CFL=17.04/20.64
12-30 16:42:23.002  3134 21355 I VrApi   : FPS=90/90,Prd=23ms,Tear=0,Early=0,Stale=0,VSnc=0,Lat=-1,Fov=0,CPU4/GPU=2/3,1171/490MHz,OC=FF,TA=0/70/0,SP=N/F/N,Mem=2092MHz,Free=7582MB,PLS=0,Temp=19.5C/0.0C,TW=1.76ms,App=2.25ms,GD=0.00ms,CPU&GPU=2.88ms,LCnt=2(DR0,LM0),GPU%=0.38,CPU%=0.19(W0.22),DSF=1.00,CFL=17.02/21.16
12-30 16:42:24.002  3134 21355 I VrApi   : FPS=90/90,Prd=22ms,Tear=0,Early=0,Stale=0,VSnc=0,Lat=-1,Fov=0,CPU4/GPU=2/3,1171/490MHz,OC=FF,TA=0/70/0,SP=N/F/N,Mem=2092MHz,Free=7582MB,PLS=0,Temp=19.5C/0.0C,TW=1.77ms,App=1.81ms,GD=0.00ms,CPU&GPU=2.64ms,LCnt=2(DR0,LM0),GPU%=0.35,CPU%=0.15(W0.20),DSF=1.00,CFL=17.05/20.55
12-30 16:42:25.003  3134 21355 I VrApi   : FPS=90/90,Prd=22ms,Tear=0,Early=0,Stale=0,VSnc=0,Lat=-1,Fov=0,CPU4/GPU=2/3,1171/490MHz,OC=FF,TA=0/70/0,SP=N/F/N,Mem=1555MHz,Free=7582MB,PLS=0,Temp=19.5C/0.0C,TW=2.07ms,App=1.15ms,GD=0.00ms,CPU&GPU=1.98ms,LCnt=3(DR0,LM2),GPU%=0.43,CPU%=0.11(W0.18),DSF=1.00,CFL=16.99/21.09
12-30 16:42:26.003  3134 21355 I VrApi   : FPS=90/90,Prd=21ms,Tear=0,Early=0,Stale=0,VSnc=0,Lat=-1,Fov=0,CPU4/GPU=2/3,1171/490MHz,OC=FF,TA=0/70/0,SP=N/F/N,Mem=1555MHz,Free=7582MB,PLS=0,Temp=19.5C/0.0C,TW=2.26ms,App=1.11ms,GD=0.00ms,CPU&GPU=1.91ms,LCnt=3(DR0,LM2),GPU%=0.45,CPU%=0.10(W0.15),DSF=1.00,CFL=16.99/20.43
12-30 16:42:27.003  3134 21355 I VrApi   : FPS=90/90,Prd=21ms,Tear=0,Early=0,Stale=0,VSnc=0,Lat=-1,Fov=0,CPU4/GPU=2/3,1171/490MHz,OC=FF,TA=0/70/0,SP=N/F/N,Mem=1804MHz,Free=7582MB,PLS=0,Temp=19.5C/0.0C,TW=2.23ms,App=1.11ms,GD=0.00ms,CPU&GPU=1.86ms,LCnt=3(DR0,LM2),GPU%=0.45,CPU%=0.13(W0.19),DSF=1.00,CFL=16.97/20.64
12-30 16:42:28.004  3134 21355 I VrApi   : FPS=90/90,Prd=21ms,Tear=0,Early=0,Stale=0,VSnc=0,Lat=-1,Fov=0,CPU4/GPU=2/3,1171/490MHz,OC=FF,TA=0/70/0,SP=N/F/N,Mem=2092MHz,Free=7582MB,PLS=0,Temp=19.5C/0.0C,TW=2.24ms,App=1.12ms,GD=0.00ms,CPU&GPU=1.91ms,LCnt=3(DR0,LM2),GPU%=0.46,CPU%=0.05(W0.11),DSF=1.00,CFL=16.99/20.23
12-30 16:42:29.002  3134 21355 I VrApi   : FPS=90/90,Prd=21ms,Tear=0,Early=0,Stale=0,VSnc=0,Lat=-1,Fov=0,CPU4/GPU=2/3,1171/490MHz,OC=FF,TA=0/70/0,SP=N/F/N,Mem=2092MHz,Free=7582MB,PLS=0,Temp=19.5C/0.0C,TW=2.23ms,App=1.12ms,GD=0.00ms,CPU&GPU=1.95ms,LCnt=3(DR0,LM2),GPU%=0.46,CPU%=0.12(W0.16),DSF=1.00,CFL=17.06/20.50
12-30 16:42:30.003  3134 21355 I VrApi   : FPS=90/90,Prd=21ms,Tear=0,Early=0,Stale=0,VSnc=0,Lat=-1,Fov=0,CPU4/GPU=2/3,1171/490MHz,OC=FF,TA=0/70/0,SP=N/F/N,Mem=2092MHz,Free=7582MB,PLS=0,Temp=19.5C/0.0C,TW=2.24ms,App=1.11ms,GD=0.00ms,CPU&GPU=1.90ms,LCnt=3(DR0,LM2),GPU%=0.47,CPU%=0.10(W0.11),DSF=1.00,CFL=17.12/20.83
12-30 16:42:31.004  3134 21355 I VrApi   : FPS=90/90,Prd=21ms,Tear=0,Early=0,Stale=0,VSnc=0,Lat=-1,Fov=0,CPU4/GPU=2/3,1171/490MHz,OC=FF,TA=0/70/0,SP=N/F/N,Mem=2092MHz,Free=7582MB,PLS=0,Temp=19.5C/0.0C,TW=2.24ms,App=1.11ms,GD=0.00ms,CPU&GPU=1.88ms,LCnt=3(DR0,LM2),GPU%=0.45,CPU%=0.16(W0.19),DSF=1.00,CFL=17.12/20.67
12-30 16:42:32.003  3134 21355 I VrApi   : FPS=90/90,Prd=21ms,Tear=0,Early=0,Stale=0,VSnc=0,Lat=-1,Fov=0,CPU4/GPU=2/3,1171/490MHz,OC=FF,TA=0/70/0,SP=N/F/N,Mem=2092MHz,Free=7582MB,PLS=0,Temp=19.5C/0.0C,TW=2.24ms,App=1.12ms,GD=0.00ms,CPU&GPU=2.85ms,LCnt=3(DR0,LM2),GPU%=0.45,CPU%=0.13(W0.15),DSF=1.00,CFL=16.93/20.57
12-30 16:42:33.004  3134 21355 I VrApi   : FPS=90/90,Prd=22ms,Tear=0,Early=0,Stale=0,VSnc=0,Lat=-1,Fov=0,CPU4/GPU=2/3,1171/490MHz,OC=FF,TA=0/70/0,SP=N/F/N,Mem=2092MHz,Free=7582MB,PLS=0,Temp=19.5C/0.0C,TW=2.24ms,App=1.12ms,GD=0.00ms,CPU&GPU=2.84ms,LCnt=3(DR0,LM2),GPU%=0.45,CPU%=0.10(W0.11),DSF=1.00,CFL=16.91/20.37
12-30 16:42:34.003  3134 21355 I VrApi   : FPS=90/90,Prd=22ms,Tear=0,Early=0,Stale=0,VSnc=0,Lat=-1,Fov=0,CPU4/GPU=2/3,1171/490MHz,OC=FF,TA=0/70/0,SP=N/F/N,Mem=2092MHz,Free=7582MB,PLS=0,Temp=19.5C/0.0C,TW=2.27ms,App=1.18ms,GD=0.00ms,CPU&GPU=3.45ms,LCnt=3(DR0,LM2),GPU%=0.46,CPU%=0.13(W0.19),DSF=1.00,CFL=17.03/20.87
12-30 16:42:35.003  3134 21355 I VrApi   : FPS=90/90,Prd=22ms,Tear=0,Early=0,Stale=0,VSnc=0,Lat=-1,Fov=0,CPU4/GPU=2/3,1171/490MHz,OC=FF,TA=0/70/0,SP=N/F/N,Mem=2092MHz,Free=7582MB,PLS=0,Temp=19.5C/0.0C,TW=2.26ms,App=1.20ms,GD=0.00ms,CPU&GPU=3.39ms,LCnt=3(DR0,LM2),GPU%=0.46,CPU%=0.10(W0.15),DSF=1.00,CFL=17.05/20.76
12-30 16:42:35.341  3134  3166 D VrApi   : targetSDKVersion 29
12-30 16:42:35.362  3134 21355 I VrApi   : FPS=90/90,Prd=22ms,Tear=0,Early=0,Stale=0,VSnc=0,Lat=-1,Fov=0,CPU4/GPU=2/3,1171/490MHz,OC=FF,TA=0/F/0,SP=N/F/N,Mem=2092MHz,Free=7582MB,PLS=0,Temp=19.5C/0.0C,TW=2.24ms,App=1.20ms,GD=0.00ms,CPU&GPU=3.41ms,LCnt=3(DR0,LM2),GPU%=0.46,CPU%=0.10(W0.19),DSF=1.00,CFL=16.92/20.64
12-30 16:42:35.364  3134  3166 I VrApi   : OVR::Stats thread stopped
12-30 16:42:35.430  3167  3283 D VrApi   : targetSDKVersion 29
12-30 16:42:35.456  3167  3283 I VrApi   : OVR::Stats thread stopped
12-30 16:45:22.819  3134  3166 D VrApi   : targetSDKVersion 29
12-30 16:45:22.824  3167  3283 D VrApi   : targetSDKVersion 29
12-30 16:45:23.231  3167  3283 I VrApi   : OVR::Stats thread started
12-30 16:45:23.232  3134  3166 I VrApi   : OVR::Stats thread started
12-30 16:45:23.233  3167 22230 D VrApi   : targetSDKVersion 29
12-30 16:45:23.234  3134 22232 D VrApi   : targetSDKVersion 29
12-30 16:45:25.013  3134 22232 I VrApi   : FPS=50/90,Prd=22ms,Tear=0,Early=0,Stale=1,VSnc=0,Lat=-1,Fov=0,CPU4/GPU=3/3,2419/490MHz,OC=FF,TA=0/70/0,SP=N/F/N,Mem=2092MHz,Free=8622MB,PLS=0,Temp=19.0C/0.0C,TW=2.02ms,App=3.37ms,GD=0.00ms,CPU&GPU=0.00ms,LCnt=1(DR0,LM0),GPU%=0.59,CPU%=0.17(W0.21),DSF=1.00,CFL=-1000.00/-1000.00
12-30 16:45:26.005  3134 22232 I VrApi   : FPS=79/90,Prd=26ms,Tear=0,Early=0,Stale=14,VSnc=0,Lat=-1,Fov=0,CPU4/GPU=3/3,2419/490MHz,OC=FF,TA=0/70/0,SP=N/F/N,Mem=2092MHz,Free=8622MB,PLS=0,Temp=19.0C/0.0C,TW=2.49ms,App=4.63ms,GD=0.00ms,CPU&GPU=6.96ms,LCnt=3(DR0,LM2),GPU%=0.67,CPU%=0.12(W0.16),DSF=1.00,CFL=17.38/27.97
12-30 16:45:27.003  3134 22232 I VrApi   : FPS=91/90,Prd=36ms,Tear=0,Early=80,Stale=0,VSnc=0,Lat=-1,Fov=0,CPU4/GPU=3/3,2419/490MHz,OC=FF,TA=0/70/0,SP=N/F/N,Mem=2092MHz,Free=8622MB,PLS=0,Temp=19.0C/0.0C,TW=2.78ms,App=1.07ms,GD=0.21ms,CPU&GPU=8.14ms,LCnt=4(DR0,LM2),GPU%=0.48,CPU%=0.31(W0.36),DSF=1.00,CFL=17.31/21.10
12-30 16:45:28.005  3134 22232 I VrApi   : FPS=61/90,Prd=30ms,Tear=0,Early=16,Stale=29,VSnc=0,Lat=-1,Fov=0,CPU4/GPU=3/3,2419/490MHz,OC=FF,TA=0/70/0,SP=N/F/N,Mem=2092MHz,Free=8622MB,PLS=0,Temp=19.0C/0.0C,TW=1.97ms,App=0.01ms,GD=0.26ms,CPU&GPU=5.17ms,LCnt=6(DR13,LM4),GPU%=0.37,CPU%=0.18(W0.24),DSF=1.00,CFL=17.18/20.96
12-30 16:45:29.002  3134 22232 I VrApi   : FPS=90/90,Prd=33ms,Tear=0,Early=56,Stale=1,VSnc=0,Lat=-1,Fov=0,CPU4/GPU=3/3,2419/490MHz,OC=FF,TA=0/70/0,SP=N/F/N,Mem=2092MHz,Free=8622MB,PLS=0,Temp=19.0C/0.0C,TW=3.16ms,App=1.53ms,GD=0.21ms,CPU&GPU=0.42ms,LCnt=4(DR0,LM2),GPU%=0.58,CPU%=0.12(W0.15),DSF=1.00,CFL=17.42/21.36
12-30 16:45:30.003  3134 22232 I VrApi   : FPS=89/90,Prd=33ms,Tear=0,Early=43,Stale=0,VSnc=0,Lat=-1,Fov=0,CPU4/GPU=2/3,2419/490MHz,OC=FF,TA=0/70/0,SP=N/F/N,Mem=2092MHz,Free=8622MB,PLS=0,Temp=19.0C/0.0C,TW=3.16ms,App=1.84ms,GD=0.39ms,CPU&GPU=5.39ms,LCnt=5(DR0,LM2),GPU%=0.62,CPU%=0.16(W0.19),DSF=1.00,CFL=17.46/20.88
12-30 16:45:31.003  3134 22232 I VrApi   : FPS=90/90,Prd=29ms,Tear=0,Early=0,Stale=0,VSnc=0,Lat=-1,Fov=0,CPU4/GPU=2/3,1171/490MHz,OC=FF,TA=0/70/0,SP=N/F/N,Mem=2092MHz,Free=8622MB,PLS=0,Temp=19.0C/0.0C,TW=3.15ms,App=1.66ms,GD=0.14ms,CPU&GPU=6.11ms,LCnt=5(DR0,LM2),GPU%=0.61,CPU%=0.16(W0.20),DSF=1.00,CFL=17.39/20.80
12-30 16:45:32.006  3134 22232 I VrApi   : FPS=89/90,Prd=28ms,Tear=0,Early=0,Stale=1,VSnc=0,Lat=-1,Fov=0,CPU4/GPU=2/3,1171/490MHz,OC=FF,TA=0/70/0,SP=N/F/N,Mem=2092MHz,Free=8622MB,PLS=0,Temp=19.0C/0.0C,TW=3.28ms,App=1.73ms,GD=0.71ms,CPU&GPU=6.18ms,LCnt=5(DR0,LM2),GPU%=0.65,CPU%=0.27(W0.27),DSF=1.00,CFL=17.32/21.36
12-30 16:45:33.002  3134 22232 I VrApi   : FPS=90/90,Prd=28ms,Tear=0,Early=0,Stale=0,VSnc=0,Lat=-1,Fov=0,CPU4/GPU=2/3,1171/490MHz,OC=FF,TA=0/70/0,SP=N/F/N,Mem=2092MHz,Free=8622MB,PLS=0,Temp=19.5C/0.0C,TW=2.52ms,App=4.24ms,GD=0.42ms,CPU&GPU=6.93ms,LCnt=5(DR0,LM2),GPU%=0.74,CPU%=0.26(W0.30),DSF=1.00,CFL=17.43/20.62
12-30 16:45:34.003  3134 22232 I VrApi   : FPS=89/90,Prd=29ms,Tear=0,Early=0,Stale=1,VSnc=0,Lat=-1,Fov=0,CPU4/GPU=2/3,1171/490MHz,OC=FF,TA=0/70/0,SP=N/F/N,Mem=2092MHz,Free=8622MB,PLS=0,Temp=19.5C/0.0C,TW=1.97ms,App=4.57ms,GD=0.45ms,CPU&GPU=8.06ms,LCnt=3(DR0,LM2),GPU%=0.66,CPU%=0.21(W0.26),DSF=1.00,CFL=16.69/21.65
12-30 16:45:35.004  3134 22232 I VrApi   : FPS=90/90,Prd=30ms,Tear=0,Early=0,Stale=0,VSnc=0,Lat=-1,Fov=0,CPU4/GPU=2/3,1171/490MHz,OC=FF,TA=0/70/0,SP=N/F/N,Mem=2092MHz,Free=8622MB,PLS=0,Temp=19.5C/0.0C,TW=1.61ms,App=4.83ms,GD=0.36ms,CPU&GPU=8.01ms,LCnt=3(DR25,LM3),GPU%=0.75,CPU%=0.21(W0.33),DSF=1.00,CFL=17.41/20.88
12-30 16:45:36.003  3134 22232 I VrApi   : FPS=90/90,Prd=29ms,Tear=0,Early=0,Stale=0,VSnc=0,Lat=-1,Fov=0,CPU4/GPU=2/3,1171/490MHz,OC=FF,TA=0/70/0,SP=N/F/N,Mem=2092MHz,Free=8622MB,PLS=0,Temp=19.5C/0.0C,TW=0.83ms,App=4.87ms,GD=0.00ms,CPU&GPU=7.69ms,LCnt=2(DR90,LM2),GPU%=0.55,CPU%=0.20(W0.21),DSF=1.00,CFL=17.34/21.02
12-30 16:45:37.004  3134 22232 I VrApi   : FPS=90/90,Prd=28ms,Tear=0,Early=0,Stale=0,VSnc=0,Lat=-1,Fov=0,CPU4/GPU=2/3,1171/490MHz,OC=FF,TA=0/70/0,SP=N/F/N,Mem=2092MHz,Free=8622MB,PLS=0,Temp=19.5C/0.0C,TW=0.82ms,App=5.21ms,GD=0.00ms,CPU&GPU=7.19ms,LCnt=1(DR90,LM0),GPU%=0.56,CPU%=0.20(W0.30),DSF=1.00,CFL=17.33/20.88
12-30 16:45:38.003  3134 22232 I VrApi   : FPS=90/90,Prd=27ms,Tear=0,Early=0,Stale=0,VSnc=0,Lat=-1,Fov=0,CPU4/GPU=2/3,1171/490MHz,OC=FF,TA=0/70/0,SP=N/F/N,Mem=2092MHz,Free=8622MB,PLS=0,Temp=19.5C/0.0C,TW=0.88ms,App=4.90ms,GD=0.00ms,CPU&GPU=7.37ms,LCnt=1(DR90,LM0),GPU%=0.53,CPU%=0.19(W0.30),DSF=1.00,CFL=17.40/20.78
12-30 16:45:39.004  3134 22232 I VrApi   : FPS=90/90,Prd=27ms,Tear=0,Early=0,Stale=0,VSnc=0,Lat=-1,Fov=0,CPU4/GPU=2/3,1171/490MHz,OC=FF,TA=0/70/0,SP=N/F/N,Mem=2092MHz,Free=8622MB,PLS=0,Temp=19.5C/0.0C,TW=0.87ms,App=5.19ms,GD=0.05ms,CPU&GPU=9.13ms,LCnt=3(DR76,LM2),GPU%=0.61,CPU%=0.19(W0.32),DSF=1.00,CFL=17.31/21.92
12-30 16:45:40.006  3134 22232 I VrApi   : FPS=90/90,Prd=28ms,Tear=0,Early=0,Stale=0,VSnc=0,Lat=-1,Fov=0,CPU4/GPU=2/3,1171/490MHz,OC=FF,TA=0/70/0,SP=N/F/N,Mem=2092MHz,Free=8622MB,PLS=0,Temp=19.5C/0.0C,TW=1.61ms,App=5.30ms,GD=0.08ms,CPU&GPU=6.67ms,LCnt=2(DR55,LM2),GPU%=0.61,CPU%=0.16(W0.26),DSF=1.00,CFL=17.26/21.00
12-30 16:45:41.004  3134 22232 I VrApi   : FPS=89/90,Prd=28ms,Tear=0,Early=0,Stale=1,VSnc=0,Lat=-1,Fov=0,CPU4/GPU=2/3,1171/490MHz,OC=FF,TA=0/70/0,SP=N/F/N,Mem=2092MHz,Free=8622MB,PLS=0,Temp=19.5C/0.0C,TW=1.99ms,App=5.34ms,GD=0.35ms,CPU&GPU=9.39ms,LCnt=3(DR42,LM2),GPU%=0.72,CPU%=0.21(W0.25),DSF=1.00,CFL=17.30/20.86
12-30 16:45:42.005  3134 22232 I VrApi   : FPS=90/90,Prd=29ms,Tear=0,Early=0,Stale=0,VSnc=0,Lat=-1,Fov=0,CPU4/GPU=2/3,2419/490MHz,OC=FF,TA=0/70/0,SP=N/F/N,Mem=2092MHz,Free=8622MB,PLS=0,Temp=19.5C/0.0C,TW=1.97ms,App=5.27ms,GD=0.14ms,CPU&GPU=8.93ms,LCnt=3(DR0,LM2),GPU%=0.69,CPU%=0.25(W0.30),DSF=1.00,CFL=17.20/20.67
12-30 16:45:43.004  3134 22232 I VrApi   : FPS=82/90,Prd=28ms,Tear=0,Early=0,Stale=8,VSnc=0,Lat=-1,Fov=0,CPU4/GPU=2/3,2419/490MHz,OC=FF,TA=0/70/0,SP=N/F/N,Mem=2092MHz,Free=8622MB,PLS=0,Temp=19.5C/0.0C,TW=2.50ms,App=5.67ms,GD=0.00ms,CPU&GPU=9.04ms,LCnt=3(DR0,LM0),GPU%=0.76,CPU%=0.20(W0.25),DSF=1.00,CFL=17.29/21.51
12-30 16:45:44.008  3134 22232 I VrApi   : FPS=90/90,Prd=30ms,Tear=0,Early=31,Stale=1,VSnc=0,Lat=-1,Fov=0,CPU4/GPU=2/3,2419/490MHz,OC=FF,TA=0/70/0,SP=N/F/N,Mem=2092MHz,Free=8622MB,PLS=0,Temp=19.5C/0.0C,TW=2.06ms,App=5.29ms,GD=0.00ms,CPU&GPU=6.34ms,LCnt=4(DR0,LM0),GPU%=0.69,CPU%=0.14(W0.17),DSF=1.00,CFL=17.27/21.17
--------- beginning of crash
12-30 16:45:45.013  3134 22232 I VrApi   : FPS=90/90,Prd=37ms,Tear=0,Early=89,Stale=1,VSnc=0,Lat=-1,Fov=0,CPU4/GPU=2/3,2419/490MHz,OC=FF,TA=0/70/0,SP=N/F/N,Mem=2092MHz,Free=8576MB,PLS=0,Temp=19.5C/0.0C,TW=2.06ms,App=5.56ms,GD=0.00ms,CPU&GPU=8.11ms,LCnt=2(DR0,LM0),GPU%=0.69,CPU%=0.12(W0.15),DSF=1.00,CFL=17.40/20.99
