64841.89 257358.40
64842.88 257366.01
64843.89 257373.60
64844.88 257381.45
64845.89 257389.32
64846.90 257397.02
64847.89 257404.83
64848.89 257412.60
64849.88 257420.22
64850.89 257428.09
64851.90 257435.62
64852.88 257440.88
64853.88 257443.65
64854.88 257447.12
64855.89 257450.07
64856.89 257455.19
64857.88 257460.57
64858.88 257465.98
64859.89 257471.01
64860.89 257475.99
64861.89 257480.38
64862.90 257485.07
64863.89 257490.07
64864.88 257495.30
64865.88 257500.73
64866.89 257506.53
64867.88 257511.84
64868.89 257517.02
64869.90 257522.43
64870.87 257527.49
64871.88 257532.72
64872.87 257538.36
64873.88 257544.12
64877.90 257566.24
64878.89 257571.32
64879.89 257576.10
64880.88 257580.27
64881.87 257585.96
64882.88 257591.51
64883.88 257597.28
64884.89 257600.72
64885.87 257606.00
64886.88 257611.70
64887.88 257617.79
64888.87 257623.65
64889.90 257629.41
64890.89 257635.13
64891.89 257640.89
64892.90 257646.93
64893.89 257652.61
64894.89 257658.46
64895.89 257664.59
64896.89 257670.40
64897.90 257676.38
64898.89 257682.13
64899.89 257688.01
64900.89 257693.47
64901.89 257699.20
64902.89 257705.05
64903.90 257710.98
64904.89 257716.93
64905.89 257722.93
64906.89 257728.74
64907.90 257734.48
64908.89 257740.45
64909.89 257746.59
64910.90 257752.58
64911.89 257758.47
64912.89 257764.31
64913.90 257770.10
64914.90 257775.90
64915.90 257781.55
64916.89 257786.68
64917.89 257792.45
64918.89 257798.15
64919.89 257803.94
64920.89 257809.70
64921.89 257815.66
64922.90 257821.71
64923.89 257827.51
64924.89 257833.56
64925.89 257839.52
64926.89 257845.58
64927.90 257851.67
64928.88 257857.62
64929.89 257863.65
64930.90 257869.63
64931.89 257875.12
64932.89 257880.88
64933.90 257886.71
64934.89 257892.71
64935.89 257898.50
64936.89 257904.24
64937.89 257910.07
64938.88 257914.99
64939.89 257918.43
64940.90 257922.22
64941.90 257926.74
64942.90 257930.43
64943.89 257934.82
64944.89 257940.36
64945.89 257946.09
64946.90 257951.82
64947.89 257957.27
64948.89 257963.24
64949.89 257969.29
64950.89 257975.23
64951.89 257981.27
64952.89 257986.73
64953.89 257992.38
64954.89 257998.27
64955.88 258004.20
64956.89 258010.21
64957.89 258016.05
64958.89 258021.81
64959.89 258027.69
64960.89 258033.64
64961.89 258039.71
64962.89 258045.63
64963.89 258051.67
64964.89 258057.71
64965.89 258063.59
64966.89 258069.72
64967.89 258075.74
64968.89 258081.78
64969.89 258087.90
64970.89 258094.03
64971.89 258100.15
64972.89 258106.08
64973.89 258111.94
64974.89 258118.18
64975.90 258124.01
64976.90 258129.60
64977.89 258135.57
64978.89 258141.50
64979.89 258147.46
64980.89 258153.53
64981.89 258159.47
64982.89 258165.48
64983.90 258171.40
64984.90 258177.46
64985.89 258183.16
64986.89 258189.26
64987.89 258195.11
64988.89 258201.05
64989.89 258206.79
64990.89 258212.54
64991.90 258218.49
64992.88 258224.35
64993.89 258230.37
64994.89 258236.22
64995.89 258241.91
64996.89 258247.70
64997.89 258253.47
64998.90 258259.21
64999.89 258265.06
65000.90 258270.43
65001.89 258276.08
65002.89 258281.91
65003.89 258287.77
65004.89 258293.71
65005.89 258299.54
65006.89 258304.97
65007.89 258310.75
65008.89 258316.09
65009.89 258321.54
65010.89 258327.20
65011.89 258333.07
65012.90 258338.93
65013.90 258344.70
65014.89 258350.33
65015.89 258356.16
65016.89 258361.93
65017.89 258367.75
65018.89 258373.57
65019.89 258379.36
65020.89 258385.15
65021.90 258390.93
65022.89 258396.65
65023.90 258402.67
65024.89 258408.40
65025.90 258414.02
65026.89 258419.68
65027.89 258425.50
65028.89 258431.25
65029.89 258437.00
65030.89 258442.74
65031.90 258448.49
65032.89 258454.06
65033.90 258459.58
65034.90 258465.43
65035.89 258470.89
65036.89 258476.41
65037.89 258481.84
65038.90 258487.35
65039.90 258492.40
65040.89 258497.97
65041.89 258503.60
65042.89 258509.29
65043.89 258515.13
65044.89 258520.85
65045.89 258526.53
65046.89 258532.18
65047.89 258538.05
65048.89 258543.61
65049.90 258549.60
65050.89 258555.08
65051.89 258560.47
65052.89 258566.22
65053.89 258571.97
65054.89 258577.88
65055.89 258583.69
65056.89 258589.44
65057.89 258594.93
65058.90 258600.52
65059.89 258606.29
65060.90 258612.02
65061.89 258617.80
65062.89 258623.66
65063.89 258629.29
65064.90 258634.95
65065.89 258640.54
65066.89 258646.21
65067.89 258651.99
65068.90 258657.92
65069.89 258663.44
65070.89 258669.18
65071.90 258674.87
65072.89 258680.09
65073.89 258685.67
65074.90 258691.50
65075.89 258697.09
65076.90 258703.01
65077.89 258708.87
65078.89 258714.78
65079.89 258720.75
65080.88 258726.59
65081.89 258732.25
65082.89 258737.95
65083.90 258743.82
65084.89 258749.59
65085.89 258755.42
65086.89 258761.26
65087.89 258767.15
65088.89 258773.11
65089.89 258778.87
65090.90 258785.01
65091.89 258791.11
65092.90 258797.03
65093.90 258802.26
65094.89 258808.20
65095.89 258814.24
65096.89 258820.37
65097.89 258826.50
65098.89 258832.20
65099.89 258838.38
65100.89 258844.24
65101.90 258850.28
65102.89 258855.75
65103.89 258861.62
65104.89 258866.97
65105.89 258872.73
65106.89 258878.69
65107.89 258884.85
65108.89 258890.96
65109.89 258897.12
65110.89 258903.19
65111.89 258909.33
65112.89 258915.52
65113.89 258921.52
65114.89 258927.71
65115.89 258933.96
65116.90 258940.08
65117.89 258946.09
65118.89 258952.24
65119.89 258958.25
65120.89 258964.53
65121.89 258970.59
65122.89 258976.78
65123.89 258982.92
65124.89 258988.82
65125.89 258994.85
65126.89 259000.93
65127.89 259006.95
65128.89 259013.06
65129.90 259019.01
65130.90 259025.02
65131.89 259030.84
65132.89 259036.85
65133.89 259043.00
65134.89 259049.00
65135.89 259054.64
65136.89 259060.50
65137.89 259066.17
65138.89 259071.74
65139.89 259077.79
65140.89 259083.80
65141.89 259089.74
65142.89 259095.60
65143.89 259101.61
65144.89 259107.66
65145.89 259113.66
65146.89 259119.61
65147.89 259125.46
65148.89 259131.45
65149.89 259137.32
65150.89 259143.34
65151.89 259149.23
65152.89 259155.15
65153.89 259160.97
65154.89 259166.90
65155.89 259172.63
65156.89 259178.35
65157.89 259184.18
65158.89 259190.24
65159.90 259196.23
65160.89 259202.19
65161.90 259207.68
65162.89 259213.55
65163.89 259219.26
65164.89 259224.86
65165.89 259230.20
65166.89 259235.75
65167.89 259241.26
65168.90 259247.02
65169.90 259252.70
65170.89 259258.69
65171.89 259264.37
65172.89 259270.22
65173.90 259276.01
65174.89 259281.69
65175.89 259287.45
65176.89 259293.36
65177.89 259299.28
65178.89 259305.13
65179.89 259310.81
65180.89 259316.59
65181.89 259322.21
65182.89 259327.80
65183.89 259333.29
65184.89 259338.96
65185.89 259344.56
65186.89 259350.25
65187.89 259355.84
65188.90 259361.55
65189.89 259367.20
65190.89 259372.90
65191.89 259378.71
65192.89 259384.41
65193.89 259389.93
65194.89 259395.57
65195.89 259400.92
65196.89 259406.73
65197.90 259412.47
65198.89 259417.70
65199.89 259423.40
65200.89 259428.73
65201.89 259434.09
65202.89 259439.61
65203.89 259445.19
65204.90 259449.06
65205.89 259453.67
65206.89 259458.80
65207.89 259463.97
65208.89 259469.19
65209.89 259474.39
65210.89 259479.35
65211.89 259484.43
65212.89 259489.60
65213.89 259494.78
65214.89 259499.95
65215.89 259504.94
