timestamp,id,uuid,load,memoryUtil,memoryTotal,memoryUsed,memoryFree,driver,name,serial,display_mode,display_active
1672426445.131476,0,GPU-a71d5fd4-b7db-93b7-1b7a-5a6e2a6a8c65,0.0,0.19609375,10240.0,8232.0,472.12,NVIDIA GeForce RTX 3080,[N/A],Enabled,Enabled
1672426446.139599,0,GPU-a71d5fd4-b7db-93b7-1b7a-5a6e2a6a8c65,0.0,0.19609375,10240.0,8232.0,472.12,NVIDIA GeForce RTX 3080,[N/A],Enabled,Enabled
1672426447.1391,0,GPU-a71d5fd4-b7db-93b7-1b7a-5a6e2a6a8c65,0.01,0.19609375,10240.0,8232.0,472.12,NVIDIA GeForce RTX 3080,[N/A],Enabled,Enabled
1672426448.140598,0,GPU-a71d5fd4-b7db-93b7-1b7a-5a6e2a6a8c65,0.01,0.19609375,10240.0,8232.0,472.12,NVIDIA GeForce RTX 3080,[N/A],Enabled,Enabled
1672426449.137592,0,GPU-a71d5fd4-b7db-93b7-1b7a-5a6e2a6a8c65,0.01,0.19609375,10240.0,8232.0,472.12,NVIDIA GeForce RTX 3080,[N/A],Enabled,Enabled
1672426450.135586,0,GPU-a71d5fd4-b7db-93b7-1b7a-5a6e2a6a8c65,0.0,0.19609375,10240.0,8232.0,472.12,NVIDIA GeForce RTX 3080,[N/A],Enabled,Enabled
1672426451.13659,0,GPU-a71d5fd4-b7db-93b7-1b7a-5a6e2a6a8c65,0.0,0.19609375,10240.0,8232.0,472.12,NVIDIA GeForce RTX 3080,[N/A],Enabled,Enabled
1672426452.139596,0,GPU-a71d5fd4-b7db-93b7-1b7a-5a6e2a6a8c65,0.01,0.19609375,10240.0,8232.0,472.12,NVIDIA GeForce RTX 3080,[N/A],Enabled,Enabled
1672426453.140589,0,GPU-a71d5fd4-b7db-93b7-1b7a-5a6e2a6a8c65,0.01,0.19609375,10240.0,8232.0,472.12,NVIDIA GeForce RTX 3080,[N/A],Enabled,Enabled
1672426454.1266,0,GPU-a71d5fd4-b7db-93b7-1b7a-5a6e2a6a8c65,0.01,0.19609375,10240.0,8232.0,472.12,NVIDIA GeForce RTX 3080,[N/A],Enabled,Enabled
1672426455.132111,0,GPU-a71d5fd4-b7db-93b7-1b7a-5a6e2a6a8c65,0.0,0.19609375,10240.0,8232.0,472.12,NVIDIA GeForce RTX 3080,[N/A],Enabled,Enabled
1672426456.140576,0,GPU-a71d5fd4-b7db-93b7-1b7a-5a6e2a6a8c65,0.0,0.19609375,10240.0,8232.0,472.12,NVIDIA GeForce RTX 3080,[N/A],Enabled,Enabled
1672426457.140595,0,GPU-a71d5fd4-b7db-93b7-1b7a-5a6e2a6a8c65,0.01,0.19609375,10240.0,8232.0,472.12,NVIDIA GeForce RTX 3080,[N/A],Enabled,Enabled
1672426458.141104,0,GPU-a71d5fd4-b7db-93b7-1b7a-5a6e2a6a8c65,0.01,0.19609375,10240.0,8232.0,472.12,NVIDIA GeForce RTX 3080,[N/A],Enabled,Enabled
1672426459.139595,0,GPU-a71d5fd4-b7db-93b7-1b7a-5a6e2a6a8c65,0.01,0.19609375,10240.0,8232.0,472.12,NVIDIA GeForce RTX 3080,[N/A],Enabled,Enabled
1672426460.136794,0,GPU-a71d5fd4-b7db-93b7-1b7a-5a6e2a6a8c65,0.0,0.19609375,10240.0,8232.0,472.12,NVIDIA GeForce RTX 3080,[N/A],Enabled,Enabled
1672426461.139586,0,GPU-a71d5fd4-b7db-93b7-1b7a-5a6e2a6a8c65,0.0,0.19609375,10240.0,8232.0,472.12,NVIDIA GeForce RTX 3080,[N/A],Enabled,Enabled
1672426462.132929,0,GPU-a71d5fd4-b7db-93b7-1b7a-5a6e2a6a8c65,0.02,0.1955078125,10240.0,8238.0,472.12,NVIDIA GeForce RTX 3080,[N/A],Enabled,Enabled
1672426463.131169,0,GPU-a71d5fd4-b7db-93b7-1b7a-5a6e2a6a8c65,0.0,0.1966796875,10240.0,8226.0,472.12,NVIDIA GeForce RTX 3080,[N/A],Enabled,Enabled
1672426464.134001,0,GPU-a71d5fd4-b7db-93b7-1b7a-5a6e2a6a8c65,0.0,0.20361328125,10240.0,8155.0,472.12,NVIDIA GeForce RTX 3080,[N/A],Enabled,Enabled
1672426465.135581,0,GPU-a71d5fd4-b7db-93b7-1b7a-5a6e2a6a8c65,0.0,0.20361328125,10240.0,8155.0,472.12,NVIDIA GeForce RTX 3080,[N/A],Enabled,Enabled
1672426466.139787,0,GPU-a71d5fd4-b7db-93b7-1b7a-5a6e2a6a8c65,0.0,0.20361328125,10240.0,8155.0,472.12,NVIDIA GeForce RTX 3080,[N/A],Enabled,Enabled
1672426467.126418,0,GPU-a71d5fd4-b7db-93b7-1b7a-5a6e2a6a8c65,0.01,0.20361328125,10240.0,8155.0,472.12,NVIDIA GeForce RTX 3080,[N/A],Enabled,Enabled
1672426468.130273,0,GPU-a71d5fd4-b7db-93b7-1b7a-5a6e2a6a8c65,0.04,0.20361328125,10240.0,8155.0,472.12,NVIDIA GeForce RTX 3080,[N/A],Enabled,Enabled
1672426469.138698,0,GPU-a71d5fd4-b7db-93b7-1b7a-5a6e2a6a8c65,0.0,0.20361328125,10240.0,8155.0,472.12,NVIDIA GeForce RTX 3080,[N/A],Enabled,Enabled
1672426470.129046,0,GPU-a71d5fd4-b7db-93b7-1b7a-5a6e2a6a8c65,0.0,0.20361328125,10240.0,8155.0,472.12,NVIDIA GeForce RTX 3080,[N/A],Enabled,Enabled
1672426471.134112,0,GPU-a71d5fd4-b7db-93b7-1b7a-5a6e2a6a8c65,0.0,0.20361328125,10240.0,8155.0,472.12,NVIDIA GeForce RTX 3080,[N/A],Enabled,Enabled
1672426472.14088,0,GPU-a71d5fd4-b7db-93b7-1b7a-5a6e2a6a8c65,0.0,0.20361328125,10240.0,8155.0,472.12,NVIDIA GeForce RTX 3080,[N/A],Enabled,Enabled
1672426473.130671,0,GPU-a71d5fd4-b7db-93b7-1b7a-5a6e2a6a8c65,0.01,0.20361328125,10240.0,8155.0,472.12,NVIDIA GeForce RTX 3080,[N/A],Enabled,Enabled
1672426474.136888,0,GPU-a71d5fd4-b7db-93b7-1b7a-5a6e2a6a8c65,0.0,0.20361328125,10240.0,8155.0,472.12,NVIDIA GeForce RTX 3080,[N/A],Enabled,Enabled
1672426475.127072,0,GPU-a71d5fd4-b7db-93b7-1b7a-5a6e2a6a8c65,0.0,0.20361328125,10240.0,8155.0,472.12,NVIDIA GeForce RTX 3080,[N/A],Enabled,Enabled
1672426476.131914,0,GPU-a71d5fd4-b7db-93b7-1b7a-5a6e2a6a8c65,0.0,0.20361328125,10240.0,8155.0,472.12,NVIDIA GeForce RTX 3080,[N/A],Enabled,Enabled
1672426477.135756,0,GPU-a71d5fd4-b7db-93b7-1b7a-5a6e2a6a8c65,0.0,0.20361328125,10240.0,8155.0,472.12,NVIDIA GeForce RTX 3080,[N/A],Enabled,Enabled
1672426478.140857,0,GPU-a71d5fd4-b7db-93b7-1b7a-5a6e2a6a8c65,0.01,0.20361328125,10240.0,8155.0,472.12,NVIDIA GeForce RTX 3080,[N/A],Enabled,Enabled
1672426479.133766,0,GPU-a71d5fd4-b7db-93b7-1b7a-5a6e2a6a8c65,0.0,0.20361328125,10240.0,8155.0,472.12,NVIDIA GeForce RTX 3080,[N/A],Enabled,Enabled
1672426480.138965,0,GPU-a71d5fd4-b7db-93b7-1b7a-5a6e2a6a8c65,0.0,0.20361328125,10240.0,8155.0,472.12,NVIDIA GeForce RTX 3080,[N/A],Enabled,Enabled
1672426481.126324,0,GPU-a71d5fd4-b7db-93b7-1b7a-5a6e2a6a8c65,0.0,0.20361328125,10240.0,8155.0,472.12,NVIDIA GeForce RTX 3080,[N/A],Enabled,Enabled
1672426482.131825,0,GPU-a71d5fd4-b7db-93b7-1b7a-5a6e2a6a8c65,0.0,0.20361328125,10240.0,8155.0,472.12,NVIDIA GeForce RTX 3080,[N/A],Enabled,Enabled
1672426483.136013,0,GPU-a71d5fd4-b7db-93b7-1b7a-5a6e2a6a8c65,0.0,0.20361328125,10240.0,8155.0,472.12,NVIDIA GeForce RTX 3080,[N/A],Enabled,Enabled
1672426484.127665,0,GPU-a71d5fd4-b7db-93b7-1b7a-5a6e2a6a8c65,0.0,0.20361328125,10240.0,8155.0,472.12,NVIDIA GeForce RTX 3080,[N/A],Enabled,Enabled
1672426485.133039,0,GPU-a71d5fd4-b7db-93b7-1b7a-5a6e2a6a8c65,0.0,0.20361328125,10240.0,8155.0,472.12,NVIDIA GeForce RTX 3080,[N/A],Enabled,Enabled
1672426486.135584,0,GPU-a71d5fd4-b7db-93b7-1b7a-5a6e2a6a8c65,0.0,0.20361328125,10240.0,8155.0,472.12,NVIDIA GeForce RTX 3080,[N/A],Enabled,Enabled
1672426487.13592,0,GPU-a71d5fd4-b7db-93b7-1b7a-5a6e2a6a8c65,0.0,0.20361328125,10240.0,8155.0,472.12,NVIDIA GeForce RTX 3080,[N/A],Enabled,Enabled
1672426488.140907,0,GPU-a71d5fd4-b7db-93b7-1b7a-5a6e2a6a8c65,0.0,0.20361328125,10240.0,8155.0,472.12,NVIDIA GeForce RTX 3080,[N/A],Enabled,Enabled
1672426489.128629,0,GPU-a71d5fd4-b7db-93b7-1b7a-5a6e2a6a8c65,0.0,0.20361328125,10240.0,8155.0,472.12,NVIDIA GeForce RTX 3080,[N/A],Enabled,Enabled
1672426490.130993,0,GPU-a71d5fd4-b7db-93b7-1b7a-5a6e2a6a8c65,0.0,0.20361328125,10240.0,8155.0,472.12,NVIDIA GeForce RTX 3080,[N/A],Enabled,Enabled
1672426491.131642,0,GPU-a71d5fd4-b7db-93b7-1b7a-5a6e2a6a8c65,0.0,0.20361328125,10240.0,8155.0,472.12,NVIDIA GeForce RTX 3080,[N/A],Enabled,Enabled
1672426492.135903,0,GPU-a71d5fd4-b7db-93b7-1b7a-5a6e2a6a8c65,0.0,0.20361328125,10240.0,8155.0,472.12,NVIDIA GeForce RTX 3080,[N/A],Enabled,Enabled
1672426493.127543,0,GPU-a71d5fd4-b7db-93b7-1b7a-5a6e2a6a8c65,0.0,0.20361328125,10240.0,8155.0,472.12,NVIDIA GeForce RTX 3080,[N/A],Enabled,Enabled
1672426494.13505,0,GPU-a71d5fd4-b7db-93b7-1b7a-5a6e2a6a8c65,0.01,0.20361328125,10240.0,8155.0,472.12,NVIDIA GeForce RTX 3080,[N/A],Enabled,Enabled
1672426495.139962,0,GPU-a71d5fd4-b7db-93b7-1b7a-5a6e2a6a8c65,0.0,0.20361328125,10240.0,8155.0,472.12,NVIDIA GeForce RTX 3080,[N/A],Enabled,Enabled
1672426496.138826,0,GPU-a71d5fd4-b7db-93b7-1b7a-5a6e2a6a8c65,0.0,0.20361328125,10240.0,8155.0,472.12,NVIDIA GeForce RTX 3080,[N/A],Enabled,Enabled
1672426497.12929,0,GPU-a71d5fd4-b7db-93b7-1b7a-5a6e2a6a8c65,0.0,0.20361328125,10240.0,8155.0,472.12,NVIDIA GeForce RTX 3080,[N/A],Enabled,Enabled
1672426498.133941,0,GPU-a71d5fd4-b7db-93b7-1b7a-5a6e2a6a8c65,0.01,0.20361328125,10240.0,8155.0,472.12,NVIDIA GeForce RTX 3080,[N/A],Enabled,Enabled
1672426499.134355,0,GPU-a71d5fd4-b7db-93b7-1b7a-5a6e2a6a8c65,0.01,0.20361328125,10240.0,8155.0,472.12,NVIDIA GeForce RTX 3080,[N/A],Enabled,Enabled
1672426500.135904,0,GPU-a71d5fd4-b7db-93b7-1b7a-5a6e2a6a8c65,0.02,0.20361328125,10240.0,8155.0,472.12,NVIDIA GeForce RTX 3080,[N/A],Enabled,Enabled
1672426501.136705,0,GPU-a71d5fd4-b7db-93b7-1b7a-5a6e2a6a8c65,0.01,0.20361328125,10240.0,8155.0,472.12,NVIDIA GeForce RTX 3080,[N/A],Enabled,Enabled
1672426502.129938,0,GPU-a71d5fd4-b7db-93b7-1b7a-5a6e2a6a8c65,0.0,0.20361328125,10240.0,8155.0,472.12,NVIDIA GeForce RTX 3080,[N/A],Enabled,Enabled
1672426503.132926,0,GPU-a71d5fd4-b7db-93b7-1b7a-5a6e2a6a8c65,0.01,0.20361328125,10240.0,8155.0,472.12,NVIDIA GeForce RTX 3080,[N/A],Enabled,Enabled
1672426504.138586,0,GPU-a71d5fd4-b7db-93b7-1b7a-5a6e2a6a8c65,0.01,0.20361328125,10240.0,8155.0,472.12,NVIDIA GeForce RTX 3080,[N/A],Enabled,Enabled
1672426505.140183,0,GPU-a71d5fd4-b7db-93b7-1b7a-5a6e2a6a8c65,0.01,0.20361328125,10240.0,8155.0,472.12,NVIDIA GeForce RTX 3080,[N/A],Enabled,Enabled
1672426506.13041,0,GPU-a71d5fd4-b7db-93b7-1b7a-5a6e2a6a8c65,0.0,0.20361328125,10240.0,8155.0,472.12,NVIDIA GeForce RTX 3080,[N/A],Enabled,Enabled
1672426507.135359,0,GPU-a71d5fd4-b7db-93b7-1b7a-5a6e2a6a8c65,0.0,0.20361328125,10240.0,8155.0,472.12,NVIDIA GeForce RTX 3080,[N/A],Enabled,Enabled
1672426508.137384,0,GPU-a71d5fd4-b7db-93b7-1b7a-5a6e2a6a8c65,0.01,0.20361328125,10240.0,8155.0,472.12,NVIDIA GeForce RTX 3080,[N/A],Enabled,Enabled
1672426509.12734,0,GPU-a71d5fd4-b7db-93b7-1b7a-5a6e2a6a8c65,0.01,0.20361328125,10240.0,8155.0,472.12,NVIDIA GeForce RTX 3080,[N/A],Enabled,Enabled
1672426510.127892,0,GPU-a71d5fd4-b7db-93b7-1b7a-5a6e2a6a8c65,0.0,0.20361328125,10240.0,8155.0,472.12,NVIDIA GeForce RTX 3080,[N/A],Enabled,Enabled
1672426511.131537,0,GPU-a71d5fd4-b7db-93b7-1b7a-5a6e2a6a8c65,0.0,0.20361328125,10240.0,8155.0,472.12,NVIDIA GeForce RTX 3080,[N/A],Enabled,Enabled
1672426512.137439,0,GPU-a71d5fd4-b7db-93b7-1b7a-5a6e2a6a8c65,0.0,0.20361328125,10240.0,8155.0,472.12,NVIDIA GeForce RTX 3080,[N/A],Enabled,Enabled
1672426513.127236,0,GPU-a71d5fd4-b7db-93b7-1b7a-5a6e2a6a8c65,0.01,0.20361328125,10240.0,8155.0,472.12,NVIDIA GeForce RTX 3080,[N/A],Enabled,Enabled
1672426514.136194,0,GPU-a71d5fd4-b7db-93b7-1b7a-5a6e2a6a8c65,0.01,0.20361328125,10240.0,8155.0,472.12,NVIDIA GeForce RTX 3080,[N/A],Enabled,Enabled
1672426515.141026,0,GPU-a71d5fd4-b7db-93b7-1b7a-5a6e2a6a8c65,0.01,0.20361328125,10240.0,8155.0,472.12,NVIDIA GeForce RTX 3080,[N/A],Enabled,Enabled
1672426516.130199,0,GPU-a71d5fd4-b7db-93b7-1b7a-5a6e2a6a8c65,0.0,0.20361328125,10240.0,8155.0,472.12,NVIDIA GeForce RTX 3080,[N/A],Enabled,Enabled
1672426517.137247,0,GPU-a71d5fd4-b7db-93b7-1b7a-5a6e2a6a8c65,0.0,0.20361328125,10240.0,8155.0,472.12,NVIDIA GeForce RTX 3080,[N/A],Enabled,Enabled
1672426518.129007,0,GPU-a71d5fd4-b7db-93b7-1b7a-5a6e2a6a8c65,0.01,0.20361328125,10240.0,8155.0,472.12,NVIDIA GeForce RTX 3080,[N/A],Enabled,Enabled
1672426519.134112,0,GPU-a71d5fd4-b7db-93b7-1b7a-5a6e2a6a8c65,0.01,0.20361328125,10240.0,8155.0,472.12,NVIDIA GeForce RTX 3080,[N/A],Enabled,Enabled
1672426520.140603,0,GPU-a71d5fd4-b7db-93b7-1b7a-5a6e2a6a8c65,0.0,0.20361328125,10240.0,8155.0,472.12,NVIDIA GeForce RTX 3080,[N/A],Enabled,Enabled
1672426521.134967,0,GPU-a71d5fd4-b7db-93b7-1b7a-5a6e2a6a8c65,0.0,0.20361328125,10240.0,8155.0,472.12,NVIDIA GeForce RTX 3080,[N/A],Enabled,Enabled
1672426522.136259,0,GPU-a71d5fd4-b7db-93b7-1b7a-5a6e2a6a8c65,0.01,0.20361328125,10240.0,8155.0,472.12,NVIDIA GeForce RTX 3080,[N/A],Enabled,Enabled
1672426523.131685,0,GPU-a71d5fd4-b7db-93b7-1b7a-5a6e2a6a8c65,0.01,0.20361328125,10240.0,8155.0,472.12,NVIDIA GeForce RTX 3080,[N/A],Enabled,Enabled
1672426524.135525,0,GPU-a71d5fd4-b7db-93b7-1b7a-5a6e2a6a8c65,0.05,0.28349609375,10240.0,7337.0,472.12,NVIDIA GeForce RTX 3080,[N/A],Enabled,Enabled
1672426525.125772,0,GPU-a71d5fd4-b7db-93b7-1b7a-5a6e2a6a8c65,0.1,0.33251953125,10240.0,6835.0,472.12,NVIDIA GeForce RTX 3080,[N/A],Enabled,Enabled
1672426526.126494,0,GPU-a71d5fd4-b7db-93b7-1b7a-5a6e2a6a8c65,0.13,0.337890625,10240.0,6780.0,472.12,NVIDIA GeForce RTX 3080,[N/A],Enabled,Enabled
1672426527.132874,0,GPU-a71d5fd4-b7db-93b7-1b7a-5a6e2a6a8c65,0.1,0.34482421875,10240.0,6709.0,472.12,NVIDIA GeForce RTX 3080,[N/A],Enabled,Enabled
1672426528.139585,0,GPU-a71d5fd4-b7db-93b7-1b7a-5a6e2a6a8c65,0.17,0.344921875,10240.0,6708.0,472.12,NVIDIA GeForce RTX 3080,[N/A],Enabled,Enabled
1672426529.129807,0,GPU-a71d5fd4-b7db-93b7-1b7a-5a6e2a6a8c65,0.17,0.35234375,10240.0,6632.0,472.12,NVIDIA GeForce RTX 3080,[N/A],Enabled,Enabled
1672426530.133108,0,GPU-a71d5fd4-b7db-93b7-1b7a-5a6e2a6a8c65,0.26,0.36435546875,10240.0,6509.0,472.12,NVIDIA GeForce RTX 3080,[N/A],Enabled,Enabled
1672426531.135784,0,GPU-a71d5fd4-b7db-93b7-1b7a-5a6e2a6a8c65,0.19,0.43486328125,10240.0,5787.0,472.12,NVIDIA GeForce RTX 3080,[N/A],Enabled,Enabled
1672426532.136719,0,GPU-a71d5fd4-b7db-93b7-1b7a-5a6e2a6a8c65,0.14,0.40693359375,10240.0,6073.0,472.12,NVIDIA GeForce RTX 3080,[N/A],Enabled,Enabled
1672426533.127192,0,GPU-a71d5fd4-b7db-93b7-1b7a-5a6e2a6a8c65,0.16,0.4734375,10240.0,5392.0,472.12,NVIDIA GeForce RTX 3080,[N/A],Enabled,Enabled
1672426534.132397,0,GPU-a71d5fd4-b7db-93b7-1b7a-5a6e2a6a8c65,0.14,0.4896484375,10240.0,5226.0,472.12,NVIDIA GeForce RTX 3080,[N/A],Enabled,Enabled
1672426535.132046,0,GPU-a71d5fd4-b7db-93b7-1b7a-5a6e2a6a8c65,0.14,0.51640625,10240.0,4952.0,472.12,NVIDIA GeForce RTX 3080,[N/A],Enabled,Enabled
1672426536.140003,0,GPU-a71d5fd4-b7db-93b7-1b7a-5a6e2a6a8c65,0.14,0.5177734375,10240.0,4938.0,472.12,NVIDIA GeForce RTX 3080,[N/A],Enabled,Enabled
1672426537.132602,0,GPU-a71d5fd4-b7db-93b7-1b7a-5a6e2a6a8c65,0.15,0.40283203125,10240.0,6115.0,472.12,NVIDIA GeForce RTX 3080,[N/A],Enabled,Enabled
1672426538.127682,0,GPU-a71d5fd4-b7db-93b7-1b7a-5a6e2a6a8c65,0.14,0.40283203125,10240.0,6115.0,472.12,NVIDIA GeForce RTX 3080,[N/A],Enabled,Enabled
1672426539.131743,0,GPU-a71d5fd4-b7db-93b7-1b7a-5a6e2a6a8c65,0.14,0.40283203125,10240.0,6115.0,472.12,NVIDIA GeForce RTX 3080,[N/A],Enabled,Enabled
1672426540.141216,0,GPU-a71d5fd4-b7db-93b7-1b7a-5a6e2a6a8c65,0.14,0.4029296875,10240.0,6114.0,472.12,NVIDIA GeForce RTX 3080,[N/A],Enabled,Enabled
1672426541.132565,0,GPU-a71d5fd4-b7db-93b7-1b7a-5a6e2a6a8c65,0.15,0.40302734375,10240.0,6113.0,472.12,NVIDIA GeForce RTX 3080,[N/A],Enabled,Enabled
1672426542.136884,0,GPU-a71d5fd4-b7db-93b7-1b7a-5a6e2a6a8c65,0.14,0.40302734375,10240.0,6113.0,472.12,NVIDIA GeForce RTX 3080,[N/A],Enabled,Enabled
1672426543.12807,0,GPU-a71d5fd4-b7db-93b7-1b7a-5a6e2a6a8c65,0.14,0.40302734375,10240.0,6113.0,472.12,NVIDIA GeForce RTX 3080,[N/A],Enabled,Enabled
1672426544.134342,0,GPU-a71d5fd4-b7db-93b7-1b7a-5a6e2a6a8c65,0.14,0.405078125,10240.0,6092.0,472.12,NVIDIA GeForce RTX 3080,[N/A],Enabled,Enabled
1672426545.12676,0,GPU-a71d5fd4-b7db-93b7-1b7a-5a6e2a6a8c65,0.16,0.41240234375,10240.0,6017.0,472.12,NVIDIA GeForce RTX 3080,[N/A],Enabled,Enabled
1672426546.131907,0,GPU-a71d5fd4-b7db-93b7-1b7a-5a6e2a6a8c65,0.17,0.41240234375,10240.0,6017.0,472.12,NVIDIA GeForce RTX 3080,[N/A],Enabled,Enabled
1672426547.137717,0,GPU-a71d5fd4-b7db-93b7-1b7a-5a6e2a6a8c65,0.17,0.41240234375,10240.0,6017.0,472.12,NVIDIA GeForce RTX 3080,[N/A],Enabled,Enabled
1672426548.135494,0,GPU-a71d5fd4-b7db-93b7-1b7a-5a6e2a6a8c65,0.17,0.41240234375,10240.0,6017.0,472.12,NVIDIA GeForce RTX 3080,[N/A],Enabled,Enabled
1672426549.126911,0,GPU-a71d5fd4-b7db-93b7-1b7a-5a6e2a6a8c65,0.16,0.41240234375,10240.0,6017.0,472.12,NVIDIA GeForce RTX 3080,[N/A],Enabled,Enabled
1672426550.133736,0,GPU-a71d5fd4-b7db-93b7-1b7a-5a6e2a6a8c65,0.17,0.41240234375,10240.0,6017.0,472.12,NVIDIA GeForce RTX 3080,[N/A],Enabled,Enabled
1672426551.138989,0,GPU-a71d5fd4-b7db-93b7-1b7a-5a6e2a6a8c65,0.16,0.41240234375,10240.0,6017.0,472.12,NVIDIA GeForce RTX 3080,[N/A],Enabled,Enabled
1672426552.129799,0,GPU-a71d5fd4-b7db-93b7-1b7a-5a6e2a6a8c65,0.17,0.41240234375,10240.0,6017.0,472.12,NVIDIA GeForce RTX 3080,[N/A],Enabled,Enabled
1672426553.139689,0,GPU-a71d5fd4-b7db-93b7-1b7a-5a6e2a6a8c65,0.16,0.41240234375,10240.0,6017.0,472.12,NVIDIA GeForce RTX 3080,[N/A],Enabled,Enabled
1672426554.13324,0,GPU-a71d5fd4-b7db-93b7-1b7a-5a6e2a6a8c65,0.17,0.41240234375,10240.0,6017.0,472.12,NVIDIA GeForce RTX 3080,[N/A],Enabled,Enabled
1672426555.138826,0,GPU-a71d5fd4-b7db-93b7-1b7a-5a6e2a6a8c65,0.17,0.41240234375,10240.0,6017.0,472.12,NVIDIA GeForce RTX 3080,[N/A],Enabled,Enabled
1672426556.129797,0,GPU-a71d5fd4-b7db-93b7-1b7a-5a6e2a6a8c65,0.17,0.41240234375,10240.0,6017.0,472.12,NVIDIA GeForce RTX 3080,[N/A],Enabled,Enabled
1672426557.135566,0,GPU-a71d5fd4-b7db-93b7-1b7a-5a6e2a6a8c65,0.17,0.41240234375,10240.0,6017.0,472.12,NVIDIA GeForce RTX 3080,[N/A],Enabled,Enabled
1672426558.130623,0,GPU-a71d5fd4-b7db-93b7-1b7a-5a6e2a6a8c65,0.17,0.41240234375,10240.0,6017.0,472.12,NVIDIA GeForce RTX 3080,[N/A],Enabled,Enabled
1672426559.139102,0,GPU-a71d5fd4-b7db-93b7-1b7a-5a6e2a6a8c65,0.17,0.41240234375,10240.0,6017.0,472.12,NVIDIA GeForce RTX 3080,[N/A],Enabled,Enabled
1672426560.128624,0,GPU-a71d5fd4-b7db-93b7-1b7a-5a6e2a6a8c65,0.17,0.41240234375,10240.0,6017.0,472.12,NVIDIA GeForce RTX 3080,[N/A],Enabled,Enabled
1672426561.141002,0,GPU-a71d5fd4-b7db-93b7-1b7a-5a6e2a6a8c65,0.17,0.41240234375,10240.0,6017.0,472.12,NVIDIA GeForce RTX 3080,[N/A],Enabled,Enabled
1672426562.132622,0,GPU-a71d5fd4-b7db-93b7-1b7a-5a6e2a6a8c65,0.17,0.41240234375,10240.0,6017.0,472.12,NVIDIA GeForce RTX 3080,[N/A],Enabled,Enabled
1672426563.141063,0,GPU-a71d5fd4-b7db-93b7-1b7a-5a6e2a6a8c65,0.16,0.41240234375,10240.0,6017.0,472.12,NVIDIA GeForce RTX 3080,[N/A],Enabled,Enabled
1672426564.13183,0,GPU-a71d5fd4-b7db-93b7-1b7a-5a6e2a6a8c65,0.17,0.41240234375,10240.0,6017.0,472.12,NVIDIA GeForce RTX 3080,[N/A],Enabled,Enabled
1672426565.139543,0,GPU-a71d5fd4-b7db-93b7-1b7a-5a6e2a6a8c65,0.17,0.41240234375,10240.0,6017.0,472.12,NVIDIA GeForce RTX 3080,[N/A],Enabled,Enabled
1672426566.132134,0,GPU-a71d5fd4-b7db-93b7-1b7a-5a6e2a6a8c65,0.17,0.41240234375,10240.0,6017.0,472.12,NVIDIA GeForce RTX 3080,[N/A],Enabled,Enabled
1672426567.126571,0,GPU-a71d5fd4-b7db-93b7-1b7a-5a6e2a6a8c65,0.17,0.41240234375,10240.0,6017.0,472.12,NVIDIA GeForce RTX 3080,[N/A],Enabled,Enabled
1672426568.135434,0,GPU-a71d5fd4-b7db-93b7-1b7a-5a6e2a6a8c65,0.17,0.41240234375,10240.0,6017.0,472.12,NVIDIA GeForce RTX 3080,[N/A],Enabled,Enabled
1672426569.128696,0,GPU-a71d5fd4-b7db-93b7-1b7a-5a6e2a6a8c65,0.17,0.41240234375,10240.0,6017.0,472.12,NVIDIA GeForce RTX 3080,[N/A],Enabled,Enabled
1672426570.140047,0,GPU-a71d5fd4-b7db-93b7-1b7a-5a6e2a6a8c65,0.17,0.41240234375,10240.0,6017.0,472.12,NVIDIA GeForce RTX 3080,[N/A],Enabled,Enabled
1672426571.13025,0,GPU-a71d5fd4-b7db-93b7-1b7a-5a6e2a6a8c65,0.17,0.41240234375,10240.0,6017.0,472.12,NVIDIA GeForce RTX 3080,[N/A],Enabled,Enabled
1672426572.140986,0,GPU-a71d5fd4-b7db-93b7-1b7a-5a6e2a6a8c65,0.18,0.41240234375,10240.0,6017.0,472.12,NVIDIA GeForce RTX 3080,[N/A],Enabled,Enabled
1672426573.131418,0,GPU-a71d5fd4-b7db-93b7-1b7a-5a6e2a6a8c65,0.18,0.41240234375,10240.0,6017.0,472.12,NVIDIA GeForce RTX 3080,[N/A],Enabled,Enabled
1672426574.139739,0,GPU-a71d5fd4-b7db-93b7-1b7a-5a6e2a6a8c65,0.17,0.41240234375,10240.0,6017.0,472.12,NVIDIA GeForce RTX 3080,[N/A],Enabled,Enabled
1672426575.13437,0,GPU-a71d5fd4-b7db-93b7-1b7a-5a6e2a6a8c65,0.16,0.41240234375,10240.0,6017.0,472.12,NVIDIA GeForce RTX 3080,[N/A],Enabled,Enabled
1672426576.137798,0,GPU-a71d5fd4-b7db-93b7-1b7a-5a6e2a6a8c65,0.17,0.41240234375,10240.0,6017.0,472.12,NVIDIA GeForce RTX 3080,[N/A],Enabled,Enabled
1672426577.131768,0,GPU-a71d5fd4-b7db-93b7-1b7a-5a6e2a6a8c65,0.17,0.41240234375,10240.0,6017.0,472.12,NVIDIA GeForce RTX 3080,[N/A],Enabled,Enabled
1672426578.138078,0,GPU-a71d5fd4-b7db-93b7-1b7a-5a6e2a6a8c65,0.17,0.41240234375,10240.0,6017.0,472.12,NVIDIA GeForce RTX 3080,[N/A],Enabled,Enabled
1672426579.133679,0,GPU-a71d5fd4-b7db-93b7-1b7a-5a6e2a6a8c65,0.17,0.41240234375,10240.0,6017.0,472.12,NVIDIA GeForce RTX 3080,[N/A],Enabled,Enabled
1672426580.138719,0,GPU-a71d5fd4-b7db-93b7-1b7a-5a6e2a6a8c65,0.17,0.41240234375,10240.0,6017.0,472.12,NVIDIA GeForce RTX 3080,[N/A],Enabled,Enabled
1672426581.131999,0,GPU-a71d5fd4-b7db-93b7-1b7a-5a6e2a6a8c65,0.16,0.41240234375,10240.0,6017.0,472.12,NVIDIA GeForce RTX 3080,[N/A],Enabled,Enabled
1672426582.137527,0,GPU-a71d5fd4-b7db-93b7-1b7a-5a6e2a6a8c65,0.17,0.41240234375,10240.0,6017.0,472.12,NVIDIA GeForce RTX 3080,[N/A],Enabled,Enabled
1672426583.126647,0,GPU-a71d5fd4-b7db-93b7-1b7a-5a6e2a6a8c65,0.16,0.41240234375,10240.0,6017.0,472.12,NVIDIA GeForce RTX 3080,[N/A],Enabled,Enabled
1672426584.132955,0,GPU-a71d5fd4-b7db-93b7-1b7a-5a6e2a6a8c65,0.18,0.41240234375,10240.0,6017.0,472.12,NVIDIA GeForce RTX 3080,[N/A],Enabled,Enabled
1672426585.140946,0,GPU-a71d5fd4-b7db-93b7-1b7a-5a6e2a6a8c65,0.17,0.41240234375,10240.0,6017.0,472.12,NVIDIA GeForce RTX 3080,[N/A],Enabled,Enabled
1672426586.134251,0,GPU-a71d5fd4-b7db-93b7-1b7a-5a6e2a6a8c65,0.17,0.41240234375,10240.0,6017.0,472.12,NVIDIA GeForce RTX 3080,[N/A],Enabled,Enabled
1672426587.139639,0,GPU-a71d5fd4-b7db-93b7-1b7a-5a6e2a6a8c65,0.17,0.41240234375,10240.0,6017.0,472.12,NVIDIA GeForce RTX 3080,[N/A],Enabled,Enabled
1672426588.133792,0,GPU-a71d5fd4-b7db-93b7-1b7a-5a6e2a6a8c65,0.17,0.41240234375,10240.0,6017.0,472.12,NVIDIA GeForce RTX 3080,[N/A],Enabled,Enabled
1672426589.139798,0,GPU-a71d5fd4-b7db-93b7-1b7a-5a6e2a6a8c65,0.17,0.41240234375,10240.0,6017.0,472.12,NVIDIA GeForce RTX 3080,[N/A],Enabled,Enabled
1672426590.131889,0,GPU-a71d5fd4-b7db-93b7-1b7a-5a6e2a6a8c65,0.16,0.41240234375,10240.0,6017.0,472.12,NVIDIA GeForce RTX 3080,[N/A],Enabled,Enabled
1672426591.140813,0,GPU-a71d5fd4-b7db-93b7-1b7a-5a6e2a6a8c65,0.17,0.41240234375,10240.0,6017.0,472.12,NVIDIA GeForce RTX 3080,[N/A],Enabled,Enabled
1672426592.13201,0,GPU-a71d5fd4-b7db-93b7-1b7a-5a6e2a6a8c65,0.18,0.41240234375,10240.0,6017.0,472.12,NVIDIA GeForce RTX 3080,[N/A],Enabled,Enabled
1672426593.139545,0,GPU-a71d5fd4-b7db-93b7-1b7a-5a6e2a6a8c65,0.17,0.41240234375,10240.0,6017.0,472.12,NVIDIA GeForce RTX 3080,[N/A],Enabled,Enabled
1672426594.134001,0,GPU-a71d5fd4-b7db-93b7-1b7a-5a6e2a6a8c65,0.18,0.41240234375,10240.0,6017.0,472.12,NVIDIA GeForce RTX 3080,[N/A],Enabled,Enabled
1672426595.128544,0,GPU-a71d5fd4-b7db-93b7-1b7a-5a6e2a6a8c65,0.17,0.41240234375,10240.0,6017.0,472.12,NVIDIA GeForce RTX 3080,[N/A],Enabled,Enabled
1672426596.13697,0,GPU-a71d5fd4-b7db-93b7-1b7a-5a6e2a6a8c65,0.17,0.41240234375,10240.0,6017.0,472.12,NVIDIA GeForce RTX 3080,[N/A],Enabled,Enabled
1672426597.13257,0,GPU-a71d5fd4-b7db-93b7-1b7a-5a6e2a6a8c65,0.17,0.41240234375,10240.0,6017.0,472.12,NVIDIA GeForce RTX 3080,[N/A],Enabled,Enabled
1672426598.138915,0,GPU-a71d5fd4-b7db-93b7-1b7a-5a6e2a6a8c65,0.18,0.41240234375,10240.0,6017.0,472.12,NVIDIA GeForce RTX 3080,[N/A],Enabled,Enabled
1672426599.131955,0,GPU-a71d5fd4-b7db-93b7-1b7a-5a6e2a6a8c65,0.17,0.41240234375,10240.0,6017.0,472.12,NVIDIA GeForce RTX 3080,[N/A],Enabled,Enabled
1672426600.140343,0,GPU-a71d5fd4-b7db-93b7-1b7a-5a6e2a6a8c65,0.17,0.41240234375,10240.0,6017.0,472.12,NVIDIA GeForce RTX 3080,[N/A],Enabled,Enabled
1672426601.133232,0,GPU-a71d5fd4-b7db-93b7-1b7a-5a6e2a6a8c65,0.16,0.41240234375,10240.0,6017.0,472.12,NVIDIA GeForce RTX 3080,[N/A],Enabled,Enabled
1672426602.126736,0,GPU-a71d5fd4-b7db-93b7-1b7a-5a6e2a6a8c65,0.17,0.41240234375,10240.0,6017.0,472.12,NVIDIA GeForce RTX 3080,[N/A],Enabled,Enabled
1672426603.134081,0,GPU-a71d5fd4-b7db-93b7-1b7a-5a6e2a6a8c65,0.17,0.41240234375,10240.0,6017.0,472.12,NVIDIA GeForce RTX 3080,[N/A],Enabled,Enabled
1672426604.128573,0,GPU-a71d5fd4-b7db-93b7-1b7a-5a6e2a6a8c65,0.16,0.41240234375,10240.0,6017.0,472.12,NVIDIA GeForce RTX 3080,[N/A],Enabled,Enabled
1672426605.136471,0,GPU-a71d5fd4-b7db-93b7-1b7a-5a6e2a6a8c65,0.16,0.41240234375,10240.0,6017.0,472.12,NVIDIA GeForce RTX 3080,[N/A],Enabled,Enabled
1672426606.130445,0,GPU-a71d5fd4-b7db-93b7-1b7a-5a6e2a6a8c65,0.18,0.41240234375,10240.0,6017.0,472.12,NVIDIA GeForce RTX 3080,[N/A],Enabled,Enabled
1672426607.138894,0,GPU-a71d5fd4-b7db-93b7-1b7a-5a6e2a6a8c65,0.18,0.41240234375,10240.0,6017.0,472.12,NVIDIA GeForce RTX 3080,[N/A],Enabled,Enabled
1672426608.134002,0,GPU-a71d5fd4-b7db-93b7-1b7a-5a6e2a6a8c65,0.17,0.41240234375,10240.0,6017.0,472.12,NVIDIA GeForce RTX 3080,[N/A],Enabled,Enabled
1672426609.126783,0,GPU-a71d5fd4-b7db-93b7-1b7a-5a6e2a6a8c65,0.17,0.41240234375,10240.0,6017.0,472.12,NVIDIA GeForce RTX 3080,[N/A],Enabled,Enabled
1672426610.13871,0,GPU-a71d5fd4-b7db-93b7-1b7a-5a6e2a6a8c65,0.18,0.41240234375,10240.0,6017.0,472.12,NVIDIA GeForce RTX 3080,[N/A],Enabled,Enabled
1672426611.13257,0,GPU-a71d5fd4-b7db-93b7-1b7a-5a6e2a6a8c65,0.17,0.41240234375,10240.0,6017.0,472.12,NVIDIA GeForce RTX 3080,[N/A],Enabled,Enabled
1672426612.137795,0,GPU-a71d5fd4-b7db-93b7-1b7a-5a6e2a6a8c65,0.17,0.41240234375,10240.0,6017.0,472.12,NVIDIA GeForce RTX 3080,[N/A],Enabled,Enabled
1672426613.133924,0,GPU-a71d5fd4-b7db-93b7-1b7a-5a6e2a6a8c65,0.17,0.41240234375,10240.0,6017.0,472.12,NVIDIA GeForce RTX 3080,[N/A],Enabled,Enabled
1672426614.132919,0,GPU-a71d5fd4-b7db-93b7-1b7a-5a6e2a6a8c65,0.17,0.41240234375,10240.0,6017.0,472.12,NVIDIA GeForce RTX 3080,[N/A],Enabled,Enabled
1672426615.126568,0,GPU-a71d5fd4-b7db-93b7-1b7a-5a6e2a6a8c65,0.18,0.41240234375,10240.0,6017.0,472.12,NVIDIA GeForce RTX 3080,[N/A],Enabled,Enabled
1672426616.134486,0,GPU-a71d5fd4-b7db-93b7-1b7a-5a6e2a6a8c65,0.17,0.41240234375,10240.0,6017.0,472.12,NVIDIA GeForce RTX 3080,[N/A],Enabled,Enabled
1672426617.130005,0,GPU-a71d5fd4-b7db-93b7-1b7a-5a6e2a6a8c65,0.17,0.41240234375,10240.0,6017.0,472.12,NVIDIA GeForce RTX 3080,[N/A],Enabled,Enabled
1672426618.136506,0,GPU-a71d5fd4-b7db-93b7-1b7a-5a6e2a6a8c65,0.17,0.41240234375,10240.0,6017.0,472.12,NVIDIA GeForce RTX 3080,[N/A],Enabled,Enabled
1672426619.139517,0,GPU-a71d5fd4-b7db-93b7-1b7a-5a6e2a6a8c65,0.16,0.41240234375,10240.0,6017.0,472.12,NVIDIA GeForce RTX 3080,[N/A],Enabled,Enabled
1672426620.131918,0,GPU-a71d5fd4-b7db-93b7-1b7a-5a6e2a6a8c65,0.17,0.41240234375,10240.0,6017.0,472.12,NVIDIA GeForce RTX 3080,[N/A],Enabled,Enabled
1672426621.125786,0,GPU-a71d5fd4-b7db-93b7-1b7a-5a6e2a6a8c65,0.16,0.41240234375,10240.0,6017.0,472.12,NVIDIA GeForce RTX 3080,[N/A],Enabled,Enabled
1672426622.134832,0,GPU-a71d5fd4-b7db-93b7-1b7a-5a6e2a6a8c65,0.17,0.41240234375,10240.0,6017.0,472.12,NVIDIA GeForce RTX 3080,[N/A],Enabled,Enabled
1672426623.12959,0,GPU-a71d5fd4-b7db-93b7-1b7a-5a6e2a6a8c65,0.17,0.41240234375,10240.0,6017.0,472.12,NVIDIA GeForce RTX 3080,[N/A],Enabled,Enabled
1672426624.138645,0,GPU-a71d5fd4-b7db-93b7-1b7a-5a6e2a6a8c65,0.17,0.41240234375,10240.0,6017.0,472.12,NVIDIA GeForce RTX 3080,[N/A],Enabled,Enabled
1672426625.132779,0,GPU-a71d5fd4-b7db-93b7-1b7a-5a6e2a6a8c65,0.17,0.41240234375,10240.0,6017.0,472.12,NVIDIA GeForce RTX 3080,[N/A],Enabled,Enabled
1672426626.126611,0,GPU-a71d5fd4-b7db-93b7-1b7a-5a6e2a6a8c65,0.17,0.41240234375,10240.0,6017.0,472.12,NVIDIA GeForce RTX 3080,[N/A],Enabled,Enabled
1672426627.134279,0,GPU-a71d5fd4-b7db-93b7-1b7a-5a6e2a6a8c65,0.17,0.41240234375,10240.0,6017.0,472.12,NVIDIA GeForce RTX 3080,[N/A],Enabled,Enabled
1672426628.134327,0,GPU-a71d5fd4-b7db-93b7-1b7a-5a6e2a6a8c65,0.17,0.41240234375,10240.0,6017.0,472.12,NVIDIA GeForce RTX 3080,[N/A],Enabled,Enabled
1672426629.126644,0,GPU-a71d5fd4-b7db-93b7-1b7a-5a6e2a6a8c65,0.17,0.41240234375,10240.0,6017.0,472.12,NVIDIA GeForce RTX 3080,[N/A],Enabled,Enabled
1672426630.133019,0,GPU-a71d5fd4-b7db-93b7-1b7a-5a6e2a6a8c65,0.17,0.41240234375,10240.0,6017.0,472.12,NVIDIA GeForce RTX 3080,[N/A],Enabled,Enabled
1672426631.139513,0,GPU-a71d5fd4-b7db-93b7-1b7a-5a6e2a6a8c65,0.17,0.41240234375,10240.0,6017.0,472.12,NVIDIA GeForce RTX 3080,[N/A],Enabled,Enabled
1672426632.132998,0,GPU-a71d5fd4-b7db-93b7-1b7a-5a6e2a6a8c65,0.17,0.41240234375,10240.0,6017.0,472.12,NVIDIA GeForce RTX 3080,[N/A],Enabled,Enabled
1672426633.126582,0,GPU-a71d5fd4-b7db-93b7-1b7a-5a6e2a6a8c65,0.17,0.41240234375,10240.0,6017.0,472.12,NVIDIA GeForce RTX 3080,[N/A],Enabled,Enabled
1672426634.131754,0,GPU-a71d5fd4-b7db-93b7-1b7a-5a6e2a6a8c65,0.17,0.41240234375,10240.0,6017.0,472.12,NVIDIA GeForce RTX 3080,[N/A],Enabled,Enabled
1672426635.140246,0,GPU-a71d5fd4-b7db-93b7-1b7a-5a6e2a6a8c65,0.18,0.41240234375,10240.0,6017.0,472.12,NVIDIA GeForce RTX 3080,[N/A],Enabled,Enabled
1672426636.132016,0,GPU-a71d5fd4-b7db-93b7-1b7a-5a6e2a6a8c65,0.18,0.41240234375,10240.0,6017.0,472.12,NVIDIA GeForce RTX 3080,[N/A],Enabled,Enabled
1672426637.140941,0,GPU-a71d5fd4-b7db-93b7-1b7a-5a6e2a6a8c65,0.17,0.41240234375,10240.0,6017.0,472.12,NVIDIA GeForce RTX 3080,[N/A],Enabled,Enabled
1672426638.13268,0,GPU-a71d5fd4-b7db-93b7-1b7a-5a6e2a6a8c65,0.17,0.41240234375,10240.0,6017.0,472.12,NVIDIA GeForce RTX 3080,[N/A],Enabled,Enabled
1672426639.140677,0,GPU-a71d5fd4-b7db-93b7-1b7a-5a6e2a6a8c65,0.17,0.41240234375,10240.0,6017.0,472.12,NVIDIA GeForce RTX 3080,[N/A],Enabled,Enabled
1672426640.132698,0,GPU-a71d5fd4-b7db-93b7-1b7a-5a6e2a6a8c65,0.17,0.41240234375,10240.0,6017.0,472.12,NVIDIA GeForce RTX 3080,[N/A],Enabled,Enabled
1672426641.137988,0,GPU-a71d5fd4-b7db-93b7-1b7a-5a6e2a6a8c65,0.17,0.41240234375,10240.0,6017.0,472.12,NVIDIA GeForce RTX 3080,[N/A],Enabled,Enabled
1672426642.127914,0,GPU-a71d5fd4-b7db-93b7-1b7a-5a6e2a6a8c65,0.17,0.41240234375,10240.0,6017.0,472.12,NVIDIA GeForce RTX 3080,[N/A],Enabled,Enabled
1672426643.135466,0,GPU-a71d5fd4-b7db-93b7-1b7a-5a6e2a6a8c65,0.17,0.41240234375,10240.0,6017.0,472.12,NVIDIA GeForce RTX 3080,[N/A],Enabled,Enabled
1672426644.129584,0,GPU-a71d5fd4-b7db-93b7-1b7a-5a6e2a6a8c65,0.17,0.41240234375,10240.0,6017.0,472.12,NVIDIA GeForce RTX 3080,[N/A],Enabled,Enabled
1672426645.134577,0,GPU-a71d5fd4-b7db-93b7-1b7a-5a6e2a6a8c65,0.17,0.41240234375,10240.0,6017.0,472.12,NVIDIA GeForce RTX 3080,[N/A],Enabled,Enabled
1672426646.140724,0,GPU-a71d5fd4-b7db-93b7-1b7a-5a6e2a6a8c65,0.18,0.41240234375,10240.0,6017.0,472.12,NVIDIA GeForce RTX 3080,[N/A],Enabled,Enabled
1672426647.134018,0,GPU-a71d5fd4-b7db-93b7-1b7a-5a6e2a6a8c65,0.17,0.41240234375,10240.0,6017.0,472.12,NVIDIA GeForce RTX 3080,[N/A],Enabled,Enabled
1672426648.129555,0,GPU-a71d5fd4-b7db-93b7-1b7a-5a6e2a6a8c65,0.17,0.41240234375,10240.0,6017.0,472.12,NVIDIA GeForce RTX 3080,[N/A],Enabled,Enabled
1672426649.13617,0,GPU-a71d5fd4-b7db-93b7-1b7a-5a6e2a6a8c65,0.17,0.41240234375,10240.0,6017.0,472.12,NVIDIA GeForce RTX 3080,[N/A],Enabled,Enabled
1672426650.128643,0,GPU-a71d5fd4-b7db-93b7-1b7a-5a6e2a6a8c65,0.18,0.41240234375,10240.0,6017.0,472.12,NVIDIA GeForce RTX 3080,[N/A],Enabled,Enabled
1672426651.134036,0,GPU-a71d5fd4-b7db-93b7-1b7a-5a6e2a6a8c65,0.17,0.41240234375,10240.0,6017.0,472.12,NVIDIA GeForce RTX 3080,[N/A],Enabled,Enabled
1672426652.127569,0,GPU-a71d5fd4-b7db-93b7-1b7a-5a6e2a6a8c65,0.17,0.41240234375,10240.0,6017.0,472.12,NVIDIA GeForce RTX 3080,[N/A],Enabled,Enabled
1672426653.132867,0,GPU-a71d5fd4-b7db-93b7-1b7a-5a6e2a6a8c65,0.17,0.41240234375,10240.0,6017.0,472.12,NVIDIA GeForce RTX 3080,[N/A],Enabled,Enabled
1672426654.140856,0,GPU-a71d5fd4-b7db-93b7-1b7a-5a6e2a6a8c65,0.18,0.41240234375,10240.0,6017.0,472.12,NVIDIA GeForce RTX 3080,[N/A],Enabled,Enabled
1672426655.134346,0,GPU-a71d5fd4-b7db-93b7-1b7a-5a6e2a6a8c65,0.17,0.41240234375,10240.0,6017.0,472.12,NVIDIA GeForce RTX 3080,[N/A],Enabled,Enabled
1672426656.125829,0,GPU-a71d5fd4-b7db-93b7-1b7a-5a6e2a6a8c65,0.17,0.41240234375,10240.0,6017.0,472.12,NVIDIA GeForce RTX 3080,[N/A],Enabled,Enabled
1672426657.1348,0,GPU-a71d5fd4-b7db-93b7-1b7a-5a6e2a6a8c65,0.18,0.41240234375,10240.0,6017.0,472.12,NVIDIA GeForce RTX 3080,[N/A],Enabled,Enabled
1672426658.129582,0,GPU-a71d5fd4-b7db-93b7-1b7a-5a6e2a6a8c65,0.17,0.41240234375,10240.0,6017.0,472.12,NVIDIA GeForce RTX 3080,[N/A],Enabled,Enabled
1672426659.136801,0,GPU-a71d5fd4-b7db-93b7-1b7a-5a6e2a6a8c65,0.17,0.41240234375,10240.0,6017.0,472.12,NVIDIA GeForce RTX 3080,[N/A],Enabled,Enabled
1672426660.129873,0,GPU-a71d5fd4-b7db-93b7-1b7a-5a6e2a6a8c65,0.17,0.41240234375,10240.0,6017.0,472.12,NVIDIA GeForce RTX 3080,[N/A],Enabled,Enabled
1672426661.132878,0,GPU-a71d5fd4-b7db-93b7-1b7a-5a6e2a6a8c65,0.17,0.41240234375,10240.0,6017.0,472.12,NVIDIA GeForce RTX 3080,[N/A],Enabled,Enabled
1672426662.126645,0,GPU-a71d5fd4-b7db-93b7-1b7a-5a6e2a6a8c65,0.18,0.41240234375,10240.0,6017.0,472.12,NVIDIA GeForce RTX 3080,[N/A],Enabled,Enabled
1672426663.131718,0,GPU-a71d5fd4-b7db-93b7-1b7a-5a6e2a6a8c65,0.17,0.41240234375,10240.0,6017.0,472.12,NVIDIA GeForce RTX 3080,[N/A],Enabled,Enabled
1672426664.13566,0,GPU-a71d5fd4-b7db-93b7-1b7a-5a6e2a6a8c65,0.17,0.41240234375,10240.0,6017.0,472.12,NVIDIA GeForce RTX 3080,[N/A],Enabled,Enabled
1672426665.137265,0,GPU-a71d5fd4-b7db-93b7-1b7a-5a6e2a6a8c65,0.17,0.41240234375,10240.0,6017.0,472.12,NVIDIA GeForce RTX 3080,[N/A],Enabled,Enabled
1672426666.139996,0,GPU-a71d5fd4-b7db-93b7-1b7a-5a6e2a6a8c65,0.17,0.41240234375,10240.0,6017.0,472.12,NVIDIA GeForce RTX 3080,[N/A],Enabled,Enabled
1672426667.128605,0,GPU-a71d5fd4-b7db-93b7-1b7a-5a6e2a6a8c65,0.17,0.41240234375,10240.0,6017.0,472.12,NVIDIA GeForce RTX 3080,[N/A],Enabled,Enabled
1672426668.135759,0,GPU-a71d5fd4-b7db-93b7-1b7a-5a6e2a6a8c65,0.17,0.41240234375,10240.0,6017.0,472.12,NVIDIA GeForce RTX 3080,[N/A],Enabled,Enabled
1672426669.127613,0,GPU-a71d5fd4-b7db-93b7-1b7a-5a6e2a6a8c65,0.17,0.41240234375,10240.0,6017.0,472.12,NVIDIA GeForce RTX 3080,[N/A],Enabled,Enabled
1672426670.136615,0,GPU-a71d5fd4-b7db-93b7-1b7a-5a6e2a6a8c65,0.17,0.41240234375,10240.0,6017.0,472.12,NVIDIA GeForce RTX 3080,[N/A],Enabled,Enabled
1672426671.129809,0,GPU-a71d5fd4-b7db-93b7-1b7a-5a6e2a6a8c65,0.17,0.41240234375,10240.0,6017.0,472.12,NVIDIA GeForce RTX 3080,[N/A],Enabled,Enabled
1672426672.137346,0,GPU-a71d5fd4-b7db-93b7-1b7a-5a6e2a6a8c65,0.17,0.41240234375,10240.0,6017.0,472.12,NVIDIA GeForce RTX 3080,[N/A],Enabled,Enabled
1672426673.133013,0,GPU-a71d5fd4-b7db-93b7-1b7a-5a6e2a6a8c65,0.17,0.41240234375,10240.0,6017.0,472.12,NVIDIA GeForce RTX 3080,[N/A],Enabled,Enabled
1672426674.137822,0,GPU-a71d5fd4-b7db-93b7-1b7a-5a6e2a6a8c65,0.17,0.41240234375,10240.0,6017.0,472.12,NVIDIA GeForce RTX 3080,[N/A],Enabled,Enabled
1672426675.129597,0,GPU-a71d5fd4-b7db-93b7-1b7a-5a6e2a6a8c65,0.17,0.41240234375,10240.0,6017.0,472.12,NVIDIA GeForce RTX 3080,[N/A],Enabled,Enabled
1672426676.136468,0,GPU-a71d5fd4-b7db-93b7-1b7a-5a6e2a6a8c65,0.17,0.41240234375,10240.0,6017.0,472.12,NVIDIA GeForce RTX 3080,[N/A],Enabled,Enabled
1672426677.127556,0,GPU-a71d5fd4-b7db-93b7-1b7a-5a6e2a6a8c65,0.17,0.41240234375,10240.0,6017.0,472.12,NVIDIA GeForce RTX 3080,[N/A],Enabled,Enabled
1672426678.131594,0,GPU-a71d5fd4-b7db-93b7-1b7a-5a6e2a6a8c65,0.17,0.41240234375,10240.0,6017.0,472.12,NVIDIA GeForce RTX 3080,[N/A],Enabled,Enabled
1672426679.135902,0,GPU-a71d5fd4-b7db-93b7-1b7a-5a6e2a6a8c65,0.17,0.41240234375,10240.0,6017.0,472.12,NVIDIA GeForce RTX 3080,[N/A],Enabled,Enabled
1672426680.127616,0,GPU-a71d5fd4-b7db-93b7-1b7a-5a6e2a6a8c65,0.18,0.41240234375,10240.0,6017.0,472.12,NVIDIA GeForce RTX 3080,[N/A],Enabled,Enabled
1672426681.134391,0,GPU-a71d5fd4-b7db-93b7-1b7a-5a6e2a6a8c65,0.17,0.41240234375,10240.0,6017.0,472.12,NVIDIA GeForce RTX 3080,[N/A],Enabled,Enabled
1672426682.140817,0,GPU-a71d5fd4-b7db-93b7-1b7a-5a6e2a6a8c65,0.18,0.41240234375,10240.0,6017.0,472.12,NVIDIA GeForce RTX 3080,[N/A],Enabled,Enabled
1672426683.131652,0,GPU-a71d5fd4-b7db-93b7-1b7a-5a6e2a6a8c65,0.17,0.41240234375,10240.0,6017.0,472.12,NVIDIA GeForce RTX 3080,[N/A],Enabled,Enabled
1672426684.138729,0,GPU-a71d5fd4-b7db-93b7-1b7a-5a6e2a6a8c65,0.17,0.41240234375,10240.0,6017.0,472.12,NVIDIA GeForce RTX 3080,[N/A],Enabled,Enabled
1672426685.130728,0,GPU-a71d5fd4-b7db-93b7-1b7a-5a6e2a6a8c65,0.16,0.41240234375,10240.0,6017.0,472.12,NVIDIA GeForce RTX 3080,[N/A],Enabled,Enabled
1672426686.139661,0,GPU-a71d5fd4-b7db-93b7-1b7a-5a6e2a6a8c65,0.17,0.41240234375,10240.0,6017.0,472.12,NVIDIA GeForce RTX 3080,[N/A],Enabled,Enabled
1672426687.130753,0,GPU-a71d5fd4-b7db-93b7-1b7a-5a6e2a6a8c65,0.16,0.41240234375,10240.0,6017.0,472.12,NVIDIA GeForce RTX 3080,[N/A],Enabled,Enabled
1672426688.138846,0,GPU-a71d5fd4-b7db-93b7-1b7a-5a6e2a6a8c65,0.17,0.41240234375,10240.0,6017.0,472.12,NVIDIA GeForce RTX 3080,[N/A],Enabled,Enabled
1672426689.12786,0,GPU-a71d5fd4-b7db-93b7-1b7a-5a6e2a6a8c65,0.17,0.41240234375,10240.0,6017.0,472.12,NVIDIA GeForce RTX 3080,[N/A],Enabled,Enabled
1672426690.132957,0,GPU-a71d5fd4-b7db-93b7-1b7a-5a6e2a6a8c65,0.17,0.41240234375,10240.0,6017.0,472.12,NVIDIA GeForce RTX 3080,[N/A],Enabled,Enabled
1672426691.134409,0,GPU-a71d5fd4-b7db-93b7-1b7a-5a6e2a6a8c65,0.17,0.41240234375,10240.0,6017.0,472.12,NVIDIA GeForce RTX 3080,[N/A],Enabled,Enabled
1672426692.128887,0,GPU-a71d5fd4-b7db-93b7-1b7a-5a6e2a6a8c65,0.18,0.41240234375,10240.0,6017.0,472.12,NVIDIA GeForce RTX 3080,[N/A],Enabled,Enabled
1672426693.131018,0,GPU-a71d5fd4-b7db-93b7-1b7a-5a6e2a6a8c65,0.17,0.41240234375,10240.0,6017.0,472.12,NVIDIA GeForce RTX 3080,[N/A],Enabled,Enabled
1672426694.138418,0,GPU-a71d5fd4-b7db-93b7-1b7a-5a6e2a6a8c65,0.16,0.41240234375,10240.0,6017.0,472.12,NVIDIA GeForce RTX 3080,[N/A],Enabled,Enabled
1672426695.14081,0,GPU-a71d5fd4-b7db-93b7-1b7a-5a6e2a6a8c65,0.16,0.41240234375,10240.0,6017.0,472.12,NVIDIA GeForce RTX 3080,[N/A],Enabled,Enabled
1672426696.130858,0,GPU-a71d5fd4-b7db-93b7-1b7a-5a6e2a6a8c65,0.17,0.41240234375,10240.0,6017.0,472.12,NVIDIA GeForce RTX 3080,[N/A],Enabled,Enabled
1672426697.135772,0,GPU-a71d5fd4-b7db-93b7-1b7a-5a6e2a6a8c65,0.17,0.41240234375,10240.0,6017.0,472.12,NVIDIA GeForce RTX 3080,[N/A],Enabled,Enabled
1672426698.128572,0,GPU-a71d5fd4-b7db-93b7-1b7a-5a6e2a6a8c65,0.17,0.41240234375,10240.0,6017.0,472.12,NVIDIA GeForce RTX 3080,[N/A],Enabled,Enabled
1672426699.135995,0,GPU-a71d5fd4-b7db-93b7-1b7a-5a6e2a6a8c65,0.16,0.41240234375,10240.0,6017.0,472.12,NVIDIA GeForce RTX 3080,[N/A],Enabled,Enabled
1672426700.140892,0,GPU-a71d5fd4-b7db-93b7-1b7a-5a6e2a6a8c65,0.14,0.40537109375,10240.0,6089.0,472.12,NVIDIA GeForce RTX 3080,[N/A],Enabled,Enabled
1672426701.130886,0,GPU-a71d5fd4-b7db-93b7-1b7a-5a6e2a6a8c65,0.14,0.40537109375,10240.0,6089.0,472.12,NVIDIA GeForce RTX 3080,[N/A],Enabled,Enabled
1672426702.136878,0,GPU-a71d5fd4-b7db-93b7-1b7a-5a6e2a6a8c65,0.14,0.4052734375,10240.0,6090.0,472.12,NVIDIA GeForce RTX 3080,[N/A],Enabled,Enabled
1672426703.130967,0,GPU-a71d5fd4-b7db-93b7-1b7a-5a6e2a6a8c65,0.14,0.4052734375,10240.0,6090.0,472.12,NVIDIA GeForce RTX 3080,[N/A],Enabled,Enabled
1672426704.135625,0,GPU-a71d5fd4-b7db-93b7-1b7a-5a6e2a6a8c65,0.14,0.4052734375,10240.0,6090.0,472.12,NVIDIA GeForce RTX 3080,[N/A],Enabled,Enabled
1672426705.130934,0,GPU-a71d5fd4-b7db-93b7-1b7a-5a6e2a6a8c65,0.13,0.4052734375,10240.0,6090.0,472.12,NVIDIA GeForce RTX 3080,[N/A],Enabled,Enabled
1672426706.140674,0,GPU-a71d5fd4-b7db-93b7-1b7a-5a6e2a6a8c65,0.13,0.4052734375,10240.0,6090.0,472.12,NVIDIA GeForce RTX 3080,[N/A],Enabled,Enabled
1672426707.130786,0,GPU-a71d5fd4-b7db-93b7-1b7a-5a6e2a6a8c65,0.14,0.4052734375,10240.0,6090.0,472.12,NVIDIA GeForce RTX 3080,[N/A],Enabled,Enabled
1672426708.126655,0,GPU-a71d5fd4-b7db-93b7-1b7a-5a6e2a6a8c65,0.14,0.4052734375,10240.0,6090.0,472.12,NVIDIA GeForce RTX 3080,[N/A],Enabled,Enabled
1672426709.134336,0,GPU-a71d5fd4-b7db-93b7-1b7a-5a6e2a6a8c65,0.14,0.4052734375,10240.0,6090.0,472.12,NVIDIA GeForce RTX 3080,[N/A],Enabled,Enabled
1672426710.138939,0,GPU-a71d5fd4-b7db-93b7-1b7a-5a6e2a6a8c65,0.14,0.4052734375,10240.0,6090.0,472.12,NVIDIA GeForce RTX 3080,[N/A],Enabled,Enabled
1672426711.131963,0,GPU-a71d5fd4-b7db-93b7-1b7a-5a6e2a6a8c65,0.14,0.4052734375,10240.0,6090.0,472.12,NVIDIA GeForce RTX 3080,[N/A],Enabled,Enabled
1672426712.134775,0,GPU-a71d5fd4-b7db-93b7-1b7a-5a6e2a6a8c65,0.14,0.4052734375,10240.0,6090.0,472.12,NVIDIA GeForce RTX 3080,[N/A],Enabled,Enabled
1672426713.129573,0,GPU-a71d5fd4-b7db-93b7-1b7a-5a6e2a6a8c65,0.14,0.4052734375,10240.0,6090.0,472.12,NVIDIA GeForce RTX 3080,[N/A],Enabled,Enabled
1672426714.136937,0,GPU-a71d5fd4-b7db-93b7-1b7a-5a6e2a6a8c65,0.14,0.40546875,10240.0,6088.0,472.12,NVIDIA GeForce RTX 3080,[N/A],Enabled,Enabled
1672426715.140614,0,GPU-a71d5fd4-b7db-93b7-1b7a-5a6e2a6a8c65,0.17,0.41240234375,10240.0,6017.0,472.12,NVIDIA GeForce RTX 3080,[N/A],Enabled,Enabled
1672426716.1325,0,GPU-a71d5fd4-b7db-93b7-1b7a-5a6e2a6a8c65,0.17,0.41240234375,10240.0,6017.0,472.12,NVIDIA GeForce RTX 3080,[N/A],Enabled,Enabled
1672426717.139974,0,GPU-a71d5fd4-b7db-93b7-1b7a-5a6e2a6a8c65,0.17,0.41240234375,10240.0,6017.0,472.12,NVIDIA GeForce RTX 3080,[N/A],Enabled,Enabled
1672426718.129906,0,GPU-a71d5fd4-b7db-93b7-1b7a-5a6e2a6a8c65,0.17,0.41240234375,10240.0,6017.0,472.12,NVIDIA GeForce RTX 3080,[N/A],Enabled,Enabled
1672426719.13858,0,GPU-a71d5fd4-b7db-93b7-1b7a-5a6e2a6a8c65,0.16,0.41240234375,10240.0,6017.0,472.12,NVIDIA GeForce RTX 3080,[N/A],Enabled,Enabled
1672426720.130496,0,GPU-a71d5fd4-b7db-93b7-1b7a-5a6e2a6a8c65,0.17,0.41240234375,10240.0,6017.0,472.12,NVIDIA GeForce RTX 3080,[N/A],Enabled,Enabled
1672426721.137646,0,GPU-a71d5fd4-b7db-93b7-1b7a-5a6e2a6a8c65,0.17,0.41240234375,10240.0,6017.0,472.12,NVIDIA GeForce RTX 3080,[N/A],Enabled,Enabled
1672426722.134417,0,GPU-a71d5fd4-b7db-93b7-1b7a-5a6e2a6a8c65,0.17,0.41240234375,10240.0,6017.0,472.12,NVIDIA GeForce RTX 3080,[N/A],Enabled,Enabled
1672426723.128634,0,GPU-a71d5fd4-b7db-93b7-1b7a-5a6e2a6a8c65,0.16,0.41240234375,10240.0,6017.0,472.12,NVIDIA GeForce RTX 3080,[N/A],Enabled,Enabled
1672426724.136566,0,GPU-a71d5fd4-b7db-93b7-1b7a-5a6e2a6a8c65,0.17,0.41240234375,10240.0,6017.0,472.12,NVIDIA GeForce RTX 3080,[N/A],Enabled,Enabled
1672426725.126617,0,GPU-a71d5fd4-b7db-93b7-1b7a-5a6e2a6a8c65,0.17,0.41240234375,10240.0,6017.0,472.12,NVIDIA GeForce RTX 3080,[N/A],Enabled,Enabled
1672426726.137667,0,GPU-a71d5fd4-b7db-93b7-1b7a-5a6e2a6a8c65,0.17,0.41240234375,10240.0,6017.0,472.12,NVIDIA GeForce RTX 3080,[N/A],Enabled,Enabled
1672426727.129831,0,GPU-a71d5fd4-b7db-93b7-1b7a-5a6e2a6a8c65,0.17,0.41240234375,10240.0,6017.0,472.12,NVIDIA GeForce RTX 3080,[N/A],Enabled,Enabled
1672426728.128486,0,GPU-a71d5fd4-b7db-93b7-1b7a-5a6e2a6a8c65,0.17,0.41240234375,10240.0,6017.0,472.12,NVIDIA GeForce RTX 3080,[N/A],Enabled,Enabled
1672426729.138796,0,GPU-a71d5fd4-b7db-93b7-1b7a-5a6e2a6a8c65,0.17,0.41240234375,10240.0,6017.0,472.12,NVIDIA GeForce RTX 3080,[N/A],Enabled,Enabled
1672426730.134973,0,GPU-a71d5fd4-b7db-93b7-1b7a-5a6e2a6a8c65,0.17,0.41240234375,10240.0,6017.0,472.12,NVIDIA GeForce RTX 3080,[N/A],Enabled,Enabled
1672426731.128889,0,GPU-a71d5fd4-b7db-93b7-1b7a-5a6e2a6a8c65,0.16,0.41240234375,10240.0,6017.0,472.12,NVIDIA GeForce RTX 3080,[N/A],Enabled,Enabled
1672426732.138222,0,GPU-a71d5fd4-b7db-93b7-1b7a-5a6e2a6a8c65,0.17,0.41240234375,10240.0,6017.0,472.12,NVIDIA GeForce RTX 3080,[N/A],Enabled,Enabled
1672426733.131735,0,GPU-a71d5fd4-b7db-93b7-1b7a-5a6e2a6a8c65,0.17,0.41240234375,10240.0,6017.0,472.12,NVIDIA GeForce RTX 3080,[N/A],Enabled,Enabled
1672426734.137546,0,GPU-a71d5fd4-b7db-93b7-1b7a-5a6e2a6a8c65,0.17,0.41240234375,10240.0,6017.0,472.12,NVIDIA GeForce RTX 3080,[N/A],Enabled,Enabled
1672426735.131749,0,GPU-a71d5fd4-b7db-93b7-1b7a-5a6e2a6a8c65,0.16,0.41240234375,10240.0,6017.0,472.12,NVIDIA GeForce RTX 3080,[N/A],Enabled,Enabled
1672426736.136755,0,GPU-a71d5fd4-b7db-93b7-1b7a-5a6e2a6a8c65,0.17,0.41240234375,10240.0,6017.0,472.12,NVIDIA GeForce RTX 3080,[N/A],Enabled,Enabled
1672426737.128549,0,GPU-a71d5fd4-b7db-93b7-1b7a-5a6e2a6a8c65,0.16,0.41240234375,10240.0,6017.0,472.12,NVIDIA GeForce RTX 3080,[N/A],Enabled,Enabled
1672426738.132962,0,GPU-a71d5fd4-b7db-93b7-1b7a-5a6e2a6a8c65,0.17,0.41240234375,10240.0,6017.0,472.12,NVIDIA GeForce RTX 3080,[N/A],Enabled,Enabled
1672426739.128969,0,GPU-a71d5fd4-b7db-93b7-1b7a-5a6e2a6a8c65,0.17,0.41240234375,10240.0,6017.0,472.12,NVIDIA GeForce RTX 3080,[N/A],Enabled,Enabled
1672426740.135873,0,GPU-a71d5fd4-b7db-93b7-1b7a-5a6e2a6a8c65,0.18,0.41240234375,10240.0,6017.0,472.12,NVIDIA GeForce RTX 3080,[N/A],Enabled,Enabled
1672426741.139698,0,GPU-a71d5fd4-b7db-93b7-1b7a-5a6e2a6a8c65,0.17,0.41240234375,10240.0,6017.0,472.12,NVIDIA GeForce RTX 3080,[N/A],Enabled,Enabled
1672426742.129952,0,GPU-a71d5fd4-b7db-93b7-1b7a-5a6e2a6a8c65,0.17,0.41240234375,10240.0,6017.0,472.12,NVIDIA GeForce RTX 3080,[N/A],Enabled,Enabled
1672426743.139563,0,GPU-a71d5fd4-b7db-93b7-1b7a-5a6e2a6a8c65,0.16,0.41240234375,10240.0,6017.0,472.12,NVIDIA GeForce RTX 3080,[N/A],Enabled,Enabled
1672426744.127755,0,GPU-a71d5fd4-b7db-93b7-1b7a-5a6e2a6a8c65,0.17,0.41240234375,10240.0,6017.0,472.12,NVIDIA GeForce RTX 3080,[N/A],Enabled,Enabled
1672426745.129536,0,GPU-a71d5fd4-b7db-93b7-1b7a-5a6e2a6a8c65,0.16,0.41240234375,10240.0,6017.0,472.12,NVIDIA GeForce RTX 3080,[N/A],Enabled,Enabled
1672426746.136706,0,GPU-a71d5fd4-b7db-93b7-1b7a-5a6e2a6a8c65,0.17,0.41240234375,10240.0,6017.0,472.12,NVIDIA GeForce RTX 3080,[N/A],Enabled,Enabled
1672426747.131929,0,GPU-a71d5fd4-b7db-93b7-1b7a-5a6e2a6a8c65,0.17,0.41240234375,10240.0,6017.0,472.12,NVIDIA GeForce RTX 3080,[N/A],Enabled,Enabled
1672426748.127069,0,GPU-a71d5fd4-b7db-93b7-1b7a-5a6e2a6a8c65,0.17,0.41240234375,10240.0,6017.0,472.12,NVIDIA GeForce RTX 3080,[N/A],Enabled,Enabled
1672426749.132889,0,GPU-a71d5fd4-b7db-93b7-1b7a-5a6e2a6a8c65,0.18,0.41240234375,10240.0,6017.0,472.12,NVIDIA GeForce RTX 3080,[N/A],Enabled,Enabled
1672426750.126675,0,GPU-a71d5fd4-b7db-93b7-1b7a-5a6e2a6a8c65,0.17,0.41240234375,10240.0,6017.0,472.12,NVIDIA GeForce RTX 3080,[N/A],Enabled,Enabled
1672426751.133729,0,GPU-a71d5fd4-b7db-93b7-1b7a-5a6e2a6a8c65,0.17,0.41240234375,10240.0,6017.0,472.12,NVIDIA GeForce RTX 3080,[N/A],Enabled,Enabled
1672426752.140042,0,GPU-a71d5fd4-b7db-93b7-1b7a-5a6e2a6a8c65,0.17,0.41240234375,10240.0,6017.0,472.12,NVIDIA GeForce RTX 3080,[N/A],Enabled,Enabled
1672426753.130848,0,GPU-a71d5fd4-b7db-93b7-1b7a-5a6e2a6a8c65,0.17,0.41240234375,10240.0,6017.0,472.12,NVIDIA GeForce RTX 3080,[N/A],Enabled,Enabled
1672426754.137943,0,GPU-a71d5fd4-b7db-93b7-1b7a-5a6e2a6a8c65,0.17,0.41240234375,10240.0,6017.0,472.12,NVIDIA GeForce RTX 3080,[N/A],Enabled,Enabled
1672426755.131935,0,GPU-a71d5fd4-b7db-93b7-1b7a-5a6e2a6a8c65,0.17,0.41240234375,10240.0,6017.0,472.12,NVIDIA GeForce RTX 3080,[N/A],Enabled,Enabled
1672426756.139736,0,GPU-a71d5fd4-b7db-93b7-1b7a-5a6e2a6a8c65,0.17,0.41240234375,10240.0,6017.0,472.12,NVIDIA GeForce RTX 3080,[N/A],Enabled,Enabled
1672426757.134708,0,GPU-a71d5fd4-b7db-93b7-1b7a-5a6e2a6a8c65,0.17,0.41240234375,10240.0,6017.0,472.12,NVIDIA GeForce RTX 3080,[N/A],Enabled,Enabled
1672426758.127532,0,GPU-a71d5fd4-b7db-93b7-1b7a-5a6e2a6a8c65,0.17,0.41240234375,10240.0,6017.0,472.12,NVIDIA GeForce RTX 3080,[N/A],Enabled,Enabled
1672426759.137213,0,GPU-a71d5fd4-b7db-93b7-1b7a-5a6e2a6a8c65,0.17,0.41240234375,10240.0,6017.0,472.12,NVIDIA GeForce RTX 3080,[N/A],Enabled,Enabled
1672426760.131856,0,GPU-a71d5fd4-b7db-93b7-1b7a-5a6e2a6a8c65,0.18,0.41240234375,10240.0,6017.0,472.12,NVIDIA GeForce RTX 3080,[N/A],Enabled,Enabled
1672426761.140785,0,GPU-a71d5fd4-b7db-93b7-1b7a-5a6e2a6a8c65,0.17,0.41240234375,10240.0,6017.0,472.12,NVIDIA GeForce RTX 3080,[N/A],Enabled,Enabled
1672426762.134165,0,GPU-a71d5fd4-b7db-93b7-1b7a-5a6e2a6a8c65,0.17,0.41240234375,10240.0,6017.0,472.12,NVIDIA GeForce RTX 3080,[N/A],Enabled,Enabled
1672426763.126947,0,GPU-a71d5fd4-b7db-93b7-1b7a-5a6e2a6a8c65,0.17,0.41240234375,10240.0,6017.0,472.12,NVIDIA GeForce RTX 3080,[N/A],Enabled,Enabled
1672426764.137754,0,GPU-a71d5fd4-b7db-93b7-1b7a-5a6e2a6a8c65,0.17,0.41240234375,10240.0,6017.0,472.12,NVIDIA GeForce RTX 3080,[N/A],Enabled,Enabled
1672426765.129599,0,GPU-a71d5fd4-b7db-93b7-1b7a-5a6e2a6a8c65,0.17,0.41240234375,10240.0,6017.0,472.12,NVIDIA GeForce RTX 3080,[N/A],Enabled,Enabled
1672426766.126787,0,GPU-a71d5fd4-b7db-93b7-1b7a-5a6e2a6a8c65,0.17,0.41240234375,10240.0,6017.0,472.12,NVIDIA GeForce RTX 3080,[N/A],Enabled,Enabled
1672426767.134235,0,GPU-a71d5fd4-b7db-93b7-1b7a-5a6e2a6a8c65,0.17,0.41240234375,10240.0,6017.0,472.12,NVIDIA GeForce RTX 3080,[N/A],Enabled,Enabled
1672426768.12708,0,GPU-a71d5fd4-b7db-93b7-1b7a-5a6e2a6a8c65,0.17,0.41240234375,10240.0,6017.0,472.12,NVIDIA GeForce RTX 3080,[N/A],Enabled,Enabled
1672426769.127796,0,GPU-a71d5fd4-b7db-93b7-1b7a-5a6e2a6a8c65,0.17,0.41240234375,10240.0,6017.0,472.12,NVIDIA GeForce RTX 3080,[N/A],Enabled,Enabled
1672426770.130993,0,GPU-a71d5fd4-b7db-93b7-1b7a-5a6e2a6a8c65,0.17,0.41240234375,10240.0,6017.0,472.12,NVIDIA GeForce RTX 3080,[N/A],Enabled,Enabled
1672426771.138603,0,GPU-a71d5fd4-b7db-93b7-1b7a-5a6e2a6a8c65,0.16,0.41240234375,10240.0,6017.0,472.12,NVIDIA GeForce RTX 3080,[N/A],Enabled,Enabled
1672426772.133039,0,GPU-a71d5fd4-b7db-93b7-1b7a-5a6e2a6a8c65,0.17,0.41240234375,10240.0,6017.0,472.12,NVIDIA GeForce RTX 3080,[N/A],Enabled,Enabled
1672426773.138957,0,GPU-a71d5fd4-b7db-93b7-1b7a-5a6e2a6a8c65,0.18,0.41240234375,10240.0,6017.0,472.12,NVIDIA GeForce RTX 3080,[N/A],Enabled,Enabled
1672426774.133025,0,GPU-a71d5fd4-b7db-93b7-1b7a-5a6e2a6a8c65,0.18,0.41240234375,10240.0,6017.0,472.12,NVIDIA GeForce RTX 3080,[N/A],Enabled,Enabled
1672426775.126988,0,GPU-a71d5fd4-b7db-93b7-1b7a-5a6e2a6a8c65,0.17,0.41240234375,10240.0,6017.0,472.12,NVIDIA GeForce RTX 3080,[N/A],Enabled,Enabled
1672426776.132964,0,GPU-a71d5fd4-b7db-93b7-1b7a-5a6e2a6a8c65,0.18,0.41240234375,10240.0,6017.0,472.12,NVIDIA GeForce RTX 3080,[N/A],Enabled,Enabled
1672426777.137681,0,GPU-a71d5fd4-b7db-93b7-1b7a-5a6e2a6a8c65,0.17,0.41240234375,10240.0,6017.0,472.12,NVIDIA GeForce RTX 3080,[N/A],Enabled,Enabled
1672426778.130906,0,GPU-a71d5fd4-b7db-93b7-1b7a-5a6e2a6a8c65,0.17,0.41240234375,10240.0,6017.0,472.12,NVIDIA GeForce RTX 3080,[N/A],Enabled,Enabled
1672426779.136885,0,GPU-a71d5fd4-b7db-93b7-1b7a-5a6e2a6a8c65,0.17,0.41240234375,10240.0,6017.0,472.12,NVIDIA GeForce RTX 3080,[N/A],Enabled,Enabled
1672426780.130571,0,GPU-a71d5fd4-b7db-93b7-1b7a-5a6e2a6a8c65,0.18,0.41240234375,10240.0,6017.0,472.12,NVIDIA GeForce RTX 3080,[N/A],Enabled,Enabled
1672426781.136073,0,GPU-a71d5fd4-b7db-93b7-1b7a-5a6e2a6a8c65,0.17,0.41240234375,10240.0,6017.0,472.12,NVIDIA GeForce RTX 3080,[N/A],Enabled,Enabled
1672426782.127941,0,GPU-a71d5fd4-b7db-93b7-1b7a-5a6e2a6a8c65,0.17,0.41240234375,10240.0,6017.0,472.12,NVIDIA GeForce RTX 3080,[N/A],Enabled,Enabled
1672426783.135622,0,GPU-a71d5fd4-b7db-93b7-1b7a-5a6e2a6a8c65,0.16,0.41240234375,10240.0,6017.0,472.12,NVIDIA GeForce RTX 3080,[N/A],Enabled,Enabled
1672426784.126654,0,GPU-a71d5fd4-b7db-93b7-1b7a-5a6e2a6a8c65,0.17,0.41240234375,10240.0,6017.0,472.12,NVIDIA GeForce RTX 3080,[N/A],Enabled,Enabled
1672426785.130655,0,GPU-a71d5fd4-b7db-93b7-1b7a-5a6e2a6a8c65,0.16,0.41240234375,10240.0,6017.0,472.12,NVIDIA GeForce RTX 3080,[N/A],Enabled,Enabled
1672426786.137802,0,GPU-a71d5fd4-b7db-93b7-1b7a-5a6e2a6a8c65,0.16,0.41240234375,10240.0,6017.0,472.12,NVIDIA GeForce RTX 3080,[N/A],Enabled,Enabled
1672426787.132961,0,GPU-a71d5fd4-b7db-93b7-1b7a-5a6e2a6a8c65,0.16,0.41240234375,10240.0,6017.0,472.12,NVIDIA GeForce RTX 3080,[N/A],Enabled,Enabled
1672426788.129026,0,GPU-a71d5fd4-b7db-93b7-1b7a-5a6e2a6a8c65,0.16,0.41240234375,10240.0,6017.0,472.12,NVIDIA GeForce RTX 3080,[N/A],Enabled,Enabled
1672426789.134186,0,GPU-a71d5fd4-b7db-93b7-1b7a-5a6e2a6a8c65,0.17,0.41240234375,10240.0,6017.0,472.12,NVIDIA GeForce RTX 3080,[N/A],Enabled,Enabled
1672426790.139144,0,GPU-a71d5fd4-b7db-93b7-1b7a-5a6e2a6a8c65,0.17,0.41240234375,10240.0,6017.0,472.12,NVIDIA GeForce RTX 3080,[N/A],Enabled,Enabled
1672426791.133688,0,GPU-a71d5fd4-b7db-93b7-1b7a-5a6e2a6a8c65,0.17,0.41240234375,10240.0,6017.0,472.12,NVIDIA GeForce RTX 3080,[N/A],Enabled,Enabled
1672426792.127576,0,GPU-a71d5fd4-b7db-93b7-1b7a-5a6e2a6a8c65,0.16,0.41240234375,10240.0,6017.0,472.12,NVIDIA GeForce RTX 3080,[N/A],Enabled,Enabled
1672426793.137617,0,GPU-a71d5fd4-b7db-93b7-1b7a-5a6e2a6a8c65,0.17,0.41240234375,10240.0,6017.0,472.12,NVIDIA GeForce RTX 3080,[N/A],Enabled,Enabled
1672426794.130219,0,GPU-a71d5fd4-b7db-93b7-1b7a-5a6e2a6a8c65,0.17,0.41240234375,10240.0,6017.0,472.12,NVIDIA GeForce RTX 3080,[N/A],Enabled,Enabled
1672426795.132821,0,GPU-a71d5fd4-b7db-93b7-1b7a-5a6e2a6a8c65,0.17,0.41240234375,10240.0,6017.0,472.12,NVIDIA GeForce RTX 3080,[N/A],Enabled,Enabled
1672426796.125863,0,GPU-a71d5fd4-b7db-93b7-1b7a-5a6e2a6a8c65,0.17,0.41240234375,10240.0,6017.0,472.12,NVIDIA GeForce RTX 3080,[N/A],Enabled,Enabled
1672426797.136719,0,GPU-a71d5fd4-b7db-93b7-1b7a-5a6e2a6a8c65,0.16,0.41240234375,10240.0,6017.0,472.12,NVIDIA GeForce RTX 3080,[N/A],Enabled,Enabled
1672426798.134014,0,GPU-a71d5fd4-b7db-93b7-1b7a-5a6e2a6a8c65,0.17,0.41240234375,10240.0,6017.0,472.12,NVIDIA GeForce RTX 3080,[N/A],Enabled,Enabled
1672426799.125893,0,GPU-a71d5fd4-b7db-93b7-1b7a-5a6e2a6a8c65,0.16,0.41240234375,10240.0,6017.0,472.12,NVIDIA GeForce RTX 3080,[N/A],Enabled,Enabled
1672426800.129482,0,GPU-a71d5fd4-b7db-93b7-1b7a-5a6e2a6a8c65,0.16,0.41240234375,10240.0,6017.0,472.12,NVIDIA GeForce RTX 3080,[N/A],Enabled,Enabled
1672426801.136871,0,GPU-a71d5fd4-b7db-93b7-1b7a-5a6e2a6a8c65,0.16,0.41240234375,10240.0,6017.0,472.12,NVIDIA GeForce RTX 3080,[N/A],Enabled,Enabled
1672426802.129559,0,GPU-a71d5fd4-b7db-93b7-1b7a-5a6e2a6a8c65,0.17,0.41240234375,10240.0,6017.0,472.12,NVIDIA GeForce RTX 3080,[N/A],Enabled,Enabled
1672426803.134879,0,GPU-a71d5fd4-b7db-93b7-1b7a-5a6e2a6a8c65,0.17,0.41240234375,10240.0,6017.0,472.12,NVIDIA GeForce RTX 3080,[N/A],Enabled,Enabled
1672426804.127949,0,GPU-a71d5fd4-b7db-93b7-1b7a-5a6e2a6a8c65,0.17,0.41240234375,10240.0,6017.0,472.12,NVIDIA GeForce RTX 3080,[N/A],Enabled,Enabled
1672426805.136986,0,GPU-a71d5fd4-b7db-93b7-1b7a-5a6e2a6a8c65,0.17,0.41240234375,10240.0,6017.0,472.12,NVIDIA GeForce RTX 3080,[N/A],Enabled,Enabled
1672426806.130713,0,GPU-a71d5fd4-b7db-93b7-1b7a-5a6e2a6a8c65,0.17,0.41240234375,10240.0,6017.0,472.12,NVIDIA GeForce RTX 3080,[N/A],Enabled,Enabled
1672426807.138222,0,GPU-a71d5fd4-b7db-93b7-1b7a-5a6e2a6a8c65,0.16,0.41240234375,10240.0,6017.0,472.12,NVIDIA GeForce RTX 3080,[N/A],Enabled,Enabled
1672426808.133596,0,GPU-a71d5fd4-b7db-93b7-1b7a-5a6e2a6a8c65,0.17,0.41240234375,10240.0,6017.0,472.12,NVIDIA GeForce RTX 3080,[N/A],Enabled,Enabled
1672426809.129576,0,GPU-a71d5fd4-b7db-93b7-1b7a-5a6e2a6a8c65,0.16,0.41240234375,10240.0,6017.0,472.12,NVIDIA GeForce RTX 3080,[N/A],Enabled,Enabled
1672426810.135502,0,GPU-a71d5fd4-b7db-93b7-1b7a-5a6e2a6a8c65,0.17,0.41240234375,10240.0,6017.0,472.12,NVIDIA GeForce RTX 3080,[N/A],Enabled,Enabled
1672426811.127909,0,GPU-a71d5fd4-b7db-93b7-1b7a-5a6e2a6a8c65,0.17,0.41240234375,10240.0,6017.0,472.12,NVIDIA GeForce RTX 3080,[N/A],Enabled,Enabled
1672426812.135979,0,GPU-a71d5fd4-b7db-93b7-1b7a-5a6e2a6a8c65,0.17,0.41240234375,10240.0,6017.0,472.12,NVIDIA GeForce RTX 3080,[N/A],Enabled,Enabled
1672426813.128244,0,GPU-a71d5fd4-b7db-93b7-1b7a-5a6e2a6a8c65,0.16,0.41240234375,10240.0,6017.0,472.12,NVIDIA GeForce RTX 3080,[N/A],Enabled,Enabled
1672426814.135565,0,GPU-a71d5fd4-b7db-93b7-1b7a-5a6e2a6a8c65,0.17,0.41240234375,10240.0,6017.0,472.12,NVIDIA GeForce RTX 3080,[N/A],Enabled,Enabled
1672426815.1308,0,GPU-a71d5fd4-b7db-93b7-1b7a-5a6e2a6a8c65,0.17,0.41240234375,10240.0,6017.0,472.12,NVIDIA GeForce RTX 3080,[N/A],Enabled,Enabled
1672426816.138966,0,GPU-a71d5fd4-b7db-93b7-1b7a-5a6e2a6a8c65,0.17,0.41240234375,10240.0,6017.0,472.12,NVIDIA GeForce RTX 3080,[N/A],Enabled,Enabled
1672426817.127519,0,GPU-a71d5fd4-b7db-93b7-1b7a-5a6e2a6a8c65,0.17,0.41240234375,10240.0,6017.0,472.12,NVIDIA GeForce RTX 3080,[N/A],Enabled,Enabled
1672426818.137691,0,GPU-a71d5fd4-b7db-93b7-1b7a-5a6e2a6a8c65,0.17,0.41240234375,10240.0,6017.0,472.12,NVIDIA GeForce RTX 3080,[N/A],Enabled,Enabled
1672426819.130831,0,GPU-a71d5fd4-b7db-93b7-1b7a-5a6e2a6a8c65,0.17,0.41240234375,10240.0,6017.0,472.12,NVIDIA GeForce RTX 3080,[N/A],Enabled,Enabled
1672426820.13994,0,GPU-a71d5fd4-b7db-93b7-1b7a-5a6e2a6a8c65,0.17,0.41240234375,10240.0,6017.0,472.12,NVIDIA GeForce RTX 3080,[N/A],Enabled,Enabled
1672426821.132868,0,GPU-a71d5fd4-b7db-93b7-1b7a-5a6e2a6a8c65,0.17,0.41240234375,10240.0,6017.0,472.12,NVIDIA GeForce RTX 3080,[N/A],Enabled,Enabled
1672426822.126477,0,GPU-a71d5fd4-b7db-93b7-1b7a-5a6e2a6a8c65,0.17,0.41240234375,10240.0,6017.0,472.12,NVIDIA GeForce RTX 3080,[N/A],Enabled,Enabled
1672426823.137575,0,GPU-a71d5fd4-b7db-93b7-1b7a-5a6e2a6a8c65,0.17,0.41240234375,10240.0,6017.0,472.12,NVIDIA GeForce RTX 3080,[N/A],Enabled,Enabled
1672426824.133801,0,GPU-a71d5fd4-b7db-93b7-1b7a-5a6e2a6a8c65,0.17,0.41240234375,10240.0,6017.0,472.12,NVIDIA GeForce RTX 3080,[N/A],Enabled,Enabled
1672426825.125757,0,GPU-a71d5fd4-b7db-93b7-1b7a-5a6e2a6a8c65,0.17,0.41240234375,10240.0,6017.0,472.12,NVIDIA GeForce RTX 3080,[N/A],Enabled,Enabled
1672426826.137678,0,GPU-a71d5fd4-b7db-93b7-1b7a-5a6e2a6a8c65,0.17,0.41240234375,10240.0,6017.0,472.12,NVIDIA GeForce RTX 3080,[N/A],Enabled,Enabled
1672426827.131967,0,GPU-a71d5fd4-b7db-93b7-1b7a-5a6e2a6a8c65,0.17,0.41240234375,10240.0,6017.0,472.12,NVIDIA GeForce RTX 3080,[N/A],Enabled,Enabled
1672426828.127694,0,GPU-a71d5fd4-b7db-93b7-1b7a-5a6e2a6a8c65,0.17,0.41240234375,10240.0,6017.0,472.12,NVIDIA GeForce RTX 3080,[N/A],Enabled,Enabled
1672426829.139609,0,GPU-a71d5fd4-b7db-93b7-1b7a-5a6e2a6a8c65,0.17,0.41240234375,10240.0,6017.0,472.12,NVIDIA GeForce RTX 3080,[N/A],Enabled,Enabled
1672426830.132755,0,GPU-a71d5fd4-b7db-93b7-1b7a-5a6e2a6a8c65,0.17,0.41240234375,10240.0,6017.0,472.12,NVIDIA GeForce RTX 3080,[N/A],Enabled,Enabled
1672426831.129975,0,GPU-a71d5fd4-b7db-93b7-1b7a-5a6e2a6a8c65,0.17,0.41240234375,10240.0,6017.0,472.12,NVIDIA GeForce RTX 3080,[N/A],Enabled,Enabled
1672426832.135935,0,GPU-a71d5fd4-b7db-93b7-1b7a-5a6e2a6a8c65,0.17,0.41240234375,10240.0,6017.0,472.12,NVIDIA GeForce RTX 3080,[N/A],Enabled,Enabled
1672426833.129655,0,GPU-a71d5fd4-b7db-93b7-1b7a-5a6e2a6a8c65,0.17,0.41240234375,10240.0,6017.0,472.12,NVIDIA GeForce RTX 3080,[N/A],Enabled,Enabled
1672426834.138894,0,GPU-a71d5fd4-b7db-93b7-1b7a-5a6e2a6a8c65,0.17,0.41240234375,10240.0,6017.0,472.12,NVIDIA GeForce RTX 3080,[N/A],Enabled,Enabled
1672426835.130776,0,GPU-a71d5fd4-b7db-93b7-1b7a-5a6e2a6a8c65,0.17,0.41240234375,10240.0,6017.0,472.12,NVIDIA GeForce RTX 3080,[N/A],Enabled,Enabled
1672426836.139929,0,GPU-a71d5fd4-b7db-93b7-1b7a-5a6e2a6a8c65,0.18,0.41240234375,10240.0,6017.0,472.12,NVIDIA GeForce RTX 3080,[N/A],Enabled,Enabled
1672426837.129747,0,GPU-a71d5fd4-b7db-93b7-1b7a-5a6e2a6a8c65,0.17,0.41240234375,10240.0,6017.0,472.12,NVIDIA GeForce RTX 3080,[N/A],Enabled,Enabled
1672426838.139951,0,GPU-a71d5fd4-b7db-93b7-1b7a-5a6e2a6a8c65,0.17,0.41240234375,10240.0,6017.0,472.12,NVIDIA GeForce RTX 3080,[N/A],Enabled,Enabled
1672426839.131765,0,GPU-a71d5fd4-b7db-93b7-1b7a-5a6e2a6a8c65,0.17,0.41240234375,10240.0,6017.0,472.12,NVIDIA GeForce RTX 3080,[N/A],Enabled,Enabled
1672426840.139862,0,GPU-a71d5fd4-b7db-93b7-1b7a-5a6e2a6a8c65,0.17,0.41240234375,10240.0,6017.0,472.12,NVIDIA GeForce RTX 3080,[N/A],Enabled,Enabled
1672426841.135632,0,GPU-a71d5fd4-b7db-93b7-1b7a-5a6e2a6a8c65,0.17,0.41240234375,10240.0,6017.0,472.12,NVIDIA GeForce RTX 3080,[N/A],Enabled,Enabled
1672426842.128717,0,GPU-a71d5fd4-b7db-93b7-1b7a-5a6e2a6a8c65,0.18,0.41240234375,10240.0,6017.0,472.12,NVIDIA GeForce RTX 3080,[N/A],Enabled,Enabled
1672426843.132837,0,GPU-a71d5fd4-b7db-93b7-1b7a-5a6e2a6a8c65,0.17,0.41240234375,10240.0,6017.0,472.12,NVIDIA GeForce RTX 3080,[N/A],Enabled,Enabled
1672426844.139259,0,GPU-a71d5fd4-b7db-93b7-1b7a-5a6e2a6a8c65,0.17,0.41240234375,10240.0,6017.0,472.12,NVIDIA GeForce RTX 3080,[N/A],Enabled,Enabled
1672426845.131138,0,GPU-a71d5fd4-b7db-93b7-1b7a-5a6e2a6a8c65,0.17,0.41240234375,10240.0,6017.0,472.12,NVIDIA GeForce RTX 3080,[N/A],Enabled,Enabled
1672426846.13764,0,GPU-a71d5fd4-b7db-93b7-1b7a-5a6e2a6a8c65,0.17,0.41240234375,10240.0,6017.0,472.12,NVIDIA GeForce RTX 3080,[N/A],Enabled,Enabled
1672426847.127804,0,GPU-a71d5fd4-b7db-93b7-1b7a-5a6e2a6a8c65,0.16,0.41240234375,10240.0,6017.0,472.12,NVIDIA GeForce RTX 3080,[N/A],Enabled,Enabled
1672426848.138796,0,GPU-a71d5fd4-b7db-93b7-1b7a-5a6e2a6a8c65,0.17,0.41240234375,10240.0,6017.0,472.12,NVIDIA GeForce RTX 3080,[N/A],Enabled,Enabled
1672426849.132851,0,GPU-a71d5fd4-b7db-93b7-1b7a-5a6e2a6a8c65,0.17,0.41240234375,10240.0,6017.0,472.12,NVIDIA GeForce RTX 3080,[N/A],Enabled,Enabled
1672426850.138741,0,GPU-a71d5fd4-b7db-93b7-1b7a-5a6e2a6a8c65,0.17,0.41240234375,10240.0,6017.0,472.12,NVIDIA GeForce RTX 3080,[N/A],Enabled,Enabled
1672426851.127842,0,GPU-a71d5fd4-b7db-93b7-1b7a-5a6e2a6a8c65,0.17,0.41240234375,10240.0,6017.0,472.12,NVIDIA GeForce RTX 3080,[N/A],Enabled,Enabled
1672426852.13405,0,GPU-a71d5fd4-b7db-93b7-1b7a-5a6e2a6a8c65,0.17,0.41240234375,10240.0,6017.0,472.12,NVIDIA GeForce RTX 3080,[N/A],Enabled,Enabled
1672426853.127584,0,GPU-a71d5fd4-b7db-93b7-1b7a-5a6e2a6a8c65,0.17,0.41240234375,10240.0,6017.0,472.12,NVIDIA GeForce RTX 3080,[N/A],Enabled,Enabled
1672426854.130665,0,GPU-a71d5fd4-b7db-93b7-1b7a-5a6e2a6a8c65,0.17,0.41240234375,10240.0,6017.0,472.12,NVIDIA GeForce RTX 3080,[N/A],Enabled,Enabled
1672426855.139908,0,GPU-a71d5fd4-b7db-93b7-1b7a-5a6e2a6a8c65,0.16,0.41240234375,10240.0,6017.0,472.12,NVIDIA GeForce RTX 3080,[N/A],Enabled,Enabled
1672426856.134374,0,GPU-a71d5fd4-b7db-93b7-1b7a-5a6e2a6a8c65,0.17,0.41240234375,10240.0,6017.0,472.12,NVIDIA GeForce RTX 3080,[N/A],Enabled,Enabled
1672426857.126938,0,GPU-a71d5fd4-b7db-93b7-1b7a-5a6e2a6a8c65,0.16,0.41240234375,10240.0,6017.0,472.12,NVIDIA GeForce RTX 3080,[N/A],Enabled,Enabled
1672426858.138554,0,GPU-a71d5fd4-b7db-93b7-1b7a-5a6e2a6a8c65,0.17,0.41240234375,10240.0,6017.0,472.12,NVIDIA GeForce RTX 3080,[N/A],Enabled,Enabled
1672426859.130525,0,GPU-a71d5fd4-b7db-93b7-1b7a-5a6e2a6a8c65,0.17,0.41240234375,10240.0,6017.0,472.12,NVIDIA GeForce RTX 3080,[N/A],Enabled,Enabled
1672426860.140785,0,GPU-a71d5fd4-b7db-93b7-1b7a-5a6e2a6a8c65,0.17,0.41240234375,10240.0,6017.0,472.12,NVIDIA GeForce RTX 3080,[N/A],Enabled,Enabled
1672426861.133413,0,GPU-a71d5fd4-b7db-93b7-1b7a-5a6e2a6a8c65,0.17,0.41240234375,10240.0,6017.0,472.12,NVIDIA GeForce RTX 3080,[N/A],Enabled,Enabled
1672426862.130704,0,GPU-a71d5fd4-b7db-93b7-1b7a-5a6e2a6a8c65,0.17,0.41240234375,10240.0,6017.0,472.12,NVIDIA GeForce RTX 3080,[N/A],Enabled,Enabled
1672426863.139025,0,GPU-a71d5fd4-b7db-93b7-1b7a-5a6e2a6a8c65,0.16,0.41240234375,10240.0,6017.0,472.12,NVIDIA GeForce RTX 3080,[N/A],Enabled,Enabled
1672426864.13089,0,GPU-a71d5fd4-b7db-93b7-1b7a-5a6e2a6a8c65,0.16,0.41240234375,10240.0,6017.0,472.12,NVIDIA GeForce RTX 3080,[N/A],Enabled,Enabled
1672426865.132879,0,GPU-a71d5fd4-b7db-93b7-1b7a-5a6e2a6a8c65,0.16,0.41240234375,10240.0,6017.0,472.12,NVIDIA GeForce RTX 3080,[N/A],Enabled,Enabled
1672426866.125957,0,GPU-a71d5fd4-b7db-93b7-1b7a-5a6e2a6a8c65,0.17,0.41240234375,10240.0,6017.0,472.12,NVIDIA GeForce RTX 3080,[N/A],Enabled,Enabled
1672426867.136514,0,GPU-a71d5fd4-b7db-93b7-1b7a-5a6e2a6a8c65,0.17,0.41240234375,10240.0,6017.0,472.12,NVIDIA GeForce RTX 3080,[N/A],Enabled,Enabled
1672426868.126655,0,GPU-a71d5fd4-b7db-93b7-1b7a-5a6e2a6a8c65,0.17,0.41240234375,10240.0,6017.0,472.12,NVIDIA GeForce RTX 3080,[N/A],Enabled,Enabled
1672426869.135641,0,GPU-a71d5fd4-b7db-93b7-1b7a-5a6e2a6a8c65,0.16,0.41240234375,10240.0,6017.0,472.12,NVIDIA GeForce RTX 3080,[N/A],Enabled,Enabled
1672426870.129551,0,GPU-a71d5fd4-b7db-93b7-1b7a-5a6e2a6a8c65,0.14,0.40537109375,10240.0,6089.0,472.12,NVIDIA GeForce RTX 3080,[N/A],Enabled,Enabled
1672426871.138498,0,GPU-a71d5fd4-b7db-93b7-1b7a-5a6e2a6a8c65,0.14,0.40537109375,10240.0,6089.0,472.12,NVIDIA GeForce RTX 3080,[N/A],Enabled,Enabled
1672426872.127665,0,GPU-a71d5fd4-b7db-93b7-1b7a-5a6e2a6a8c65,0.14,0.40537109375,10240.0,6089.0,472.12,NVIDIA GeForce RTX 3080,[N/A],Enabled,Enabled
1672426873.135791,0,GPU-a71d5fd4-b7db-93b7-1b7a-5a6e2a6a8c65,0.24,0.4509765625,10240.0,5622.0,472.12,NVIDIA GeForce RTX 3080,[N/A],Enabled,Enabled
1672426874.140205,0,GPU-a71d5fd4-b7db-93b7-1b7a-5a6e2a6a8c65,0.23,0.4505859375,10240.0,5626.0,472.12,NVIDIA GeForce RTX 3080,[N/A],Enabled,Enabled
1672426875.130805,0,GPU-a71d5fd4-b7db-93b7-1b7a-5a6e2a6a8c65,0.15,0.44775390625,10240.0,5655.0,472.12,NVIDIA GeForce RTX 3080,[N/A],Enabled,Enabled
1672426876.136949,0,GPU-a71d5fd4-b7db-93b7-1b7a-5a6e2a6a8c65,0.19,0.36865234375,10240.0,6465.0,472.12,NVIDIA GeForce RTX 3080,[N/A],Enabled,Enabled
1672426877.126828,0,GPU-a71d5fd4-b7db-93b7-1b7a-5a6e2a6a8c65,0.19,0.3693359375,10240.0,6458.0,472.12,NVIDIA GeForce RTX 3080,[N/A],Enabled,Enabled
1672426878.136919,0,GPU-a71d5fd4-b7db-93b7-1b7a-5a6e2a6a8c65,0.14,0.3693359375,10240.0,6458.0,472.12,NVIDIA GeForce RTX 3080,[N/A],Enabled,Enabled
1672426879.128639,0,GPU-a71d5fd4-b7db-93b7-1b7a-5a6e2a6a8c65,0.15,0.3693359375,10240.0,6458.0,472.12,NVIDIA GeForce RTX 3080,[N/A],Enabled,Enabled
1672426880.134037,0,GPU-a71d5fd4-b7db-93b7-1b7a-5a6e2a6a8c65,0.13,0.36865234375,10240.0,6465.0,472.12,NVIDIA GeForce RTX 3080,[N/A],Enabled,Enabled
1672426881.127038,0,GPU-a71d5fd4-b7db-93b7-1b7a-5a6e2a6a8c65,0.15,0.3728515625,10240.0,6422.0,472.12,NVIDIA GeForce RTX 3080,[N/A],Enabled,Enabled
1672426882.13548,0,GPU-a71d5fd4-b7db-93b7-1b7a-5a6e2a6a8c65,0.14,0.373046875,10240.0,6420.0,472.12,NVIDIA GeForce RTX 3080,[N/A],Enabled,Enabled
1672426883.13213,0,GPU-a71d5fd4-b7db-93b7-1b7a-5a6e2a6a8c65,0.02,0.337890625,10240.0,6780.0,472.12,NVIDIA GeForce RTX 3080,[N/A],Enabled,Enabled
1672426884.127578,0,GPU-a71d5fd4-b7db-93b7-1b7a-5a6e2a6a8c65,0.0,0.2072265625,10240.0,8118.0,472.12,NVIDIA GeForce RTX 3080,[N/A],Enabled,Enabled
1672426885.140682,0,GPU-a71d5fd4-b7db-93b7-1b7a-5a6e2a6a8c65,0.0,0.2072265625,10240.0,8118.0,472.12,NVIDIA GeForce RTX 3080,[N/A],Enabled,Enabled
1672426886.139586,0,GPU-a71d5fd4-b7db-93b7-1b7a-5a6e2a6a8c65,0.0,0.20791015625,10240.0,8111.0,472.12,NVIDIA GeForce RTX 3080,[N/A],Enabled,Enabled
1672426887.135586,0,GPU-a71d5fd4-b7db-93b7-1b7a-5a6e2a6a8c65,0.0,0.20791015625,10240.0,8111.0,472.12,NVIDIA GeForce RTX 3080,[N/A],Enabled,Enabled
1672426888.126597,0,GPU-a71d5fd4-b7db-93b7-1b7a-5a6e2a6a8c65,0.0,0.20791015625,10240.0,8111.0,472.12,NVIDIA GeForce RTX 3080,[N/A],Enabled,Enabled
1672426889.125726,0,GPU-a71d5fd4-b7db-93b7-1b7a-5a6e2a6a8c65,0.0,0.20791015625,10240.0,8111.0,472.12,NVIDIA GeForce RTX 3080,[N/A],Enabled,Enabled
1672426890.137592,0,GPU-a71d5fd4-b7db-93b7-1b7a-5a6e2a6a8c65,0.0,0.20791015625,10240.0,8111.0,472.12,NVIDIA GeForce RTX 3080,[N/A],Enabled,Enabled
1672426891.127597,0,GPU-a71d5fd4-b7db-93b7-1b7a-5a6e2a6a8c65,0.01,0.20791015625,10240.0,8111.0,472.12,NVIDIA GeForce RTX 3080,[N/A],Enabled,Enabled
1672426892.131597,0,GPU-a71d5fd4-b7db-93b7-1b7a-5a6e2a6a8c65,0.01,0.20791015625,10240.0,8111.0,472.12,NVIDIA GeForce RTX 3080,[N/A],Enabled,Enabled
1672426893.133592,0,GPU-a71d5fd4-b7db-93b7-1b7a-5a6e2a6a8c65,0.0,0.20791015625,10240.0,8111.0,472.12,NVIDIA GeForce RTX 3080,[N/A],Enabled,Enabled
1672426894.134902,0,GPU-a71d5fd4-b7db-93b7-1b7a-5a6e2a6a8c65,0.0,0.20791015625,10240.0,8111.0,472.12,NVIDIA GeForce RTX 3080,[N/A],Enabled,Enabled
1672426895.132985,0,GPU-a71d5fd4-b7db-93b7-1b7a-5a6e2a6a8c65,0.01,0.20791015625,10240.0,8111.0,472.12,NVIDIA GeForce RTX 3080,[N/A],Enabled,Enabled
1672426896.132591,0,GPU-a71d5fd4-b7db-93b7-1b7a-5a6e2a6a8c65,0.01,0.20791015625,10240.0,8111.0,472.12,NVIDIA GeForce RTX 3080,[N/A],Enabled,Enabled
1672426897.131861,0,GPU-a71d5fd4-b7db-93b7-1b7a-5a6e2a6a8c65,0.01,0.20791015625,10240.0,8111.0,472.12,NVIDIA GeForce RTX 3080,[N/A],Enabled,Enabled
1672426898.13087,0,GPU-a71d5fd4-b7db-93b7-1b7a-5a6e2a6a8c65,0.0,0.20791015625,10240.0,8111.0,472.12,NVIDIA GeForce RTX 3080,[N/A],Enabled,Enabled
1672426899.130595,0,GPU-a71d5fd4-b7db-93b7-1b7a-5a6e2a6a8c65,0.0,0.20791015625,10240.0,8111.0,472.12,NVIDIA GeForce RTX 3080,[N/A],Enabled,Enabled
1672426900.127585,0,GPU-a71d5fd4-b7db-93b7-1b7a-5a6e2a6a8c65,0.01,0.20791015625,10240.0,8111.0,472.12,NVIDIA GeForce RTX 3080,[N/A],Enabled,Enabled
1672426901.128594,0,GPU-a71d5fd4-b7db-93b7-1b7a-5a6e2a6a8c65,0.01,0.20791015625,10240.0,8111.0,472.12,NVIDIA GeForce RTX 3080,[N/A],Enabled,Enabled
1672426902.128001,0,GPU-a71d5fd4-b7db-93b7-1b7a-5a6e2a6a8c65,0.01,0.20791015625,10240.0,8111.0,472.12,NVIDIA GeForce RTX 3080,[N/A],Enabled,Enabled
1672426903.126715,0,GPU-a71d5fd4-b7db-93b7-1b7a-5a6e2a6a8c65,0.01,0.20791015625,10240.0,8111.0,472.12,NVIDIA GeForce RTX 3080,[N/A],Enabled,Enabled
