7.32 4.95 5.11 2/2347 28093
7.32 4.95 5.11 6/2347 28112
7.32 4.95 5.11 23/2349 28147
7.21 4.97 5.12 2/2321 28187
7.21 4.97 5.12 2/2354 28263
7.21 4.97 5.12 4/2364 28358
7.21 4.97 5.12 20/2371 28423
7.21 4.97 5.12 1/2373 28445
7.11 4.99 5.12 5/2375 28473
7.11 4.99 5.12 5/2375 28493
7.11 4.99 5.12 6/2374 28514
7.11 4.99 5.12 3/2366 28533
7.11 4.99 5.12 2/2366 28554
7.26 5.05 5.14 3/2366 28579
7.26 5.05 5.14 7/2369 28601
7.26 5.05 5.14 5/2371 28625
7.26 5.05 5.14 14/2366 28645
7.26 5.05 5.14 9/2386 28735
8.60 5.37 5.24 20/2438 28832
8.60 5.37 5.24 1/2441 28862
8.60 5.37 5.24 8/2442 28883
8.60 5.37 5.24 8/2443 28904
8.60 5.37 5.24 1/2439 28923
8.40 5.38 5.25 2/2439 28942
8.40 5.38 5.25 2/2439 28962
8.40 5.38 5.25 8/2439 28982
8.40 5.38 5.25 2/2439 29001
8.40 5.38 5.25 4/2439 29025
8.52 5.45 5.27 2/2439 29048
8.52 5.45 5.27 2/2439 29067
8.52 5.45 5.27 7/2439 29087
8.52 5.45 5.27 1/2439 29106
8.52 5.45 5.27 1/2439 29125
8.40 5.48 5.28 1/2439 29145
8.40 5.48 5.28 3/2439 29164
8.40 5.48 5.28 2/2439 29183
8.40 5.48 5.28 1/2439 29204
8.40 5.48 5.28 1/2439 29223
8.53 5.56 5.31 3/2439 29242
8.53 5.56 5.31 2/2439 29262
8.53 5.56 5.31 3/2439 29281
8.53 5.56 5.31 1/2434 29300
8.53 5.56 5.31 6/2433 29320
8.33 5.56 5.31 2/2433 29339
8.33 5.56 5.31 1/2431 29358
8.33 5.56 5.31 1/2431 29378
8.33 5.56 5.31 4/2431 29398
8.33 5.56 5.31 6/2431 29417
8.14 5.57 5.32 2/2431 29437
8.14 5.57 5.32 8/2431 29456
8.14 5.57 5.32 1/2431 29475
8.14 5.57 5.32 6/2431 29495
8.14 5.57 5.32 5/2431 29514
7.97 5.58 5.32 5/2431 29533
7.97 5.58 5.32 4/2431 29553
7.97 5.58 5.32 1/2431 29572
7.97 5.58 5.32 2/2431 29591
7.97 5.58 5.32 5/2431 29612
7.89 5.60 5.33 2/2431 29631
7.89 5.60 5.33 6/2431 29650
7.89 5.60 5.33 2/2431 29670
7.89 5.60 5.33 2/2431 29689
7.89 5.60 5.33 6/2431 29708
8.14 5.69 5.36 1/2431 29728
8.14 5.69 5.36 1/2431 29747
8.14 5.69 5.36 1/2429 29766
8.14 5.69 5.36 1/2429 29786
8.14 5.69 5.36 6/2429 29806
8.21 5.75 5.38 2/2428 29825
8.21 5.75 5.38 4/2428 29845
8.21 5.75 5.38 1/2427 29864
8.21 5.75 5.38 2/2426 29883
8.21 5.75 5.38 2/2426 29903
8.19 5.79 5.39 1/2426 29922
8.19 5.79 5.39 1/2426 29941
8.19 5.79 5.39 3/2426 29961
8.19 5.79 5.39 1/2426 29980
8.19 5.79 5.39 1/2426 30000
8.18 5.82 5.41 3/2418 30020
8.18 5.82 5.41 4/2413 30039
8.18 5.82 5.41 1/2414 30059
8.18 5.82 5.41 1/2414 30079
8.18 5.82 5.41 2/2414 30098
8.24 5.88 5.43 2/2412 30117
8.24 5.88 5.43 1/2410 30137
8.24 5.88 5.43 5/2410 30156
8.24 5.88 5.43 3/2410 30175
8.24 5.88 5.43 5/2410 30195
8.22 5.91 5.44 1/2410 30215
8.22 5.91 5.44 3/2410 30234
8.22 5.91 5.44 3/2410 30254
8.22 5.91 5.44 5/2410 30273
8.22 5.91 5.44 4/2410 30294
8.93 6.10 5.50 6/2410 30314
8.93 6.10 5.50 4/2410 30333
8.93 6.10 5.50 1/2410 30352
8.93 6.10 5.50 6/2410 30372
8.93 6.10 5.50 3/2410 30391
8.85 6.13 5.52 2/2410 30411
8.85 6.13 5.52 1/2410 30431
8.85 6.13 5.52 3/2410 30450
8.85 6.13 5.52 2/2410 30469
8.85 6.13 5.52 2/2410 30489
8.86 6.18 5.54 1/2410 30508
8.86 6.18 5.54 1/2410 30527
8.86 6.18 5.54 1/2410 30547
8.86 6.18 5.54 1/2410 30566
8.86 6.18 5.54 1/2410 30585
8.80 6.21 5.55 3/2410 30605
8.80 6.21 5.55 4/2410 30625
8.80 6.21 5.55 3/2410 30644
8.80 6.21 5.55 8/2410 30664
8.80 6.21 5.55 4/2410 30683
9.53 6.40 5.62 6/2410 30702
9.53 6.40 5.62 5/2410 30722
9.53 6.40 5.62 1/2410 30741
9.53 6.40 5.62 1/2410 30760
9.53 6.40 5.62 3/2410 30783
9.89 6.53 5.66 1/2410 30802
9.89 6.53 5.66 2/2410 30822
9.89 6.53 5.66 1/2410 30842
9.89 6.53 5.66 2/2410 30861
9.89 6.53 5.66 6/2410 30880
9.58 6.52 5.66 3/2410 30900
9.58 6.52 5.66 2/2410 30919
9.58 6.52 5.66 1/2410 30938
9.58 6.52 5.66 1/2410 30958
9.58 6.52 5.66 3/2410 30977
9.29 6.51 5.67 5/2410 30996
9.29 6.51 5.67 3/2410 31016
9.29 6.51 5.67 1/2410 31036
9.29 6.51 5.67 4/2410 31055
9.29 6.51 5.67 3/2410 31075
9.35 6.57 5.69 6/2411 31096
9.35 6.57 5.69 6/2411 31115
9.35 6.57 5.69 1/2411 31135
9.35 6.57 5.69 1/2411 31154
9.35 6.57 5.69 1/2411 31173
9.56 6.66 5.72 1/2411 31193
9.56 6.66 5.72 3/2411 31212
9.56 6.66 5.72 2/2411 31232
9.56 6.66 5.72 2/2411 31252
9.56 6.66 5.72 2/2411 31271
9.44 6.68 5.74 1/2411 31290
9.44 6.68 5.74 4/2411 31310
9.44 6.68 5.74 2/2411 31329
9.44 6.68 5.74 1/2411 31348
9.44 6.68 5.74 6/2411 31368
9.24 6.69 5.74 1/2411 31387
9.24 6.69 5.74 4/2411 31406
9.24 6.69 5.74 3/2411 31427
9.24 6.69 5.74 3/2411 31446
9.24 6.69 5.74 2/2411 31465
9.06 6.69 5.75 2/2411 31485
9.06 6.69 5.75 2/2411 31504
9.06 6.69 5.75 3/2411 31523
9.06 6.69 5.75 1/2411 31543
9.06 6.69 5.75 1/2411 31562
9.06 6.73 5.77 3/2411 31581
9.06 6.73 5.77 5/2411 31601
9.06 6.73 5.77 3/2411 31620
9.06 6.73 5.77 5/2411 31640
9.06 6.73 5.77 2/2411 31660
8.97 6.75 5.78 4/2411 31679
8.97 6.75 5.78 5/2411 31698
8.97 6.75 5.78 1/2411 31718
8.97 6.75 5.78 5/2411 31737
8.97 6.75 5.78 2/2411 31756
8.73 6.74 5.78 2/2411 31776
8.73 6.74 5.78 6/2412 31796
8.73 6.74 5.78 2/2412 31815
8.73 6.74 5.78 1/2412 31836
8.73 6.74 5.78 1/2412 31855
8.73 6.74 5.78 2/2412 31874
8.91 6.81 5.81 2/2412 31894
8.91 6.81 5.81 1/2412 31913
8.91 6.81 5.81 4/2412 31932
8.91 6.81 5.81 4/2412 31952
8.91 6.81 5.81 5/2412 31971
8.76 6.81 5.82 7/2412 31990
8.76 6.81 5.82 13/2412 32010
8.76 6.81 5.82 4/2412 32029
8.76 6.81 5.82 1/2412 32049
8.78 6.85 5.83 2/2412 32069
8.78 6.85 5.83 2/2412 32088
8.78 6.85 5.83 2/2412 32107
8.78 6.85 5.83 2/2412 32127
8.78 6.85 5.83 5/2412 32146
8.78 6.85 5.83 5/2412 32165
8.72 6.87 5.85 1/2412 32185
8.72 6.87 5.85 1/2412 32204
8.72 6.87 5.85 2/2412 32223
8.72 6.87 5.85 1/2412 32244
8.72 6.87 5.85 2/2412 32263
8.90 6.94 5.87 2/2412 32282
8.90 6.94 5.87 3/2412 32302
8.90 6.94 5.87 2/2412 32321
8.90 6.94 5.87 4/2412 32340
8.90 6.94 5.87 3/2411 32360
8.67 6.92 5.88 1/2411 32379
8.67 6.92 5.88 4/2411 32398
8.67 6.92 5.88 1/2411 32418
8.67 6.92 5.88 6/2411 32437
8.67 6.92 5.88 5/2413 32460
8.61 6.94 5.89 3/2418 32485
8.61 6.94 5.89 5/2418 32504
8.61 6.94 5.89 1/2418 32523
8.61 6.94 5.89 1/2418 32543
8.61 6.94 5.89 5/2418 32562
8.41 6.93 5.89 2/2418 32581
8.41 6.93 5.89 1/2417 32601
8.41 6.93 5.89 2/2417 32620
8.41 6.93 5.89 1/2417 32639
8.41 6.93 5.89 2/2417 32660
8.53 6.98 5.91 1/2417 32679
8.53 6.98 5.91 4/2417 32698
8.53 6.98 5.91 3/2416 32718
8.53 6.98 5.91 6/2416 32737
8.53 6.98 5.91 9/2416 32756
8.49 6.99 5.92 3/2416 319
8.49 6.99 5.92 5/2416 461
8.49 6.99 5.92 6/2416 532
8.49 6.99 5.92 4/2416 577
8.49 6.99 5.92 2/2416 619
8.53 7.03 5.94 2/2416 642
8.53 7.03 5.94 3/2416 682
8.53 7.03 5.94 3/2416 703
8.53 7.03 5.94 1/2416 725
8.53 7.03 5.94 2/2416 758
8.81 7.11 5.97 3/2416 901
8.81 7.11 5.97 2/2415 957
8.81 7.11 5.97 1/2414 1013
8.81 7.11 5.97 1/2414 1082
8.81 7.11 5.97 2/2414 1113
8.82 7.14 5.99 2/2414 1155
8.82 7.14 5.99 6/2414 1218
8.82 7.14 5.99 3/2415 1242
8.82 7.14 5.99 3/2415 1288
8.82 7.14 5.99 2/2415 1320
8.60 7.12 5.99 2/2415 1355
8.60 7.12 5.99 3/2415 1375
8.60 7.12 5.99 5/2415 1395
8.60 7.12 5.99 1/2415 1429
8.60 7.12 5.99 5/2415 1459
8.47 7.12 5.99 6/2415 1482
8.47 7.12 5.99 3/2415 1504
8.47 7.12 5.99 1/2415 1525
8.47 7.12 5.99 1/2415 1544
8.47 7.12 5.99 3/2415 1566
8.91 7.23 6.04 1/2415 1596
8.91 7.23 6.04 3/2415 1619
8.91 7.23 6.04 3/2415 1640
8.91 7.23 6.04 1/2415 1684
8.91 7.23 6.04 2/2415 1723
9.24 7.33 6.08 9/2415 1763
9.24 7.33 6.08 1/2415 1792
9.24 7.33 6.08 1/2415 1819
9.24 7.33 6.08 2/2415 1847
9.24 7.33 6.08 2/2415 1883
9.30 7.38 6.10 1/2415 1908
9.30 7.38 6.10 7/2415 1934
9.30 7.38 6.10 8/2415 1978
9.30 7.38 6.10 3/2415 2020
9.30 7.38 6.10 4/2415 2045
9.44 7.44 6.12 3/2413 2108
9.44 7.44 6.12 2/2413 2159
9.44 7.44 6.12 3/2411 2183
9.44 7.44 6.12 5/2411 2215
9.44 7.44 6.12 1/2411 2254
9.80 7.55 6.17 1/2409 2309
9.80 7.55 6.17 2/2409 2345
9.80 7.55 6.17 2/2409 2365
9.80 7.55 6.17 2/2409 2389
9.80 7.55 6.17 3/2409 2428
9.74 7.57 6.18 3/2409 2449
9.74 7.57 6.18 4/2410 2493
9.74 7.57 6.18 3/2409 2515
9.74 7.57 6.18 2/2409 2561
9.74 7.57 6.18 1/2409 2580
9.68 7.59 6.20 3/2409 2607
9.68 7.59 6.20 5/2409 2647
9.68 7.59 6.20 3/2409 2671
9.68 7.59 6.20 3/2409 2739
9.68 7.59 6.20 4/2409 2758
9.70 7.63 6.22 7/2409 2777
9.70 7.63 6.22 1/2409 2797
9.70 7.63 6.22 3/2409 2829
9.70 7.63 6.22 2/2409 2863
9.70 7.63 6.22 3/2409 2897
9.81 7.69 6.24 3/2409 2936
9.81 7.69 6.24 6/2409 2955
9.81 7.69 6.24 2/2409 2989
9.81 7.69 6.24 3/2409 3025
9.81 7.69 6.24 3/2409 3045
9.66 7.70 6.25 9/2409 3072
9.66 7.70 6.25 5/2409 3096
9.66 7.70 6.25 3/2409 3140
9.66 7.70 6.25 4/2409 3187
9.66 7.70 6.25 3/2409 3209
9.37 7.67 6.25 1/2409 3240
9.37 7.67 6.25 1/2409 3289
9.37 7.67 6.25 1/2409 3313
9.37 7.67 6.25 3/2409 3334
9.37 7.67 6.25 2/2409 3374
9.18 7.66 6.26 3/2409 3396
9.18 7.66 6.26 1/2409 3440
9.18 7.66 6.26 5/2409 3473
9.18 7.66 6.26 2/2409 3498
9.18 7.66 6.26 1/2409 3529
9.25 7.69 6.28 3/2409 3570
9.25 7.69 6.28 1/2409 3603
9.25 7.69 6.28 2/2409 3628
9.25 7.69 6.28 1/2409 3649
9.25 7.69 6.28 1/2409 3670
9.55 7.78 6.31 6/2409 3689
9.55 7.78 6.31 1/2409 3709
9.55 7.78 6.31 1/2409 3728
9.55 7.78 6.31 2/2409 3753
9.55 7.78 6.31 1/2381 3773
9.66 7.84 6.34 3/2381 3794
9.66 7.84 6.34 1/2382 3820
9.66 7.84 6.34 1/2382 3842
9.66 7.84 6.34 1/2382 3863
9.66 7.84 6.34 1/2377 3882
9.45 7.82 6.34 5/2377 3903
9.45 7.82 6.34 7/2377 3924
9.45 7.82 6.34 1/2377 3948
9.45 7.82 6.34 6/2377 3991
9.45 7.82 6.34 1/2353 4022
9.33 7.83 6.35 1/2353 4043
9.33 7.83 6.35 2/2353 4067
9.33 7.83 6.35 2/2353 4097
9.33 7.83 6.35 1/2353 4121
9.33 7.83 6.35 6/2353 4151
9.47 7.88 6.38 1/2354 4172
9.47 7.88 6.38 5/2354 4212
9.47 7.88 6.38 6/2354 4237
9.47 7.88 6.38 4/2354 4256
9.47 7.88 6.38 5/2354 4279
9.51 7.91 6.40 2/2354 4307
9.51 7.91 6.40 5/2354 4326
9.51 7.91 6.40 3/2352 4348
9.51 7.91 6.40 2/2352 4368
9.51 7.91 6.40 1/2352 4388
9.63 7.97 6.42 11/2352 4407
9.63 7.97 6.42 1/2352 4428
9.63 7.97 6.42 1/2352 4447
9.63 7.97 6.42 1/2352 4466
9.63 7.97 6.42 1/2352 4486
9.74 8.02 6.45 3/2352 4509
9.74 8.02 6.45 2/2352 4528
9.74 8.02 6.45 1/2352 4554
9.74 8.02 6.45 6/2352 4592
9.74 8.02 6.45 7/2352 4613
9.44 7.98 6.44 3/2352 4634
9.44 7.98 6.44 1/2352 4653
9.44 7.98 6.44 4/2352 4672
9.44 7.98 6.44 3/2352 4692
9.44 7.98 6.44 2/2352 4711
9.16 7.95 6.44 10/2352 4734
9.16 7.95 6.44 3/2352 4756
9.16 7.95 6.44 2/2352 4776
9.16 7.95 6.44 3/2352 4795
9.16 7.95 6.44 8/2354 4818
10.27 8.20 6.53 3/2417 4902
10.27 8.20 6.53 3/2415 4922
10.27 8.20 6.53 8/2415 4942
10.27 8.20 6.53 4/2415 4961
10.27 8.20 6.53 5/2415 4980
10.17 8.21 6.54 2/2415 5001
10.17 8.21 6.54 1/2420 5026
10.17 8.21 6.54 1/2420 5045
10.17 8.21 6.54 3/2420 5065
10.17 8.21 6.54 5/2420 5084
9.92 8.19 6.55 9/2420 5103
9.92 8.19 6.55 3/2420 5123
9.92 8.19 6.55 3/2420 5142
9.92 8.19 6.55 4/2420 5161
9.92 8.19 6.55 3/2419 5181
9.60 8.16 6.54 5/2417 5200
9.60 8.16 6.54 2/2417 5220
9.60 8.16 6.54 1/2416 5240
9.60 8.16 6.54 1/2416 5259
9.60 8.16 6.54 1/2416 5278
9.47 8.15 6.55 9/2416 5298
9.47 8.15 6.55 4/2416 5317
9.47 8.15 6.55 7/2416 5336
9.47 8.15 6.55 2/2416 5356
9.47 8.15 6.55 1/2416 5375
9.84 8.25 6.59 3/2416 5394
9.84 8.25 6.59 3/2416 5415
9.84 8.25 6.59 3/2416 5434
9.84 8.25 6.59 3/2417 5456
9.84 8.25 6.59 5/2417 5476
9.53 8.21 6.59 2/2417 5495
9.53 8.21 6.59 4/2417 5514
9.53 8.21 6.59 5/2417 5534
9.53 8.21 6.59 4/2417 5553
9.53 8.21 6.59 1/2417 5572
9.25 8.18 6.58 3/2416 5592
9.25 8.18 6.58 2/2417 5612
9.25 8.18 6.58 1/2417 5632
9.25 8.18 6.58 6/2417 5652
9.25 8.18 6.58 4/2417 5671
9.07 8.16 6.59 3/2417 5690
9.07 8.16 6.59 1/2417 5710
9.07 8.16 6.59 4/2417 5729
9.07 8.16 6.59 4/2417 5748
9.07 8.16 6.59 4/2417 5768
9.06 8.17 6.60 3/2417 5787
9.06 8.17 6.60 2/2416 5806
9.06 8.17 6.60 1/2416 5827
9.06 8.17 6.60 1/2416 5846
9.06 8.17 6.60 3/2416 5865
8.82 8.13 6.60 2/2416 5885
8.82 8.13 6.60 1/2416 5904
8.82 8.13 6.60 1/2416 5923
8.82 8.13 6.60 3/2417 5944
8.82 8.13 6.60 1/2417 5963
8.59 8.10 6.59 2/2417 5982
8.59 8.10 6.59 1/2416 6003
8.59 8.10 6.59 2/2416 6022
8.59 8.10 6.59 1/2416 6042
8.59 8.10 6.59 1/2416 6062
8.46 8.08 6.60 3/2393 6081
8.46 8.08 6.60 3/2391 6100
8.46 8.08 6.60 1/2391 6120
8.46 8.08 6.60 3/2391 6139
8.46 8.08 6.60 2/2391 6158
8.51 8.10 6.61 7/2372 6178
8.51 8.10 6.61 2/2369 6197
8.51 8.10 6.61 9/2369 6216
8.51 8.10 6.61 3/2369 6237
8.51 8.10 6.61 3/2369 6256
8.31 8.06 6.61 1/2369 6275
8.31 8.06 6.61 6/2366 6295
8.31 8.06 6.61 2/2366 6314
8.31 8.06 6.61 5/2366 6333
8.31 8.06 6.61 19/2362 6371
8.84 8.18 6.65 6/2367 6437
8.84 8.18 6.65 5/2301 6480
8.84 8.18 6.65 9/2305 6513
8.84 8.18 6.65 2/2305 6532
8.84 8.18 6.65 7/2306 6555
8.85 8.19 6.66 6/2305 6577
8.85 8.19 6.66 9/2297 6596
8.85 8.19 6.66 3/2310 6628
8.85 8.19 6.66 1/2310 6648
8.85 8.19 6.66 6/2310 6668
8.63 8.15 6.66 4/2310 6689
8.63 8.15 6.66 3/2310 6712
8.63 8.15 6.66 11/2310 6738
8.63 8.15 6.66 1/2310 6761
8.63 8.15 6.66 3/2310 6785
8.41 8.12 6.66 2/2310 6809
8.41 8.12 6.66 1/2310 6830
8.41 8.12 6.66 1/2313 6853
8.41 8.12 6.66 10/2313 6872
8.41 8.12 6.66 12/2289 6899
