2056.24 13309.92
2057.25 13315.24
2058.26 13319.97
2059.24 13324.31
2060.25 13330.29
2061.23 13333.83
2062.23 13338.58
2063.23 13343.38
2064.23 13348.82
2065.24 13354.07
2066.23 13359.18
2067.24 13364.77
2068.25 13370.35
2069.24 13375.80
2070.24 13380.77
2071.24 13385.63
2072.23 13391.32
2073.24 13396.24
2074.23 13401.06
2075.23 13404.85
2076.23 13411.27
2077.23 13417.68
2078.22 13424.32
2079.24 13431.07
2080.24 13437.19
2081.24 13443.39
2082.24 13449.39
2083.25 13455.62
2084.24 13461.68
2085.25 13467.95
2086.26 13474.37
2087.24 13480.58
2088.25 13486.83
2089.25 13492.98
2090.24 13499.19
2091.25 13505.54
2092.24 13511.19
2093.24 13517.39
2094.25 13524.00
2095.25 13529.94
2096.25 13536.00
2097.24 13542.38
2098.24 13548.22
2099.25 13554.22
2100.24 13560.80
2101.24 13567.01
2102.24 13573.06
2103.24 13579.81
2104.24 13586.07
2105.24 13592.35
2106.24 13598.95
2107.25 13605.36
2108.24 13611.46
2109.24 13618.11
2110.24 13624.58
2111.24 13630.98
2112.24 13637.52
2113.24 13643.93
2114.24 13650.26
2115.25 13656.91
2116.24 13663.32
2117.24 13669.88
2118.24 13676.18
2119.24 13682.42
2120.24 13688.72
2121.24 13695.24
2122.24 13701.74
2123.24 13708.25
2124.24 13714.72
2125.24 13721.29
2126.25 13727.71
2127.24 13734.17
2128.25 13740.79
2129.24 13747.50
2130.24 13754.08
2131.25 13760.63
2132.24 13766.81
2133.24 13773.14
2134.24 13779.23
2135.25 13785.76
2136.24 13791.85
2137.24 13798.27
2138.24 13804.81
2139.24 13811.18
2140.24 13817.56
2141.25 13823.91
2142.28 13830.58
2143.26 13836.82
2144.26 13842.36
2145.24 13848.04
2146.24 13853.69
2147.24 13859.77
2148.24 13866.03
2149.25 13871.40
2150.24 13876.79
2151.24 13882.63
2152.24 13888.61
2153.25 13894.60
2154.25 13900.32
2155.25 13906.04
2156.26 13911.84
2157.24 13917.45
2158.24 13923.07
2159.24 13928.75
2160.25 13934.27
2161.24 13939.88
2162.25 13945.38
2163.24 13950.86
2164.24 13956.34
2165.24 13961.59
2166.25 13967.08
2167.24 13972.03
2168.24 13976.97
2169.24 13982.45
2170.24 13987.65
2171.24 13992.85
2172.24 13998.40
2173.24 14003.77
2174.25 14009.13
2175.24 14014.48
2176.26 14020.18
2177.24 14025.49
2178.24 14030.93
2179.24 14036.39
2180.25 14041.92
2181.24 14047.52
2182.24 14053.30
2183.24 14058.92
2184.24 14064.70
2185.25 14070.56
2186.24 14075.93
2187.25 14081.46
2188.24 14087.10
2189.25 14092.96
2190.25 14098.79
2191.25 14104.55
2192.24 14110.38
2193.25 14116.47
2194.24 14122.43
2195.24 14128.43
2196.26 14134.48
2197.24 14140.31
2198.26 14146.38
2199.24 14152.16
2200.25 14157.82
2201.24 14163.46
2202.25 14169.45
2203.24 14175.10
2204.26 14181.06
2205.24 14186.91
2206.26 14192.84
2207.24 14198.66
2208.24 14204.76
2209.25 14210.74
2210.24 14216.61
2211.26 14222.81
2212.24 14228.80
2213.26 14234.96
2214.24 14240.87
2215.26 14246.91
2216.25 14252.78
2217.24 14258.50
2218.26 14264.61
2219.24 14270.65
2220.26 14276.75
2221.26 14282.76
2222.24 14288.95
2223.25 14295.34
2224.24 14301.53
2225.26 14308.10
2226.26 14314.50
2227.24 14320.71
2228.26 14327.21
2229.25 14333.55
2230.26 14340.04
2231.24 14346.36
2232.26 14352.84
2233.25 14358.78
2234.26 14364.77
2235.26 14371.42
2236.24 14377.36
2237.25 14383.29
2238.24 14389.51
2239.25 14395.95
2240.25 14402.13
2241.24 14408.19
2242.26 14414.61
2243.24 14420.79
2244.25 14427.22
2245.24 14433.54
2246.25 14439.85
2247.23 14446.19
2248.26 14452.72
2249.25 14459.02
2250.25 14465.46
2251.24 14471.47
2252.26 14477.75
2253.24 14484.03
2254.26 14489.83
2255.26 14495.63
2256.26 14501.63
2257.26 14507.85
2258.24 14514.08
2259.26 14520.54
2260.24 14526.59
2261.26 14533.18
2262.24 14539.50
2263.26 14546.02
2264.24 14552.11
2265.26 14558.60
2266.24 14564.97
2267.26 14571.42
2268.24 14577.80
2269.26 14584.53
2270.24 14590.83
2271.26 14597.13
2272.24 14603.21
2273.26 14609.21
2274.25 14615.04
2275.25 14620.91
2276.26 14626.63
2277.25 14632.30
2278.24 14637.96
2279.24 14643.71
2280.24 14649.36
2281.25 14655.12
2282.24 14660.62
2283.25 14666.35
2284.24 14671.77
2285.26 14677.03
2286.24 14682.34
2287.25 14687.64
2288.24 14692.88
2289.24 14698.35
2290.25 14704.01
2291.26 14709.49
2292.25 14714.94
2293.26 14720.54
2294.24 14725.95
2295.26 14731.65
2296.24 14737.18
2297.26 14742.76
2298.24 14748.33
2299.26 14753.84
2300.26 14759.43
2301.25 14765.02
2302.26 14770.81
2303.24 14776.49
2304.25 14782.25
2305.26 14787.95
2306.24 14793.57
2307.25 14799.38
2308.26 14805.22
2309.26 14810.78
2310.25 14816.48
2311.26 14822.49
2312.25 14828.24
2313.26 14834.18
2314.25 14840.03
2315.25 14846.05
2316.24 14851.92
2317.26 14857.55
2318.25 14862.95
2319.26 14869.05
2320.25 14874.68
2321.26 14880.65
2322.24 14886.53
2323.26 14892.78
2324.26 14898.75
2325.26 14904.79
2326.26 14910.79
2327.25 14916.75
2328.26 14922.76
2329.25 14928.75
2330.26 14934.96
2331.25 14941.05
2332.25 14946.98
2333.25 14952.88
2334.26 14959.40
2335.26 14965.38
2336.26 14971.28
2337.25 14977.22
2338.25 14983.28
2339.26 14989.56
2340.26 14995.68
2341.25 15001.85
2342.26 15008.29
2343.26 15014.65
2344.25 15020.83
2345.26 15027.21
2346.25 15033.55
2347.25 15039.89
2348.26 15046.42
2349.25 15052.80
2350.26 15058.96
2351.25 15064.80
2352.26 15071.15
2353.24 15077.12
2354.26 15083.27
2355.24 15089.56
2356.25 15096.05
2357.26 15102.48
2358.25 15108.80
2359.26 15115.16
2360.25 15121.29
2361.26 15127.68
2362.25 15133.78
2363.26 15139.92
2364.25 15146.26
2365.25 15152.47
2366.25 15158.56
2367.26 15164.97
2368.26 15171.28
2369.26 15177.71
2370.26 15184.03
2371.25 15190.30
2372.25 15196.76
2373.25 15203.30
2374.26 15209.71
2375.26 15215.91
2376.26 15221.95
2377.26 15227.90
2378.25 15233.88
2379.26 15240.14
2380.25 15246.32
2381.24 15252.69
2382.26 15259.03
2383.25 15265.25
2384.26 15271.26
2385.25 15277.58
2386.26 15283.78
2387.25 15289.85
2388.26 15296.35
2389.25 15302.75
2390.25 15309.21
2391.25 15315.78
2392.26 15322.25
2393.26 15328.49
2394.25 15334.48
2395.26 15340.64
2396.25 15346.39
2397.25 15352.30
2398.25 15358.06
2399.26 15363.87
2400.25 15369.46
2401.26 15375.13
2402.25 15380.63
2403.26 15386.12
2404.26 15391.69
2405.25 15397.00
2406.25 15402.55
2407.25 15408.07
2408.25 15413.57
2409.25 15418.95
2410.26 15424.38
2411.24 15429.71
2412.26 15435.27
2413.25 15440.74
2414.25 15446.07
2415.26 15451.74
2416.25 15457.00
2417.25 15462.20
2418.25 15467.68
2419.25 15473.09
2420.26 15477.50
2421.25 15482.84
2422.26 15488.54
2423.26 15494.14
2424.25 15499.76
2425.25 15505.61
2426.26 15511.16
2427.25 15516.75
2428.26 15522.55
2429.25 15528.24
2430.25 15534.05
2431.26 15539.88
2432.25 15545.54
2433.26 15551.51
2434.25 15557.38
2435.24 15563.32
2436.26 15569.25
2437.25 15575.04
2438.25 15580.84
2439.26 15586.92
2440.26 15592.96
2441.25 15599.00
2442.25 15605.03
2443.26 15611.21
2444.25 15617.12
2445.26 15623.32
2446.25 15629.30
2447.26 15635.22
2448.25 15641.16
2449.26 15647.12
2450.25 15652.59
2451.26 15658.71
2452.25 15664.61
2453.24 15670.51
2454.25 15676.75
2455.26 15682.79
2456.25 15688.66
2457.26 15694.78
2458.25 15700.97
2459.26 15707.09
2460.25 15713.12
2461.26 15719.32
2462.24 15725.30
2463.25 15731.41
2464.25 15737.60
2465.25 15744.05
2466.25 15750.49
2467.26 15756.83
2468.26 15763.33
2469.25 15769.69
2470.25 15776.38
2471.25 15782.66
2472.25 15789.15
2473.25 15795.74
2474.25 15802.10
2475.25 15808.54
2476.25 15814.93
2477.25 15821.18
2478.25 15827.72
2479.26 15834.25
2480.25 15840.64
2481.25 15846.99
2482.26 15853.09
2483.25 15859.39
2484.25 15865.73
2485.26 15871.80
2486.25 15877.67
2487.26 15884.16
2488.26 15890.32
2489.25 15896.26
2490.24 15902.65
2491.25 15908.96
2492.26 15915.27
2493.25 15921.70
2494.26 15927.78
2495.24 15930.71
2496.23 15935.40
2497.24 15941.46
2498.23 15946.84
2499.24 15952.68
2500.24 15958.34
2501.24 15964.51
2502.26 15970.81
2503.24 15975.93
2504.25 15981.79
2505.25 15987.51
2506.25 15993.87
2507.25 15999.91
2508.25 16006.24
2509.26 16012.64
2510.25 16019.08
2511.24 16025.37
2512.24 16031.41
2513.24 16037.95
2514.24 16044.25
