timestamp,id,uuid,load,memoryUtil,memoryTotal,memoryUsed,memoryFree,driver,name,serial,display_mode,display_active
1672425625.302115,0,GPU-a71d5fd4-b7db-93b7-1b7a-5a6e2a6a8c65,0.2,0.34892578125,10240.0,6667.0,472.12,NVIDIA GeForce RTX 3080,[N/A],Enabled,Enabled
1672425626.309392,0,GPU-a71d5fd4-b7db-93b7-1b7a-5a6e2a6a8c65,0.2,0.34892578125,10240.0,6667.0,472.12,NVIDIA GeForce RTX 3080,[N/A],Enabled,Enabled
1672425627.30277,0,GPU-a71d5fd4-b7db-93b7-1b7a-5a6e2a6a8c65,0.14,0.40654296875,10240.0,6077.0,472.12,NVIDIA GeForce RTX 3080,[N/A],Enabled,Enabled
1672425628.297849,0,GPU-a71d5fd4-b7db-93b7-1b7a-5a6e2a6a8c65,0.14,0.40654296875,10240.0,6077.0,472.12,NVIDIA GeForce RTX 3080,[N/A],Enabled,Enabled
1672425629.304152,0,GPU-a71d5fd4-b7db-93b7-1b7a-5a6e2a6a8c65,0.15,0.40654296875,10240.0,6077.0,472.12,NVIDIA GeForce RTX 3080,[N/A],Enabled,Enabled
1672425630.296328,0,GPU-a71d5fd4-b7db-93b7-1b7a-5a6e2a6a8c65,0.14,0.40654296875,10240.0,6077.0,472.12,NVIDIA GeForce RTX 3080,[N/A],Enabled,Enabled
1672425631.297001,0,GPU-a71d5fd4-b7db-93b7-1b7a-5a6e2a6a8c65,0.14,0.40654296875,10240.0,6077.0,472.12,NVIDIA GeForce RTX 3080,[N/A],Enabled,Enabled
1672425632.303196,0,GPU-a71d5fd4-b7db-93b7-1b7a-5a6e2a6a8c65,0.14,0.40654296875,10240.0,6077.0,472.12,NVIDIA GeForce RTX 3080,[N/A],Enabled,Enabled
1672425633.310829,0,GPU-a71d5fd4-b7db-93b7-1b7a-5a6e2a6a8c65,0.14,0.40654296875,10240.0,6077.0,472.12,NVIDIA GeForce RTX 3080,[N/A],Enabled,Enabled
1672425634.299286,0,GPU-a71d5fd4-b7db-93b7-1b7a-5a6e2a6a8c65,0.15,0.40654296875,10240.0,6077.0,472.12,NVIDIA GeForce RTX 3080,[N/A],Enabled,Enabled
1672425635.309326,0,GPU-a71d5fd4-b7db-93b7-1b7a-5a6e2a6a8c65,0.14,0.40654296875,10240.0,6077.0,472.12,NVIDIA GeForce RTX 3080,[N/A],Enabled,Enabled
1672425636.302398,0,GPU-a71d5fd4-b7db-93b7-1b7a-5a6e2a6a8c65,0.14,0.40654296875,10240.0,6077.0,472.12,NVIDIA GeForce RTX 3080,[N/A],Enabled,Enabled
1672425637.308168,0,GPU-a71d5fd4-b7db-93b7-1b7a-5a6e2a6a8c65,0.14,0.40654296875,10240.0,6077.0,472.12,NVIDIA GeForce RTX 3080,[N/A],Enabled,Enabled
1672425638.301809,0,GPU-a71d5fd4-b7db-93b7-1b7a-5a6e2a6a8c65,0.13,0.40654296875,10240.0,6077.0,472.12,NVIDIA GeForce RTX 3080,[N/A],Enabled,Enabled
1672425639.30603,0,GPU-a71d5fd4-b7db-93b7-1b7a-5a6e2a6a8c65,0.13,0.40654296875,10240.0,6077.0,472.12,NVIDIA GeForce RTX 3080,[N/A],Enabled,Enabled
1672425640.2988,0,GPU-a71d5fd4-b7db-93b7-1b7a-5a6e2a6a8c65,0.26,0.45166015625,10240.0,5615.0,472.12,NVIDIA GeForce RTX 3080,[N/A],Enabled,Enabled
1672425641.302919,0,GPU-a71d5fd4-b7db-93b7-1b7a-5a6e2a6a8c65,0.23,0.45166015625,10240.0,5615.0,472.12,NVIDIA GeForce RTX 3080,[N/A],Enabled,Enabled
1672425642.295456,0,GPU-a71d5fd4-b7db-93b7-1b7a-5a6e2a6a8c65,0.23,0.451171875,10240.0,5620.0,472.12,NVIDIA GeForce RTX 3080,[N/A],Enabled,Enabled
1672425643.299894,0,GPU-a71d5fd4-b7db-93b7-1b7a-5a6e2a6a8c65,0.18,0.40654296875,10240.0,6077.0,472.12,NVIDIA GeForce RTX 3080,[N/A],Enabled,Enabled
1672425644.306831,0,GPU-a71d5fd4-b7db-93b7-1b7a-5a6e2a6a8c65,0.14,0.406640625,10240.0,6076.0,472.12,NVIDIA GeForce RTX 3080,[N/A],Enabled,Enabled
1672425645.295946,0,GPU-a71d5fd4-b7db-93b7-1b7a-5a6e2a6a8c65,0.13,0.406640625,10240.0,6076.0,472.12,NVIDIA GeForce RTX 3080,[N/A],Enabled,Enabled
1672425646.303044,0,GPU-a71d5fd4-b7db-93b7-1b7a-5a6e2a6a8c65,0.13,0.406640625,10240.0,6076.0,472.12,NVIDIA GeForce RTX 3080,[N/A],Enabled,Enabled
1672425647.307265,0,GPU-a71d5fd4-b7db-93b7-1b7a-5a6e2a6a8c65,0.13,0.406640625,10240.0,6076.0,472.12,NVIDIA GeForce RTX 3080,[N/A],Enabled,Enabled
1672425648.297826,0,GPU-a71d5fd4-b7db-93b7-1b7a-5a6e2a6a8c65,0.13,0.40673828125,10240.0,6075.0,472.12,NVIDIA GeForce RTX 3080,[N/A],Enabled,Enabled
1672425649.302115,0,GPU-a71d5fd4-b7db-93b7-1b7a-5a6e2a6a8c65,0.13,0.40869140625,10240.0,6055.0,472.12,NVIDIA GeForce RTX 3080,[N/A],Enabled,Enabled
1672425650.308581,0,GPU-a71d5fd4-b7db-93b7-1b7a-5a6e2a6a8c65,0.16,0.416015625,10240.0,5980.0,472.12,NVIDIA GeForce RTX 3080,[N/A],Enabled,Enabled
1672425651.295879,0,GPU-a71d5fd4-b7db-93b7-1b7a-5a6e2a6a8c65,0.16,0.416015625,10240.0,5980.0,472.12,NVIDIA GeForce RTX 3080,[N/A],Enabled,Enabled
1672425652.298491,0,GPU-a71d5fd4-b7db-93b7-1b7a-5a6e2a6a8c65,0.16,0.416015625,10240.0,5980.0,472.12,NVIDIA GeForce RTX 3080,[N/A],Enabled,Enabled
1672425653.303154,0,GPU-a71d5fd4-b7db-93b7-1b7a-5a6e2a6a8c65,0.16,0.416015625,10240.0,5980.0,472.12,NVIDIA GeForce RTX 3080,[N/A],Enabled,Enabled
1672425654.304733,0,GPU-a71d5fd4-b7db-93b7-1b7a-5a6e2a6a8c65,0.16,0.416015625,10240.0,5980.0,472.12,NVIDIA GeForce RTX 3080,[N/A],Enabled,Enabled
1672425655.30944,0,GPU-a71d5fd4-b7db-93b7-1b7a-5a6e2a6a8c65,0.16,0.416015625,10240.0,5980.0,472.12,NVIDIA GeForce RTX 3080,[N/A],Enabled,Enabled
1672425656.300183,0,GPU-a71d5fd4-b7db-93b7-1b7a-5a6e2a6a8c65,0.16,0.416015625,10240.0,5980.0,472.12,NVIDIA GeForce RTX 3080,[N/A],Enabled,Enabled
1672425657.306053,0,GPU-a71d5fd4-b7db-93b7-1b7a-5a6e2a6a8c65,0.16,0.416015625,10240.0,5980.0,472.12,NVIDIA GeForce RTX 3080,[N/A],Enabled,Enabled
1672425658.295883,0,GPU-a71d5fd4-b7db-93b7-1b7a-5a6e2a6a8c65,0.16,0.416015625,10240.0,5980.0,472.12,NVIDIA GeForce RTX 3080,[N/A],Enabled,Enabled
1672425659.302889,0,GPU-a71d5fd4-b7db-93b7-1b7a-5a6e2a6a8c65,0.16,0.416015625,10240.0,5980.0,472.12,NVIDIA GeForce RTX 3080,[N/A],Enabled,Enabled
1672425660.307178,0,GPU-a71d5fd4-b7db-93b7-1b7a-5a6e2a6a8c65,0.16,0.416015625,10240.0,5980.0,472.12,NVIDIA GeForce RTX 3080,[N/A],Enabled,Enabled
1672425661.298668,0,GPU-a71d5fd4-b7db-93b7-1b7a-5a6e2a6a8c65,0.16,0.416015625,10240.0,5980.0,472.12,NVIDIA GeForce RTX 3080,[N/A],Enabled,Enabled
1672425662.310179,0,GPU-a71d5fd4-b7db-93b7-1b7a-5a6e2a6a8c65,0.16,0.416015625,10240.0,5980.0,472.12,NVIDIA GeForce RTX 3080,[N/A],Enabled,Enabled
1672425663.299964,0,GPU-a71d5fd4-b7db-93b7-1b7a-5a6e2a6a8c65,0.16,0.416015625,10240.0,5980.0,472.12,NVIDIA GeForce RTX 3080,[N/A],Enabled,Enabled
1672425664.305788,0,GPU-a71d5fd4-b7db-93b7-1b7a-5a6e2a6a8c65,0.16,0.416015625,10240.0,5980.0,472.12,NVIDIA GeForce RTX 3080,[N/A],Enabled,Enabled
1672425665.297984,0,GPU-a71d5fd4-b7db-93b7-1b7a-5a6e2a6a8c65,0.16,0.416015625,10240.0,5980.0,472.12,NVIDIA GeForce RTX 3080,[N/A],Enabled,Enabled
1672425666.301216,0,GPU-a71d5fd4-b7db-93b7-1b7a-5a6e2a6a8c65,0.16,0.416015625,10240.0,5980.0,472.12,NVIDIA GeForce RTX 3080,[N/A],Enabled,Enabled
1672425667.304118,0,GPU-a71d5fd4-b7db-93b7-1b7a-5a6e2a6a8c65,0.16,0.416015625,10240.0,5980.0,472.12,NVIDIA GeForce RTX 3080,[N/A],Enabled,Enabled
1672425668.296019,0,GPU-a71d5fd4-b7db-93b7-1b7a-5a6e2a6a8c65,0.16,0.416015625,10240.0,5980.0,472.12,NVIDIA GeForce RTX 3080,[N/A],Enabled,Enabled
1672425669.301957,0,GPU-a71d5fd4-b7db-93b7-1b7a-5a6e2a6a8c65,0.16,0.416015625,10240.0,5980.0,472.12,NVIDIA GeForce RTX 3080,[N/A],Enabled,Enabled
1672425670.309333,0,GPU-a71d5fd4-b7db-93b7-1b7a-5a6e2a6a8c65,0.16,0.416015625,10240.0,5980.0,472.12,NVIDIA GeForce RTX 3080,[N/A],Enabled,Enabled
1672425671.299456,0,GPU-a71d5fd4-b7db-93b7-1b7a-5a6e2a6a8c65,0.16,0.416015625,10240.0,5980.0,472.12,NVIDIA GeForce RTX 3080,[N/A],Enabled,Enabled
1672425672.307795,0,GPU-a71d5fd4-b7db-93b7-1b7a-5a6e2a6a8c65,0.16,0.416015625,10240.0,5980.0,472.12,NVIDIA GeForce RTX 3080,[N/A],Enabled,Enabled
1672425673.299269,0,GPU-a71d5fd4-b7db-93b7-1b7a-5a6e2a6a8c65,0.16,0.416015625,10240.0,5980.0,472.12,NVIDIA GeForce RTX 3080,[N/A],Enabled,Enabled
1672425674.302968,0,GPU-a71d5fd4-b7db-93b7-1b7a-5a6e2a6a8c65,0.16,0.416015625,10240.0,5980.0,472.12,NVIDIA GeForce RTX 3080,[N/A],Enabled,Enabled
1672425675.307084,0,GPU-a71d5fd4-b7db-93b7-1b7a-5a6e2a6a8c65,0.16,0.416015625,10240.0,5980.0,472.12,NVIDIA GeForce RTX 3080,[N/A],Enabled,Enabled
1672425676.300326,0,GPU-a71d5fd4-b7db-93b7-1b7a-5a6e2a6a8c65,0.16,0.416015625,10240.0,5980.0,472.12,NVIDIA GeForce RTX 3080,[N/A],Enabled,Enabled
1672425677.295228,0,GPU-a71d5fd4-b7db-93b7-1b7a-5a6e2a6a8c65,0.16,0.416015625,10240.0,5980.0,472.12,NVIDIA GeForce RTX 3080,[N/A],Enabled,Enabled
1672425678.300939,0,GPU-a71d5fd4-b7db-93b7-1b7a-5a6e2a6a8c65,0.16,0.416015625,10240.0,5980.0,472.12,NVIDIA GeForce RTX 3080,[N/A],Enabled,Enabled
1672425679.308424,0,GPU-a71d5fd4-b7db-93b7-1b7a-5a6e2a6a8c65,0.16,0.416015625,10240.0,5980.0,472.12,NVIDIA GeForce RTX 3080,[N/A],Enabled,Enabled
1672425680.297344,0,GPU-a71d5fd4-b7db-93b7-1b7a-5a6e2a6a8c65,0.16,0.416015625,10240.0,5980.0,472.12,NVIDIA GeForce RTX 3080,[N/A],Enabled,Enabled
1672425681.302919,0,GPU-a71d5fd4-b7db-93b7-1b7a-5a6e2a6a8c65,0.16,0.416015625,10240.0,5980.0,472.12,NVIDIA GeForce RTX 3080,[N/A],Enabled,Enabled
1672425682.308691,0,GPU-a71d5fd4-b7db-93b7-1b7a-5a6e2a6a8c65,0.16,0.416015625,10240.0,5980.0,472.12,NVIDIA GeForce RTX 3080,[N/A],Enabled,Enabled
1672425683.300472,0,GPU-a71d5fd4-b7db-93b7-1b7a-5a6e2a6a8c65,0.16,0.416015625,10240.0,5980.0,472.12,NVIDIA GeForce RTX 3080,[N/A],Enabled,Enabled
1672425684.306914,0,GPU-a71d5fd4-b7db-93b7-1b7a-5a6e2a6a8c65,0.16,0.416015625,10240.0,5980.0,472.12,NVIDIA GeForce RTX 3080,[N/A],Enabled,Enabled
1672425685.297242,0,GPU-a71d5fd4-b7db-93b7-1b7a-5a6e2a6a8c65,0.16,0.416015625,10240.0,5980.0,472.12,NVIDIA GeForce RTX 3080,[N/A],Enabled,Enabled
1672425686.306541,0,GPU-a71d5fd4-b7db-93b7-1b7a-5a6e2a6a8c65,0.15,0.416015625,10240.0,5980.0,472.12,NVIDIA GeForce RTX 3080,[N/A],Enabled,Enabled
1672425687.297212,0,GPU-a71d5fd4-b7db-93b7-1b7a-5a6e2a6a8c65,0.17,0.416015625,10240.0,5980.0,472.12,NVIDIA GeForce RTX 3080,[N/A],Enabled,Enabled
1672425688.300619,0,GPU-a71d5fd4-b7db-93b7-1b7a-5a6e2a6a8c65,0.16,0.416015625,10240.0,5980.0,472.12,NVIDIA GeForce RTX 3080,[N/A],Enabled,Enabled
1672425689.302922,0,GPU-a71d5fd4-b7db-93b7-1b7a-5a6e2a6a8c65,0.16,0.416015625,10240.0,5980.0,472.12,NVIDIA GeForce RTX 3080,[N/A],Enabled,Enabled
1672425690.307283,0,GPU-a71d5fd4-b7db-93b7-1b7a-5a6e2a6a8c65,0.16,0.416015625,10240.0,5980.0,472.12,NVIDIA GeForce RTX 3080,[N/A],Enabled,Enabled
1672425691.301351,0,GPU-a71d5fd4-b7db-93b7-1b7a-5a6e2a6a8c65,0.16,0.416015625,10240.0,5980.0,472.12,NVIDIA GeForce RTX 3080,[N/A],Enabled,Enabled
1672425692.304219,0,GPU-a71d5fd4-b7db-93b7-1b7a-5a6e2a6a8c65,0.16,0.416015625,10240.0,5980.0,472.12,NVIDIA GeForce RTX 3080,[N/A],Enabled,Enabled
1672425693.295816,0,GPU-a71d5fd4-b7db-93b7-1b7a-5a6e2a6a8c65,0.17,0.416015625,10240.0,5980.0,472.12,NVIDIA GeForce RTX 3080,[N/A],Enabled,Enabled
1672425694.296055,0,GPU-a71d5fd4-b7db-93b7-1b7a-5a6e2a6a8c65,0.16,0.416015625,10240.0,5980.0,472.12,NVIDIA GeForce RTX 3080,[N/A],Enabled,Enabled
1672425695.301744,0,GPU-a71d5fd4-b7db-93b7-1b7a-5a6e2a6a8c65,0.16,0.416015625,10240.0,5980.0,472.12,NVIDIA GeForce RTX 3080,[N/A],Enabled,Enabled
1672425696.306291,0,GPU-a71d5fd4-b7db-93b7-1b7a-5a6e2a6a8c65,0.16,0.416015625,10240.0,5980.0,472.12,NVIDIA GeForce RTX 3080,[N/A],Enabled,Enabled
1672425697.310241,0,GPU-a71d5fd4-b7db-93b7-1b7a-5a6e2a6a8c65,0.17,0.416015625,10240.0,5980.0,472.12,NVIDIA GeForce RTX 3080,[N/A],Enabled,Enabled
1672425698.303956,0,GPU-a71d5fd4-b7db-93b7-1b7a-5a6e2a6a8c65,0.16,0.416015625,10240.0,5980.0,472.12,NVIDIA GeForce RTX 3080,[N/A],Enabled,Enabled
1672425699.301464,0,GPU-a71d5fd4-b7db-93b7-1b7a-5a6e2a6a8c65,0.17,0.416015625,10240.0,5980.0,472.12,NVIDIA GeForce RTX 3080,[N/A],Enabled,Enabled
1672425700.304814,0,GPU-a71d5fd4-b7db-93b7-1b7a-5a6e2a6a8c65,0.17,0.416015625,10240.0,5980.0,472.12,NVIDIA GeForce RTX 3080,[N/A],Enabled,Enabled
1672425701.295845,0,GPU-a71d5fd4-b7db-93b7-1b7a-5a6e2a6a8c65,0.16,0.416015625,10240.0,5980.0,472.12,NVIDIA GeForce RTX 3080,[N/A],Enabled,Enabled
1672425702.301742,0,GPU-a71d5fd4-b7db-93b7-1b7a-5a6e2a6a8c65,0.16,0.416015625,10240.0,5980.0,472.12,NVIDIA GeForce RTX 3080,[N/A],Enabled,Enabled
1672425703.307509,0,GPU-a71d5fd4-b7db-93b7-1b7a-5a6e2a6a8c65,0.17,0.416015625,10240.0,5980.0,472.12,NVIDIA GeForce RTX 3080,[N/A],Enabled,Enabled
1672425704.3017,0,GPU-a71d5fd4-b7db-93b7-1b7a-5a6e2a6a8c65,0.17,0.416015625,10240.0,5980.0,472.12,NVIDIA GeForce RTX 3080,[N/A],Enabled,Enabled
1672425705.306318,0,GPU-a71d5fd4-b7db-93b7-1b7a-5a6e2a6a8c65,0.16,0.416015625,10240.0,5980.0,472.12,NVIDIA GeForce RTX 3080,[N/A],Enabled,Enabled
1672425706.295846,0,GPU-a71d5fd4-b7db-93b7-1b7a-5a6e2a6a8c65,0.16,0.416015625,10240.0,5980.0,472.12,NVIDIA GeForce RTX 3080,[N/A],Enabled,Enabled
1672425707.300138,0,GPU-a71d5fd4-b7db-93b7-1b7a-5a6e2a6a8c65,0.17,0.416015625,10240.0,5980.0,472.12,NVIDIA GeForce RTX 3080,[N/A],Enabled,Enabled
1672425708.307883,0,GPU-a71d5fd4-b7db-93b7-1b7a-5a6e2a6a8c65,0.17,0.416015625,10240.0,5980.0,472.12,NVIDIA GeForce RTX 3080,[N/A],Enabled,Enabled
1672425709.295875,0,GPU-a71d5fd4-b7db-93b7-1b7a-5a6e2a6a8c65,0.16,0.416015625,10240.0,5980.0,472.12,NVIDIA GeForce RTX 3080,[N/A],Enabled,Enabled
1672425710.301069,0,GPU-a71d5fd4-b7db-93b7-1b7a-5a6e2a6a8c65,0.17,0.416015625,10240.0,5980.0,472.12,NVIDIA GeForce RTX 3080,[N/A],Enabled,Enabled
1672425711.305838,0,GPU-a71d5fd4-b7db-93b7-1b7a-5a6e2a6a8c65,0.17,0.416015625,10240.0,5980.0,472.12,NVIDIA GeForce RTX 3080,[N/A],Enabled,Enabled
1672425712.2967,0,GPU-a71d5fd4-b7db-93b7-1b7a-5a6e2a6a8c65,0.17,0.416015625,10240.0,5980.0,472.12,NVIDIA GeForce RTX 3080,[N/A],Enabled,Enabled
1672425713.297955,0,GPU-a71d5fd4-b7db-93b7-1b7a-5a6e2a6a8c65,0.17,0.416015625,10240.0,5980.0,472.12,NVIDIA GeForce RTX 3080,[N/A],Enabled,Enabled
1672425714.305751,0,GPU-a71d5fd4-b7db-93b7-1b7a-5a6e2a6a8c65,0.16,0.416015625,10240.0,5980.0,472.12,NVIDIA GeForce RTX 3080,[N/A],Enabled,Enabled
1672425715.296018,0,GPU-a71d5fd4-b7db-93b7-1b7a-5a6e2a6a8c65,0.17,0.416015625,10240.0,5980.0,472.12,NVIDIA GeForce RTX 3080,[N/A],Enabled,Enabled
1672425716.297238,0,GPU-a71d5fd4-b7db-93b7-1b7a-5a6e2a6a8c65,0.17,0.416015625,10240.0,5980.0,472.12,NVIDIA GeForce RTX 3080,[N/A],Enabled,Enabled
1672425717.303201,0,GPU-a71d5fd4-b7db-93b7-1b7a-5a6e2a6a8c65,0.17,0.416015625,10240.0,5980.0,472.12,NVIDIA GeForce RTX 3080,[N/A],Enabled,Enabled
1672425718.304886,0,GPU-a71d5fd4-b7db-93b7-1b7a-5a6e2a6a8c65,0.16,0.416015625,10240.0,5980.0,472.12,NVIDIA GeForce RTX 3080,[N/A],Enabled,Enabled
1672425719.309092,0,GPU-a71d5fd4-b7db-93b7-1b7a-5a6e2a6a8c65,0.17,0.416015625,10240.0,5980.0,472.12,NVIDIA GeForce RTX 3080,[N/A],Enabled,Enabled
1672425720.299846,0,GPU-a71d5fd4-b7db-93b7-1b7a-5a6e2a6a8c65,0.17,0.416015625,10240.0,5980.0,472.12,NVIDIA GeForce RTX 3080,[N/A],Enabled,Enabled
1672425721.305797,0,GPU-a71d5fd4-b7db-93b7-1b7a-5a6e2a6a8c65,0.16,0.416015625,10240.0,5980.0,472.12,NVIDIA GeForce RTX 3080,[N/A],Enabled,Enabled
1672425722.298083,0,GPU-a71d5fd4-b7db-93b7-1b7a-5a6e2a6a8c65,0.16,0.416015625,10240.0,5980.0,472.12,NVIDIA GeForce RTX 3080,[N/A],Enabled,Enabled
1672425723.30388,0,GPU-a71d5fd4-b7db-93b7-1b7a-5a6e2a6a8c65,0.17,0.416015625,10240.0,5980.0,472.12,NVIDIA GeForce RTX 3080,[N/A],Enabled,Enabled
1672425724.300342,0,GPU-a71d5fd4-b7db-93b7-1b7a-5a6e2a6a8c65,0.16,0.416015625,10240.0,5980.0,472.12,NVIDIA GeForce RTX 3080,[N/A],Enabled,Enabled
1672425725.302936,0,GPU-a71d5fd4-b7db-93b7-1b7a-5a6e2a6a8c65,0.16,0.416015625,10240.0,5980.0,472.12,NVIDIA GeForce RTX 3080,[N/A],Enabled,Enabled
1672425726.297083,0,GPU-a71d5fd4-b7db-93b7-1b7a-5a6e2a6a8c65,0.16,0.416015625,10240.0,5980.0,472.12,NVIDIA GeForce RTX 3080,[N/A],Enabled,Enabled
1672425727.30193,0,GPU-a71d5fd4-b7db-93b7-1b7a-5a6e2a6a8c65,0.17,0.416015625,10240.0,5980.0,472.12,NVIDIA GeForce RTX 3080,[N/A],Enabled,Enabled
1672425728.305119,0,GPU-a71d5fd4-b7db-93b7-1b7a-5a6e2a6a8c65,0.16,0.416015625,10240.0,5980.0,472.12,NVIDIA GeForce RTX 3080,[N/A],Enabled,Enabled
1672425729.307619,0,GPU-a71d5fd4-b7db-93b7-1b7a-5a6e2a6a8c65,0.16,0.416015625,10240.0,5980.0,472.12,NVIDIA GeForce RTX 3080,[N/A],Enabled,Enabled
1672425730.296192,0,GPU-a71d5fd4-b7db-93b7-1b7a-5a6e2a6a8c65,0.16,0.416015625,10240.0,5980.0,472.12,NVIDIA GeForce RTX 3080,[N/A],Enabled,Enabled
1672425731.301964,0,GPU-a71d5fd4-b7db-93b7-1b7a-5a6e2a6a8c65,0.16,0.416015625,10240.0,5980.0,472.12,NVIDIA GeForce RTX 3080,[N/A],Enabled,Enabled
1672425732.304916,0,GPU-a71d5fd4-b7db-93b7-1b7a-5a6e2a6a8c65,0.16,0.416015625,10240.0,5980.0,472.12,NVIDIA GeForce RTX 3080,[N/A],Enabled,Enabled
1672425733.300497,0,GPU-a71d5fd4-b7db-93b7-1b7a-5a6e2a6a8c65,0.16,0.416015625,10240.0,5980.0,472.12,NVIDIA GeForce RTX 3080,[N/A],Enabled,Enabled
1672425734.303324,0,GPU-a71d5fd4-b7db-93b7-1b7a-5a6e2a6a8c65,0.16,0.416015625,10240.0,5980.0,472.12,NVIDIA GeForce RTX 3080,[N/A],Enabled,Enabled
1672425735.297154,0,GPU-a71d5fd4-b7db-93b7-1b7a-5a6e2a6a8c65,0.16,0.416015625,10240.0,5980.0,472.12,NVIDIA GeForce RTX 3080,[N/A],Enabled,Enabled
1672425736.301745,0,GPU-a71d5fd4-b7db-93b7-1b7a-5a6e2a6a8c65,0.16,0.416015625,10240.0,5980.0,472.12,NVIDIA GeForce RTX 3080,[N/A],Enabled,Enabled
1672425737.308834,0,GPU-a71d5fd4-b7db-93b7-1b7a-5a6e2a6a8c65,0.16,0.416015625,10240.0,5980.0,472.12,NVIDIA GeForce RTX 3080,[N/A],Enabled,Enabled
1672425738.303331,0,GPU-a71d5fd4-b7db-93b7-1b7a-5a6e2a6a8c65,0.16,0.416015625,10240.0,5980.0,472.12,NVIDIA GeForce RTX 3080,[N/A],Enabled,Enabled
1672425739.3092,0,GPU-a71d5fd4-b7db-93b7-1b7a-5a6e2a6a8c65,0.16,0.416015625,10240.0,5980.0,472.12,NVIDIA GeForce RTX 3080,[N/A],Enabled,Enabled
1672425740.300411,0,GPU-a71d5fd4-b7db-93b7-1b7a-5a6e2a6a8c65,0.15,0.416015625,10240.0,5980.0,472.12,NVIDIA GeForce RTX 3080,[N/A],Enabled,Enabled
1672425741.297349,0,GPU-a71d5fd4-b7db-93b7-1b7a-5a6e2a6a8c65,0.16,0.416015625,10240.0,5980.0,472.12,NVIDIA GeForce RTX 3080,[N/A],Enabled,Enabled
1672425742.302296,0,GPU-a71d5fd4-b7db-93b7-1b7a-5a6e2a6a8c65,0.16,0.416015625,10240.0,5980.0,472.12,NVIDIA GeForce RTX 3080,[N/A],Enabled,Enabled
1672425743.304131,0,GPU-a71d5fd4-b7db-93b7-1b7a-5a6e2a6a8c65,0.16,0.416015625,10240.0,5980.0,472.12,NVIDIA GeForce RTX 3080,[N/A],Enabled,Enabled
1672425744.307791,0,GPU-a71d5fd4-b7db-93b7-1b7a-5a6e2a6a8c65,0.16,0.416015625,10240.0,5980.0,472.12,NVIDIA GeForce RTX 3080,[N/A],Enabled,Enabled
1672425745.298259,0,GPU-a71d5fd4-b7db-93b7-1b7a-5a6e2a6a8c65,0.16,0.416015625,10240.0,5980.0,472.12,NVIDIA GeForce RTX 3080,[N/A],Enabled,Enabled
1672425746.304958,0,GPU-a71d5fd4-b7db-93b7-1b7a-5a6e2a6a8c65,0.16,0.416015625,10240.0,5980.0,472.12,NVIDIA GeForce RTX 3080,[N/A],Enabled,Enabled
1672425747.298493,0,GPU-a71d5fd4-b7db-93b7-1b7a-5a6e2a6a8c65,0.16,0.416015625,10240.0,5980.0,472.12,NVIDIA GeForce RTX 3080,[N/A],Enabled,Enabled
1672425748.305384,0,GPU-a71d5fd4-b7db-93b7-1b7a-5a6e2a6a8c65,0.16,0.416015625,10240.0,5980.0,472.12,NVIDIA GeForce RTX 3080,[N/A],Enabled,Enabled
1672425749.31056,0,GPU-a71d5fd4-b7db-93b7-1b7a-5a6e2a6a8c65,0.16,0.416015625,10240.0,5980.0,472.12,NVIDIA GeForce RTX 3080,[N/A],Enabled,Enabled
1672425750.296241,0,GPU-a71d5fd4-b7db-93b7-1b7a-5a6e2a6a8c65,0.16,0.416015625,10240.0,5980.0,472.12,NVIDIA GeForce RTX 3080,[N/A],Enabled,Enabled
1672425751.302918,0,GPU-a71d5fd4-b7db-93b7-1b7a-5a6e2a6a8c65,0.17,0.416015625,10240.0,5980.0,472.12,NVIDIA GeForce RTX 3080,[N/A],Enabled,Enabled
1672425752.299208,0,GPU-a71d5fd4-b7db-93b7-1b7a-5a6e2a6a8c65,0.16,0.416015625,10240.0,5980.0,472.12,NVIDIA GeForce RTX 3080,[N/A],Enabled,Enabled
1672425753.307419,0,GPU-a71d5fd4-b7db-93b7-1b7a-5a6e2a6a8c65,0.16,0.416015625,10240.0,5980.0,472.12,NVIDIA GeForce RTX 3080,[N/A],Enabled,Enabled
1672425754.299284,0,GPU-a71d5fd4-b7db-93b7-1b7a-5a6e2a6a8c65,0.16,0.416015625,10240.0,5980.0,472.12,NVIDIA GeForce RTX 3080,[N/A],Enabled,Enabled
1672425755.305079,0,GPU-a71d5fd4-b7db-93b7-1b7a-5a6e2a6a8c65,0.16,0.416015625,10240.0,5980.0,472.12,NVIDIA GeForce RTX 3080,[N/A],Enabled,Enabled
1672425756.300031,0,GPU-a71d5fd4-b7db-93b7-1b7a-5a6e2a6a8c65,0.16,0.416015625,10240.0,5980.0,472.12,NVIDIA GeForce RTX 3080,[N/A],Enabled,Enabled
1672425757.305151,0,GPU-a71d5fd4-b7db-93b7-1b7a-5a6e2a6a8c65,0.16,0.416015625,10240.0,5980.0,472.12,NVIDIA GeForce RTX 3080,[N/A],Enabled,Enabled
1672425758.30082,0,GPU-a71d5fd4-b7db-93b7-1b7a-5a6e2a6a8c65,0.16,0.416015625,10240.0,5980.0,472.12,NVIDIA GeForce RTX 3080,[N/A],Enabled,Enabled
1672425759.306945,0,GPU-a71d5fd4-b7db-93b7-1b7a-5a6e2a6a8c65,0.17,0.416015625,10240.0,5980.0,472.12,NVIDIA GeForce RTX 3080,[N/A],Enabled,Enabled
1672425760.296308,0,GPU-a71d5fd4-b7db-93b7-1b7a-5a6e2a6a8c65,0.16,0.416015625,10240.0,5980.0,472.12,NVIDIA GeForce RTX 3080,[N/A],Enabled,Enabled
1672425761.302115,0,GPU-a71d5fd4-b7db-93b7-1b7a-5a6e2a6a8c65,0.16,0.416015625,10240.0,5980.0,472.12,NVIDIA GeForce RTX 3080,[N/A],Enabled,Enabled
1672425762.310374,0,GPU-a71d5fd4-b7db-93b7-1b7a-5a6e2a6a8c65,0.16,0.416015625,10240.0,5980.0,472.12,NVIDIA GeForce RTX 3080,[N/A],Enabled,Enabled
1672425763.305905,0,GPU-a71d5fd4-b7db-93b7-1b7a-5a6e2a6a8c65,0.16,0.416015625,10240.0,5980.0,472.12,NVIDIA GeForce RTX 3080,[N/A],Enabled,Enabled
1672425764.300718,0,GPU-a71d5fd4-b7db-93b7-1b7a-5a6e2a6a8c65,0.16,0.416015625,10240.0,5980.0,472.12,NVIDIA GeForce RTX 3080,[N/A],Enabled,Enabled
1672425765.302831,0,GPU-a71d5fd4-b7db-93b7-1b7a-5a6e2a6a8c65,0.16,0.416015625,10240.0,5980.0,472.12,NVIDIA GeForce RTX 3080,[N/A],Enabled,Enabled
1672425766.296181,0,GPU-a71d5fd4-b7db-93b7-1b7a-5a6e2a6a8c65,0.16,0.416015625,10240.0,5980.0,472.12,NVIDIA GeForce RTX 3080,[N/A],Enabled,Enabled
1672425767.29909,0,GPU-a71d5fd4-b7db-93b7-1b7a-5a6e2a6a8c65,0.17,0.416015625,10240.0,5980.0,472.12,NVIDIA GeForce RTX 3080,[N/A],Enabled,Enabled
1672425768.305796,0,GPU-a71d5fd4-b7db-93b7-1b7a-5a6e2a6a8c65,0.16,0.416015625,10240.0,5980.0,472.12,NVIDIA GeForce RTX 3080,[N/A],Enabled,Enabled
1672425769.303057,0,GPU-a71d5fd4-b7db-93b7-1b7a-5a6e2a6a8c65,0.16,0.416015625,10240.0,5980.0,472.12,NVIDIA GeForce RTX 3080,[N/A],Enabled,Enabled
1672425770.309286,0,GPU-a71d5fd4-b7db-93b7-1b7a-5a6e2a6a8c65,0.16,0.416015625,10240.0,5980.0,472.12,NVIDIA GeForce RTX 3080,[N/A],Enabled,Enabled
1672425771.301824,0,GPU-a71d5fd4-b7db-93b7-1b7a-5a6e2a6a8c65,0.16,0.416015625,10240.0,5980.0,472.12,NVIDIA GeForce RTX 3080,[N/A],Enabled,Enabled
1672425772.30813,0,GPU-a71d5fd4-b7db-93b7-1b7a-5a6e2a6a8c65,0.16,0.416015625,10240.0,5980.0,472.12,NVIDIA GeForce RTX 3080,[N/A],Enabled,Enabled
1672425773.299568,0,GPU-a71d5fd4-b7db-93b7-1b7a-5a6e2a6a8c65,0.16,0.416015625,10240.0,5980.0,472.12,NVIDIA GeForce RTX 3080,[N/A],Enabled,Enabled
1672425774.307122,0,GPU-a71d5fd4-b7db-93b7-1b7a-5a6e2a6a8c65,0.16,0.416015625,10240.0,5980.0,472.12,NVIDIA GeForce RTX 3080,[N/A],Enabled,Enabled
1672425775.297004,0,GPU-a71d5fd4-b7db-93b7-1b7a-5a6e2a6a8c65,0.16,0.416015625,10240.0,5980.0,472.12,NVIDIA GeForce RTX 3080,[N/A],Enabled,Enabled
1672425776.301815,0,GPU-a71d5fd4-b7db-93b7-1b7a-5a6e2a6a8c65,0.16,0.416015625,10240.0,5980.0,472.12,NVIDIA GeForce RTX 3080,[N/A],Enabled,Enabled
1672425777.307976,0,GPU-a71d5fd4-b7db-93b7-1b7a-5a6e2a6a8c65,0.16,0.416015625,10240.0,5980.0,472.12,NVIDIA GeForce RTX 3080,[N/A],Enabled,Enabled
1672425778.296866,0,GPU-a71d5fd4-b7db-93b7-1b7a-5a6e2a6a8c65,0.16,0.416015625,10240.0,5980.0,472.12,NVIDIA GeForce RTX 3080,[N/A],Enabled,Enabled
1672425779.307697,0,GPU-a71d5fd4-b7db-93b7-1b7a-5a6e2a6a8c65,0.16,0.416015625,10240.0,5980.0,472.12,NVIDIA GeForce RTX 3080,[N/A],Enabled,Enabled
1672425780.297118,0,GPU-a71d5fd4-b7db-93b7-1b7a-5a6e2a6a8c65,0.16,0.416015625,10240.0,5980.0,472.12,NVIDIA GeForce RTX 3080,[N/A],Enabled,Enabled
1672425781.306669,0,GPU-a71d5fd4-b7db-93b7-1b7a-5a6e2a6a8c65,0.17,0.416015625,10240.0,5980.0,472.12,NVIDIA GeForce RTX 3080,[N/A],Enabled,Enabled
1672425782.300186,0,GPU-a71d5fd4-b7db-93b7-1b7a-5a6e2a6a8c65,0.16,0.416015625,10240.0,5980.0,472.12,NVIDIA GeForce RTX 3080,[N/A],Enabled,Enabled
1672425783.310212,0,GPU-a71d5fd4-b7db-93b7-1b7a-5a6e2a6a8c65,0.16,0.416015625,10240.0,5980.0,472.12,NVIDIA GeForce RTX 3080,[N/A],Enabled,Enabled
1672425784.303936,0,GPU-a71d5fd4-b7db-93b7-1b7a-5a6e2a6a8c65,0.16,0.416015625,10240.0,5980.0,472.12,NVIDIA GeForce RTX 3080,[N/A],Enabled,Enabled
1672425785.307239,0,GPU-a71d5fd4-b7db-93b7-1b7a-5a6e2a6a8c65,0.16,0.416015625,10240.0,5980.0,472.12,NVIDIA GeForce RTX 3080,[N/A],Enabled,Enabled
1672425786.29708,0,GPU-a71d5fd4-b7db-93b7-1b7a-5a6e2a6a8c65,0.16,0.416015625,10240.0,5980.0,472.12,NVIDIA GeForce RTX 3080,[N/A],Enabled,Enabled
1672425787.302333,0,GPU-a71d5fd4-b7db-93b7-1b7a-5a6e2a6a8c65,0.16,0.416015625,10240.0,5980.0,472.12,NVIDIA GeForce RTX 3080,[N/A],Enabled,Enabled
1672425788.307931,0,GPU-a71d5fd4-b7db-93b7-1b7a-5a6e2a6a8c65,0.16,0.416015625,10240.0,5980.0,472.12,NVIDIA GeForce RTX 3080,[N/A],Enabled,Enabled
1672425789.299231,0,GPU-a71d5fd4-b7db-93b7-1b7a-5a6e2a6a8c65,0.16,0.416015625,10240.0,5980.0,472.12,NVIDIA GeForce RTX 3080,[N/A],Enabled,Enabled
1672425790.308108,0,GPU-a71d5fd4-b7db-93b7-1b7a-5a6e2a6a8c65,0.15,0.416015625,10240.0,5980.0,472.12,NVIDIA GeForce RTX 3080,[N/A],Enabled,Enabled
1672425791.299288,0,GPU-a71d5fd4-b7db-93b7-1b7a-5a6e2a6a8c65,0.16,0.416015625,10240.0,5980.0,472.12,NVIDIA GeForce RTX 3080,[N/A],Enabled,Enabled
1672425792.304074,0,GPU-a71d5fd4-b7db-93b7-1b7a-5a6e2a6a8c65,0.16,0.416015625,10240.0,5980.0,472.12,NVIDIA GeForce RTX 3080,[N/A],Enabled,Enabled
1672425793.302226,0,GPU-a71d5fd4-b7db-93b7-1b7a-5a6e2a6a8c65,0.16,0.416015625,10240.0,5980.0,472.12,NVIDIA GeForce RTX 3080,[N/A],Enabled,Enabled
1672425794.308083,0,GPU-a71d5fd4-b7db-93b7-1b7a-5a6e2a6a8c65,0.16,0.416015625,10240.0,5980.0,472.12,NVIDIA GeForce RTX 3080,[N/A],Enabled,Enabled
1672425795.303863,0,GPU-a71d5fd4-b7db-93b7-1b7a-5a6e2a6a8c65,0.16,0.416015625,10240.0,5980.0,472.12,NVIDIA GeForce RTX 3080,[N/A],Enabled,Enabled
1672425796.297283,0,GPU-a71d5fd4-b7db-93b7-1b7a-5a6e2a6a8c65,0.16,0.416015625,10240.0,5980.0,472.12,NVIDIA GeForce RTX 3080,[N/A],Enabled,Enabled
1672425797.299063,0,GPU-a71d5fd4-b7db-93b7-1b7a-5a6e2a6a8c65,0.16,0.416015625,10240.0,5980.0,472.12,NVIDIA GeForce RTX 3080,[N/A],Enabled,Enabled
1672425798.307279,0,GPU-a71d5fd4-b7db-93b7-1b7a-5a6e2a6a8c65,0.15,0.416015625,10240.0,5980.0,472.12,NVIDIA GeForce RTX 3080,[N/A],Enabled,Enabled
1672425799.308972,0,GPU-a71d5fd4-b7db-93b7-1b7a-5a6e2a6a8c65,0.15,0.416015625,10240.0,5980.0,472.12,NVIDIA GeForce RTX 3080,[N/A],Enabled,Enabled
1672425800.301339,0,GPU-a71d5fd4-b7db-93b7-1b7a-5a6e2a6a8c65,0.16,0.416015625,10240.0,5980.0,472.12,NVIDIA GeForce RTX 3080,[N/A],Enabled,Enabled
1672425801.306913,0,GPU-a71d5fd4-b7db-93b7-1b7a-5a6e2a6a8c65,0.17,0.416015625,10240.0,5980.0,472.12,NVIDIA GeForce RTX 3080,[N/A],Enabled,Enabled
1672425802.300042,0,GPU-a71d5fd4-b7db-93b7-1b7a-5a6e2a6a8c65,0.16,0.416015625,10240.0,5980.0,472.12,NVIDIA GeForce RTX 3080,[N/A],Enabled,Enabled
1672425803.307858,0,GPU-a71d5fd4-b7db-93b7-1b7a-5a6e2a6a8c65,0.16,0.416015625,10240.0,5980.0,472.12,NVIDIA GeForce RTX 3080,[N/A],Enabled,Enabled
1672425804.299892,0,GPU-a71d5fd4-b7db-93b7-1b7a-5a6e2a6a8c65,0.15,0.416015625,10240.0,5980.0,472.12,NVIDIA GeForce RTX 3080,[N/A],Enabled,Enabled
1672425805.306997,0,GPU-a71d5fd4-b7db-93b7-1b7a-5a6e2a6a8c65,0.14,0.40908203125,10240.0,6051.0,472.12,NVIDIA GeForce RTX 3080,[N/A],Enabled,Enabled
1672425806.308573,0,GPU-a71d5fd4-b7db-93b7-1b7a-5a6e2a6a8c65,0.14,0.40908203125,10240.0,6051.0,472.12,NVIDIA GeForce RTX 3080,[N/A],Enabled,Enabled
1672425807.302086,0,GPU-a71d5fd4-b7db-93b7-1b7a-5a6e2a6a8c65,0.13,0.408984375,10240.0,6052.0,472.12,NVIDIA GeForce RTX 3080,[N/A],Enabled,Enabled
1672425808.309185,0,GPU-a71d5fd4-b7db-93b7-1b7a-5a6e2a6a8c65,0.13,0.408984375,10240.0,6052.0,472.12,NVIDIA GeForce RTX 3080,[N/A],Enabled,Enabled
1672425809.301172,0,GPU-a71d5fd4-b7db-93b7-1b7a-5a6e2a6a8c65,0.13,0.408984375,10240.0,6052.0,472.12,NVIDIA GeForce RTX 3080,[N/A],Enabled,Enabled
1672425810.303842,0,GPU-a71d5fd4-b7db-93b7-1b7a-5a6e2a6a8c65,0.13,0.408984375,10240.0,6052.0,472.12,NVIDIA GeForce RTX 3080,[N/A],Enabled,Enabled
1672425811.306136,0,GPU-a71d5fd4-b7db-93b7-1b7a-5a6e2a6a8c65,0.12,0.408984375,10240.0,6052.0,472.12,NVIDIA GeForce RTX 3080,[N/A],Enabled,Enabled
1672425812.298235,0,GPU-a71d5fd4-b7db-93b7-1b7a-5a6e2a6a8c65,0.13,0.408984375,10240.0,6052.0,472.12,NVIDIA GeForce RTX 3080,[N/A],Enabled,Enabled
1672425813.303089,0,GPU-a71d5fd4-b7db-93b7-1b7a-5a6e2a6a8c65,0.13,0.408984375,10240.0,6052.0,472.12,NVIDIA GeForce RTX 3080,[N/A],Enabled,Enabled
1672425814.309068,0,GPU-a71d5fd4-b7db-93b7-1b7a-5a6e2a6a8c65,0.14,0.408984375,10240.0,6052.0,472.12,NVIDIA GeForce RTX 3080,[N/A],Enabled,Enabled
1672425815.302123,0,GPU-a71d5fd4-b7db-93b7-1b7a-5a6e2a6a8c65,0.13,0.408984375,10240.0,6052.0,472.12,NVIDIA GeForce RTX 3080,[N/A],Enabled,Enabled
1672425816.306898,0,GPU-a71d5fd4-b7db-93b7-1b7a-5a6e2a6a8c65,0.13,0.408984375,10240.0,6052.0,472.12,NVIDIA GeForce RTX 3080,[N/A],Enabled,Enabled
1672425817.304161,0,GPU-a71d5fd4-b7db-93b7-1b7a-5a6e2a6a8c65,0.13,0.408984375,10240.0,6052.0,472.12,NVIDIA GeForce RTX 3080,[N/A],Enabled,Enabled
1672425818.301073,0,GPU-a71d5fd4-b7db-93b7-1b7a-5a6e2a6a8c65,0.13,0.408984375,10240.0,6052.0,472.12,NVIDIA GeForce RTX 3080,[N/A],Enabled,Enabled
1672425819.306224,0,GPU-a71d5fd4-b7db-93b7-1b7a-5a6e2a6a8c65,0.13,0.408984375,10240.0,6052.0,472.12,NVIDIA GeForce RTX 3080,[N/A],Enabled,Enabled
1672425820.301689,0,GPU-a71d5fd4-b7db-93b7-1b7a-5a6e2a6a8c65,0.13,0.408984375,10240.0,6052.0,472.12,NVIDIA GeForce RTX 3080,[N/A],Enabled,Enabled
1672425821.308896,0,GPU-a71d5fd4-b7db-93b7-1b7a-5a6e2a6a8c65,0.13,0.408984375,10240.0,6052.0,472.12,NVIDIA GeForce RTX 3080,[N/A],Enabled,Enabled
1672425822.29981,0,GPU-a71d5fd4-b7db-93b7-1b7a-5a6e2a6a8c65,0.13,0.408984375,10240.0,6052.0,472.12,NVIDIA GeForce RTX 3080,[N/A],Enabled,Enabled
1672425823.304214,0,GPU-a71d5fd4-b7db-93b7-1b7a-5a6e2a6a8c65,0.13,0.408984375,10240.0,6052.0,472.12,NVIDIA GeForce RTX 3080,[N/A],Enabled,Enabled
1672425824.295927,0,GPU-a71d5fd4-b7db-93b7-1b7a-5a6e2a6a8c65,0.13,0.408984375,10240.0,6052.0,472.12,NVIDIA GeForce RTX 3080,[N/A],Enabled,Enabled
1672425825.30376,0,GPU-a71d5fd4-b7db-93b7-1b7a-5a6e2a6a8c65,0.13,0.408984375,10240.0,6052.0,472.12,NVIDIA GeForce RTX 3080,[N/A],Enabled,Enabled
1672425826.308184,0,GPU-a71d5fd4-b7db-93b7-1b7a-5a6e2a6a8c65,0.13,0.408984375,10240.0,6052.0,472.12,NVIDIA GeForce RTX 3080,[N/A],Enabled,Enabled
1672425827.302001,0,GPU-a71d5fd4-b7db-93b7-1b7a-5a6e2a6a8c65,0.13,0.408984375,10240.0,6052.0,472.12,NVIDIA GeForce RTX 3080,[N/A],Enabled,Enabled
1672425828.308067,0,GPU-a71d5fd4-b7db-93b7-1b7a-5a6e2a6a8c65,0.13,0.408984375,10240.0,6052.0,472.12,NVIDIA GeForce RTX 3080,[N/A],Enabled,Enabled
1672425829.300194,0,GPU-a71d5fd4-b7db-93b7-1b7a-5a6e2a6a8c65,0.13,0.408984375,10240.0,6052.0,472.12,NVIDIA GeForce RTX 3080,[N/A],Enabled,Enabled
1672425830.298113,0,GPU-a71d5fd4-b7db-93b7-1b7a-5a6e2a6a8c65,0.13,0.408984375,10240.0,6052.0,472.12,NVIDIA GeForce RTX 3080,[N/A],Enabled,Enabled
1672425831.302195,0,GPU-a71d5fd4-b7db-93b7-1b7a-5a6e2a6a8c65,0.13,0.408984375,10240.0,6052.0,472.12,NVIDIA GeForce RTX 3080,[N/A],Enabled,Enabled
1672425832.30501,0,GPU-a71d5fd4-b7db-93b7-1b7a-5a6e2a6a8c65,0.13,0.408984375,10240.0,6052.0,472.12,NVIDIA GeForce RTX 3080,[N/A],Enabled,Enabled
1672425833.29597,0,GPU-a71d5fd4-b7db-93b7-1b7a-5a6e2a6a8c65,0.13,0.408984375,10240.0,6052.0,472.12,NVIDIA GeForce RTX 3080,[N/A],Enabled,Enabled
1672425834.305151,0,GPU-a71d5fd4-b7db-93b7-1b7a-5a6e2a6a8c65,0.13,0.408984375,10240.0,6052.0,472.12,NVIDIA GeForce RTX 3080,[N/A],Enabled,Enabled
1672425835.308121,0,GPU-a71d5fd4-b7db-93b7-1b7a-5a6e2a6a8c65,0.13,0.408984375,10240.0,6052.0,472.12,NVIDIA GeForce RTX 3080,[N/A],Enabled,Enabled
1672425836.300948,0,GPU-a71d5fd4-b7db-93b7-1b7a-5a6e2a6a8c65,0.13,0.408984375,10240.0,6052.0,472.12,NVIDIA GeForce RTX 3080,[N/A],Enabled,Enabled
1672425837.306528,0,GPU-a71d5fd4-b7db-93b7-1b7a-5a6e2a6a8c65,0.15,0.416015625,10240.0,5980.0,472.12,NVIDIA GeForce RTX 3080,[N/A],Enabled,Enabled
1672425838.310543,0,GPU-a71d5fd4-b7db-93b7-1b7a-5a6e2a6a8c65,0.16,0.416015625,10240.0,5980.0,472.12,NVIDIA GeForce RTX 3080,[N/A],Enabled,Enabled
1672425839.302081,0,GPU-a71d5fd4-b7db-93b7-1b7a-5a6e2a6a8c65,0.16,0.416015625,10240.0,5980.0,472.12,NVIDIA GeForce RTX 3080,[N/A],Enabled,Enabled
1672425840.309047,0,GPU-a71d5fd4-b7db-93b7-1b7a-5a6e2a6a8c65,0.17,0.416015625,10240.0,5980.0,472.12,NVIDIA GeForce RTX 3080,[N/A],Enabled,Enabled
1672425841.298118,0,GPU-a71d5fd4-b7db-93b7-1b7a-5a6e2a6a8c65,0.16,0.416015625,10240.0,5980.0,472.12,NVIDIA GeForce RTX 3080,[N/A],Enabled,Enabled
1672425842.307842,0,GPU-a71d5fd4-b7db-93b7-1b7a-5a6e2a6a8c65,0.16,0.416015625,10240.0,5980.0,472.12,NVIDIA GeForce RTX 3080,[N/A],Enabled,Enabled
1672425843.298883,0,GPU-a71d5fd4-b7db-93b7-1b7a-5a6e2a6a8c65,0.16,0.416015625,10240.0,5980.0,472.12,NVIDIA GeForce RTX 3080,[N/A],Enabled,Enabled
1672425844.304954,0,GPU-a71d5fd4-b7db-93b7-1b7a-5a6e2a6a8c65,0.17,0.416015625,10240.0,5980.0,472.12,NVIDIA GeForce RTX 3080,[N/A],Enabled,Enabled
1672425845.31002,0,GPU-a71d5fd4-b7db-93b7-1b7a-5a6e2a6a8c65,0.16,0.416015625,10240.0,5980.0,472.12,NVIDIA GeForce RTX 3080,[N/A],Enabled,Enabled
1672425846.305129,0,GPU-a71d5fd4-b7db-93b7-1b7a-5a6e2a6a8c65,0.16,0.416015625,10240.0,5980.0,472.12,NVIDIA GeForce RTX 3080,[N/A],Enabled,Enabled
1672425847.296517,0,GPU-a71d5fd4-b7db-93b7-1b7a-5a6e2a6a8c65,0.16,0.416015625,10240.0,5980.0,472.12,NVIDIA GeForce RTX 3080,[N/A],Enabled,Enabled
1672425848.299788,0,GPU-a71d5fd4-b7db-93b7-1b7a-5a6e2a6a8c65,0.16,0.416015625,10240.0,5980.0,472.12,NVIDIA GeForce RTX 3080,[N/A],Enabled,Enabled
1672425849.303029,0,GPU-a71d5fd4-b7db-93b7-1b7a-5a6e2a6a8c65,0.16,0.416015625,10240.0,5980.0,472.12,NVIDIA GeForce RTX 3080,[N/A],Enabled,Enabled
1672425850.309359,0,GPU-a71d5fd4-b7db-93b7-1b7a-5a6e2a6a8c65,0.16,0.416015625,10240.0,5980.0,472.12,NVIDIA GeForce RTX 3080,[N/A],Enabled,Enabled
1672425851.302913,0,GPU-a71d5fd4-b7db-93b7-1b7a-5a6e2a6a8c65,0.16,0.416015625,10240.0,5980.0,472.12,NVIDIA GeForce RTX 3080,[N/A],Enabled,Enabled
1672425852.305702,0,GPU-a71d5fd4-b7db-93b7-1b7a-5a6e2a6a8c65,0.16,0.416015625,10240.0,5980.0,472.12,NVIDIA GeForce RTX 3080,[N/A],Enabled,Enabled
1672425853.296346,0,GPU-a71d5fd4-b7db-93b7-1b7a-5a6e2a6a8c65,0.17,0.416015625,10240.0,5980.0,472.12,NVIDIA GeForce RTX 3080,[N/A],Enabled,Enabled
1672425854.304406,0,GPU-a71d5fd4-b7db-93b7-1b7a-5a6e2a6a8c65,0.17,0.416015625,10240.0,5980.0,472.12,NVIDIA GeForce RTX 3080,[N/A],Enabled,Enabled
1672425855.308945,0,GPU-a71d5fd4-b7db-93b7-1b7a-5a6e2a6a8c65,0.16,0.416015625,10240.0,5980.0,472.12,NVIDIA GeForce RTX 3080,[N/A],Enabled,Enabled
1672425856.300627,0,GPU-a71d5fd4-b7db-93b7-1b7a-5a6e2a6a8c65,0.16,0.416015625,10240.0,5980.0,472.12,NVIDIA GeForce RTX 3080,[N/A],Enabled,Enabled
1672425857.299237,0,GPU-a71d5fd4-b7db-93b7-1b7a-5a6e2a6a8c65,0.16,0.416015625,10240.0,5980.0,472.12,NVIDIA GeForce RTX 3080,[N/A],Enabled,Enabled
1672425858.307048,0,GPU-a71d5fd4-b7db-93b7-1b7a-5a6e2a6a8c65,0.16,0.416015625,10240.0,5980.0,472.12,NVIDIA GeForce RTX 3080,[N/A],Enabled,Enabled
1672425859.298946,0,GPU-a71d5fd4-b7db-93b7-1b7a-5a6e2a6a8c65,0.16,0.416015625,10240.0,5980.0,472.12,NVIDIA GeForce RTX 3080,[N/A],Enabled,Enabled
1672425860.306801,0,GPU-a71d5fd4-b7db-93b7-1b7a-5a6e2a6a8c65,0.16,0.416015625,10240.0,5980.0,472.12,NVIDIA GeForce RTX 3080,[N/A],Enabled,Enabled
1672425861.298271,0,GPU-a71d5fd4-b7db-93b7-1b7a-5a6e2a6a8c65,0.16,0.416015625,10240.0,5980.0,472.12,NVIDIA GeForce RTX 3080,[N/A],Enabled,Enabled
1672425862.306235,0,GPU-a71d5fd4-b7db-93b7-1b7a-5a6e2a6a8c65,0.16,0.416015625,10240.0,5980.0,472.12,NVIDIA GeForce RTX 3080,[N/A],Enabled,Enabled
1672425863.298799,0,GPU-a71d5fd4-b7db-93b7-1b7a-5a6e2a6a8c65,0.16,0.416015625,10240.0,5980.0,472.12,NVIDIA GeForce RTX 3080,[N/A],Enabled,Enabled
1672425864.307072,0,GPU-a71d5fd4-b7db-93b7-1b7a-5a6e2a6a8c65,0.16,0.416015625,10240.0,5980.0,472.12,NVIDIA GeForce RTX 3080,[N/A],Enabled,Enabled
1672425865.300015,0,GPU-a71d5fd4-b7db-93b7-1b7a-5a6e2a6a8c65,0.16,0.416015625,10240.0,5980.0,472.12,NVIDIA GeForce RTX 3080,[N/A],Enabled,Enabled
1672425866.305772,0,GPU-a71d5fd4-b7db-93b7-1b7a-5a6e2a6a8c65,0.16,0.416015625,10240.0,5980.0,472.12,NVIDIA GeForce RTX 3080,[N/A],Enabled,Enabled
1672425867.298311,0,GPU-a71d5fd4-b7db-93b7-1b7a-5a6e2a6a8c65,0.16,0.416015625,10240.0,5980.0,472.12,NVIDIA GeForce RTX 3080,[N/A],Enabled,Enabled
1672425868.308346,0,GPU-a71d5fd4-b7db-93b7-1b7a-5a6e2a6a8c65,0.16,0.416015625,10240.0,5980.0,472.12,NVIDIA GeForce RTX 3080,[N/A],Enabled,Enabled
1672425869.299048,0,GPU-a71d5fd4-b7db-93b7-1b7a-5a6e2a6a8c65,0.16,0.416015625,10240.0,5980.0,472.12,NVIDIA GeForce RTX 3080,[N/A],Enabled,Enabled
1672425870.303965,0,GPU-a71d5fd4-b7db-93b7-1b7a-5a6e2a6a8c65,0.16,0.416015625,10240.0,5980.0,472.12,NVIDIA GeForce RTX 3080,[N/A],Enabled,Enabled
1672425871.300357,0,GPU-a71d5fd4-b7db-93b7-1b7a-5a6e2a6a8c65,0.16,0.416015625,10240.0,5980.0,472.12,NVIDIA GeForce RTX 3080,[N/A],Enabled,Enabled
1672425872.30409,0,GPU-a71d5fd4-b7db-93b7-1b7a-5a6e2a6a8c65,0.16,0.416015625,10240.0,5980.0,472.12,NVIDIA GeForce RTX 3080,[N/A],Enabled,Enabled
1672425873.310302,0,GPU-a71d5fd4-b7db-93b7-1b7a-5a6e2a6a8c65,0.15,0.416015625,10240.0,5980.0,472.12,NVIDIA GeForce RTX 3080,[N/A],Enabled,Enabled
1672425874.29788,0,GPU-a71d5fd4-b7db-93b7-1b7a-5a6e2a6a8c65,0.16,0.416015625,10240.0,5980.0,472.12,NVIDIA GeForce RTX 3080,[N/A],Enabled,Enabled
1672425875.304912,0,GPU-a71d5fd4-b7db-93b7-1b7a-5a6e2a6a8c65,0.16,0.416015625,10240.0,5980.0,472.12,NVIDIA GeForce RTX 3080,[N/A],Enabled,Enabled
1672425876.304094,0,GPU-a71d5fd4-b7db-93b7-1b7a-5a6e2a6a8c65,0.16,0.416015625,10240.0,5980.0,472.12,NVIDIA GeForce RTX 3080,[N/A],Enabled,Enabled
1672425877.299368,0,GPU-a71d5fd4-b7db-93b7-1b7a-5a6e2a6a8c65,0.16,0.416015625,10240.0,5980.0,472.12,NVIDIA GeForce RTX 3080,[N/A],Enabled,Enabled
1672425878.305049,0,GPU-a71d5fd4-b7db-93b7-1b7a-5a6e2a6a8c65,0.16,0.416015625,10240.0,5980.0,472.12,NVIDIA GeForce RTX 3080,[N/A],Enabled,Enabled
1672425879.295874,0,GPU-a71d5fd4-b7db-93b7-1b7a-5a6e2a6a8c65,0.16,0.416015625,10240.0,5980.0,472.12,NVIDIA GeForce RTX 3080,[N/A],Enabled,Enabled
1672425880.299873,0,GPU-a71d5fd4-b7db-93b7-1b7a-5a6e2a6a8c65,0.17,0.416015625,10240.0,5980.0,472.12,NVIDIA GeForce RTX 3080,[N/A],Enabled,Enabled
1672425881.308347,0,GPU-a71d5fd4-b7db-93b7-1b7a-5a6e2a6a8c65,0.16,0.416015625,10240.0,5980.0,472.12,NVIDIA GeForce RTX 3080,[N/A],Enabled,Enabled
1672425882.302154,0,GPU-a71d5fd4-b7db-93b7-1b7a-5a6e2a6a8c65,0.17,0.416015625,10240.0,5980.0,472.12,NVIDIA GeForce RTX 3080,[N/A],Enabled,Enabled
1672425883.308038,0,GPU-a71d5fd4-b7db-93b7-1b7a-5a6e2a6a8c65,0.16,0.416015625,10240.0,5980.0,472.12,NVIDIA GeForce RTX 3080,[N/A],Enabled,Enabled
1672425884.296109,0,GPU-a71d5fd4-b7db-93b7-1b7a-5a6e2a6a8c65,0.17,0.416015625,10240.0,5980.0,472.12,NVIDIA GeForce RTX 3080,[N/A],Enabled,Enabled
1672425885.305298,0,GPU-a71d5fd4-b7db-93b7-1b7a-5a6e2a6a8c65,0.16,0.416015625,10240.0,5980.0,472.12,NVIDIA GeForce RTX 3080,[N/A],Enabled,Enabled
1672425886.296272,0,GPU-a71d5fd4-b7db-93b7-1b7a-5a6e2a6a8c65,0.17,0.416015625,10240.0,5980.0,472.12,NVIDIA GeForce RTX 3080,[N/A],Enabled,Enabled
1672425887.308265,0,GPU-a71d5fd4-b7db-93b7-1b7a-5a6e2a6a8c65,0.17,0.416015625,10240.0,5980.0,472.12,NVIDIA GeForce RTX 3080,[N/A],Enabled,Enabled
1672425888.296658,0,GPU-a71d5fd4-b7db-93b7-1b7a-5a6e2a6a8c65,0.16,0.416015625,10240.0,5980.0,472.12,NVIDIA GeForce RTX 3080,[N/A],Enabled,Enabled
1672425889.307983,0,GPU-a71d5fd4-b7db-93b7-1b7a-5a6e2a6a8c65,0.17,0.416015625,10240.0,5980.0,472.12,NVIDIA GeForce RTX 3080,[N/A],Enabled,Enabled
1672425890.296788,0,GPU-a71d5fd4-b7db-93b7-1b7a-5a6e2a6a8c65,0.17,0.416015625,10240.0,5980.0,472.12,NVIDIA GeForce RTX 3080,[N/A],Enabled,Enabled
1672425891.304301,0,GPU-a71d5fd4-b7db-93b7-1b7a-5a6e2a6a8c65,0.17,0.416015625,10240.0,5980.0,472.12,NVIDIA GeForce RTX 3080,[N/A],Enabled,Enabled
1672425892.29634,0,GPU-a71d5fd4-b7db-93b7-1b7a-5a6e2a6a8c65,0.16,0.416015625,10240.0,5980.0,472.12,NVIDIA GeForce RTX 3080,[N/A],Enabled,Enabled
1672425893.303852,0,GPU-a71d5fd4-b7db-93b7-1b7a-5a6e2a6a8c65,0.16,0.416015625,10240.0,5980.0,472.12,NVIDIA GeForce RTX 3080,[N/A],Enabled,Enabled
1672425894.310055,0,GPU-a71d5fd4-b7db-93b7-1b7a-5a6e2a6a8c65,0.17,0.416015625,10240.0,5980.0,472.12,NVIDIA GeForce RTX 3080,[N/A],Enabled,Enabled
1672425895.303275,0,GPU-a71d5fd4-b7db-93b7-1b7a-5a6e2a6a8c65,0.17,0.416015625,10240.0,5980.0,472.12,NVIDIA GeForce RTX 3080,[N/A],Enabled,Enabled
1672425896.310121,0,GPU-a71d5fd4-b7db-93b7-1b7a-5a6e2a6a8c65,0.17,0.416015625,10240.0,5980.0,472.12,NVIDIA GeForce RTX 3080,[N/A],Enabled,Enabled
1672425897.301709,0,GPU-a71d5fd4-b7db-93b7-1b7a-5a6e2a6a8c65,0.16,0.416015625,10240.0,5980.0,472.12,NVIDIA GeForce RTX 3080,[N/A],Enabled,Enabled
1672425898.30857,0,GPU-a71d5fd4-b7db-93b7-1b7a-5a6e2a6a8c65,0.17,0.416015625,10240.0,5980.0,472.12,NVIDIA GeForce RTX 3080,[N/A],Enabled,Enabled
1672425899.296809,0,GPU-a71d5fd4-b7db-93b7-1b7a-5a6e2a6a8c65,0.17,0.416015625,10240.0,5980.0,472.12,NVIDIA GeForce RTX 3080,[N/A],Enabled,Enabled
1672425900.302845,0,GPU-a71d5fd4-b7db-93b7-1b7a-5a6e2a6a8c65,0.17,0.416015625,10240.0,5980.0,472.12,NVIDIA GeForce RTX 3080,[N/A],Enabled,Enabled
1672425901.297304,0,GPU-a71d5fd4-b7db-93b7-1b7a-5a6e2a6a8c65,0.16,0.416015625,10240.0,5980.0,472.12,NVIDIA GeForce RTX 3080,[N/A],Enabled,Enabled
1672425902.307527,0,GPU-a71d5fd4-b7db-93b7-1b7a-5a6e2a6a8c65,0.17,0.416015625,10240.0,5980.0,472.12,NVIDIA GeForce RTX 3080,[N/A],Enabled,Enabled
1672425903.296721,0,GPU-a71d5fd4-b7db-93b7-1b7a-5a6e2a6a8c65,0.17,0.416015625,10240.0,5980.0,472.12,NVIDIA GeForce RTX 3080,[N/A],Enabled,Enabled
1672425904.302997,0,GPU-a71d5fd4-b7db-93b7-1b7a-5a6e2a6a8c65,0.17,0.416015625,10240.0,5980.0,472.12,NVIDIA GeForce RTX 3080,[N/A],Enabled,Enabled
1672425905.295997,0,GPU-a71d5fd4-b7db-93b7-1b7a-5a6e2a6a8c65,0.16,0.416015625,10240.0,5980.0,472.12,NVIDIA GeForce RTX 3080,[N/A],Enabled,Enabled
1672425906.305807,0,GPU-a71d5fd4-b7db-93b7-1b7a-5a6e2a6a8c65,0.16,0.416015625,10240.0,5980.0,472.12,NVIDIA GeForce RTX 3080,[N/A],Enabled,Enabled
1672425907.309256,0,GPU-a71d5fd4-b7db-93b7-1b7a-5a6e2a6a8c65,0.17,0.416015625,10240.0,5980.0,472.12,NVIDIA GeForce RTX 3080,[N/A],Enabled,Enabled
1672425908.298807,0,GPU-a71d5fd4-b7db-93b7-1b7a-5a6e2a6a8c65,0.16,0.416015625,10240.0,5980.0,472.12,NVIDIA GeForce RTX 3080,[N/A],Enabled,Enabled
1672425909.302859,0,GPU-a71d5fd4-b7db-93b7-1b7a-5a6e2a6a8c65,0.16,0.416015625,10240.0,5980.0,472.12,NVIDIA GeForce RTX 3080,[N/A],Enabled,Enabled
1672425910.309097,0,GPU-a71d5fd4-b7db-93b7-1b7a-5a6e2a6a8c65,0.16,0.416015625,10240.0,5980.0,472.12,NVIDIA GeForce RTX 3080,[N/A],Enabled,Enabled
1672425911.301022,0,GPU-a71d5fd4-b7db-93b7-1b7a-5a6e2a6a8c65,0.16,0.416015625,10240.0,5980.0,472.12,NVIDIA GeForce RTX 3080,[N/A],Enabled,Enabled
1672425912.305343,0,GPU-a71d5fd4-b7db-93b7-1b7a-5a6e2a6a8c65,0.16,0.416015625,10240.0,5980.0,472.12,NVIDIA GeForce RTX 3080,[N/A],Enabled,Enabled
1672425913.301047,0,GPU-a71d5fd4-b7db-93b7-1b7a-5a6e2a6a8c65,0.16,0.416015625,10240.0,5980.0,472.12,NVIDIA GeForce RTX 3080,[N/A],Enabled,Enabled
1672425914.306115,0,GPU-a71d5fd4-b7db-93b7-1b7a-5a6e2a6a8c65,0.16,0.416015625,10240.0,5980.0,472.12,NVIDIA GeForce RTX 3080,[N/A],Enabled,Enabled
1672425915.300046,0,GPU-a71d5fd4-b7db-93b7-1b7a-5a6e2a6a8c65,0.16,0.416015625,10240.0,5980.0,472.12,NVIDIA GeForce RTX 3080,[N/A],Enabled,Enabled
1672425916.306849,0,GPU-a71d5fd4-b7db-93b7-1b7a-5a6e2a6a8c65,0.16,0.416015625,10240.0,5980.0,472.12,NVIDIA GeForce RTX 3080,[N/A],Enabled,Enabled
1672425917.309097,0,GPU-a71d5fd4-b7db-93b7-1b7a-5a6e2a6a8c65,0.16,0.416015625,10240.0,5980.0,472.12,NVIDIA GeForce RTX 3080,[N/A],Enabled,Enabled
1672425918.296416,0,GPU-a71d5fd4-b7db-93b7-1b7a-5a6e2a6a8c65,0.16,0.416015625,10240.0,5980.0,472.12,NVIDIA GeForce RTX 3080,[N/A],Enabled,Enabled
1672425919.305071,0,GPU-a71d5fd4-b7db-93b7-1b7a-5a6e2a6a8c65,0.16,0.416015625,10240.0,5980.0,472.12,NVIDIA GeForce RTX 3080,[N/A],Enabled,Enabled
1672425920.299061,0,GPU-a71d5fd4-b7db-93b7-1b7a-5a6e2a6a8c65,0.16,0.416015625,10240.0,5980.0,472.12,NVIDIA GeForce RTX 3080,[N/A],Enabled,Enabled
1672425921.303832,0,GPU-a71d5fd4-b7db-93b7-1b7a-5a6e2a6a8c65,0.16,0.416015625,10240.0,5980.0,472.12,NVIDIA GeForce RTX 3080,[N/A],Enabled,Enabled
1672425922.306312,0,GPU-a71d5fd4-b7db-93b7-1b7a-5a6e2a6a8c65,0.16,0.416015625,10240.0,5980.0,472.12,NVIDIA GeForce RTX 3080,[N/A],Enabled,Enabled
1672425923.309635,0,GPU-a71d5fd4-b7db-93b7-1b7a-5a6e2a6a8c65,0.16,0.416015625,10240.0,5980.0,472.12,NVIDIA GeForce RTX 3080,[N/A],Enabled,Enabled
1672425924.304188,0,GPU-a71d5fd4-b7db-93b7-1b7a-5a6e2a6a8c65,0.16,0.416015625,10240.0,5980.0,472.12,NVIDIA GeForce RTX 3080,[N/A],Enabled,Enabled
1672425925.309101,0,GPU-a71d5fd4-b7db-93b7-1b7a-5a6e2a6a8c65,0.16,0.416015625,10240.0,5980.0,472.12,NVIDIA GeForce RTX 3080,[N/A],Enabled,Enabled
1672425926.297816,0,GPU-a71d5fd4-b7db-93b7-1b7a-5a6e2a6a8c65,0.17,0.416015625,10240.0,5980.0,472.12,NVIDIA GeForce RTX 3080,[N/A],Enabled,Enabled
1672425927.310371,0,GPU-a71d5fd4-b7db-93b7-1b7a-5a6e2a6a8c65,0.17,0.416015625,10240.0,5980.0,472.12,NVIDIA GeForce RTX 3080,[N/A],Enabled,Enabled
1672425928.306843,0,GPU-a71d5fd4-b7db-93b7-1b7a-5a6e2a6a8c65,0.17,0.416015625,10240.0,5980.0,472.12,NVIDIA GeForce RTX 3080,[N/A],Enabled,Enabled
1672425929.297819,0,GPU-a71d5fd4-b7db-93b7-1b7a-5a6e2a6a8c65,0.17,0.416015625,10240.0,5980.0,472.12,NVIDIA GeForce RTX 3080,[N/A],Enabled,Enabled
1672425930.302891,0,GPU-a71d5fd4-b7db-93b7-1b7a-5a6e2a6a8c65,0.17,0.416015625,10240.0,5980.0,472.12,NVIDIA GeForce RTX 3080,[N/A],Enabled,Enabled
1672425931.310057,0,GPU-a71d5fd4-b7db-93b7-1b7a-5a6e2a6a8c65,0.17,0.416015625,10240.0,5980.0,472.12,NVIDIA GeForce RTX 3080,[N/A],Enabled,Enabled
1672425932.299046,0,GPU-a71d5fd4-b7db-93b7-1b7a-5a6e2a6a8c65,0.17,0.416015625,10240.0,5980.0,472.12,NVIDIA GeForce RTX 3080,[N/A],Enabled,Enabled
1672425933.30572,0,GPU-a71d5fd4-b7db-93b7-1b7a-5a6e2a6a8c65,0.17,0.416015625,10240.0,5980.0,472.12,NVIDIA GeForce RTX 3080,[N/A],Enabled,Enabled
1672425934.308109,0,GPU-a71d5fd4-b7db-93b7-1b7a-5a6e2a6a8c65,0.17,0.416015625,10240.0,5980.0,472.12,NVIDIA GeForce RTX 3080,[N/A],Enabled,Enabled
1672425935.303848,0,GPU-a71d5fd4-b7db-93b7-1b7a-5a6e2a6a8c65,0.17,0.416015625,10240.0,5980.0,472.12,NVIDIA GeForce RTX 3080,[N/A],Enabled,Enabled
1672425936.30819,0,GPU-a71d5fd4-b7db-93b7-1b7a-5a6e2a6a8c65,0.18,0.416015625,10240.0,5980.0,472.12,NVIDIA GeForce RTX 3080,[N/A],Enabled,Enabled
1672425937.30417,0,GPU-a71d5fd4-b7db-93b7-1b7a-5a6e2a6a8c65,0.17,0.416015625,10240.0,5980.0,472.12,NVIDIA GeForce RTX 3080,[N/A],Enabled,Enabled
1672425938.310616,0,GPU-a71d5fd4-b7db-93b7-1b7a-5a6e2a6a8c65,0.18,0.416015625,10240.0,5980.0,472.12,NVIDIA GeForce RTX 3080,[N/A],Enabled,Enabled
1672425939.301134,0,GPU-a71d5fd4-b7db-93b7-1b7a-5a6e2a6a8c65,0.17,0.416015625,10240.0,5980.0,472.12,NVIDIA GeForce RTX 3080,[N/A],Enabled,Enabled
1672425940.307907,0,GPU-a71d5fd4-b7db-93b7-1b7a-5a6e2a6a8c65,0.18,0.416015625,10240.0,5980.0,472.12,NVIDIA GeForce RTX 3080,[N/A],Enabled,Enabled
1672425941.300169,0,GPU-a71d5fd4-b7db-93b7-1b7a-5a6e2a6a8c65,0.18,0.416015625,10240.0,5980.0,472.12,NVIDIA GeForce RTX 3080,[N/A],Enabled,Enabled
1672425942.305817,0,GPU-a71d5fd4-b7db-93b7-1b7a-5a6e2a6a8c65,0.18,0.416015625,10240.0,5980.0,472.12,NVIDIA GeForce RTX 3080,[N/A],Enabled,Enabled
1672425943.299401,0,GPU-a71d5fd4-b7db-93b7-1b7a-5a6e2a6a8c65,0.17,0.416015625,10240.0,5980.0,472.12,NVIDIA GeForce RTX 3080,[N/A],Enabled,Enabled
1672425944.307907,0,GPU-a71d5fd4-b7db-93b7-1b7a-5a6e2a6a8c65,0.17,0.416015625,10240.0,5980.0,472.12,NVIDIA GeForce RTX 3080,[N/A],Enabled,Enabled
1672425945.300848,0,GPU-a71d5fd4-b7db-93b7-1b7a-5a6e2a6a8c65,0.17,0.416015625,10240.0,5980.0,472.12,NVIDIA GeForce RTX 3080,[N/A],Enabled,Enabled
1672425946.306406,0,GPU-a71d5fd4-b7db-93b7-1b7a-5a6e2a6a8c65,0.18,0.416015625,10240.0,5980.0,472.12,NVIDIA GeForce RTX 3080,[N/A],Enabled,Enabled
1672425947.298399,0,GPU-a71d5fd4-b7db-93b7-1b7a-5a6e2a6a8c65,0.17,0.416015625,10240.0,5980.0,472.12,NVIDIA GeForce RTX 3080,[N/A],Enabled,Enabled
1672425948.307947,0,GPU-a71d5fd4-b7db-93b7-1b7a-5a6e2a6a8c65,0.18,0.416015625,10240.0,5980.0,472.12,NVIDIA GeForce RTX 3080,[N/A],Enabled,Enabled
1672425949.299604,0,GPU-a71d5fd4-b7db-93b7-1b7a-5a6e2a6a8c65,0.17,0.416015625,10240.0,5980.0,472.12,NVIDIA GeForce RTX 3080,[N/A],Enabled,Enabled
1672425950.310114,0,GPU-a71d5fd4-b7db-93b7-1b7a-5a6e2a6a8c65,0.17,0.416015625,10240.0,5980.0,472.12,NVIDIA GeForce RTX 3080,[N/A],Enabled,Enabled
1672425951.303903,0,GPU-a71d5fd4-b7db-93b7-1b7a-5a6e2a6a8c65,0.17,0.416015625,10240.0,5980.0,472.12,NVIDIA GeForce RTX 3080,[N/A],Enabled,Enabled
1672425952.295961,0,GPU-a71d5fd4-b7db-93b7-1b7a-5a6e2a6a8c65,0.18,0.416015625,10240.0,5980.0,472.12,NVIDIA GeForce RTX 3080,[N/A],Enabled,Enabled
1672425953.306342,0,GPU-a71d5fd4-b7db-93b7-1b7a-5a6e2a6a8c65,0.18,0.416015625,10240.0,5980.0,472.12,NVIDIA GeForce RTX 3080,[N/A],Enabled,Enabled
1672425954.31041,0,GPU-a71d5fd4-b7db-93b7-1b7a-5a6e2a6a8c65,0.18,0.416015625,10240.0,5980.0,472.12,NVIDIA GeForce RTX 3080,[N/A],Enabled,Enabled
1672425955.308763,0,GPU-a71d5fd4-b7db-93b7-1b7a-5a6e2a6a8c65,0.18,0.416015625,10240.0,5980.0,472.12,NVIDIA GeForce RTX 3080,[N/A],Enabled,Enabled
1672425956.299324,0,GPU-a71d5fd4-b7db-93b7-1b7a-5a6e2a6a8c65,0.17,0.416015625,10240.0,5980.0,472.12,NVIDIA GeForce RTX 3080,[N/A],Enabled,Enabled
1672425957.305204,0,GPU-a71d5fd4-b7db-93b7-1b7a-5a6e2a6a8c65,0.17,0.416015625,10240.0,5980.0,472.12,NVIDIA GeForce RTX 3080,[N/A],Enabled,Enabled
1672425958.298172,0,GPU-a71d5fd4-b7db-93b7-1b7a-5a6e2a6a8c65,0.18,0.416015625,10240.0,5980.0,472.12,NVIDIA GeForce RTX 3080,[N/A],Enabled,Enabled
1672425959.306808,0,GPU-a71d5fd4-b7db-93b7-1b7a-5a6e2a6a8c65,0.17,0.416015625,10240.0,5980.0,472.12,NVIDIA GeForce RTX 3080,[N/A],Enabled,Enabled
1672425960.301923,0,GPU-a71d5fd4-b7db-93b7-1b7a-5a6e2a6a8c65,0.18,0.416015625,10240.0,5980.0,472.12,NVIDIA GeForce RTX 3080,[N/A],Enabled,Enabled
1672425961.306249,0,GPU-a71d5fd4-b7db-93b7-1b7a-5a6e2a6a8c65,0.18,0.416015625,10240.0,5980.0,472.12,NVIDIA GeForce RTX 3080,[N/A],Enabled,Enabled
1672425962.30309,0,GPU-a71d5fd4-b7db-93b7-1b7a-5a6e2a6a8c65,0.18,0.416015625,10240.0,5980.0,472.12,NVIDIA GeForce RTX 3080,[N/A],Enabled,Enabled
1672425963.296856,0,GPU-a71d5fd4-b7db-93b7-1b7a-5a6e2a6a8c65,0.17,0.416015625,10240.0,5980.0,472.12,NVIDIA GeForce RTX 3080,[N/A],Enabled,Enabled
1672425964.30336,0,GPU-a71d5fd4-b7db-93b7-1b7a-5a6e2a6a8c65,0.17,0.416015625,10240.0,5980.0,472.12,NVIDIA GeForce RTX 3080,[N/A],Enabled,Enabled
1672425965.306236,0,GPU-a71d5fd4-b7db-93b7-1b7a-5a6e2a6a8c65,0.17,0.416015625,10240.0,5980.0,472.12,NVIDIA GeForce RTX 3080,[N/A],Enabled,Enabled
1672425966.300883,0,GPU-a71d5fd4-b7db-93b7-1b7a-5a6e2a6a8c65,0.18,0.416015625,10240.0,5980.0,472.12,NVIDIA GeForce RTX 3080,[N/A],Enabled,Enabled
1672425967.304053,0,GPU-a71d5fd4-b7db-93b7-1b7a-5a6e2a6a8c65,0.18,0.416015625,10240.0,5980.0,472.12,NVIDIA GeForce RTX 3080,[N/A],Enabled,Enabled
1672425968.298099,0,GPU-a71d5fd4-b7db-93b7-1b7a-5a6e2a6a8c65,0.17,0.416015625,10240.0,5980.0,472.12,NVIDIA GeForce RTX 3080,[N/A],Enabled,Enabled
1672425969.303979,0,GPU-a71d5fd4-b7db-93b7-1b7a-5a6e2a6a8c65,0.17,0.416015625,10240.0,5980.0,472.12,NVIDIA GeForce RTX 3080,[N/A],Enabled,Enabled
1672425970.296394,0,GPU-a71d5fd4-b7db-93b7-1b7a-5a6e2a6a8c65,0.17,0.416015625,10240.0,5980.0,472.12,NVIDIA GeForce RTX 3080,[N/A],Enabled,Enabled
1672425971.300783,0,GPU-a71d5fd4-b7db-93b7-1b7a-5a6e2a6a8c65,0.17,0.416015625,10240.0,5980.0,472.12,NVIDIA GeForce RTX 3080,[N/A],Enabled,Enabled
1672425972.308064,0,GPU-a71d5fd4-b7db-93b7-1b7a-5a6e2a6a8c65,0.17,0.416015625,10240.0,5980.0,472.12,NVIDIA GeForce RTX 3080,[N/A],Enabled,Enabled
1672425973.303165,0,GPU-a71d5fd4-b7db-93b7-1b7a-5a6e2a6a8c65,0.17,0.416015625,10240.0,5980.0,472.12,NVIDIA GeForce RTX 3080,[N/A],Enabled,Enabled
1672425974.296317,0,GPU-a71d5fd4-b7db-93b7-1b7a-5a6e2a6a8c65,0.17,0.416015625,10240.0,5980.0,472.12,NVIDIA GeForce RTX 3080,[N/A],Enabled,Enabled
1672425975.302906,0,GPU-a71d5fd4-b7db-93b7-1b7a-5a6e2a6a8c65,0.17,0.416015625,10240.0,5980.0,472.12,NVIDIA GeForce RTX 3080,[N/A],Enabled,Enabled
1672425976.297286,0,GPU-a71d5fd4-b7db-93b7-1b7a-5a6e2a6a8c65,0.17,0.416015625,10240.0,5980.0,472.12,NVIDIA GeForce RTX 3080,[N/A],Enabled,Enabled
1672425977.300078,0,GPU-a71d5fd4-b7db-93b7-1b7a-5a6e2a6a8c65,0.17,0.416015625,10240.0,5980.0,472.12,NVIDIA GeForce RTX 3080,[N/A],Enabled,Enabled
1672425978.304116,0,GPU-a71d5fd4-b7db-93b7-1b7a-5a6e2a6a8c65,0.18,0.416015625,10240.0,5980.0,472.12,NVIDIA GeForce RTX 3080,[N/A],Enabled,Enabled
1672425979.301978,0,GPU-a71d5fd4-b7db-93b7-1b7a-5a6e2a6a8c65,0.18,0.416015625,10240.0,5980.0,472.12,NVIDIA GeForce RTX 3080,[N/A],Enabled,Enabled
1672425980.307094,0,GPU-a71d5fd4-b7db-93b7-1b7a-5a6e2a6a8c65,0.17,0.416015625,10240.0,5980.0,472.12,NVIDIA GeForce RTX 3080,[N/A],Enabled,Enabled
1672425981.29879,0,GPU-a71d5fd4-b7db-93b7-1b7a-5a6e2a6a8c65,0.18,0.416015625,10240.0,5980.0,472.12,NVIDIA GeForce RTX 3080,[N/A],Enabled,Enabled
1672425982.307298,0,GPU-a71d5fd4-b7db-93b7-1b7a-5a6e2a6a8c65,0.18,0.416015625,10240.0,5980.0,472.12,NVIDIA GeForce RTX 3080,[N/A],Enabled,Enabled
1672425983.297236,0,GPU-a71d5fd4-b7db-93b7-1b7a-5a6e2a6a8c65,0.17,0.416015625,10240.0,5980.0,472.12,NVIDIA GeForce RTX 3080,[N/A],Enabled,Enabled
1672425984.302711,0,GPU-a71d5fd4-b7db-93b7-1b7a-5a6e2a6a8c65,0.17,0.416015625,10240.0,5980.0,472.12,NVIDIA GeForce RTX 3080,[N/A],Enabled,Enabled
1672425985.307976,0,GPU-a71d5fd4-b7db-93b7-1b7a-5a6e2a6a8c65,0.16,0.416015625,10240.0,5980.0,472.12,NVIDIA GeForce RTX 3080,[N/A],Enabled,Enabled
1672425986.303218,0,GPU-a71d5fd4-b7db-93b7-1b7a-5a6e2a6a8c65,0.17,0.416015625,10240.0,5980.0,472.12,NVIDIA GeForce RTX 3080,[N/A],Enabled,Enabled
1672425987.308339,0,GPU-a71d5fd4-b7db-93b7-1b7a-5a6e2a6a8c65,0.16,0.416015625,10240.0,5980.0,472.12,NVIDIA GeForce RTX 3080,[N/A],Enabled,Enabled
1672425988.309014,0,GPU-a71d5fd4-b7db-93b7-1b7a-5a6e2a6a8c65,0.17,0.416015625,10240.0,5980.0,472.12,NVIDIA GeForce RTX 3080,[N/A],Enabled,Enabled
1672425989.304895,0,GPU-a71d5fd4-b7db-93b7-1b7a-5a6e2a6a8c65,0.18,0.416015625,10240.0,5980.0,472.12,NVIDIA GeForce RTX 3080,[N/A],Enabled,Enabled
1672425990.307311,0,GPU-a71d5fd4-b7db-93b7-1b7a-5a6e2a6a8c65,0.17,0.416015625,10240.0,5980.0,472.12,NVIDIA GeForce RTX 3080,[N/A],Enabled,Enabled
1672425991.300786,0,GPU-a71d5fd4-b7db-93b7-1b7a-5a6e2a6a8c65,0.17,0.416015625,10240.0,5980.0,472.12,NVIDIA GeForce RTX 3080,[N/A],Enabled,Enabled
1672425992.307256,0,GPU-a71d5fd4-b7db-93b7-1b7a-5a6e2a6a8c65,0.14,0.40908203125,10240.0,6051.0,472.12,NVIDIA GeForce RTX 3080,[N/A],Enabled,Enabled
1672425993.296874,0,GPU-a71d5fd4-b7db-93b7-1b7a-5a6e2a6a8c65,0.14,0.40908203125,10240.0,6051.0,472.12,NVIDIA GeForce RTX 3080,[N/A],Enabled,Enabled
1672425994.300337,0,GPU-a71d5fd4-b7db-93b7-1b7a-5a6e2a6a8c65,0.14,0.408984375,10240.0,6052.0,472.12,NVIDIA GeForce RTX 3080,[N/A],Enabled,Enabled
1672425995.302813,0,GPU-a71d5fd4-b7db-93b7-1b7a-5a6e2a6a8c65,0.31,0.45419921875,10240.0,5589.0,472.12,NVIDIA GeForce RTX 3080,[N/A],Enabled,Enabled
1672425996.297971,0,GPU-a71d5fd4-b7db-93b7-1b7a-5a6e2a6a8c65,0.24,0.45419921875,10240.0,5589.0,472.12,NVIDIA GeForce RTX 3080,[N/A],Enabled,Enabled
1672425997.304122,0,GPU-a71d5fd4-b7db-93b7-1b7a-5a6e2a6a8c65,0.23,0.45419921875,10240.0,5589.0,472.12,NVIDIA GeForce RTX 3080,[N/A],Enabled,Enabled
1672425998.309191,0,GPU-a71d5fd4-b7db-93b7-1b7a-5a6e2a6a8c65,0.23,0.45419921875,10240.0,5589.0,472.12,NVIDIA GeForce RTX 3080,[N/A],Enabled,Enabled
1672425999.299472,0,GPU-a71d5fd4-b7db-93b7-1b7a-5a6e2a6a8c65,0.23,0.45419921875,10240.0,5589.0,472.12,NVIDIA GeForce RTX 3080,[N/A],Enabled,Enabled
1672426000.308287,0,GPU-a71d5fd4-b7db-93b7-1b7a-5a6e2a6a8c65,0.14,0.356640625,10240.0,6588.0,472.12,NVIDIA GeForce RTX 3080,[N/A],Enabled,Enabled
1672426001.297484,0,GPU-a71d5fd4-b7db-93b7-1b7a-5a6e2a6a8c65,0.14,0.35732421875,10240.0,6581.0,472.12,NVIDIA GeForce RTX 3080,[N/A],Enabled,Enabled
1672426002.302256,0,GPU-a71d5fd4-b7db-93b7-1b7a-5a6e2a6a8c65,0.12,0.3568359375,10240.0,6586.0,472.12,NVIDIA GeForce RTX 3080,[N/A],Enabled,Enabled
1672426003.304187,0,GPU-a71d5fd4-b7db-93b7-1b7a-5a6e2a6a8c65,0.13,0.3568359375,10240.0,6586.0,472.12,NVIDIA GeForce RTX 3080,[N/A],Enabled,Enabled
1672426004.308547,0,GPU-a71d5fd4-b7db-93b7-1b7a-5a6e2a6a8c65,0.13,0.35703125,10240.0,6584.0,472.12,NVIDIA GeForce RTX 3080,[N/A],Enabled,Enabled
1672426005.304268,0,GPU-a71d5fd4-b7db-93b7-1b7a-5a6e2a6a8c65,0.15,0.36123046875,10240.0,6541.0,472.12,NVIDIA GeForce RTX 3080,[N/A],Enabled,Enabled
1672426006.305005,0,GPU-a71d5fd4-b7db-93b7-1b7a-5a6e2a6a8c65,0.01,0.20087890625,10240.0,8183.0,472.12,NVIDIA GeForce RTX 3080,[N/A],Enabled,Enabled
1672426007.306484,0,GPU-a71d5fd4-b7db-93b7-1b7a-5a6e2a6a8c65,0.01,0.22529296875,10240.0,7933.0,472.12,NVIDIA GeForce RTX 3080,[N/A],Enabled,Enabled
1672426008.300604,0,GPU-a71d5fd4-b7db-93b7-1b7a-5a6e2a6a8c65,0.0,0.2314453125,10240.0,7870.0,472.12,NVIDIA GeForce RTX 3080,[N/A],Enabled,Enabled
1672426009.300579,0,GPU-a71d5fd4-b7db-93b7-1b7a-5a6e2a6a8c65,0.0,0.19599609375,10240.0,8233.0,472.12,NVIDIA GeForce RTX 3080,[N/A],Enabled,Enabled
1672426010.306995,0,GPU-a71d5fd4-b7db-93b7-1b7a-5a6e2a6a8c65,0.0,0.1958984375,10240.0,8234.0,472.12,NVIDIA GeForce RTX 3080,[N/A],Enabled,Enabled
1672426011.304597,0,GPU-a71d5fd4-b7db-93b7-1b7a-5a6e2a6a8c65,0.0,0.1958984375,10240.0,8234.0,472.12,NVIDIA GeForce RTX 3080,[N/A],Enabled,Enabled
1672426012.301586,0,GPU-a71d5fd4-b7db-93b7-1b7a-5a6e2a6a8c65,0.04,0.1958984375,10240.0,8234.0,472.12,NVIDIA GeForce RTX 3080,[N/A],Enabled,Enabled
1672426013.300601,0,GPU-a71d5fd4-b7db-93b7-1b7a-5a6e2a6a8c65,0.0,0.1958984375,10240.0,8234.0,472.12,NVIDIA GeForce RTX 3080,[N/A],Enabled,Enabled
1672426014.306778,0,GPU-a71d5fd4-b7db-93b7-1b7a-5a6e2a6a8c65,0.01,0.1958984375,10240.0,8234.0,472.12,NVIDIA GeForce RTX 3080,[N/A],Enabled,Enabled
1672426015.303586,0,GPU-a71d5fd4-b7db-93b7-1b7a-5a6e2a6a8c65,0.0,0.1958984375,10240.0,8234.0,472.12,NVIDIA GeForce RTX 3080,[N/A],Enabled,Enabled
1672426016.298711,0,GPU-a71d5fd4-b7db-93b7-1b7a-5a6e2a6a8c65,0.0,0.1958984375,10240.0,8234.0,472.12,NVIDIA GeForce RTX 3080,[N/A],Enabled,Enabled
1672426017.299597,0,GPU-a71d5fd4-b7db-93b7-1b7a-5a6e2a6a8c65,0.0,0.1958984375,10240.0,8234.0,472.12,NVIDIA GeForce RTX 3080,[N/A],Enabled,Enabled
1672426018.298591,0,GPU-a71d5fd4-b7db-93b7-1b7a-5a6e2a6a8c65,0.0,0.1958984375,10240.0,8234.0,472.12,NVIDIA GeForce RTX 3080,[N/A],Enabled,Enabled
1672426019.301592,0,GPU-a71d5fd4-b7db-93b7-1b7a-5a6e2a6a8c65,0.01,0.1958984375,10240.0,8234.0,472.12,NVIDIA GeForce RTX 3080,[N/A],Enabled,Enabled
1672426020.303603,0,GPU-a71d5fd4-b7db-93b7-1b7a-5a6e2a6a8c65,0.01,0.1958984375,10240.0,8234.0,472.12,NVIDIA GeForce RTX 3080,[N/A],Enabled,Enabled
1672426021.30059,0,GPU-a71d5fd4-b7db-93b7-1b7a-5a6e2a6a8c65,0.0,0.1958984375,10240.0,8234.0,472.12,NVIDIA GeForce RTX 3080,[N/A],Enabled,Enabled
1672426022.309471,0,GPU-a71d5fd4-b7db-93b7-1b7a-5a6e2a6a8c65,0.0,0.1958984375,10240.0,8234.0,472.12,NVIDIA GeForce RTX 3080,[N/A],Enabled,Enabled
1672426023.300049,0,GPU-a71d5fd4-b7db-93b7-1b7a-5a6e2a6a8c65,0.0,0.1958984375,10240.0,8234.0,472.12,NVIDIA GeForce RTX 3080,[N/A],Enabled,Enabled
1672426024.298967,0,GPU-a71d5fd4-b7db-93b7-1b7a-5a6e2a6a8c65,0.0,0.1958984375,10240.0,8234.0,472.12,NVIDIA GeForce RTX 3080,[N/A],Enabled,Enabled
1672426025.298592,0,GPU-a71d5fd4-b7db-93b7-1b7a-5a6e2a6a8c65,0.0,0.1958984375,10240.0,8234.0,472.12,NVIDIA GeForce RTX 3080,[N/A],Enabled,Enabled
1672426026.299869,0,GPU-a71d5fd4-b7db-93b7-1b7a-5a6e2a6a8c65,0.0,0.1958984375,10240.0,8234.0,472.12,NVIDIA GeForce RTX 3080,[N/A],Enabled,Enabled
1672426027.302627,0,GPU-a71d5fd4-b7db-93b7-1b7a-5a6e2a6a8c65,0.0,0.1958984375,10240.0,8234.0,472.12,NVIDIA GeForce RTX 3080,[N/A],Enabled,Enabled
1672426028.30059,0,GPU-a71d5fd4-b7db-93b7-1b7a-5a6e2a6a8c65,0.0,0.1958984375,10240.0,8234.0,472.12,NVIDIA GeForce RTX 3080,[N/A],Enabled,Enabled
1672426029.301592,0,GPU-a71d5fd4-b7db-93b7-1b7a-5a6e2a6a8c65,0.0,0.1958984375,10240.0,8234.0,472.12,NVIDIA GeForce RTX 3080,[N/A],Enabled,Enabled
1672426030.304592,0,GPU-a71d5fd4-b7db-93b7-1b7a-5a6e2a6a8c65,0.0,0.1958984375,10240.0,8234.0,472.12,NVIDIA GeForce RTX 3080,[N/A],Enabled,Enabled
1672426031.307532,0,GPU-a71d5fd4-b7db-93b7-1b7a-5a6e2a6a8c65,0.0,0.1958984375,10240.0,8234.0,472.12,NVIDIA GeForce RTX 3080,[N/A],Enabled,Enabled
1672426032.304866,0,GPU-a71d5fd4-b7db-93b7-1b7a-5a6e2a6a8c65,0.0,0.1958984375,10240.0,8234.0,472.12,NVIDIA GeForce RTX 3080,[N/A],Enabled,Enabled
1672426033.306589,0,GPU-a71d5fd4-b7db-93b7-1b7a-5a6e2a6a8c65,0.0,0.1958984375,10240.0,8234.0,472.12,NVIDIA GeForce RTX 3080,[N/A],Enabled,Enabled
1672426034.307586,0,GPU-a71d5fd4-b7db-93b7-1b7a-5a6e2a6a8c65,0.0,0.1958984375,10240.0,8234.0,472.12,NVIDIA GeForce RTX 3080,[N/A],Enabled,Enabled
1672426035.308689,0,GPU-a71d5fd4-b7db-93b7-1b7a-5a6e2a6a8c65,0.0,0.1958984375,10240.0,8234.0,472.12,NVIDIA GeForce RTX 3080,[N/A],Enabled,Enabled
1672426036.30776,0,GPU-a71d5fd4-b7db-93b7-1b7a-5a6e2a6a8c65,0.0,0.1958984375,10240.0,8234.0,472.12,NVIDIA GeForce RTX 3080,[N/A],Enabled,Enabled
1672426037.30859,0,GPU-a71d5fd4-b7db-93b7-1b7a-5a6e2a6a8c65,0.0,0.1958984375,10240.0,8234.0,472.12,NVIDIA GeForce RTX 3080,[N/A],Enabled,Enabled
1672426038.298939,0,GPU-a71d5fd4-b7db-93b7-1b7a-5a6e2a6a8c65,0.0,0.1958984375,10240.0,8234.0,472.12,NVIDIA GeForce RTX 3080,[N/A],Enabled,Enabled
1672426039.298591,0,GPU-a71d5fd4-b7db-93b7-1b7a-5a6e2a6a8c65,0.0,0.1958984375,10240.0,8234.0,472.12,NVIDIA GeForce RTX 3080,[N/A],Enabled,Enabled
1672426040.307952,0,GPU-a71d5fd4-b7db-93b7-1b7a-5a6e2a6a8c65,0.0,0.1958984375,10240.0,8234.0,472.12,NVIDIA GeForce RTX 3080,[N/A],Enabled,Enabled
