10.83 6.44 4.55 4/2321 18546
10.69 6.48 4.57 6/2321 18566
10.69 6.48 4.57 6/2324 18595
10.69 6.48 4.57 4/2324 18615
10.69 6.48 4.57 5/2323 18635
10.69 6.48 4.57 1/2323 18654
10.55 6.53 4.60 2/2322 18675
10.55 6.53 4.60 8/2323 18696
10.55 6.53 4.60 4/2323 18715
10.55 6.53 4.60 1/2323 18735
10.55 6.53 4.60 8/2323 18755
11.39 6.77 4.68 2/2323 18774
11.39 6.77 4.68 3/2323 18794
11.39 6.77 4.68 6/2323 18814
11.39 6.77 4.68 5/2323 18833
11.39 6.77 4.68 6/2323 18853
11.12 6.79 4.70 2/2321 18873
11.12 6.79 4.70 1/2321 18893
11.12 6.79 4.70 1/2321 18913
11.12 6.79 4.70 1/2321 18933
11.12 6.79 4.70 6/2321 18952
10.79 6.79 4.72 3/2321 18972
10.79 6.79 4.72 3/2321 18992
10.79 6.79 4.72 3/2321 19011
10.79 6.79 4.72 7/2321 19031
10.79 6.79 4.72 2/2321 19051
11.04 6.91 4.77 3/2321 19070
11.04 6.91 4.77 2/2321 19091
11.04 6.91 4.77 4/2321 19111
11.04 6.91 4.77 2/2321 19130
11.04 6.91 4.77 1/2321 19150
11.04 6.91 4.77 2/2321 19170
10.80 6.93 4.78 4/2321 19189
10.80 6.93 4.78 5/2321 19209
10.80 6.93 4.78 2/2321 19229
10.80 6.93 4.78 1/2321 19248
10.80 6.93 4.78 1/2321 19268
10.90 7.01 4.82 2/2321 19291
10.90 7.01 4.82 1/2321 19310
10.90 7.01 4.82 2/2321 19330
10.90 7.01 4.82 3/2321 19350
10.90 7.01 4.82 1/2321 19369
10.50 7.00 4.83 2/2317 19389
10.50 7.00 4.83 3/2317 19409
10.50 7.00 4.83 5/2317 19428
10.50 7.00 4.83 3/2317 19448
10.50 7.00 4.83 4/2317 19468
10.38 7.03 4.85 4/2316 19487
10.38 7.03 4.85 5/2316 19508
10.38 7.03 4.85 2/2316 19528
10.38 7.03 4.85 2/2314 19547
10.38 7.03 4.85 2/2314 19567
10.35 7.08 4.88 5/2314 19587
10.35 7.08 4.88 2/2314 19606
10.35 7.08 4.88 3/2313 19626
10.35 7.08 4.88 2/2313 19646
10.35 7.08 4.88 2/2313 19665
10.08 7.08 4.89 3/2313 19685
10.08 7.08 4.89 7/2313 19706
10.08 7.08 4.89 1/2313 19725
10.08 7.08 4.89 3/2313 19745
10.08 7.08 4.89 3/2313 19765
9.76 7.06 4.90 1/2307 19784
9.76 7.06 4.90 5/2314 19812
9.76 7.06 4.90 3/2313 19832
9.76 7.06 4.90 3/2313 19851
9.76 7.06 4.90 6/2313 19871
9.86 7.13 4.93 1/2312 19891
9.86 7.13 4.93 1/2312 19910
9.86 7.13 4.93 1/2312 19931
9.86 7.13 4.93 2/2312 19951
9.86 7.13 4.93 2/2312 19970
9.87 7.17 4.96 4/2312 19990
9.87 7.17 4.96 1/2312 20010
9.87 7.17 4.96 1/2312 20029
9.87 7.17 4.96 2/2311 20049
9.87 7.17 4.96 1/2311 20069
9.96 7.24 4.99 8/2311 20088
9.96 7.24 4.99 2/2311 20108
9.96 7.24 4.99 5/2311 20129
9.96 7.24 4.99 1/2311 20148
9.96 7.24 4.99 3/2311 20168
9.80 7.25 5.01 2/2311 20188
9.80 7.25 5.01 1/2311 20207
9.80 7.25 5.01 2/2311 20227
9.80 7.25 5.01 7/2311 20247
9.80 7.25 5.01 1/2311 20266
10.54 7.45 5.08 2/2311 20286
10.54 7.45 5.08 7/2310 20306
10.54 7.45 5.08 1/2310 20327
10.54 7.45 5.08 1/2310 20348
10.54 7.45 5.08 3/2310 20368
10.41 7.47 5.10 1/2310 20387
10.41 7.47 5.10 2/2309 20407
10.41 7.47 5.10 1/2309 20427
10.41 7.47 5.10 1/2308 20446
10.41 7.47 5.10 3/2308 20466
10.54 7.55 5.14 4/2308 20486
10.54 7.55 5.14 1/2308 20505
10.54 7.55 5.14 3/2308 20525
10.54 7.55 5.14 1/2308 20546
10.54 7.55 5.14 3/2308 20565
10.34 7.55 5.16 1/2308 20585
10.34 7.55 5.16 6/2308 20605
10.34 7.55 5.16 4/2308 20624
10.34 7.55 5.16 2/2308 20644
10.34 7.55 5.16 5/2308 20664
10.87 7.71 5.22 1/2308 20683
10.87 7.71 5.22 3/2308 20703
10.87 7.71 5.22 1/2308 20723
10.87 7.71 5.22 6/2307 20743
10.87 7.71 5.22 6/2307 20763
10.72 7.73 5.24 5/2307 20783
10.72 7.73 5.24 2/2306 20802
10.72 7.73 5.24 3/2307 20823
10.72 7.73 5.24 2/2307 20843
10.72 7.73 5.24 3/2307 20862
10.58 7.75 5.26 1/2307 20882
10.58 7.75 5.26 2/2307 20902
10.58 7.75 5.26 3/2307 20921
10.58 7.75 5.26 1/2308 20942
10.58 7.75 5.26 3/2308 20963
10.38 7.76 5.28 3/2308 20982
10.38 7.76 5.28 3/2306 21002
10.38 7.76 5.28 2/2306 21022
10.38 7.76 5.28 2/2306 21041
10.38 7.76 5.28 5/2306 21061
10.43 7.81 5.31 2/2306 21081
10.43 7.81 5.31 2/2304 21100
10.43 7.81 5.31 11/2304 21120
10.43 7.81 5.31 1/2304 21140
10.43 7.81 5.31 1/2304 21160
10.15 7.80 5.32 6/2304 21180
10.15 7.80 5.32 1/2304 21200
10.15 7.80 5.32 1/2304 21219
10.15 7.80 5.32 1/2304 21239
10.15 7.80 5.32 3/2304 21259
9.90 7.79 5.33 1/2304 21278
9.90 7.79 5.33 3/2304 21298
9.90 7.79 5.33 4/2302 21318
9.90 7.79 5.33 2/2302 21337
9.90 7.79 5.33 8/2302 21357
9.83 7.81 5.35 6/2302 21378
9.83 7.81 5.35 2/2302 21397
9.83 7.81 5.35 2/2302 21417
9.83 7.81 5.35 1/2302 21437
9.83 7.81 5.35 2/2302 21456
10.00 7.88 5.38 3/2302 21476
10.00 7.88 5.38 3/2302 21496
10.00 7.88 5.38 3/2302 21515
10.00 7.88 5.38 2/2302 21535
10.00 7.88 5.38 1/2302 21555
9.92 7.90 5.40 1/2302 21575
9.92 7.90 5.40 1/2302 21595
9.92 7.90 5.40 1/2302 21615
9.92 7.90 5.40 1/2302 21634
9.92 7.90 5.40 4/2304 21656
9.77 7.90 5.42 3/2304 21676
9.77 7.90 5.42 2/2304 21695
9.77 7.90 5.42 3/2304 21715
9.77 7.90 5.42 5/2304 21735
9.77 7.90 5.42 2/2304 21754
9.87 7.95 5.45 1/2304 21774
9.87 7.95 5.45 4/2304 21795
9.87 7.95 5.45 2/2304 21814
9.87 7.95 5.45 8/2304 21834
9.87 7.95 5.45 6/2304 21854
9.96 8.00 5.48 2/2304 21873
9.96 8.00 5.48 1/2304 21893
9.96 8.00 5.48 2/2304 21913
9.96 8.00 5.48 2/2304 21932
9.96 8.00 5.48 3/2304 21952
9.80 8.00 5.49 1/2304 21972
9.80 8.00 5.49 1/2304 21992
9.80 8.00 5.49 4/2304 22012
9.80 8.00 5.49 2/2304 22032
9.80 8.00 5.49 2/2304 22051
9.74 8.02 5.51 1/2304 22071
9.74 8.02 5.51 2/2304 22091
9.74 8.02 5.51 3/2304 22110
9.74 8.02 5.51 1/2302 22130
9.74 8.02 5.51 1/2302 22150
9.52 8.00 5.52 4/2302 22169
9.52 8.00 5.52 1/2302 22190
9.52 8.00 5.52 1/2302 22210
9.52 8.00 5.52 2/2302 22229
9.52 8.00 5.52 2/2302 22249
9.64 8.05 5.55 3/2302 22269
9.64 8.05 5.55 3/2302 22288
9.64 8.05 5.55 1/2302 22308
9.64 8.05 5.55 6/2302 22328
9.64 8.05 5.55 1/2302 22347
9.50 8.05 5.56 1/2302 22367
9.50 8.05 5.56 2/2302 22387
9.50 8.05 5.56 1/2302 22407
9.50 8.05 5.56 1/2302 22427
9.50 8.05 5.56 1/2301 22447
9.54 8.08 5.58 2/2301 22466
9.54 8.08 5.58 3/2301 22486
9.54 8.08 5.58 2/2301 22506
9.54 8.08 5.58 4/2301 22525
9.54 8.08 5.58 3/2301 22545
10.06 8.21 5.64 6/2300 22565
10.06 8.21 5.64 3/2300 22584
10.06 8.21 5.64 5/2301 22605
10.06 8.21 5.64 1/2300 22625
10.06 8.21 5.64 1/2300 22644
9.90 8.21 5.65 1/2300 22664
9.90 8.21 5.65 4/2300 22684
9.90 8.21 5.65 1/2300 22703
9.90 8.21 5.65 1/2300 22723
9.90 8.21 5.65 3/2300 22743
9.58 8.17 5.65 3/2300 22762
9.58 8.17 5.65 7/2300 22782
9.58 8.17 5.65 4/2300 22802
9.58 8.17 5.65 5/2300 22822
9.58 8.17 5.65 3/2300 22842
9.46 8.17 5.67 2/2299 22865
9.46 8.17 5.67 1/2299 22884
9.46 8.17 5.67 5/2299 22904
9.46 8.17 5.67 4/2299 22924
9.46 8.17 5.67 5/2298 22943
9.58 8.22 5.70 1/2298 22963
9.58 8.22 5.70 1/2298 22983
9.58 8.22 5.70 4/2297 23002
9.58 8.22 5.70 3/2297 23023
9.58 8.22 5.70 8/2297 23043
9.69 8.26 5.72 9/2297 23062
9.69 8.26 5.72 5/2297 23082
9.69 8.26 5.72 1/2297 23102
9.69 8.26 5.72 2/2297 23121
9.69 8.26 5.72 1/2297 23142
9.40 8.23 5.73 3/2297 23162
9.40 8.23 5.73 4/2297 23181
9.40 8.23 5.73 2/2298 23201
9.40 8.23 5.73 3/2297 23222
9.40 8.23 5.73 3/2297 23241
9.45 8.26 5.75 1/2297 23261
9.45 8.26 5.75 1/2297 23281
9.45 8.26 5.75 3/2297 23300
9.45 8.26 5.75 1/2297 23320
9.45 8.26 5.75 2/2297 23340
9.41 8.27 5.77 2/2297 23359
9.41 8.27 5.77 2/2297 23379
9.41 8.27 5.77 4/2297 23399
9.41 8.27 5.77 4/2297 23418
9.41 8.27 5.77 4/2297 23439
9.46 8.30 5.79 1/2297 23459
9.46 8.30 5.79 3/2297 23478
9.46 8.30 5.79 3/2297 23498
9.46 8.30 5.79 3/2297 23518
9.46 8.30 5.79 1/2297 23537
9.50 8.33 5.81 1/2297 23557
9.50 8.33 5.81 4/2297 23577
9.50 8.33 5.81 1/2297 23596
9.50 8.33 5.81 2/2297 23616
9.50 8.33 5.81 6/2297 23637
9.46 8.34 5.83 1/2297 23656
9.46 8.34 5.83 1/2297 23676
9.46 8.34 5.83 3/2297 23696
9.46 8.34 5.83 4/2297 23715
9.46 8.34 5.83 4/2297 23735
9.26 8.31 5.84 1/2297 23755
9.26 8.31 5.84 2/2297 23774
9.26 8.31 5.84 2/2298 23794
9.26 8.31 5.84 4/2297 23814
9.26 8.31 5.84 6/2297 23833
9.32 8.34 5.86 2/2298 23854
9.32 8.34 5.86 4/2297 23874
9.32 8.34 5.86 2/2297 23893
9.32 8.34 5.86 1/2297 23913
9.32 8.34 5.86 5/2297 23933
9.06 8.30 5.86 1/2297 23952
9.06 8.30 5.86 2/2297 23972
9.06 8.30 5.86 1/2297 23992
9.06 8.30 5.86 2/2297 24011
9.06 8.30 5.86 1/2297 24031
8.89 8.28 5.87 2/2297 24052
8.89 8.28 5.87 2/2297 24071
8.89 8.28 5.87 8/2297 24091
8.89 8.28 5.87 3/2297 24111
8.89 8.28 5.87 5/2297 24132
8.98 8.31 5.89 1/2297 24152
8.98 8.31 5.89 1/2297 24172
8.98 8.31 5.89 4/2297 24191
8.98 8.31 5.89 2/2297 24211
8.98 8.31 5.89 1/2297 24231
8.90 8.30 5.90 9/2297 24250
8.90 8.30 5.90 2/2297 24271
8.90 8.30 5.90 4/2338 24336
8.90 8.30 5.90 3/2346 24365
8.90 8.30 5.90 4/2344 24385
8.83 8.30 5.91 1/2343 24405
8.83 8.30 5.91 3/2341 24424
8.83 8.30 5.91 4/2341 24444
8.83 8.30 5.91 5/2342 24464
8.83 8.30 5.91 3/2341 24483
8.76 8.29 5.92 4/2342 24503
8.76 8.29 5.92 3/2342 24524
8.76 8.29 5.92 2/2341 24543
8.76 8.29 5.92 2/2341 24563
8.76 8.29 5.92 2/2341 24583
8.94 8.34 5.95 5/2341 24602
8.94 8.34 5.95 3/2340 24622
8.94 8.34 5.95 1/2340 24642
8.94 8.34 5.95 2/2340 24661
8.94 8.34 5.95 1/2340 24681
8.79 8.32 5.96 9/2339 24701
8.79 8.32 5.96 6/2340 24721
8.79 8.32 5.96 7/2340 24742
8.79 8.32 5.96 3/2340 24762
8.79 8.32 5.96 1/2340 24781
8.64 8.29 5.96 4/2340 24801
8.64 8.29 5.96 1/2340 24821
8.64 8.29 5.96 3/2340 24840
8.64 8.29 5.96 2/2340 24860
8.64 8.29 5.96 3/2340 24880
8.91 8.36 6.00 1/2340 24899
8.91 8.36 6.00 1/2340 24919
8.91 8.36 6.00 1/2340 24940
8.91 8.36 6.00 2/2340 24959
8.91 8.36 6.00 5/2340 24979
8.92 8.37 6.01 2/2340 24999
8.92 8.37 6.01 1/2340 25018
8.92 8.37 6.01 3/2340 25038
8.92 8.37 6.01 5/2340 25058
8.92 8.37 6.01 4/2340 25077
9.01 8.39 6.03 4/2341 25097
9.01 8.39 6.03 8/2341 25117
9.01 8.39 6.03 1/2341 25138
9.01 8.39 6.03 2/2343 25159
9.01 8.39 6.03 6/2342 25179
8.85 8.37 6.04 2/2342 25198
8.85 8.37 6.04 11/2342 25218
8.85 8.37 6.04 6/2342 25238
8.85 8.37 6.04 1/2345 25260
8.85 8.37 6.04 5/2345 25280
9.34 8.48 6.09 1/2345 25300
9.34 8.48 6.09 1/2345 25319
9.34 8.48 6.09 3/2345 25339
9.34 8.48 6.09 1/2345 25360
9.34 8.48 6.09 2/2345 25379
9.31 8.49 6.10 1/2345 25399
9.31 8.49 6.10 4/2345 25419
9.31 8.49 6.10 7/2345 25438
9.31 8.49 6.10 1/2345 25458
9.31 8.49 6.10 1/2346 25479
9.21 8.48 6.11 3/2346 25498
9.21 8.48 6.11 3/2346 25518
9.21 8.48 6.11 4/2340 25538
9.21 8.48 6.11 1/2326 25558
9.21 8.48 6.11 1/2324 25578
8.95 8.44 6.11 1/2324 25598
8.95 8.44 6.11 4/2324 25617
8.95 8.44 6.11 2/2315 25637
8.95 8.44 6.11 1/2311 25657
8.95 8.44 6.11 3/2311 25676
9.27 8.52 6.15 3/2311 25696
9.27 8.52 6.15 3/2312 25716
9.27 8.52 6.15 1/2310 25735
9.27 8.52 6.15 2/2313 25757
9.27 8.52 6.15 2/2315 25780
9.17 8.51 6.16 1/2313 25799
9.17 8.51 6.16 2/2313 25819
9.17 8.51 6.16 4/2313 25839
9.17 8.51 6.16 5/2313 25858
9.17 8.51 6.16 1/2313 25878
9.00 8.48 6.17 1/2313 25898
9.00 8.48 6.17 1/2313 25917
9.00 8.48 6.17 3/2313 25937
9.00 8.48 6.17 4/2313 25957
9.00 8.48 6.17 5/2313 25977
8.92 8.47 6.18 2/2313 25997
8.92 8.47 6.18 3/2313 26017
8.92 8.47 6.18 2/2313 26036
8.92 8.47 6.18 2/2313 26056
8.92 8.47 6.18 1/2313 26076
8.84 8.47 6.19 6/2313 26095
8.84 8.47 6.19 4/2313 26115
8.84 8.47 6.19 1/2313 26135
8.84 8.47 6.19 2/2313 26154
8.84 8.47 6.19 11/2310 26199
9.18 8.54 6.22 5/2275 26279
9.18 8.54 6.22 5/2279 26314
9.18 8.54 6.22 2/2281 26335
9.18 8.54 6.22 3/2282 26357
9.18 8.54 6.22 3/2285 26381
9.24 8.57 6.24 3/2285 26400
9.24 8.57 6.24 4/2278 26421
9.24 8.57 6.24 3/2278 26440
9.24 8.57 6.24 3/2278 26459
9.24 8.57 6.24 3/2279 26481
9.22 8.57 6.26 6/2279 26506
9.22 8.57 6.26 6/2280 26535
9.22 8.57 6.26 3/2293 26572
9.22 8.57 6.26 3/2292 26595
9.22 8.57 6.26 2/2293 26619
9.04 8.55 6.26 2/2292 26647
9.04 8.55 6.26 2/2292 26670
9.04 8.55 6.26 1/2292 26696
9.04 8.55 6.26 3/2292 26718
9.04 8.55 6.26 3/2292 26737
8.80 8.50 6.26 3/2292 26758
8.80 8.50 6.26 1/2292 26778
8.80 8.50 6.26 3/2292 26797
8.80 8.50 6.26 3/2292 26817
8.80 8.50 6.26 5/2292 26837
8.58 8.46 6.26 3/2278 26857
8.58 8.46 6.26 2/2265 26898
8.58 8.46 6.26 4/2265 26917
8.58 8.46 6.26 2/2258 26947
8.58 8.46 6.26 1/2228 26967
7.97 8.34 6.23 1/2228 26986
7.97 8.34 6.23 1/2229 27007
7.97 8.34 6.23 3/2229 27026
7.97 8.34 6.23 3/2229 27046
