1236.32 7985.51
1237.31 7990.24
1238.32 7994.07
1239.32 7999.08
1240.31 8004.22
1241.31 8009.54
1242.31 8015.06
1243.31 8020.62
1244.31 8026.03
1245.31 8031.25
1246.32 8036.14
1247.31 8041.10
1248.32 8046.55
1249.31 8052.03
1250.31 8057.38
1251.31 8062.59
1252.32 8067.98
1253.31 8073.84
1254.31 8080.01
1255.31 8086.09
1256.30 8092.13
1257.31 8098.31
1258.31 8104.30
1259.31 8110.42
1260.31 8116.71
1261.31 8122.94
1262.31 8129.19
1263.31 8135.35
1264.31 8141.42
1265.31 8147.40
1266.32 8153.57
1267.32 8159.24
1268.31 8165.07
1269.31 8171.09
1270.31 8177.18
1271.31 8183.26
1272.31 8189.22
1273.31 8195.07
1274.31 8201.05
1275.31 8207.07
1276.31 8213.05
1277.31 8219.21
1278.31 8225.24
1279.30 8231.21
1280.31 8236.92
1281.31 8242.64
1282.31 8247.99
1283.31 8253.46
1284.31 8259.13
1285.31 8265.20
1286.31 8271.22
1287.31 8277.24
1288.31 8283.24
1289.31 8289.36
1290.31 8295.49
1291.31 8301.64
1292.31 8307.67
1293.31 8313.85
1294.31 8320.08
1295.31 8326.02
1296.31 8332.01
1297.31 8337.93
1298.31 8343.76
1299.31 8349.58
1300.31 8355.13
1301.32 8360.59
1302.31 8365.89
1303.31 8371.33
1304.30 8376.74
1305.31 8382.28
1306.31 8387.76
1307.31 8393.18
1308.31 8398.65
1309.31 8404.01
1310.30 8409.26
1311.31 8414.52
1312.31 8419.51
1313.31 8424.55
1314.32 8429.68
1315.31 8434.82
1316.31 8439.97
1317.31 8445.25
1318.31 8450.35
1319.32 8455.49
1320.31 8460.64
1321.31 8465.90
1322.31 8471.16
1323.30 8476.64
1324.31 8482.22
1325.31 8487.37
1326.31 8492.61
1327.31 8498.04
1328.31 8503.30
1329.30 8508.58
1330.30 8514.14
1331.30 8519.56
1332.31 8525.19
1333.31 8530.60
1334.31 8535.98
1335.30 8541.33
1336.31 8546.88
1337.32 8552.41
1338.31 8557.96
1339.31 8563.45
1340.31 8569.08
1341.30 8574.56
1342.31 8580.25
1343.32 8585.75
1344.31 8591.23
1345.32 8596.55
1346.30 8601.69
1347.30 8607.21
1348.32 8613.04
1349.30 8618.62
1350.31 8624.40
1351.30 8629.88
1352.31 8635.55
1353.31 8641.30
1354.31 8646.84
1355.31 8652.59
1356.31 8658.23
1357.31 8663.56
1358.30 8669.11
1359.32 8674.97
1360.30 8680.73
1361.31 8686.48
1362.31 8692.08
1363.30 8697.62
1364.32 8703.37
1365.30 8708.79
1366.31 8714.52
1367.30 8720.33
1368.32 8726.38
1369.30 8732.19
1370.32 8738.14
1371.30 8743.92
1372.31 8750.08
1373.32 8756.06
1374.31 8761.97
1375.30 8767.33
1376.31 8772.80
1377.30 8778.54
1378.30 8784.35
1379.31 8790.22
1380.31 8796.31
1381.30 8802.42
1382.30 8808.43
1383.32 8814.64
1384.30 8820.66
1385.31 8826.60
1386.32 8832.39
1387.31 8838.29
1388.30 8844.14
1389.30 8849.84
1390.31 8855.79
1391.30 8861.87
1392.32 8867.90
1393.31 8873.65
1394.32 8879.37
1395.31 8885.50
1396.30 8891.45
1397.30 8897.60
1398.31 8903.62
1399.30 8909.57
1400.30 8915.55
1401.31 8921.53
1402.30 8927.21
1403.31 8933.09
1404.30 8938.92
1405.32 8944.91
1406.30 8950.25
1407.30 8956.22
1408.30 8961.96
1409.31 8967.82
1410.30 8973.72
1411.30 8979.73
1412.31 8985.73
1413.30 8991.76
1414.32 8997.88
1415.30 9003.92
1416.31 9010.06
1417.30 9015.97
1418.30 9021.99
1419.32 9028.04
1420.30 9033.74
1421.32 9039.43
1422.31 9044.46
1423.30 9049.95
1424.31 9055.38
1425.32 9060.90
1426.30 9066.19
1427.32 9071.50
1428.31 9076.81
1429.30 9082.15
1430.32 9087.54
1431.31 9092.59
1432.32 9097.94
1433.31 9103.06
1434.32 9108.12
1435.30 9113.02
1436.31 9118.15
1437.32 9123.47
1438.31 9128.33
1439.32 9133.10
1440.30 9138.14
1441.32 9143.03
1442.32 9148.29
1443.32 9153.53
1444.31 9158.56
1445.31 9163.74
1446.32 9168.83
1447.31 9173.95
1448.32 9179.27
1449.31 9184.59
1450.31 9189.93
1451.33 9195.31
1452.30 9200.54
1453.32 9205.95
1454.31 9211.31
1455.32 9216.60
1456.30 9221.93
1457.32 9227.41
1458.30 9232.82
1459.31 9238.54
1460.32 9244.05
1461.32 9249.45
1462.32 9255.08
1463.32 9260.62
1464.31 9266.19
1465.31 9271.77
1466.30 9277.22
1467.31 9282.78
1468.31 9288.47
1469.32 9293.91
1470.30 9299.51
1471.32 9304.93
1472.31 9310.13
1473.32 9315.81
1474.31 9321.30
1475.32 9327.02
1476.31 9332.70
1477.32 9338.55
1478.32 9344.23
1479.32 9349.84
1480.32 9355.37
1481.32 9360.89
1482.32 9366.59
1483.32 9372.21
1484.30 9377.70
1485.31 9383.46
1486.32 9389.22
1487.32 9395.00
1488.31 9400.48
1489.32 9406.22
1490.32 9411.87
1491.32 9417.76
1492.32 9423.29
1493.31 9428.81
1494.31 9434.49
1495.32 9440.14
1496.32 9445.91
1497.32 9451.91
1498.32 9457.84
1499.32 9463.47
1500.32 9469.47
1501.31 9474.81
1502.32 9480.34
1503.32 9486.08
1504.32 9491.61
1505.30 9497.09
1506.32 9503.26
1507.32 9509.43
1508.32 9515.49
1509.32 9521.57
1510.31 9527.46
1511.32 9533.43
1512.32 9539.26
1513.32 9545.18
1514.32 9551.16
1515.32 9557.25
1516.32 9563.26
1517.32 9569.07
1518.31 9575.03
1519.32 9581.26
1520.32 9587.40
1521.31 9593.34
1522.32 9599.54
1523.32 9605.38
1524.31 9611.18
1525.32 9616.73
1526.32 9621.39
1527.32 9626.69
1528.30 9632.49
1529.32 9638.47
1530.32 9644.57
1531.31 9650.58
1532.32 9656.47
1533.32 9662.57
1534.31 9668.31
1535.32 9674.26
1536.32 9680.40
1537.32 9686.56
1538.32 9692.69
1539.32 9698.69
1540.31 9704.67
1541.32 9710.59
1542.33 9716.53
1543.32 9722.23
1544.32 9727.93
1545.32 9733.51
1546.32 9739.05
1547.32 9744.59
1548.32 9750.06
1549.32 9755.55
1550.32 9761.01
1551.32 9766.55
1552.32 9771.98
1553.32 9777.22
1554.32 9782.72
1555.32 9788.09
1556.32 9793.37
1557.32 9798.81
1558.32 9804.09
1559.32 9809.29
1560.32 9814.60
1561.32 9819.97
1562.32 9825.28
1563.32 9830.48
1564.32 9835.71
1565.32 9840.58
1566.32 9845.90
1567.32 9850.98
1568.32 9856.32
1569.31 9861.68
1570.32 9867.30
1571.32 9872.80
1572.32 9878.26
1573.32 9883.63
1574.31 9889.01
1575.32 9894.42
1576.32 9899.71
1577.31 9905.13
1578.32 9910.44
1579.32 9915.85
1580.32 9921.25
1581.32 9926.95
1582.32 9932.61
1583.32 9938.26
1584.32 9943.91
1585.32 9949.50
1586.32 9955.12
1587.32 9960.74
1588.32 9966.34
1589.32 9971.96
1590.32 9977.68
1591.32 9983.34
1592.32 9989.04
1593.32 9994.76
1594.32 10000.49
1595.32 10005.93
1596.32 10011.55
1597.32 10016.92
1598.32 10022.49
1599.32 10028.22
1600.32 10033.84
1601.32 10039.43
1602.32 10044.95
1603.32 10050.51
1604.32 10056.29
1605.32 10062.00
1606.32 10067.58
1607.32 10073.05
1608.32 10078.75
1609.32 10084.26
1610.32 10089.94
1611.32 10095.59
1612.32 10101.48
1613.32 10107.28
1614.32 10113.11
1615.32 10119.05
1616.32 10125.14
1617.31 10129.48
1618.30 10132.81
1619.30 10138.08
1620.31 10144.00
1621.30 10150.24
1622.30 10156.33
1623.30 10161.97
1624.30 10167.73
1625.30 10173.67
1626.30 10179.64
1627.30 10185.32
1628.29 10190.96
1629.31 10196.03
1630.30 10201.73
1631.32 10207.59
1632.31 10212.87
1633.32 10218.63
1634.31 10224.74
1635.32 10231.04
1636.31 10237.37
1637.31 10243.33
1638.32 10249.70
1639.32 10256.04
1640.31 10262.49
1641.32 10268.93
1642.32 10275.39
1643.32 10281.85
1644.31 10287.33
1645.31 10294.37
1646.32 10301.38
1647.31 10308.92
1648.31 10316.67
1649.32 10324.09
1650.30 10331.18
1651.30 10339.37
