5.97 3.47 5.05 3/2281 20167
5.97 3.47 5.05 3/2281 20186
6.37 3.59 5.08 2/2281 20206
6.37 3.59 5.08 4/2271 20225
6.37 3.59 5.08 2/2265 20244
6.37 3.59 5.08 2/2265 20265
6.37 3.59 5.08 1/2265 20284
7.30 3.83 5.15 3/2267 20314
7.30 3.83 5.15 4/2264 20335
7.30 3.83 5.15 8/2261 20356
7.30 3.83 5.15 2/2263 20387
7.30 3.83 5.15 5/2263 20408
7.36 3.90 5.17 2/2261 20428
7.36 3.90 5.17 2/2264 20450
7.36 3.90 5.17 3/2265 20483
7.36 3.90 5.17 2/2264 20502
7.36 3.90 5.17 5/2264 20521
7.81 4.05 5.21 3/2265 20545
7.81 4.05 5.21 10/2264 20567
7.81 4.05 5.21 1/2264 20588
7.81 4.05 5.21 1/2257 20618
7.81 4.05 5.21 2/2261 20645
8.07 4.17 5.24 1/2261 20669
8.07 4.17 5.24 1/2285 20730
8.07 4.17 5.24 7/2288 20787
8.07 4.17 5.24 5/2287 20811
8.07 4.17 5.24 6/2286 20832
9.42 4.51 5.35 13/2338 20923
9.42 4.51 5.35 9/2340 20962
9.42 4.51 5.35 4/2340 20983
9.42 4.51 5.35 10/2340 21004
9.42 4.51 5.35 9/2340 21024
9.71 4.65 5.39 12/2341 21045
9.71 4.65 5.39 5/2340 21064
9.71 4.65 5.39 4/2340 21089
9.71 4.65 5.39 9/2341 21118
9.71 4.65 5.39 4/2340 21137
9.49 4.69 5.40 10/2340 21156
9.49 4.69 5.40 11/2341 21177
9.49 4.69 5.40 6/2340 21196
9.49 4.69 5.40 3/2340 21215
9.49 4.69 5.40 6/2340 21237
9.53 4.78 5.42 6/2340 21256
9.53 4.78 5.42 8/2340 21275
9.53 4.78 5.42 3/2341 21295
9.53 4.78 5.42 3/2340 21315
9.53 4.78 5.42 4/2340 21334
9.41 4.84 5.43 1/2340 21354
9.41 4.84 5.43 2/2340 21374
9.41 4.84 5.43 1/2340 21393
9.41 4.84 5.43 4/2340 21413
9.41 4.84 5.43 6/2340 21433
9.14 4.86 5.44 6/2340 21453
9.14 4.86 5.44 2/2340 21473
9.14 4.86 5.44 6/2340 21493
9.14 4.86 5.44 6/2340 21512
9.14 4.86 5.44 5/2340 21532
9.29 4.96 5.47 3/2340 21552
9.29 4.96 5.47 5/2340 21571
9.29 4.96 5.47 3/2340 21592
9.29 4.96 5.47 1/2340 21612
9.29 4.96 5.47 3/2358 21667
9.98 5.17 5.54 2/2359 21688
9.98 5.17 5.54 4/2360 21723
9.98 5.17 5.54 6/2362 21744
9.98 5.17 5.54 8/2362 21764
9.98 5.17 5.54 7/2358 21784
10.14 5.29 5.57 6/2357 21803
10.14 5.29 5.57 5/2357 21823
10.14 5.29 5.57 1/2357 21843
10.14 5.29 5.57 2/2357 21862
10.14 5.29 5.57 7/2357 21882
9.97 5.33 5.58 2/2357 21902
9.97 5.33 5.58 1/2357 21921
9.97 5.33 5.58 3/2357 21942
9.97 5.33 5.58 4/2357 21962
9.97 5.33 5.58 4/2357 21981
9.98 5.41 5.61 1/2356 22003
9.98 5.41 5.61 3/2356 22023
9.98 5.41 5.61 5/2356 22042
9.98 5.41 5.61 3/2357 22062
9.98 5.41 5.61 1/2356 22082
9.74 5.44 5.62 3/2355 22101
9.74 5.44 5.62 3/2353 22121
9.74 5.44 5.62 3/2352 22142
9.74 5.44 5.62 6/2351 22161
9.74 5.44 5.62 1/2350 22181
9.52 5.46 5.62 2/2345 22201
9.52 5.46 5.62 2/2343 22220
9.52 5.46 5.62 1/2343 22240
9.52 5.46 5.62 10/2342 22260
9.52 5.46 5.62 1/2342 22279
9.40 5.51 5.64 1/2341 22300
9.40 5.51 5.64 2/2341 22320
9.40 5.51 5.64 2/2341 22339
9.40 5.51 5.64 3/2341 22360
9.40 5.51 5.64 1/2341 22380
9.28 5.55 5.65 1/2341 22399
9.28 5.55 5.65 7/2341 22419
9.28 5.55 5.65 6/2341 22439
9.28 5.55 5.65 2/2341 22458
9.28 5.55 5.65 3/2341 22478
9.10 5.57 5.66 3/2341 22498
9.10 5.57 5.66 3/2341 22517
9.10 5.57 5.66 2/2341 22537
9.10 5.57 5.66 1/2341 22557
9.10 5.57 5.66 5/2341 22577
9.01 5.61 5.67 4/2341 22597
9.01 5.61 5.67 1/2341 22617
9.01 5.61 5.67 3/2341 22636
9.01 5.61 5.67 2/2339 22656
9.01 5.61 5.67 1/2339 22676
8.85 5.64 5.68 3/2339 22695
8.85 5.64 5.68 1/2339 22715
8.85 5.64 5.68 3/2339 22735
8.85 5.64 5.68 1/2339 22754
8.85 5.64 5.68 5/2339 22774
8.70 5.66 5.68 6/2339 22795
8.70 5.66 5.68 3/2339 22814
8.70 5.66 5.68 1/2339 22834
8.70 5.66 5.68 3/2339 22854
8.70 5.66 5.68 1/2339 22873
8.70 5.66 5.68 3/2338 22895
8.89 5.75 5.71 5/2332 22915
8.89 5.75 5.71 6/2332 22934
8.89 5.75 5.71 2/2332 22954
8.89 5.75 5.71 13/2331 22974
8.89 5.75 5.71 1/2331 22993
8.98 5.82 5.74 5/2331 23014
8.98 5.82 5.74 5/2330 23034
8.98 5.82 5.74 6/2330 23053
8.98 5.82 5.74 9/2330 23073
8.98 5.82 5.74 11/2331 23093
8.98 5.87 5.75 1/2330 23112
8.98 5.87 5.75 10/2330 23132
8.98 5.87 5.75 6/2330 23152
8.98 5.87 5.75 6/2330 23171
8.98 5.87 5.75 2/2329 23191
9.38 6.01 5.80 1/2329 23211
9.38 6.01 5.80 15/2337 23251
9.38 6.01 5.80 3/2343 23278
9.38 6.01 5.80 8/2343 23298
9.38 6.01 5.80 4/2343 23318
9.19 6.02 5.81 10/2344 23338
9.19 6.02 5.81 7/2343 23358
9.19 6.02 5.81 6/2343 23377
9.19 6.02 5.81 20/2345 23408
9.19 6.02 5.81 3/2344 23431
9.09 6.06 5.82 1/2344 23450
9.09 6.06 5.82 5/2345 23471
9.09 6.06 5.82 3/2345 23492
9.09 6.06 5.82 1/2344 23511
9.09 6.06 5.82 4/2344 23531
9.01 6.09 5.83 2/2344 23551
9.01 6.09 5.83 1/2344 23570
9.01 6.09 5.83 3/2344 23590
9.01 6.09 5.83 5/2344 23610
9.01 6.09 5.83 19/2344 23630
8.93 6.12 5.84 4/2344 23650
8.93 6.12 5.84 3/2344 23670
8.93 6.12 5.84 2/2342 23690
8.93 6.12 5.84 3/2342 23710
9.09 6.20 5.87 2/2342 23730
9.09 6.20 5.87 4/2342 23749
9.09 6.20 5.87 3/2342 23769
9.09 6.20 5.87 2/2342 23789
9.09 6.20 5.87 3/2342 23808
9.09 6.20 5.87 2/2343 23829
8.84 6.20 5.87 2/2343 23849
8.84 6.20 5.87 3/2343 23868
8.84 6.20 5.87 2/2343 23888
8.84 6.20 5.87 1/2343 23908
8.84 6.20 5.87 6/2343 23928
8.94 6.26 5.89 3/2343 23948
8.94 6.26 5.89 6/2343 23968
8.94 6.26 5.89 2/2343 23987
8.94 6.26 5.89 3/2343 24007
8.94 6.26 5.89 9/2343 24028
8.94 6.31 5.91 3/2343 24047
8.94 6.31 5.91 1/2343 24067
8.94 6.31 5.91 8/2343 24087
8.94 6.31 5.91 1/2343 24106
8.71 6.30 5.91 2/2343 24127
8.71 6.30 5.91 5/2343 24147
8.71 6.30 5.91 2/2343 24166
8.71 6.30 5.91 5/2343 24186
8.71 6.30 5.91 8/2342 24206
8.71 6.30 5.91 4/2342 24225
8.97 6.40 5.94 1/2342 24245
8.97 6.40 5.94 6/2342 24265
8.97 6.40 5.94 5/2342 24284
8.97 6.40 5.94 3/2341 24304
8.97 6.40 5.94 2/2341 24324
9.21 6.49 5.98 4/2341 24344
9.21 6.49 5.98 2/2341 24364
9.21 6.49 5.98 3/2341 24384
9.21 6.49 5.98 1/2341 24403
9.21 6.49 5.98 3/2341 24423
9.04 6.50 5.98 2/2341 24443
9.04 6.50 5.98 5/2341 24462
9.04 6.50 5.98 2/2338 24484
9.04 6.50 5.98 4/2338 24504
9.04 6.50 5.98 7/2338 24523
8.87 6.51 5.99 2/2338 24543
8.87 6.51 5.99 7/2338 24564
8.87 6.51 5.99 2/2338 24583
8.87 6.51 5.99 1/2338 24603
8.87 6.51 5.99 1/2332 24623
8.88 6.55 6.00 4/2332 24642
8.88 6.55 6.00 2/2332 24662
8.88 6.55 6.00 6/2332 24682
8.88 6.55 6.00 6/2331 24701
8.88 6.55 6.00 4/2330 24721
9.13 6.64 6.04 5/2330 24741
9.13 6.64 6.04 1/2330 24760
9.13 6.64 6.04 6/2330 24781
9.13 6.64 6.04 3/2330 24801
9.13 6.64 6.04 3/2330 24820
8.88 6.63 6.04 1/2330 24840
8.88 6.63 6.04 2/2330 24860
8.88 6.63 6.04 3/2330 24879
8.88 6.63 6.04 1/2330 24899
8.88 6.63 6.04 1/2330 24919
8.81 6.65 6.05 4/2330 24938
8.81 6.65 6.05 8/2330 24958
8.81 6.65 6.05 2/2330 24978
8.81 6.65 6.05 2/2330 24998
8.81 6.65 6.05 4/2330 25018
8.99 6.73 6.07 3/2330 25038
8.99 6.73 6.07 4/2330 25057
8.99 6.73 6.07 2/2330 25077
8.99 6.73 6.07 3/2306 25097
8.99 6.73 6.07 3/2281 25116
8.75 6.71 6.07 3/2281 25136
8.75 6.71 6.07 2/2280 25156
8.75 6.71 6.07 3/2280 25175
8.75 6.71 6.07 3/2280 25195
8.75 6.71 6.07 3/2279 25216
8.85 6.77 6.09 4/2279 25235
8.85 6.77 6.09 3/2279 25255
8.85 6.77 6.09 3/2279 25275
8.85 6.77 6.09 3/2279 25294
8.85 6.77 6.09 4/2279 25314
8.78 6.79 6.10 6/2278 25334
8.78 6.79 6.10 1/2278 25353
8.78 6.79 6.10 2/2278 25373
8.78 6.79 6.10 2/2278 25393
8.78 6.79 6.10 2/2278 25412
8.56 6.78 6.10 1/2278 25433
8.56 6.78 6.10 3/2278 25453
8.56 6.78 6.10 4/2278 25472
8.56 6.78 6.10 2/2278 25492
8.56 6.78 6.10 1/2278 25512
8.43 6.78 6.11 5/2278 25531
8.43 6.78 6.11 8/2278 25551
8.43 6.78 6.11 3/2278 25571
8.43 6.78 6.11 7/2278 25590
8.43 6.78 6.11 4/2278 25611
8.56 6.83 6.13 4/2278 25631
8.56 6.83 6.13 7/2278 25651
8.56 6.83 6.13 1/2278 25671
8.56 6.83 6.13 7/2278 25691
8.56 6.83 6.13 5/2278 25710
8.35 6.82 6.13 1/2278 25730
8.35 6.82 6.13 5/2278 25750
8.35 6.82 6.13 5/2278 25769
8.35 6.82 6.13 2/2278 25789
8.35 6.82 6.13 3/2278 25809
8.64 6.91 6.16 4/2277 25828
8.64 6.91 6.16 7/2277 25849
8.64 6.91 6.16 5/2277 25869
8.64 6.91 6.16 1/2277 25888
8.64 6.91 6.16 6/2277 25908
8.75 6.96 6.18 5/2277 25928
8.75 6.96 6.18 2/2277 25947
8.75 6.96 6.18 7/2277 25967
8.75 6.96 6.18 1/2277 25987
8.75 6.96 6.18 4/2277 26006
9.01 7.04 6.21 3/2278 26026
9.01 7.04 6.21 12/2278 26047
9.01 7.04 6.21 1/2278 26067
9.01 7.04 6.21 3/2277 26087
9.01 7.04 6.21 6/2277 26107
8.85 7.04 6.22 3/2277 26126
8.85 7.04 6.22 3/2277 26146
8.85 7.04 6.22 3/2277 26166
8.85 7.04 6.22 1/2277 26185
8.85 7.04 6.22 6/2277 26205
8.94 7.09 6.24 6/2277 26225
8.94 7.09 6.24 4/2277 26244
8.94 7.09 6.24 2/2277 26264
8.94 7.09 6.24 2/2277 26285
8.94 7.09 6.24 2/2277 26304
9.03 7.14 6.26 4/2277 26324
9.03 7.14 6.26 3/2277 26344
9.03 7.14 6.26 3/2277 26363
9.03 7.14 6.26 1/2277 26383
9.03 7.14 6.26 4/2277 26403
9.19 7.20 6.28 4/2277 26422
9.19 7.20 6.28 3/2277 26442
9.19 7.20 6.28 5/2277 26462
9.19 7.20 6.28 1/2277 26481
9.19 7.20 6.28 1/2277 26502
9.97 7.40 6.35 5/2276 26522
9.97 7.40 6.35 1/2276 26541
9.97 7.40 6.35 8/2276 26561
9.97 7.40 6.35 6/2276 26581
9.97 7.40 6.35 1/2276 26600
10.14 7.47 6.38 1/2276 26620
10.14 7.47 6.38 5/2276 26640
10.14 7.47 6.38 1/2276 26659
10.14 7.47 6.38 3/2276 26679
10.14 7.47 6.38 3/2276 26699
10.05 7.50 6.40 1/2276 26719
10.05 7.50 6.40 11/2274 26739
10.05 7.50 6.40 3/2274 26760
10.05 7.50 6.40 2/2274 26779
10.05 7.50 6.40 1/2274 26799
9.88 7.51 6.41 3/2274 26819
9.88 7.51 6.41 1/2274 26838
9.88 7.51 6.41 4/2274 26858
9.88 7.51 6.41 6/2274 26878
9.88 7.51 6.41 3/2274 26897
10.21 7.62 6.45 3/2274 26917
10.21 7.62 6.45 5/2274 26938
10.21 7.62 6.45 4/2274 26957
10.21 7.62 6.45 2/2274 26977
10.21 7.62 6.45 6/2274 26998
9.95 7.61 6.45 2/2274 27017
9.95 7.61 6.45 4/2274 27037
9.95 7.61 6.45 7/2272 27057
9.95 7.61 6.45 1/2272 27076
9.95 7.61 6.45 5/2272 27096
9.64 7.58 6.45 5/2272 27116
9.64 7.58 6.45 5/2272 27135
9.64 7.58 6.45 5/2270 27156
9.64 7.58 6.45 1/2269 27176
9.64 7.58 6.45 8/2269 27195
9.75 7.64 6.47 8/2269 27215
9.75 7.64 6.47 2/2269 27235
9.75 7.64 6.47 6/2269 27254
9.75 7.64 6.47 3/2269 27274
9.75 7.64 6.47 6/2269 27294
9.61 7.64 6.48 5/2269 27313
9.61 7.64 6.48 1/2269 27333
9.61 7.64 6.48 6/2269 27354
9.61 7.64 6.48 5/2269 27373
9.61 7.64 6.48 2/2269 27393
9.32 7.62 6.48 1/2269 27414
9.32 7.62 6.48 3/2269 27433
9.32 7.62 6.48 3/2269 27453
9.32 7.62 6.48 4/2269 27473
9.32 7.62 6.48 3/2269 27492
9.69 7.72 6.52 8/2269 27512
9.69 7.72 6.52 8/2269 27532
9.69 7.72 6.52 5/2269 27551
9.69 7.72 6.52 3/2269 27572
9.69 7.72 6.52 1/2269 27592
9.96 7.81 6.55 4/2269 27611
9.96 7.81 6.55 4/2269 27631
9.96 7.81 6.55 4/2269 27651
9.96 7.81 6.55 1/2269 27670
9.96 7.81 6.55 3/2269 27690
9.72 7.80 6.56 1/2269 27710
9.72 7.80 6.56 1/2269 27729
9.72 7.80 6.56 6/2268 27749
9.72 7.80 6.56 9/2268 27769
9.72 7.80 6.56 7/2268 27789
9.42 7.77 6.55 2/2269 27809
9.42 7.77 6.55 5/2268 27829
9.42 7.77 6.55 2/2268 27848
9.42 7.77 6.55 7/2268 27868
9.42 7.77 6.55 4/2268 27888
9.31 7.77 6.56 4/2268 27907
9.31 7.77 6.56 6/2268 27927
9.31 7.77 6.56 3/2268 27947
9.31 7.77 6.56 4/2268 27966
9.31 7.77 6.56 3/2268 27986
9.28 7.79 6.57 6/2268 28007
9.28 7.79 6.57 1/2268 28026
9.28 7.79 6.57 7/2269 28049
9.28 7.79 6.57 4/2269 28069
9.28 7.79 6.57 4/2269 28088
9.02 7.76 6.57 6/2269 28108
9.02 7.76 6.57 2/2269 28128
9.02 7.76 6.57 8/2269 28147
9.02 7.76 6.57 7/2266 28167
9.02 7.76 6.57 6/2266 28187
8.78 7.73 6.57 4/2265 28206
8.78 7.73 6.57 1/2265 28227
8.78 7.73 6.57 4/2265 28247
8.78 7.73 6.57 4/2265 28266
8.78 7.73 6.57 4/2265 28286
8.63 7.72 6.57 2/2265 28306
8.63 7.72 6.57 5/2266 28326
8.63 7.72 6.57 2/2266 28346
8.63 7.72 6.57 3/2266 28366
8.63 7.72 6.57 6/2266 28385
8.82 7.77 6.59 3/2267 28405
8.82 7.77 6.59 9/2266 28425
8.82 7.77 6.59 3/2266 28445
8.82 7.77 6.59 3/2267 28465
8.82 7.77 6.59 8/2266 28485
9.08 7.84 6.62 7/2269 28516
9.08 7.84 6.62 3/2268 28546
9.08 7.84 6.62 5/2268 28576
9.08 7.84 6.62 4/2268 28595
9.08 7.84 6.62 5/2268 28615
9.07 7.86 6.64 2/2268 28635
9.07 7.86 6.64 3/2268 28654
9.07 7.86 6.64 4/2268 28674
9.07 7.86 6.64 4/2268 28695
9.07 7.86 6.64 2/2268 28714
8.91 7.85 6.64 3/2268 28734
8.91 7.85 6.64 2/2269 28755
8.91 7.85 6.64 8/2269 28774
8.91 7.85 6.64 9/2269 28794
8.91 7.85 6.64 1/2269 28814
8.99 7.89 6.66 8/2269 28833
8.99 7.89 6.66 5/2269 28853
8.99 7.89 6.66 3/2269 28873
8.99 7.89 6.66 1/2269 28893
8.99 7.89 6.66 2/2269 28913
9.47 8.00 6.70 3/2269 28933
9.47 8.00 6.70 1/2269 28952
9.47 8.00 6.70 3/2269 28972
9.47 8.00 6.70 5/2269 28992
9.47 8.00 6.70 1/2269 29011
9.36 8.00 6.71 2/2269 29032
9.36 8.00 6.71 2/2269 29052
9.36 8.00 6.71 1/2269 29071
9.36 8.00 6.71 5/2270 29091
9.36 8.00 6.71 2/2267 29112
9.09 7.97 6.70 4/2267 29131
9.09 7.97 6.70 2/2267 29151
9.09 7.97 6.70 3/2267 29171
9.09 7.97 6.70 3/2267 29190
9.09 7.97 6.70 1/2268 29211
8.92 7.95 6.71 2/2268 29231
8.92 7.95 6.71 4/2268 29250
8.92 7.95 6.71 3/2268 29270
8.92 7.95 6.71 2/2269 29291
8.92 7.95 6.71 5/2267 29310
9.01 7.99 6.72 8/2267 29331
9.01 7.99 6.72 2/2267 29351
9.01 7.99 6.72 4/2267 29370
9.01 7.99 6.72 4/2267 29390
9.01 7.99 6.72 2/2267 29410
8.93 7.99 6.73 6/2267 29429
8.93 7.99 6.73 12/2267 29449
8.93 7.99 6.73 3/2267 29469
8.93 7.99 6.73 4/2267 29488
8.93 7.99 6.73 5/2267 29508
9.09 8.04 6.76 2/2266 29528
9.09 8.04 6.76 1/2266 29548
9.09 8.04 6.76 2/2266 29568
9.09 8.04 6.76 4/2266 29588
9.09 8.04 6.76 7/2266 29607
8.92 8.02 6.76 2/2264 29627
8.92 8.02 6.76 7/2264 29647
8.92 8.02 6.76 3/2264 29666
8.92 8.02 6.76 2/2265 29686
8.92 8.02 6.76 3/2264 29706
8.77 8.00 6.76 1/2263 29725
8.77 8.00 6.76 8/2264 29745
8.77 8.00 6.76 1/2263 29766
8.77 8.00 6.76 5/2263 29785
8.77 8.00 6.76 7/2263 29805
9.27 8.12 6.80 3/2263 29825
9.27 8.12 6.80 2/2263 29844
9.27 8.12 6.80 5/2263 29864
9.27 8.12 6.80 8/2263 29884
9.27 8.12 6.80 3/2263 29903
9.49 8.18 6.83 3/2263 29923
9.49 8.18 6.83 2/2263 29943
9.49 8.18 6.83 10/2263 29962
9.49 8.18 6.83 1/2263 29983
9.49 8.18 6.83 5/2263 30003
9.21 8.15 6.83 4/2263 30022
9.21 8.15 6.83 3/2263 30042
9.21 8.15 6.83 3/2263 30062
9.21 8.15 6.83 11/2263 30081
9.21 8.15 6.83 5/2262 30101
9.11 8.14 6.83 5/2262 30121
9.11 8.14 6.83 2/2262 30140
9.11 8.14 6.83 3/2262 30160
9.11 8.14 6.83 1/2262 30181
9.11 8.14 6.83 5/2262 30200
9.02 8.14 6.84 5/2262 30220
9.02 8.14 6.84 6/2262 30240
9.02 8.14 6.84 2/2262 30259
9.02 8.14 6.84 1/2262 30279
9.02 8.14 6.84 4/2262 30299
8.78 8.11 6.83 2/2259 30318
8.78 8.11 6.83 4/2260 30338
8.78 8.11 6.83 2/2259 30358
8.78 8.11 6.83 3/2259 30377
8.78 8.11 6.83 3/2259 30398
8.72 8.10 6.84 2/2259 30418
8.72 8.10 6.84 1/2259 30437
8.72 8.10 6.84 4/2259 30457
8.72 8.10 6.84 2/2259 30477
8.72 8.10 6.84 5/2259 30496
8.66 8.10 6.85 2/2259 30516
8.66 8.10 6.85 5/2259 30536
8.66 8.10 6.85 4/2259 30555
8.66 8.10 6.85 2/2258 30575
8.66 8.10 6.85 3/2257 30595
8.53 8.08 6.85 1/2257 30615
8.53 8.08 6.85 4/2257 30635
8.53 8.08 6.85 1/2257 30655
8.53 8.08 6.85 3/2257 30674
8.53 8.08 6.85 2/2257 30694
8.40 8.07 6.85 4/2257 30714
8.40 8.07 6.85 5/2257 30733
8.40 8.07 6.85 7/2257 30753
8.40 8.07 6.85 4/2257 30773
8.40 8.07 6.85 5/2257 30792
8.85 8.16 6.89 4/2257 30813
8.85 8.16 6.89 6/2257 30834
8.85 8.16 6.89 3/2257 30853
8.85 8.16 6.89 2/2257 30873
8.85 8.16 6.89 9/2257 30893
8.94 8.20 6.90 3/2257 30912
8.94 8.20 6.90 4/2258 30932
8.94 8.20 6.90 4/2257 30952
8.94 8.20 6.90 6/2257 30971
8.94 8.20 6.90 2/2258 30991
8.71 8.16 6.90 4/2257 31011
8.71 8.16 6.90 5/2257 31030
8.71 8.16 6.90 4/2257 31051
8.71 8.16 6.90 2/2257 31071
8.71 8.16 6.90 3/2257 31090
8.49 8.12 6.89 6/2257 31110
8.49 8.12 6.89 4/2257 31130
8.49 8.12 6.89 4/2257 31149
8.49 8.12 6.89 2/2258 31170
8.49 8.12 6.89 6/2258 31190
8.77 8.19 6.92 5/2258 31209
8.77 8.19 6.92 7/2258 31229
8.77 8.19 6.92 2/2258 31249
8.77 8.19 6.92 8/2258 31269
8.77 8.19 6.92 1/2258 31289
8.79 8.20 6.93 6/2258 31309
8.79 8.20 6.93 5/2258 31328
8.79 8.20 6.93 3/2258 31348
8.79 8.20 6.93 4/2258 31368
8.79 8.20 6.93 3/2258 31387
9.05 8.26 6.96 8/2258 31407
9.05 8.26 6.96 5/2258 31427
9.05 8.26 6.96 1/2258 31446
9.05 8.26 6.96 1/2258 31466
9.05 8.26 6.96 2/2258 31487
8.80 8.23 6.96 5/2258 31506
8.80 8.23 6.96 3/2258 31526
8.80 8.23 6.96 7/2258 31546
8.80 8.23 6.96 2/2258 31565
8.80 8.23 6.96 8/2259 31585
8.82 8.24 6.97 2/2264 31612
8.82 8.24 6.97 5/2264 31631
8.82 8.24 6.97 9/2264 31653
8.82 8.24 6.97 4/2264 31673
8.82 8.24 6.97 2/2264 31693
8.67 8.22 6.97 8/2264 31713
8.67 8.22 6.97 6/2264 31733
8.67 8.22 6.97 3/2264 31752
8.67 8.22 6.97 1/2264 31772
8.67 8.22 6.97 3/2264 31792
8.78 8.25 6.98 1/2264 31811
8.78 8.25 6.98 4/2264 31831
8.78 8.25 6.98 1/2264 31851
8.78 8.25 6.98 7/2264 31870
8.78 8.25 6.98 2/2264 31890
8.96 8.29 7.01 2/2264 31911
8.96 8.29 7.01 2/2264 31930
8.96 8.29 7.01 3/2264 31950
8.96 8.29 7.01 1/2264 31970
8.96 8.29 7.01 1/2264 31989
9.04 8.32 7.02 5/2264 32010
9.04 8.32 7.02 11/2267 32035
9.04 8.32 7.02 1/2267 32054
9.04 8.32 7.02 3/2264 32074
9.04 8.32 7.02 2/2265 32095
9.36 8.40 7.05 2/2265 32114
9.36 8.40 7.05 1/2265 32135
9.36 8.40 7.05 2/2265 32155
9.36 8.40 7.05 8/2265 32174
9.36 8.40 7.05 10/2266 32194
9.49 8.44 7.08 4/2265 32214
9.49 8.44 7.08 7/2265 32233
9.49 8.44 7.08 3/2266 32253
9.49 8.44 7.08 6/2265 32273
9.49 8.44 7.08 3/2265 32292
9.37 8.44 7.08 1/2265 32312
9.37 8.44 7.08 4/2265 32332
9.37 8.44 7.08 5/2265 32352
9.37 8.44 7.08 3/2265 32372
9.37 8.44 7.08 5/2265 32392
9.26 8.43 7.09 5/2265 32411
9.26 8.43 7.09 3/2265 32431
9.26 8.43 7.09 4/2265 32451
9.26 8.43 7.09 4/2265 32470
9.26 8.43 7.09 2/2265 32490
9.00 8.39 7.08 5/2265 32510
9.00 8.39 7.08 4/2265 32529
9.00 8.39 7.08 1/2265 32549
9.00 8.39 7.08 6/2265 32570
9.00 8.39 7.08 2/2265 32589
8.76 8.35 7.07 12/2265 32609
8.76 8.35 7.07 2/2265 32629
8.76 8.35 7.07 7/2265 32648
8.76 8.35 7.07 5/2263 32668
8.76 8.35 7.07 3/2263 32688
8.54 8.31 7.07 1/2263 32707
8.54 8.31 7.07 3/2263 32727
8.54 8.31 7.07 2/2263 32747
8.54 8.31 7.07 1/2263 32766
8.54 8.31 7.07 2/2263 411
8.66 8.34 7.08 3/2259 507
8.66 8.34 7.08 2/2264 571
8.66 8.34 7.08 4/2265 610
8.66 8.34 7.08 4/2264 634
8.66 8.34 7.08 2/2264 672
8.76 8.37 7.10 1/2263 694
8.76 8.37 7.10 8/2263 716
8.76 8.37 7.10 3/2263 736
8.76 8.37 7.10 4/2263 806
8.76 8.37 7.10 12/2263 923
8.62 8.34 7.10 2/2264 1000
8.62 8.34 7.10 5/2264 1073
8.62 8.34 7.10 2/2264 1110
8.62 8.34 7.10 3/2264 1129
8.62 8.34 7.10 3/2264 1176
9.05 8.44 7.14 5/2264 1205
9.05 8.44 7.14 3/2264 1246
9.05 8.44 7.14 6/2264 1337
9.05 8.44 7.14 6/2264 1363
9.05 8.44 7.14 5/2264 1405
9.05 8.44 7.14 8/2264 1425
9.13 8.46 7.15 1/2264 1447
9.13 8.46 7.15 8/2265 1469
9.13 8.46 7.15 3/2265 1490
9.13 8.46 7.15 3/2265 1521
9.13 8.46 7.15 1/2265 1547
9.28 8.51 7.17 4/2265 1568
9.28 8.51 7.17 5/2265 1603
9.28 8.51 7.17 5/2265 1648
9.28 8.51 7.17 1/2265 1687
9.02 8.46 7.17 1/2265 1725
9.02 8.46 7.17 3/2265 1752
9.02 8.46 7.17 3/2266 1788
9.02 8.46 7.17 3/2265 1812
9.02 8.46 7.17 5/2265 1831
9.02 8.46 7.17 2/2266 1861
9.18 8.51 7.19 13/2265 1893
9.18 8.51 7.19 1/2265 1933
9.18 8.51 7.19 5/2265 1956
9.18 8.51 7.19 4/2265 2004
9.18 8.51 7.19 6/2265 2037
9.16 8.51 7.20 3/2265 2058
9.16 8.51 7.20 1/2265 2082
9.16 8.51 7.20 4/2265 2147
9.16 8.51 7.20 4/2265 2176
9.16 8.51 7.20 3/2266 2201
8.91 8.47 7.19 3/2266 2223
8.91 8.47 7.19 3/2266 2255
8.91 8.47 7.19 4/2266 2277
8.91 8.47 7.19 1/2266 2299
8.91 8.47 7.19 6/2266 2333
9.00 8.50 7.21 4/2266 2371
9.00 8.50 7.21 3/2266 2393
9.00 8.50 7.21 4/2266 2422
9.00 8.50 7.21 2/2266 2445
9.00 8.50 7.21 5/2266 2484
9.16 8.54 7.23 5/2266 2510
9.16 8.54 7.23 4/2266 2549
9.16 8.54 7.23 6/2266 2582
9.16 8.54 7.23 5/2266 2621
9.16 8.54 7.23 4/2266 2646
9.06 8.53 7.23 3/2266 2678
9.06 8.53 7.23 4/2266 2716
9.06 8.53 7.23 1/2266 2739
9.06 8.53 7.23 2/2266 2771
9.06 8.53 7.23 2/2266 2791
9.06 8.54 7.24 8/2266 2817
9.06 8.54 7.24 4/2266 2859
9.06 8.54 7.24 5/2266 2882
9.06 8.54 7.24 10/2266 2914
9.06 8.54 7.24 1/2266 2944
9.13 8.56 7.26 6/2266 2969
9.13 8.56 7.26 5/2266 2994
9.13 8.56 7.26 2/2266 3014
9.13 8.56 7.26 2/2266 3042
9.13 8.56 7.26 3/2266 3089
8.96 8.54 7.25 2/2266 3138
8.96 8.54 7.25 2/2266 3165
8.96 8.54 7.25 3/2266 3189
8.96 8.54 7.25 9/2266 3212
8.96 8.54 7.25 5/2265 3241
8.89 8.53 7.26 3/2264 3287
8.89 8.53 7.26 8/2264 3307
8.89 8.53 7.26 5/2264 3331
8.89 8.53 7.26 3/2264 3372
8.89 8.53 7.26 4/2264 3410
8.97 8.55 7.27 5/2264 3451
8.97 8.55 7.27 3/2264 3489
8.97 8.55 7.27 5/2264 3514
8.97 8.55 7.27 7/2264 3544
8.97 8.55 7.27 1/2264 3570
8.90 8.54 7.28 10/2264 3590
8.90 8.54 7.28 1/2264 3615
8.90 8.54 7.28 4/2264 3636
8.90 8.54 7.28 2/2264 3657
8.90 8.54 7.28 2/2264 3682
8.99 8.57 7.29 6/2264 3726
8.99 8.57 7.29 5/2264 3750
8.99 8.57 7.29 4/2264 3773
8.99 8.57 7.29 6/2264 3794
8.99 8.57 7.29 3/2264 3822
9.31 8.64 7.32 3/2264 3846
9.31 8.64 7.32 1/2264 3867
9.31 8.64 7.32 1/2264 3891
9.31 8.64 7.32 3/2264 3911
9.31 8.64 7.32 7/2264 3934
9.20 8.63 7.33 1/2264 3964
9.20 8.63 7.33 2/2264 3993
9.20 8.63 7.33 2/2264 4014
9.20 8.63 7.33 2/2264 4033
9.20 8.63 7.33 8/2264 4052
9.03 8.60 7.33 7/2264 4074
9.03 8.60 7.33 4/2264 4100
9.03 8.60 7.33 2/2264 4122
9.03 8.60 7.33 6/2264 4143
9.03 8.60 7.33 6/2265 4164
9.02 8.61 7.33 3/2265 4183
9.02 8.61 7.33 5/2265 4204
9.02 8.61 7.33 6/2265 4227
9.02 8.61 7.33 5/2265 4246
9.02 8.61 7.33 3/2265 4267
9.34 8.68 7.37 2/2260 4286
9.34 8.68 7.37 2/2260 4308
9.34 8.68 7.37 4/2260 4329
9.34 8.68 7.37 2/2260 4348
9.34 8.68 7.37 6/2260 4367
9.23 8.67 7.37 4/2259 4388
9.23 8.67 7.37 3/2259 4408
9.23 8.67 7.37 1/2259 4427
9.23 8.67 7.37 1/2259 4450
9.23 8.67 7.37 1/2259 4470
9.70 8.78 7.41 6/2261 4491
9.70 8.78 7.41 1/2261 4512
9.70 8.78 7.41 7/2261 4531
9.70 8.78 7.41 11/2261 4551
9.70 8.78 7.41 1/2261 4572
9.88 8.83 7.43 2/2261 4591
9.88 8.83 7.43 7/2261 4611
9.88 8.83 7.43 2/2261 4634
9.88 8.83 7.43 5/2261 4654
9.88 8.83 7.43 4/2261 4675
10.05 8.88 7.46 2/2261 4696
10.05 8.88 7.46 4/2261 4726
10.05 8.88 7.46 5/2261 4746
10.05 8.88 7.46 3/2261 4768
10.05 8.88 7.46 5/2261 4790
9.89 8.87 7.46 7/2261 4809
9.89 8.87 7.46 2/2261 4832
9.89 8.87 7.46 2/2261 4852
9.89 8.87 7.46 5/2261 4871
9.89 8.87 7.46 2/2261 4892
9.81 8.87 7.47 1/2262 4913
9.81 8.87 7.47 7/2262 4932
9.81 8.87 7.47 1/2262 4953
9.81 8.87 7.47 6/2262 4972
9.81 8.87 7.47 4/2262 4991
9.51 8.82 7.46 5/2262 5012
9.51 8.82 7.46 8/2262 5031
9.51 8.82 7.46 3/2263 5052
9.51 8.82 7.46 2/2263 5073
9.51 8.82 7.46 3/2263 5092
9.55 8.84 7.48 5/2263 5111
9.55 8.84 7.48 2/2263 5133
9.55 8.84 7.48 3/2263 5152
9.55 8.84 7.48 10/2263 5171
9.55 8.84 7.48 5/2263 5193
9.42 8.83 7.48 1/2263 5212
9.42 8.83 7.48 3/2263 5231
9.42 8.83 7.48 3/2263 5252
9.42 8.83 7.48 4/2263 5271
9.42 8.83 7.48 3/2263 5290
9.39 8.83 7.49 5/2263 5311
9.39 8.83 7.49 3/2263 5331
9.39 8.83 7.49 1/2263 5351
9.39 8.83 7.49 1/2263 5372
9.39 8.83 7.49 3/2263 5391
9.28 8.82 7.49 1/2263 5410
9.28 8.82 7.49 5/2263 5431
9.28 8.82 7.49 4/2263 5450
9.28 8.82 7.49 4/2263 5469
9.28 8.82 7.49 3/2263 5491
9.90 8.95 7.54 3/2263 5510
9.90 8.95 7.54 7/2263 5529
9.90 8.95 7.54 8/2263 5551
9.90 8.95 7.54 3/2263 5571
9.90 8.95 7.54 5/2263 5590
9.99 8.99 7.56 2/2263 5611
9.99 8.99 7.56 5/2263 5630
9.99 8.99 7.56 7/2263 5649
9.99 8.99 7.56 2/2263 5670
9.99 8.99 7.56 6/2263 5689
9.75 8.95 7.56 1/2263 5708
9.75 8.95 7.56 2/2263 5729
9.75 8.95 7.56 3/2263 5748
9.75 8.95 7.56 8/2263 5768
9.75 8.95 7.56 4/2263 5794
9.37 8.89 7.54 3/2263 5813
9.37 8.89 7.54 5/2263 5835
9.37 8.89 7.54 8/2263 5856
9.37 8.89 7.54 5/2263 5883
9.37 8.89 7.54 1/2263 5905
9.26 8.87 7.55 7/2263 5926
9.26 8.87 7.55 6/2263 5945
9.26 8.87 7.55 7/2262 5964
9.26 8.87 7.55 4/2262 6018
9.26 8.87 7.55 2/2262 6040
9.00 8.83 7.54 6/2262 6059
9.00 8.83 7.54 6/2262 6080
9.00 8.83 7.54 3/2262 6111
9.00 8.83 7.54 5/2263 6139
9.00 8.83 7.54 4/2263 6161
8.91 8.81 7.54 7/2263 6183
8.91 8.81 7.54 3/2263 6204
8.91 8.81 7.54 9/2263 6225
8.91 8.81 7.54 3/2263 6247
8.91 8.81 7.54 2/2263 6267
9.16 8.86 7.56 5/2263 6292
9.16 8.86 7.56 4/2263 6311
9.16 8.86 7.56 1/2263 6335
9.16 8.86 7.56 5/2262 6357
9.16 8.86 7.56 3/2262 6377
9.55 8.95 7.60 6/2262 6403
9.55 8.95 7.60 3/2262 6429
9.55 8.95 7.60 1/2263 6449
9.55 8.95 7.60 3/2263 6468
9.55 8.95 7.60 4/2263 6489
9.51 8.95 7.61 3/2263 6508
9.51 8.95 7.61 4/2263 6529
9.51 8.95 7.61 3/2263 6550
9.51 8.95 7.61 3/2263 6569
9.51 8.95 7.61 1/2263 6592
9.87 9.04 7.64 6/2263 6614
9.87 9.04 7.64 1/2263 6633
9.87 9.04 7.64 2/2263 6652
9.87 9.04 7.64 3/2263 6676
9.87 9.04 7.64 4/2263 6700
10.28 9.13 7.68 2/2263 6719
10.28 9.13 7.68 8/2263 6740
10.28 9.13 7.68 6/2263 6766
10.28 9.13 7.68 2/2263 6788
10.28 9.13 7.68 2/2263 6809
10.17 9.13 7.69 4/2263 6833
10.17 9.13 7.69 9/2263 6858
10.17 9.13 7.69 3/2263 6880
10.17 9.13 7.69 1/2263 6903
10.17 9.13 7.69 8/2263 6924
9.84 9.08 7.68 5/2263 6945
9.84 9.08 7.68 5/2263 6966
9.84 9.08 7.68 3/2263 6990
9.84 9.08 7.68 1/2263 7011
9.84 9.08 7.68 7/2263 7030
9.69 9.06 7.68 4/2265 7051
9.69 9.06 7.68 3/2265 7072
9.69 9.06 7.68 5/2265 7091
9.69 9.06 7.68 5/2265 7110
9.69 9.06 7.68 8/2265 7131
9.64 9.06 7.69 4/2265 7150
9.64 9.06 7.69 5/2265 7169
9.64 9.06 7.69 3/2265 7191
9.64 9.06 7.69 1/2265 7211
9.64 9.06 7.69 2/2265 7232
9.35 9.01 7.68 2/2266 7254
9.35 9.01 7.68 3/2266 7274
9.35 9.01 7.68 2/2266 7294
9.35 9.01 7.68 3/2266 7316
9.35 9.01 7.68 3/2265 7335
9.16 8.97 7.68 1/2265 7355
9.16 8.97 7.68 12/2265 7377
9.16 8.97 7.68 4/2265 7396
9.16 8.97 7.68 3/2265 7415
9.16 8.97 7.68 1/2265 7436
8.98 8.94 7.67 4/2265 7459
8.98 8.94 7.67 4/2265 7480
8.98 8.94 7.67 7/2265 7501
8.98 8.94 7.67 6/2265 7520
8.98 8.94 7.67 6/2265 7539
8.83 8.91 7.67 4/2265 7562
8.83 8.91 7.67 6/2265 7581
8.83 8.91 7.67 4/2265 7600
8.83 8.91 7.67 3/2265 7622
8.83 8.91 7.67 4/2265 7642
8.76 8.89 7.67 2/2265 7662
8.76 8.89 7.67 6/2265 7683
8.76 8.89 7.67 2/2265 7702
8.76 8.89 7.67 7/2265 7721
8.76 8.89 7.67 5/2265 7742
8.86 8.91 7.68 6/2265 7761
8.86 8.91 7.68 6/2265 7781
8.86 8.91 7.68 4/2265 7802
8.86 8.91 7.68 1/2265 7821
8.86 8.91 7.68 6/2265 7840
8.87 8.91 7.69 4/2265 7866
8.87 8.91 7.69 3/2265 7886
8.87 8.91 7.69 2/2266 7906
8.87 8.91 7.69 2/2266 7927
8.87 8.91 7.69 6/2266 7946
9.60 9.06 7.75 3/2266 7968
9.60 9.06 7.75 5/2266 7989
9.60 9.06 7.75 2/2266 8008
9.60 9.06 7.75 3/2266 8033
9.60 9.06 7.75 10/2266 8056
9.55 9.06 7.75 1/2266 8076
9.55 9.06 7.75 3/2266 8097
9.55 9.06 7.75 3/2266 8119
9.55 9.06 7.75 2/2266 8138
9.55 9.06 7.75 1/2266 8157
9.27 9.01 7.74 1/2264 8179
9.27 9.01 7.74 6/2264 8198
9.27 9.01 7.74 4/2264 8219
9.27 9.01 7.74 2/2264 8244
9.27 9.01 7.74 2/2264 8263
9.65 9.10 7.78 4/2263 8282
9.65 9.10 7.78 1/2263 8303
9.65 9.10 7.78 5/2263 8324
9.65 9.10 7.78 1/2263 8345
9.65 9.10 7.78 3/2263 8367
9.44 9.06 7.77 5/2263 8386
9.44 9.06 7.77 4/2263 8405
9.44 9.06 7.77 4/2263 8426
9.44 9.06 7.77 6/2263 8445
9.44 9.06 7.77 2/2263 8464
9.32 9.04 7.77 3/2263 8485
9.32 9.04 7.77 2/2263 8506
9.32 9.04 7.77 6/2263 8525
9.32 9.04 7.77 6/2263 8546
9.32 9.04 7.77 2/2263 8566
9.05 8.99 7.76 1/2263 8585
9.05 8.99 7.76 3/2263 8606
9.05 8.99 7.76 1/2263 8625
9.05 8.99 7.76 5/2263 8644
9.05 8.99 7.76 1/2263 8665
9.13 9.01 7.78 2/2263 8684
9.13 9.01 7.78 5/2263 8703
9.13 9.01 7.78 5/2263 8724
9.13 9.01 7.78 2/2263 8743
9.13 9.01 7.78 2/2263 8762
9.36 9.06 7.80 1/2263 8784
9.36 9.06 7.80 7/2263 8803
9.36 9.06 7.80 8/2263 8822
9.36 9.06 7.80 4/2263 8843
9.36 9.06 7.80 1/2263 8862
9.09 9.01 7.79 7/2263 8881
9.09 9.01 7.79 1/2263 8902
9.09 9.01 7.79 6/2263 8921
9.09 9.01 7.79 5/2263 8940
9.09 9.01 7.79 5/2263 8961
9.80 9.16 7.84 2/2263 8981
9.80 9.16 7.84 8/2262 9000
9.80 9.16 7.84 4/2262 9021
9.80 9.16 7.84 5/2262 9040
9.80 9.16 7.84 4/2262 9059
9.98 9.20 7.87 5/2262 9080
9.98 9.20 7.87 4/2262 9099
9.98 9.20 7.87 6/2262 9118
9.98 9.20 7.87 2/2262 9139
9.98 9.20 7.87 2/2262 9158
9.74 9.17 7.86 4/2262 9177
9.74 9.17 7.86 2/2262 9199
9.74 9.17 7.86 1/2262 9218
9.74 9.17 7.86 1/2262 9237
9.74 9.17 7.86 1/2262 9258
9.36 9.10 7.85 2/2262 9277
9.36 9.10 7.85 3/2262 9296
9.36 9.10 7.85 2/2262 9317
9.36 9.10 7.85 2/2263 9337
9.36 9.10 7.85 4/2265 9358
9.41 9.11 7.86 4/2265 9379
9.41 9.11 7.86 8/2265 9399
9.41 9.11 7.86 6/2265 9420
9.41 9.11 7.86 1/2265 9441
9.41 9.11 7.86 8/2265 9460
9.22 9.08 7.85 4/2265 9479
9.22 9.08 7.85 3/2265 9500
9.22 9.08 7.85 6/2265 9519
9.22 9.08 7.85 9/2265 9538
9.22 9.08 7.85 2/2265 9559
8.96 9.03 7.84 5/2265 9578
8.96 9.03 7.84 1/2265 9597
8.96 9.03 7.84 8/2265 9618
8.96 9.03 7.84 3/2265 9638
8.96 9.03 7.84 2/2265 9657
8.88 9.01 7.84 2/2266 9678
8.88 9.01 7.84 3/2265 9697
8.88 9.01 7.84 6/2265 9716
8.88 9.01 7.84 2/2265 9737
8.88 9.01 7.84 6/2265 9756
8.81 8.99 7.84 3/2265 9775
8.81 8.99 7.84 2/2265 9796
8.81 8.99 7.84 3/2265 9815
8.81 8.99 7.84 5/2265 9834
8.81 8.99 7.84 2/2265 9856
8.75 8.98 7.85 6/2265 9875
8.75 8.98 7.85 1/2265 9894
8.75 8.98 7.85 3/2265 9915
8.75 8.98 7.85 1/2265 9934
8.75 8.98 7.85 4/2265 9953
8.61 8.94 7.84 5/2265 9974
8.61 8.94 7.84 5/2265 9993
8.61 8.94 7.84 2/2265 10012
8.61 8.94 7.84 7/2265 10033
8.61 8.94 7.84 3/2265 10052
8.72 8.96 7.85 2/2265 10072
8.72 8.96 7.85 8/2265 10093
8.72 8.96 7.85 3/2265 10112
8.72 8.96 7.85 1/2265 10131
8.72 8.96 7.85 4/2265 10152
8.50 8.91 7.84 3/2265 10171
8.50 8.91 7.84 5/2265 10190
8.50 8.91 7.84 3/2265 10211
8.50 8.91 7.84 4/2265 10230
8.50 8.91 7.84 4/2265 10249
8.94 9.00 7.88 9/2266 10270
8.94 9.00 7.88 6/2265 10290
8.94 9.00 7.88 1/2265 10309
8.94 9.00 7.88 3/2265 10330
8.94 9.00 7.88 7/2265 10349
9.03 9.01 7.89 2/2265 10368
9.03 9.01 7.89 1/2265 10389
9.03 9.01 7.89 7/2265 10408
9.03 9.01 7.89 4/2265 10427
9.03 9.01 7.89 1/2265 10448
9.10 9.03 7.90 3/2265 10467
9.10 9.03 7.90 4/2265 10487
9.10 9.03 7.90 1/2265 10508
9.10 9.03 7.90 2/2265 10527
9.10 9.03 7.90 2/2265 10546
9.02 9.01 7.90 5/2265 10567
9.02 9.01 7.90 2/2265 10586
9.02 9.01 7.90 2/2265 10605
9.02 9.01 7.90 4/2265 10626
9.02 9.01 7.90 2/2265 10645
8.85 8.98 7.89 10/2265 10664
8.85 8.98 7.89 3/2265 10685
8.85 8.98 7.89 4/2265 10705
8.85 8.98 7.89 7/2262 10724
8.85 8.98 7.89 6/2262 10745
8.87 8.98 7.90 2/2262 10764
8.87 8.98 7.90 2/2262 10783
8.87 8.98 7.90 5/2262 10804
8.87 8.98 7.90 2/2262 10823
8.87 8.98 7.90 5/2262 10842
8.64 8.93 7.89 4/2262 10863
8.64 8.93 7.89 4/2264 10884
8.64 8.93 7.89 5/2264 10903
8.64 8.93 7.89 9/2265 10925
8.64 8.93 7.89 3/2264 10944
8.58 8.91 7.89 2/2264 10963
8.58 8.91 7.89 2/2264 10984
8.58 8.91 7.89 8/2264 11003
8.58 8.91 7.89 2/2264 11022
8.58 8.91 7.89 3/2264 11043
8.78 8.95 7.91 5/2265 11063
8.78 8.95 7.91 4/2265 11082
8.78 8.95 7.91 2/2265 11103
8.78 8.95 7.91 3/2265 11122
8.78 8.95 7.91 5/2265 11142
8.96 8.98 7.93 3/2265 11163
8.96 8.98 7.93 1/2265 11182
8.96 8.98 7.93 2/2265 11201
8.96 8.98 7.93 1/2265 11222
8.96 8.98 7.93 1/2265 11242
9.60 9.12 7.97 7/2265 11261
9.60 9.12 7.97 3/2265 11282
9.60 9.12 7.97 2/2265 11301
9.60 9.12 7.97 1/2265 11320
9.60 9.12 7.97 1/2265 11341
9.55 9.11 7.98 12/2265 11361
9.55 9.11 7.98 11/2265 11380
9.55 9.11 7.98 2/2265 11401
9.55 9.11 7.98 4/2265 11420
9.55 9.11 7.98 3/2265 11439
9.67 9.15 8.00 1/2265 11460
9.67 9.15 8.00 1/2265 11479
9.67 9.15 8.00 6/2265 11498
9.67 9.15 8.00 4/2266 11519
9.67 9.15 8.00 5/2265 11538
9.46 9.11 7.99 1/2265 11557
9.46 9.11 7.99 7/2265 11579
9.46 9.11 7.99 6/2265 11598
9.46 9.11 7.99 4/2265 11617
9.46 9.11 7.99 5/2265 11638
9.42 9.11 8.00 5/2265 11657
9.42 9.11 8.00 2/2265 11678
9.42 9.11 8.00 1/2265 11699
9.42 9.11 8.00 5/2265 11718
9.42 9.11 8.00 6/2265 11737
9.14 9.06 7.99 2/2265 11758
9.14 9.06 7.99 9/2265 11777
9.14 9.06 7.99 8/2265 11797
9.14 9.06 7.99 3/2265 11818
9.14 9.06 7.99 3/2265 11837
9.29 9.09 8.00 1/2266 11857
9.29 9.09 8.00 4/2266 11878
9.29 9.09 8.00 4/2266 11897
9.29 9.09 8.00 3/2266 11916
9.29 9.09 8.00 3/2266 11937
9.27 9.09 8.01 4/2266 11956
9.27 9.09 8.01 2/2266 11975
9.27 9.09 8.01 4/2266 11997
9.27 9.09 8.01 5/2266 12016
9.27 9.09 8.01 4/2266 12035
9.33 9.10 8.02 9/2266 12056
9.33 9.10 8.02 5/2266 12075
9.33 9.10 8.02 1/2266 12094
9.33 9.10 8.02 6/2267 12115
9.33 9.10 8.02 1/2266 12134
9.38 9.12 8.03 2/2266 12153
9.38 9.12 8.03 6/2267 12174
9.38 9.12 8.03 3/2266 12193
9.38 9.12 8.03 10/2266 12213
9.38 9.12 8.03 4/2266 12234
9.67 9.18 8.06 7/2266 12253
9.67 9.18 8.06 2/2266 12272
9.67 9.18 8.06 1/2266 12293
9.67 9.18 8.06 4/2266 12312
9.67 9.18 8.06 1/2266 12331
9.46 9.15 8.05 8/2266 12352
9.46 9.15 8.05 1/2266 12371
9.46 9.15 8.05 1/2266 12390
9.46 9.15 8.05 1/2266 12413
9.46 9.15 8.05 3/2266 12434
9.18 9.09 8.04 4/2266 12453
9.18 9.09 8.04 4/2266 12474
9.18 9.09 8.04 6/2266 12493
9.18 9.09 8.04 5/2266 12512
9.18 9.09 8.04 2/2266 12533
9.09 9.07 8.04 4/2265 12552
9.09 9.07 8.04 1/2265 12571
9.09 9.07 8.04 1/2265 12592
9.09 9.07 8.04 3/2265 12611
9.09 9.07 8.04 2/2265 12630
9.09 9.07 8.04 1/2265 12652
9.32 9.12 8.06 4/2265 12671
9.32 9.12 8.06 5/2265 12690
9.32 9.12 8.06 10/2265 12711
9.32 9.12 8.06 10/2265 12730
9.13 9.09 8.06 7/2265 12749
9.13 9.09 8.06 5/2266 12770
9.13 9.09 8.06 7/2265 12789
9.13 9.09 8.06 4/2265 12808
9.13 9.09 8.06 12/2271 12836
9.13 9.09 8.06 2/2271 12855
9.04 9.07 8.05 4/2271 12875
9.04 9.07 8.05 1/2271 12896
9.04 9.07 8.05 3/2271 12915
9.04 9.07 8.05 4/2271 12934
9.04 9.07 8.05 3/2271 12955
8.96 9.05 8.05 3/2271 12974
8.96 9.05 8.05 1/2271 12993
8.96 9.05 8.05 4/2271 13014
8.96 9.05 8.05 1/2271 13033
8.96 9.05 8.05 4/2271 13052
8.88 9.03 8.05 5/2271 13073
8.88 9.03 8.05 3/2271 13093
8.88 9.03 8.05 2/2271 13112
8.88 9.03 8.05 3/2271 13133
8.88 9.03 8.05 6/2274 13156
8.73 9.00 8.05 4/2274 13175
8.73 9.00 8.05 3/2274 13196
8.73 9.00 8.05 5/2274 13215
8.73 9.00 8.05 1/2274 13234
8.73 9.00 8.05 2/2274 13255
9.07 9.07 8.07 2/2272 13274
9.07 9.07 8.07 4/2272 13294
9.07 9.07 8.07 9/2272 13315
9.07 9.07 8.07 8/2272 13334
9.07 9.07 8.07 5/2272 13353
9.07 9.06 8.08 6/2273 13374
9.07 9.06 8.08 5/2272 13393
9.07 9.06 8.08 10/2269 13412
9.07 9.06 8.08 6/2270 13433
9.07 9.06 8.08 5/2269 13452
8.98 9.05 8.08 1/2269 13471
8.98 9.05 8.08 3/2269 13492
8.98 9.05 8.08 1/2269 13512
8.98 9.05 8.08 1/2269 13531
8.98 9.05 8.08 5/2269 13552
9.22 9.10 8.10 13/2269 13571
9.22 9.10 8.10 10/2269 13590
9.22 9.10 8.10 5/2269 13611
9.22 9.10 8.10 7/2269 13630
9.22 9.10 8.10 8/2269 13649
9.13 9.08 8.10 4/2269 13670
9.13 9.08 8.10 9/2269 13689
9.13 9.08 8.10 5/2269 13708
9.13 9.08 8.10 1/2269 13730
9.13 9.08 8.10 2/2269 13749
8.87 9.03 8.09 5/2269 13768
8.87 9.03 8.09 3/2269 13789
8.87 9.03 8.09 6/2269 13808
8.87 9.03 8.09 9/2269 13827
8.87 9.03 8.09 3/2269 13848
8.72 8.99 8.08 2/2269 13867
8.72 8.99 8.08 11/2269 13886
8.72 8.99 8.08 5/2269 13907
8.72 8.99 8.08 1/2269 13926
8.72 8.99 8.08 9/2269 13946
8.59 8.96 8.08 4/2269 13967
8.59 8.96 8.08 4/2269 13986
8.59 8.96 8.08 2/2269 14005
8.59 8.96 8.08 5/2266 14026
8.59 8.96 8.08 4/2265 14045
8.46 8.93 8.07 3/2265 14064
8.46 8.93 8.07 4/2263 14085
8.46 8.93 8.07 5/2263 14104
8.46 8.93 8.07 3/2262 14123
8.46 8.93 8.07 5/2262 14144
8.50 8.93 8.08 6/2262 14164
8.50 8.93 8.08 2/2262 14183
8.50 8.93 8.08 5/2262 14204
8.50 8.93 8.08 3/2262 14224
8.50 8.93 8.08 3/2262 14243
8.54 8.93 8.08 2/2262 14264
8.54 8.93 8.08 2/2262 14283
8.54 8.93 8.08 1/2262 14302
8.54 8.93 8.08 4/2262 14323
8.54 8.93 8.08 4/2262 14342
8.90 9.00 8.11 1/2262 14361
8.90 9.00 8.11 2/2262 14383
8.90 9.00 8.11 2/2262 14402
8.90 9.00 8.11 4/2262 14421
8.90 9.00 8.11 1/2262 14442
8.67 8.95 8.10 7/2262 14461
8.67 8.95 8.10 3/2262 14480
8.67 8.95 8.10 10/2262 14501
8.67 8.95 8.10 12/2262 14520
8.67 8.95 8.10 8/2262 14539
8.77 8.97 8.11 2/2262 14560
8.77 8.97 8.11 4/2262 14579
8.77 8.97 8.11 6/2262 14599
8.77 8.97 8.11 4/2263 14620
8.77 8.97 8.11 2/2262 14639
8.95 9.00 8.12 3/2262 14658
8.95 9.00 8.12 5/2263 14679
8.95 9.00 8.12 3/2262 14698
8.95 9.00 8.12 5/2262 14717
8.95 9.00 8.12 5/2262 14738
8.72 8.95 8.11 4/2262 14757
8.72 8.95 8.11 11/2262 14776
8.72 8.95 8.11 5/2262 14797
8.72 8.95 8.11 1/2262 14817
8.72 8.95 8.11 4/2262 14836
8.74 8.95 8.12 4/2262 14857
8.74 8.95 8.12 3/2262 14876
8.74 8.95 8.12 3/2262 14895
8.74 8.95 8.12 3/2262 14916
8.74 8.95 8.12 1/2262 14935
8.84 8.97 8.13 1/2262 14954
8.84 8.97 8.13 2/2262 14975
8.84 8.97 8.13 3/2263 14995
8.84 8.97 8.13 6/2263 15014
8.84 8.97 8.13 3/2263 15036
8.77 8.95 8.12 1/2263 15055
8.77 8.95 8.12 2/2263 15074
8.77 8.95 8.12 2/2263 15095
8.77 8.95 8.12 3/2263 15114
8.77 8.95 8.12 1/2263 15133
8.55 8.90 8.11 7/2263 15154
8.55 8.90 8.11 1/2263 15173
8.55 8.90 8.11 3/2263 15192
8.55 8.90 8.11 7/2263 15213
8.55 8.90 8.11 6/2263 15233
8.59 8.90 8.12 3/2263 15254
8.59 8.90 8.12 6/2264 15275
8.59 8.90 8.12 5/2261 15294
8.59 8.90 8.12 1/2261 15313
8.59 8.90 8.12 3/2261 15334
8.54 8.89 8.12 1/2261 15353
8.54 8.89 8.12 6/2261 15372
8.54 8.89 8.12 3/2259 15393
8.54 8.89 8.12 5/2259 15412
8.54 8.89 8.12 9/2259 15431
8.50 8.87 8.12 3/2259 15453
8.50 8.87 8.12 2/2259 15472
8.50 8.87 8.12 4/2259 15491
8.50 8.87 8.12 3/2259 15512
8.50 8.87 8.12 4/2259 15531
8.94 8.96 8.15 3/2259 15550
8.94 8.96 8.15 2/2259 15571
8.94 8.96 8.15 7/2259 15590
8.94 8.96 8.15 6/2259 15610
8.94 8.96 8.15 8/2259 15631
9.34 9.04 8.18 6/2259 15650
9.34 9.04 8.18 2/2259 15670
9.34 9.04 8.18 3/2259 15691
9.34 9.04 8.18 15/2267 15726
9.34 9.04 8.18 5/2269 15758
9.23 9.03 8.18 9/2267 15787
9.23 9.03 8.18 3/2266 15816
9.23 9.03 8.18 6/2266 15845
9.23 9.03 8.18 8/2266 15868
9.23 9.03 8.18 4/2266 15887
8.97 8.98 8.17 1/2266 15906
8.97 8.98 8.17 9/2267 15927
8.97 8.98 8.17 1/2266 15947
8.97 8.98 8.17 3/2266 15966
8.97 8.98 8.17 3/2267 15987
8.90 8.96 8.17 5/2266 16006
8.90 8.96 8.17 3/2266 16025
8.90 8.96 8.17 9/2266 16046
8.90 8.96 8.17 7/2266 16065
8.90 8.96 8.17 2/2266 16084
8.74 8.93 8.16 3/2266 16105
8.74 8.93 8.16 5/2266 16124
8.74 8.93 8.16 3/2266 16143
8.74 8.93 8.16 3/2266 16165
8.74 8.93 8.16 1/2266 16184
8.68 8.91 8.16 4/2266 16203
8.68 8.91 8.16 1/2266 16224
8.68 8.91 8.16 4/2266 16243
8.68 8.91 8.16 3/2266 16262
8.68 8.91 8.16 10/2266 16283
8.71 8.91 8.16 6/2266 16302
8.71 8.91 8.16 2/2266 16321
8.71 8.91 8.16 9/2266 16342
8.71 8.91 8.16 5/2266 16361
8.71 8.91 8.16 2/2266 16381
8.49 8.86 8.15 5/2266 16402
8.49 8.86 8.15 6/2266 16421
8.49 8.86 8.15 5/2266 16440
8.49 8.86 8.15 5/2266 16460
8.49 8.86 8.15 2/2266 16480
8.37 8.83 8.15 10/2266 16499
8.37 8.83 8.15 5/2266 16519
8.37 8.83 8.15 13/2266 16539
8.37 8.83 8.15 4/2264 16558
8.37 8.83 8.15 5/2265 16579
8.82 8.92 8.18 6/2264 16599
8.82 8.92 8.18 3/2264 16618
8.82 8.92 8.18 3/2264 16639
8.82 8.92 8.18 4/2264 16658
8.82 8.92 8.18 4/2264 16677
9.00 8.95 8.19 4/2264 16697
9.00 8.95 8.19 1/2265 16718
9.00 8.95 8.19 12/2265 16737
9.00 8.95 8.19 10/2265 16757
9.00 8.95 8.19 4/2265 16777
8.76 8.90 8.18 4/2265 16796
8.76 8.90 8.18 3/2265 16818
8.76 8.90 8.18 3/2265 16837
8.76 8.90 8.18 3/2265 16856
8.76 8.90 8.18 8/2265 16876
9.18 8.99 8.21 11/2265 16896
9.18 8.99 8.21 4/2265 16915
9.18 8.99 8.21 5/2265 16935
9.18 8.99 8.21 1/2262 16955
9.18 8.99 8.21 5/2259 16974
9.40 9.04 8.23 9/2259 16994
9.40 9.04 8.23 6/2259 17015
9.40 9.04 8.23 10/2259 17034
9.40 9.04 8.23 5/2259 17054
9.40 9.04 8.23 1/2258 17076
9.13 8.99 8.22 7/2258 17095
9.13 8.99 8.22 3/2258 17116
9.13 8.99 8.22 7/2258 17135
9.13 8.99 8.22 8/2258 17154
9.13 8.99 8.22 6/2258 17174
8.88 8.94 8.21 11/2258 17194
8.88 8.94 8.21 8/2258 17213
8.88 8.94 8.21 2/2258 17234
8.88 8.94 8.21 8/2258 17254
8.88 8.94 8.21 3/2258 17273
8.73 8.91 8.20 4/2258 17293
8.73 8.91 8.20 4/2258 17313
8.73 8.91 8.20 1/2258 17332
8.73 8.91 8.20 6/2258 17352
8.73 8.91 8.20 3/2258 17372
8.67 8.89 8.20 6/2258 17391
8.67 8.89 8.20 3/2258 17411
8.67 8.89 8.20 2/2258 17431
8.67 8.89 8.20 4/2258 17452
8.67 8.89 8.20 6/2258 17472
8.46 8.84 8.19 1/2258 17492
8.46 8.84 8.19 5/2258 17511
8.46 8.84 8.19 7/2258 17531
8.46 8.84 8.19 4/2258 17551
8.46 8.84 8.19 1/2258 17570
8.50 8.85 8.19 1/2258 17590
8.50 8.85 8.19 1/2258 17610
8.50 8.85 8.19 8/2258 17629
8.50 8.85 8.19 3/2258 17649
8.50 8.85 8.19 1/2258 17670
8.70 8.88 8.21 9/2258 17689
8.70 8.88 8.21 4/2258 17709
8.70 8.88 8.21 5/2258 17729
8.70 8.88 8.21 2/2258 17748
8.70 8.88 8.21 2/2258 17768
8.48 8.83 8.20 4/2258 17788
8.48 8.83 8.20 5/2258 17807
8.48 8.83 8.20 1/2258 17827
8.48 8.83 8.20 9/2258 17847
8.48 8.83 8.20 11/2258 17866
8.93 8.92 8.23 3/2257 17887
8.93 8.92 8.23 6/2257 17907
8.93 8.92 8.23 3/2257 17926
8.93 8.92 8.23 18/2257 17946
8.93 8.92 8.23 4/2257 17966
9.01 8.94 8.24 3/2257 17985
9.01 8.94 8.24 5/2257 18005
9.01 8.94 8.24 3/2257 18025
9.01 8.94 8.24 6/2257 18044
9.01 8.94 8.24 11/2257 18064
8.85 8.91 8.23 4/2257 18084
8.85 8.91 8.23 2/2257 18104
8.85 8.91 8.23 9/2257 18124
8.85 8.91 8.23 13/2257 18144
8.85 8.91 8.23 4/2257 18163
8.62 8.86 8.22 2/2257 18183
8.62 8.86 8.22 2/2257 18203
8.62 8.86 8.22 1/2257 18222
8.62 8.86 8.22 2/2257 18242
8.62 8.86 8.22 7/2257 18263
8.57 8.84 8.22 3/2257 18282
8.57 8.84 8.22 13/2257 18305
8.57 8.84 8.22 3/2257 18325
8.57 8.84 8.22 1/2257 18345
8.57 8.84 8.22 4/2257 18365
8.45 8.81 8.21 3/2257 18385
8.45 8.81 8.21 4/2256 18404
8.45 8.81 8.21 5/2256 18424
8.45 8.81 8.21 2/2255 18444
8.45 8.81 8.21 5/2255 18463
8.33 8.78 8.20 4/2255 18484
8.33 8.78 8.20 6/2255 18504
8.33 8.78 8.20 4/2255 18524
8.33 8.78 8.20 12/2255 18544
8.33 8.78 8.20 4/2255 18564
8.54 8.82 8.22 4/2255 18584
8.54 8.82 8.22 8/2255 18604
8.54 8.82 8.22 4/2255 18624
8.54 8.82 8.22 9/2255 18644
8.54 8.82 8.22 6/2255 18664
8.90 8.89 8.24 6/2255 18684
8.90 8.89 8.24 1/2255 18703
8.90 8.89 8.24 5/2255 18727
8.90 8.89 8.24 6/2255 18751
8.90 8.89 8.24 2/2255 18771
8.83 8.87 8.24 6/2255 18791
8.83 8.87 8.24 3/2255 18811
8.83 8.87 8.24 2/2255 18830
8.83 8.87 8.24 1/2255 18850
8.83 8.87 8.24 3/2255 18870
9.00 8.91 8.26 2/2255 18892
9.00 8.91 8.26 7/2255 18912
9.00 8.91 8.26 5/2255 18932
9.00 8.91 8.26 5/2255 18951
9.00 8.91 8.26 9/2256 18972
9.24 8.96 8.28 4/2255 18992
9.24 8.96 8.28 5/2255 19011
9.24 8.96 8.28 6/2255 19031
9.24 8.96 8.28 10/2255 19051
9.24 8.96 8.28 1/2255 19070
9.14 8.95 8.28 5/2255 19090
9.14 8.95 8.28 2/2255 19110
9.14 8.95 8.28 2/2255 19129
9.14 8.95 8.28 2/2255 19149
9.14 8.95 8.28 6/2255 19171
8.89 8.90 8.26 3/2255 19191
8.89 8.90 8.26 4/2255 19211
8.89 8.90 8.26 3/2254 19231
8.89 8.90 8.26 1/2254 19250
8.89 8.90 8.26 4/2254 19272
8.90 8.90 8.27 5/2254 19295
8.90 8.90 8.27 3/2254 19315
8.90 8.90 8.27 7/2254 19335
8.90 8.90 8.27 7/2254 19356
8.90 8.90 8.27 2/2254 19375
8.83 8.88 8.27 1/2254 19395
8.83 8.88 8.27 3/2254 19417
8.83 8.88 8.27 13/2254 19437
8.83 8.88 8.27 9/2254 19458
8.83 8.88 8.27 4/2254 19479
9.08 8.93 8.29 2/2254 19500
9.08 8.93 8.29 3/2254 19522
9.08 8.93 8.29 1/2254 19542
9.08 8.93 8.29 12/2254 19561
9.08 8.93 8.29 1/2254 19583
8.84 8.89 8.27 2/2254 19603
8.84 8.89 8.27 2/2254 19622
8.84 8.89 8.27 5/2254 19643
8.84 8.89 8.27 5/2255 19664
8.84 8.89 8.27 7/2255 19685
8.69 8.85 8.27 7/2255 19706
8.69 8.85 8.27 6/2255 19726
8.69 8.85 8.27 7/2255 19760
8.69 8.85 8.27 6/2255 19834
8.69 8.85 8.27 7/2255 19865
8.71 8.86 8.27 1/2255 19894
8.71 8.86 8.27 5/2255 19914
8.71 8.86 8.27 4/2255 19938
8.71 8.86 8.27 4/2255 19957
8.71 8.86 8.27 4/2255 19978
9.30 8.97 8.31 1/2255 19998
9.30 8.97 8.31 4/2255 20024
9.30 8.97 8.31 8/2255 20046
9.30 8.97 8.31 5/2255 20067
9.30 8.97 8.31 3/2255 20090
9.27 8.98 8.32 5/2255 20110
9.27 8.98 8.32 4/2255 20130
9.27 8.98 8.32 10/2255 20149
9.27 8.98 8.32 4/2255 20173
9.27 8.98 8.32 10/2255 20193
9.01 8.93 8.30 2/2255 20212
9.01 8.93 8.30 3/2255 20232
9.01 8.93 8.30 3/2255 20252
9.01 8.93 8.30 1/2255 20271
9.01 8.93 8.30 5/2255 20291
9.33 8.99 8.33 5/2255 20311
9.33 8.99 8.33 2/2255 20330
9.33 8.99 8.33 8/2255 20350
9.33 8.99 8.33 6/2254 20370
9.33 8.99 8.33 2/2254 20390
9.30 8.99 8.33 4/2254 20410
9.30 8.99 8.33 5/2254 20430
9.30 8.99 8.33 4/2254 20449
9.30 8.99 8.33 6/2253 20469
9.30 8.99 8.33 3/2253 20489
9.04 8.94 8.32 5/2253 20508
9.04 8.94 8.32 8/2253 20528
9.04 8.94 8.32 3/2253 20548
9.04 8.94 8.32 10/2253 20567
9.04 8.94 8.32 2/2253 20588
8.88 8.91 8.31 1/2253 20610
8.88 8.91 8.31 11/2253 20631
8.88 8.91 8.31 5/2253 20651
8.88 8.91 8.31 6/2253 20671
8.88 8.91 8.31 2/2253 20696
9.13 8.96 8.33 9/2254 20732
9.13 8.96 8.33 2/2254 20755
9.13 8.96 8.33 7/2254 20783
9.13 8.96 8.33 5/2254 20803
9.13 8.96 8.33 4/2254 20823
9.28 9.00 8.35 5/2254 20842
9.28 9.00 8.35 8/2253 20898
9.28 9.00 8.35 5/2254 20924
9.28 9.00 8.35 8/2254 20951
9.28 9.00 8.35 16/2254 20971
9.33 9.01 8.36 2/2254 20991
9.33 9.01 8.36 1/2254 21010
9.33 9.01 8.36 5/2254 21030
9.33 9.01 8.36 3/2254 21050
9.33 9.01 8.36 1/2254 21069
9.39 9.03 8.37 5/2254 21089
9.39 9.03 8.37 3/2254 21109
9.39 9.03 8.37 4/2254 21129
9.39 9.03 8.37 5/2254 21149
9.39 9.03 8.37 4/2254 21169
9.36 9.03 8.37 5/2254 21188
9.36 9.03 8.37 12/2254 21208
9.36 9.03 8.37 4/2254 21228
9.36 9.03 8.37 3/2254 21247
9.36 9.03 8.37 2/2253 21267
9.25 9.01 8.37 1/2254 21288
9.25 9.01 8.37 8/2254 21307
9.25 9.01 8.37 5/2254 21328
9.25 9.01 8.37 6/2254 21348
9.25 9.01 8.37 2/2254 21367
9.39 9.05 8.38 2/2254 21387
9.39 9.05 8.38 6/2254 21407
9.39 9.05 8.38 2/2254 21426
9.39 9.05 8.38 5/2254 21446
9.39 9.05 8.38 3/2256 21468
9.44 9.06 8.39 7/2257 21488
9.44 9.06 8.39 4/2257 21508
9.44 9.06 8.39 4/2257 21528
9.44 9.06 8.39 1/2257 21548
9.44 9.06 8.39 1/2257 21568
9.40 9.06 8.39 3/2257 21588
9.40 9.06 8.39 4/2257 21607
9.40 9.06 8.39 5/2257 21627
9.40 9.06 8.39 5/2257 21664
9.40 9.06 8.39 4/2257 21684
9.29 9.04 8.39 1/2257 21704
9.29 9.04 8.39 4/2257 21724
9.29 9.04 8.39 1/2257 21745
9.29 9.04 8.39 10/2257 21765
9.29 9.04 8.39 1/2257 21786
9.27 9.04 8.39 2/2257 21805
9.27 9.04 8.39 8/2257 21825
9.27 9.04 8.39 3/2257 21845
9.27 9.04 8.39 9/2257 21864
9.27 9.04 8.39 3/2257 21884
9.01 8.99 8.38 4/2257 21904
9.01 8.99 8.38 2/2257 21923
9.01 8.99 8.38 9/2257 21943
9.01 8.99 8.38 6/2257 21963
9.01 8.99 8.38 2/2257 21982
9.00 8.99 8.38 2/2257 22003
9.00 8.99 8.38 2/2257 22023
9.00 8.99 8.38 6/2257 22042
9.00 8.99 8.38 2/2257 22062
9.00 8.99 8.38 5/2257 22082
8.92 8.97 8.38 1/2257 22101
8.92 8.97 8.38 9/2257 22121
8.92 8.97 8.38 6/2257 22141
8.92 8.97 8.38 4/2257 22160
8.92 8.97 8.38 3/2257 22180
8.69 8.92 8.37 2/2257 22200
8.69 8.92 8.37 2/2257 22220
8.69 8.92 8.37 3/2257 22240
8.69 8.92 8.37 4/2257 22260
8.69 8.92 8.37 2/2257 22279
8.55 8.89 8.36 2/2257 22300
8.55 8.89 8.36 1/2257 22320
8.55 8.89 8.36 5/2257 22339
8.55 8.89 8.36 2/2257 22359
8.55 8.89 8.36 5/2257 22379
8.75 8.93 8.38 3/2257 22398
8.75 8.93 8.38 4/2257 22418
8.75 8.93 8.38 4/2257 22439
8.75 8.93 8.38 3/2257 22458
8.75 8.93 8.38 2/2257 22478
9.09 9.00 8.40 2/2257 22498
9.09 9.00 8.40 4/2257 22517
9.09 9.00 8.40 5/2257 22537
9.09 9.00 8.40 5/2257 22557
9.09 9.00 8.40 10/2257 22576
9.08 9.00 8.40 3/2257 22596
9.08 9.00 8.40 9/2257 22617
9.08 9.00 8.40 3/2257 22636
9.08 9.00 8.40 2/2257 22657
9.08 9.00 8.40 5/2257 22677
8.92 8.96 8.40 7/2257 22698
8.92 8.96 8.40 1/2258 22719
8.92 8.96 8.40 9/2258 22739
8.92 8.96 8.40 2/2258 22758
8.92 8.96 8.40 2/2258 22778
8.92 8.96 8.40 9/2257 22798
9.08 9.00 8.41 6/2257 22817
9.08 9.00 8.41 6/2257 22837
9.08 9.00 8.41 7/2257 22857
9.08 9.00 8.41 3/2257 22877
8.84 8.95 8.40 3/2257 22897
8.84 8.95 8.40 2/2257 22917
8.84 8.95 8.40 1/2257 22936
8.84 8.95 8.40 5/2257 22956
8.84 8.95 8.40 1/2257 22976
8.84 8.95 8.40 4/2257 22995
8.77 8.93 8.39 4/2256 23015
8.77 8.93 8.39 6/2256 23035
8.77 8.93 8.39 6/2256 23054
8.77 8.93 8.39 2/2256 23074
8.77 8.93 8.39 2/2256 23095
8.79 8.93 8.40 3/2256 23114
8.79 8.93 8.40 3/2256 23134
8.79 8.93 8.40 2/2257 23155
8.79 8.93 8.40 7/2256 23174
8.79 8.93 8.40 3/2256 23194
8.80 8.93 8.40 1/2256 23214
8.80 8.93 8.40 3/2256 23234
8.80 8.93 8.40 5/2256 23254
8.80 8.93 8.40 2/2256 23274
8.80 8.93 8.40 9/2256 23294
8.74 8.92 8.40 6/2256 23314
8.74 8.92 8.40 4/2256 23334
8.74 8.92 8.40 5/2256 23353
8.74 8.92 8.40 3/2256 23373
8.74 8.92 8.40 1/2256 23393
8.92 8.95 8.41 5/2256 23418
8.92 8.95 8.41 4/2256 23438
8.92 8.95 8.41 6/2256 23459
8.92 8.95 8.41 5/2256 23478
8.92 8.95 8.41 5/2256 23498
9.33 9.04 8.44 3/2256 23519
9.33 9.04 8.44 6/2256 23538
9.33 9.04 8.44 1/2256 23558
9.33 9.04 8.44 3/2256 23578
9.33 9.04 8.44 1/2256 23597
9.06 8.99 8.43 4/2256 23617
9.06 8.99 8.43 9/2256 23637
9.06 8.99 8.43 8/2256 23656
9.06 8.99 8.43 3/2256 23676
9.06 8.99 8.43 7/2256 23696
10.02 9.19 8.50 4/2256 23715
10.02 9.19 8.50 3/2256 23736
10.02 9.19 8.50 7/2256 23756
10.02 9.19 8.50 7/2256 23775
10.02 9.19 8.50 3/2256 23795
10.18 9.23 8.52 4/2256 23815
10.18 9.23 8.52 1/2256 23834
10.18 9.23 8.52 1/2256 23854
10.18 9.23 8.52 3/2256 23875
10.18 9.23 8.52 5/2256 23894
9.84 9.18 8.50 8/2255 23914
9.84 9.18 8.50 1/2255 23934
9.84 9.18 8.50 3/2255 23954
9.84 9.18 8.50 5/2255 23974
9.84 9.18 8.50 9/2255 23994
9.61 9.14 8.50 2/2258 24016
9.61 9.14 8.50 4/2258 24036
9.61 9.14 8.50 4/2258 24056
9.61 9.14 8.50 2/2258 24075
9.61 9.14 8.50 1/2258 24095
9.48 9.12 8.49 2/2258 24115
9.48 9.12 8.49 1/2258 24134
9.48 9.12 8.49 1/2258 24154
9.48 9.12 8.49 4/2258 24175
9.48 9.12 8.49 3/2258 24194
9.29 9.09 8.48 3/2258 24214
9.29 9.09 8.48 3/2258 24234
9.29 9.09 8.48 7/2258 24253
9.29 9.09 8.48 6/2258 24273
9.29 9.09 8.48 3/2258 24293
9.42 9.12 8.50 3/2258 24312
9.42 9.12 8.50 3/2259 24333
9.42 9.12 8.50 19/2259 24353
9.42 9.12 8.50 10/2260 24373
9.42 9.12 8.50 3/2260 24394
9.63 9.17 8.52 1/2260 24414
9.63 9.17 8.52 2/2260 24433
9.63 9.17 8.52 4/2260 24453
9.63 9.17 8.52 8/2260 24473
9.63 9.17 8.52 1/2260 24492
9.58 9.16 8.52 12/2260 24512
9.58 9.16 8.52 3/2260 24532
9.58 9.16 8.52 4/2260 24551
9.58 9.16 8.52 3/2260 24571
9.58 9.16 8.52 1/2260 24591
9.61 9.18 8.53 3/2260 24611
9.61 9.18 8.53 3/2260 24631
9.61 9.18 8.53 1/2260 24651
9.61 9.18 8.53 4/2260 24670
9.61 9.18 8.53 4/2260 24690
10.45 9.36 8.59 2/2260 24710
10.45 9.36 8.59 5/2260 24729
10.45 9.36 8.59 5/2260 24749
10.45 9.36 8.59 2/2260 24769
10.45 9.36 8.59 3/2260 24788
10.49 9.39 8.60 4/2260 24809
10.49 9.39 8.60 3/2260 24829
10.49 9.39 8.60 2/2260 24848
10.49 9.39 8.60 4/2260 24868
10.49 9.39 8.60 2/2260 24888
10.29 9.36 8.60 6/2260 24907
10.29 9.36 8.60 3/2260 24927
10.29 9.36 8.60 12/2260 24947
10.29 9.36 8.60 5/2260 24966
10.29 9.36 8.60 4/2260 24986
10.03 9.32 8.59 4/2260 25006
10.03 9.32 8.59 2/2260 25026
10.03 9.32 8.59 4/2258 25046
10.03 9.32 8.59 8/2264 25073
10.03 9.32 8.59 3/2264 25092
9.86 9.30 8.59 3/2264 25112
9.86 9.30 8.59 2/2264 25132
9.86 9.30 8.59 1/2264 25151
9.86 9.30 8.59 7/2264 25171
9.86 9.30 8.59 1/2264 25191
9.87 9.31 8.60 1/2264 25210
9.87 9.31 8.60 6/2264 25230
9.87 9.31 8.60 3/2263 25251
9.87 9.31 8.60 1/2263 25270
9.87 9.31 8.60 7/2263 25290
9.80 9.31 8.60 2/2263 25310
9.80 9.31 8.60 2/2263 25329
9.80 9.31 8.60 4/2263 25349
9.80 9.31 8.60 2/2263 25369
9.80 9.31 8.60 5/2263 25388
9.74 9.30 8.60 4/2263 25408
9.74 9.30 8.60 3/2263 25428
9.74 9.30 8.60 10/2263 25447
9.74 9.30 8.60 2/2263 25468
9.74 9.30 8.60 4/2263 25488
9.52 9.26 8.59 5/2263 25507
9.52 9.26 8.59 3/2263 25527
9.52 9.26 8.59 1/2263 25547
9.52 9.26 8.59 5/2263 25566
9.52 9.26 8.59 3/2263 25586
9.24 9.21 8.58 9/2263 25606
9.24 9.21 8.58 4/2263 25625
9.24 9.21 8.58 6/2263 25645
9.24 9.21 8.58 2/2263 25666
9.24 9.21 8.58 5/2263 25686
9.70 9.31 8.61 6/2264 25707
9.70 9.31 8.61 4/2264 25727
9.70 9.31 8.61 5/2264 25746
9.70 9.31 8.61 2/2264 25766
9.70 9.31 8.61 7/2264 25786
10.28 9.43 8.66 3/2264 25805
10.28 9.43 8.66 6/2264 25825
10.28 9.43 8.66 4/2264 25845
10.28 9.43 8.66 1/2264 25864
10.28 9.43 8.66 4/2264 25884
10.10 9.41 8.65 1/2264 25905
10.10 9.41 8.65 5/2264 25924
10.10 9.41 8.65 6/2264 25944
10.10 9.41 8.65 1/2264 25964
10.10 9.41 8.65 3/2264 25983
10.09 9.42 8.66 1/2264 26003
10.09 9.42 8.66 1/2264 26023
10.09 9.42 8.66 5/2264 26043
10.09 9.42 8.66 3/2264 26063
10.09 9.42 8.66 3/2264 26083
9.93 9.40 8.66 3/2264 26102
9.93 9.40 8.66 5/2264 26123
9.93 9.40 8.66 1/2264 26143
9.93 9.40 8.66 6/2264 26162
9.93 9.40 8.66 6/2264 26182
9.85 9.39 8.66 2/2264 26202
9.85 9.39 8.66 1/2264 26221
9.85 9.39 8.66 1/2264 26241
9.85 9.39 8.66 8/2260 26261
9.85 9.39 8.66 3/2260 26282
9.70 9.37 8.66 7/2260 26302
9.70 9.37 8.66 4/2260 26323
9.70 9.37 8.66 2/2260 26342
9.70 9.37 8.66 4/2259 26362
9.70 9.37 8.66 4/2258 26382
9.65 9.36 8.66 5/2258 26401
9.65 9.36 8.66 2/2258 26421
9.65 9.36 8.66 1/2258 26441
9.65 9.36 8.66 4/2258 26460
9.65 9.36 8.66 3/2259 26481
9.43 9.32 8.65 7/2259 26501
9.43 9.32 8.65 5/2259 26520
9.43 9.32 8.65 5/2259 26541
9.43 9.32 8.65 2/2259 26561
9.43 9.32 8.65 2/2259 26580
9.16 9.26 8.63 6/2259 26600
9.16 9.26 8.63 1/2259 26620
9.16 9.26 8.63 3/2259 26639
9.16 9.26 8.63 2/2259 26659
9.16 9.26 8.63 3/2259 26679
9.31 9.29 8.65 7/2259 26698
9.31 9.29 8.65 1/2259 26718
9.31 9.29 8.65 5/2259 26738
9.31 9.29 8.65 3/2259 26759
9.31 9.29 8.65 4/2259 26779
9.28 9.29 8.65 1/2259 26799
9.28 9.29 8.65 2/2259 26818
9.28 9.29 8.65 3/2259 26838
9.28 9.29 8.65 3/2259 26859
9.28 9.29 8.65 4/2258 26878
9.10 9.25 8.64 3/2258 26898
9.10 9.25 8.64 2/2258 26918
9.10 9.25 8.64 6/2258 26937
9.10 9.25 8.64 7/2258 26957
9.10 9.25 8.64 3/2258 26978
9.41 9.31 8.66 1/2258 26997
9.41 9.31 8.66 4/2258 27017
9.41 9.31 8.66 3/2258 27037
9.41 9.31 8.66 5/2258 27056
9.41 9.31 8.66 5/2258 27076
9.54 9.34 8.68 2/2258 27096
9.54 9.34 8.68 3/2258 27115
9.54 9.34 8.68 5/2261 27138
9.54 9.34 8.68 4/2261 27158
9.54 9.34 8.68 1/2261 27177
9.25 9.29 8.66 5/2261 27198
9.25 9.29 8.66 5/2261 27218
9.25 9.29 8.66 1/2261 27237
9.25 9.29 8.66 4/2261 27257
9.25 9.29 8.66 5/2261 27277
9.07 9.25 8.65 3/2261 27296
9.07 9.25 8.65 1/2261 27316
9.07 9.25 8.65 3/2261 27336
9.07 9.25 8.65 5/2261 27355
9.07 9.25 8.65 3/2261 27375
8.99 9.23 8.65 2/2261 27395
8.99 9.23 8.65 4/2261 27415
8.99 9.23 8.65 3/2261 27435
8.99 9.23 8.65 2/2261 27455
8.99 9.23 8.65 3/2260 27474
8.99 9.22 8.65 5/2261 27494
8.99 9.22 8.65 7/2260 27514
8.99 9.22 8.65 8/2260 27533
8.99 9.22 8.65 1/2261 27554
8.99 9.22 8.65 3/2261 27574
8.75 9.17 8.63 2/2261 27593
8.75 9.17 8.63 3/2261 27613
8.75 9.17 8.63 9/2261 27634
8.75 9.17 8.63 1/2261 27653
8.75 9.17 8.63 1/2261 27673
8.85 9.18 8.64 3/2261 27693
8.85 9.18 8.64 1/2262 27713
8.85 9.18 8.64 2/2262 27733
8.85 9.18 8.64 2/2262 27753
8.85 9.18 8.64 3/2262 27772
8.78 9.16 8.64 1/2262 27792
8.78 9.16 8.64 7/2262 27812
8.78 9.16 8.64 1/2262 27831
8.78 9.16 8.64 7/2262 27852
8.78 9.16 8.64 5/2262 27872
8.56 9.11 8.62 9/2262 27891
8.56 9.11 8.62 5/2262 27911
8.56 9.11 8.62 3/2262 27931
8.56 9.11 8.62 3/2262 27950
8.56 9.11 8.62 1/2262 27970
8.75 9.14 8.64 5/2262 27990
8.75 9.14 8.64 4/2262 28009
8.75 9.14 8.64 4/2262 28029
8.75 9.14 8.64 1/2262 28050
8.75 9.14 8.64 5/2262 28069
8.69 9.12 8.63 5/2262 28089
8.69 9.12 8.63 4/2262 28109
8.69 9.12 8.63 2/2262 28128
8.69 9.12 8.63 10/2263 28148
8.69 9.12 8.63 2/2262 28168
8.56 9.09 8.62 6/2262 28187
8.56 9.09 8.62 7/2262 28207
8.56 9.09 8.62 8/2262 28227
8.56 9.09 8.62 5/2262 28246
8.56 9.09 8.62 4/2262 28267
8.35 9.04 8.61 5/2262 28287
8.35 9.04 8.61 3/2262 28306
8.35 9.04 8.61 8/2262 28327
8.35 9.04 8.61 7/2262 28347
8.35 9.04 8.61 7/2262 28366
8.64 9.09 8.63 5/2262 28386
8.64 9.09 8.63 3/2262 28406
8.64 9.09 8.63 4/2262 28425
8.64 9.09 8.63 4/2262 28445
8.64 9.09 8.63 7/2262 28465
8.43 9.03 8.61 2/2262 28485
8.43 9.03 8.61 1/2262 28506
8.43 9.03 8.61 3/2262 28526
8.43 9.03 8.61 4/2262 28545
8.43 9.03 8.61 4/2262 28565
8.40 9.02 8.61 6/2262 28585
8.40 9.02 8.61 2/2262 28604
8.40 9.02 8.61 1/2262 28624
8.40 9.02 8.61 3/2262 28645
8.40 9.02 8.61 3/2264 28666
8.45 9.02 8.61 7/2264 28686
8.45 9.02 8.61 2/2264 28707
8.45 9.02 8.61 4/2264 28726
8.45 9.02 8.61 3/2265 28746
8.45 9.02 8.61 7/2264 28767
8.49 9.02 8.62 4/2264 28786
8.49 9.02 8.62 6/2264 28806
8.49 9.02 8.62 2/2264 28826
8.49 9.02 8.62 4/2264 28845
8.49 9.02 8.62 6/2264 28865
8.29 8.97 8.60 1/2264 28885
8.29 8.97 8.60 2/2264 28904
8.29 8.97 8.60 6/2264 28925
8.29 8.97 8.60 3/2264 28945
8.29 8.97 8.60 3/2264 28964
8.35 8.97 8.60 4/2264 28984
8.35 8.97 8.60 5/2264 29004
8.35 8.97 8.60 2/2264 29023
8.35 8.97 8.60 5/2264 29043
8.35 8.97 8.60 3/2264 29063
8.32 8.95 8.60 6/2264 29082
8.32 8.95 8.60 7/2264 29102
8.32 8.95 8.60 2/2264 29122
8.32 8.95 8.60 6/2264 29142
8.32 8.95 8.60 4/2264 29162
8.13 8.90 8.59 6/2264 29182
8.13 8.90 8.59 4/2264 29201
8.13 8.90 8.59 4/2261 29221
8.13 8.90 8.59 4/2261 29241
8.13 8.90 8.59 7/2261 29260
8.36 8.94 8.60 2/2261 29280
8.36 8.94 8.60 7/2261 29300
8.36 8.94 8.60 7/2261 29319
8.36 8.94 8.60 5/2262 29339
8.36 8.94 8.60 5/2261 29360
8.58 8.97 8.61 2/2261 29379
8.58 8.97 8.61 4/2262 29399
8.58 8.97 8.61 3/2261 29419
8.58 8.97 8.61 3/2261 29438
8.58 8.97 8.61 4/2261 29458
8.37 8.92 8.60 2/2261 29478
8.37 8.92 8.60 3/2261 29497
8.37 8.92 8.60 4/2261 29517
8.37 8.92 8.60 5/2261 29537
8.37 8.92 8.60 2/2261 29556
8.34 8.91 8.60 4/2261 29577
8.34 8.91 8.60 3/2261 29597
8.34 8.91 8.60 2/2261 29616
8.34 8.91 8.60 3/2261 29636
8.34 8.91 8.60 4/2261 29656
8.15 8.86 8.58 5/2261 29675
8.15 8.86 8.58 1/2261 29695
8.15 8.86 8.58 7/2262 29716
8.15 8.86 8.58 4/2262 29735
8.15 8.86 8.58 7/2262 29755
8.14 8.84 8.58 2/2262 29775
8.14 8.84 8.58 4/2262 29795
8.14 8.84 8.58 4/2262 29815
8.14 8.84 8.58 4/2262 29835
8.14 8.84 8.58 5/2262 29856
7.97 8.80 8.56 2/2262 29876
7.97 8.80 8.56 4/2262 29896
7.97 8.80 8.56 1/2262 29915
7.97 8.80 8.56 3/2262 29935
7.97 8.80 8.56 4/2262 29955
8.29 8.85 8.58 3/2262 29974
8.29 8.85 8.58 2/2263 29994
8.29 8.85 8.58 6/2262 30015
8.29 8.85 8.58 8/2260 30034
8.29 8.85 8.58 1/2260 30054
8.35 8.85 8.58 2/2260 30074
8.35 8.85 8.58 3/2260 30093
8.35 8.85 8.58 2/2260 30113
8.35 8.85 8.58 5/2260 30133
8.35 8.85 8.58 9/2260 30152
8.16 8.80 8.57 3/2260 30172
8.16 8.80 8.57 2/2260 30192
8.16 8.80 8.57 5/2260 30211
8.16 8.80 8.57 6/2260 30232
8.16 8.80 8.57 2/2260 30252
8.31 8.82 8.58 1/2260 30271
8.31 8.82 8.58 1/2260 30291
8.31 8.82 8.58 3/2260 30311
8.31 8.82 8.58 1/2257 30330
8.31 8.82 8.58 4/2257 30350
8.36 8.83 8.58 4/2257 30370
8.36 8.83 8.58 1/2257 30389
8.36 8.83 8.58 6/2257 30409
8.36 8.83 8.58 5/2257 30429
8.36 8.83 8.58 3/2257 30449
8.17 8.78 8.57 3/2257 30469
8.17 8.78 8.57 3/2257 30489
8.17 8.78 8.57 5/2258 30509
8.17 8.78 8.57 3/2258 30529
8.17 8.78 8.57 5/2258 30549
7.92 8.72 8.55 1/2258 30568
7.92 8.72 8.55 2/2259 30588
7.92 8.72 8.55 9/2258 30608
7.92 8.72 8.55 3/2258 30628
7.92 8.72 8.55 4/2259 30649
8.01 8.72 8.55 2/2258 30669
8.01 8.72 8.55 6/2258 30688
8.01 8.72 8.55 5/2258 30708
8.01 8.72 8.55 6/2258 30728
8.01 8.72 8.55 4/2258 30747
8.17 8.74 8.56 1/2258 30767
8.17 8.74 8.56 7/2258 30787
8.17 8.74 8.56 11/2258 30806
8.17 8.74 8.56 3/2258 30826
8.17 8.74 8.56 8/2258 30846
8.39 8.78 8.57 8/2258 30866
8.39 8.78 8.57 2/2258 30886
8.39 8.78 8.57 4/2258 30906
8.39 8.78 8.57 1/2258 30925
8.39 8.78 8.57 3/2258 30945
8.52 8.80 8.58 4/2258 30965
8.52 8.80 8.58 7/2258 30984
8.52 8.80 8.58 5/2258 31004
8.52 8.80 8.58 3/2258 31024
8.52 8.80 8.58 1/2258 31043
8.40 8.77 8.57 4/2258 31063
8.40 8.77 8.57 1/2258 31084
8.40 8.77 8.57 6/2258 31103
8.40 8.77 8.57 9/2258 31123
8.40 8.77 8.57 7/2258 31143
8.45 8.77 8.57 2/2258 31163
8.45 8.77 8.57 2/2258 31183
8.45 8.77 8.57 2/2258 31203
8.45 8.77 8.57 3/2258 31222
8.45 8.77 8.57 7/2259 31242
8.89 8.86 8.60 3/2258 31262
8.89 8.86 8.60 5/2258 31281
8.89 8.86 8.60 4/2258 31302
8.89 8.86 8.60 2/2258 31322
8.89 8.86 8.60 6/2258 31341
8.82 8.85 8.60 3/2258 31361
8.82 8.85 8.60 5/2258 31381
8.82 8.85 8.60 3/2258 31400
8.82 8.85 8.60 5/2258 31420
8.82 8.85 8.60 3/2258 31440
8.76 8.83 8.59 8/2258 31459
8.76 8.83 8.59 5/2258 31479
8.76 8.83 8.59 5/2258 31499
8.76 8.83 8.59 4/2258 31519
8.76 8.83 8.59 3/2258 31539
8.61 8.80 8.59 2/2258 31559
8.61 8.80 8.59 6/2258 31578
8.61 8.80 8.59 7/2258 31598
8.61 8.80 8.59 12/2258 31618
8.61 8.80 8.59 10/2258 31637
8.89 8.86 8.60 2/2258 31657
8.89 8.86 8.60 5/2258 31677
8.89 8.86 8.60 2/2258 31696
8.89 8.86 8.60 6/2258 31716
8.89 8.86 8.60 5/2258 31737
8.98 8.87 8.61 4/2258 31756
8.98 8.87 8.61 6/2258 31776
8.98 8.87 8.61 10/2258 31796
8.98 8.87 8.61 5/2258 31816
8.98 8.87 8.61 5/2259 31836
9.22 8.93 8.63 1/2258 31856
9.22 8.93 8.63 6/2258 31875
9.22 8.93 8.63 7/2259 31895
9.22 8.93 8.63 1/2258 31915
9.22 8.93 8.63 4/2258 31934
9.36 8.96 8.64 5/2258 31955
9.36 8.96 8.64 6/2258 31975
9.36 8.96 8.64 3/2258 31994
9.36 8.96 8.64 2/2258 32014
9.36 8.96 8.64 9/2258 32034
9.33 8.96 8.65 6/2258 32053
9.33 8.96 8.65 5/2258 32073
9.33 8.96 8.65 4/2258 32093
9.33 8.96 8.65 5/2258 32112
9.33 8.96 8.65 5/2258 32132
9.14 8.93 8.64 4/2258 32153
9.14 8.93 8.64 6/2258 32172
9.14 8.93 8.64 9/2258 32192
9.14 8.93 8.64 3/2257 32212
9.14 8.93 8.64 9/2257 32231
9.05 8.91 8.63 1/2257 32251
9.05 8.91 8.63 6/2257 32271
9.05 8.91 8.63 2/2257 32290
9.05 8.91 8.63 4/2257 32310
9.05 8.91 8.63 6/2257 32330
9.13 8.93 8.64 3/2258 32350
9.13 8.93 8.64 9/2258 32371
9.13 8.93 8.64 1/2258 32391
9.13 8.93 8.64 5/2258 32410
9.13 8.93 8.64 5/2258 32430
9.20 8.95 8.65 5/2258 32450
9.20 8.95 8.65 7/2257 32469
9.20 8.95 8.65 8/2258 32489
9.20 8.95 8.65 2/2257 32509
9.20 8.95 8.65 4/2257 32528
9.90 9.10 8.70 6/2257 32548
9.90 9.10 8.70 2/2257 32568
9.90 9.10 8.70 10/2257 32588
9.90 9.10 8.70 6/2257 32608
9.90 9.10 8.70 3/2257 32628
9.83 9.10 8.70 7/2258 32648
9.83 9.10 8.70 4/2258 32668
9.83 9.10 8.70 4/2258 32688
9.83 9.10 8.70 3/2258 32707
9.83 9.10 8.70 4/2258 32727
9.68 9.08 8.70 5/2258 32747
9.68 9.08 8.70 6/2258 32766
9.68 9.08 8.70 10/2258 410
9.68 9.08 8.70 10/2258 507
9.68 9.08 8.70 3/2258 559
9.55 9.06 8.69 7/2258 603
9.55 9.06 8.69 2/2259 632
9.55 9.06 8.69 5/2259 669
9.55 9.06 8.69 5/2259 692
9.55 9.06 8.69 2/2259 714
9.55 9.06 8.69 10/2259 734
9.34 9.03 8.68 8/2259 767
9.34 9.03 8.68 3/2259 919
9.34 9.03 8.68 2/2259 994
9.34 9.03 8.68 6/2259 1070
9.34 9.03 8.68 2/2259 1107
9.32 9.03 8.68 4/2259 1126
9.32 9.03 8.68 3/2260 1171
9.32 9.03 8.68 4/2259 1201
9.32 9.03 8.68 9/2259 1233
9.32 9.03 8.68 5/2260 1334
9.29 9.03 8.69 6/2259 1359
9.29 9.03 8.69 6/2259 1401
9.29 9.03 8.69 2/2259 1422
9.29 9.03 8.69 21/2248 1445
9.29 9.03 8.69 5/2259 1540
9.99 9.18 8.74 6/2254 1606
9.99 9.18 8.74 4/2222 1680
9.99 9.18 8.74 4/2224 1720
9.99 9.18 8.74 2/2224 1748
9.99 9.18 8.74 5/2224 1786
9.83 9.16 8.73 6/2217 1808
9.83 9.16 8.73 3/2217 1829
9.83 9.16 8.73 2/2217 1853
9.83 9.16 8.73 5/2217 1892
9.83 9.16 8.73 2/2231 1954
9.52 9.10 8.72 4/2232 2027
9.52 9.10 8.72 3/2231 2061
9.52 9.10 8.72 5/2232 2103
9.52 9.10 8.72 2/2233 2170
9.52 9.10 8.72 3/2232 2194
9.88 9.18 8.75 4/2233 2220
9.88 9.18 8.75 6/2231 2261
9.88 9.18 8.75 5/2231 2289
9.88 9.18 8.75 6/2232 2316
9.89 9.20 8.75 10/2231 2345
9.89 9.20 8.75 2/2231 2381
9.89 9.20 8.75 6/2231 2410
9.89 9.20 8.75 2/2230 2437
9.89 9.20 8.75 3/2199 2503
9.89 9.20 8.75 3/2199 2541
10.06 9.25 8.77 4/2197 2582
10.06 9.25 8.77 1/2168 2622
10.06 9.25 8.77 1/2161 2644
10.06 9.25 8.77 1/2162 2678
10.06 9.25 8.77 1/2162 2714
9.57 9.16 8.75 1/2162 2738
9.57 9.16 8.75 1/2163 2771
9.57 9.16 8.75 1/2170 2806
9.57 9.16 8.75 1/2163 2845
9.57 9.16 8.75 1/2163 2877
8.97 9.04 8.71 2/2163 2907
8.97 9.04 8.71 1/2164 2936
8.97 9.04 8.71 2/2162 2964
8.97 9.04 8.71 1/2162 2987
8.97 9.04 8.71 2/2162 3007
8.81 9.00 8.70 3/2162 3034
8.81 9.00 8.70 1/2162 3077
8.81 9.00 8.70 1/2162 3100
8.81 9.00 8.70 1/2162 3151
8.81 9.00 8.70 1/2162 3177
8.26 8.89 8.66 1/2162 3196
8.26 8.89 8.66 1/2163 3221
8.26 8.89 8.66 4/2163 3258
