9523.25 37436.01
9524.25 37441.78
9525.24 37447.48
9526.25 37453.38
9527.26 37459.08
9528.26 37464.90
9529.25 37470.67
9530.25 37476.14
9531.25 37481.73
9532.26 37486.92
9533.24 37491.71
9534.25 37496.93
9535.25 37502.46
9536.26 37507.83
9537.25 37513.17
9538.25 37518.61
9539.24 37524.29
9540.25 37528.53
9541.24 37533.97
9542.24 37539.06
9543.24 37544.19
9544.24 37550.16
9545.25 37555.41
9546.24 37560.59
9547.24 37565.40
9548.25 37570.47
9549.30 37576.74
9550.24 37581.64
9551.24 37585.09
9552.24 37590.75
9553.25 37596.36
9554.24 37602.43
9555.25 37608.37
9556.25 37613.38
9557.26 37618.69
9558.26 37623.75
9559.25 37628.82
9560.26 37634.06
9561.25 37639.52
9562.26 37644.60
9563.25 37650.00
9564.25 37655.36
9565.25 37660.64
9566.25 37666.06
9567.25 37671.46
9568.26 37676.85
9569.25 37682.63
9570.25 37688.52
9571.25 37694.61
9572.26 37700.65
9573.27 37706.60
9574.25 37712.10
9575.26 37718.10
9576.26 37724.12
9577.26 37730.03
9578.26 37736.03
9579.25 37742.10
9580.25 37748.07
9581.25 37753.62
9582.26 37758.89
9583.26 37764.40
9584.26 37768.23
9585.26 37772.35
9586.25 37776.94
9587.25 37780.89
9588.26 37786.29
9589.26 37792.06
9590.26 37797.05
9591.25 37802.70
9592.26 37808.32
9593.26 37814.09
9594.25 37820.28
9595.25 37826.25
9596.25 37832.72
9597.26 37839.03
9598.25 37844.87
9599.25 37851.28
9600.25 37857.69
9601.25 37864.05
9602.25 37870.18
9603.25 37876.14
9604.26 37881.82
9605.26 37887.82
9606.26 37894.32
9607.27 37900.71
9608.26 37906.77
9609.25 37912.93
9610.26 37918.96
9611.25 37924.47
9612.26 37930.49
9613.25 37936.53
9614.27 37942.72
9615.26 37948.82
9616.26 37954.86
9617.27 37961.02
9618.26 37967.09
9619.25 37973.30
9620.25 37979.38
9621.25 37985.51
9622.25 37991.51
9623.26 37997.90
9624.27 38004.44
9625.25 38010.82
9626.25 38017.27
9627.26 38023.70
9628.26 38029.49
9629.25 38035.78
9630.25 38042.17
9631.25 38048.67
9632.25 38055.04
9633.25 38061.33
9634.26 38067.76
9635.25 38074.07
9636.25 38080.42
9637.26 38086.34
9638.25 38092.26
9639.25 38098.58
9640.27 38104.92
9641.27 38111.18
9642.25 38117.51
9643.27 38123.73
9644.25 38130.03
9645.26 38136.32
9646.27 38142.62
9647.27 38148.88
9648.25 38154.78
9649.25 38160.81
9650.25 38166.87
9651.25 38172.86
9652.27 38178.94
9653.26 38185.14
9654.25 38191.09
9655.25 38196.52
9656.27 38202.35
9657.26 38208.14
9658.27 38213.66
9659.27 38219.38
9660.25 38225.18
9661.25 38230.80
9662.25 38236.00
9663.25 38239.93
9664.25 38245.20
9665.26 38250.68
9666.26 38256.02
9667.26 38261.36
9668.25 38266.90
9669.26 38272.21
9670.26 38275.53
9671.27 38281.05
9672.27 38286.74
9673.27 38291.92
9674.26 38297.50
9675.27 38303.47
9676.27 38309.19
9677.27 38314.96
9678.26 38320.68
9679.27 38326.67
9680.27 38332.56
9681.27 38338.26
9682.27 38344.18
9683.27 38350.07
9684.27 38355.84
9685.28 38361.73
9686.31 38367.77
9687.27 38373.16
9688.27 38378.94
9689.27 38384.84
9690.25 38390.71
9691.28 38396.87
9692.27 38402.82
9693.28 38408.67
9694.26 38414.45
9695.27 38420.43
9696.27 38426.38
9697.27 38432.30
9698.27 38438.32
9699.26 38444.15
9700.27 38449.94
9701.28 38455.59
9702.27 38461.37
9703.26 38466.66
9704.31 38472.54
9705.29 38478.58
9706.27 38484.44
9707.27 38490.43
9708.27 38496.44
9709.27 38502.48
9710.26 38508.48
9711.27 38514.60
9712.27 38520.27
9713.27 38526.05
9714.27 38531.84
9715.27 38537.93
9716.26 38543.69
9717.27 38549.46
9718.25 38555.26
9719.27 38561.12
9720.26 38566.82
9721.27 38572.55
9722.27 38578.31
9723.25 38584.03
9724.27 38589.88
9725.27 38595.64
9726.27 38601.58
9727.27 38607.50
9728.27 38613.21
9729.27 38618.97
9730.27 38624.77
9731.27 38630.36
9732.27 38636.30
9733.27 38641.61
9734.27 38647.18
9735.27 38652.87
9736.27 38658.59
9737.27 38664.58
9738.27 38670.39
9739.27 38676.38
9740.28 38682.33
9741.25 38688.33
9742.27 38694.29
9743.27 38700.21
9744.27 38706.08
9745.27 38712.06
9746.27 38718.17
9747.28 38724.09
9748.27 38730.07
9749.27 38735.97
9750.25 38741.79
9751.27 38747.73
9752.27 38753.76
9753.27 38759.79
9754.26 38765.90
9755.28 38772.11
9756.27 38778.06
9757.28 38784.20
9758.27 38790.28
9759.27 38796.34
9760.26 38802.46
9761.27 38808.60
9762.27 38814.70
9763.27 38820.66
9764.27 38826.64
9765.27 38832.85
9766.27 38838.22
9767.28 38843.93
9768.27 38849.61
9769.27 38855.25
9770.27 38860.90
9771.27 38866.48
9772.27 38872.26
9773.27 38877.99
9774.27 38883.46
9775.27 38889.24
9776.27 38894.87
9777.27 38900.85
9778.27 38906.84
9779.28 38912.36
9780.25 38918.01
9781.25 38923.72
9782.27 38929.46
9783.27 38935.37
9784.25 38941.25
9785.27 38947.39
9786.25 38953.29
9787.27 38959.23
9788.27 38965.05
9789.27 38970.94
9790.27 38977.10
9791.28 38982.82
9792.26 38988.50
9793.27 38994.61
9794.27 39000.28
9795.27 39006.15
9796.27 39011.53
9797.28 39017.35
9798.26 39023.17
9799.27 39028.64
9800.27 39034.32
9801.27 39039.62
9802.27 39045.03
9803.27 39051.04
9804.27 39056.81
9805.26 39062.83
9806.26 39068.72
9807.27 39074.57
9808.27 39080.65
9809.26 39086.72
9810.26 39092.61
9811.27 39098.63
9812.27 39104.52
9813.27 39110.53
9814.27 39116.61
9815.26 39122.39
9816.25 39128.10
9817.27 39133.95
9818.27 39139.77
9819.25 39145.48
9820.27 39151.41
9821.26 39157.17
9822.27 39163.11
9823.26 39168.65
9824.27 39174.47
9825.27 39180.27
9826.27 39185.87
9827.27 39191.34
9828.27 39197.01
9829.27 39202.33
9830.27 39207.82
9831.27 39213.39
9832.27 39219.05
9833.27 39224.65
9834.26 39230.24
9835.27 39235.98
9836.27 39241.80
9837.27 39247.52
9838.26 39253.21
9839.27 39258.89
9840.27 39264.45
9841.28 39270.05
9842.27 39275.50
9843.27 39281.17
9844.26 39286.72
9845.26 39292.35
9846.26 39298.01
9847.27 39303.46
9848.28 39309.31
9849.28 39315.12
9850.27 39320.72
9851.27 39326.15
9852.27 39331.79
9853.27 39337.61
9854.27 39343.28
9855.27 39348.91
9856.27 39354.71
9857.26 39360.28
9858.27 39365.95
9859.26 39371.21
9860.27 39376.79
9861.28 39382.36
9862.27 39387.63
9863.27 39393.31
9864.27 39398.92
9865.27 39404.58
9866.26 39410.04
9867.27 39415.77
9868.27 39421.30
9869.27 39426.74
9870.27 39432.31
9871.27 39437.75
9872.27 39443.35
9873.27 39448.91
9874.25 39454.41
9875.26 39460.16
9876.27 39465.68
9877.27 39471.26
9878.25 39476.78
9879.27 39482.56
9880.27 39488.07
9881.27 39493.66
9882.27 39499.43
9883.27 39505.00
9884.26 39510.62
9885.27 39516.22
9886.27 39521.79
9887.27 39527.39
9888.27 39533.13
9889.27 39538.63
9890.26 39544.33
9891.27 39549.99
9892.27 39555.15
9893.27 39560.43
9894.27 39566.16
9895.27 39571.93
9896.27 39577.60
9897.27 39583.15
9898.28 39589.01
9899.27 39594.57
9900.27 39600.46
9901.27 39606.20
9902.26 39611.93
9903.28 39617.75
9904.26 39623.37
9905.27 39629.24
9906.27 39635.07
9907.27 39640.77
9908.25 39646.42
9909.26 39652.28
9910.27 39658.11
9911.27 39663.90
9912.28 39669.12
9913.27 39674.78
9914.27 39680.55
9915.27 39686.28
9916.27 39692.14
9917.27 39697.85
9918.27 39703.83
9919.27 39709.74
9920.28 39715.61
9921.27 39721.57
9922.27 39726.96
9923.27 39732.38
9924.27 39738.11
9925.27 39743.62
9926.27 39749.26
9927.28 39754.86
9928.28 39760.48
9929.26 39766.21
9930.27 39772.26
9931.27 39778.14
9932.28 39784.21
9933.27 39790.09
9934.27 39795.83
9935.26 39801.56
9936.27 39807.52
9937.26 39813.25
9938.26 39819.14
9939.26 39824.88
9940.27 39830.67
9941.28 39836.45
9942.27 39842.34
9943.27 39848.17
9944.27 39853.73
9945.27 39859.41
9946.28 39865.37
9947.27 39871.32
9948.27 39877.32
9949.27 39883.23
9950.27 39889.14
9951.27 39894.84
9952.27 39900.33
9953.27 39905.98
9954.27 39911.84
9955.27 39916.98
9956.27 39922.78
9957.28 39928.65
9958.27 39934.64
9959.28 39940.56
9960.27 39946.31
9961.27 39952.06
9962.27 39957.82
9963.27 39963.54
9964.27 39969.40
9965.27 39975.30
9966.27 39981.17
9967.27 39986.96
9968.27 39992.86
9969.27 39998.70
9970.27 40004.32
9971.26 40009.94
9972.27 40015.70
9973.27 40021.51
9974.27 40027.44
9975.27 40033.11
9976.26 40038.81
9977.27 40044.71
9978.27 40050.41
9979.27 40056.08
9980.27 40061.79
9981.27 40067.59
9982.26 40073.39
9983.27 40079.16
9984.27 40084.83
9985.27 40090.13
9986.27 40095.61
9987.27 40101.27
9988.27 40106.64
9989.27 40112.39
9990.27 40117.94
9991.27 40123.45
9992.27 40129.06
9993.28 40134.74
9994.26 40140.33
9995.28 40146.02
9996.27 40151.59
9997.27 40157.26
9998.27 40162.82
9999.27 40168.49
10000.26 40174.15
10001.27 40179.96
10002.27 40185.79
10003.25 40191.35
10004.27 40197.30
10005.27 40203.16
10006.28 40208.89
10007.28 40214.61
10008.27 40220.26
10009.27 40226.05
10010.27 40231.73
10011.27 40237.39
10012.27 40243.19
10013.28 40248.88
10014.27 40254.65
10015.27 40260.08
10016.27 40265.60
10017.27 40271.26
10018.28 40276.57
10019.27 40282.13
10020.26 40287.89
10021.26 40293.40
10022.27 40299.14
10023.27 40304.75
10024.27 40310.42
10025.27 40316.17
10026.28 40321.82
10027.28 40327.37
10028.27 40332.96
10029.27 40338.82
10030.27 40344.56
10031.27 40350.31
10032.27 40356.11
10033.26 40361.79
10034.27 40367.78
10035.27 40373.69
10036.27 40379.38
10037.27 40385.25
10038.28 40391.10
10039.27 40397.11
10040.27 40402.87
10041.27 40408.58
10042.27 40414.47
10043.27 40420.42
10044.27 40426.33
10045.27 40432.19
10046.27 40438.18
10047.27 40444.15
10048.27 40449.71
10049.26 40455.14
10050.27 40460.91
10051.27 40466.69
10052.27 40472.60
10053.28 40478.68
10054.27 40484.67
10055.27 40490.69
10056.26 40496.74
10057.27 40502.73
10058.27 40508.83
10059.27 40514.83
10060.27 40520.95
10061.27 40527.11
10062.26 40533.04
10063.27 40539.28
10064.26 40545.22
10065.27 40551.47
10066.27 40557.54
10067.27 40563.49
10068.27 40569.50
10069.27 40575.59
10070.27 40581.58
10071.27 40587.76
10072.27 40593.81
10073.26 40599.77
10074.27 40605.90
10075.27 40611.96
10076.26 40617.99
10077.27 40624.06
10078.27 40630.03
10079.27 40635.65
10080.27 40641.77
10081.27 40647.32
10082.27 40653.24
10083.27 40659.29
10084.27 40665.49
10085.27 40671.44
10086.26 40677.33
10087.27 40683.46
10088.26 40689.75
10089.27 40695.70
10090.27 40701.73
10091.27 40707.52
10092.27 40713.61
10093.26 40719.56
10094.26 40725.66
10095.27 40731.81
10096.27 40737.84
10097.27 40743.65
10098.27 40749.72
10099.27 40755.70
10100.27 40761.79
10101.28 40767.48
10102.27 40773.38
10103.27 40779.27
10104.27 40785.37
10105.28 40791.31
10106.27 40797.32
10107.27 40803.10
10108.27 40808.92
10109.27 40814.88
10110.27 40820.76
10111.28 40826.00
10112.27 40831.61
10113.27 40837.49
10114.27 40843.23
10115.28 40849.14
10116.27 40854.94
10117.27 40860.89
10118.26 40866.93
10119.27 40872.90
10120.27 40878.80
10121.27 40884.75
10122.28 40890.64
10123.26 40896.64
10124.27 40902.42
10125.27 40908.35
10126.27 40914.12
10127.27 40920.02
10128.27 40925.92
10129.28 40931.63
10130.27 40937.43
10131.28 40943.33
10132.27 40949.15
10133.28 40955.11
10134.28 40960.80
10135.27 40966.60
10136.27 40972.34
10137.27 40978.33
10138.27 40984.34
10139.27 40990.24
10140.27 40996.15
10141.28 41001.87
10142.27 41007.44
10143.29 41013.14
10144.27 41018.51
10145.27 41024.11
10146.27 41029.72
10147.28 41035.44
10148.27 41041.05
10149.27 41046.81
10150.27 41052.49
10151.28 41058.17
10152.26 41063.69
10153.27 41069.63
10154.27 41075.35
10155.27 41081.34
10156.26 41087.17
10157.27 41093.09
10158.27 41098.92
10159.27 41104.65
10160.27 41110.36
10161.27 41116.19
10162.27 41121.93
10163.27 41127.68
10164.27 41133.52
10165.26 41139.14
10166.27 41145.12
10167.26 41150.95
10168.26 41156.93
10169.26 41162.81
10170.27 41168.66
10171.27 41174.36
10172.28 41180.29
10173.26 41185.84
10174.27 41191.42
10175.26 41196.88
10176.27 41202.61
10177.27 41208.10
10178.27 41213.71
10179.27 41219.36
10180.27 41225.14
10181.27 41231.02
10182.27 41236.92
10183.28 41242.70
10184.27 41248.75
10185.27 41254.71
10186.27 41260.67
10187.27 41266.50
10188.27 41272.31
10189.27 41278.20
10190.27 41284.13
10191.26 41289.80
10192.26 41295.76
10193.27 41301.90
10194.27 41307.73
10195.26 41313.54
10196.27 41319.49
10197.27 41325.40
10198.27 41331.51
10199.26 41337.43
10200.27 41343.37
10201.27 41349.21
10202.26 41355.14
10203.27 41361.32
10204.26 41367.28
10205.27 41373.08
10206.27 41379.08
10207.27 41384.72
10208.27 41390.45
10209.26 41396.23
10210.27 41402.31
10211.27 41408.32
10212.27 41414.29
10213.27 41420.33
10214.27 41426.34
10215.26 41432.24
10216.26 41438.28
10217.27 41444.50
10218.27 41450.47
10219.27 41456.70
10220.26 41462.82
10221.26 41468.91
10222.27 41475.04
10223.27 41481.10
10224.27 41487.25
10225.27 41493.40
10226.27 41499.37
10227.27 41505.42
10228.27 41511.47
10229.27 41517.51
10230.28 41523.67
10231.26 41529.65
10232.27 41535.76
10233.27 41541.72
10234.27 41547.84
10235.27 41553.89
10236.27 41559.93
10237.27 41565.64
10238.27 41571.18
10239.27 41577.22
10240.26 41583.04
10241.27 41588.99
10242.27 41595.06
10243.27 41601.17
10244.27 41607.19
10245.27 41613.08
10246.26 41618.87
10247.27 41624.75
10248.27 41630.80
10249.27 41636.57
10250.27 41642.66
10251.28 41648.55
10252.27 41654.35
10253.26 41660.17
10254.27 41666.28
10255.27 41672.37
10256.26 41678.18
10257.27 41683.48
10258.27 41689.32
10259.27 41695.14
10260.27 41701.14
10261.27 41707.09
10262.27 41712.96
10263.27 41718.79
10264.27 41724.84
10265.27 41730.72
10266.27 41736.60
10267.27 41742.46
10268.27 41747.96
10269.27 41753.85
10270.28 41759.39
10271.27 41764.82
10272.27 41770.74
10273.26 41776.84
10274.27 41782.89
10275.27 41788.83
10276.27 41794.56
10277.27 41800.40
10278.27 41806.21
10279.27 41812.26
10280.27 41818.19
10281.27 41824.02
10282.27 41829.91
10283.27 41835.71
10284.27 41841.64
10285.27 41847.44
10286.27 41853.12
10287.27 41859.01
10288.27 41864.85
10289.27 41870.69
10290.26 41876.33
10291.26 41881.97
10292.27 41887.74
10293.27 41893.55
10294.27 41899.17
10295.27 41905.09
10296.27 41910.67
10297.27 41916.37
10298.28 41922.09
10299.27 41927.59
10300.27 41932.92
10301.27 41938.15
10302.27 41943.90
10303.26 41949.29
10304.27 41954.87
10305.27 41960.71
10306.27 41966.32
10307.27 41971.96
10308.26 41977.75
10309.27 41983.64
10310.27 41989.46
10311.27 41995.19
10312.27 42000.88
10313.27 42006.47
10314.27 42012.17
10315.27 42017.66
10316.27 42023.33
10317.27 42029.11
10318.27 42034.92
10319.27 42040.68
10320.27 42046.61
10321.27 42052.17
10322.27 42057.81
10323.28 42063.37
10324.27 42069.08
10325.27 42074.70
10326.27 42080.35
10327.26 42085.84
10328.27 42091.50
10329.28 42097.29
10330.27 42102.86
10331.27 42108.15
10332.26 42113.60
10333.27 42119.07
10334.26 42124.33
10335.27 42129.87
10336.27 42135.41
10337.27 42141.11
10338.26 42146.82
10339.27 42152.58
10340.27 42158.23
10341.27 42163.94
10342.27 42169.57
10343.27 42175.29
10344.27 42181.19
10345.27 42186.99
10346.28 42192.61
10347.27 42198.27
10348.27 42203.95
10349.27 42209.65
10350.27 42215.38
10351.27 42220.45
10352.27 42226.26
10353.27 42231.78
10354.27 42237.65
10355.27 42243.64
10356.28 42249.51
10357.27 42255.33
10358.27 42261.37
10359.28 42267.16
10360.27 42272.85
10361.27 42278.69
10362.27 42284.44
10363.27 42290.17
10364.27 42295.47
10365.28 42301.41
10366.27 42307.03
10367.27 42312.81
10368.27 42318.55
10369.26 42324.45
10370.26 42330.51
10371.27 42336.45
10372.27 42342.18
10373.29 42348.08
10374.27 42353.98
10375.27 42359.90
10376.28 42365.74
10377.28 42371.76
10378.27 42377.42
10379.27 42383.22
10380.27 42389.03
10381.27 42394.73
10382.26 42400.38
10383.27 42406.26
10384.27 42412.12
10385.27 42418.03
10386.27 42423.94
10387.27 42429.93
10388.26 42435.70
10389.26 42441.69
10390.27 42447.52
10391.27 42453.30
10392.28 42459.45
10393.27 42465.18
10394.27 42470.81
10395.27 42476.63
10396.26 42482.25
10397.27 42487.68
10398.27 42493.31
10399.28 42499.26
10400.27 42505.27
10401.27 42511.21
10402.27 42517.27
10403.27 42523.50
10404.27 42529.20
10405.27 42535.01
10406.27 42540.74
10407.27 42546.56
10408.27 42552.49
10409.27 42558.46
10410.27 42564.29
10411.27 42570.02
10412.27 42575.86
10413.27 42581.80
10414.27 42587.69
10415.27 42593.49
10416.27 42599.35
10417.27 42605.26
10418.27 42611.10
10419.27 42616.99
10420.27 42622.79
10421.27 42628.54
10422.27 42634.36
10423.27 42640.10
10424.27 42645.94
10425.27 42651.78
10426.28 42657.42
10427.27 42662.76
10428.27 42668.35
10429.27 42674.02
10430.27 42679.57
10431.27 42685.13
10432.28 42690.91
10433.27 42696.71
10434.27 42702.47
10435.27 42708.27
10436.27 42713.98
10437.27 42719.71
10438.27 42725.37
10439.27 42731.01
10440.27 42736.73
10441.27 42742.36
10442.27 42748.07
10443.28 42753.70
10444.28 42759.29
10445.27 42764.81
10446.28 42770.58
10447.27 42776.17
10448.27 42781.89
10449.27 42787.67
10450.28 42793.39
10451.27 42798.74
10452.27 42804.58
10453.28 42810.05
10454.27 42815.42
10455.27 42821.04
10456.26 42826.81
10457.28 42832.23
10458.27 42837.76
10459.27 42843.31
10460.27 42848.49
10461.28 42854.17
10462.27 42859.89
10463.27 42865.43
10464.27 42871.10
10465.27 42876.83
10466.27 42882.18
10467.27 42887.82
10468.26 42893.46
10469.27 42899.20
10470.27 42904.77
10471.27 42910.42
10472.27 42916.14
10473.27 42921.69
10474.27 42927.26
10475.28 42933.13
10476.28 42938.80
10477.27 42944.21
10478.27 42949.72
10479.28 42955.60
10480.26 42961.07
10481.27 42966.77
10482.27 42972.28
10483.27 42977.98
10484.28 42983.70
10485.27 42989.23
10486.28 42994.88
10487.28 43000.58
10488.27 43006.10
10489.28 43011.52
10490.26 43016.64
10491.27 43022.43
10492.27 43027.92
10493.29 43033.37
10494.28 43039.01
10495.27 43044.79
10496.27 43050.73
10497.27 43056.49
10498.27 43062.41
10499.28 43068.25
10500.28 43073.65
10501.27 43079.42
10502.27 43085.28
10503.28 43091.16
10504.27 43097.11
10505.28 43103.12
10506.27 43108.99
10507.27 43115.01
10508.27 43121.08
10509.28 43126.82
10510.28 43132.91
10511.27 43138.66
10512.27 43144.63
10513.27 43150.50
10514.28 43156.52
10515.27 43162.54
10516.28 43168.58
10517.27 43174.34
10518.28 43180.47
10519.27 43186.48
10520.27 43192.18
10521.26 43198.05
10522.26 43203.79
10523.27 43209.35
10524.28 43215.31
10525.27 43221.37
10526.28 43227.24
10527.28 43233.21
10528.26 43239.09
10529.27 43245.27
10530.29 43251.29
10531.27 43256.93
10532.27 43262.96
10533.27 43268.91
10534.27 43275.02
10535.28 43280.97
10536.28 43286.91
10537.27 43292.88
10538.26 43298.98
10539.27 43304.94
10540.27 43310.91
10541.26 43316.54
10542.27 43322.51
10543.27 43328.47
10544.27 43334.53
10545.27 43340.51
10546.27 43346.38
10547.27 43352.22
10548.28 43358.07
10549.27 43363.88
10550.27 43369.78
10551.28 43375.78
10552.27 43381.36
10553.28 43386.71
10554.28 43392.26
10555.28 43398.05
10556.28 43403.86
10557.27 43409.62
10558.27 43415.52
10559.26 43421.31
10560.26 43427.15
10561.28 43433.10
10562.27 43438.96
10563.27 43444.90
10564.28 43450.89
10565.27 43456.73
10566.27 43462.70
10567.27 43468.67
10568.28 43474.86
10569.27 43480.62
10570.27 43486.60
10571.27 43492.54
10572.28 43498.20
10573.28 43504.28
10574.27 43510.03
10575.28 43515.77
10576.29 43521.64
10577.27 43527.42
10578.28 43533.25
10579.27 43539.32
10580.27 43545.10
10581.27 43550.90
10582.28 43556.77
10583.28 43562.33
10584.28 43567.94
10585.29 43573.52
10586.27 43578.81
10587.27 43584.39
10588.28 43590.44
10589.28 43596.22
10590.27 43601.87
10591.27 43607.68
10592.26 43613.24
10593.28 43619.12
10594.27 43624.73
10595.28 43630.67
10596.28 43636.39
10597.27 43642.14
10598.27 43647.96
10599.28 43653.67
10600.28 43659.44
10601.27 43664.96
10602.28 43670.62
10603.27 43676.08
10604.28 43681.90
10605.28 43687.54
10606.29 43693.21
10607.26 43698.69
10608.28 43704.47
10609.28 43710.12
10610.27 43715.66
10611.27 43721.55
10612.27 43727.29
10613.28 43733.01
10614.26 43738.78
10615.28 43744.48
10616.27 43749.65
10617.27 43755.34
10618.29 43761.01
10619.27 43766.66
10620.27 43772.43
10621.28 43778.33
10622.26 43784.02
10623.27 43789.99
10624.27 43795.92
10625.28 43801.73
10626.28 43807.66
10627.28 43813.48
10628.29 43819.38
10629.28 43825.23
10630.27 43830.98
10631.26 43836.66
10632.26 43842.66
10633.27 43848.38
10634.26 43854.07
10635.27 43859.74
10636.28 43865.75
10637.28 43871.58
10638.27 43877.27
10639.28 43883.10
10640.26 43888.77
10641.28 43894.50
10642.28 43900.41
10643.28 43906.28
10644.26 43911.92
10645.28 43917.92
10646.27 43923.54
10647.28 43929.13
10648.27 43934.49
10649.27 43939.92
10650.28 43945.68
10651.28 43951.60
10652.29 43957.50
10653.28 43963.40
10654.28 43969.45
10655.28 43975.45
10656.28 43981.52
10657.27 43987.33
10658.28 43993.36
10659.27 43999.42
10660.29 44005.38
10661.28 44011.28
10662.27 44017.07
10663.28 44023.11
10664.26 44029.11
10665.28 44035.06
10666.28 44041.14
10667.28 44046.99
10668.27 44052.68
10669.27 44058.84
10670.29 44065.07
10671.28 44071.07
10672.27 44076.89
10673.29 44082.95
10674.28 44088.87
10675.27 44095.08
10676.28 44101.14
10677.29 44107.23
10678.28 44112.96
10679.28 44118.55
10680.26 44124.30
10681.28 44130.30
10682.27 44136.05
10683.28 44142.04
10684.29 44148.05
10685.29 44154.19
10686.28 44160.32
10687.27 44166.43
10688.28 44172.19
10689.28 44178.05
10690.28 44184.04
10691.29 44189.99
10692.27 44196.11
10693.28 44202.40
10694.28 44208.37
10695.28 44214.40
10696.27 44220.29
10697.28 44226.34
10698.28 44232.52
10699.27 44238.49
10700.29 44244.73
10701.27 44250.63
10702.27 44256.74
10703.28 44262.62
10704.29 44268.70
10705.28 44274.75
10706.28 44280.70
10707.28 44286.61
10708.28 44292.74
10709.28 44298.45
10710.28 44304.30
10711.28 44310.14
10712.27 44315.57
10713.28 44321.35
10714.28 44327.52
10715.27 44333.40
10716.28 44339.40
10717.28 44345.52
10718.28 44351.47
10719.28 44357.27
10720.28 44363.40
10721.27 44369.28
10722.28 44375.32
10723.29 44381.37
10724.28 44387.30
10725.28 44393.38
10726.27 44399.15
10727.28 44405.27
10728.28 44410.95
10729.29 44417.05
10730.28 44422.92
10731.28 44428.85
10732.27 44434.62
10733.29 44440.34
10734.27 44445.97
10735.27 44451.72
10736.28 44457.63
10737.28 44463.47
10738.29 44469.36
10739.27 44475.13
10740.28 44481.17
10741.28 44486.90
10742.28 44492.47
10743.28 44498.04
10744.28 44503.69
10745.27 44509.16
10746.27 44514.93
10747.27 44520.68
10748.28 44526.50
10749.28 44532.30
10750.28 44538.17
10751.28 44543.85
10752.27 44549.22
10753.28 44554.84
10754.28 44560.61
10755.27 44566.21
10756.28 44571.85
10757.28 44577.44
10758.27 44583.03
10759.28 44588.74
10760.28 44594.30
10761.27 44599.69
10762.27 44605.49
10763.28 44611.17
10764.27 44616.77
10765.28 44622.55
10766.28 44628.40
10767.28 44634.20
10768.27 44639.88
10769.29 44645.53
10770.29 44651.41
10771.28 44657.02
10772.27 44662.48
10773.28 44668.24
10774.28 44673.70
10775.27 44678.87
10776.27 44684.42
10777.29 44690.26
10778.27 44695.77
10779.28 44701.68
10780.28 44707.38
10781.28 44713.00
10782.26 44718.39
10783.26 44724.02
10784.28 44729.56
10785.28 44735.34
10786.29 44740.81
10787.27 44746.52
10788.27 44752.14
10789.28 44757.84
10790.28 44763.56
10791.29 44769.40
10792.27 44774.98
10793.27 44780.67
10794.27 44786.13
10795.29 44791.96
10796.27 44797.49
10797.28 44803.26
10798.28 44809.09
10799.28 44814.92
10800.27 44820.47
10801.28 44826.27
10802.28 44831.94
10803.28 44837.61
10804.28 44843.08
10805.28 44848.54
10806.28 44854.15
10807.27 44859.67
10808.28 44865.29
10809.28 44870.93
10810.28 44876.72
10811.28 44882.48
10812.28 44888.21
10813.28 44894.20
10814.28 44900.00
10815.28 44905.90
10816.28 44911.67
10817.28 44916.97
10818.28 44922.66
10819.28 44928.55
10820.29 44934.27
10821.29 44940.18
10822.28 44945.86
10823.28 44951.76
10824.28 44957.79
10825.28 44963.71
10826.28 44969.40
10827.27 44974.52
10828.28 44979.62
10829.28 44985.35
10830.28 44990.91
10831.29 44996.25
10832.29 45002.26
10833.28 45008.25
10834.28 45014.28
10835.28 45019.91
10836.29 45025.71
10837.27 45031.54
10838.28 45037.01
10839.28 45042.56
10840.28 45048.49
10841.28 45054.68
10842.28 45060.45
10843.29 45066.43
10844.29 45072.45
10845.29 45078.27
10846.29 45084.19
10847.28 45089.76
10848.28 45095.71
10849.28 45101.74
10850.28 45107.74
10851.28 45113.68
10852.29 45119.50
10853.29 45125.39
10854.28 45131.28
10855.28 45137.25
10856.27 45143.03
10857.29 45148.93
10858.28 45154.86
10859.28 45160.78
10860.29 45166.82
10861.28 45172.78
10862.27 45178.56
10863.27 45184.46
10864.29 45190.45
10865.28 45196.41
10866.29 45202.13
10867.28 45207.88
10868.27 45213.17
10869.29 45218.83
10870.29 45224.60
10871.28 45230.22
10872.28 45236.15
10873.28 45241.99
10874.27 45247.86
10875.28 45253.99
10876.28 45259.82
10877.29 45265.73
10878.29 45271.61
10879.29 45277.43
10880.28 45283.32
10881.28 45289.20
10882.27 45294.93
10883.28 45300.82
10884.29 45306.66
10885.27 45312.45
10886.28 45318.18
10887.28 45323.93
10888.28 45329.73
10889.28 45335.58
10890.28 45341.42
10891.29 45347.20
10892.28 45353.00
10893.29 45358.85
10894.29 45364.62
10895.28 45370.30
10896.27 45376.15
10897.27 45381.87
10898.28 45387.18
10899.29 45392.91
10900.29 45398.38
10901.28 45403.81
10902.28 45409.51
10903.28 45415.19
10904.29 45420.84
10905.28 45426.42
10906.29 45431.90
10907.27 45437.41
10908.28 45443.04
10909.28 45448.74
10910.28 45454.38
10911.28 45460.10
10912.28 45465.69
10913.28 45471.35
10914.28 45477.11
10915.28 45482.76
10916.28 45488.76
10917.27 45494.58
10918.28 45500.48
10919.28 45506.27
10920.28 45511.92
10921.29 45517.70
10922.27 45523.22
10923.28 45528.98
10924.27 45534.71
10925.29 45540.52
10926.28 45546.25
10927.28 45552.01
10928.28 45557.77
10929.28 45563.33
10930.29 45569.06
10931.28 45574.34
10932.27 45579.56
10933.28 45585.17
10934.28 45590.48
10935.28 45596.27
10936.28 45602.04
10937.28 45607.61
10938.28 45613.38
10939.28 45619.13
10940.28 45624.89
10941.28 45630.55
10942.27 45636.11
10943.29 45641.92
10944.28 45647.45
10945.28 45653.23
10946.28 45659.12
10947.27 45664.73
10948.29 45670.56
10949.28 45676.15
10950.28 45681.86
10951.28 45687.70
10952.28 45693.65
10953.29 45699.46
10954.28 45705.32
10955.29 45711.16
10956.29 45717.01
10957.28 45722.95
10958.28 45728.79
10959.28 45734.58
10960.29 45740.68
10961.28 45746.31
10962.29 45752.05
10963.28 45757.70
10964.28 45763.34
10965.27 45769.15
10966.29 45775.16
10967.27 45781.10
10968.28 45787.10
10969.28 45793.02
10970.28 45798.97
10971.28 45804.95
10972.28 45810.88
10973.29 45816.64
10974.29 45822.64
10975.28 45828.62
10976.28 45834.67
10977.28 45840.64
10978.28 45846.69
10979.28 45852.76
10980.29 45858.85
10981.29 45864.96
10982.28 45870.96
10983.28 45877.04
10984.28 45882.99
10985.29 45889.14
10986.28 45895.02
10987.28 45900.56
10988.28 45906.17
10989.28 45912.10
10990.28 45917.93
10991.29 45923.95
10992.27 45929.77
10993.29 45935.45
10994.28 45941.06
10995.28 45946.90
10996.29 45952.66
10997.28 45958.48
10998.29 45964.19
10999.29 45970.03
11000.29 45976.01
11001.28 45981.83
11002.28 45987.93
11003.27 45993.82
11004.28 45999.73
11005.28 46005.88
11006.28 46011.74
11007.29 46017.65
11008.28 46023.64
11009.30 46029.62
11010.29 46035.51
11011.28 46041.38
11012.27 46047.20
11013.28 46053.33
11014.28 46059.17
11015.29 46065.27
11016.28 46071.10
11017.28 46077.18
11018.28 46083.05
11019.28 46088.98
11020.29 46094.88
11021.27 46100.49
11022.29 46106.47
11023.27 46112.28
11024.28 46118.11
11025.28 46123.72
11026.28 46129.53
11027.28 46135.03
11028.29 46140.70
11029.28 46146.58
11030.29 46152.41
11031.29 46158.48
11032.28 46164.35
11033.28 46170.40
11034.28 46176.25
11035.28 46182.18
11036.28 46188.31
11037.28 46194.31
11038.28 46200.09
11039.28 46205.94
11040.29 46211.94
11041.29 46217.84
11042.28 46223.63
11043.28 46229.56
11044.28 46235.40
11045.28 46241.40
11046.29 46247.32
11047.29 46253.15
11048.28 46258.88
11049.28 46264.79
11050.28 46270.62
11051.28 46276.40
11052.29 46282.08
11053.29 46287.76
11054.28 46293.38
11055.28 46299.24
11056.28 46304.90
11057.28 46310.20
11058.28 46315.81
11059.29 46321.21
11060.27 46326.69
11061.28 46332.44
11062.28 46337.94
11063.28 46343.64
11064.28 46349.17
11065.29 46355.06
11066.29 46360.87
11067.28 46366.66
11068.27 46372.52
11069.28 46378.51
11070.28 46384.41
11071.29 46390.24
11072.27 46395.88
11073.28 46401.72
11074.28 46407.45
11075.28 46413.21
11076.29 46419.13
11077.27 46425.09
11078.28 46430.79
11079.29 46436.82
11080.28 46442.70
11081.29 46448.55
11082.28 46454.27
11083.29 46460.11
11084.28 46465.90
11085.28 46471.51
11086.28 46477.14
11087.28 46482.42
11088.29 46487.97
11089.28 46493.52
11090.29 46498.87
11091.28 46504.27
11092.29 46509.86
11093.29 46515.53
11094.28 46521.19
11095.29 46526.87
11096.28 46532.63
11097.28 46538.39
11098.28 46544.21
11099.28 46550.05
11100.29 46555.90
11101.28 46561.60
11102.28 46567.54
11103.28 46573.43
11104.28 46579.17
11105.28 46585.12
11106.29 46591.13
11107.29 46597.05
11108.27 46602.81
11109.28 46608.73
11110.28 46614.64
11111.28 46620.51
11112.29 46626.34
11113.29 46632.45
11114.29 46638.35
11115.29 46644.40
11116.28 46650.08
11117.28 46656.20
11118.29 46662.24
11119.29 46668.13
11120.28 46673.61
11121.28 46679.36
11122.28 46685.09
11123.27 46690.60
11124.29 46696.60
11125.28 46702.52
11126.29 46708.51
11127.28 46714.64
11128.28 46720.56
11129.28 46726.36
11130.29 46732.34
11131.28 46738.25
11132.29 46744.21
11133.28 46750.22
11134.28 46756.34
11135.28 46762.55
11136.29 46768.74
11137.28 46774.72
11138.29 46780.90
11139.29 46786.79
11140.27 46792.68
11141.28 46798.84
11142.28 46804.87
11143.29 46810.86
11144.28 46816.89
11145.29 46822.62
11146.29 46828.09
11147.29 46834.08
11148.29 46839.90
11149.28 46845.87
11150.29 46851.73
11151.28 46857.51
11152.28 46863.33
11153.28 46868.72
11154.28 46874.34
11155.29 46880.22
11156.29 46886.20
11157.27 46892.07
11158.28 46897.92
11159.28 46903.92
11160.28 46909.85
11161.28 46915.82
11162.29 46921.83
11163.28 46927.62
11164.28 46933.65
11165.28 46939.41
11166.27 46945.38
11167.28 46951.42
11168.27 46957.15
11169.29 46963.12
11170.28 46969.05
11171.28 46975.01
11172.28 46980.91
11173.28 46986.93
11174.28 46992.85
11175.28 46998.70
11176.29 47004.70
11177.28 47010.53
11178.28 47016.40
11179.28 47022.14
11180.29 47028.00
11181.27 47033.74
11182.28 47039.52
11183.29 47044.98
11184.28 47050.65
11185.28 47056.40
11186.28 47062.05
11187.29 47067.86
11188.28 47073.72
11189.28 47079.59
11190.28 47085.44
11191.28 47091.16
11192.29 47097.02
11193.28 47102.97
11194.28 47108.66
11195.28 47114.55
11196.28 47120.23
11197.28 47126.20
11198.29 47132.14
11199.29 47137.70
11200.28 47143.41
11201.28 47149.14
11202.28 47154.70
11203.28 47160.40
11204.28 47166.17
11205.28 47171.84
11206.29 47177.38
11207.30 47183.14
11208.28 47188.71
11209.28 47194.21
11210.28 47199.80
11211.29 47205.35
11212.28 47210.89
11213.28 47216.11
11214.28 47221.28
11215.28 47226.74
11216.28 47231.92
11217.28 47237.23
11218.28 47242.99
11219.29 47248.58
11220.28 47254.26
11221.29 47259.99
11222.28 47265.66
11223.27 47271.34
11224.28 47277.09
11225.29 47282.84
11226.29 47288.64
11227.29 47294.36
11228.28 47299.88
11229.29 47305.43
11230.29 47311.11
11231.28 47316.74
11232.28 47322.39
11233.29 47328.08
11234.28 47333.79
11235.27 47339.42
11236.28 47345.06
11237.28 47350.64
11238.28 47356.23
11239.29 47361.90
11240.30 47367.42
11241.28 47372.89
11242.28 47378.49
11243.28 47384.05
11244.29 47389.66
11245.28 47395.12
11246.28 47400.26
11247.28 47405.55
11248.28 47411.03
11249.28 47416.32
11250.29 47421.96
11251.28 47427.59
11252.28 47433.15
11253.28 47438.99
11254.29 47444.79
11255.28 47450.46
11256.30 47456.26
11257.28 47462.04
11258.28 47467.83
11259.29 47473.57
11260.28 47479.35
11261.29 47485.06
11262.28 47490.83
11263.28 47496.56
11264.28 47502.16
11265.28 47507.86
11266.28 47513.51
11267.28 47519.13
11268.29 47524.85
11269.28 47530.47
11270.28 47536.39
11271.29 47542.44
11272.28 47548.11
11273.28 47553.92
11274.28 47559.66
11275.29 47565.63
11276.29 47571.16
11277.28 47576.75
11278.29 47582.56
11279.29 47588.09
11280.28 47593.94
11281.28 47599.76
11282.29 47605.69
11283.28 47611.33
11284.28 47617.33
11285.28 47623.20
11286.28 47629.25
11287.28 47635.10
11288.28 47641.02
11289.28 47646.97
11290.28 47652.91
11291.29 47658.71
11292.29 47664.57
11293.29 47670.34
11294.29 47676.36
11295.28 47682.00
11296.29 47687.87
11297.28 47693.70
11298.28 47699.68
11299.30 47705.82
11300.28 47711.69
11301.28 47717.75
11302.28 47723.68
11303.28 47729.47
11304.28 47735.39
11305.28 47741.43
11306.28 47747.36
11307.29 47753.41
11308.29 47759.35
11309.28 47764.65
11310.28 47770.22
11311.29 47775.93
11312.28 47781.25
11313.28 47787.18
11314.28 47793.10
11315.29 47798.75
11316.30 47804.55
11317.30 47810.45
11318.28 47816.35
11319.28 47822.40
11320.28 47828.27
11321.28 47834.03
11322.28 47839.61
11323.28 47845.39
11324.29 47851.19
11325.29 47856.93
11326.28 47862.62
11327.28 47868.34
11328.29 47874.27
11329.28 47879.89
11330.28 47885.75
11331.29 47891.54
11332.29 47897.37
11333.28 47903.13
11334.29 47908.89
11335.29 47914.66
11336.30 47920.41
11337.29 47926.03
11338.30 47931.99
11339.28 47937.62
11340.28 47943.36
11341.29 47949.15
11342.28 47954.11
11343.28 47959.56
11344.28 47965.17
11345.29 47970.75
11346.29 47976.48
11347.29 47982.51
11348.27 47988.27
11349.28 47994.16
11350.29 48000.07
11351.29 48005.88
11352.29 48011.56
11353.27 48017.03
11354.27 48022.85
11355.28 48028.57
11356.29 48034.54
11357.30 48040.35
11358.28 48046.19
11359.30 48052.02
11360.28 48057.75
11361.29 48063.39
11362.28 48068.93
11363.28 48074.57
11364.28 48080.39
11365.29 48086.18
11366.28 48091.67
11367.28 48097.42
11368.29 48102.86
11369.29 48108.54
11370.29 48114.33
11371.30 48119.88
11372.29 48125.02
11373.28 48130.64
11374.28 48136.46
11375.28 48141.81
11376.28 48147.70
11377.29 48153.63
11378.29 48159.38
11379.28 48165.10
11380.29 48170.86
11381.29 48176.54
11382.28 48182.11
11383.29 48187.87
11384.28 48193.55
11385.28 48199.52
11386.28 48205.40
11387.28 48211.21
11388.29 48217.15
11389.29 48222.79
11390.30 48228.51
11391.29 48234.36
11392.28 48239.86
11393.30 48245.67
11394.29 48251.41
11395.28 48257.13
11396.28 48262.92
11397.27 48268.61
11398.28 48274.40
11399.28 48280.04
11400.28 48285.89
11401.28 48291.51
11402.29 48296.90
11403.29 48302.61
11404.28 48308.39
11405.29 48313.74
11406.28 48319.27
11407.29 48325.03
11408.30 48330.85
11409.27 48336.74
11410.29 48342.60
11411.29 48348.36
11412.29 48354.07
11413.29 48359.99
11414.29 48365.97
11415.28 48371.76
11416.30 48377.58
11417.29 48383.40
11418.29 48389.30
11419.28 48395.29
11420.29 48401.34
11421.27 48407.38
11422.29 48413.38
11423.28 48419.26
11424.29 48425.21
11425.28 48431.12
11426.28 48437.05
11427.27 48442.88
11428.27 48448.65
11429.28 48454.37
11430.29 48460.33
11431.28 48466.21
11432.28 48472.21
11433.30 48478.03
11434.28 48483.80
11435.29 48489.23
11436.29 48494.98
11437.28 48500.90
11438.29 48506.56
11439.29 48512.57
11440.28 48518.49
11441.28 48524.69
11442.30 48530.71
11443.29 48536.68
11444.30 48542.73
11445.28 48548.59
11446.29 48554.53
11447.28 48560.44
11448.28 48566.41
11449.30 48572.59
11450.28 48578.43
11451.28 48584.45
11452.30 48590.59
11453.30 48596.46
11454.27 48602.25
11455.29 48608.33
11456.27 48614.21
11457.27 48620.24
11458.29 48626.45
11459.28 48632.33
11460.28 48638.39
11461.29 48644.50
11462.29 48650.40
11463.29 48656.23
11464.30 48662.38
11465.28 48668.02
11466.28 48673.87
11467.29 48679.90
11468.30 48685.43
11469.30 48691.20
11470.30 48697.12
11471.27 48702.97
11472.27 48708.86
11473.28 48714.98
11474.28 48721.10
11475.29 48726.99
11476.29 48732.87
11477.30 48738.86
11478.28 48744.80
11479.27 48750.69
11480.28 48756.75
11481.29 48762.79
11482.28 48768.59
11483.28 48774.48
11484.28 48780.41
11485.28 48786.43
11486.30 48792.52
11487.28 48798.36
11488.28 48804.38
11489.28 48810.42
11490.28 48816.50
11491.30 48822.37
11492.29 48828.18
11493.28 48834.12
11494.28 48840.09
11495.29 48846.04
11496.29 48851.87
11497.28 48857.72
11498.28 48863.09
11499.28 48868.82
11500.30 48874.50
11501.27 48879.90
11502.28 48885.71
11503.29 48891.82
11504.30 48897.69
11505.30 48903.60
11506.28 48909.32
11507.29 48915.22
11508.30 48921.23
11509.30 48927.00
11510.29 48932.78
11511.28 48938.68
11512.28 48944.55
11513.29 48950.35
11514.29 48955.93
11515.30 48961.56
11516.28 48967.16
11517.29 48972.97
11518.29 48978.93
11519.29 48984.75
11520.29 48990.34
11521.28 48995.95
11522.28 49001.69
11523.28 49007.59
11524.29 49013.39
11525.30 49019.23
11526.28 49025.00
11527.29 49031.05
11528.29 49036.75
11529.28 49042.09
11530.29 49047.92
11531.30 49053.33
11532.29 49058.77
11533.30 49064.64
11534.28 49070.23
11535.28 49076.03
11536.29 49082.05
11537.28 49087.91
11538.30 49093.85
11539.28 49099.75
11540.29 49105.75
11541.29 49111.56
11542.30 49117.33
11543.28 49123.18
11544.28 49128.94
11545.28 49134.64
11546.28 49140.46
11547.29 49146.28
11548.29 49152.04
11549.29 49157.97
11550.30 49163.66
11551.30 49169.22
11552.29 49174.97
11553.29 49180.74
11554.28 49186.29
11555.28 49192.12
11556.29 49197.98
11557.29 49203.89
11558.28 49209.61
11559.29 49215.54
11560.29 49221.33
11561.30 49226.70
11562.30 49232.14
11563.30 49238.02
11564.28 49243.33
11565.29 49249.39
11566.30 49255.33
11567.28 49261.19
11568.28 49267.17
11569.29 49273.17
11570.28 49279.12
11571.28 49285.06
11572.29 49290.98
11573.29 49296.85
11574.29 49302.60
11575.29 49308.69
11576.30 49314.74
11577.29 49320.65
11578.30 49326.82
11579.30 49332.87
11580.30 49339.07
11581.29 49345.19
11582.30 49351.14
11583.28 49357.30
11584.28 49363.32
11585.28 49369.32
11586.29 49375.55
11587.29 49381.81
11588.29 49387.82
11589.31 49394.32
11590.28 49400.51
11591.29 49406.70
11592.30 49412.47
11593.30 49418.68
11594.29 49424.03
11595.29 49429.83
11596.30 49435.63
11597.28 49441.56
11598.29 49447.64
11599.29 49453.80
11600.29 49459.87
11601.28 49465.81
11602.29 49472.01
11603.28 49478.04
11604.29 49484.00
11605.29 49489.79
11606.29 49495.72
11607.30 49501.89
11608.30 49508.06
11609.30 49514.07
11610.29 49520.26
11611.29 49526.15
11612.29 49532.27
11613.30 49538.34
11614.29 49544.38
11615.30 49550.53
11616.28 49556.48
11617.29 49562.52
11618.30 49568.57
11619.30 49574.60
11620.29 49580.70
11621.29 49586.81
11622.29 49592.57
11623.30 49598.43
11624.28 49603.85
11625.30 49609.75
11626.28 49615.61
11627.29 49621.40
11628.29 49627.21
11629.29 49633.12
11630.29 49639.13
11631.29 49645.21
11632.29 49651.19
11633.29 49656.88
11634.29 49662.87
11635.29 49668.85
11636.29 49674.89
11637.29 49680.89
11638.29 49686.82
11639.28 49692.71
11640.29 49698.65
11641.29 49704.77
11642.30 49710.57
11643.30 49716.48
11644.30 49722.53
11645.29 49728.52
11646.28 49734.32
11647.29 49740.27
11648.29 49746.01
11649.30 49752.01
11650.29 49757.90
11651.29 49763.75
11652.30 49769.68
11653.29 49775.44
11654.30 49781.27
11655.29 49786.67
11656.28 49792.31
11657.30 49797.90
11658.28 49803.17
11659.29 49808.85
11660.29 49814.59
11661.29 49820.17
11662.30 49826.04
11663.29 49831.80
11664.30 49837.49
11665.29 49843.14
11666.30 49848.74
11667.29 49854.32
11668.29 49859.99
11669.30 49865.65
11670.30 49871.35
11671.30 49876.93
11672.29 49882.50
11673.29 49888.07
11674.30 49893.70
11675.28 49899.31
11676.28 49904.92
11677.29 49910.74
11678.29 49916.35
11679.29 49922.09
11680.29 49927.85
11681.29 49933.67
11682.29 49939.42
11683.29 49945.26
11684.29 49950.80
11685.30 49956.59
11686.30 49962.36
11687.29 49967.83
11688.29 49973.16
11689.29 49978.77
11690.29 49984.17
11691.29 49989.73
11692.29 49994.55
11693.29 50000.07
11694.28 50002.98
11695.28 50006.82
11696.28 50012.43
11697.28 50017.32
11698.28 50023.56
11699.30 50029.60
11700.29 50035.37
11701.29 50040.73
11702.30 50046.10
11703.29 50051.30
11704.29 50056.66
11705.31 50061.62
11706.30 50066.20
11707.31 50071.50
11708.30 50076.90
11709.30 50082.00
11710.30 50087.04
11711.30 50092.29
11712.32 50098.20
11713.29 50103.90
11714.31 50109.65
11715.30 50115.03
11716.30 50120.75
11717.30 50126.45
11718.31 50131.62
11719.29 50137.71
11720.36 50145.57
11721.38 50153.05
11722.31 50160.16
11723.29 50167.62
11724.29 50175.19
11725.38 50183.53
11726.40 50191.44
11727.29 50197.89
11728.29 50205.61
11729.37 50213.88
11730.39 50221.89
11731.31 50228.67
11732.34 50236.98
11733.32 50244.40
11734.39 50252.55
11735.31 50259.78
11736.34 50267.79
11737.36 50275.67
11738.38 50283.54
11739.30 50290.81
11740.33 50298.85
11741.29 50306.26
11742.29 50313.99
11743.29 50321.88
