timestamp,id,uuid,load,memoryUtil,memoryTotal,memoryUsed,memoryFree,driver,name,serial,display_mode,display_active
1672427126.456133,0,GPU-a71d5fd4-b7db-93b7-1b7a-5a6e2a6a8c65,0.0,0.20693359375,10240.0,8121.0,472.12,NVIDIA GeForce RTX 3080,[N/A],Enabled,Enabled
1672427127.45343,0,GPU-a71d5fd4-b7db-93b7-1b7a-5a6e2a6a8c65,0.0,0.20693359375,10240.0,8121.0,472.12,NVIDIA GeForce RTX 3080,[N/A],Enabled,Enabled
1672427128.452176,0,GPU-a71d5fd4-b7db-93b7-1b7a-5a6e2a6a8c65,0.01,0.20693359375,10240.0,8121.0,472.12,NVIDIA GeForce RTX 3080,[N/A],Enabled,Enabled
1672427129.451186,0,GPU-a71d5fd4-b7db-93b7-1b7a-5a6e2a6a8c65,0.01,0.20693359375,10240.0,8121.0,472.12,NVIDIA GeForce RTX 3080,[N/A],Enabled,Enabled
1672427130.451594,0,GPU-a71d5fd4-b7db-93b7-1b7a-5a6e2a6a8c65,0.01,0.20693359375,10240.0,8121.0,472.12,NVIDIA GeForce RTX 3080,[N/A],Enabled,Enabled
1672427131.465421,0,GPU-a71d5fd4-b7db-93b7-1b7a-5a6e2a6a8c65,0.0,0.20693359375,10240.0,8121.0,472.12,NVIDIA GeForce RTX 3080,[N/A],Enabled,Enabled
1672427132.453596,0,GPU-a71d5fd4-b7db-93b7-1b7a-5a6e2a6a8c65,0.0,0.20693359375,10240.0,8121.0,472.12,NVIDIA GeForce RTX 3080,[N/A],Enabled,Enabled
1672427133.461595,0,GPU-a71d5fd4-b7db-93b7-1b7a-5a6e2a6a8c65,0.01,0.20693359375,10240.0,8121.0,472.12,NVIDIA GeForce RTX 3080,[N/A],Enabled,Enabled
1672427134.45259,0,GPU-a71d5fd4-b7db-93b7-1b7a-5a6e2a6a8c65,0.01,0.20693359375,10240.0,8121.0,472.12,NVIDIA GeForce RTX 3080,[N/A],Enabled,Enabled
1672427135.458594,0,GPU-a71d5fd4-b7db-93b7-1b7a-5a6e2a6a8c65,0.01,0.20693359375,10240.0,8121.0,472.12,NVIDIA GeForce RTX 3080,[N/A],Enabled,Enabled
1672427136.464591,0,GPU-a71d5fd4-b7db-93b7-1b7a-5a6e2a6a8c65,0.0,0.20693359375,10240.0,8121.0,472.12,NVIDIA GeForce RTX 3080,[N/A],Enabled,Enabled
1672427137.461597,0,GPU-a71d5fd4-b7db-93b7-1b7a-5a6e2a6a8c65,0.0,0.20693359375,10240.0,8121.0,472.12,NVIDIA GeForce RTX 3080,[N/A],Enabled,Enabled
1672427138.461052,0,GPU-a71d5fd4-b7db-93b7-1b7a-5a6e2a6a8c65,0.01,0.20693359375,10240.0,8121.0,472.12,NVIDIA GeForce RTX 3080,[N/A],Enabled,Enabled
1672427139.459509,0,GPU-a71d5fd4-b7db-93b7-1b7a-5a6e2a6a8c65,0.01,0.20693359375,10240.0,8121.0,472.12,NVIDIA GeForce RTX 3080,[N/A],Enabled,Enabled
1672427140.459363,0,GPU-a71d5fd4-b7db-93b7-1b7a-5a6e2a6a8c65,0.01,0.20693359375,10240.0,8121.0,472.12,NVIDIA GeForce RTX 3080,[N/A],Enabled,Enabled
1672427141.464107,0,GPU-a71d5fd4-b7db-93b7-1b7a-5a6e2a6a8c65,0.0,0.20693359375,10240.0,8121.0,472.12,NVIDIA GeForce RTX 3080,[N/A],Enabled,Enabled
1672427142.451363,0,GPU-a71d5fd4-b7db-93b7-1b7a-5a6e2a6a8c65,0.0,0.20693359375,10240.0,8121.0,472.12,NVIDIA GeForce RTX 3080,[N/A],Enabled,Enabled
1672427143.455642,0,GPU-a71d5fd4-b7db-93b7-1b7a-5a6e2a6a8c65,0.01,0.20693359375,10240.0,8121.0,472.12,NVIDIA GeForce RTX 3080,[N/A],Enabled,Enabled
1672427144.462106,0,GPU-a71d5fd4-b7db-93b7-1b7a-5a6e2a6a8c65,0.01,0.20693359375,10240.0,8121.0,472.12,NVIDIA GeForce RTX 3080,[N/A],Enabled,Enabled
1672427145.461108,0,GPU-a71d5fd4-b7db-93b7-1b7a-5a6e2a6a8c65,0.01,0.20693359375,10240.0,8121.0,472.12,NVIDIA GeForce RTX 3080,[N/A],Enabled,Enabled
1672427146.452597,0,GPU-a71d5fd4-b7db-93b7-1b7a-5a6e2a6a8c65,0.0,0.2076171875,10240.0,8114.0,472.12,NVIDIA GeForce RTX 3080,[N/A],Enabled,Enabled
1672427147.452591,0,GPU-a71d5fd4-b7db-93b7-1b7a-5a6e2a6a8c65,0.0,0.2076171875,10240.0,8114.0,472.12,NVIDIA GeForce RTX 3080,[N/A],Enabled,Enabled
1672427148.452113,0,GPU-a71d5fd4-b7db-93b7-1b7a-5a6e2a6a8c65,0.0,0.2076171875,10240.0,8114.0,472.12,NVIDIA GeForce RTX 3080,[N/A],Enabled,Enabled
1672427149.464112,0,GPU-a71d5fd4-b7db-93b7-1b7a-5a6e2a6a8c65,0.01,0.2076171875,10240.0,8114.0,472.12,NVIDIA GeForce RTX 3080,[N/A],Enabled,Enabled
1672427150.461586,0,GPU-a71d5fd4-b7db-93b7-1b7a-5a6e2a6a8c65,0.0,0.2076171875,10240.0,8114.0,472.12,NVIDIA GeForce RTX 3080,[N/A],Enabled,Enabled
1672427151.458599,0,GPU-a71d5fd4-b7db-93b7-1b7a-5a6e2a6a8c65,0.0,0.2076171875,10240.0,8114.0,472.12,NVIDIA GeForce RTX 3080,[N/A],Enabled,Enabled
1672427152.456672,0,GPU-a71d5fd4-b7db-93b7-1b7a-5a6e2a6a8c65,0.0,0.2076171875,10240.0,8114.0,472.12,NVIDIA GeForce RTX 3080,[N/A],Enabled,Enabled
1672427153.453598,0,GPU-a71d5fd4-b7db-93b7-1b7a-5a6e2a6a8c65,0.01,0.2076171875,10240.0,8114.0,472.12,NVIDIA GeForce RTX 3080,[N/A],Enabled,Enabled
1672427154.457596,0,GPU-a71d5fd4-b7db-93b7-1b7a-5a6e2a6a8c65,0.01,0.2076171875,10240.0,8114.0,472.12,NVIDIA GeForce RTX 3080,[N/A],Enabled,Enabled
1672427155.455597,0,GPU-a71d5fd4-b7db-93b7-1b7a-5a6e2a6a8c65,0.0,0.2076171875,10240.0,8114.0,472.12,NVIDIA GeForce RTX 3080,[N/A],Enabled,Enabled
1672427156.454591,0,GPU-a71d5fd4-b7db-93b7-1b7a-5a6e2a6a8c65,0.0,0.2076171875,10240.0,8114.0,472.12,NVIDIA GeForce RTX 3080,[N/A],Enabled,Enabled
1672427157.459028,0,GPU-a71d5fd4-b7db-93b7-1b7a-5a6e2a6a8c65,0.0,0.20703125,10240.0,8120.0,472.12,NVIDIA GeForce RTX 3080,[N/A],Enabled,Enabled
1672427158.463672,0,GPU-a71d5fd4-b7db-93b7-1b7a-5a6e2a6a8c65,0.0,0.2076171875,10240.0,8114.0,472.12,NVIDIA GeForce RTX 3080,[N/A],Enabled,Enabled
1672427159.458672,0,GPU-a71d5fd4-b7db-93b7-1b7a-5a6e2a6a8c65,0.0,0.2076171875,10240.0,8114.0,472.12,NVIDIA GeForce RTX 3080,[N/A],Enabled,Enabled
1672427160.459624,0,GPU-a71d5fd4-b7db-93b7-1b7a-5a6e2a6a8c65,0.0,0.2076171875,10240.0,8114.0,472.12,NVIDIA GeForce RTX 3080,[N/A],Enabled,Enabled
1672427161.458598,0,GPU-a71d5fd4-b7db-93b7-1b7a-5a6e2a6a8c65,0.0,0.2076171875,10240.0,8114.0,472.12,NVIDIA GeForce RTX 3080,[N/A],Enabled,Enabled
1672427162.459596,0,GPU-a71d5fd4-b7db-93b7-1b7a-5a6e2a6a8c65,0.0,0.2076171875,10240.0,8114.0,472.12,NVIDIA GeForce RTX 3080,[N/A],Enabled,Enabled
1672427163.459538,0,GPU-a71d5fd4-b7db-93b7-1b7a-5a6e2a6a8c65,0.01,0.2078125,10240.0,8112.0,472.12,NVIDIA GeForce RTX 3080,[N/A],Enabled,Enabled
1672427164.464279,0,GPU-a71d5fd4-b7db-93b7-1b7a-5a6e2a6a8c65,0.04,0.21513671875,10240.0,8037.0,472.12,NVIDIA GeForce RTX 3080,[N/A],Enabled,Enabled
1672427165.465815,0,GPU-a71d5fd4-b7db-93b7-1b7a-5a6e2a6a8c65,0.0,0.21513671875,10240.0,8037.0,472.12,NVIDIA GeForce RTX 3080,[N/A],Enabled,Enabled
1672427166.453509,0,GPU-a71d5fd4-b7db-93b7-1b7a-5a6e2a6a8c65,0.0,0.21513671875,10240.0,8037.0,472.12,NVIDIA GeForce RTX 3080,[N/A],Enabled,Enabled
1672427167.457488,0,GPU-a71d5fd4-b7db-93b7-1b7a-5a6e2a6a8c65,0.0,0.21513671875,10240.0,8037.0,472.12,NVIDIA GeForce RTX 3080,[N/A],Enabled,Enabled
1672427168.463765,0,GPU-a71d5fd4-b7db-93b7-1b7a-5a6e2a6a8c65,0.0,0.21513671875,10240.0,8037.0,472.12,NVIDIA GeForce RTX 3080,[N/A],Enabled,Enabled
1672427169.456183,0,GPU-a71d5fd4-b7db-93b7-1b7a-5a6e2a6a8c65,0.0,0.21513671875,10240.0,8037.0,472.12,NVIDIA GeForce RTX 3080,[N/A],Enabled,Enabled
1672427170.463287,0,GPU-a71d5fd4-b7db-93b7-1b7a-5a6e2a6a8c65,0.01,0.21513671875,10240.0,8037.0,472.12,NVIDIA GeForce RTX 3080,[N/A],Enabled,Enabled
1672427171.451762,0,GPU-a71d5fd4-b7db-93b7-1b7a-5a6e2a6a8c65,0.0,0.21513671875,10240.0,8037.0,472.12,NVIDIA GeForce RTX 3080,[N/A],Enabled,Enabled
1672427172.458033,0,GPU-a71d5fd4-b7db-93b7-1b7a-5a6e2a6a8c65,0.0,0.21513671875,10240.0,8037.0,472.12,NVIDIA GeForce RTX 3080,[N/A],Enabled,Enabled
1672427173.46371,0,GPU-a71d5fd4-b7db-93b7-1b7a-5a6e2a6a8c65,0.0,0.21513671875,10240.0,8037.0,472.12,NVIDIA GeForce RTX 3080,[N/A],Enabled,Enabled
1672427174.457308,0,GPU-a71d5fd4-b7db-93b7-1b7a-5a6e2a6a8c65,0.01,0.21513671875,10240.0,8037.0,472.12,NVIDIA GeForce RTX 3080,[N/A],Enabled,Enabled
1672427175.465144,0,GPU-a71d5fd4-b7db-93b7-1b7a-5a6e2a6a8c65,0.01,0.21513671875,10240.0,8037.0,472.12,NVIDIA GeForce RTX 3080,[N/A],Enabled,Enabled
1672427176.452968,0,GPU-a71d5fd4-b7db-93b7-1b7a-5a6e2a6a8c65,0.0,0.21513671875,10240.0,8037.0,472.12,NVIDIA GeForce RTX 3080,[N/A],Enabled,Enabled
1672427177.459279,0,GPU-a71d5fd4-b7db-93b7-1b7a-5a6e2a6a8c65,0.0,0.21513671875,10240.0,8037.0,472.12,NVIDIA GeForce RTX 3080,[N/A],Enabled,Enabled
1672427178.453156,0,GPU-a71d5fd4-b7db-93b7-1b7a-5a6e2a6a8c65,0.0,0.21513671875,10240.0,8037.0,472.12,NVIDIA GeForce RTX 3080,[N/A],Enabled,Enabled
1672427179.46093,0,GPU-a71d5fd4-b7db-93b7-1b7a-5a6e2a6a8c65,0.0,0.21513671875,10240.0,8037.0,472.12,NVIDIA GeForce RTX 3080,[N/A],Enabled,Enabled
1672427180.453543,0,GPU-a71d5fd4-b7db-93b7-1b7a-5a6e2a6a8c65,0.01,0.21513671875,10240.0,8037.0,472.12,NVIDIA GeForce RTX 3080,[N/A],Enabled,Enabled
1672427181.4557,0,GPU-a71d5fd4-b7db-93b7-1b7a-5a6e2a6a8c65,0.01,0.21513671875,10240.0,8037.0,472.12,NVIDIA GeForce RTX 3080,[N/A],Enabled,Enabled
1672427182.464205,0,GPU-a71d5fd4-b7db-93b7-1b7a-5a6e2a6a8c65,0.0,0.21513671875,10240.0,8037.0,472.12,NVIDIA GeForce RTX 3080,[N/A],Enabled,Enabled
1672427183.451923,0,GPU-a71d5fd4-b7db-93b7-1b7a-5a6e2a6a8c65,0.0,0.21513671875,10240.0,8037.0,472.12,NVIDIA GeForce RTX 3080,[N/A],Enabled,Enabled
1672427184.458056,0,GPU-a71d5fd4-b7db-93b7-1b7a-5a6e2a6a8c65,0.0,0.21513671875,10240.0,8037.0,472.12,NVIDIA GeForce RTX 3080,[N/A],Enabled,Enabled
1672427185.458175,0,GPU-a71d5fd4-b7db-93b7-1b7a-5a6e2a6a8c65,0.01,0.21513671875,10240.0,8037.0,472.12,NVIDIA GeForce RTX 3080,[N/A],Enabled,Enabled
1672427186.451866,0,GPU-a71d5fd4-b7db-93b7-1b7a-5a6e2a6a8c65,0.01,0.21513671875,10240.0,8037.0,472.12,NVIDIA GeForce RTX 3080,[N/A],Enabled,Enabled
1672427187.458938,0,GPU-a71d5fd4-b7db-93b7-1b7a-5a6e2a6a8c65,0.0,0.21513671875,10240.0,8037.0,472.12,NVIDIA GeForce RTX 3080,[N/A],Enabled,Enabled
1672427188.462045,0,GPU-a71d5fd4-b7db-93b7-1b7a-5a6e2a6a8c65,0.0,0.21513671875,10240.0,8037.0,472.12,NVIDIA GeForce RTX 3080,[N/A],Enabled,Enabled
1672427189.45616,0,GPU-a71d5fd4-b7db-93b7-1b7a-5a6e2a6a8c65,0.01,0.21513671875,10240.0,8037.0,472.12,NVIDIA GeForce RTX 3080,[N/A],Enabled,Enabled
1672427190.451068,0,GPU-a71d5fd4-b7db-93b7-1b7a-5a6e2a6a8c65,0.01,0.21513671875,10240.0,8037.0,472.12,NVIDIA GeForce RTX 3080,[N/A],Enabled,Enabled
1672427191.459957,0,GPU-a71d5fd4-b7db-93b7-1b7a-5a6e2a6a8c65,0.01,0.21513671875,10240.0,8037.0,472.12,NVIDIA GeForce RTX 3080,[N/A],Enabled,Enabled
1672427192.453033,0,GPU-a71d5fd4-b7db-93b7-1b7a-5a6e2a6a8c65,0.0,0.21513671875,10240.0,8037.0,472.12,NVIDIA GeForce RTX 3080,[N/A],Enabled,Enabled
1672427193.45746,0,GPU-a71d5fd4-b7db-93b7-1b7a-5a6e2a6a8c65,0.0,0.21513671875,10240.0,8037.0,472.12,NVIDIA GeForce RTX 3080,[N/A],Enabled,Enabled
1672427194.464119,0,GPU-a71d5fd4-b7db-93b7-1b7a-5a6e2a6a8c65,0.01,0.21513671875,10240.0,8037.0,472.12,NVIDIA GeForce RTX 3080,[N/A],Enabled,Enabled
1672427195.457805,0,GPU-a71d5fd4-b7db-93b7-1b7a-5a6e2a6a8c65,0.01,0.21513671875,10240.0,8037.0,472.12,NVIDIA GeForce RTX 3080,[N/A],Enabled,Enabled
1672427196.461989,0,GPU-a71d5fd4-b7db-93b7-1b7a-5a6e2a6a8c65,0.0,0.21513671875,10240.0,8037.0,472.12,NVIDIA GeForce RTX 3080,[N/A],Enabled,Enabled
1672427197.464957,0,GPU-a71d5fd4-b7db-93b7-1b7a-5a6e2a6a8c65,0.0,0.21513671875,10240.0,8037.0,472.12,NVIDIA GeForce RTX 3080,[N/A],Enabled,Enabled
1672427198.457461,0,GPU-a71d5fd4-b7db-93b7-1b7a-5a6e2a6a8c65,0.0,0.21513671875,10240.0,8037.0,472.12,NVIDIA GeForce RTX 3080,[N/A],Enabled,Enabled
1672427199.465123,0,GPU-a71d5fd4-b7db-93b7-1b7a-5a6e2a6a8c65,0.01,0.21513671875,10240.0,8037.0,472.12,NVIDIA GeForce RTX 3080,[N/A],Enabled,Enabled
1672427200.456239,0,GPU-a71d5fd4-b7db-93b7-1b7a-5a6e2a6a8c65,0.01,0.21513671875,10240.0,8037.0,472.12,NVIDIA GeForce RTX 3080,[N/A],Enabled,Enabled
1672427201.462157,0,GPU-a71d5fd4-b7db-93b7-1b7a-5a6e2a6a8c65,0.0,0.21513671875,10240.0,8037.0,472.12,NVIDIA GeForce RTX 3080,[N/A],Enabled,Enabled
1672427202.454178,0,GPU-a71d5fd4-b7db-93b7-1b7a-5a6e2a6a8c65,0.0,0.21513671875,10240.0,8037.0,472.12,NVIDIA GeForce RTX 3080,[N/A],Enabled,Enabled
1672427203.45591,0,GPU-a71d5fd4-b7db-93b7-1b7a-5a6e2a6a8c65,0.0,0.21513671875,10240.0,8037.0,472.12,NVIDIA GeForce RTX 3080,[N/A],Enabled,Enabled
1672427204.460904,0,GPU-a71d5fd4-b7db-93b7-1b7a-5a6e2a6a8c65,0.01,0.21513671875,10240.0,8037.0,472.12,NVIDIA GeForce RTX 3080,[N/A],Enabled,Enabled
1672427205.464831,0,GPU-a71d5fd4-b7db-93b7-1b7a-5a6e2a6a8c65,0.01,0.21513671875,10240.0,8037.0,472.12,NVIDIA GeForce RTX 3080,[N/A],Enabled,Enabled
1672427206.455138,0,GPU-a71d5fd4-b7db-93b7-1b7a-5a6e2a6a8c65,0.0,0.21513671875,10240.0,8037.0,472.12,NVIDIA GeForce RTX 3080,[N/A],Enabled,Enabled
1672427207.45076,0,GPU-a71d5fd4-b7db-93b7-1b7a-5a6e2a6a8c65,0.0,0.21513671875,10240.0,8037.0,472.12,NVIDIA GeForce RTX 3080,[N/A],Enabled,Enabled
1672427208.455878,0,GPU-a71d5fd4-b7db-93b7-1b7a-5a6e2a6a8c65,0.0,0.21513671875,10240.0,8037.0,472.12,NVIDIA GeForce RTX 3080,[N/A],Enabled,Enabled
1672427209.461006,0,GPU-a71d5fd4-b7db-93b7-1b7a-5a6e2a6a8c65,0.0,0.21513671875,10240.0,8037.0,472.12,NVIDIA GeForce RTX 3080,[N/A],Enabled,Enabled
1672427210.453587,0,GPU-a71d5fd4-b7db-93b7-1b7a-5a6e2a6a8c65,0.01,0.21513671875,10240.0,8037.0,472.12,NVIDIA GeForce RTX 3080,[N/A],Enabled,Enabled
1672427211.460828,0,GPU-a71d5fd4-b7db-93b7-1b7a-5a6e2a6a8c65,0.0,0.21513671875,10240.0,8037.0,472.12,NVIDIA GeForce RTX 3080,[N/A],Enabled,Enabled
1672427212.453925,0,GPU-a71d5fd4-b7db-93b7-1b7a-5a6e2a6a8c65,0.0,0.21513671875,10240.0,8037.0,472.12,NVIDIA GeForce RTX 3080,[N/A],Enabled,Enabled
1672427213.459341,0,GPU-a71d5fd4-b7db-93b7-1b7a-5a6e2a6a8c65,0.0,0.21513671875,10240.0,8037.0,472.12,NVIDIA GeForce RTX 3080,[N/A],Enabled,Enabled
1672427214.466528,0,GPU-a71d5fd4-b7db-93b7-1b7a-5a6e2a6a8c65,0.0,0.21513671875,10240.0,8037.0,472.12,NVIDIA GeForce RTX 3080,[N/A],Enabled,Enabled
1672427215.456049,0,GPU-a71d5fd4-b7db-93b7-1b7a-5a6e2a6a8c65,0.01,0.21513671875,10240.0,8037.0,472.12,NVIDIA GeForce RTX 3080,[N/A],Enabled,Enabled
1672427216.461134,0,GPU-a71d5fd4-b7db-93b7-1b7a-5a6e2a6a8c65,0.0,0.21513671875,10240.0,8037.0,472.12,NVIDIA GeForce RTX 3080,[N/A],Enabled,Enabled
1672427217.452221,0,GPU-a71d5fd4-b7db-93b7-1b7a-5a6e2a6a8c65,0.0,0.21513671875,10240.0,8037.0,472.12,NVIDIA GeForce RTX 3080,[N/A],Enabled,Enabled
1672427218.458825,0,GPU-a71d5fd4-b7db-93b7-1b7a-5a6e2a6a8c65,0.0,0.21513671875,10240.0,8037.0,472.12,NVIDIA GeForce RTX 3080,[N/A],Enabled,Enabled
1672427219.452919,0,GPU-a71d5fd4-b7db-93b7-1b7a-5a6e2a6a8c65,0.0,0.21513671875,10240.0,8037.0,472.12,NVIDIA GeForce RTX 3080,[N/A],Enabled,Enabled
1672427220.455252,0,GPU-a71d5fd4-b7db-93b7-1b7a-5a6e2a6a8c65,0.0,0.21513671875,10240.0,8037.0,472.12,NVIDIA GeForce RTX 3080,[N/A],Enabled,Enabled
1672427221.464269,0,GPU-a71d5fd4-b7db-93b7-1b7a-5a6e2a6a8c65,0.0,0.21513671875,10240.0,8037.0,472.12,NVIDIA GeForce RTX 3080,[N/A],Enabled,Enabled
1672427222.454377,0,GPU-a71d5fd4-b7db-93b7-1b7a-5a6e2a6a8c65,0.0,0.21513671875,10240.0,8037.0,472.12,NVIDIA GeForce RTX 3080,[N/A],Enabled,Enabled
1672427223.462206,0,GPU-a71d5fd4-b7db-93b7-1b7a-5a6e2a6a8c65,0.0,0.21513671875,10240.0,8037.0,472.12,NVIDIA GeForce RTX 3080,[N/A],Enabled,Enabled
1672427224.451909,0,GPU-a71d5fd4-b7db-93b7-1b7a-5a6e2a6a8c65,0.0,0.21513671875,10240.0,8037.0,472.12,NVIDIA GeForce RTX 3080,[N/A],Enabled,Enabled
1672427225.456888,0,GPU-a71d5fd4-b7db-93b7-1b7a-5a6e2a6a8c65,0.08,0.3388671875,10240.0,6770.0,472.12,NVIDIA GeForce RTX 3080,[N/A],Enabled,Enabled
1672427226.461082,0,GPU-a71d5fd4-b7db-93b7-1b7a-5a6e2a6a8c65,0.1,0.341796875,10240.0,6740.0,472.12,NVIDIA GeForce RTX 3080,[N/A],Enabled,Enabled
1672427227.454013,0,GPU-a71d5fd4-b7db-93b7-1b7a-5a6e2a6a8c65,0.14,0.34443359375,10240.0,6713.0,472.12,NVIDIA GeForce RTX 3080,[N/A],Enabled,Enabled
1672427228.462184,0,GPU-a71d5fd4-b7db-93b7-1b7a-5a6e2a6a8c65,0.09,0.351171875,10240.0,6644.0,472.12,NVIDIA GeForce RTX 3080,[N/A],Enabled,Enabled
1672427229.454786,0,GPU-a71d5fd4-b7db-93b7-1b7a-5a6e2a6a8c65,0.14,0.351171875,10240.0,6644.0,472.12,NVIDIA GeForce RTX 3080,[N/A],Enabled,Enabled
1672427230.461691,0,GPU-a71d5fd4-b7db-93b7-1b7a-5a6e2a6a8c65,0.14,0.351171875,10240.0,6644.0,472.12,NVIDIA GeForce RTX 3080,[N/A],Enabled,Enabled
1672427231.455837,0,GPU-a71d5fd4-b7db-93b7-1b7a-5a6e2a6a8c65,0.17,0.3544921875,10240.0,6610.0,472.12,NVIDIA GeForce RTX 3080,[N/A],Enabled,Enabled
1672427232.464178,0,GPU-a71d5fd4-b7db-93b7-1b7a-5a6e2a6a8c65,0.15,0.35546875,10240.0,6600.0,472.12,NVIDIA GeForce RTX 3080,[N/A],Enabled,Enabled
1672427233.45649,0,GPU-a71d5fd4-b7db-93b7-1b7a-5a6e2a6a8c65,0.25,0.44560546875,10240.0,5677.0,472.12,NVIDIA GeForce RTX 3080,[N/A],Enabled,Enabled
1672427234.452016,0,GPU-a71d5fd4-b7db-93b7-1b7a-5a6e2a6a8c65,0.1,0.4587890625,10240.0,5542.0,472.12,NVIDIA GeForce RTX 3080,[N/A],Enabled,Enabled
1672427235.46012,0,GPU-a71d5fd4-b7db-93b7-1b7a-5a6e2a6a8c65,0.13,0.49677734375,10240.0,5153.0,472.12,NVIDIA GeForce RTX 3080,[N/A],Enabled,Enabled
1672427236.465078,0,GPU-a71d5fd4-b7db-93b7-1b7a-5a6e2a6a8c65,0.14,0.4076171875,10240.0,6066.0,472.12,NVIDIA GeForce RTX 3080,[N/A],Enabled,Enabled
1672427237.460151,0,GPU-a71d5fd4-b7db-93b7-1b7a-5a6e2a6a8c65,0.14,0.4076171875,10240.0,6066.0,472.12,NVIDIA GeForce RTX 3080,[N/A],Enabled,Enabled
1672427238.464964,0,GPU-a71d5fd4-b7db-93b7-1b7a-5a6e2a6a8c65,0.13,0.4076171875,10240.0,6066.0,472.12,NVIDIA GeForce RTX 3080,[N/A],Enabled,Enabled
1672427239.462782,0,GPU-a71d5fd4-b7db-93b7-1b7a-5a6e2a6a8c65,0.13,0.4357421875,10240.0,5778.0,472.12,NVIDIA GeForce RTX 3080,[N/A],Enabled,Enabled
1672427240.453806,0,GPU-a71d5fd4-b7db-93b7-1b7a-5a6e2a6a8c65,0.14,0.40927734375,10240.0,6049.0,472.12,NVIDIA GeForce RTX 3080,[N/A],Enabled,Enabled
1672427241.459878,0,GPU-a71d5fd4-b7db-93b7-1b7a-5a6e2a6a8c65,0.15,0.409375,10240.0,6048.0,472.12,NVIDIA GeForce RTX 3080,[N/A],Enabled,Enabled
1672427242.464028,0,GPU-a71d5fd4-b7db-93b7-1b7a-5a6e2a6a8c65,0.14,0.40947265625,10240.0,6047.0,472.12,NVIDIA GeForce RTX 3080,[N/A],Enabled,Enabled
1672427243.454205,0,GPU-a71d5fd4-b7db-93b7-1b7a-5a6e2a6a8c65,0.14,0.40947265625,10240.0,6047.0,472.12,NVIDIA GeForce RTX 3080,[N/A],Enabled,Enabled
1672427244.46404,0,GPU-a71d5fd4-b7db-93b7-1b7a-5a6e2a6a8c65,0.13,0.40947265625,10240.0,6047.0,472.12,NVIDIA GeForce RTX 3080,[N/A],Enabled,Enabled
1672427245.455204,0,GPU-a71d5fd4-b7db-93b7-1b7a-5a6e2a6a8c65,0.13,0.40947265625,10240.0,6047.0,472.12,NVIDIA GeForce RTX 3080,[N/A],Enabled,Enabled
1672427246.451074,0,GPU-a71d5fd4-b7db-93b7-1b7a-5a6e2a6a8c65,0.07,0.41884765625,10240.0,5951.0,472.12,NVIDIA GeForce RTX 3080,[N/A],Enabled,Enabled
1672427247.456224,0,GPU-a71d5fd4-b7db-93b7-1b7a-5a6e2a6a8c65,0.16,0.41884765625,10240.0,5951.0,472.12,NVIDIA GeForce RTX 3080,[N/A],Enabled,Enabled
1672427248.460893,0,GPU-a71d5fd4-b7db-93b7-1b7a-5a6e2a6a8c65,0.17,0.41884765625,10240.0,5951.0,472.12,NVIDIA GeForce RTX 3080,[N/A],Enabled,Enabled
1672427249.461719,0,GPU-a71d5fd4-b7db-93b7-1b7a-5a6e2a6a8c65,0.16,0.41884765625,10240.0,5951.0,472.12,NVIDIA GeForce RTX 3080,[N/A],Enabled,Enabled
1672427250.453737,0,GPU-a71d5fd4-b7db-93b7-1b7a-5a6e2a6a8c65,0.16,0.41884765625,10240.0,5951.0,472.12,NVIDIA GeForce RTX 3080,[N/A],Enabled,Enabled
1672427251.459093,0,GPU-a71d5fd4-b7db-93b7-1b7a-5a6e2a6a8c65,0.17,0.41884765625,10240.0,5951.0,472.12,NVIDIA GeForce RTX 3080,[N/A],Enabled,Enabled
1672427252.460658,0,GPU-a71d5fd4-b7db-93b7-1b7a-5a6e2a6a8c65,0.17,0.41884765625,10240.0,5951.0,472.12,NVIDIA GeForce RTX 3080,[N/A],Enabled,Enabled
1672427253.45305,0,GPU-a71d5fd4-b7db-93b7-1b7a-5a6e2a6a8c65,0.17,0.41884765625,10240.0,5951.0,472.12,NVIDIA GeForce RTX 3080,[N/A],Enabled,Enabled
1672427254.461983,0,GPU-a71d5fd4-b7db-93b7-1b7a-5a6e2a6a8c65,0.17,0.41884765625,10240.0,5951.0,472.12,NVIDIA GeForce RTX 3080,[N/A],Enabled,Enabled
1672427255.453095,0,GPU-a71d5fd4-b7db-93b7-1b7a-5a6e2a6a8c65,0.17,0.41884765625,10240.0,5951.0,472.12,NVIDIA GeForce RTX 3080,[N/A],Enabled,Enabled
1672427256.457557,0,GPU-a71d5fd4-b7db-93b7-1b7a-5a6e2a6a8c65,0.17,0.41884765625,10240.0,5951.0,472.12,NVIDIA GeForce RTX 3080,[N/A],Enabled,Enabled
1672427257.463155,0,GPU-a71d5fd4-b7db-93b7-1b7a-5a6e2a6a8c65,0.17,0.41884765625,10240.0,5951.0,472.12,NVIDIA GeForce RTX 3080,[N/A],Enabled,Enabled
1672427258.45677,0,GPU-a71d5fd4-b7db-93b7-1b7a-5a6e2a6a8c65,0.17,0.41884765625,10240.0,5951.0,472.12,NVIDIA GeForce RTX 3080,[N/A],Enabled,Enabled
1672427259.460799,0,GPU-a71d5fd4-b7db-93b7-1b7a-5a6e2a6a8c65,0.17,0.41884765625,10240.0,5951.0,472.12,NVIDIA GeForce RTX 3080,[N/A],Enabled,Enabled
1672427260.452708,0,GPU-a71d5fd4-b7db-93b7-1b7a-5a6e2a6a8c65,0.17,0.41884765625,10240.0,5951.0,472.12,NVIDIA GeForce RTX 3080,[N/A],Enabled,Enabled
1672427261.460048,0,GPU-a71d5fd4-b7db-93b7-1b7a-5a6e2a6a8c65,0.16,0.41884765625,10240.0,5951.0,472.12,NVIDIA GeForce RTX 3080,[N/A],Enabled,Enabled
1672427262.463107,0,GPU-a71d5fd4-b7db-93b7-1b7a-5a6e2a6a8c65,0.16,0.41884765625,10240.0,5951.0,472.12,NVIDIA GeForce RTX 3080,[N/A],Enabled,Enabled
1672427263.453752,0,GPU-a71d5fd4-b7db-93b7-1b7a-5a6e2a6a8c65,0.17,0.41884765625,10240.0,5951.0,472.12,NVIDIA GeForce RTX 3080,[N/A],Enabled,Enabled
1672427264.455356,0,GPU-a71d5fd4-b7db-93b7-1b7a-5a6e2a6a8c65,0.17,0.41884765625,10240.0,5951.0,472.12,NVIDIA GeForce RTX 3080,[N/A],Enabled,Enabled
1672427265.457549,0,GPU-a71d5fd4-b7db-93b7-1b7a-5a6e2a6a8c65,0.17,0.41884765625,10240.0,5951.0,472.12,NVIDIA GeForce RTX 3080,[N/A],Enabled,Enabled
1672427266.461845,0,GPU-a71d5fd4-b7db-93b7-1b7a-5a6e2a6a8c65,0.17,0.41884765625,10240.0,5951.0,472.12,NVIDIA GeForce RTX 3080,[N/A],Enabled,Enabled
1672427267.45092,0,GPU-a71d5fd4-b7db-93b7-1b7a-5a6e2a6a8c65,0.17,0.41884765625,10240.0,5951.0,472.12,NVIDIA GeForce RTX 3080,[N/A],Enabled,Enabled
1672427268.457193,0,GPU-a71d5fd4-b7db-93b7-1b7a-5a6e2a6a8c65,0.17,0.41884765625,10240.0,5951.0,472.12,NVIDIA GeForce RTX 3080,[N/A],Enabled,Enabled
1672427269.458921,0,GPU-a71d5fd4-b7db-93b7-1b7a-5a6e2a6a8c65,0.16,0.41884765625,10240.0,5951.0,472.12,NVIDIA GeForce RTX 3080,[N/A],Enabled,Enabled
1672427270.451861,0,GPU-a71d5fd4-b7db-93b7-1b7a-5a6e2a6a8c65,0.17,0.41884765625,10240.0,5951.0,472.12,NVIDIA GeForce RTX 3080,[N/A],Enabled,Enabled
1672427271.465081,0,GPU-a71d5fd4-b7db-93b7-1b7a-5a6e2a6a8c65,0.17,0.41884765625,10240.0,5951.0,472.12,NVIDIA GeForce RTX 3080,[N/A],Enabled,Enabled
1672427272.454074,0,GPU-a71d5fd4-b7db-93b7-1b7a-5a6e2a6a8c65,0.17,0.41884765625,10240.0,5951.0,472.12,NVIDIA GeForce RTX 3080,[N/A],Enabled,Enabled
1672427273.465029,0,GPU-a71d5fd4-b7db-93b7-1b7a-5a6e2a6a8c65,0.17,0.41884765625,10240.0,5951.0,472.12,NVIDIA GeForce RTX 3080,[N/A],Enabled,Enabled
1672427274.452117,0,GPU-a71d5fd4-b7db-93b7-1b7a-5a6e2a6a8c65,0.17,0.41884765625,10240.0,5951.0,472.12,NVIDIA GeForce RTX 3080,[N/A],Enabled,Enabled
1672427275.457802,0,GPU-a71d5fd4-b7db-93b7-1b7a-5a6e2a6a8c65,0.16,0.41884765625,10240.0,5951.0,472.12,NVIDIA GeForce RTX 3080,[N/A],Enabled,Enabled
1672427276.461718,0,GPU-a71d5fd4-b7db-93b7-1b7a-5a6e2a6a8c65,0.17,0.41884765625,10240.0,5951.0,472.12,NVIDIA GeForce RTX 3080,[N/A],Enabled,Enabled
1672427277.456105,0,GPU-a71d5fd4-b7db-93b7-1b7a-5a6e2a6a8c65,0.17,0.41884765625,10240.0,5951.0,472.12,NVIDIA GeForce RTX 3080,[N/A],Enabled,Enabled
1672427278.462982,0,GPU-a71d5fd4-b7db-93b7-1b7a-5a6e2a6a8c65,0.17,0.41884765625,10240.0,5951.0,472.12,NVIDIA GeForce RTX 3080,[N/A],Enabled,Enabled
1672427279.453799,0,GPU-a71d5fd4-b7db-93b7-1b7a-5a6e2a6a8c65,0.17,0.41884765625,10240.0,5951.0,472.12,NVIDIA GeForce RTX 3080,[N/A],Enabled,Enabled
1672427280.459831,0,GPU-a71d5fd4-b7db-93b7-1b7a-5a6e2a6a8c65,0.17,0.41884765625,10240.0,5951.0,472.12,NVIDIA GeForce RTX 3080,[N/A],Enabled,Enabled
1672427281.45404,0,GPU-a71d5fd4-b7db-93b7-1b7a-5a6e2a6a8c65,0.17,0.41884765625,10240.0,5951.0,472.12,NVIDIA GeForce RTX 3080,[N/A],Enabled,Enabled
1672427282.463694,0,GPU-a71d5fd4-b7db-93b7-1b7a-5a6e2a6a8c65,0.17,0.41884765625,10240.0,5951.0,472.12,NVIDIA GeForce RTX 3080,[N/A],Enabled,Enabled
1672427283.453817,0,GPU-a71d5fd4-b7db-93b7-1b7a-5a6e2a6a8c65,0.17,0.41884765625,10240.0,5951.0,472.12,NVIDIA GeForce RTX 3080,[N/A],Enabled,Enabled
1672427284.459668,0,GPU-a71d5fd4-b7db-93b7-1b7a-5a6e2a6a8c65,0.16,0.41884765625,10240.0,5951.0,472.12,NVIDIA GeForce RTX 3080,[N/A],Enabled,Enabled
1672427285.461166,0,GPU-a71d5fd4-b7db-93b7-1b7a-5a6e2a6a8c65,0.17,0.41884765625,10240.0,5951.0,472.12,NVIDIA GeForce RTX 3080,[N/A],Enabled,Enabled
1672427286.463088,0,GPU-a71d5fd4-b7db-93b7-1b7a-5a6e2a6a8c65,0.17,0.41884765625,10240.0,5951.0,472.12,NVIDIA GeForce RTX 3080,[N/A],Enabled,Enabled
1672427287.463069,0,GPU-a71d5fd4-b7db-93b7-1b7a-5a6e2a6a8c65,0.17,0.41884765625,10240.0,5951.0,472.12,NVIDIA GeForce RTX 3080,[N/A],Enabled,Enabled
1672427288.454903,0,GPU-a71d5fd4-b7db-93b7-1b7a-5a6e2a6a8c65,0.17,0.41884765625,10240.0,5951.0,472.12,NVIDIA GeForce RTX 3080,[N/A],Enabled,Enabled
1672427289.461985,0,GPU-a71d5fd4-b7db-93b7-1b7a-5a6e2a6a8c65,0.16,0.41884765625,10240.0,5951.0,472.12,NVIDIA GeForce RTX 3080,[N/A],Enabled,Enabled
1672427290.465803,0,GPU-a71d5fd4-b7db-93b7-1b7a-5a6e2a6a8c65,0.17,0.41884765625,10240.0,5951.0,472.12,NVIDIA GeForce RTX 3080,[N/A],Enabled,Enabled
1672427291.457653,0,GPU-a71d5fd4-b7db-93b7-1b7a-5a6e2a6a8c65,0.16,0.41884765625,10240.0,5951.0,472.12,NVIDIA GeForce RTX 3080,[N/A],Enabled,Enabled
1672427292.464836,0,GPU-a71d5fd4-b7db-93b7-1b7a-5a6e2a6a8c65,0.18,0.41884765625,10240.0,5951.0,472.12,NVIDIA GeForce RTX 3080,[N/A],Enabled,Enabled
1672427293.452059,0,GPU-a71d5fd4-b7db-93b7-1b7a-5a6e2a6a8c65,0.17,0.41884765625,10240.0,5951.0,472.12,NVIDIA GeForce RTX 3080,[N/A],Enabled,Enabled
1672427294.459925,0,GPU-a71d5fd4-b7db-93b7-1b7a-5a6e2a6a8c65,0.17,0.41884765625,10240.0,5951.0,472.12,NVIDIA GeForce RTX 3080,[N/A],Enabled,Enabled
1672427295.453232,0,GPU-a71d5fd4-b7db-93b7-1b7a-5a6e2a6a8c65,0.17,0.41884765625,10240.0,5951.0,472.12,NVIDIA GeForce RTX 3080,[N/A],Enabled,Enabled
1672427296.453073,0,GPU-a71d5fd4-b7db-93b7-1b7a-5a6e2a6a8c65,0.17,0.41884765625,10240.0,5951.0,472.12,NVIDIA GeForce RTX 3080,[N/A],Enabled,Enabled
1672427297.459847,0,GPU-a71d5fd4-b7db-93b7-1b7a-5a6e2a6a8c65,0.17,0.41884765625,10240.0,5951.0,472.12,NVIDIA GeForce RTX 3080,[N/A],Enabled,Enabled
1672427298.452051,0,GPU-a71d5fd4-b7db-93b7-1b7a-5a6e2a6a8c65,0.17,0.41884765625,10240.0,5951.0,472.12,NVIDIA GeForce RTX 3080,[N/A],Enabled,Enabled
1672427299.458863,0,GPU-a71d5fd4-b7db-93b7-1b7a-5a6e2a6a8c65,0.17,0.41884765625,10240.0,5951.0,472.12,NVIDIA GeForce RTX 3080,[N/A],Enabled,Enabled
1672427300.453113,0,GPU-a71d5fd4-b7db-93b7-1b7a-5a6e2a6a8c65,0.18,0.41884765625,10240.0,5951.0,472.12,NVIDIA GeForce RTX 3080,[N/A],Enabled,Enabled
1672427301.455106,0,GPU-a71d5fd4-b7db-93b7-1b7a-5a6e2a6a8c65,0.17,0.41884765625,10240.0,5951.0,472.12,NVIDIA GeForce RTX 3080,[N/A],Enabled,Enabled
1672427302.460625,0,GPU-a71d5fd4-b7db-93b7-1b7a-5a6e2a6a8c65,0.17,0.41884765625,10240.0,5951.0,472.12,NVIDIA GeForce RTX 3080,[N/A],Enabled,Enabled
1672427303.465139,0,GPU-a71d5fd4-b7db-93b7-1b7a-5a6e2a6a8c65,0.17,0.41884765625,10240.0,5951.0,472.12,NVIDIA GeForce RTX 3080,[N/A],Enabled,Enabled
1672427304.452999,0,GPU-a71d5fd4-b7db-93b7-1b7a-5a6e2a6a8c65,0.17,0.41884765625,10240.0,5951.0,472.12,NVIDIA GeForce RTX 3080,[N/A],Enabled,Enabled
1672427305.455122,0,GPU-a71d5fd4-b7db-93b7-1b7a-5a6e2a6a8c65,0.17,0.41884765625,10240.0,5951.0,472.12,NVIDIA GeForce RTX 3080,[N/A],Enabled,Enabled
1672427306.46076,0,GPU-a71d5fd4-b7db-93b7-1b7a-5a6e2a6a8c65,0.17,0.41884765625,10240.0,5951.0,472.12,NVIDIA GeForce RTX 3080,[N/A],Enabled,Enabled
1672427307.452896,0,GPU-a71d5fd4-b7db-93b7-1b7a-5a6e2a6a8c65,0.17,0.41884765625,10240.0,5951.0,472.12,NVIDIA GeForce RTX 3080,[N/A],Enabled,Enabled
1672427308.457102,0,GPU-a71d5fd4-b7db-93b7-1b7a-5a6e2a6a8c65,0.17,0.41884765625,10240.0,5951.0,472.12,NVIDIA GeForce RTX 3080,[N/A],Enabled,Enabled
1672427309.464143,0,GPU-a71d5fd4-b7db-93b7-1b7a-5a6e2a6a8c65,0.17,0.41884765625,10240.0,5951.0,472.12,NVIDIA GeForce RTX 3080,[N/A],Enabled,Enabled
1672427310.454101,0,GPU-a71d5fd4-b7db-93b7-1b7a-5a6e2a6a8c65,0.17,0.41884765625,10240.0,5951.0,472.12,NVIDIA GeForce RTX 3080,[N/A],Enabled,Enabled
1672427311.456778,0,GPU-a71d5fd4-b7db-93b7-1b7a-5a6e2a6a8c65,0.17,0.41884765625,10240.0,5951.0,472.12,NVIDIA GeForce RTX 3080,[N/A],Enabled,Enabled
1672427312.461803,0,GPU-a71d5fd4-b7db-93b7-1b7a-5a6e2a6a8c65,0.17,0.41884765625,10240.0,5951.0,472.12,NVIDIA GeForce RTX 3080,[N/A],Enabled,Enabled
1672427313.463954,0,GPU-a71d5fd4-b7db-93b7-1b7a-5a6e2a6a8c65,0.17,0.41884765625,10240.0,5951.0,472.12,NVIDIA GeForce RTX 3080,[N/A],Enabled,Enabled
1672427314.455911,0,GPU-a71d5fd4-b7db-93b7-1b7a-5a6e2a6a8c65,0.17,0.41884765625,10240.0,5951.0,472.12,NVIDIA GeForce RTX 3080,[N/A],Enabled,Enabled
1672427315.450767,0,GPU-a71d5fd4-b7db-93b7-1b7a-5a6e2a6a8c65,0.17,0.41884765625,10240.0,5951.0,472.12,NVIDIA GeForce RTX 3080,[N/A],Enabled,Enabled
1672427316.454901,0,GPU-a71d5fd4-b7db-93b7-1b7a-5a6e2a6a8c65,0.17,0.41884765625,10240.0,5951.0,472.12,NVIDIA GeForce RTX 3080,[N/A],Enabled,Enabled
1672427317.458102,0,GPU-a71d5fd4-b7db-93b7-1b7a-5a6e2a6a8c65,0.17,0.41884765625,10240.0,5951.0,472.12,NVIDIA GeForce RTX 3080,[N/A],Enabled,Enabled
1672427318.463744,0,GPU-a71d5fd4-b7db-93b7-1b7a-5a6e2a6a8c65,0.18,0.41884765625,10240.0,5951.0,472.12,NVIDIA GeForce RTX 3080,[N/A],Enabled,Enabled
1672427319.455811,0,GPU-a71d5fd4-b7db-93b7-1b7a-5a6e2a6a8c65,0.17,0.41884765625,10240.0,5951.0,472.12,NVIDIA GeForce RTX 3080,[N/A],Enabled,Enabled
1672427320.464199,0,GPU-a71d5fd4-b7db-93b7-1b7a-5a6e2a6a8c65,0.17,0.41884765625,10240.0,5951.0,472.12,NVIDIA GeForce RTX 3080,[N/A],Enabled,Enabled
1672427321.456875,0,GPU-a71d5fd4-b7db-93b7-1b7a-5a6e2a6a8c65,0.17,0.41884765625,10240.0,5951.0,472.12,NVIDIA GeForce RTX 3080,[N/A],Enabled,Enabled
1672427322.461977,0,GPU-a71d5fd4-b7db-93b7-1b7a-5a6e2a6a8c65,0.17,0.41884765625,10240.0,5951.0,472.12,NVIDIA GeForce RTX 3080,[N/A],Enabled,Enabled
1672427323.464856,0,GPU-a71d5fd4-b7db-93b7-1b7a-5a6e2a6a8c65,0.17,0.41884765625,10240.0,5951.0,472.12,NVIDIA GeForce RTX 3080,[N/A],Enabled,Enabled
1672427324.464841,0,GPU-a71d5fd4-b7db-93b7-1b7a-5a6e2a6a8c65,0.17,0.41884765625,10240.0,5951.0,472.12,NVIDIA GeForce RTX 3080,[N/A],Enabled,Enabled
1672427325.462004,0,GPU-a71d5fd4-b7db-93b7-1b7a-5a6e2a6a8c65,0.17,0.41884765625,10240.0,5951.0,472.12,NVIDIA GeForce RTX 3080,[N/A],Enabled,Enabled
1672427326.459047,0,GPU-a71d5fd4-b7db-93b7-1b7a-5a6e2a6a8c65,0.17,0.41884765625,10240.0,5951.0,472.12,NVIDIA GeForce RTX 3080,[N/A],Enabled,Enabled
1672427327.458667,0,GPU-a71d5fd4-b7db-93b7-1b7a-5a6e2a6a8c65,0.17,0.41884765625,10240.0,5951.0,472.12,NVIDIA GeForce RTX 3080,[N/A],Enabled,Enabled
1672427328.464752,0,GPU-a71d5fd4-b7db-93b7-1b7a-5a6e2a6a8c65,0.17,0.41884765625,10240.0,5951.0,472.12,NVIDIA GeForce RTX 3080,[N/A],Enabled,Enabled
1672427329.458026,0,GPU-a71d5fd4-b7db-93b7-1b7a-5a6e2a6a8c65,0.17,0.41884765625,10240.0,5951.0,472.12,NVIDIA GeForce RTX 3080,[N/A],Enabled,Enabled
1672427330.464956,0,GPU-a71d5fd4-b7db-93b7-1b7a-5a6e2a6a8c65,0.16,0.41884765625,10240.0,5951.0,472.12,NVIDIA GeForce RTX 3080,[N/A],Enabled,Enabled
1672427331.457308,0,GPU-a71d5fd4-b7db-93b7-1b7a-5a6e2a6a8c65,0.17,0.41884765625,10240.0,5951.0,472.12,NVIDIA GeForce RTX 3080,[N/A],Enabled,Enabled
1672427332.464918,0,GPU-a71d5fd4-b7db-93b7-1b7a-5a6e2a6a8c65,0.17,0.41884765625,10240.0,5951.0,472.12,NVIDIA GeForce RTX 3080,[N/A],Enabled,Enabled
1672427333.456593,0,GPU-a71d5fd4-b7db-93b7-1b7a-5a6e2a6a8c65,0.17,0.41884765625,10240.0,5951.0,472.12,NVIDIA GeForce RTX 3080,[N/A],Enabled,Enabled
1672427334.463042,0,GPU-a71d5fd4-b7db-93b7-1b7a-5a6e2a6a8c65,0.17,0.41884765625,10240.0,5951.0,472.12,NVIDIA GeForce RTX 3080,[N/A],Enabled,Enabled
1672427335.463965,0,GPU-a71d5fd4-b7db-93b7-1b7a-5a6e2a6a8c65,0.17,0.41884765625,10240.0,5951.0,472.12,NVIDIA GeForce RTX 3080,[N/A],Enabled,Enabled
1672427336.45891,0,GPU-a71d5fd4-b7db-93b7-1b7a-5a6e2a6a8c65,0.17,0.41884765625,10240.0,5951.0,472.12,NVIDIA GeForce RTX 3080,[N/A],Enabled,Enabled
1672427337.462048,0,GPU-a71d5fd4-b7db-93b7-1b7a-5a6e2a6a8c65,0.17,0.41884765625,10240.0,5951.0,472.12,NVIDIA GeForce RTX 3080,[N/A],Enabled,Enabled
1672427338.453714,0,GPU-a71d5fd4-b7db-93b7-1b7a-5a6e2a6a8c65,0.17,0.41884765625,10240.0,5951.0,472.12,NVIDIA GeForce RTX 3080,[N/A],Enabled,Enabled
1672427339.455893,0,GPU-a71d5fd4-b7db-93b7-1b7a-5a6e2a6a8c65,0.17,0.41884765625,10240.0,5951.0,472.12,NVIDIA GeForce RTX 3080,[N/A],Enabled,Enabled
1672427340.462849,0,GPU-a71d5fd4-b7db-93b7-1b7a-5a6e2a6a8c65,0.18,0.41884765625,10240.0,5951.0,472.12,NVIDIA GeForce RTX 3080,[N/A],Enabled,Enabled
1672427341.456773,0,GPU-a71d5fd4-b7db-93b7-1b7a-5a6e2a6a8c65,0.17,0.41884765625,10240.0,5951.0,472.12,NVIDIA GeForce RTX 3080,[N/A],Enabled,Enabled
1672427342.451928,0,GPU-a71d5fd4-b7db-93b7-1b7a-5a6e2a6a8c65,0.17,0.41884765625,10240.0,5951.0,472.12,NVIDIA GeForce RTX 3080,[N/A],Enabled,Enabled
1672427343.459109,0,GPU-a71d5fd4-b7db-93b7-1b7a-5a6e2a6a8c65,0.17,0.41884765625,10240.0,5951.0,472.12,NVIDIA GeForce RTX 3080,[N/A],Enabled,Enabled
1672427344.4629,0,GPU-a71d5fd4-b7db-93b7-1b7a-5a6e2a6a8c65,0.17,0.41884765625,10240.0,5951.0,472.12,NVIDIA GeForce RTX 3080,[N/A],Enabled,Enabled
1672427345.45318,0,GPU-a71d5fd4-b7db-93b7-1b7a-5a6e2a6a8c65,0.17,0.41884765625,10240.0,5951.0,472.12,NVIDIA GeForce RTX 3080,[N/A],Enabled,Enabled
1672427346.463861,0,GPU-a71d5fd4-b7db-93b7-1b7a-5a6e2a6a8c65,0.17,0.41884765625,10240.0,5951.0,472.12,NVIDIA GeForce RTX 3080,[N/A],Enabled,Enabled
1672427347.456078,0,GPU-a71d5fd4-b7db-93b7-1b7a-5a6e2a6a8c65,0.17,0.41884765625,10240.0,5951.0,472.12,NVIDIA GeForce RTX 3080,[N/A],Enabled,Enabled
1672427348.464856,0,GPU-a71d5fd4-b7db-93b7-1b7a-5a6e2a6a8c65,0.17,0.41884765625,10240.0,5951.0,472.12,NVIDIA GeForce RTX 3080,[N/A],Enabled,Enabled
1672427349.463776,0,GPU-a71d5fd4-b7db-93b7-1b7a-5a6e2a6a8c65,0.17,0.41884765625,10240.0,5951.0,472.12,NVIDIA GeForce RTX 3080,[N/A],Enabled,Enabled
1672427350.452933,0,GPU-a71d5fd4-b7db-93b7-1b7a-5a6e2a6a8c65,0.17,0.41884765625,10240.0,5951.0,472.12,NVIDIA GeForce RTX 3080,[N/A],Enabled,Enabled
1672427351.457783,0,GPU-a71d5fd4-b7db-93b7-1b7a-5a6e2a6a8c65,0.17,0.41884765625,10240.0,5951.0,472.12,NVIDIA GeForce RTX 3080,[N/A],Enabled,Enabled
1672427352.461066,0,GPU-a71d5fd4-b7db-93b7-1b7a-5a6e2a6a8c65,0.17,0.41884765625,10240.0,5951.0,472.12,NVIDIA GeForce RTX 3080,[N/A],Enabled,Enabled
1672427353.451847,0,GPU-a71d5fd4-b7db-93b7-1b7a-5a6e2a6a8c65,0.17,0.41884765625,10240.0,5951.0,472.12,NVIDIA GeForce RTX 3080,[N/A],Enabled,Enabled
1672427354.45789,0,GPU-a71d5fd4-b7db-93b7-1b7a-5a6e2a6a8c65,0.17,0.41884765625,10240.0,5951.0,472.12,NVIDIA GeForce RTX 3080,[N/A],Enabled,Enabled
1672427355.461112,0,GPU-a71d5fd4-b7db-93b7-1b7a-5a6e2a6a8c65,0.17,0.41884765625,10240.0,5951.0,472.12,NVIDIA GeForce RTX 3080,[N/A],Enabled,Enabled
1672427356.465806,0,GPU-a71d5fd4-b7db-93b7-1b7a-5a6e2a6a8c65,0.17,0.41884765625,10240.0,5951.0,472.12,NVIDIA GeForce RTX 3080,[N/A],Enabled,Enabled
1672427357.457047,0,GPU-a71d5fd4-b7db-93b7-1b7a-5a6e2a6a8c65,0.17,0.41884765625,10240.0,5951.0,472.12,NVIDIA GeForce RTX 3080,[N/A],Enabled,Enabled
1672427358.465991,0,GPU-a71d5fd4-b7db-93b7-1b7a-5a6e2a6a8c65,0.17,0.41884765625,10240.0,5951.0,472.12,NVIDIA GeForce RTX 3080,[N/A],Enabled,Enabled
1672427359.459909,0,GPU-a71d5fd4-b7db-93b7-1b7a-5a6e2a6a8c65,0.17,0.41884765625,10240.0,5951.0,472.12,NVIDIA GeForce RTX 3080,[N/A],Enabled,Enabled
1672427360.455958,0,GPU-a71d5fd4-b7db-93b7-1b7a-5a6e2a6a8c65,0.17,0.41884765625,10240.0,5951.0,472.12,NVIDIA GeForce RTX 3080,[N/A],Enabled,Enabled
1672427361.463097,0,GPU-a71d5fd4-b7db-93b7-1b7a-5a6e2a6a8c65,0.17,0.41884765625,10240.0,5951.0,472.12,NVIDIA GeForce RTX 3080,[N/A],Enabled,Enabled
1672427362.451909,0,GPU-a71d5fd4-b7db-93b7-1b7a-5a6e2a6a8c65,0.17,0.41884765625,10240.0,5951.0,472.12,NVIDIA GeForce RTX 3080,[N/A],Enabled,Enabled
1672427363.455222,0,GPU-a71d5fd4-b7db-93b7-1b7a-5a6e2a6a8c65,0.17,0.41884765625,10240.0,5951.0,472.12,NVIDIA GeForce RTX 3080,[N/A],Enabled,Enabled
1672427364.457991,0,GPU-a71d5fd4-b7db-93b7-1b7a-5a6e2a6a8c65,0.17,0.41884765625,10240.0,5951.0,472.12,NVIDIA GeForce RTX 3080,[N/A],Enabled,Enabled
1672427365.451049,0,GPU-a71d5fd4-b7db-93b7-1b7a-5a6e2a6a8c65,0.17,0.41884765625,10240.0,5951.0,472.12,NVIDIA GeForce RTX 3080,[N/A],Enabled,Enabled
1672427366.457205,0,GPU-a71d5fd4-b7db-93b7-1b7a-5a6e2a6a8c65,0.17,0.41884765625,10240.0,5951.0,472.12,NVIDIA GeForce RTX 3080,[N/A],Enabled,Enabled
1672427367.461969,0,GPU-a71d5fd4-b7db-93b7-1b7a-5a6e2a6a8c65,0.17,0.41884765625,10240.0,5951.0,472.12,NVIDIA GeForce RTX 3080,[N/A],Enabled,Enabled
1672427368.45274,0,GPU-a71d5fd4-b7db-93b7-1b7a-5a6e2a6a8c65,0.17,0.41884765625,10240.0,5951.0,472.12,NVIDIA GeForce RTX 3080,[N/A],Enabled,Enabled
1672427369.457504,0,GPU-a71d5fd4-b7db-93b7-1b7a-5a6e2a6a8c65,0.17,0.41884765625,10240.0,5951.0,472.12,NVIDIA GeForce RTX 3080,[N/A],Enabled,Enabled
1672427370.463809,0,GPU-a71d5fd4-b7db-93b7-1b7a-5a6e2a6a8c65,0.17,0.41884765625,10240.0,5951.0,472.12,NVIDIA GeForce RTX 3080,[N/A],Enabled,Enabled
1672427371.45373,0,GPU-a71d5fd4-b7db-93b7-1b7a-5a6e2a6a8c65,0.17,0.41884765625,10240.0,5951.0,472.12,NVIDIA GeForce RTX 3080,[N/A],Enabled,Enabled
1672427372.459799,0,GPU-a71d5fd4-b7db-93b7-1b7a-5a6e2a6a8c65,0.17,0.41884765625,10240.0,5951.0,472.12,NVIDIA GeForce RTX 3080,[N/A],Enabled,Enabled
1672427373.460643,0,GPU-a71d5fd4-b7db-93b7-1b7a-5a6e2a6a8c65,0.17,0.41884765625,10240.0,5951.0,472.12,NVIDIA GeForce RTX 3080,[N/A],Enabled,Enabled
1672427374.451291,0,GPU-a71d5fd4-b7db-93b7-1b7a-5a6e2a6a8c65,0.17,0.41884765625,10240.0,5951.0,472.12,NVIDIA GeForce RTX 3080,[N/A],Enabled,Enabled
1672427375.457225,0,GPU-a71d5fd4-b7db-93b7-1b7a-5a6e2a6a8c65,0.17,0.41884765625,10240.0,5951.0,472.12,NVIDIA GeForce RTX 3080,[N/A],Enabled,Enabled
1672427376.462016,0,GPU-a71d5fd4-b7db-93b7-1b7a-5a6e2a6a8c65,0.16,0.41884765625,10240.0,5951.0,472.12,NVIDIA GeForce RTX 3080,[N/A],Enabled,Enabled
1672427377.456173,0,GPU-a71d5fd4-b7db-93b7-1b7a-5a6e2a6a8c65,0.18,0.41884765625,10240.0,5951.0,472.12,NVIDIA GeForce RTX 3080,[N/A],Enabled,Enabled
1672427378.461773,0,GPU-a71d5fd4-b7db-93b7-1b7a-5a6e2a6a8c65,0.17,0.41884765625,10240.0,5951.0,472.12,NVIDIA GeForce RTX 3080,[N/A],Enabled,Enabled
1672427379.451914,0,GPU-a71d5fd4-b7db-93b7-1b7a-5a6e2a6a8c65,0.17,0.41884765625,10240.0,5951.0,472.12,NVIDIA GeForce RTX 3080,[N/A],Enabled,Enabled
1672427380.460758,0,GPU-a71d5fd4-b7db-93b7-1b7a-5a6e2a6a8c65,0.18,0.41884765625,10240.0,5951.0,472.12,NVIDIA GeForce RTX 3080,[N/A],Enabled,Enabled
1672427381.46524,0,GPU-a71d5fd4-b7db-93b7-1b7a-5a6e2a6a8c65,0.16,0.41884765625,10240.0,5951.0,472.12,NVIDIA GeForce RTX 3080,[N/A],Enabled,Enabled
1672427382.454865,0,GPU-a71d5fd4-b7db-93b7-1b7a-5a6e2a6a8c65,0.16,0.41884765625,10240.0,5951.0,472.12,NVIDIA GeForce RTX 3080,[N/A],Enabled,Enabled
1672427383.460705,0,GPU-a71d5fd4-b7db-93b7-1b7a-5a6e2a6a8c65,0.17,0.41884765625,10240.0,5951.0,472.12,NVIDIA GeForce RTX 3080,[N/A],Enabled,Enabled
1672427384.464118,0,GPU-a71d5fd4-b7db-93b7-1b7a-5a6e2a6a8c65,0.16,0.41884765625,10240.0,5951.0,472.12,NVIDIA GeForce RTX 3080,[N/A],Enabled,Enabled
1672427385.453031,0,GPU-a71d5fd4-b7db-93b7-1b7a-5a6e2a6a8c65,0.17,0.41884765625,10240.0,5951.0,472.12,NVIDIA GeForce RTX 3080,[N/A],Enabled,Enabled
1672427386.460902,0,GPU-a71d5fd4-b7db-93b7-1b7a-5a6e2a6a8c65,0.17,0.41884765625,10240.0,5951.0,472.12,NVIDIA GeForce RTX 3080,[N/A],Enabled,Enabled
1672427387.451785,0,GPU-a71d5fd4-b7db-93b7-1b7a-5a6e2a6a8c65,0.17,0.41884765625,10240.0,5951.0,472.12,NVIDIA GeForce RTX 3080,[N/A],Enabled,Enabled
1672427388.462165,0,GPU-a71d5fd4-b7db-93b7-1b7a-5a6e2a6a8c65,0.17,0.41884765625,10240.0,5951.0,472.12,NVIDIA GeForce RTX 3080,[N/A],Enabled,Enabled
1672427389.463001,0,GPU-a71d5fd4-b7db-93b7-1b7a-5a6e2a6a8c65,0.17,0.41884765625,10240.0,5951.0,472.12,NVIDIA GeForce RTX 3080,[N/A],Enabled,Enabled
1672427390.455188,0,GPU-a71d5fd4-b7db-93b7-1b7a-5a6e2a6a8c65,0.16,0.41884765625,10240.0,5951.0,472.12,NVIDIA GeForce RTX 3080,[N/A],Enabled,Enabled
1672427391.459791,0,GPU-a71d5fd4-b7db-93b7-1b7a-5a6e2a6a8c65,0.17,0.41884765625,10240.0,5951.0,472.12,NVIDIA GeForce RTX 3080,[N/A],Enabled,Enabled
1672427392.452861,0,GPU-a71d5fd4-b7db-93b7-1b7a-5a6e2a6a8c65,0.17,0.41884765625,10240.0,5951.0,472.12,NVIDIA GeForce RTX 3080,[N/A],Enabled,Enabled
1672427393.460672,0,GPU-a71d5fd4-b7db-93b7-1b7a-5a6e2a6a8c65,0.17,0.41884765625,10240.0,5951.0,472.12,NVIDIA GeForce RTX 3080,[N/A],Enabled,Enabled
1672427394.462732,0,GPU-a71d5fd4-b7db-93b7-1b7a-5a6e2a6a8c65,0.17,0.41884765625,10240.0,5951.0,472.12,NVIDIA GeForce RTX 3080,[N/A],Enabled,Enabled
1672427395.466026,0,GPU-a71d5fd4-b7db-93b7-1b7a-5a6e2a6a8c65,0.16,0.41884765625,10240.0,5951.0,472.12,NVIDIA GeForce RTX 3080,[N/A],Enabled,Enabled
1672427396.458708,0,GPU-a71d5fd4-b7db-93b7-1b7a-5a6e2a6a8c65,0.16,0.41884765625,10240.0,5951.0,472.12,NVIDIA GeForce RTX 3080,[N/A],Enabled,Enabled
1672427397.458211,0,GPU-a71d5fd4-b7db-93b7-1b7a-5a6e2a6a8c65,0.17,0.41884765625,10240.0,5951.0,472.12,NVIDIA GeForce RTX 3080,[N/A],Enabled,Enabled
1672427398.459796,0,GPU-a71d5fd4-b7db-93b7-1b7a-5a6e2a6a8c65,0.16,0.41884765625,10240.0,5951.0,472.12,NVIDIA GeForce RTX 3080,[N/A],Enabled,Enabled
1672427399.463739,0,GPU-a71d5fd4-b7db-93b7-1b7a-5a6e2a6a8c65,0.17,0.41884765625,10240.0,5951.0,472.12,NVIDIA GeForce RTX 3080,[N/A],Enabled,Enabled
1672427400.456848,0,GPU-a71d5fd4-b7db-93b7-1b7a-5a6e2a6a8c65,0.16,0.41884765625,10240.0,5951.0,472.12,NVIDIA GeForce RTX 3080,[N/A],Enabled,Enabled
1672427401.458646,0,GPU-a71d5fd4-b7db-93b7-1b7a-5a6e2a6a8c65,0.15,0.41884765625,10240.0,5951.0,472.12,NVIDIA GeForce RTX 3080,[N/A],Enabled,Enabled
1672427402.463767,0,GPU-a71d5fd4-b7db-93b7-1b7a-5a6e2a6a8c65,0.14,0.41181640625,10240.0,6023.0,472.12,NVIDIA GeForce RTX 3080,[N/A],Enabled,Enabled
1672427403.464013,0,GPU-a71d5fd4-b7db-93b7-1b7a-5a6e2a6a8c65,0.14,0.41181640625,10240.0,6023.0,472.12,NVIDIA GeForce RTX 3080,[N/A],Enabled,Enabled
1672427404.463064,0,GPU-a71d5fd4-b7db-93b7-1b7a-5a6e2a6a8c65,0.14,0.41171875,10240.0,6024.0,472.12,NVIDIA GeForce RTX 3080,[N/A],Enabled,Enabled
1672427405.455919,0,GPU-a71d5fd4-b7db-93b7-1b7a-5a6e2a6a8c65,0.14,0.41171875,10240.0,6024.0,472.12,NVIDIA GeForce RTX 3080,[N/A],Enabled,Enabled
1672427406.464208,0,GPU-a71d5fd4-b7db-93b7-1b7a-5a6e2a6a8c65,0.14,0.41171875,10240.0,6024.0,472.12,NVIDIA GeForce RTX 3080,[N/A],Enabled,Enabled
1672427407.454663,0,GPU-a71d5fd4-b7db-93b7-1b7a-5a6e2a6a8c65,0.15,0.41171875,10240.0,6024.0,472.12,NVIDIA GeForce RTX 3080,[N/A],Enabled,Enabled
1672427408.458909,0,GPU-a71d5fd4-b7db-93b7-1b7a-5a6e2a6a8c65,0.14,0.41171875,10240.0,6024.0,472.12,NVIDIA GeForce RTX 3080,[N/A],Enabled,Enabled
1672427409.452142,0,GPU-a71d5fd4-b7db-93b7-1b7a-5a6e2a6a8c65,0.14,0.41171875,10240.0,6024.0,472.12,NVIDIA GeForce RTX 3080,[N/A],Enabled,Enabled
1672427410.459024,0,GPU-a71d5fd4-b7db-93b7-1b7a-5a6e2a6a8c65,0.14,0.41171875,10240.0,6024.0,472.12,NVIDIA GeForce RTX 3080,[N/A],Enabled,Enabled
1672427411.463958,0,GPU-a71d5fd4-b7db-93b7-1b7a-5a6e2a6a8c65,0.14,0.41171875,10240.0,6024.0,472.12,NVIDIA GeForce RTX 3080,[N/A],Enabled,Enabled
1672427412.464126,0,GPU-a71d5fd4-b7db-93b7-1b7a-5a6e2a6a8c65,0.14,0.41171875,10240.0,6024.0,472.12,NVIDIA GeForce RTX 3080,[N/A],Enabled,Enabled
1672427413.452993,0,GPU-a71d5fd4-b7db-93b7-1b7a-5a6e2a6a8c65,0.14,0.41171875,10240.0,6024.0,472.12,NVIDIA GeForce RTX 3080,[N/A],Enabled,Enabled
1672427414.456732,0,GPU-a71d5fd4-b7db-93b7-1b7a-5a6e2a6a8c65,0.14,0.41171875,10240.0,6024.0,472.12,NVIDIA GeForce RTX 3080,[N/A],Enabled,Enabled
1672427415.454774,0,GPU-a71d5fd4-b7db-93b7-1b7a-5a6e2a6a8c65,0.14,0.41171875,10240.0,6024.0,472.12,NVIDIA GeForce RTX 3080,[N/A],Enabled,Enabled
1672427416.452946,0,GPU-a71d5fd4-b7db-93b7-1b7a-5a6e2a6a8c65,0.14,0.41171875,10240.0,6024.0,472.12,NVIDIA GeForce RTX 3080,[N/A],Enabled,Enabled
1672427417.456963,0,GPU-a71d5fd4-b7db-93b7-1b7a-5a6e2a6a8c65,0.08,0.41884765625,10240.0,5951.0,472.12,NVIDIA GeForce RTX 3080,[N/A],Enabled,Enabled
1672427418.461105,0,GPU-a71d5fd4-b7db-93b7-1b7a-5a6e2a6a8c65,0.16,0.41884765625,10240.0,5951.0,472.12,NVIDIA GeForce RTX 3080,[N/A],Enabled,Enabled
1672427419.453956,0,GPU-a71d5fd4-b7db-93b7-1b7a-5a6e2a6a8c65,0.17,0.41884765625,10240.0,5951.0,472.12,NVIDIA GeForce RTX 3080,[N/A],Enabled,Enabled
1672427420.460777,0,GPU-a71d5fd4-b7db-93b7-1b7a-5a6e2a6a8c65,0.17,0.41884765625,10240.0,5951.0,472.12,NVIDIA GeForce RTX 3080,[N/A],Enabled,Enabled
1672427421.465365,0,GPU-a71d5fd4-b7db-93b7-1b7a-5a6e2a6a8c65,0.17,0.41884765625,10240.0,5951.0,472.12,NVIDIA GeForce RTX 3080,[N/A],Enabled,Enabled
1672427422.455119,0,GPU-a71d5fd4-b7db-93b7-1b7a-5a6e2a6a8c65,0.17,0.41884765625,10240.0,5951.0,472.12,NVIDIA GeForce RTX 3080,[N/A],Enabled,Enabled
1672427423.458723,0,GPU-a71d5fd4-b7db-93b7-1b7a-5a6e2a6a8c65,0.17,0.41884765625,10240.0,5951.0,472.12,NVIDIA GeForce RTX 3080,[N/A],Enabled,Enabled
1672427424.464972,0,GPU-a71d5fd4-b7db-93b7-1b7a-5a6e2a6a8c65,0.17,0.41884765625,10240.0,5951.0,472.12,NVIDIA GeForce RTX 3080,[N/A],Enabled,Enabled
1672427425.458696,0,GPU-a71d5fd4-b7db-93b7-1b7a-5a6e2a6a8c65,0.17,0.41884765625,10240.0,5951.0,472.12,NVIDIA GeForce RTX 3080,[N/A],Enabled,Enabled
1672427426.452837,0,GPU-a71d5fd4-b7db-93b7-1b7a-5a6e2a6a8c65,0.17,0.41884765625,10240.0,5951.0,472.12,NVIDIA GeForce RTX 3080,[N/A],Enabled,Enabled
1672427427.46133,0,GPU-a71d5fd4-b7db-93b7-1b7a-5a6e2a6a8c65,0.17,0.41884765625,10240.0,5951.0,472.12,NVIDIA GeForce RTX 3080,[N/A],Enabled,Enabled
1672427428.455886,0,GPU-a71d5fd4-b7db-93b7-1b7a-5a6e2a6a8c65,0.17,0.41884765625,10240.0,5951.0,472.12,NVIDIA GeForce RTX 3080,[N/A],Enabled,Enabled
1672427429.45985,0,GPU-a71d5fd4-b7db-93b7-1b7a-5a6e2a6a8c65,0.17,0.41884765625,10240.0,5951.0,472.12,NVIDIA GeForce RTX 3080,[N/A],Enabled,Enabled
1672427430.454158,0,GPU-a71d5fd4-b7db-93b7-1b7a-5a6e2a6a8c65,0.17,0.41884765625,10240.0,5951.0,472.12,NVIDIA GeForce RTX 3080,[N/A],Enabled,Enabled
1672427431.462016,0,GPU-a71d5fd4-b7db-93b7-1b7a-5a6e2a6a8c65,0.18,0.41884765625,10240.0,5951.0,472.12,NVIDIA GeForce RTX 3080,[N/A],Enabled,Enabled
1672427432.462879,0,GPU-a71d5fd4-b7db-93b7-1b7a-5a6e2a6a8c65,0.17,0.41884765625,10240.0,5951.0,472.12,NVIDIA GeForce RTX 3080,[N/A],Enabled,Enabled
1672427433.451976,0,GPU-a71d5fd4-b7db-93b7-1b7a-5a6e2a6a8c65,0.17,0.41884765625,10240.0,5951.0,472.12,NVIDIA GeForce RTX 3080,[N/A],Enabled,Enabled
1672427434.459666,0,GPU-a71d5fd4-b7db-93b7-1b7a-5a6e2a6a8c65,0.17,0.41884765625,10240.0,5951.0,472.12,NVIDIA GeForce RTX 3080,[N/A],Enabled,Enabled
1672427435.451709,0,GPU-a71d5fd4-b7db-93b7-1b7a-5a6e2a6a8c65,0.17,0.41884765625,10240.0,5951.0,472.12,NVIDIA GeForce RTX 3080,[N/A],Enabled,Enabled
1672427436.459128,0,GPU-a71d5fd4-b7db-93b7-1b7a-5a6e2a6a8c65,0.16,0.41884765625,10240.0,5951.0,472.12,NVIDIA GeForce RTX 3080,[N/A],Enabled,Enabled
1672427437.465844,0,GPU-a71d5fd4-b7db-93b7-1b7a-5a6e2a6a8c65,0.17,0.41884765625,10240.0,5951.0,472.12,NVIDIA GeForce RTX 3080,[N/A],Enabled,Enabled
1672427438.453191,0,GPU-a71d5fd4-b7db-93b7-1b7a-5a6e2a6a8c65,0.17,0.41884765625,10240.0,5951.0,472.12,NVIDIA GeForce RTX 3080,[N/A],Enabled,Enabled
1672427439.456094,0,GPU-a71d5fd4-b7db-93b7-1b7a-5a6e2a6a8c65,0.17,0.41884765625,10240.0,5951.0,472.12,NVIDIA GeForce RTX 3080,[N/A],Enabled,Enabled
1672427440.460804,0,GPU-a71d5fd4-b7db-93b7-1b7a-5a6e2a6a8c65,0.17,0.41884765625,10240.0,5951.0,472.12,NVIDIA GeForce RTX 3080,[N/A],Enabled,Enabled
1672427441.463736,0,GPU-a71d5fd4-b7db-93b7-1b7a-5a6e2a6a8c65,0.17,0.41884765625,10240.0,5951.0,472.12,NVIDIA GeForce RTX 3080,[N/A],Enabled,Enabled
1672427442.457272,0,GPU-a71d5fd4-b7db-93b7-1b7a-5a6e2a6a8c65,0.16,0.41884765625,10240.0,5951.0,472.12,NVIDIA GeForce RTX 3080,[N/A],Enabled,Enabled
1672427443.460029,0,GPU-a71d5fd4-b7db-93b7-1b7a-5a6e2a6a8c65,0.17,0.41884765625,10240.0,5951.0,472.12,NVIDIA GeForce RTX 3080,[N/A],Enabled,Enabled
1672427444.463971,0,GPU-a71d5fd4-b7db-93b7-1b7a-5a6e2a6a8c65,0.16,0.41884765625,10240.0,5951.0,472.12,NVIDIA GeForce RTX 3080,[N/A],Enabled,Enabled
1672427445.452051,0,GPU-a71d5fd4-b7db-93b7-1b7a-5a6e2a6a8c65,0.16,0.41884765625,10240.0,5951.0,472.12,NVIDIA GeForce RTX 3080,[N/A],Enabled,Enabled
1672427446.453768,0,GPU-a71d5fd4-b7db-93b7-1b7a-5a6e2a6a8c65,0.17,0.41884765625,10240.0,5951.0,472.12,NVIDIA GeForce RTX 3080,[N/A],Enabled,Enabled
1672427447.452094,0,GPU-a71d5fd4-b7db-93b7-1b7a-5a6e2a6a8c65,0.17,0.41884765625,10240.0,5951.0,472.12,NVIDIA GeForce RTX 3080,[N/A],Enabled,Enabled
1672427448.455775,0,GPU-a71d5fd4-b7db-93b7-1b7a-5a6e2a6a8c65,0.16,0.41884765625,10240.0,5951.0,472.12,NVIDIA GeForce RTX 3080,[N/A],Enabled,Enabled
1672427449.462103,0,GPU-a71d5fd4-b7db-93b7-1b7a-5a6e2a6a8c65,0.17,0.41884765625,10240.0,5951.0,472.12,NVIDIA GeForce RTX 3080,[N/A],Enabled,Enabled
1672427450.453838,0,GPU-a71d5fd4-b7db-93b7-1b7a-5a6e2a6a8c65,0.17,0.41884765625,10240.0,5951.0,472.12,NVIDIA GeForce RTX 3080,[N/A],Enabled,Enabled
1672427451.453108,0,GPU-a71d5fd4-b7db-93b7-1b7a-5a6e2a6a8c65,0.17,0.41884765625,10240.0,5951.0,472.12,NVIDIA GeForce RTX 3080,[N/A],Enabled,Enabled
1672427452.458928,0,GPU-a71d5fd4-b7db-93b7-1b7a-5a6e2a6a8c65,0.17,0.41884765625,10240.0,5951.0,472.12,NVIDIA GeForce RTX 3080,[N/A],Enabled,Enabled
1672427453.46301,0,GPU-a71d5fd4-b7db-93b7-1b7a-5a6e2a6a8c65,0.17,0.41884765625,10240.0,5951.0,472.12,NVIDIA GeForce RTX 3080,[N/A],Enabled,Enabled
1672427454.450861,0,GPU-a71d5fd4-b7db-93b7-1b7a-5a6e2a6a8c65,0.17,0.41884765625,10240.0,5951.0,472.12,NVIDIA GeForce RTX 3080,[N/A],Enabled,Enabled
1672427455.455908,0,GPU-a71d5fd4-b7db-93b7-1b7a-5a6e2a6a8c65,0.17,0.41884765625,10240.0,5951.0,472.12,NVIDIA GeForce RTX 3080,[N/A],Enabled,Enabled
1672427456.461662,0,GPU-a71d5fd4-b7db-93b7-1b7a-5a6e2a6a8c65,0.17,0.41884765625,10240.0,5951.0,472.12,NVIDIA GeForce RTX 3080,[N/A],Enabled,Enabled
1672427457.454046,0,GPU-a71d5fd4-b7db-93b7-1b7a-5a6e2a6a8c65,0.17,0.41884765625,10240.0,5951.0,472.12,NVIDIA GeForce RTX 3080,[N/A],Enabled,Enabled
1672427458.464817,0,GPU-a71d5fd4-b7db-93b7-1b7a-5a6e2a6a8c65,0.18,0.41884765625,10240.0,5951.0,472.12,NVIDIA GeForce RTX 3080,[N/A],Enabled,Enabled
1672427459.454179,0,GPU-a71d5fd4-b7db-93b7-1b7a-5a6e2a6a8c65,0.17,0.41884765625,10240.0,5951.0,472.12,NVIDIA GeForce RTX 3080,[N/A],Enabled,Enabled
1672427460.456038,0,GPU-a71d5fd4-b7db-93b7-1b7a-5a6e2a6a8c65,0.17,0.41884765625,10240.0,5951.0,472.12,NVIDIA GeForce RTX 3080,[N/A],Enabled,Enabled
1672427461.459081,0,GPU-a71d5fd4-b7db-93b7-1b7a-5a6e2a6a8c65,0.17,0.41884765625,10240.0,5951.0,472.12,NVIDIA GeForce RTX 3080,[N/A],Enabled,Enabled
1672427462.462906,0,GPU-a71d5fd4-b7db-93b7-1b7a-5a6e2a6a8c65,0.18,0.41884765625,10240.0,5951.0,472.12,NVIDIA GeForce RTX 3080,[N/A],Enabled,Enabled
1672427463.454159,0,GPU-a71d5fd4-b7db-93b7-1b7a-5a6e2a6a8c65,0.17,0.41884765625,10240.0,5951.0,472.12,NVIDIA GeForce RTX 3080,[N/A],Enabled,Enabled
1672427464.462743,0,GPU-a71d5fd4-b7db-93b7-1b7a-5a6e2a6a8c65,0.17,0.41884765625,10240.0,5951.0,472.12,NVIDIA GeForce RTX 3080,[N/A],Enabled,Enabled
1672427465.452802,0,GPU-a71d5fd4-b7db-93b7-1b7a-5a6e2a6a8c65,0.18,0.41884765625,10240.0,5951.0,472.12,NVIDIA GeForce RTX 3080,[N/A],Enabled,Enabled
1672427466.462009,0,GPU-a71d5fd4-b7db-93b7-1b7a-5a6e2a6a8c65,0.17,0.41884765625,10240.0,5951.0,472.12,NVIDIA GeForce RTX 3080,[N/A],Enabled,Enabled
1672427467.453199,0,GPU-a71d5fd4-b7db-93b7-1b7a-5a6e2a6a8c65,0.17,0.41884765625,10240.0,5951.0,472.12,NVIDIA GeForce RTX 3080,[N/A],Enabled,Enabled
1672427468.45861,0,GPU-a71d5fd4-b7db-93b7-1b7a-5a6e2a6a8c65,0.17,0.41884765625,10240.0,5951.0,472.12,NVIDIA GeForce RTX 3080,[N/A],Enabled,Enabled
1672427469.463837,0,GPU-a71d5fd4-b7db-93b7-1b7a-5a6e2a6a8c65,0.17,0.41884765625,10240.0,5951.0,472.12,NVIDIA GeForce RTX 3080,[N/A],Enabled,Enabled
1672427470.456794,0,GPU-a71d5fd4-b7db-93b7-1b7a-5a6e2a6a8c65,0.17,0.41884765625,10240.0,5951.0,472.12,NVIDIA GeForce RTX 3080,[N/A],Enabled,Enabled
1672427471.453004,0,GPU-a71d5fd4-b7db-93b7-1b7a-5a6e2a6a8c65,0.17,0.41884765625,10240.0,5951.0,472.12,NVIDIA GeForce RTX 3080,[N/A],Enabled,Enabled
1672427472.462856,0,GPU-a71d5fd4-b7db-93b7-1b7a-5a6e2a6a8c65,0.17,0.41884765625,10240.0,5951.0,472.12,NVIDIA GeForce RTX 3080,[N/A],Enabled,Enabled
1672427473.465363,0,GPU-a71d5fd4-b7db-93b7-1b7a-5a6e2a6a8c65,0.18,0.41884765625,10240.0,5951.0,472.12,NVIDIA GeForce RTX 3080,[N/A],Enabled,Enabled
1672427474.453162,0,GPU-a71d5fd4-b7db-93b7-1b7a-5a6e2a6a8c65,0.17,0.41884765625,10240.0,5951.0,472.12,NVIDIA GeForce RTX 3080,[N/A],Enabled,Enabled
1672427475.457708,0,GPU-a71d5fd4-b7db-93b7-1b7a-5a6e2a6a8c65,0.16,0.41884765625,10240.0,5951.0,472.12,NVIDIA GeForce RTX 3080,[N/A],Enabled,Enabled
1672427476.452908,0,GPU-a71d5fd4-b7db-93b7-1b7a-5a6e2a6a8c65,0.17,0.41884765625,10240.0,5951.0,472.12,NVIDIA GeForce RTX 3080,[N/A],Enabled,Enabled
1672427477.455979,0,GPU-a71d5fd4-b7db-93b7-1b7a-5a6e2a6a8c65,0.17,0.41884765625,10240.0,5951.0,472.12,NVIDIA GeForce RTX 3080,[N/A],Enabled,Enabled
1672427478.461953,0,GPU-a71d5fd4-b7db-93b7-1b7a-5a6e2a6a8c65,0.17,0.41884765625,10240.0,5951.0,472.12,NVIDIA GeForce RTX 3080,[N/A],Enabled,Enabled
1672427479.464151,0,GPU-a71d5fd4-b7db-93b7-1b7a-5a6e2a6a8c65,0.17,0.41884765625,10240.0,5951.0,472.12,NVIDIA GeForce RTX 3080,[N/A],Enabled,Enabled
1672427480.456163,0,GPU-a71d5fd4-b7db-93b7-1b7a-5a6e2a6a8c65,0.17,0.41884765625,10240.0,5951.0,472.12,NVIDIA GeForce RTX 3080,[N/A],Enabled,Enabled
1672427481.458983,0,GPU-a71d5fd4-b7db-93b7-1b7a-5a6e2a6a8c65,0.17,0.41884765625,10240.0,5951.0,472.12,NVIDIA GeForce RTX 3080,[N/A],Enabled,Enabled
1672427482.453424,0,GPU-a71d5fd4-b7db-93b7-1b7a-5a6e2a6a8c65,0.17,0.41884765625,10240.0,5951.0,472.12,NVIDIA GeForce RTX 3080,[N/A],Enabled,Enabled
1672427483.459152,0,GPU-a71d5fd4-b7db-93b7-1b7a-5a6e2a6a8c65,0.17,0.41884765625,10240.0,5951.0,472.12,NVIDIA GeForce RTX 3080,[N/A],Enabled,Enabled
1672427484.463032,0,GPU-a71d5fd4-b7db-93b7-1b7a-5a6e2a6a8c65,0.17,0.41884765625,10240.0,5951.0,472.12,NVIDIA GeForce RTX 3080,[N/A],Enabled,Enabled
1672427485.452951,0,GPU-a71d5fd4-b7db-93b7-1b7a-5a6e2a6a8c65,0.17,0.41884765625,10240.0,5951.0,472.12,NVIDIA GeForce RTX 3080,[N/A],Enabled,Enabled
1672427486.455212,0,GPU-a71d5fd4-b7db-93b7-1b7a-5a6e2a6a8c65,0.17,0.41884765625,10240.0,5951.0,472.12,NVIDIA GeForce RTX 3080,[N/A],Enabled,Enabled
1672427487.464093,0,GPU-a71d5fd4-b7db-93b7-1b7a-5a6e2a6a8c65,0.17,0.41884765625,10240.0,5951.0,472.12,NVIDIA GeForce RTX 3080,[N/A],Enabled,Enabled
1672427488.45318,0,GPU-a71d5fd4-b7db-93b7-1b7a-5a6e2a6a8c65,0.17,0.41884765625,10240.0,5951.0,472.12,NVIDIA GeForce RTX 3080,[N/A],Enabled,Enabled
1672427489.455313,0,GPU-a71d5fd4-b7db-93b7-1b7a-5a6e2a6a8c65,0.17,0.41884765625,10240.0,5951.0,472.12,NVIDIA GeForce RTX 3080,[N/A],Enabled,Enabled
1672427490.463051,0,GPU-a71d5fd4-b7db-93b7-1b7a-5a6e2a6a8c65,0.17,0.41884765625,10240.0,5951.0,472.12,NVIDIA GeForce RTX 3080,[N/A],Enabled,Enabled
1672427491.454057,0,GPU-a71d5fd4-b7db-93b7-1b7a-5a6e2a6a8c65,0.16,0.41884765625,10240.0,5951.0,472.12,NVIDIA GeForce RTX 3080,[N/A],Enabled,Enabled
1672427492.458811,0,GPU-a71d5fd4-b7db-93b7-1b7a-5a6e2a6a8c65,0.17,0.41884765625,10240.0,5951.0,472.12,NVIDIA GeForce RTX 3080,[N/A],Enabled,Enabled
1672427493.451117,0,GPU-a71d5fd4-b7db-93b7-1b7a-5a6e2a6a8c65,0.17,0.41884765625,10240.0,5951.0,472.12,NVIDIA GeForce RTX 3080,[N/A],Enabled,Enabled
1672427494.457462,0,GPU-a71d5fd4-b7db-93b7-1b7a-5a6e2a6a8c65,0.17,0.41884765625,10240.0,5951.0,472.12,NVIDIA GeForce RTX 3080,[N/A],Enabled,Enabled
1672427495.461938,0,GPU-a71d5fd4-b7db-93b7-1b7a-5a6e2a6a8c65,0.17,0.41884765625,10240.0,5951.0,472.12,NVIDIA GeForce RTX 3080,[N/A],Enabled,Enabled
1672427496.455116,0,GPU-a71d5fd4-b7db-93b7-1b7a-5a6e2a6a8c65,0.17,0.41884765625,10240.0,5951.0,472.12,NVIDIA GeForce RTX 3080,[N/A],Enabled,Enabled
1672427497.452121,0,GPU-a71d5fd4-b7db-93b7-1b7a-5a6e2a6a8c65,0.17,0.41884765625,10240.0,5951.0,472.12,NVIDIA GeForce RTX 3080,[N/A],Enabled,Enabled
1672427498.453996,0,GPU-a71d5fd4-b7db-93b7-1b7a-5a6e2a6a8c65,0.16,0.41884765625,10240.0,5951.0,472.12,NVIDIA GeForce RTX 3080,[N/A],Enabled,Enabled
1672427499.458841,0,GPU-a71d5fd4-b7db-93b7-1b7a-5a6e2a6a8c65,0.16,0.41884765625,10240.0,5951.0,472.12,NVIDIA GeForce RTX 3080,[N/A],Enabled,Enabled
1672427500.462764,0,GPU-a71d5fd4-b7db-93b7-1b7a-5a6e2a6a8c65,0.17,0.41884765625,10240.0,5951.0,472.12,NVIDIA GeForce RTX 3080,[N/A],Enabled,Enabled
1672427501.454768,0,GPU-a71d5fd4-b7db-93b7-1b7a-5a6e2a6a8c65,0.16,0.41884765625,10240.0,5951.0,472.12,NVIDIA GeForce RTX 3080,[N/A],Enabled,Enabled
1672427502.463098,0,GPU-a71d5fd4-b7db-93b7-1b7a-5a6e2a6a8c65,0.17,0.41884765625,10240.0,5951.0,472.12,NVIDIA GeForce RTX 3080,[N/A],Enabled,Enabled
1672427503.452804,0,GPU-a71d5fd4-b7db-93b7-1b7a-5a6e2a6a8c65,0.16,0.41884765625,10240.0,5951.0,472.12,NVIDIA GeForce RTX 3080,[N/A],Enabled,Enabled
1672427504.459999,0,GPU-a71d5fd4-b7db-93b7-1b7a-5a6e2a6a8c65,0.17,0.41884765625,10240.0,5951.0,472.12,NVIDIA GeForce RTX 3080,[N/A],Enabled,Enabled
1672427505.464865,0,GPU-a71d5fd4-b7db-93b7-1b7a-5a6e2a6a8c65,0.17,0.41884765625,10240.0,5951.0,472.12,NVIDIA GeForce RTX 3080,[N/A],Enabled,Enabled
1672427506.45706,0,GPU-a71d5fd4-b7db-93b7-1b7a-5a6e2a6a8c65,0.17,0.41884765625,10240.0,5951.0,472.12,NVIDIA GeForce RTX 3080,[N/A],Enabled,Enabled
1672427507.464045,0,GPU-a71d5fd4-b7db-93b7-1b7a-5a6e2a6a8c65,0.17,0.41884765625,10240.0,5951.0,472.12,NVIDIA GeForce RTX 3080,[N/A],Enabled,Enabled
1672427508.451926,0,GPU-a71d5fd4-b7db-93b7-1b7a-5a6e2a6a8c65,0.17,0.41884765625,10240.0,5951.0,472.12,NVIDIA GeForce RTX 3080,[N/A],Enabled,Enabled
1672427509.457988,0,GPU-a71d5fd4-b7db-93b7-1b7a-5a6e2a6a8c65,0.16,0.41884765625,10240.0,5951.0,472.12,NVIDIA GeForce RTX 3080,[N/A],Enabled,Enabled
1672427510.465173,0,GPU-a71d5fd4-b7db-93b7-1b7a-5a6e2a6a8c65,0.17,0.41884765625,10240.0,5951.0,472.12,NVIDIA GeForce RTX 3080,[N/A],Enabled,Enabled
1672427511.453825,0,GPU-a71d5fd4-b7db-93b7-1b7a-5a6e2a6a8c65,0.17,0.41884765625,10240.0,5951.0,472.12,NVIDIA GeForce RTX 3080,[N/A],Enabled,Enabled
1672427512.460032,0,GPU-a71d5fd4-b7db-93b7-1b7a-5a6e2a6a8c65,0.17,0.41884765625,10240.0,5951.0,472.12,NVIDIA GeForce RTX 3080,[N/A],Enabled,Enabled
1672427513.455936,0,GPU-a71d5fd4-b7db-93b7-1b7a-5a6e2a6a8c65,0.16,0.41884765625,10240.0,5951.0,472.12,NVIDIA GeForce RTX 3080,[N/A],Enabled,Enabled
1672427514.457893,0,GPU-a71d5fd4-b7db-93b7-1b7a-5a6e2a6a8c65,0.17,0.41884765625,10240.0,5951.0,472.12,NVIDIA GeForce RTX 3080,[N/A],Enabled,Enabled
1672427515.451394,0,GPU-a71d5fd4-b7db-93b7-1b7a-5a6e2a6a8c65,0.16,0.41884765625,10240.0,5951.0,472.12,NVIDIA GeForce RTX 3080,[N/A],Enabled,Enabled
1672427516.46109,0,GPU-a71d5fd4-b7db-93b7-1b7a-5a6e2a6a8c65,0.16,0.41884765625,10240.0,5951.0,472.12,NVIDIA GeForce RTX 3080,[N/A],Enabled,Enabled
1672427517.450742,0,GPU-a71d5fd4-b7db-93b7-1b7a-5a6e2a6a8c65,0.17,0.41884765625,10240.0,5951.0,472.12,NVIDIA GeForce RTX 3080,[N/A],Enabled,Enabled
1672427518.458648,0,GPU-a71d5fd4-b7db-93b7-1b7a-5a6e2a6a8c65,0.17,0.41884765625,10240.0,5951.0,472.12,NVIDIA GeForce RTX 3080,[N/A],Enabled,Enabled
1672427519.465134,0,GPU-a71d5fd4-b7db-93b7-1b7a-5a6e2a6a8c65,0.17,0.41884765625,10240.0,5951.0,472.12,NVIDIA GeForce RTX 3080,[N/A],Enabled,Enabled
1672427520.454083,0,GPU-a71d5fd4-b7db-93b7-1b7a-5a6e2a6a8c65,0.17,0.41884765625,10240.0,5951.0,472.12,NVIDIA GeForce RTX 3080,[N/A],Enabled,Enabled
1672427521.46137,0,GPU-a71d5fd4-b7db-93b7-1b7a-5a6e2a6a8c65,0.17,0.41884765625,10240.0,5951.0,472.12,NVIDIA GeForce RTX 3080,[N/A],Enabled,Enabled
1672427522.451684,0,GPU-a71d5fd4-b7db-93b7-1b7a-5a6e2a6a8c65,0.17,0.41884765625,10240.0,5951.0,472.12,NVIDIA GeForce RTX 3080,[N/A],Enabled,Enabled
1672427523.454997,0,GPU-a71d5fd4-b7db-93b7-1b7a-5a6e2a6a8c65,0.16,0.41884765625,10240.0,5951.0,472.12,NVIDIA GeForce RTX 3080,[N/A],Enabled,Enabled
1672427524.463124,0,GPU-a71d5fd4-b7db-93b7-1b7a-5a6e2a6a8c65,0.17,0.41884765625,10240.0,5951.0,472.12,NVIDIA GeForce RTX 3080,[N/A],Enabled,Enabled
1672427525.452807,0,GPU-a71d5fd4-b7db-93b7-1b7a-5a6e2a6a8c65,0.17,0.41884765625,10240.0,5951.0,472.12,NVIDIA GeForce RTX 3080,[N/A],Enabled,Enabled
1672427526.459084,0,GPU-a71d5fd4-b7db-93b7-1b7a-5a6e2a6a8c65,0.17,0.41884765625,10240.0,5951.0,472.12,NVIDIA GeForce RTX 3080,[N/A],Enabled,Enabled
1672427527.463756,0,GPU-a71d5fd4-b7db-93b7-1b7a-5a6e2a6a8c65,0.17,0.41884765625,10240.0,5951.0,472.12,NVIDIA GeForce RTX 3080,[N/A],Enabled,Enabled
1672427528.454666,0,GPU-a71d5fd4-b7db-93b7-1b7a-5a6e2a6a8c65,0.17,0.41884765625,10240.0,5951.0,472.12,NVIDIA GeForce RTX 3080,[N/A],Enabled,Enabled
1672427529.462663,0,GPU-a71d5fd4-b7db-93b7-1b7a-5a6e2a6a8c65,0.17,0.41884765625,10240.0,5951.0,472.12,NVIDIA GeForce RTX 3080,[N/A],Enabled,Enabled
1672427530.451865,0,GPU-a71d5fd4-b7db-93b7-1b7a-5a6e2a6a8c65,0.17,0.41884765625,10240.0,5951.0,472.12,NVIDIA GeForce RTX 3080,[N/A],Enabled,Enabled
1672427531.456181,0,GPU-a71d5fd4-b7db-93b7-1b7a-5a6e2a6a8c65,0.17,0.41884765625,10240.0,5951.0,472.12,NVIDIA GeForce RTX 3080,[N/A],Enabled,Enabled
1672427532.465171,0,GPU-a71d5fd4-b7db-93b7-1b7a-5a6e2a6a8c65,0.17,0.41884765625,10240.0,5951.0,472.12,NVIDIA GeForce RTX 3080,[N/A],Enabled,Enabled
1672427533.45489,0,GPU-a71d5fd4-b7db-93b7-1b7a-5a6e2a6a8c65,0.16,0.41884765625,10240.0,5951.0,472.12,NVIDIA GeForce RTX 3080,[N/A],Enabled,Enabled
1672427534.460759,0,GPU-a71d5fd4-b7db-93b7-1b7a-5a6e2a6a8c65,0.17,0.41884765625,10240.0,5951.0,472.12,NVIDIA GeForce RTX 3080,[N/A],Enabled,Enabled
1672427535.461011,0,GPU-a71d5fd4-b7db-93b7-1b7a-5a6e2a6a8c65,0.17,0.41884765625,10240.0,5951.0,472.12,NVIDIA GeForce RTX 3080,[N/A],Enabled,Enabled
1672427536.453006,0,GPU-a71d5fd4-b7db-93b7-1b7a-5a6e2a6a8c65,0.18,0.41884765625,10240.0,5951.0,472.12,NVIDIA GeForce RTX 3080,[N/A],Enabled,Enabled
1672427537.458022,0,GPU-a71d5fd4-b7db-93b7-1b7a-5a6e2a6a8c65,0.17,0.41884765625,10240.0,5951.0,472.12,NVIDIA GeForce RTX 3080,[N/A],Enabled,Enabled
1672427538.457534,0,GPU-a71d5fd4-b7db-93b7-1b7a-5a6e2a6a8c65,0.17,0.41884765625,10240.0,5951.0,472.12,NVIDIA GeForce RTX 3080,[N/A],Enabled,Enabled
1672427539.457978,0,GPU-a71d5fd4-b7db-93b7-1b7a-5a6e2a6a8c65,0.17,0.41884765625,10240.0,5951.0,472.12,NVIDIA GeForce RTX 3080,[N/A],Enabled,Enabled
1672427540.45116,0,GPU-a71d5fd4-b7db-93b7-1b7a-5a6e2a6a8c65,0.17,0.41884765625,10240.0,5951.0,472.12,NVIDIA GeForce RTX 3080,[N/A],Enabled,Enabled
1672427541.458785,0,GPU-a71d5fd4-b7db-93b7-1b7a-5a6e2a6a8c65,0.17,0.41884765625,10240.0,5951.0,472.12,NVIDIA GeForce RTX 3080,[N/A],Enabled,Enabled
1672427542.460119,0,GPU-a71d5fd4-b7db-93b7-1b7a-5a6e2a6a8c65,0.17,0.41884765625,10240.0,5951.0,472.12,NVIDIA GeForce RTX 3080,[N/A],Enabled,Enabled
1672427543.465974,0,GPU-a71d5fd4-b7db-93b7-1b7a-5a6e2a6a8c65,0.16,0.41884765625,10240.0,5951.0,472.12,NVIDIA GeForce RTX 3080,[N/A],Enabled,Enabled
1672427544.455228,0,GPU-a71d5fd4-b7db-93b7-1b7a-5a6e2a6a8c65,0.17,0.41884765625,10240.0,5951.0,472.12,NVIDIA GeForce RTX 3080,[N/A],Enabled,Enabled
1672427545.463878,0,GPU-a71d5fd4-b7db-93b7-1b7a-5a6e2a6a8c65,0.17,0.41884765625,10240.0,5951.0,472.12,NVIDIA GeForce RTX 3080,[N/A],Enabled,Enabled
1672427546.455202,0,GPU-a71d5fd4-b7db-93b7-1b7a-5a6e2a6a8c65,0.18,0.41884765625,10240.0,5951.0,472.12,NVIDIA GeForce RTX 3080,[N/A],Enabled,Enabled
1672427547.459841,0,GPU-a71d5fd4-b7db-93b7-1b7a-5a6e2a6a8c65,0.16,0.41884765625,10240.0,5951.0,472.12,NVIDIA GeForce RTX 3080,[N/A],Enabled,Enabled
1672427548.450748,0,GPU-a71d5fd4-b7db-93b7-1b7a-5a6e2a6a8c65,0.16,0.41884765625,10240.0,5951.0,472.12,NVIDIA GeForce RTX 3080,[N/A],Enabled,Enabled
1672427549.466048,0,GPU-a71d5fd4-b7db-93b7-1b7a-5a6e2a6a8c65,0.16,0.41884765625,10240.0,5951.0,472.12,NVIDIA GeForce RTX 3080,[N/A],Enabled,Enabled
1672427550.457932,0,GPU-a71d5fd4-b7db-93b7-1b7a-5a6e2a6a8c65,0.16,0.41884765625,10240.0,5951.0,472.12,NVIDIA GeForce RTX 3080,[N/A],Enabled,Enabled
1672427551.463809,0,GPU-a71d5fd4-b7db-93b7-1b7a-5a6e2a6a8c65,0.17,0.41884765625,10240.0,5951.0,472.12,NVIDIA GeForce RTX 3080,[N/A],Enabled,Enabled
1672427552.455774,0,GPU-a71d5fd4-b7db-93b7-1b7a-5a6e2a6a8c65,0.17,0.41884765625,10240.0,5951.0,472.12,NVIDIA GeForce RTX 3080,[N/A],Enabled,Enabled
1672427553.459085,0,GPU-a71d5fd4-b7db-93b7-1b7a-5a6e2a6a8c65,0.17,0.41884765625,10240.0,5951.0,472.12,NVIDIA GeForce RTX 3080,[N/A],Enabled,Enabled
1672427554.453084,0,GPU-a71d5fd4-b7db-93b7-1b7a-5a6e2a6a8c65,0.16,0.41884765625,10240.0,5951.0,472.12,NVIDIA GeForce RTX 3080,[N/A],Enabled,Enabled
1672427555.460658,0,GPU-a71d5fd4-b7db-93b7-1b7a-5a6e2a6a8c65,0.17,0.41884765625,10240.0,5951.0,472.12,NVIDIA GeForce RTX 3080,[N/A],Enabled,Enabled
1672427556.45802,0,GPU-a71d5fd4-b7db-93b7-1b7a-5a6e2a6a8c65,0.16,0.41884765625,10240.0,5951.0,472.12,NVIDIA GeForce RTX 3080,[N/A],Enabled,Enabled
1672427557.462751,0,GPU-a71d5fd4-b7db-93b7-1b7a-5a6e2a6a8c65,0.16,0.41884765625,10240.0,5951.0,472.12,NVIDIA GeForce RTX 3080,[N/A],Enabled,Enabled
1672427558.454126,0,GPU-a71d5fd4-b7db-93b7-1b7a-5a6e2a6a8c65,0.17,0.41884765625,10240.0,5951.0,472.12,NVIDIA GeForce RTX 3080,[N/A],Enabled,Enabled
1672427559.463866,0,GPU-a71d5fd4-b7db-93b7-1b7a-5a6e2a6a8c65,0.16,0.41884765625,10240.0,5951.0,472.12,NVIDIA GeForce RTX 3080,[N/A],Enabled,Enabled
1672427560.453854,0,GPU-a71d5fd4-b7db-93b7-1b7a-5a6e2a6a8c65,0.17,0.41884765625,10240.0,5951.0,472.12,NVIDIA GeForce RTX 3080,[N/A],Enabled,Enabled
1672427561.463732,0,GPU-a71d5fd4-b7db-93b7-1b7a-5a6e2a6a8c65,0.16,0.41884765625,10240.0,5951.0,472.12,NVIDIA GeForce RTX 3080,[N/A],Enabled,Enabled
1672427562.454109,0,GPU-a71d5fd4-b7db-93b7-1b7a-5a6e2a6a8c65,0.17,0.41884765625,10240.0,5951.0,472.12,NVIDIA GeForce RTX 3080,[N/A],Enabled,Enabled
1672427563.460768,0,GPU-a71d5fd4-b7db-93b7-1b7a-5a6e2a6a8c65,0.17,0.41884765625,10240.0,5951.0,472.12,NVIDIA GeForce RTX 3080,[N/A],Enabled,Enabled
1672427564.451625,0,GPU-a71d5fd4-b7db-93b7-1b7a-5a6e2a6a8c65,0.17,0.41884765625,10240.0,5951.0,472.12,NVIDIA GeForce RTX 3080,[N/A],Enabled,Enabled
1672427565.460985,0,GPU-a71d5fd4-b7db-93b7-1b7a-5a6e2a6a8c65,0.16,0.41884765625,10240.0,5951.0,472.12,NVIDIA GeForce RTX 3080,[N/A],Enabled,Enabled
1672427566.450898,0,GPU-a71d5fd4-b7db-93b7-1b7a-5a6e2a6a8c65,0.16,0.41884765625,10240.0,5951.0,472.12,NVIDIA GeForce RTX 3080,[N/A],Enabled,Enabled
1672427567.455786,0,GPU-a71d5fd4-b7db-93b7-1b7a-5a6e2a6a8c65,0.16,0.41884765625,10240.0,5951.0,472.12,NVIDIA GeForce RTX 3080,[N/A],Enabled,Enabled
1672427568.460035,0,GPU-a71d5fd4-b7db-93b7-1b7a-5a6e2a6a8c65,0.17,0.41884765625,10240.0,5951.0,472.12,NVIDIA GeForce RTX 3080,[N/A],Enabled,Enabled
1672427569.461866,0,GPU-a71d5fd4-b7db-93b7-1b7a-5a6e2a6a8c65,0.17,0.41884765625,10240.0,5951.0,472.12,NVIDIA GeForce RTX 3080,[N/A],Enabled,Enabled
1672427570.464108,0,GPU-a71d5fd4-b7db-93b7-1b7a-5a6e2a6a8c65,0.16,0.41884765625,10240.0,5951.0,472.12,NVIDIA GeForce RTX 3080,[N/A],Enabled,Enabled
1672427571.451126,0,GPU-a71d5fd4-b7db-93b7-1b7a-5a6e2a6a8c65,0.16,0.41884765625,10240.0,5951.0,472.12,NVIDIA GeForce RTX 3080,[N/A],Enabled,Enabled
1672427572.458679,0,GPU-a71d5fd4-b7db-93b7-1b7a-5a6e2a6a8c65,0.1,0.41181640625,10240.0,6023.0,472.12,NVIDIA GeForce RTX 3080,[N/A],Enabled,Enabled
1672427573.464704,0,GPU-a71d5fd4-b7db-93b7-1b7a-5a6e2a6a8c65,0.15,0.41181640625,10240.0,6023.0,472.12,NVIDIA GeForce RTX 3080,[N/A],Enabled,Enabled
1672427574.45865,0,GPU-a71d5fd4-b7db-93b7-1b7a-5a6e2a6a8c65,0.14,0.41181640625,10240.0,6023.0,472.12,NVIDIA GeForce RTX 3080,[N/A],Enabled,Enabled
1672427575.462034,0,GPU-a71d5fd4-b7db-93b7-1b7a-5a6e2a6a8c65,0.14,0.41171875,10240.0,6024.0,472.12,NVIDIA GeForce RTX 3080,[N/A],Enabled,Enabled
1672427576.453105,0,GPU-a71d5fd4-b7db-93b7-1b7a-5a6e2a6a8c65,0.14,0.41171875,10240.0,6024.0,472.12,NVIDIA GeForce RTX 3080,[N/A],Enabled,Enabled
1672427577.459686,0,GPU-a71d5fd4-b7db-93b7-1b7a-5a6e2a6a8c65,0.25,0.45703125,10240.0,5560.0,472.12,NVIDIA GeForce RTX 3080,[N/A],Enabled,Enabled
1672427578.45293,0,GPU-a71d5fd4-b7db-93b7-1b7a-5a6e2a6a8c65,0.24,0.45703125,10240.0,5560.0,472.12,NVIDIA GeForce RTX 3080,[N/A],Enabled,Enabled
1672427579.456669,0,GPU-a71d5fd4-b7db-93b7-1b7a-5a6e2a6a8c65,0.24,0.45703125,10240.0,5560.0,472.12,NVIDIA GeForce RTX 3080,[N/A],Enabled,Enabled
1672427580.463106,0,GPU-a71d5fd4-b7db-93b7-1b7a-5a6e2a6a8c65,0.24,0.45703125,10240.0,5560.0,472.12,NVIDIA GeForce RTX 3080,[N/A],Enabled,Enabled
1672427581.455386,0,GPU-a71d5fd4-b7db-93b7-1b7a-5a6e2a6a8c65,0.16,0.37470703125,10240.0,6403.0,472.12,NVIDIA GeForce RTX 3080,[N/A],Enabled,Enabled
1672427582.462909,0,GPU-a71d5fd4-b7db-93b7-1b7a-5a6e2a6a8c65,0.14,0.37470703125,10240.0,6403.0,472.12,NVIDIA GeForce RTX 3080,[N/A],Enabled,Enabled
1672427583.454245,0,GPU-a71d5fd4-b7db-93b7-1b7a-5a6e2a6a8c65,0.14,0.375390625,10240.0,6396.0,472.12,NVIDIA GeForce RTX 3080,[N/A],Enabled,Enabled
1672427584.460067,0,GPU-a71d5fd4-b7db-93b7-1b7a-5a6e2a6a8c65,0.14,0.375390625,10240.0,6396.0,472.12,NVIDIA GeForce RTX 3080,[N/A],Enabled,Enabled
1672427585.464472,0,GPU-a71d5fd4-b7db-93b7-1b7a-5a6e2a6a8c65,0.15,0.375390625,10240.0,6396.0,472.12,NVIDIA GeForce RTX 3080,[N/A],Enabled,Enabled
1672427586.452869,0,GPU-a71d5fd4-b7db-93b7-1b7a-5a6e2a6a8c65,0.18,0.380078125,10240.0,6348.0,472.12,NVIDIA GeForce RTX 3080,[N/A],Enabled,Enabled
1672427587.453073,0,GPU-a71d5fd4-b7db-93b7-1b7a-5a6e2a6a8c65,0.13,0.379296875,10240.0,6356.0,472.12,NVIDIA GeForce RTX 3080,[N/A],Enabled,Enabled
1672427588.455397,0,GPU-a71d5fd4-b7db-93b7-1b7a-5a6e2a6a8c65,0.2,0.46328125,10240.0,5496.0,472.12,NVIDIA GeForce RTX 3080,[N/A],Enabled,Enabled
1672427589.452634,0,GPU-a71d5fd4-b7db-93b7-1b7a-5a6e2a6a8c65,0.01,0.21884765625,10240.0,7999.0,472.12,NVIDIA GeForce RTX 3080,[N/A],Enabled,Enabled
1672427590.463912,0,GPU-a71d5fd4-b7db-93b7-1b7a-5a6e2a6a8c65,0.0,0.21884765625,10240.0,7999.0,472.12,NVIDIA GeForce RTX 3080,[N/A],Enabled,Enabled
1672427591.4526,0,GPU-a71d5fd4-b7db-93b7-1b7a-5a6e2a6a8c65,0.0,0.21953125,10240.0,7992.0,472.12,NVIDIA GeForce RTX 3080,[N/A],Enabled,Enabled
1672427592.462589,0,GPU-a71d5fd4-b7db-93b7-1b7a-5a6e2a6a8c65,0.0,0.21953125,10240.0,7992.0,472.12,NVIDIA GeForce RTX 3080,[N/A],Enabled,Enabled
1672427593.459095,0,GPU-a71d5fd4-b7db-93b7-1b7a-5a6e2a6a8c65,0.0,0.21953125,10240.0,7992.0,472.12,NVIDIA GeForce RTX 3080,[N/A],Enabled,Enabled
1672427594.464931,0,GPU-a71d5fd4-b7db-93b7-1b7a-5a6e2a6a8c65,0.0,0.21953125,10240.0,7992.0,472.12,NVIDIA GeForce RTX 3080,[N/A],Enabled,Enabled
1672427595.452597,0,GPU-a71d5fd4-b7db-93b7-1b7a-5a6e2a6a8c65,0.0,0.21953125,10240.0,7992.0,472.12,NVIDIA GeForce RTX 3080,[N/A],Enabled,Enabled
1672427596.456601,0,GPU-a71d5fd4-b7db-93b7-1b7a-5a6e2a6a8c65,0.0,0.21953125,10240.0,7992.0,472.12,NVIDIA GeForce RTX 3080,[N/A],Enabled,Enabled
1672427597.462184,0,GPU-a71d5fd4-b7db-93b7-1b7a-5a6e2a6a8c65,0.0,0.21953125,10240.0,7992.0,472.12,NVIDIA GeForce RTX 3080,[N/A],Enabled,Enabled
1672427598.46059,0,GPU-a71d5fd4-b7db-93b7-1b7a-5a6e2a6a8c65,0.0,0.21953125,10240.0,7992.0,472.12,NVIDIA GeForce RTX 3080,[N/A],Enabled,Enabled
1672427599.461401,0,GPU-a71d5fd4-b7db-93b7-1b7a-5a6e2a6a8c65,0.0,0.21953125,10240.0,7992.0,472.12,NVIDIA GeForce RTX 3080,[N/A],Enabled,Enabled
1672427600.461678,0,GPU-a71d5fd4-b7db-93b7-1b7a-5a6e2a6a8c65,0.0,0.21953125,10240.0,7992.0,472.12,NVIDIA GeForce RTX 3080,[N/A],Enabled,Enabled
1672427601.461097,0,GPU-a71d5fd4-b7db-93b7-1b7a-5a6e2a6a8c65,0.0,0.21953125,10240.0,7992.0,472.12,NVIDIA GeForce RTX 3080,[N/A],Enabled,Enabled
1672427602.455221,0,GPU-a71d5fd4-b7db-93b7-1b7a-5a6e2a6a8c65,0.0,0.21953125,10240.0,7992.0,472.12,NVIDIA GeForce RTX 3080,[N/A],Enabled,Enabled
1672427603.454744,0,GPU-a71d5fd4-b7db-93b7-1b7a-5a6e2a6a8c65,0.0,0.21953125,10240.0,7992.0,472.12,NVIDIA GeForce RTX 3080,[N/A],Enabled,Enabled
1672427604.4516,0,GPU-a71d5fd4-b7db-93b7-1b7a-5a6e2a6a8c65,0.01,0.21953125,10240.0,7992.0,472.12,NVIDIA GeForce RTX 3080,[N/A],Enabled,Enabled
1672427605.453586,0,GPU-a71d5fd4-b7db-93b7-1b7a-5a6e2a6a8c65,0.0,0.21953125,10240.0,7992.0,472.12,NVIDIA GeForce RTX 3080,[N/A],Enabled,Enabled
1672427606.451586,0,GPU-a71d5fd4-b7db-93b7-1b7a-5a6e2a6a8c65,0.0,0.21953125,10240.0,7992.0,472.12,NVIDIA GeForce RTX 3080,[N/A],Enabled,Enabled
1672427607.462608,0,GPU-a71d5fd4-b7db-93b7-1b7a-5a6e2a6a8c65,0.0,0.21953125,10240.0,7992.0,472.12,NVIDIA GeForce RTX 3080,[N/A],Enabled,Enabled
1672427608.461597,0,GPU-a71d5fd4-b7db-93b7-1b7a-5a6e2a6a8c65,0.0,0.21953125,10240.0,7992.0,472.12,NVIDIA GeForce RTX 3080,[N/A],Enabled,Enabled
1672427609.4576,0,GPU-a71d5fd4-b7db-93b7-1b7a-5a6e2a6a8c65,0.01,0.21953125,10240.0,7992.0,472.12,NVIDIA GeForce RTX 3080,[N/A],Enabled,Enabled
1672427610.452258,0,GPU-a71d5fd4-b7db-93b7-1b7a-5a6e2a6a8c65,0.0,0.21953125,10240.0,7992.0,472.12,NVIDIA GeForce RTX 3080,[N/A],Enabled,Enabled
1672427611.455601,0,GPU-a71d5fd4-b7db-93b7-1b7a-5a6e2a6a8c65,0.0,0.21953125,10240.0,7992.0,472.12,NVIDIA GeForce RTX 3080,[N/A],Enabled,Enabled
1672427612.456642,0,GPU-a71d5fd4-b7db-93b7-1b7a-5a6e2a6a8c65,0.0,0.21953125,10240.0,7992.0,472.12,NVIDIA GeForce RTX 3080,[N/A],Enabled,Enabled
1672427613.457769,0,GPU-a71d5fd4-b7db-93b7-1b7a-5a6e2a6a8c65,0.01,0.21953125,10240.0,7992.0,472.12,NVIDIA GeForce RTX 3080,[N/A],Enabled,Enabled
1672427614.455541,0,GPU-a71d5fd4-b7db-93b7-1b7a-5a6e2a6a8c65,0.01,0.21953125,10240.0,7992.0,472.12,NVIDIA GeForce RTX 3080,[N/A],Enabled,Enabled
1672427615.456597,0,GPU-a71d5fd4-b7db-93b7-1b7a-5a6e2a6a8c65,0.01,0.21953125,10240.0,7992.0,472.12,NVIDIA GeForce RTX 3080,[N/A],Enabled,Enabled
1672427616.465606,0,GPU-a71d5fd4-b7db-93b7-1b7a-5a6e2a6a8c65,0.0,0.21953125,10240.0,7992.0,472.12,NVIDIA GeForce RTX 3080,[N/A],Enabled,Enabled
1672427617.452673,0,GPU-a71d5fd4-b7db-93b7-1b7a-5a6e2a6a8c65,0.02,0.21953125,10240.0,7992.0,472.12,NVIDIA GeForce RTX 3080,[N/A],Enabled,Enabled
