1.29 4.46 5.48 1/2176 7107
1.29 4.46 5.48 1/2176 7128
1.29 4.46 5.48 3/2176 7148
1.26 4.40 5.45 2/2176 7169
1.26 4.40 5.45 1/2176 7188
1.26 4.40 5.45 10/2246 7304
1.26 4.40 5.45 9/2297 7432
1.26 4.40 5.45 5/2296 7497
1.64 4.43 5.46 5/2304 7538
1.64 4.43 5.46 5/2306 7567
1.64 4.43 5.46 8/2308 7602
1.64 4.43 5.46 3/2310 7626
1.64 4.43 5.46 3/2302 7646
2.23 4.50 5.48 2/2302 7665
2.23 4.50 5.48 4/2302 7687
2.23 4.50 5.48 3/2301 7722
2.23 4.50 5.48 5/2301 7742
2.23 4.50 5.48 4/2302 7766
2.78 4.58 5.50 4/2312 7827
2.78 4.58 5.50 3/2312 7846
2.78 4.58 5.50 14/2322 7886
2.78 4.58 5.50 6/2326 7911
2.78 4.58 5.50 6/2326 7931
3.27 4.65 5.52 2/2326 7952
3.27 4.65 5.52 2/2330 7975
3.27 4.65 5.52 3/2331 7999
3.27 4.65 5.52 4/2332 8023
3.27 4.65 5.52 7/2331 8047
3.81 4.74 5.54 2/2331 8066
3.81 4.74 5.54 1/2331 8087
3.81 4.74 5.54 13/2346 8137
3.81 4.74 5.54 16/2323 8212
3.81 4.74 5.54 10/2343 8280
4.15 4.79 5.55 4/2341 8299
4.15 4.79 5.55 6/2340 8318
4.15 4.79 5.55 4/2343 8342
4.15 4.79 5.55 3/2342 8363
4.15 4.79 5.55 17/2365 8438
5.26 5.01 5.62 46/2418 8553
5.26 5.01 5.62 1/2416 8581
5.26 5.01 5.62 5/2415 8600
5.26 5.01 5.62 3/2415 8625
5.26 5.01 5.62 2/2411 8648
5.32 5.03 5.62 3/2392 8671
5.32 5.03 5.62 2/2392 8692
5.32 5.03 5.62 2/2392 8711
5.32 5.03 5.62 2/2392 8731
5.32 5.03 5.62 5/2392 8752
6.01 5.18 5.67 6/2392 8771
6.01 5.18 5.67 3/2392 8790
6.01 5.18 5.67 4/2392 8811
6.01 5.18 5.67 1/2392 8830
6.01 5.18 5.67 3/2392 8849
6.41 5.28 5.70 2/2392 8870
6.41 5.28 5.70 1/2392 8889
6.41 5.28 5.70 1/2392 8908
6.41 5.28 5.70 4/2392 8929
6.41 5.28 5.70 3/2392 8949
6.46 5.30 5.70 2/2392 8968
6.46 5.30 5.70 1/2392 8989
6.46 5.30 5.70 2/2392 9008
6.46 5.30 5.70 1/2391 9027
6.46 5.30 5.70 5/2391 9048
6.42 5.32 5.71 3/2391 9067
6.42 5.32 5.71 2/2391 9086
6.42 5.32 5.71 1/2391 9107
6.42 5.32 5.71 3/2391 9126
6.42 5.32 5.71 1/2391 9146
6.71 5.39 5.73 5/2391 9167
6.71 5.39 5.73 2/2391 9186
6.71 5.39 5.73 1/2391 9205
6.71 5.39 5.73 2/2391 9226
6.71 5.39 5.73 2/2391 9245
6.89 5.45 5.75 1/2391 9264
6.89 5.45 5.75 1/2391 9285
6.89 5.45 5.75 2/2391 9304
6.89 5.45 5.75 3/2391 9323
6.89 5.45 5.75 3/2391 9345
6.98 5.50 5.76 3/2386 9364
6.98 5.50 5.76 4/2386 9383
6.98 5.50 5.76 1/2385 9404
6.98 5.50 5.76 1/2385 9423
6.98 5.50 5.76 1/2385 9442
7.30 5.59 5.79 6/2384 9463
7.30 5.59 5.79 3/2384 9482
7.30 5.59 5.79 1/2384 9501
7.30 5.59 5.79 5/2384 9522
7.30 5.59 5.79 2/2384 9541
7.52 5.66 5.81 1/2384 9561
7.52 5.66 5.81 1/2384 9582
7.52 5.66 5.81 1/2384 9601
7.52 5.66 5.81 4/2382 9620
7.52 5.66 5.81 1/2378 9642
7.72 5.73 5.83 2/2378 9661
7.72 5.73 5.83 1/2378 9680
7.72 5.73 5.83 2/2378 9701
7.72 5.73 5.83 4/2378 9720
7.72 5.73 5.83 2/2377 9739
7.58 5.74 5.83 2/2371 9761
7.58 5.74 5.83 7/2365 9780
7.58 5.74 5.83 2/2366 9800
7.58 5.74 5.83 1/2366 9821
7.58 5.74 5.83 1/2366 9840
7.53 5.76 5.84 4/2363 9859
7.53 5.76 5.84 1/2362 9880
7.53 5.76 5.84 4/2362 9899
7.53 5.76 5.84 2/2362 9918
7.53 5.76 5.84 2/2362 9939
7.57 5.80 5.85 2/2362 9958
7.57 5.80 5.85 4/2362 9978
7.57 5.80 5.85 4/2362 9999
7.57 5.80 5.85 8/2362 10018
7.57 5.80 5.85 3/2362 10037
7.93 5.90 5.89 3/2362 10058
7.93 5.90 5.89 1/2362 10077
7.93 5.90 5.89 3/2362 10096
7.93 5.90 5.89 9/2362 10117
7.93 5.90 5.89 1/2362 10136
7.85 5.92 5.89 10/2361 10155
7.85 5.92 5.89 2/2361 10177
7.85 5.92 5.89 3/2361 10196
7.85 5.92 5.89 1/2361 10215
7.85 5.92 5.89 1/2361 10236
7.86 5.95 5.90 2/2361 10255
7.86 5.95 5.90 4/2361 10274
7.86 5.95 5.90 5/2361 10295
7.86 5.95 5.90 2/2361 10314
7.86 5.95 5.90 1/2361 10333
8.04 6.02 5.93 4/2361 10354
8.04 6.02 5.93 3/2361 10374
8.04 6.02 5.93 4/2361 10393
8.04 6.02 5.93 2/2361 10414
8.04 6.02 5.93 2/2361 10433
8.43 6.14 5.96 2/2361 10452
8.43 6.14 5.96 4/2361 10473
8.43 6.14 5.96 2/2361 10492
8.43 6.14 5.96 1/2361 10511
8.43 6.14 5.96 3/2361 10532
8.40 6.17 5.98 6/2361 10551
8.40 6.17 5.98 1/2361 10570
8.40 6.17 5.98 6/2361 10592
8.40 6.17 5.98 1/2361 10611
8.40 6.17 5.98 4/2361 10630
8.29 6.18 5.98 1/2361 10651
8.29 6.18 5.98 8/2361 10670
8.29 6.18 5.98 1/2361 10689
8.29 6.18 5.98 4/2361 10710
8.29 6.18 5.98 1/2361 10729
8.42 6.25 6.00 2/2361 10748
8.42 6.25 6.00 5/2361 10769
8.42 6.25 6.00 3/2361 10789
8.42 6.25 6.00 1/2361 10808
8.42 6.25 6.00 2/2361 10829
8.31 6.26 6.01 2/2361 10848
8.31 6.26 6.01 3/2361 10867
8.31 6.26 6.01 1/2361 10888
8.31 6.26 6.01 5/2361 10910
8.31 6.26 6.01 2/2361 10929
8.28 6.29 6.02 2/2359 10950
8.28 6.29 6.02 2/2359 10969
8.28 6.29 6.02 1/2359 10988
8.28 6.29 6.02 1/2359 11010
8.28 6.29 6.02 1/2359 11029
8.82 6.43 6.07 1/2359 11048
8.82 6.43 6.07 1/2359 11069
8.82 6.43 6.07 4/2359 11088
8.82 6.43 6.07 6/2359 11107
8.82 6.43 6.07 2/2359 11128
8.82 6.43 6.07 7/2359 11147
8.92 6.49 6.09 1/2359 11166
8.92 6.49 6.09 2/2359 11187
8.92 6.49 6.09 1/2359 11207
8.92 6.49 6.09 3/2359 11226
8.92 6.49 6.09 1/2359 11247
9.00 6.55 6.11 1/2359 11266
9.00 6.55 6.11 4/2359 11285
9.00 6.55 6.11 3/2359 11306
9.00 6.55 6.11 1/2359 11325
9.00 6.55 6.11 8/2359 11344
9.16 6.63 6.14 3/2359 11365
9.16 6.63 6.14 4/2359 11386
9.16 6.63 6.14 1/2359 11405
9.16 6.63 6.14 2/2359 11427
9.16 6.63 6.14 2/2359 11446
9.15 6.66 6.15 5/2359 11465
9.15 6.66 6.15 2/2359 11486
9.15 6.66 6.15 5/2359 11505
9.15 6.66 6.15 3/2359 11524
9.15 6.66 6.15 1/2359 11545
9.30 6.74 6.18 4/2359 11564
9.30 6.74 6.18 1/2359 11583
9.30 6.74 6.18 1/2359 11604
9.30 6.74 6.18 1/2359 11624
9.30 6.74 6.18 2/2359 11643
9.04 6.72 6.18 2/2359 11664
9.04 6.72 6.18 5/2359 11683
9.04 6.72 6.18 3/2359 11702
9.04 6.72 6.18 1/2359 11723
9.04 6.72 6.18 1/2359 11742
9.11 6.78 6.20 3/2353 11761
9.11 6.78 6.20 7/2353 11782
9.11 6.78 6.20 5/2353 11801
9.11 6.78 6.20 1/2353 11821
9.11 6.78 6.20 1/2353 11842
9.26 6.85 6.22 7/2353 11861
9.26 6.85 6.22 3/2353 11880
9.26 6.85 6.22 2/2353 11901
9.26 6.85 6.22 3/2353 11920
9.26 6.85 6.22 2/2353 11939
9.64 6.97 6.27 2/2353 11960
9.64 6.97 6.27 2/2352 11979
9.64 6.97 6.27 5/2352 11998
9.64 6.97 6.27 6/2352 12019
9.64 6.97 6.27 2/2352 12039
9.35 6.95 6.27 1/2352 12058
9.35 6.95 6.27 2/2352 12079
9.35 6.95 6.27 1/2352 12098
9.35 6.95 6.27 1/2352 12117
9.35 6.95 6.27 2/2352 12138
9.40 7.00 6.29 2/2352 12157
9.40 7.00 6.29 7/2352 12176
9.40 7.00 6.29 2/2352 12197
9.40 7.00 6.29 2/2352 12216
9.40 7.00 6.29 1/2352 12236
9.21 7.00 6.29 1/2352 12257
9.21 7.00 6.29 5/2352 12276
9.21 7.00 6.29 4/2352 12295
9.21 7.00 6.29 1/2352 12316
9.21 7.00 6.29 2/2352 12335
9.19 7.04 6.30 4/2352 12354
9.19 7.04 6.30 7/2352 12375
9.19 7.04 6.30 2/2352 12394
9.19 7.04 6.30 4/2352 12413
9.19 7.04 6.30 1/2352 12434
9.10 7.05 6.31 5/2352 12454
9.10 7.05 6.31 1/2352 12473
9.10 7.05 6.31 1/2352 12494
9.10 7.05 6.31 3/2352 12513
9.10 7.05 6.31 7/2352 12532
9.17 7.10 6.33 2/2352 12553
9.17 7.10 6.33 4/2352 12572
9.17 7.10 6.33 1/2352 12591
9.17 7.10 6.33 4/2353 12612
9.17 7.10 6.33 2/2352 12631
9.32 7.17 6.36 2/2351 12651
9.32 7.17 6.36 5/2351 12672
9.32 7.17 6.36 2/2351 12691
9.32 7.17 6.36 1/2352 12712
9.32 7.17 6.36 3/2352 12733
9.53 7.25 6.39 4/2352 12752
9.53 7.25 6.39 6/2352 12771
9.53 7.25 6.39 1/2352 12792
9.53 7.25 6.39 4/2352 12811
9.53 7.25 6.39 4/2353 12831
9.25 7.23 6.39 4/2353 12852
9.25 7.23 6.39 1/2353 12872
9.25 7.23 6.39 1/2353 12891
9.25 7.23 6.39 1/2353 12912
9.25 7.23 6.39 6/2353 12932
8.91 7.19 6.38 2/2353 12955
8.91 7.19 6.38 2/2353 12977
8.91 7.19 6.38 2/2353 12996
8.91 7.19 6.38 3/2353 13017
8.91 7.19 6.38 2/2353 13038
8.84 7.20 6.39 1/2353 13057
8.84 7.20 6.39 2/2353 13078
8.84 7.20 6.39 5/2353 13099
8.84 7.20 6.39 1/2353 13118
8.84 7.20 6.39 6/2353 13137
8.77 7.22 6.40 3/2353 13176
8.77 7.22 6.40 3/2354 13198
8.77 7.22 6.40 3/2354 13217
8.77 7.22 6.40 2/2355 13238
8.77 7.22 6.40 1/2354 13257
8.71 7.23 6.41 2/2354 13276
8.71 7.23 6.41 5/2355 13298
8.71 7.23 6.41 6/2354 13317
8.71 7.23 6.41 1/2354 13336
8.71 7.23 6.41 4/2354 13357
9.29 7.38 6.46 3/2354 13376
9.29 7.38 6.46 2/2354 13395
9.29 7.38 6.46 2/2354 13416
9.29 7.38 6.46 2/2354 13435
9.29 7.38 6.46 4/2354 13454
9.43 7.44 6.48 1/2354 13475
9.43 7.44 6.48 1/2354 13494
9.43 7.44 6.48 5/2354 13515
9.43 7.44 6.48 4/2354 13536
9.43 7.44 6.48 1/2354 13556
9.47 7.48 6.50 1/2354 13576
9.47 7.48 6.50 4/2354 13599
9.47 7.48 6.50 3/2359 13624
9.47 7.48 6.50 1/2359 13643
9.47 7.48 6.50 1/2359 13664
9.20 7.45 6.50 2/2359 13683
9.20 7.45 6.50 3/2359 13702
9.20 7.45 6.50 1/2359 13723
9.20 7.45 6.50 1/2359 13743
9.20 7.45 6.50 1/2359 13763
9.50 7.55 6.53 2/2359 13784
9.50 7.55 6.53 2/2359 13803
9.50 7.55 6.53 2/2359 13822
9.50 7.55 6.53 2/2359 13844
9.50 7.55 6.53 1/2359 13866
9.62 7.60 6.56 2/2359 13887
9.62 7.60 6.56 2/2360 13908
9.62 7.60 6.56 5/2359 13928
9.62 7.60 6.56 3/2344 13949
9.62 7.60 6.56 7/2344 13975
9.65 7.64 6.58 7/2344 13997
9.65 7.64 6.58 1/2344 14026
9.65 7.64 6.58 9/2344 14047
9.65 7.64 6.58 3/2343 14066
9.65 7.64 6.58 2/2343 14085
9.44 7.63 6.58 4/2343 14106
9.44 7.63 6.58 1/2343 14125
9.44 7.63 6.58 2/2343 14144
9.44 7.63 6.58 3/2342 14165
9.44 7.63 6.58 1/2342 14186
9.80 7.74 6.62 3/2342 14205
9.80 7.74 6.62 1/2342 14230
9.80 7.74 6.62 3/2342 14254
9.80 7.74 6.62 1/2342 14273
9.80 7.74 6.62 3/2342 14294
9.82 7.78 6.64 2/2342 14314
9.82 7.78 6.64 3/2342 14333
9.82 7.78 6.64 2/2342 14354
9.82 7.78 6.64 2/2341 14374
9.82 7.78 6.64 2/2341 14395
9.59 7.76 6.64 2/2341 14416
9.59 7.76 6.64 1/2341 14435
9.59 7.76 6.64 5/2341 14455
9.59 7.76 6.64 1/2341 14478
9.59 7.76 6.64 5/2341 14497
9.31 7.73 6.64 1/2341 14516
9.31 7.73 6.64 5/2342 14537
9.31 7.73 6.64 2/2341 14558
9.31 7.73 6.64 1/2341 14577
9.31 7.73 6.64 2/2337 14599
9.44 7.79 6.66 2/2336 14618
9.44 7.79 6.66 2/2336 14637
9.44 7.79 6.66 4/2334 14658
9.44 7.79 6.66 3/2334 14677
9.44 7.79 6.66 2/2334 14697
9.33 7.79 6.67 1/2334 14718
9.33 7.79 6.67 3/2334 14738
9.33 7.79 6.67 1/2334 14772
9.33 7.79 6.67 8/2335 14798
9.33 7.79 6.67 1/2335 14817
9.06 7.76 6.66 1/2335 14837
9.06 7.76 6.66 1/2335 14858
9.06 7.76 6.66 5/2333 14878
9.06 7.76 6.66 2/2331 14897
9.06 7.76 6.66 3/2331 14918
8.89 7.75 6.66 1/2331 14937
8.89 7.75 6.66 3/2331 14956
8.89 7.75 6.66 1/2330 14977
8.89 7.75 6.66 1/2330 14996
8.89 7.75 6.66 4/2330 15015
8.98 7.79 6.68 5/2330 15037
8.98 7.79 6.68 3/2330 15056
8.98 7.79 6.68 2/2330 15075
8.98 7.79 6.68 2/2330 15097
8.98 7.79 6.68 1/2330 15116
8.82 7.77 6.68 2/2330 15135
8.82 7.77 6.68 3/2330 15156
8.82 7.77 6.68 1/2330 15175
8.82 7.77 6.68 4/2330 15194
8.82 7.77 6.68 4/2331 15215
8.68 7.76 6.69 3/2330 15234
8.68 7.76 6.69 1/2330 15254
8.68 7.76 6.69 5/2330 15275
8.68 7.76 6.69 1/2330 15294
8.68 7.76 6.69 1/2330 15315
8.54 7.75 6.69 4/2330 15336
8.54 7.75 6.69 1/2330 15355
8.54 7.75 6.69 5/2330 15374
8.54 7.75 6.69 1/2330 15395
8.54 7.75 6.69 2/2328 15414
8.66 7.79 6.71 2/2328 15433
8.66 7.79 6.71 4/2328 15455
8.66 7.79 6.71 4/2328 15474
8.66 7.79 6.71 1/2328 15493
8.66 7.79 6.71 2/2328 15514
8.45 7.76 6.70 5/2328 15533
8.45 7.76 6.70 6/2328 15552
8.45 7.76 6.70 3/2328 15573
8.45 7.76 6.70 1/2328 15592
8.45 7.76 6.70 1/2328 15611
8.25 7.73 6.70 1/2328 15632
8.25 7.73 6.70 1/2328 15651
8.25 7.73 6.70 1/2328 15671
8.25 7.73 6.70 1/2327 15692
8.25 7.73 6.70 2/2327 15711
8.63 7.82 6.73 2/2327 15730
8.63 7.82 6.73 1/2327 15751
8.63 7.82 6.73 3/2327 15770
8.63 7.82 6.73 4/2327 15789
8.63 7.82 6.73 6/2326 15810
8.82 7.87 6.76 1/2324 15829
8.82 7.87 6.76 4/2324 15849
8.82 7.87 6.76 9/2325 15871
8.82 7.87 6.76 4/2324 15890
8.82 7.87 6.76 1/2324 15909
8.84 7.89 6.77 3/2323 15930
8.84 7.89 6.77 4/2323 15949
8.84 7.89 6.77 2/2323 15968
8.84 7.89 6.77 6/2323 15989
8.84 7.89 6.77 4/2323 16008
8.69 7.87 6.77 2/2323 16027
8.69 7.87 6.77 4/2323 16048
8.69 7.87 6.77 1/2323 16067
8.69 7.87 6.77 4/2323 16087
8.69 7.87 6.77 2/2323 16108
9.11 7.97 6.81 3/2323 16127
9.11 7.97 6.81 5/2323 16146
9.11 7.97 6.81 4/2323 16167
9.11 7.97 6.81 3/2323 16186
9.11 7.97 6.81 2/2323 16205
9.35 8.04 6.84 2/2323 16226
9.35 8.04 6.84 3/2323 16245
9.35 8.04 6.84 7/2323 16264
9.35 8.04 6.84 3/2323 16286
9.35 8.04 6.84 2/2323 16305
9.16 8.02 6.84 2/2323 16324
9.16 8.02 6.84 4/2322 16345
9.16 8.02 6.84 4/2322 16364
9.16 8.02 6.84 4/2322 16383
9.16 8.02 6.84 4/2322 16404
8.98 8.01 6.84 4/2322 16423
8.98 8.01 6.84 3/2324 16444
8.98 8.01 6.84 2/2325 16465
8.98 8.01 6.84 4/2324 16485
8.98 8.01 6.84 2/2324 16504
9.23 8.07 6.87 3/2324 16525
9.23 8.07 6.87 2/2324 16544
9.23 8.07 6.87 3/2324 16564
9.23 8.07 6.87 2/2324 16585
9.23 8.07 6.87 1/2324 16604
9.21 8.09 6.88 9/2324 16623
9.21 8.09 6.88 3/2324 16644
9.21 8.09 6.88 5/2324 16663
9.21 8.09 6.88 1/2324 16682
9.21 8.09 6.88 1/2324 16704
9.35 8.14 6.90 8/2324 16723
9.35 8.14 6.90 2/2324 16742
9.35 8.14 6.90 3/2324 16763
9.35 8.14 6.90 1/2324 16782
9.35 8.14 6.90 4/2324 16801
9.16 8.12 6.90 2/2324 16822
9.16 8.12 6.90 3/2324 16841
9.16 8.12 6.90 5/2324 16860
9.16 8.12 6.90 2/2324 16881
9.16 8.12 6.90 3/2324 16901
8.91 8.08 6.90 3/2324 16920
8.91 8.08 6.90 4/2324 16941
8.91 8.08 6.90 2/2324 16960
8.91 8.08 6.90 3/2324 16979
8.91 8.08 6.90 3/2324 17000
8.84 8.08 6.90 2/2324 17020
8.84 8.08 6.90 3/2324 17039
8.84 8.08 6.90 4/2325 17060
8.84 8.08 6.90 2/2324 17079
8.84 8.08 6.90 17/2340 17145
9.17 8.16 6.94 6/2340 17207
9.17 8.16 6.94 1/2306 17245
9.17 8.16 6.94 2/2306 17264
9.17 8.16 6.94 1/2306 17285
9.17 8.16 6.94 6/2307 17306
8.92 8.13 6.93 7/2307 17325
8.92 8.13 6.93 4/2307 17349
8.92 8.13 6.93 3/2307 17368
8.92 8.13 6.93 2/2307 17387
8.92 8.13 6.93 5/2308 17408
8.84 8.12 6.94 9/2307 17432
8.84 8.12 6.94 1/2307 17455
8.84 8.12 6.94 1/2307 17480
8.84 8.12 6.94 1/2307 17503
8.84 8.12 6.94 2/2311 17531
9.17 8.21 6.97 4/2311 17554
9.17 8.21 6.97 3/2311 17577
9.17 8.21 6.97 1/2311 17596
9.17 8.21 6.97 1/2311 17615
9.17 8.21 6.97 3/2311 17634
8.92 8.17 6.96 7/2298 17653
8.92 8.17 6.96 1/2298 17714
8.92 8.17 6.96 2/2298 17733
8.92 8.17 6.96 2/2288 17759
8.92 8.17 6.96 1/2261 17779
8.45 8.08 6.94 2/2261 17798
8.45 8.08 6.94 1/2259 17817
