2737.56 17800.65
2738.57 17808.38
2739.57 17816.10
2740.57 17823.81
2741.57 17831.42
2742.57 17839.15
2743.56 17842.39
2744.55 17845.82
2745.55 17850.53
2746.56 17856.11
2747.55 17861.35
2748.56 17866.58
2749.57 17872.12
2750.56 17877.62
2751.56 17883.32
2752.56 17888.69
2753.57 17894.34
2754.58 17899.88
2755.56 17904.86
2756.56 17910.46
2757.56 17916.04
2758.57 17919.78
2759.57 17925.34
2760.57 17930.87
2761.55 17935.40
2762.55 17941.54
2763.55 17946.90
2764.55 17952.30
2765.55 17958.42
2766.56 17964.19
2767.56 17970.27
2768.56 17975.22
2769.55 17978.94
2770.55 17983.36
2771.55 17989.71
2772.55 17994.88
2773.55 18000.65
2774.55 18006.18
2775.55 18010.28
2776.56 18013.92
2777.56 18019.62
2778.55 18025.11
2779.56 18031.00
2780.58 18037.01
2781.58 18042.41
2782.58 18047.75
2783.58 18053.55
2784.58 18058.85
2785.58 18064.42
2786.57 18070.16
2787.58 18075.66
2788.57 18081.09
2789.58 18086.86
2790.57 18092.34
2791.58 18097.73
2792.57 18103.55
2793.58 18109.20
2794.58 18115.02
2795.57 18120.66
2796.57 18126.48
2797.58 18132.59
2798.57 18138.57
2799.57 18144.45
2800.57 18150.52
2801.57 18156.61
2802.57 18162.64
2803.58 18168.69
2804.57 18174.77
2805.58 18180.92
2806.57 18186.92
2807.58 18193.16
2808.58 18199.36
2809.56 18205.50
2810.57 18211.81
2811.58 18218.02
2812.58 18224.15
2813.58 18230.33
2814.57 18236.42
2815.57 18242.48
2816.58 18248.87
2817.58 18255.30
2818.58 18261.59
2819.56 18267.76
2820.58 18273.92
2821.58 18279.87
2822.57 18286.18
2823.58 18292.06
2824.57 18297.66
2825.58 18303.90
2826.58 18310.25
2827.57 18316.47
2828.57 18322.71
2829.57 18329.07
2830.58 18335.77
2831.58 18342.32
2832.58 18348.95
2833.58 18355.59
2834.57 18361.99
2835.58 18368.76
2836.58 18375.44
2837.58 18381.79
2838.58 18388.33
2839.58 18394.78
2840.58 18401.24
2841.57 18407.60
2842.58 18414.11
2843.58 18420.70
2844.58 18427.07
2845.61 18433.64
2846.57 18439.85
2847.58 18446.41
2848.57 18452.65
2849.58 18459.22
2850.57 18465.48
2851.58 18471.76
2852.57 18477.89
2853.58 18484.03
2854.58 18489.73
2855.58 18496.05
2856.58 18502.06
2857.57 18508.45
2858.58 18515.00
2859.57 18521.43
2860.57 18527.82
2861.58 18534.42
2862.58 18540.66
2863.57 18546.69
2864.58 18552.86
2865.57 18558.84
2866.58 18564.98
2867.58 18571.23
2868.56 18577.51
2869.58 18583.88
2870.57 18590.24
2871.58 18596.73
2872.58 18603.17
2873.58 18609.72
2874.58 18616.29
2875.58 18622.73
2876.57 18629.13
2877.57 18635.57
2878.58 18642.02
2879.58 18648.30
2880.57 18654.61
2881.58 18660.98
2882.58 18666.98
2883.58 18672.92
2884.58 18678.60
2885.58 18684.60
2886.58 18689.99
2887.58 18695.46
2888.58 18701.09
2889.57 18706.83
2890.58 18712.52
2891.58 18718.19
2892.58 18723.80
2893.57 18729.05
2894.58 18734.53
2895.58 18740.07
2896.58 18745.57
2897.58 18751.11
2898.58 18756.47
2899.58 18761.84
2900.57 18767.36
2901.58 18773.08
2902.58 18778.67
2903.58 18784.25
2904.58 18789.93
2905.57 18795.62
2906.58 18801.44
2907.58 18807.15
2908.57 18812.91
2909.58 18818.57
2910.57 18824.31
2911.58 18830.16
2912.58 18835.88
2913.57 18841.57
2914.58 18847.26
2915.58 18853.21
2916.58 18858.81
2917.58 18864.04
2918.58 18869.88
2919.58 18875.43
2920.58 18881.31
2921.58 18887.37
2922.58 18893.29
2923.58 18899.09
2924.58 18905.12
2925.58 18911.17
2926.57 18917.33
2927.58 18923.57
2928.57 18929.62
2929.57 18935.60
2930.58 18941.76
2931.57 18947.72
2932.58 18954.00
2933.57 18959.88
2934.58 18966.02
2935.58 18972.07
2936.58 18978.12
2937.57 18983.90
2938.57 18990.09
2939.57 18996.14
2940.58 19002.26
2941.58 19008.09
2942.58 19014.21
2943.58 19020.29
2944.58 19026.56
2945.57 19032.61
2946.58 19038.58
2947.58 19044.15
2948.57 19050.15
2949.58 19055.88
2950.57 19061.26
2951.57 19067.39
2952.58 19073.66
2953.57 19079.70
2954.58 19086.14
2955.57 19092.53
2956.58 19099.17
2957.57 19105.48
2958.58 19112.14
2959.57 19118.55
2960.58 19125.05
2961.58 19131.56
2962.57 19138.02
2963.57 19144.61
2964.57 19151.03
2965.58 19157.66
2966.57 19164.10
2967.57 19170.52
2968.58 19176.98
2969.57 19183.35
2970.57 19189.54
2971.57 19195.87
2972.57 19202.26
2973.57 19208.56
2974.58 19214.96
2975.57 19221.12
2976.58 19227.42
2977.58 19233.66
2978.57 19239.99
2979.57 19246.03
2980.57 19252.07
2981.57 19258.43
2982.57 19264.55
2983.57 19270.89
2984.57 19277.21
2985.57 19283.16
2986.58 19289.23
2987.57 19295.34
2988.57 19301.59
2989.57 19308.13
2990.57 19314.60
2991.57 19321.12
2992.57 19327.72
2993.57 19334.23
2994.56 19340.61
2995.57 19347.23
2996.57 19353.68
2997.57 19360.17
2998.57 19366.63
2999.57 19373.08
3000.57 19379.64
3001.57 19386.19
3002.57 19392.22
3003.57 19398.18
3004.57 19404.19
3005.56 19409.87
3006.57 19415.73
3007.57 19421.57
3008.57 19427.29
3009.57 19433.11
3010.57 19438.41
3011.57 19444.09
3012.57 19449.57
3013.57 19454.69
3014.57 19460.29
3015.57 19465.93
3016.57 19471.45
3017.57 19476.86
3018.58 19482.35
3019.57 19487.92
3020.57 19493.57
3021.58 19499.02
3022.57 19504.71
3023.57 19510.27
3024.58 19515.60
3025.58 19521.32
3026.57 19526.84
3027.58 19532.57
3028.58 19538.30
3029.57 19543.95
3030.57 19549.63
3031.57 19555.37
3032.57 19560.99
3033.58 19566.74
3034.57 19572.41
3035.57 19578.13
3036.58 19584.03
3037.57 19589.69
3038.57 19595.38
3039.58 19601.06
3040.57 19606.69
3041.57 19612.32
3042.57 19618.06
3043.58 19623.38
3044.57 19629.15
3045.57 19634.82
3046.57 19640.73
3047.58 19646.81
3048.57 19652.76
3049.58 19659.03
3050.57 19665.10
3051.57 19671.28
3052.57 19677.36
3053.58 19683.56
3054.56 19689.63
3055.57 19695.80
3056.59 19702.14
3057.58 19708.24
3058.58 19714.10
3059.57 19720.10
3060.56 19726.11
3061.58 19731.83
3062.58 19737.74
3063.57 19743.68
3064.57 19749.76
3065.57 19755.86
3066.58 19761.99
3067.57 19767.89
3068.58 19773.92
3069.56 19779.64
3070.58 19785.67
3071.57 19791.76
3072.59 19798.13
3073.57 19803.63
3074.58 19809.94
3075.57 19815.83
3076.58 19821.57
3077.56 19827.84
3078.58 19834.20
3079.57 19840.60
3080.57 19847.18
3081.59 19853.65
3082.56 19860.01
3083.56 19866.47
3084.57 19873.07
3085.58 19879.60
3086.59 19886.02
3087.58 19892.49
3088.56 19899.00
3089.57 19905.59
3090.58 19912.10
3091.58 19918.59
3092.56 19924.56
3093.58 19930.91
3094.56 19937.31
3095.57 19943.77
3096.58 19950.37
3097.58 19956.76
3098.57 19963.06
3099.59 19969.51
3100.60 19976.00
3101.56 19982.24
3102.58 19988.75
3103.56 19995.00
3104.58 20001.50
3105.56 20007.49
3106.57 20013.21
3107.59 20019.39
3108.57 20025.11
3109.58 20031.26
3110.57 20037.73
3111.58 20044.29
3112.57 20050.83
3113.57 20057.43
3114.58 20063.87
3115.56 20070.34
3116.58 20077.01
3117.59 20083.65
3118.58 20090.11
3119.58 20096.43
3120.56 20102.77
3121.57 20109.27
3122.59 20115.81
3123.57 20122.04
3124.58 20128.38
3125.56 20134.54
3126.58 20140.77
3127.56 20146.60
3128.58 20152.61
3129.56 20158.35
3130.58 20164.24
3131.59 20170.11
3132.57 20175.75
3133.58 20181.42
3134.58 20187.04
3135.58 20192.58
3136.58 20197.88
3137.56 20203.32
3138.57 20208.42
3139.58 20213.72
3140.58 20219.14
3141.58 20224.61
3142.59 20230.24
3143.57 20235.75
3144.59 20241.59
3145.58 20247.06
3146.57 20252.53
3147.59 20258.20
3148.57 20263.90
3149.57 20269.38
3150.57 20274.87
3151.58 20280.67
3152.57 20286.32
3153.57 20292.04
3154.58 20297.82
3155.59 20303.58
3156.57 20309.28
3157.59 20315.19
3158.57 20320.90
3159.58 20326.77
3160.59 20332.76
3161.59 20338.75
3162.58 20344.38
3163.58 20350.15
3164.58 20356.01
3165.58 20361.73
3166.57 20367.44
3167.58 20373.49
3168.58 20379.25
3169.58 20384.85
3170.58 20390.85
3171.58 20396.82
3172.57 20402.75
3173.59 20409.08
3174.57 20415.01
3175.58 20421.27
3176.58 20427.41
3177.58 20433.64
3178.57 20439.69
3179.58 20445.99
3180.58 20451.79
3181.58 20457.87
3182.58 20464.05
3183.59 20469.94
3184.58 20475.95
3185.58 20482.13
3186.58 20488.32
3187.58 20494.27
3188.58 20500.42
3189.58 20506.42
3190.58 20512.48
3191.58 20518.41
3192.58 20524.43
3193.58 20530.50
3194.58 20536.32
3195.57 20542.24
3196.58 20548.58
3197.58 20554.90
3198.57 20561.28
3199.59 20567.34
3200.57 20572.20
3201.57 20575.26
3202.57 20579.88
3203.56 20585.62
3204.56 20592.15
3205.57 20598.79
3206.58 20604.62
3207.58 20610.50
3208.57 20616.64
3209.58 20623.01
3210.58 20629.01
3211.57 20634.78
3212.58 20641.18
3213.57 20647.54
3214.58 20654.01
3215.57 20659.72
3216.58 20665.78
3217.58 20672.00
3218.58 20678.17
3219.58 20684.32
3220.58 20690.38
3221.58 20696.73
3222.56 20702.04
3223.57 20709.44
3224.57 20716.76
3225.58 20724.00
3226.56 20731.52
3227.58 20739.32
3228.57 20746.74
