timestamp,id,uuid,load,memoryUtil,memoryTotal,memoryUsed,memoryFree,driver,name,serial,display_mode,display_active
1672413724.781355,0,GPU-a71d5fd4-b7db-93b7-1b7a-5a6e2a6a8c65,0.0,0.10009765625,10240.0,9215.0,472.12,NVIDIA GeForce RTX 3080,[N/A],Enabled,Enabled
1672413725.781593,0,GPU-a71d5fd4-b7db-93b7-1b7a-5a6e2a6a8c65,0.0,0.10009765625,10240.0,9215.0,472.12,NVIDIA GeForce RTX 3080,[N/A],Enabled,Enabled
1672413726.780594,0,GPU-a71d5fd4-b7db-93b7-1b7a-5a6e2a6a8c65,0.01,0.10009765625,10240.0,9215.0,472.12,NVIDIA GeForce RTX 3080,[N/A],Enabled,Enabled
1672413727.780591,0,GPU-a71d5fd4-b7db-93b7-1b7a-5a6e2a6a8c65,0.01,0.10009765625,10240.0,9215.0,472.12,NVIDIA GeForce RTX 3080,[N/A],Enabled,Enabled
1672413728.779591,0,GPU-a71d5fd4-b7db-93b7-1b7a-5a6e2a6a8c65,0.01,0.10009765625,10240.0,9215.0,472.12,NVIDIA GeForce RTX 3080,[N/A],Enabled,Enabled
1672413729.778648,0,GPU-a71d5fd4-b7db-93b7-1b7a-5a6e2a6a8c65,0.0,0.10009765625,10240.0,9215.0,472.12,NVIDIA GeForce RTX 3080,[N/A],Enabled,Enabled
1672413730.778592,0,GPU-a71d5fd4-b7db-93b7-1b7a-5a6e2a6a8c65,0.0,0.10009765625,10240.0,9215.0,472.12,NVIDIA GeForce RTX 3080,[N/A],Enabled,Enabled
1672413731.778625,0,GPU-a71d5fd4-b7db-93b7-1b7a-5a6e2a6a8c65,0.01,0.10009765625,10240.0,9215.0,472.12,NVIDIA GeForce RTX 3080,[N/A],Enabled,Enabled
1672413732.776591,0,GPU-a71d5fd4-b7db-93b7-1b7a-5a6e2a6a8c65,0.01,0.10009765625,10240.0,9215.0,472.12,NVIDIA GeForce RTX 3080,[N/A],Enabled,Enabled
1672413733.777209,0,GPU-a71d5fd4-b7db-93b7-1b7a-5a6e2a6a8c65,0.0,0.10009765625,10240.0,9215.0,472.12,NVIDIA GeForce RTX 3080,[N/A],Enabled,Enabled
1672413734.776591,0,GPU-a71d5fd4-b7db-93b7-1b7a-5a6e2a6a8c65,0.0,0.10009765625,10240.0,9215.0,472.12,NVIDIA GeForce RTX 3080,[N/A],Enabled,Enabled
1672413735.788719,0,GPU-a71d5fd4-b7db-93b7-1b7a-5a6e2a6a8c65,0.01,0.10009765625,10240.0,9215.0,472.12,NVIDIA GeForce RTX 3080,[N/A],Enabled,Enabled
1672413736.78785,0,GPU-a71d5fd4-b7db-93b7-1b7a-5a6e2a6a8c65,0.01,0.10009765625,10240.0,9215.0,472.12,NVIDIA GeForce RTX 3080,[N/A],Enabled,Enabled
1672413737.789624,0,GPU-a71d5fd4-b7db-93b7-1b7a-5a6e2a6a8c65,0.01,0.10009765625,10240.0,9215.0,472.12,NVIDIA GeForce RTX 3080,[N/A],Enabled,Enabled
1672413738.786822,0,GPU-a71d5fd4-b7db-93b7-1b7a-5a6e2a6a8c65,0.0,0.10009765625,10240.0,9215.0,472.12,NVIDIA GeForce RTX 3080,[N/A],Enabled,Enabled
1672413739.781589,0,GPU-a71d5fd4-b7db-93b7-1b7a-5a6e2a6a8c65,0.0,0.10009765625,10240.0,9215.0,472.12,NVIDIA GeForce RTX 3080,[N/A],Enabled,Enabled
1672413740.780011,0,GPU-a71d5fd4-b7db-93b7-1b7a-5a6e2a6a8c65,0.0,0.10009765625,10240.0,9215.0,472.12,NVIDIA GeForce RTX 3080,[N/A],Enabled,Enabled
1672413741.777593,0,GPU-a71d5fd4-b7db-93b7-1b7a-5a6e2a6a8c65,0.01,0.10009765625,10240.0,9215.0,472.12,NVIDIA GeForce RTX 3080,[N/A],Enabled,Enabled
1672413742.788923,0,GPU-a71d5fd4-b7db-93b7-1b7a-5a6e2a6a8c65,0.07,0.10009765625,10240.0,9215.0,472.12,NVIDIA GeForce RTX 3080,[N/A],Enabled,Enabled
1672413743.779075,0,GPU-a71d5fd4-b7db-93b7-1b7a-5a6e2a6a8c65,0.07,0.10009765625,10240.0,9215.0,472.12,NVIDIA GeForce RTX 3080,[N/A],Enabled,Enabled
1672413744.786902,0,GPU-a71d5fd4-b7db-93b7-1b7a-5a6e2a6a8c65,0.0,0.10009765625,10240.0,9215.0,472.12,NVIDIA GeForce RTX 3080,[N/A],Enabled,Enabled
1672413745.787033,0,GPU-a71d5fd4-b7db-93b7-1b7a-5a6e2a6a8c65,0.0,0.10009765625,10240.0,9215.0,472.12,NVIDIA GeForce RTX 3080,[N/A],Enabled,Enabled
1672413746.787671,0,GPU-a71d5fd4-b7db-93b7-1b7a-5a6e2a6a8c65,0.01,0.10009765625,10240.0,9215.0,472.12,NVIDIA GeForce RTX 3080,[N/A],Enabled,Enabled
1672413747.786677,0,GPU-a71d5fd4-b7db-93b7-1b7a-5a6e2a6a8c65,0.01,0.10009765625,10240.0,9215.0,472.12,NVIDIA GeForce RTX 3080,[N/A],Enabled,Enabled
1672413748.7861,0,GPU-a71d5fd4-b7db-93b7-1b7a-5a6e2a6a8c65,0.01,0.10009765625,10240.0,9215.0,472.12,NVIDIA GeForce RTX 3080,[N/A],Enabled,Enabled
1672413749.786594,0,GPU-a71d5fd4-b7db-93b7-1b7a-5a6e2a6a8c65,0.04,0.10009765625,10240.0,9215.0,472.12,NVIDIA GeForce RTX 3080,[N/A],Enabled,Enabled
1672413750.788596,0,GPU-a71d5fd4-b7db-93b7-1b7a-5a6e2a6a8c65,0.0,0.10009765625,10240.0,9215.0,472.12,NVIDIA GeForce RTX 3080,[N/A],Enabled,Enabled
1672413751.790593,0,GPU-a71d5fd4-b7db-93b7-1b7a-5a6e2a6a8c65,0.01,0.10009765625,10240.0,9215.0,472.12,NVIDIA GeForce RTX 3080,[N/A],Enabled,Enabled
1672413752.779189,0,GPU-a71d5fd4-b7db-93b7-1b7a-5a6e2a6a8c65,0.01,0.10009765625,10240.0,9215.0,472.12,NVIDIA GeForce RTX 3080,[N/A],Enabled,Enabled
1672413753.784501,0,GPU-a71d5fd4-b7db-93b7-1b7a-5a6e2a6a8c65,0.01,0.10009765625,10240.0,9215.0,472.12,NVIDIA GeForce RTX 3080,[N/A],Enabled,Enabled
1672413754.787632,0,GPU-a71d5fd4-b7db-93b7-1b7a-5a6e2a6a8c65,0.0,0.10009765625,10240.0,9215.0,472.12,NVIDIA GeForce RTX 3080,[N/A],Enabled,Enabled
1672413755.783106,0,GPU-a71d5fd4-b7db-93b7-1b7a-5a6e2a6a8c65,0.0,0.099609375,10240.0,9220.0,472.12,NVIDIA GeForce RTX 3080,[N/A],Enabled,Enabled
1672413756.780101,0,GPU-a71d5fd4-b7db-93b7-1b7a-5a6e2a6a8c65,0.0,0.099609375,10240.0,9220.0,472.12,NVIDIA GeForce RTX 3080,[N/A],Enabled,Enabled
1672413757.779179,0,GPU-a71d5fd4-b7db-93b7-1b7a-5a6e2a6a8c65,0.01,0.099609375,10240.0,9220.0,472.12,NVIDIA GeForce RTX 3080,[N/A],Enabled,Enabled
1672413758.78211,0,GPU-a71d5fd4-b7db-93b7-1b7a-5a6e2a6a8c65,0.01,0.099609375,10240.0,9220.0,472.12,NVIDIA GeForce RTX 3080,[N/A],Enabled,Enabled
1672413759.78699,0,GPU-a71d5fd4-b7db-93b7-1b7a-5a6e2a6a8c65,0.0,0.099609375,10240.0,9220.0,472.12,NVIDIA GeForce RTX 3080,[N/A],Enabled,Enabled
1672413760.786106,0,GPU-a71d5fd4-b7db-93b7-1b7a-5a6e2a6a8c65,0.0,0.099609375,10240.0,9220.0,472.12,NVIDIA GeForce RTX 3080,[N/A],Enabled,Enabled
1672413761.790026,0,GPU-a71d5fd4-b7db-93b7-1b7a-5a6e2a6a8c65,0.0,0.099609375,10240.0,9220.0,472.12,NVIDIA GeForce RTX 3080,[N/A],Enabled,Enabled
1672413762.786812,0,GPU-a71d5fd4-b7db-93b7-1b7a-5a6e2a6a8c65,0.01,0.099609375,10240.0,9220.0,472.12,NVIDIA GeForce RTX 3080,[N/A],Enabled,Enabled
1672413763.788674,0,GPU-a71d5fd4-b7db-93b7-1b7a-5a6e2a6a8c65,0.0,0.099609375,10240.0,9220.0,472.12,NVIDIA GeForce RTX 3080,[N/A],Enabled,Enabled
1672413764.7841,0,GPU-a71d5fd4-b7db-93b7-1b7a-5a6e2a6a8c65,0.0,0.099609375,10240.0,9220.0,472.12,NVIDIA GeForce RTX 3080,[N/A],Enabled,Enabled
1672413765.783296,0,GPU-a71d5fd4-b7db-93b7-1b7a-5a6e2a6a8c65,0.0,0.099609375,10240.0,9220.0,472.12,NVIDIA GeForce RTX 3080,[N/A],Enabled,Enabled
1672413766.787612,0,GPU-a71d5fd4-b7db-93b7-1b7a-5a6e2a6a8c65,0.0,0.099609375,10240.0,9220.0,472.12,NVIDIA GeForce RTX 3080,[N/A],Enabled,Enabled
1672413767.779597,0,GPU-a71d5fd4-b7db-93b7-1b7a-5a6e2a6a8c65,0.0,0.099609375,10240.0,9220.0,472.12,NVIDIA GeForce RTX 3080,[N/A],Enabled,Enabled
1672413768.779598,0,GPU-a71d5fd4-b7db-93b7-1b7a-5a6e2a6a8c65,0.0,0.099609375,10240.0,9220.0,472.12,NVIDIA GeForce RTX 3080,[N/A],Enabled,Enabled
1672413769.7846,0,GPU-a71d5fd4-b7db-93b7-1b7a-5a6e2a6a8c65,0.0,0.099609375,10240.0,9220.0,472.12,NVIDIA GeForce RTX 3080,[N/A],Enabled,Enabled
1672413770.78739,0,GPU-a71d5fd4-b7db-93b7-1b7a-5a6e2a6a8c65,0.0,0.099609375,10240.0,9220.0,472.12,NVIDIA GeForce RTX 3080,[N/A],Enabled,Enabled
1672413771.783603,0,GPU-a71d5fd4-b7db-93b7-1b7a-5a6e2a6a8c65,0.0,0.099609375,10240.0,9220.0,472.12,NVIDIA GeForce RTX 3080,[N/A],Enabled,Enabled
1672413772.782781,0,GPU-a71d5fd4-b7db-93b7-1b7a-5a6e2a6a8c65,0.0,0.099609375,10240.0,9220.0,472.12,NVIDIA GeForce RTX 3080,[N/A],Enabled,Enabled
1672413773.783595,0,GPU-a71d5fd4-b7db-93b7-1b7a-5a6e2a6a8c65,0.0,0.099609375,10240.0,9220.0,472.12,NVIDIA GeForce RTX 3080,[N/A],Enabled,Enabled
1672413774.790782,0,GPU-a71d5fd4-b7db-93b7-1b7a-5a6e2a6a8c65,0.0,0.099609375,10240.0,9220.0,472.12,NVIDIA GeForce RTX 3080,[N/A],Enabled,Enabled
1672413775.783598,0,GPU-a71d5fd4-b7db-93b7-1b7a-5a6e2a6a8c65,0.0,0.099609375,10240.0,9220.0,472.12,NVIDIA GeForce RTX 3080,[N/A],Enabled,Enabled
1672413776.783638,0,GPU-a71d5fd4-b7db-93b7-1b7a-5a6e2a6a8c65,0.0,0.099609375,10240.0,9220.0,472.12,NVIDIA GeForce RTX 3080,[N/A],Enabled,Enabled
1672413777.781597,0,GPU-a71d5fd4-b7db-93b7-1b7a-5a6e2a6a8c65,0.0,0.099609375,10240.0,9220.0,472.12,NVIDIA GeForce RTX 3080,[N/A],Enabled,Enabled
1672413778.778448,0,GPU-a71d5fd4-b7db-93b7-1b7a-5a6e2a6a8c65,0.01,0.099609375,10240.0,9220.0,472.12,NVIDIA GeForce RTX 3080,[N/A],Enabled,Enabled
1672413779.787624,0,GPU-a71d5fd4-b7db-93b7-1b7a-5a6e2a6a8c65,0.0,0.099609375,10240.0,9220.0,472.12,NVIDIA GeForce RTX 3080,[N/A],Enabled,Enabled
1672413780.782603,0,GPU-a71d5fd4-b7db-93b7-1b7a-5a6e2a6a8c65,0.0,0.099609375,10240.0,9220.0,472.12,NVIDIA GeForce RTX 3080,[N/A],Enabled,Enabled
1672413781.785598,0,GPU-a71d5fd4-b7db-93b7-1b7a-5a6e2a6a8c65,0.0,0.099609375,10240.0,9220.0,472.12,NVIDIA GeForce RTX 3080,[N/A],Enabled,Enabled
1672413782.780949,0,GPU-a71d5fd4-b7db-93b7-1b7a-5a6e2a6a8c65,0.0,0.099609375,10240.0,9220.0,472.12,NVIDIA GeForce RTX 3080,[N/A],Enabled,Enabled
1672413783.776603,0,GPU-a71d5fd4-b7db-93b7-1b7a-5a6e2a6a8c65,0.01,0.099609375,10240.0,9220.0,472.12,NVIDIA GeForce RTX 3080,[N/A],Enabled,Enabled
1672413784.784599,0,GPU-a71d5fd4-b7db-93b7-1b7a-5a6e2a6a8c65,0.01,0.099609375,10240.0,9220.0,472.12,NVIDIA GeForce RTX 3080,[N/A],Enabled,Enabled
1672413785.784976,0,GPU-a71d5fd4-b7db-93b7-1b7a-5a6e2a6a8c65,0.0,0.099609375,10240.0,9220.0,472.12,NVIDIA GeForce RTX 3080,[N/A],Enabled,Enabled
1672413786.775998,0,GPU-a71d5fd4-b7db-93b7-1b7a-5a6e2a6a8c65,0.0,0.099609375,10240.0,9220.0,472.12,NVIDIA GeForce RTX 3080,[N/A],Enabled,Enabled
1672413787.780597,0,GPU-a71d5fd4-b7db-93b7-1b7a-5a6e2a6a8c65,0.01,0.099609375,10240.0,9220.0,472.12,NVIDIA GeForce RTX 3080,[N/A],Enabled,Enabled
1672413788.776791,0,GPU-a71d5fd4-b7db-93b7-1b7a-5a6e2a6a8c65,0.01,0.099609375,10240.0,9220.0,472.12,NVIDIA GeForce RTX 3080,[N/A],Enabled,Enabled
1672413789.778598,0,GPU-a71d5fd4-b7db-93b7-1b7a-5a6e2a6a8c65,0.01,0.099609375,10240.0,9220.0,472.12,NVIDIA GeForce RTX 3080,[N/A],Enabled,Enabled
1672413790.788959,0,GPU-a71d5fd4-b7db-93b7-1b7a-5a6e2a6a8c65,0.0,0.099609375,10240.0,9220.0,472.12,NVIDIA GeForce RTX 3080,[N/A],Enabled,Enabled
1672413791.786589,0,GPU-a71d5fd4-b7db-93b7-1b7a-5a6e2a6a8c65,0.0,0.099609375,10240.0,9220.0,472.12,NVIDIA GeForce RTX 3080,[N/A],Enabled,Enabled
1672413792.776598,0,GPU-a71d5fd4-b7db-93b7-1b7a-5a6e2a6a8c65,0.01,0.099609375,10240.0,9220.0,472.12,NVIDIA GeForce RTX 3080,[N/A],Enabled,Enabled
1672413793.787628,0,GPU-a71d5fd4-b7db-93b7-1b7a-5a6e2a6a8c65,0.01,0.099609375,10240.0,9220.0,472.12,NVIDIA GeForce RTX 3080,[N/A],Enabled,Enabled
1672413794.786595,0,GPU-a71d5fd4-b7db-93b7-1b7a-5a6e2a6a8c65,0.01,0.099609375,10240.0,9220.0,472.12,NVIDIA GeForce RTX 3080,[N/A],Enabled,Enabled
1672413795.789641,0,GPU-a71d5fd4-b7db-93b7-1b7a-5a6e2a6a8c65,0.0,0.099609375,10240.0,9220.0,472.12,NVIDIA GeForce RTX 3080,[N/A],Enabled,Enabled
1672413796.789965,0,GPU-a71d5fd4-b7db-93b7-1b7a-5a6e2a6a8c65,0.0,0.099609375,10240.0,9220.0,472.12,NVIDIA GeForce RTX 3080,[N/A],Enabled,Enabled
1672413797.790885,0,GPU-a71d5fd4-b7db-93b7-1b7a-5a6e2a6a8c65,0.01,0.099609375,10240.0,9220.0,472.12,NVIDIA GeForce RTX 3080,[N/A],Enabled,Enabled
1672413798.7896,0,GPU-a71d5fd4-b7db-93b7-1b7a-5a6e2a6a8c65,0.01,0.099609375,10240.0,9220.0,472.12,NVIDIA GeForce RTX 3080,[N/A],Enabled,Enabled
1672413799.790592,0,GPU-a71d5fd4-b7db-93b7-1b7a-5a6e2a6a8c65,0.0,0.099609375,10240.0,9220.0,472.12,NVIDIA GeForce RTX 3080,[N/A],Enabled,Enabled
1672413800.789037,0,GPU-a71d5fd4-b7db-93b7-1b7a-5a6e2a6a8c65,0.0,0.099609375,10240.0,9220.0,472.12,NVIDIA GeForce RTX 3080,[N/A],Enabled,Enabled
1672413801.787632,0,GPU-a71d5fd4-b7db-93b7-1b7a-5a6e2a6a8c65,0.0,0.099609375,10240.0,9220.0,472.12,NVIDIA GeForce RTX 3080,[N/A],Enabled,Enabled
1672413802.787196,0,GPU-a71d5fd4-b7db-93b7-1b7a-5a6e2a6a8c65,0.01,0.099609375,10240.0,9220.0,472.12,NVIDIA GeForce RTX 3080,[N/A],Enabled,Enabled
1672413803.789265,0,GPU-a71d5fd4-b7db-93b7-1b7a-5a6e2a6a8c65,0.01,0.099609375,10240.0,9220.0,472.12,NVIDIA GeForce RTX 3080,[N/A],Enabled,Enabled
1672413804.780603,0,GPU-a71d5fd4-b7db-93b7-1b7a-5a6e2a6a8c65,0.0,0.099609375,10240.0,9220.0,472.12,NVIDIA GeForce RTX 3080,[N/A],Enabled,Enabled
1672413805.786949,0,GPU-a71d5fd4-b7db-93b7-1b7a-5a6e2a6a8c65,0.0,0.099609375,10240.0,9220.0,472.12,NVIDIA GeForce RTX 3080,[N/A],Enabled,Enabled
1672413806.790877,0,GPU-a71d5fd4-b7db-93b7-1b7a-5a6e2a6a8c65,0.0,0.099609375,10240.0,9220.0,472.12,NVIDIA GeForce RTX 3080,[N/A],Enabled,Enabled
1672413807.781592,0,GPU-a71d5fd4-b7db-93b7-1b7a-5a6e2a6a8c65,0.01,0.099609375,10240.0,9220.0,472.12,NVIDIA GeForce RTX 3080,[N/A],Enabled,Enabled
1672413808.784599,0,GPU-a71d5fd4-b7db-93b7-1b7a-5a6e2a6a8c65,0.01,0.099609375,10240.0,9220.0,472.12,NVIDIA GeForce RTX 3080,[N/A],Enabled,Enabled
1672413809.783879,0,GPU-a71d5fd4-b7db-93b7-1b7a-5a6e2a6a8c65,0.0,0.099609375,10240.0,9220.0,472.12,NVIDIA GeForce RTX 3080,[N/A],Enabled,Enabled
1672413810.780761,0,GPU-a71d5fd4-b7db-93b7-1b7a-5a6e2a6a8c65,0.0,0.099609375,10240.0,9220.0,472.12,NVIDIA GeForce RTX 3080,[N/A],Enabled,Enabled
1672413811.77959,0,GPU-a71d5fd4-b7db-93b7-1b7a-5a6e2a6a8c65,0.0,0.099609375,10240.0,9220.0,472.12,NVIDIA GeForce RTX 3080,[N/A],Enabled,Enabled
1672413812.782099,0,GPU-a71d5fd4-b7db-93b7-1b7a-5a6e2a6a8c65,0.0,0.099609375,10240.0,9220.0,472.12,NVIDIA GeForce RTX 3080,[N/A],Enabled,Enabled
1672413813.779579,0,GPU-a71d5fd4-b7db-93b7-1b7a-5a6e2a6a8c65,0.0,0.099609375,10240.0,9220.0,472.12,NVIDIA GeForce RTX 3080,[N/A],Enabled,Enabled
1672413814.783015,0,GPU-a71d5fd4-b7db-93b7-1b7a-5a6e2a6a8c65,0.0,0.099609375,10240.0,9220.0,472.12,NVIDIA GeForce RTX 3080,[N/A],Enabled,Enabled
1672413815.778597,0,GPU-a71d5fd4-b7db-93b7-1b7a-5a6e2a6a8c65,0.0,0.099609375,10240.0,9220.0,472.12,NVIDIA GeForce RTX 3080,[N/A],Enabled,Enabled
1672413816.779313,0,GPU-a71d5fd4-b7db-93b7-1b7a-5a6e2a6a8c65,0.0,0.099609375,10240.0,9220.0,472.12,NVIDIA GeForce RTX 3080,[N/A],Enabled,Enabled
1672413817.776741,0,GPU-a71d5fd4-b7db-93b7-1b7a-5a6e2a6a8c65,0.0,0.099609375,10240.0,9220.0,472.12,NVIDIA GeForce RTX 3080,[N/A],Enabled,Enabled
1672413818.777591,0,GPU-a71d5fd4-b7db-93b7-1b7a-5a6e2a6a8c65,0.0,0.099609375,10240.0,9220.0,472.12,NVIDIA GeForce RTX 3080,[N/A],Enabled,Enabled
1672413819.776856,0,GPU-a71d5fd4-b7db-93b7-1b7a-5a6e2a6a8c65,0.0,0.099609375,10240.0,9220.0,472.12,NVIDIA GeForce RTX 3080,[N/A],Enabled,Enabled
1672413820.779785,0,GPU-a71d5fd4-b7db-93b7-1b7a-5a6e2a6a8c65,0.0,0.099609375,10240.0,9220.0,472.12,NVIDIA GeForce RTX 3080,[N/A],Enabled,Enabled
1672413821.790023,0,GPU-a71d5fd4-b7db-93b7-1b7a-5a6e2a6a8c65,0.0,0.099609375,10240.0,9220.0,472.12,NVIDIA GeForce RTX 3080,[N/A],Enabled,Enabled
1672413822.778592,0,GPU-a71d5fd4-b7db-93b7-1b7a-5a6e2a6a8c65,0.0,0.099609375,10240.0,9220.0,472.12,NVIDIA GeForce RTX 3080,[N/A],Enabled,Enabled
1672413823.778592,0,GPU-a71d5fd4-b7db-93b7-1b7a-5a6e2a6a8c65,0.01,0.099609375,10240.0,9220.0,472.12,NVIDIA GeForce RTX 3080,[N/A],Enabled,Enabled
1672413824.787855,0,GPU-a71d5fd4-b7db-93b7-1b7a-5a6e2a6a8c65,0.0,0.099609375,10240.0,9220.0,472.12,NVIDIA GeForce RTX 3080,[N/A],Enabled,Enabled
1672413825.790602,0,GPU-a71d5fd4-b7db-93b7-1b7a-5a6e2a6a8c65,0.0,0.099609375,10240.0,9220.0,472.12,NVIDIA GeForce RTX 3080,[N/A],Enabled,Enabled
1672413826.777629,0,GPU-a71d5fd4-b7db-93b7-1b7a-5a6e2a6a8c65,0.0,0.099609375,10240.0,9220.0,472.12,NVIDIA GeForce RTX 3080,[N/A],Enabled,Enabled
1672413827.776145,0,GPU-a71d5fd4-b7db-93b7-1b7a-5a6e2a6a8c65,0.0,0.099609375,10240.0,9220.0,472.12,NVIDIA GeForce RTX 3080,[N/A],Enabled,Enabled
1672413828.781603,0,GPU-a71d5fd4-b7db-93b7-1b7a-5a6e2a6a8c65,0.01,0.099609375,10240.0,9220.0,472.12,NVIDIA GeForce RTX 3080,[N/A],Enabled,Enabled
1672413829.785591,0,GPU-a71d5fd4-b7db-93b7-1b7a-5a6e2a6a8c65,0.0,0.099609375,10240.0,9220.0,472.12,NVIDIA GeForce RTX 3080,[N/A],Enabled,Enabled
1672413830.786673,0,GPU-a71d5fd4-b7db-93b7-1b7a-5a6e2a6a8c65,0.0,0.099609375,10240.0,9220.0,472.12,NVIDIA GeForce RTX 3080,[N/A],Enabled,Enabled
1672413831.781639,0,GPU-a71d5fd4-b7db-93b7-1b7a-5a6e2a6a8c65,0.0,0.099609375,10240.0,9220.0,472.12,NVIDIA GeForce RTX 3080,[N/A],Enabled,Enabled
1672413832.780589,0,GPU-a71d5fd4-b7db-93b7-1b7a-5a6e2a6a8c65,0.0,0.099609375,10240.0,9220.0,472.12,NVIDIA GeForce RTX 3080,[N/A],Enabled,Enabled
1672413833.787629,0,GPU-a71d5fd4-b7db-93b7-1b7a-5a6e2a6a8c65,0.01,0.099609375,10240.0,9220.0,472.12,NVIDIA GeForce RTX 3080,[N/A],Enabled,Enabled
1672413834.776591,0,GPU-a71d5fd4-b7db-93b7-1b7a-5a6e2a6a8c65,0.01,0.099609375,10240.0,9220.0,472.12,NVIDIA GeForce RTX 3080,[N/A],Enabled,Enabled
1672413835.778088,0,GPU-a71d5fd4-b7db-93b7-1b7a-5a6e2a6a8c65,0.0,0.099609375,10240.0,9220.0,472.12,NVIDIA GeForce RTX 3080,[N/A],Enabled,Enabled
1672413836.789588,0,GPU-a71d5fd4-b7db-93b7-1b7a-5a6e2a6a8c65,0.0,0.099609375,10240.0,9220.0,472.12,NVIDIA GeForce RTX 3080,[N/A],Enabled,Enabled
1672413837.789627,0,GPU-a71d5fd4-b7db-93b7-1b7a-5a6e2a6a8c65,0.0,0.099609375,10240.0,9220.0,472.12,NVIDIA GeForce RTX 3080,[N/A],Enabled,Enabled
1672413838.788883,0,GPU-a71d5fd4-b7db-93b7-1b7a-5a6e2a6a8c65,0.01,0.099609375,10240.0,9220.0,472.12,NVIDIA GeForce RTX 3080,[N/A],Enabled,Enabled
1672413839.780593,0,GPU-a71d5fd4-b7db-93b7-1b7a-5a6e2a6a8c65,0.01,0.099609375,10240.0,9220.0,472.12,NVIDIA GeForce RTX 3080,[N/A],Enabled,Enabled
1672413840.780077,0,GPU-a71d5fd4-b7db-93b7-1b7a-5a6e2a6a8c65,0.0,0.099609375,10240.0,9220.0,472.12,NVIDIA GeForce RTX 3080,[N/A],Enabled,Enabled
1672413841.781597,0,GPU-a71d5fd4-b7db-93b7-1b7a-5a6e2a6a8c65,0.0,0.099609375,10240.0,9220.0,472.12,NVIDIA GeForce RTX 3080,[N/A],Enabled,Enabled
1672413842.778591,0,GPU-a71d5fd4-b7db-93b7-1b7a-5a6e2a6a8c65,0.0,0.099609375,10240.0,9220.0,472.12,NVIDIA GeForce RTX 3080,[N/A],Enabled,Enabled
1672413843.780055,0,GPU-a71d5fd4-b7db-93b7-1b7a-5a6e2a6a8c65,0.01,0.099609375,10240.0,9220.0,472.12,NVIDIA GeForce RTX 3080,[N/A],Enabled,Enabled
1672413844.77927,0,GPU-a71d5fd4-b7db-93b7-1b7a-5a6e2a6a8c65,0.01,0.099609375,10240.0,9220.0,472.12,NVIDIA GeForce RTX 3080,[N/A],Enabled,Enabled
1672413845.77959,0,GPU-a71d5fd4-b7db-93b7-1b7a-5a6e2a6a8c65,0.0,0.099609375,10240.0,9220.0,472.12,NVIDIA GeForce RTX 3080,[N/A],Enabled,Enabled
1672413846.790843,0,GPU-a71d5fd4-b7db-93b7-1b7a-5a6e2a6a8c65,0.0,0.099609375,10240.0,9220.0,472.12,NVIDIA GeForce RTX 3080,[N/A],Enabled,Enabled
1672413847.777602,0,GPU-a71d5fd4-b7db-93b7-1b7a-5a6e2a6a8c65,0.01,0.099609375,10240.0,9220.0,472.12,NVIDIA GeForce RTX 3080,[N/A],Enabled,Enabled
1672413848.780593,0,GPU-a71d5fd4-b7db-93b7-1b7a-5a6e2a6a8c65,0.01,0.099609375,10240.0,9220.0,472.12,NVIDIA GeForce RTX 3080,[N/A],Enabled,Enabled
1672413849.782836,0,GPU-a71d5fd4-b7db-93b7-1b7a-5a6e2a6a8c65,0.01,0.099609375,10240.0,9220.0,472.12,NVIDIA GeForce RTX 3080,[N/A],Enabled,Enabled
1672413850.786595,0,GPU-a71d5fd4-b7db-93b7-1b7a-5a6e2a6a8c65,0.0,0.099609375,10240.0,9220.0,472.12,NVIDIA GeForce RTX 3080,[N/A],Enabled,Enabled
1672413851.776849,0,GPU-a71d5fd4-b7db-93b7-1b7a-5a6e2a6a8c65,0.0,0.099609375,10240.0,9220.0,472.12,NVIDIA GeForce RTX 3080,[N/A],Enabled,Enabled
1672413852.779591,0,GPU-a71d5fd4-b7db-93b7-1b7a-5a6e2a6a8c65,0.01,0.099609375,10240.0,9220.0,472.12,NVIDIA GeForce RTX 3080,[N/A],Enabled,Enabled
1672413853.782695,0,GPU-a71d5fd4-b7db-93b7-1b7a-5a6e2a6a8c65,0.01,0.099609375,10240.0,9220.0,472.12,NVIDIA GeForce RTX 3080,[N/A],Enabled,Enabled
1672413854.785897,0,GPU-a71d5fd4-b7db-93b7-1b7a-5a6e2a6a8c65,0.01,0.099609375,10240.0,9220.0,472.12,NVIDIA GeForce RTX 3080,[N/A],Enabled,Enabled
1672413855.787591,0,GPU-a71d5fd4-b7db-93b7-1b7a-5a6e2a6a8c65,0.0,0.099609375,10240.0,9220.0,472.12,NVIDIA GeForce RTX 3080,[N/A],Enabled,Enabled
1672413856.789871,0,GPU-a71d5fd4-b7db-93b7-1b7a-5a6e2a6a8c65,0.0,0.099609375,10240.0,9220.0,472.12,NVIDIA GeForce RTX 3080,[N/A],Enabled,Enabled
1672413857.776594,0,GPU-a71d5fd4-b7db-93b7-1b7a-5a6e2a6a8c65,0.01,0.099609375,10240.0,9220.0,472.12,NVIDIA GeForce RTX 3080,[N/A],Enabled,Enabled
1672413858.778592,0,GPU-a71d5fd4-b7db-93b7-1b7a-5a6e2a6a8c65,0.01,0.099609375,10240.0,9220.0,472.12,NVIDIA GeForce RTX 3080,[N/A],Enabled,Enabled
1672413859.779589,0,GPU-a71d5fd4-b7db-93b7-1b7a-5a6e2a6a8c65,0.01,0.099609375,10240.0,9220.0,472.12,NVIDIA GeForce RTX 3080,[N/A],Enabled,Enabled
1672413860.783591,0,GPU-a71d5fd4-b7db-93b7-1b7a-5a6e2a6a8c65,0.0,0.099609375,10240.0,9220.0,472.12,NVIDIA GeForce RTX 3080,[N/A],Enabled,Enabled
1672413861.786854,0,GPU-a71d5fd4-b7db-93b7-1b7a-5a6e2a6a8c65,0.0,0.099609375,10240.0,9220.0,472.12,NVIDIA GeForce RTX 3080,[N/A],Enabled,Enabled
1672413862.777593,0,GPU-a71d5fd4-b7db-93b7-1b7a-5a6e2a6a8c65,0.01,0.099609375,10240.0,9220.0,472.12,NVIDIA GeForce RTX 3080,[N/A],Enabled,Enabled
1672413863.782632,0,GPU-a71d5fd4-b7db-93b7-1b7a-5a6e2a6a8c65,0.01,0.099609375,10240.0,9220.0,472.12,NVIDIA GeForce RTX 3080,[N/A],Enabled,Enabled
1672413864.786849,0,GPU-a71d5fd4-b7db-93b7-1b7a-5a6e2a6a8c65,0.01,0.099609375,10240.0,9220.0,472.12,NVIDIA GeForce RTX 3080,[N/A],Enabled,Enabled
1672413865.788063,0,GPU-a71d5fd4-b7db-93b7-1b7a-5a6e2a6a8c65,0.0,0.099609375,10240.0,9220.0,472.12,NVIDIA GeForce RTX 3080,[N/A],Enabled,Enabled
1672413866.776632,0,GPU-a71d5fd4-b7db-93b7-1b7a-5a6e2a6a8c65,0.0,0.099609375,10240.0,9220.0,472.12,NVIDIA GeForce RTX 3080,[N/A],Enabled,Enabled
1672413867.787589,0,GPU-a71d5fd4-b7db-93b7-1b7a-5a6e2a6a8c65,0.0,0.099609375,10240.0,9220.0,472.12,NVIDIA GeForce RTX 3080,[N/A],Enabled,Enabled
1672413868.776592,0,GPU-a71d5fd4-b7db-93b7-1b7a-5a6e2a6a8c65,0.01,0.099609375,10240.0,9220.0,472.12,NVIDIA GeForce RTX 3080,[N/A],Enabled,Enabled
1672413869.782595,0,GPU-a71d5fd4-b7db-93b7-1b7a-5a6e2a6a8c65,0.0,0.099609375,10240.0,9220.0,472.12,NVIDIA GeForce RTX 3080,[N/A],Enabled,Enabled
1672413870.790593,0,GPU-a71d5fd4-b7db-93b7-1b7a-5a6e2a6a8c65,0.0,0.099609375,10240.0,9220.0,472.12,NVIDIA GeForce RTX 3080,[N/A],Enabled,Enabled
1672413871.790769,0,GPU-a71d5fd4-b7db-93b7-1b7a-5a6e2a6a8c65,0.0,0.099609375,10240.0,9220.0,472.12,NVIDIA GeForce RTX 3080,[N/A],Enabled,Enabled
1672413872.787595,0,GPU-a71d5fd4-b7db-93b7-1b7a-5a6e2a6a8c65,0.0,0.099609375,10240.0,9220.0,472.12,NVIDIA GeForce RTX 3080,[N/A],Enabled,Enabled
1672413873.789623,0,GPU-a71d5fd4-b7db-93b7-1b7a-5a6e2a6a8c65,0.0,0.099609375,10240.0,9220.0,472.12,NVIDIA GeForce RTX 3080,[N/A],Enabled,Enabled
1672413874.789877,0,GPU-a71d5fd4-b7db-93b7-1b7a-5a6e2a6a8c65,0.0,0.099609375,10240.0,9220.0,472.12,NVIDIA GeForce RTX 3080,[N/A],Enabled,Enabled
1672413875.776442,0,GPU-a71d5fd4-b7db-93b7-1b7a-5a6e2a6a8c65,0.0,0.099609375,10240.0,9220.0,472.12,NVIDIA GeForce RTX 3080,[N/A],Enabled,Enabled
1672413876.790593,0,GPU-a71d5fd4-b7db-93b7-1b7a-5a6e2a6a8c65,0.0,0.099609375,10240.0,9220.0,472.12,NVIDIA GeForce RTX 3080,[N/A],Enabled,Enabled
1672413877.787928,0,GPU-a71d5fd4-b7db-93b7-1b7a-5a6e2a6a8c65,0.0,0.099609375,10240.0,9220.0,472.12,NVIDIA GeForce RTX 3080,[N/A],Enabled,Enabled
1672413878.778079,0,GPU-a71d5fd4-b7db-93b7-1b7a-5a6e2a6a8c65,0.01,0.099609375,10240.0,9220.0,472.12,NVIDIA GeForce RTX 3080,[N/A],Enabled,Enabled
1672413879.781593,0,GPU-a71d5fd4-b7db-93b7-1b7a-5a6e2a6a8c65,0.0,0.099609375,10240.0,9220.0,472.12,NVIDIA GeForce RTX 3080,[N/A],Enabled,Enabled
1672413880.779593,0,GPU-a71d5fd4-b7db-93b7-1b7a-5a6e2a6a8c65,0.0,0.099609375,10240.0,9220.0,472.12,NVIDIA GeForce RTX 3080,[N/A],Enabled,Enabled
1672413881.78163,0,GPU-a71d5fd4-b7db-93b7-1b7a-5a6e2a6a8c65,0.0,0.099609375,10240.0,9220.0,472.12,NVIDIA GeForce RTX 3080,[N/A],Enabled,Enabled
1672413882.77867,0,GPU-a71d5fd4-b7db-93b7-1b7a-5a6e2a6a8c65,0.0,0.099609375,10240.0,9220.0,472.12,NVIDIA GeForce RTX 3080,[N/A],Enabled,Enabled
1672413883.779592,0,GPU-a71d5fd4-b7db-93b7-1b7a-5a6e2a6a8c65,0.01,0.099609375,10240.0,9220.0,472.12,NVIDIA GeForce RTX 3080,[N/A],Enabled,Enabled
1672413884.783591,0,GPU-a71d5fd4-b7db-93b7-1b7a-5a6e2a6a8c65,0.01,0.099609375,10240.0,9220.0,472.12,NVIDIA GeForce RTX 3080,[N/A],Enabled,Enabled
1672413885.78459,0,GPU-a71d5fd4-b7db-93b7-1b7a-5a6e2a6a8c65,0.0,0.099609375,10240.0,9220.0,472.12,NVIDIA GeForce RTX 3080,[N/A],Enabled,Enabled
1672413886.787598,0,GPU-a71d5fd4-b7db-93b7-1b7a-5a6e2a6a8c65,0.0,0.099609375,10240.0,9220.0,472.12,NVIDIA GeForce RTX 3080,[N/A],Enabled,Enabled
1672413887.789724,0,GPU-a71d5fd4-b7db-93b7-1b7a-5a6e2a6a8c65,0.01,0.099609375,10240.0,9220.0,472.12,NVIDIA GeForce RTX 3080,[N/A],Enabled,Enabled
1672413888.784633,0,GPU-a71d5fd4-b7db-93b7-1b7a-5a6e2a6a8c65,0.01,0.099609375,10240.0,9220.0,472.12,NVIDIA GeForce RTX 3080,[N/A],Enabled,Enabled
1672413889.787594,0,GPU-a71d5fd4-b7db-93b7-1b7a-5a6e2a6a8c65,0.01,0.099609375,10240.0,9220.0,472.12,NVIDIA GeForce RTX 3080,[N/A],Enabled,Enabled
1672413890.788998,0,GPU-a71d5fd4-b7db-93b7-1b7a-5a6e2a6a8c65,0.0,0.099609375,10240.0,9220.0,472.12,NVIDIA GeForce RTX 3080,[N/A],Enabled,Enabled
1672413891.786861,0,GPU-a71d5fd4-b7db-93b7-1b7a-5a6e2a6a8c65,0.0,0.099609375,10240.0,9220.0,472.12,NVIDIA GeForce RTX 3080,[N/A],Enabled,Enabled
1672413892.785486,0,GPU-a71d5fd4-b7db-93b7-1b7a-5a6e2a6a8c65,0.01,0.099609375,10240.0,9220.0,472.12,NVIDIA GeForce RTX 3080,[N/A],Enabled,Enabled
1672413893.790861,0,GPU-a71d5fd4-b7db-93b7-1b7a-5a6e2a6a8c65,0.01,0.099609375,10240.0,9220.0,472.12,NVIDIA GeForce RTX 3080,[N/A],Enabled,Enabled
1672413894.790681,0,GPU-a71d5fd4-b7db-93b7-1b7a-5a6e2a6a8c65,0.01,0.099609375,10240.0,9220.0,472.12,NVIDIA GeForce RTX 3080,[N/A],Enabled,Enabled
1672413895.778629,0,GPU-a71d5fd4-b7db-93b7-1b7a-5a6e2a6a8c65,0.0,0.099609375,10240.0,9220.0,472.12,NVIDIA GeForce RTX 3080,[N/A],Enabled,Enabled
1672413896.786635,0,GPU-a71d5fd4-b7db-93b7-1b7a-5a6e2a6a8c65,0.0,0.099609375,10240.0,9220.0,472.12,NVIDIA GeForce RTX 3080,[N/A],Enabled,Enabled
1672413897.786595,0,GPU-a71d5fd4-b7db-93b7-1b7a-5a6e2a6a8c65,0.01,0.099609375,10240.0,9220.0,472.12,NVIDIA GeForce RTX 3080,[N/A],Enabled,Enabled
1672413898.784594,0,GPU-a71d5fd4-b7db-93b7-1b7a-5a6e2a6a8c65,0.01,0.099609375,10240.0,9220.0,472.12,NVIDIA GeForce RTX 3080,[N/A],Enabled,Enabled
1672413899.7829,0,GPU-a71d5fd4-b7db-93b7-1b7a-5a6e2a6a8c65,0.0,0.099609375,10240.0,9220.0,472.12,NVIDIA GeForce RTX 3080,[N/A],Enabled,Enabled
1672413900.781595,0,GPU-a71d5fd4-b7db-93b7-1b7a-5a6e2a6a8c65,0.0,0.099609375,10240.0,9220.0,472.12,NVIDIA GeForce RTX 3080,[N/A],Enabled,Enabled
1672413901.7805,0,GPU-a71d5fd4-b7db-93b7-1b7a-5a6e2a6a8c65,0.01,0.099609375,10240.0,9220.0,472.12,NVIDIA GeForce RTX 3080,[N/A],Enabled,Enabled
1672413902.783125,0,GPU-a71d5fd4-b7db-93b7-1b7a-5a6e2a6a8c65,0.01,0.099609375,10240.0,9220.0,472.12,NVIDIA GeForce RTX 3080,[N/A],Enabled,Enabled
1672413903.789586,0,GPU-a71d5fd4-b7db-93b7-1b7a-5a6e2a6a8c65,0.01,0.099609375,10240.0,9220.0,472.12,NVIDIA GeForce RTX 3080,[N/A],Enabled,Enabled
1672413904.790061,0,GPU-a71d5fd4-b7db-93b7-1b7a-5a6e2a6a8c65,0.0,0.099609375,10240.0,9220.0,472.12,NVIDIA GeForce RTX 3080,[N/A],Enabled,Enabled
1672413905.784602,0,GPU-a71d5fd4-b7db-93b7-1b7a-5a6e2a6a8c65,0.0,0.099609375,10240.0,9220.0,472.12,NVIDIA GeForce RTX 3080,[N/A],Enabled,Enabled
1672413906.78686,0,GPU-a71d5fd4-b7db-93b7-1b7a-5a6e2a6a8c65,0.0,0.099609375,10240.0,9220.0,472.12,NVIDIA GeForce RTX 3080,[N/A],Enabled,Enabled
1672413907.790062,0,GPU-a71d5fd4-b7db-93b7-1b7a-5a6e2a6a8c65,0.01,0.099609375,10240.0,9220.0,472.12,NVIDIA GeForce RTX 3080,[N/A],Enabled,Enabled
1672413908.786947,0,GPU-a71d5fd4-b7db-93b7-1b7a-5a6e2a6a8c65,0.01,0.099609375,10240.0,9220.0,472.12,NVIDIA GeForce RTX 3080,[N/A],Enabled,Enabled
1672413909.786853,0,GPU-a71d5fd4-b7db-93b7-1b7a-5a6e2a6a8c65,0.0,0.099609375,10240.0,9220.0,472.12,NVIDIA GeForce RTX 3080,[N/A],Enabled,Enabled
1672413910.786591,0,GPU-a71d5fd4-b7db-93b7-1b7a-5a6e2a6a8c65,0.0,0.099609375,10240.0,9220.0,472.12,NVIDIA GeForce RTX 3080,[N/A],Enabled,Enabled
1672413911.776593,0,GPU-a71d5fd4-b7db-93b7-1b7a-5a6e2a6a8c65,0.0,0.099609375,10240.0,9220.0,472.12,NVIDIA GeForce RTX 3080,[N/A],Enabled,Enabled
1672413912.789988,0,GPU-a71d5fd4-b7db-93b7-1b7a-5a6e2a6a8c65,0.0,0.099609375,10240.0,9220.0,472.12,NVIDIA GeForce RTX 3080,[N/A],Enabled,Enabled
1672413913.776595,0,GPU-a71d5fd4-b7db-93b7-1b7a-5a6e2a6a8c65,0.01,0.099609375,10240.0,9220.0,472.12,NVIDIA GeForce RTX 3080,[N/A],Enabled,Enabled
1672413914.789042,0,GPU-a71d5fd4-b7db-93b7-1b7a-5a6e2a6a8c65,0.0,0.099609375,10240.0,9220.0,472.12,NVIDIA GeForce RTX 3080,[N/A],Enabled,Enabled
1672413915.778595,0,GPU-a71d5fd4-b7db-93b7-1b7a-5a6e2a6a8c65,0.0,0.099609375,10240.0,9220.0,472.12,NVIDIA GeForce RTX 3080,[N/A],Enabled,Enabled
1672413916.776592,0,GPU-a71d5fd4-b7db-93b7-1b7a-5a6e2a6a8c65,0.0,0.099609375,10240.0,9220.0,472.12,NVIDIA GeForce RTX 3080,[N/A],Enabled,Enabled
1672413917.779591,0,GPU-a71d5fd4-b7db-93b7-1b7a-5a6e2a6a8c65,0.0,0.099609375,10240.0,9220.0,472.12,NVIDIA GeForce RTX 3080,[N/A],Enabled,Enabled
1672413918.785216,0,GPU-a71d5fd4-b7db-93b7-1b7a-5a6e2a6a8c65,0.0,0.099609375,10240.0,9220.0,472.12,NVIDIA GeForce RTX 3080,[N/A],Enabled,Enabled
1672413919.786597,0,GPU-a71d5fd4-b7db-93b7-1b7a-5a6e2a6a8c65,0.0,0.099609375,10240.0,9220.0,472.12,NVIDIA GeForce RTX 3080,[N/A],Enabled,Enabled
1672413920.776591,0,GPU-a71d5fd4-b7db-93b7-1b7a-5a6e2a6a8c65,0.0,0.099609375,10240.0,9220.0,472.12,NVIDIA GeForce RTX 3080,[N/A],Enabled,Enabled
1672413921.786858,0,GPU-a71d5fd4-b7db-93b7-1b7a-5a6e2a6a8c65,0.0,0.099609375,10240.0,9220.0,472.12,NVIDIA GeForce RTX 3080,[N/A],Enabled,Enabled
1672413922.784591,0,GPU-a71d5fd4-b7db-93b7-1b7a-5a6e2a6a8c65,0.0,0.099609375,10240.0,9220.0,472.12,NVIDIA GeForce RTX 3080,[N/A],Enabled,Enabled
1672413923.788026,0,GPU-a71d5fd4-b7db-93b7-1b7a-5a6e2a6a8c65,0.01,0.099609375,10240.0,9220.0,472.12,NVIDIA GeForce RTX 3080,[N/A],Enabled,Enabled
1672413924.788901,0,GPU-a71d5fd4-b7db-93b7-1b7a-5a6e2a6a8c65,0.0,0.099609375,10240.0,9220.0,472.12,NVIDIA GeForce RTX 3080,[N/A],Enabled,Enabled
1672413925.785597,0,GPU-a71d5fd4-b7db-93b7-1b7a-5a6e2a6a8c65,0.0,0.099609375,10240.0,9220.0,472.12,NVIDIA GeForce RTX 3080,[N/A],Enabled,Enabled
1672413926.786631,0,GPU-a71d5fd4-b7db-93b7-1b7a-5a6e2a6a8c65,0.0,0.099609375,10240.0,9220.0,472.12,NVIDIA GeForce RTX 3080,[N/A],Enabled,Enabled
1672413927.78459,0,GPU-a71d5fd4-b7db-93b7-1b7a-5a6e2a6a8c65,0.0,0.099609375,10240.0,9220.0,472.12,NVIDIA GeForce RTX 3080,[N/A],Enabled,Enabled
1672413928.783593,0,GPU-a71d5fd4-b7db-93b7-1b7a-5a6e2a6a8c65,0.01,0.099609375,10240.0,9220.0,472.12,NVIDIA GeForce RTX 3080,[N/A],Enabled,Enabled
1672413929.786656,0,GPU-a71d5fd4-b7db-93b7-1b7a-5a6e2a6a8c65,0.0,0.099609375,10240.0,9220.0,472.12,NVIDIA GeForce RTX 3080,[N/A],Enabled,Enabled
1672413930.789588,0,GPU-a71d5fd4-b7db-93b7-1b7a-5a6e2a6a8c65,0.0,0.099609375,10240.0,9220.0,472.12,NVIDIA GeForce RTX 3080,[N/A],Enabled,Enabled
1672413931.776636,0,GPU-a71d5fd4-b7db-93b7-1b7a-5a6e2a6a8c65,0.0,0.099609375,10240.0,9220.0,472.12,NVIDIA GeForce RTX 3080,[N/A],Enabled,Enabled
1672413932.788888,0,GPU-a71d5fd4-b7db-93b7-1b7a-5a6e2a6a8c65,0.0,0.099609375,10240.0,9220.0,472.12,NVIDIA GeForce RTX 3080,[N/A],Enabled,Enabled
1672413933.790769,0,GPU-a71d5fd4-b7db-93b7-1b7a-5a6e2a6a8c65,0.0,0.099609375,10240.0,9220.0,472.12,NVIDIA GeForce RTX 3080,[N/A],Enabled,Enabled
1672413934.79085,0,GPU-a71d5fd4-b7db-93b7-1b7a-5a6e2a6a8c65,0.01,0.099609375,10240.0,9220.0,472.12,NVIDIA GeForce RTX 3080,[N/A],Enabled,Enabled
1672413935.789216,0,GPU-a71d5fd4-b7db-93b7-1b7a-5a6e2a6a8c65,0.0,0.099609375,10240.0,9220.0,472.12,NVIDIA GeForce RTX 3080,[N/A],Enabled,Enabled
1672413936.789631,0,GPU-a71d5fd4-b7db-93b7-1b7a-5a6e2a6a8c65,0.0,0.099609375,10240.0,9220.0,472.12,NVIDIA GeForce RTX 3080,[N/A],Enabled,Enabled
1672413937.786997,0,GPU-a71d5fd4-b7db-93b7-1b7a-5a6e2a6a8c65,0.0,0.099609375,10240.0,9220.0,472.12,NVIDIA GeForce RTX 3080,[N/A],Enabled,Enabled
1672413938.786591,0,GPU-a71d5fd4-b7db-93b7-1b7a-5a6e2a6a8c65,0.01,0.099609375,10240.0,9220.0,472.12,NVIDIA GeForce RTX 3080,[N/A],Enabled,Enabled
1672413939.785592,0,GPU-a71d5fd4-b7db-93b7-1b7a-5a6e2a6a8c65,0.01,0.099609375,10240.0,9220.0,472.12,NVIDIA GeForce RTX 3080,[N/A],Enabled,Enabled
1672413940.787598,0,GPU-a71d5fd4-b7db-93b7-1b7a-5a6e2a6a8c65,0.01,0.099609375,10240.0,9220.0,472.12,NVIDIA GeForce RTX 3080,[N/A],Enabled,Enabled
1672413941.785591,0,GPU-a71d5fd4-b7db-93b7-1b7a-5a6e2a6a8c65,0.0,0.099609375,10240.0,9220.0,472.12,NVIDIA GeForce RTX 3080,[N/A],Enabled,Enabled
1672413942.787065,0,GPU-a71d5fd4-b7db-93b7-1b7a-5a6e2a6a8c65,0.0,0.099609375,10240.0,9220.0,472.12,NVIDIA GeForce RTX 3080,[N/A],Enabled,Enabled
1672413943.789925,0,GPU-a71d5fd4-b7db-93b7-1b7a-5a6e2a6a8c65,0.01,0.099609375,10240.0,9220.0,472.12,NVIDIA GeForce RTX 3080,[N/A],Enabled,Enabled
1672413944.79001,0,GPU-a71d5fd4-b7db-93b7-1b7a-5a6e2a6a8c65,0.01,0.099609375,10240.0,9220.0,472.12,NVIDIA GeForce RTX 3080,[N/A],Enabled,Enabled
1672413945.775632,0,GPU-a71d5fd4-b7db-93b7-1b7a-5a6e2a6a8c65,0.01,0.099609375,10240.0,9220.0,472.12,NVIDIA GeForce RTX 3080,[N/A],Enabled,Enabled
1672413946.789875,0,GPU-a71d5fd4-b7db-93b7-1b7a-5a6e2a6a8c65,0.0,0.099609375,10240.0,9220.0,472.12,NVIDIA GeForce RTX 3080,[N/A],Enabled,Enabled
1672413947.790601,0,GPU-a71d5fd4-b7db-93b7-1b7a-5a6e2a6a8c65,0.0,0.099609375,10240.0,9220.0,472.12,NVIDIA GeForce RTX 3080,[N/A],Enabled,Enabled
1672413948.786757,0,GPU-a71d5fd4-b7db-93b7-1b7a-5a6e2a6a8c65,0.01,0.099609375,10240.0,9220.0,472.12,NVIDIA GeForce RTX 3080,[N/A],Enabled,Enabled
1672413949.78259,0,GPU-a71d5fd4-b7db-93b7-1b7a-5a6e2a6a8c65,0.01,0.099609375,10240.0,9220.0,472.12,NVIDIA GeForce RTX 3080,[N/A],Enabled,Enabled
1672413950.783958,0,GPU-a71d5fd4-b7db-93b7-1b7a-5a6e2a6a8c65,0.01,0.099609375,10240.0,9220.0,472.12,NVIDIA GeForce RTX 3080,[N/A],Enabled,Enabled
1672413951.78759,0,GPU-a71d5fd4-b7db-93b7-1b7a-5a6e2a6a8c65,0.0,0.099609375,10240.0,9220.0,472.12,NVIDIA GeForce RTX 3080,[N/A],Enabled,Enabled
1672413952.786892,0,GPU-a71d5fd4-b7db-93b7-1b7a-5a6e2a6a8c65,0.01,0.099609375,10240.0,9220.0,472.12,NVIDIA GeForce RTX 3080,[N/A],Enabled,Enabled
1672413953.784693,0,GPU-a71d5fd4-b7db-93b7-1b7a-5a6e2a6a8c65,0.01,0.099609375,10240.0,9220.0,472.12,NVIDIA GeForce RTX 3080,[N/A],Enabled,Enabled
1672413954.784637,0,GPU-a71d5fd4-b7db-93b7-1b7a-5a6e2a6a8c65,0.01,0.099609375,10240.0,9220.0,472.12,NVIDIA GeForce RTX 3080,[N/A],Enabled,Enabled
1672413955.783241,0,GPU-a71d5fd4-b7db-93b7-1b7a-5a6e2a6a8c65,0.0,0.099609375,10240.0,9220.0,472.12,NVIDIA GeForce RTX 3080,[N/A],Enabled,Enabled
1672413956.784341,0,GPU-a71d5fd4-b7db-93b7-1b7a-5a6e2a6a8c65,0.0,0.099609375,10240.0,9220.0,472.12,NVIDIA GeForce RTX 3080,[N/A],Enabled,Enabled
1672413957.78763,0,GPU-a71d5fd4-b7db-93b7-1b7a-5a6e2a6a8c65,0.01,0.099609375,10240.0,9220.0,472.12,NVIDIA GeForce RTX 3080,[N/A],Enabled,Enabled
1672413958.787585,0,GPU-a71d5fd4-b7db-93b7-1b7a-5a6e2a6a8c65,0.01,0.099609375,10240.0,9220.0,472.12,NVIDIA GeForce RTX 3080,[N/A],Enabled,Enabled
1672413959.784591,0,GPU-a71d5fd4-b7db-93b7-1b7a-5a6e2a6a8c65,0.01,0.099609375,10240.0,9220.0,472.12,NVIDIA GeForce RTX 3080,[N/A],Enabled,Enabled
1672413960.783593,0,GPU-a71d5fd4-b7db-93b7-1b7a-5a6e2a6a8c65,0.0,0.099609375,10240.0,9220.0,472.12,NVIDIA GeForce RTX 3080,[N/A],Enabled,Enabled
1672413961.780632,0,GPU-a71d5fd4-b7db-93b7-1b7a-5a6e2a6a8c65,0.0,0.099609375,10240.0,9220.0,472.12,NVIDIA GeForce RTX 3080,[N/A],Enabled,Enabled
1672413962.780641,0,GPU-a71d5fd4-b7db-93b7-1b7a-5a6e2a6a8c65,0.01,0.099609375,10240.0,9220.0,472.12,NVIDIA GeForce RTX 3080,[N/A],Enabled,Enabled
1672413963.780633,0,GPU-a71d5fd4-b7db-93b7-1b7a-5a6e2a6a8c65,0.01,0.099609375,10240.0,9220.0,472.12,NVIDIA GeForce RTX 3080,[N/A],Enabled,Enabled
1672413964.782644,0,GPU-a71d5fd4-b7db-93b7-1b7a-5a6e2a6a8c65,0.01,0.099609375,10240.0,9220.0,472.12,NVIDIA GeForce RTX 3080,[N/A],Enabled,Enabled
1672413965.780633,0,GPU-a71d5fd4-b7db-93b7-1b7a-5a6e2a6a8c65,0.0,0.099609375,10240.0,9220.0,472.12,NVIDIA GeForce RTX 3080,[N/A],Enabled,Enabled
1672413966.776631,0,GPU-a71d5fd4-b7db-93b7-1b7a-5a6e2a6a8c65,0.0,0.099609375,10240.0,9220.0,472.12,NVIDIA GeForce RTX 3080,[N/A],Enabled,Enabled
1672413967.790763,0,GPU-a71d5fd4-b7db-93b7-1b7a-5a6e2a6a8c65,0.0,0.099609375,10240.0,9220.0,472.12,NVIDIA GeForce RTX 3080,[N/A],Enabled,Enabled
1672413968.780593,0,GPU-a71d5fd4-b7db-93b7-1b7a-5a6e2a6a8c65,0.01,0.099609375,10240.0,9220.0,472.12,NVIDIA GeForce RTX 3080,[N/A],Enabled,Enabled
1672413969.782729,0,GPU-a71d5fd4-b7db-93b7-1b7a-5a6e2a6a8c65,0.0,0.099609375,10240.0,9220.0,472.12,NVIDIA GeForce RTX 3080,[N/A],Enabled,Enabled
1672413970.782591,0,GPU-a71d5fd4-b7db-93b7-1b7a-5a6e2a6a8c65,0.0,0.099609375,10240.0,9220.0,472.12,NVIDIA GeForce RTX 3080,[N/A],Enabled,Enabled
1672413971.778592,0,GPU-a71d5fd4-b7db-93b7-1b7a-5a6e2a6a8c65,0.0,0.099609375,10240.0,9220.0,472.12,NVIDIA GeForce RTX 3080,[N/A],Enabled,Enabled
1672413972.786594,0,GPU-a71d5fd4-b7db-93b7-1b7a-5a6e2a6a8c65,0.0,0.099609375,10240.0,9220.0,472.12,NVIDIA GeForce RTX 3080,[N/A],Enabled,Enabled
1672413973.779577,0,GPU-a71d5fd4-b7db-93b7-1b7a-5a6e2a6a8c65,0.0,0.099609375,10240.0,9220.0,472.12,NVIDIA GeForce RTX 3080,[N/A],Enabled,Enabled
1672413974.777593,0,GPU-a71d5fd4-b7db-93b7-1b7a-5a6e2a6a8c65,0.0,0.099609375,10240.0,9220.0,472.12,NVIDIA GeForce RTX 3080,[N/A],Enabled,Enabled
1672413975.776591,0,GPU-a71d5fd4-b7db-93b7-1b7a-5a6e2a6a8c65,0.0,0.099609375,10240.0,9220.0,472.12,NVIDIA GeForce RTX 3080,[N/A],Enabled,Enabled
1672413976.790859,0,GPU-a71d5fd4-b7db-93b7-1b7a-5a6e2a6a8c65,0.0,0.099609375,10240.0,9220.0,472.12,NVIDIA GeForce RTX 3080,[N/A],Enabled,Enabled
1672413977.77863,0,GPU-a71d5fd4-b7db-93b7-1b7a-5a6e2a6a8c65,0.0,0.099609375,10240.0,9220.0,472.12,NVIDIA GeForce RTX 3080,[N/A],Enabled,Enabled
1672413978.782591,0,GPU-a71d5fd4-b7db-93b7-1b7a-5a6e2a6a8c65,0.0,0.099609375,10240.0,9220.0,472.12,NVIDIA GeForce RTX 3080,[N/A],Enabled,Enabled
1672413979.787062,0,GPU-a71d5fd4-b7db-93b7-1b7a-5a6e2a6a8c65,0.0,0.099609375,10240.0,9220.0,472.12,NVIDIA GeForce RTX 3080,[N/A],Enabled,Enabled
1672413980.789862,0,GPU-a71d5fd4-b7db-93b7-1b7a-5a6e2a6a8c65,0.0,0.099609375,10240.0,9220.0,472.12,NVIDIA GeForce RTX 3080,[N/A],Enabled,Enabled
1672413981.786591,0,GPU-a71d5fd4-b7db-93b7-1b7a-5a6e2a6a8c65,0.0,0.099609375,10240.0,9220.0,472.12,NVIDIA GeForce RTX 3080,[N/A],Enabled,Enabled
1672413982.786309,0,GPU-a71d5fd4-b7db-93b7-1b7a-5a6e2a6a8c65,0.0,0.099609375,10240.0,9220.0,472.12,NVIDIA GeForce RTX 3080,[N/A],Enabled,Enabled
1672413983.78893,0,GPU-a71d5fd4-b7db-93b7-1b7a-5a6e2a6a8c65,0.0,0.099609375,10240.0,9220.0,472.12,NVIDIA GeForce RTX 3080,[N/A],Enabled,Enabled
1672413984.790851,0,GPU-a71d5fd4-b7db-93b7-1b7a-5a6e2a6a8c65,0.01,0.099609375,10240.0,9220.0,472.12,NVIDIA GeForce RTX 3080,[N/A],Enabled,Enabled
1672413985.782925,0,GPU-a71d5fd4-b7db-93b7-1b7a-5a6e2a6a8c65,0.0,0.099609375,10240.0,9220.0,472.12,NVIDIA GeForce RTX 3080,[N/A],Enabled,Enabled
1672413986.780591,0,GPU-a71d5fd4-b7db-93b7-1b7a-5a6e2a6a8c65,0.0,0.099609375,10240.0,9220.0,472.12,NVIDIA GeForce RTX 3080,[N/A],Enabled,Enabled
1672413987.782601,0,GPU-a71d5fd4-b7db-93b7-1b7a-5a6e2a6a8c65,0.0,0.099609375,10240.0,9220.0,472.12,NVIDIA GeForce RTX 3080,[N/A],Enabled,Enabled
1672413988.780593,0,GPU-a71d5fd4-b7db-93b7-1b7a-5a6e2a6a8c65,0.01,0.099609375,10240.0,9220.0,472.12,NVIDIA GeForce RTX 3080,[N/A],Enabled,Enabled
1672413989.783636,0,GPU-a71d5fd4-b7db-93b7-1b7a-5a6e2a6a8c65,0.01,0.099609375,10240.0,9220.0,472.12,NVIDIA GeForce RTX 3080,[N/A],Enabled,Enabled
1672413990.780756,0,GPU-a71d5fd4-b7db-93b7-1b7a-5a6e2a6a8c65,0.0,0.099609375,10240.0,9220.0,472.12,NVIDIA GeForce RTX 3080,[N/A],Enabled,Enabled
1672413991.781773,0,GPU-a71d5fd4-b7db-93b7-1b7a-5a6e2a6a8c65,0.0,0.099609375,10240.0,9220.0,472.12,NVIDIA GeForce RTX 3080,[N/A],Enabled,Enabled
1672413992.784633,0,GPU-a71d5fd4-b7db-93b7-1b7a-5a6e2a6a8c65,0.0,0.099609375,10240.0,9220.0,472.12,NVIDIA GeForce RTX 3080,[N/A],Enabled,Enabled
1672413993.788669,0,GPU-a71d5fd4-b7db-93b7-1b7a-5a6e2a6a8c65,0.01,0.099609375,10240.0,9220.0,472.12,NVIDIA GeForce RTX 3080,[N/A],Enabled,Enabled
1672413994.776591,0,GPU-a71d5fd4-b7db-93b7-1b7a-5a6e2a6a8c65,0.01,0.099609375,10240.0,9220.0,472.12,NVIDIA GeForce RTX 3080,[N/A],Enabled,Enabled
1672413995.781591,0,GPU-a71d5fd4-b7db-93b7-1b7a-5a6e2a6a8c65,0.0,0.099609375,10240.0,9220.0,472.12,NVIDIA GeForce RTX 3080,[N/A],Enabled,Enabled
1672413996.781592,0,GPU-a71d5fd4-b7db-93b7-1b7a-5a6e2a6a8c65,0.0,0.099609375,10240.0,9220.0,472.12,NVIDIA GeForce RTX 3080,[N/A],Enabled,Enabled
1672413997.776594,0,GPU-a71d5fd4-b7db-93b7-1b7a-5a6e2a6a8c65,0.0,0.099609375,10240.0,9220.0,472.12,NVIDIA GeForce RTX 3080,[N/A],Enabled,Enabled
1672413998.777596,0,GPU-a71d5fd4-b7db-93b7-1b7a-5a6e2a6a8c65,0.01,0.099609375,10240.0,9220.0,472.12,NVIDIA GeForce RTX 3080,[N/A],Enabled,Enabled
1672413999.788901,0,GPU-a71d5fd4-b7db-93b7-1b7a-5a6e2a6a8c65,0.01,0.099609375,10240.0,9220.0,472.12,NVIDIA GeForce RTX 3080,[N/A],Enabled,Enabled
1672414000.776098,0,GPU-a71d5fd4-b7db-93b7-1b7a-5a6e2a6a8c65,0.01,0.099609375,10240.0,9220.0,472.12,NVIDIA GeForce RTX 3080,[N/A],Enabled,Enabled
1672414001.776434,0,GPU-a71d5fd4-b7db-93b7-1b7a-5a6e2a6a8c65,0.0,0.099609375,10240.0,9220.0,472.12,NVIDIA GeForce RTX 3080,[N/A],Enabled,Enabled
1672414002.786882,0,GPU-a71d5fd4-b7db-93b7-1b7a-5a6e2a6a8c65,0.0,0.099609375,10240.0,9220.0,472.12,NVIDIA GeForce RTX 3080,[N/A],Enabled,Enabled
1672414003.778591,0,GPU-a71d5fd4-b7db-93b7-1b7a-5a6e2a6a8c65,0.01,0.099609375,10240.0,9220.0,472.12,NVIDIA GeForce RTX 3080,[N/A],Enabled,Enabled
1672414004.782593,0,GPU-a71d5fd4-b7db-93b7-1b7a-5a6e2a6a8c65,0.01,0.099609375,10240.0,9220.0,472.12,NVIDIA GeForce RTX 3080,[N/A],Enabled,Enabled
1672414005.78159,0,GPU-a71d5fd4-b7db-93b7-1b7a-5a6e2a6a8c65,0.0,0.099609375,10240.0,9220.0,472.12,NVIDIA GeForce RTX 3080,[N/A],Enabled,Enabled
1672414006.781391,0,GPU-a71d5fd4-b7db-93b7-1b7a-5a6e2a6a8c65,0.0,0.099609375,10240.0,9220.0,472.12,NVIDIA GeForce RTX 3080,[N/A],Enabled,Enabled
1672414007.781114,0,GPU-a71d5fd4-b7db-93b7-1b7a-5a6e2a6a8c65,0.01,0.099609375,10240.0,9220.0,472.12,NVIDIA GeForce RTX 3080,[N/A],Enabled,Enabled
1672414008.782594,0,GPU-a71d5fd4-b7db-93b7-1b7a-5a6e2a6a8c65,0.01,0.099609375,10240.0,9220.0,472.12,NVIDIA GeForce RTX 3080,[N/A],Enabled,Enabled
1672414009.782682,0,GPU-a71d5fd4-b7db-93b7-1b7a-5a6e2a6a8c65,0.01,0.099609375,10240.0,9220.0,472.12,NVIDIA GeForce RTX 3080,[N/A],Enabled,Enabled
1672414010.784593,0,GPU-a71d5fd4-b7db-93b7-1b7a-5a6e2a6a8c65,0.0,0.099609375,10240.0,9220.0,472.12,NVIDIA GeForce RTX 3080,[N/A],Enabled,Enabled
1672414011.779287,0,GPU-a71d5fd4-b7db-93b7-1b7a-5a6e2a6a8c65,0.0,0.099609375,10240.0,9220.0,472.12,NVIDIA GeForce RTX 3080,[N/A],Enabled,Enabled
1672414012.776595,0,GPU-a71d5fd4-b7db-93b7-1b7a-5a6e2a6a8c65,0.0,0.099609375,10240.0,9220.0,472.12,NVIDIA GeForce RTX 3080,[N/A],Enabled,Enabled
1672414013.782629,0,GPU-a71d5fd4-b7db-93b7-1b7a-5a6e2a6a8c65,0.01,0.099609375,10240.0,9220.0,472.12,NVIDIA GeForce RTX 3080,[N/A],Enabled,Enabled
1672414014.784741,0,GPU-a71d5fd4-b7db-93b7-1b7a-5a6e2a6a8c65,0.01,0.099609375,10240.0,9220.0,472.12,NVIDIA GeForce RTX 3080,[N/A],Enabled,Enabled
1672414015.786592,0,GPU-a71d5fd4-b7db-93b7-1b7a-5a6e2a6a8c65,0.0,0.099609375,10240.0,9220.0,472.12,NVIDIA GeForce RTX 3080,[N/A],Enabled,Enabled
1672414016.780591,0,GPU-a71d5fd4-b7db-93b7-1b7a-5a6e2a6a8c65,0.0,0.099609375,10240.0,9220.0,472.12,NVIDIA GeForce RTX 3080,[N/A],Enabled,Enabled
1672414017.779474,0,GPU-a71d5fd4-b7db-93b7-1b7a-5a6e2a6a8c65,0.0,0.099609375,10240.0,9220.0,472.12,NVIDIA GeForce RTX 3080,[N/A],Enabled,Enabled
1672414018.782551,0,GPU-a71d5fd4-b7db-93b7-1b7a-5a6e2a6a8c65,0.01,0.099609375,10240.0,9220.0,472.12,NVIDIA GeForce RTX 3080,[N/A],Enabled,Enabled
1672414019.781802,0,GPU-a71d5fd4-b7db-93b7-1b7a-5a6e2a6a8c65,0.01,0.099609375,10240.0,9220.0,472.12,NVIDIA GeForce RTX 3080,[N/A],Enabled,Enabled
1672414020.785592,0,GPU-a71d5fd4-b7db-93b7-1b7a-5a6e2a6a8c65,0.0,0.099609375,10240.0,9220.0,472.12,NVIDIA GeForce RTX 3080,[N/A],Enabled,Enabled
1672414021.788862,0,GPU-a71d5fd4-b7db-93b7-1b7a-5a6e2a6a8c65,0.0,0.099609375,10240.0,9220.0,472.12,NVIDIA GeForce RTX 3080,[N/A],Enabled,Enabled
1672414022.789595,0,GPU-a71d5fd4-b7db-93b7-1b7a-5a6e2a6a8c65,0.0,0.099609375,10240.0,9220.0,472.12,NVIDIA GeForce RTX 3080,[N/A],Enabled,Enabled
1672414023.782637,0,GPU-a71d5fd4-b7db-93b7-1b7a-5a6e2a6a8c65,0.0,0.099609375,10240.0,9220.0,472.12,NVIDIA GeForce RTX 3080,[N/A],Enabled,Enabled
1672414024.783591,0,GPU-a71d5fd4-b7db-93b7-1b7a-5a6e2a6a8c65,0.01,0.099609375,10240.0,9220.0,472.12,NVIDIA GeForce RTX 3080,[N/A],Enabled,Enabled
1672414025.783043,0,GPU-a71d5fd4-b7db-93b7-1b7a-5a6e2a6a8c65,0.0,0.099609375,10240.0,9220.0,472.12,NVIDIA GeForce RTX 3080,[N/A],Enabled,Enabled
1672414026.776103,0,GPU-a71d5fd4-b7db-93b7-1b7a-5a6e2a6a8c65,0.0,0.099609375,10240.0,9220.0,472.12,NVIDIA GeForce RTX 3080,[N/A],Enabled,Enabled
1672414027.7781,0,GPU-a71d5fd4-b7db-93b7-1b7a-5a6e2a6a8c65,0.0,0.099609375,10240.0,9220.0,472.12,NVIDIA GeForce RTX 3080,[N/A],Enabled,Enabled
1672414028.779595,0,GPU-a71d5fd4-b7db-93b7-1b7a-5a6e2a6a8c65,0.0,0.099609375,10240.0,9220.0,472.12,NVIDIA GeForce RTX 3080,[N/A],Enabled,Enabled
1672414029.777596,0,GPU-a71d5fd4-b7db-93b7-1b7a-5a6e2a6a8c65,0.01,0.099609375,10240.0,9220.0,472.12,NVIDIA GeForce RTX 3080,[N/A],Enabled,Enabled
1672414030.778095,0,GPU-a71d5fd4-b7db-93b7-1b7a-5a6e2a6a8c65,0.0,0.099609375,10240.0,9220.0,472.12,NVIDIA GeForce RTX 3080,[N/A],Enabled,Enabled
1672414031.78459,0,GPU-a71d5fd4-b7db-93b7-1b7a-5a6e2a6a8c65,0.0,0.099609375,10240.0,9220.0,472.12,NVIDIA GeForce RTX 3080,[N/A],Enabled,Enabled
1672414032.786289,0,GPU-a71d5fd4-b7db-93b7-1b7a-5a6e2a6a8c65,0.0,0.099609375,10240.0,9220.0,472.12,NVIDIA GeForce RTX 3080,[N/A],Enabled,Enabled
1672414033.788056,0,GPU-a71d5fd4-b7db-93b7-1b7a-5a6e2a6a8c65,0.0,0.099609375,10240.0,9220.0,472.12,NVIDIA GeForce RTX 3080,[N/A],Enabled,Enabled
1672414034.777094,0,GPU-a71d5fd4-b7db-93b7-1b7a-5a6e2a6a8c65,0.0,0.099609375,10240.0,9220.0,472.12,NVIDIA GeForce RTX 3080,[N/A],Enabled,Enabled
1672414035.790591,0,GPU-a71d5fd4-b7db-93b7-1b7a-5a6e2a6a8c65,0.0,0.099609375,10240.0,9220.0,472.12,NVIDIA GeForce RTX 3080,[N/A],Enabled,Enabled
1672414036.776487,0,GPU-a71d5fd4-b7db-93b7-1b7a-5a6e2a6a8c65,0.0,0.099609375,10240.0,9220.0,472.12,NVIDIA GeForce RTX 3080,[N/A],Enabled,Enabled
1672414037.781634,0,GPU-a71d5fd4-b7db-93b7-1b7a-5a6e2a6a8c65,0.0,0.099609375,10240.0,9220.0,472.12,NVIDIA GeForce RTX 3080,[N/A],Enabled,Enabled
1672414038.778851,0,GPU-a71d5fd4-b7db-93b7-1b7a-5a6e2a6a8c65,0.0,0.099609375,10240.0,9220.0,472.12,NVIDIA GeForce RTX 3080,[N/A],Enabled,Enabled
1672414039.780749,0,GPU-a71d5fd4-b7db-93b7-1b7a-5a6e2a6a8c65,0.0,0.099609375,10240.0,9220.0,472.12,NVIDIA GeForce RTX 3080,[N/A],Enabled,Enabled
1672414040.779103,0,GPU-a71d5fd4-b7db-93b7-1b7a-5a6e2a6a8c65,0.01,0.099609375,10240.0,9220.0,472.12,NVIDIA GeForce RTX 3080,[N/A],Enabled,Enabled
1672414041.790677,0,GPU-a71d5fd4-b7db-93b7-1b7a-5a6e2a6a8c65,0.0,0.099609375,10240.0,9220.0,472.12,NVIDIA GeForce RTX 3080,[N/A],Enabled,Enabled
1672414042.778144,0,GPU-a71d5fd4-b7db-93b7-1b7a-5a6e2a6a8c65,0.0,0.099609375,10240.0,9220.0,472.12,NVIDIA GeForce RTX 3080,[N/A],Enabled,Enabled
1672414043.781593,0,GPU-a71d5fd4-b7db-93b7-1b7a-5a6e2a6a8c65,0.0,0.099609375,10240.0,9220.0,472.12,NVIDIA GeForce RTX 3080,[N/A],Enabled,Enabled
1672414044.789628,0,GPU-a71d5fd4-b7db-93b7-1b7a-5a6e2a6a8c65,0.0,0.099609375,10240.0,9220.0,472.12,NVIDIA GeForce RTX 3080,[N/A],Enabled,Enabled
1672414045.787877,0,GPU-a71d5fd4-b7db-93b7-1b7a-5a6e2a6a8c65,0.01,0.099609375,10240.0,9220.0,472.12,NVIDIA GeForce RTX 3080,[N/A],Enabled,Enabled
1672414046.78659,0,GPU-a71d5fd4-b7db-93b7-1b7a-5a6e2a6a8c65,0.0,0.099609375,10240.0,9220.0,472.12,NVIDIA GeForce RTX 3080,[N/A],Enabled,Enabled
1672414047.785619,0,GPU-a71d5fd4-b7db-93b7-1b7a-5a6e2a6a8c65,0.0,0.099609375,10240.0,9220.0,472.12,NVIDIA GeForce RTX 3080,[N/A],Enabled,Enabled
1672414048.786098,0,GPU-a71d5fd4-b7db-93b7-1b7a-5a6e2a6a8c65,0.0,0.099609375,10240.0,9220.0,472.12,NVIDIA GeForce RTX 3080,[N/A],Enabled,Enabled
1672414049.790165,0,GPU-a71d5fd4-b7db-93b7-1b7a-5a6e2a6a8c65,0.0,0.099609375,10240.0,9220.0,472.12,NVIDIA GeForce RTX 3080,[N/A],Enabled,Enabled
1672414050.778596,0,GPU-a71d5fd4-b7db-93b7-1b7a-5a6e2a6a8c65,0.01,0.099609375,10240.0,9220.0,472.12,NVIDIA GeForce RTX 3080,[N/A],Enabled,Enabled
1672414051.780102,0,GPU-a71d5fd4-b7db-93b7-1b7a-5a6e2a6a8c65,0.01,0.099609375,10240.0,9220.0,472.12,NVIDIA GeForce RTX 3080,[N/A],Enabled,Enabled
1672414052.780494,0,GPU-a71d5fd4-b7db-93b7-1b7a-5a6e2a6a8c65,0.0,0.099609375,10240.0,9220.0,472.12,NVIDIA GeForce RTX 3080,[N/A],Enabled,Enabled
1672414053.790589,0,GPU-a71d5fd4-b7db-93b7-1b7a-5a6e2a6a8c65,0.0,0.099609375,10240.0,9220.0,472.12,NVIDIA GeForce RTX 3080,[N/A],Enabled,Enabled
1672414054.786607,0,GPU-a71d5fd4-b7db-93b7-1b7a-5a6e2a6a8c65,0.0,0.099609375,10240.0,9220.0,472.12,NVIDIA GeForce RTX 3080,[N/A],Enabled,Enabled
1672414055.777114,0,GPU-a71d5fd4-b7db-93b7-1b7a-5a6e2a6a8c65,0.05,0.099609375,10240.0,9220.0,472.12,NVIDIA GeForce RTX 3080,[N/A],Enabled,Enabled
1672414056.780105,0,GPU-a71d5fd4-b7db-93b7-1b7a-5a6e2a6a8c65,0.01,0.099609375,10240.0,9220.0,472.12,NVIDIA GeForce RTX 3080,[N/A],Enabled,Enabled
1672414057.779223,0,GPU-a71d5fd4-b7db-93b7-1b7a-5a6e2a6a8c65,0.0,0.099609375,10240.0,9220.0,472.12,NVIDIA GeForce RTX 3080,[N/A],Enabled,Enabled
1672414058.782295,0,GPU-a71d5fd4-b7db-93b7-1b7a-5a6e2a6a8c65,0.0,0.099609375,10240.0,9220.0,472.12,NVIDIA GeForce RTX 3080,[N/A],Enabled,Enabled
1672414059.787622,0,GPU-a71d5fd4-b7db-93b7-1b7a-5a6e2a6a8c65,0.0,0.099609375,10240.0,9220.0,472.12,NVIDIA GeForce RTX 3080,[N/A],Enabled,Enabled
1672414060.776291,0,GPU-a71d5fd4-b7db-93b7-1b7a-5a6e2a6a8c65,0.01,0.099609375,10240.0,9220.0,472.12,NVIDIA GeForce RTX 3080,[N/A],Enabled,Enabled
1672414061.779108,0,GPU-a71d5fd4-b7db-93b7-1b7a-5a6e2a6a8c65,0.01,0.099609375,10240.0,9220.0,472.12,NVIDIA GeForce RTX 3080,[N/A],Enabled,Enabled
1672414062.783108,0,GPU-a71d5fd4-b7db-93b7-1b7a-5a6e2a6a8c65,0.01,0.099609375,10240.0,9220.0,472.12,NVIDIA GeForce RTX 3080,[N/A],Enabled,Enabled
1672414063.790421,0,GPU-a71d5fd4-b7db-93b7-1b7a-5a6e2a6a8c65,0.0,0.099609375,10240.0,9220.0,472.12,NVIDIA GeForce RTX 3080,[N/A],Enabled,Enabled
1672414064.78659,0,GPU-a71d5fd4-b7db-93b7-1b7a-5a6e2a6a8c65,0.01,0.099609375,10240.0,9220.0,472.12,NVIDIA GeForce RTX 3080,[N/A],Enabled,Enabled
1672414065.786599,0,GPU-a71d5fd4-b7db-93b7-1b7a-5a6e2a6a8c65,0.01,0.099609375,10240.0,9220.0,472.12,NVIDIA GeForce RTX 3080,[N/A],Enabled,Enabled
1672414066.787104,0,GPU-a71d5fd4-b7db-93b7-1b7a-5a6e2a6a8c65,0.01,0.099609375,10240.0,9220.0,472.12,NVIDIA GeForce RTX 3080,[N/A],Enabled,Enabled
1672414067.787624,0,GPU-a71d5fd4-b7db-93b7-1b7a-5a6e2a6a8c65,0.0,0.099609375,10240.0,9220.0,472.12,NVIDIA GeForce RTX 3080,[N/A],Enabled,Enabled
1672414068.782261,0,GPU-a71d5fd4-b7db-93b7-1b7a-5a6e2a6a8c65,0.0,0.099609375,10240.0,9220.0,472.12,NVIDIA GeForce RTX 3080,[N/A],Enabled,Enabled
1672414069.781105,0,GPU-a71d5fd4-b7db-93b7-1b7a-5a6e2a6a8c65,0.01,0.099609375,10240.0,9220.0,472.12,NVIDIA GeForce RTX 3080,[N/A],Enabled,Enabled
1672414070.783287,0,GPU-a71d5fd4-b7db-93b7-1b7a-5a6e2a6a8c65,0.01,0.099609375,10240.0,9220.0,472.12,NVIDIA GeForce RTX 3080,[N/A],Enabled,Enabled
1672414071.782102,0,GPU-a71d5fd4-b7db-93b7-1b7a-5a6e2a6a8c65,0.01,0.099609375,10240.0,9220.0,472.12,NVIDIA GeForce RTX 3080,[N/A],Enabled,Enabled
1672414072.782108,0,GPU-a71d5fd4-b7db-93b7-1b7a-5a6e2a6a8c65,0.01,0.099609375,10240.0,9220.0,472.12,NVIDIA GeForce RTX 3080,[N/A],Enabled,Enabled
1672414073.786109,0,GPU-a71d5fd4-b7db-93b7-1b7a-5a6e2a6a8c65,0.0,0.099609375,10240.0,9220.0,472.12,NVIDIA GeForce RTX 3080,[N/A],Enabled,Enabled
1672414074.782676,0,GPU-a71d5fd4-b7db-93b7-1b7a-5a6e2a6a8c65,0.0,0.099609375,10240.0,9220.0,472.12,NVIDIA GeForce RTX 3080,[N/A],Enabled,Enabled
1672414075.787961,0,GPU-a71d5fd4-b7db-93b7-1b7a-5a6e2a6a8c65,0.01,0.099609375,10240.0,9220.0,472.12,NVIDIA GeForce RTX 3080,[N/A],Enabled,Enabled
1672414076.780101,0,GPU-a71d5fd4-b7db-93b7-1b7a-5a6e2a6a8c65,0.01,0.099609375,10240.0,9220.0,472.12,NVIDIA GeForce RTX 3080,[N/A],Enabled,Enabled
1672414077.783059,0,GPU-a71d5fd4-b7db-93b7-1b7a-5a6e2a6a8c65,0.0,0.099609375,10240.0,9220.0,472.12,NVIDIA GeForce RTX 3080,[N/A],Enabled,Enabled
1672414078.787624,0,GPU-a71d5fd4-b7db-93b7-1b7a-5a6e2a6a8c65,0.0,0.099609375,10240.0,9220.0,472.12,NVIDIA GeForce RTX 3080,[N/A],Enabled,Enabled
1672414079.790589,0,GPU-a71d5fd4-b7db-93b7-1b7a-5a6e2a6a8c65,0.0,0.099609375,10240.0,9220.0,472.12,NVIDIA GeForce RTX 3080,[N/A],Enabled,Enabled
1672414080.776598,0,GPU-a71d5fd4-b7db-93b7-1b7a-5a6e2a6a8c65,0.01,0.099609375,10240.0,9220.0,472.12,NVIDIA GeForce RTX 3080,[N/A],Enabled,Enabled
1672414081.775601,0,GPU-a71d5fd4-b7db-93b7-1b7a-5a6e2a6a8c65,0.01,0.099609375,10240.0,9220.0,472.12,NVIDIA GeForce RTX 3080,[N/A],Enabled,Enabled
1672414082.787618,0,GPU-a71d5fd4-b7db-93b7-1b7a-5a6e2a6a8c65,0.0,0.099609375,10240.0,9220.0,472.12,NVIDIA GeForce RTX 3080,[N/A],Enabled,Enabled
1672414083.783101,0,GPU-a71d5fd4-b7db-93b7-1b7a-5a6e2a6a8c65,0.0,0.099609375,10240.0,9220.0,472.12,NVIDIA GeForce RTX 3080,[N/A],Enabled,Enabled
1672414084.787461,0,GPU-a71d5fd4-b7db-93b7-1b7a-5a6e2a6a8c65,0.0,0.099609375,10240.0,9220.0,472.12,NVIDIA GeForce RTX 3080,[N/A],Enabled,Enabled
1672414085.790028,0,GPU-a71d5fd4-b7db-93b7-1b7a-5a6e2a6a8c65,0.01,0.099609375,10240.0,9220.0,472.12,NVIDIA GeForce RTX 3080,[N/A],Enabled,Enabled
1672414086.787586,0,GPU-a71d5fd4-b7db-93b7-1b7a-5a6e2a6a8c65,0.01,0.099609375,10240.0,9220.0,472.12,NVIDIA GeForce RTX 3080,[N/A],Enabled,Enabled
1672414087.787589,0,GPU-a71d5fd4-b7db-93b7-1b7a-5a6e2a6a8c65,0.0,0.099609375,10240.0,9220.0,472.12,NVIDIA GeForce RTX 3080,[N/A],Enabled,Enabled
1672414088.786591,0,GPU-a71d5fd4-b7db-93b7-1b7a-5a6e2a6a8c65,0.0,0.099609375,10240.0,9220.0,472.12,NVIDIA GeForce RTX 3080,[N/A],Enabled,Enabled
1672414089.785998,0,GPU-a71d5fd4-b7db-93b7-1b7a-5a6e2a6a8c65,0.0,0.099609375,10240.0,9220.0,472.12,NVIDIA GeForce RTX 3080,[N/A],Enabled,Enabled
1672414090.78061,0,GPU-a71d5fd4-b7db-93b7-1b7a-5a6e2a6a8c65,0.0,0.099609375,10240.0,9220.0,472.12,NVIDIA GeForce RTX 3080,[N/A],Enabled,Enabled
1672414091.784105,0,GPU-a71d5fd4-b7db-93b7-1b7a-5a6e2a6a8c65,0.0,0.099609375,10240.0,9220.0,472.12,NVIDIA GeForce RTX 3080,[N/A],Enabled,Enabled
1672414092.778605,0,GPU-a71d5fd4-b7db-93b7-1b7a-5a6e2a6a8c65,0.0,0.099609375,10240.0,9220.0,472.12,NVIDIA GeForce RTX 3080,[N/A],Enabled,Enabled
1672414093.777634,0,GPU-a71d5fd4-b7db-93b7-1b7a-5a6e2a6a8c65,0.0,0.099609375,10240.0,9220.0,472.12,NVIDIA GeForce RTX 3080,[N/A],Enabled,Enabled
1672414094.779769,0,GPU-a71d5fd4-b7db-93b7-1b7a-5a6e2a6a8c65,0.0,0.099609375,10240.0,9220.0,472.12,NVIDIA GeForce RTX 3080,[N/A],Enabled,Enabled
1672414095.780778,0,GPU-a71d5fd4-b7db-93b7-1b7a-5a6e2a6a8c65,0.0,0.099609375,10240.0,9220.0,472.12,NVIDIA GeForce RTX 3080,[N/A],Enabled,Enabled
1672414096.7796,0,GPU-a71d5fd4-b7db-93b7-1b7a-5a6e2a6a8c65,0.0,0.099609375,10240.0,9220.0,472.12,NVIDIA GeForce RTX 3080,[N/A],Enabled,Enabled
1672414097.778596,0,GPU-a71d5fd4-b7db-93b7-1b7a-5a6e2a6a8c65,0.0,0.099609375,10240.0,9220.0,472.12,NVIDIA GeForce RTX 3080,[N/A],Enabled,Enabled
1672414098.789179,0,GPU-a71d5fd4-b7db-93b7-1b7a-5a6e2a6a8c65,0.0,0.099609375,10240.0,9220.0,472.12,NVIDIA GeForce RTX 3080,[N/A],Enabled,Enabled
1672414099.780589,0,GPU-a71d5fd4-b7db-93b7-1b7a-5a6e2a6a8c65,0.0,0.099609375,10240.0,9220.0,472.12,NVIDIA GeForce RTX 3080,[N/A],Enabled,Enabled
1672414100.781179,0,GPU-a71d5fd4-b7db-93b7-1b7a-5a6e2a6a8c65,0.0,0.099609375,10240.0,9220.0,472.12,NVIDIA GeForce RTX 3080,[N/A],Enabled,Enabled
1672414101.78059,0,GPU-a71d5fd4-b7db-93b7-1b7a-5a6e2a6a8c65,0.01,0.099609375,10240.0,9220.0,472.12,NVIDIA GeForce RTX 3080,[N/A],Enabled,Enabled
1672414102.779586,0,GPU-a71d5fd4-b7db-93b7-1b7a-5a6e2a6a8c65,0.0,0.099609375,10240.0,9220.0,472.12,NVIDIA GeForce RTX 3080,[N/A],Enabled,Enabled
1672414103.786603,0,GPU-a71d5fd4-b7db-93b7-1b7a-5a6e2a6a8c65,0.0,0.099609375,10240.0,9220.0,472.12,NVIDIA GeForce RTX 3080,[N/A],Enabled,Enabled
1672414104.787122,0,GPU-a71d5fd4-b7db-93b7-1b7a-5a6e2a6a8c65,0.0,0.099609375,10240.0,9220.0,472.12,NVIDIA GeForce RTX 3080,[N/A],Enabled,Enabled
1672414105.787438,0,GPU-a71d5fd4-b7db-93b7-1b7a-5a6e2a6a8c65,0.0,0.099609375,10240.0,9220.0,472.12,NVIDIA GeForce RTX 3080,[N/A],Enabled,Enabled
1672414106.791292,0,GPU-a71d5fd4-b7db-93b7-1b7a-5a6e2a6a8c65,0.01,0.099609375,10240.0,9220.0,472.12,NVIDIA GeForce RTX 3080,[N/A],Enabled,Enabled
1672414107.78459,0,GPU-a71d5fd4-b7db-93b7-1b7a-5a6e2a6a8c65,0.01,0.099609375,10240.0,9220.0,472.12,NVIDIA GeForce RTX 3080,[N/A],Enabled,Enabled
1672414108.78059,0,GPU-a71d5fd4-b7db-93b7-1b7a-5a6e2a6a8c65,0.0,0.099609375,10240.0,9220.0,472.12,NVIDIA GeForce RTX 3080,[N/A],Enabled,Enabled
1672414109.781586,0,GPU-a71d5fd4-b7db-93b7-1b7a-5a6e2a6a8c65,0.0,0.099609375,10240.0,9220.0,472.12,NVIDIA GeForce RTX 3080,[N/A],Enabled,Enabled
1672414110.790589,0,GPU-a71d5fd4-b7db-93b7-1b7a-5a6e2a6a8c65,0.01,0.099609375,10240.0,9220.0,472.12,NVIDIA GeForce RTX 3080,[N/A],Enabled,Enabled
1672414111.785614,0,GPU-a71d5fd4-b7db-93b7-1b7a-5a6e2a6a8c65,0.01,0.099609375,10240.0,9220.0,472.12,NVIDIA GeForce RTX 3080,[N/A],Enabled,Enabled
1672414112.784589,0,GPU-a71d5fd4-b7db-93b7-1b7a-5a6e2a6a8c65,0.01,0.099609375,10240.0,9220.0,472.12,NVIDIA GeForce RTX 3080,[N/A],Enabled,Enabled
1672414113.783586,0,GPU-a71d5fd4-b7db-93b7-1b7a-5a6e2a6a8c65,0.0,0.099609375,10240.0,9220.0,472.12,NVIDIA GeForce RTX 3080,[N/A],Enabled,Enabled
1672414114.781758,0,GPU-a71d5fd4-b7db-93b7-1b7a-5a6e2a6a8c65,0.0,0.099609375,10240.0,9220.0,472.12,NVIDIA GeForce RTX 3080,[N/A],Enabled,Enabled
1672414115.78459,0,GPU-a71d5fd4-b7db-93b7-1b7a-5a6e2a6a8c65,0.01,0.099609375,10240.0,9220.0,472.12,NVIDIA GeForce RTX 3080,[N/A],Enabled,Enabled
1672414116.786598,0,GPU-a71d5fd4-b7db-93b7-1b7a-5a6e2a6a8c65,0.01,0.099609375,10240.0,9220.0,472.12,NVIDIA GeForce RTX 3080,[N/A],Enabled,Enabled
1672414117.778593,0,GPU-a71d5fd4-b7db-93b7-1b7a-5a6e2a6a8c65,0.01,0.099609375,10240.0,9220.0,472.12,NVIDIA GeForce RTX 3080,[N/A],Enabled,Enabled
1672414118.781586,0,GPU-a71d5fd4-b7db-93b7-1b7a-5a6e2a6a8c65,0.0,0.099609375,10240.0,9220.0,472.12,NVIDIA GeForce RTX 3080,[N/A],Enabled,Enabled
1672414119.781761,0,GPU-a71d5fd4-b7db-93b7-1b7a-5a6e2a6a8c65,0.0,0.099609375,10240.0,9220.0,472.12,NVIDIA GeForce RTX 3080,[N/A],Enabled,Enabled
1672414120.778599,0,GPU-a71d5fd4-b7db-93b7-1b7a-5a6e2a6a8c65,0.01,0.099609375,10240.0,9220.0,472.12,NVIDIA GeForce RTX 3080,[N/A],Enabled,Enabled
1672414121.783586,0,GPU-a71d5fd4-b7db-93b7-1b7a-5a6e2a6a8c65,0.01,0.099609375,10240.0,9220.0,472.12,NVIDIA GeForce RTX 3080,[N/A],Enabled,Enabled
1672414122.786777,0,GPU-a71d5fd4-b7db-93b7-1b7a-5a6e2a6a8c65,0.01,0.099609375,10240.0,9220.0,472.12,NVIDIA GeForce RTX 3080,[N/A],Enabled,Enabled
1672414123.78259,0,GPU-a71d5fd4-b7db-93b7-1b7a-5a6e2a6a8c65,0.01,0.099609375,10240.0,9220.0,472.12,NVIDIA GeForce RTX 3080,[N/A],Enabled,Enabled
1672414124.77956,0,GPU-a71d5fd4-b7db-93b7-1b7a-5a6e2a6a8c65,0.0,0.099609375,10240.0,9220.0,472.12,NVIDIA GeForce RTX 3080,[N/A],Enabled,Enabled
1672414125.77859,0,GPU-a71d5fd4-b7db-93b7-1b7a-5a6e2a6a8c65,0.0,0.099609375,10240.0,9220.0,472.12,NVIDIA GeForce RTX 3080,[N/A],Enabled,Enabled
1672414126.783586,0,GPU-a71d5fd4-b7db-93b7-1b7a-5a6e2a6a8c65,0.01,0.099609375,10240.0,9220.0,472.12,NVIDIA GeForce RTX 3080,[N/A],Enabled,Enabled
1672414127.787598,0,GPU-a71d5fd4-b7db-93b7-1b7a-5a6e2a6a8c65,0.01,0.099609375,10240.0,9220.0,472.12,NVIDIA GeForce RTX 3080,[N/A],Enabled,Enabled
1672414128.78259,0,GPU-a71d5fd4-b7db-93b7-1b7a-5a6e2a6a8c65,0.01,0.099609375,10240.0,9220.0,472.12,NVIDIA GeForce RTX 3080,[N/A],Enabled,Enabled
1672414129.785586,0,GPU-a71d5fd4-b7db-93b7-1b7a-5a6e2a6a8c65,0.0,0.099609375,10240.0,9220.0,472.12,NVIDIA GeForce RTX 3080,[N/A],Enabled,Enabled
1672414130.776941,0,GPU-a71d5fd4-b7db-93b7-1b7a-5a6e2a6a8c65,0.01,0.099609375,10240.0,9220.0,472.12,NVIDIA GeForce RTX 3080,[N/A],Enabled,Enabled
1672414131.785586,0,GPU-a71d5fd4-b7db-93b7-1b7a-5a6e2a6a8c65,0.01,0.099609375,10240.0,9220.0,472.12,NVIDIA GeForce RTX 3080,[N/A],Enabled,Enabled
1672414132.782641,0,GPU-a71d5fd4-b7db-93b7-1b7a-5a6e2a6a8c65,0.01,0.099609375,10240.0,9220.0,472.12,NVIDIA GeForce RTX 3080,[N/A],Enabled,Enabled
1672414133.779197,0,GPU-a71d5fd4-b7db-93b7-1b7a-5a6e2a6a8c65,0.0,0.099609375,10240.0,9220.0,472.12,NVIDIA GeForce RTX 3080,[N/A],Enabled,Enabled
1672414134.779586,0,GPU-a71d5fd4-b7db-93b7-1b7a-5a6e2a6a8c65,0.0,0.099609375,10240.0,9220.0,472.12,NVIDIA GeForce RTX 3080,[N/A],Enabled,Enabled
1672414135.780938,0,GPU-a71d5fd4-b7db-93b7-1b7a-5a6e2a6a8c65,0.0,0.099609375,10240.0,9220.0,472.12,NVIDIA GeForce RTX 3080,[N/A],Enabled,Enabled
1672414136.784589,0,GPU-a71d5fd4-b7db-93b7-1b7a-5a6e2a6a8c65,0.01,0.099609375,10240.0,9220.0,472.12,NVIDIA GeForce RTX 3080,[N/A],Enabled,Enabled
1672414137.787586,0,GPU-a71d5fd4-b7db-93b7-1b7a-5a6e2a6a8c65,0.0,0.099609375,10240.0,9220.0,472.12,NVIDIA GeForce RTX 3080,[N/A],Enabled,Enabled
1672414138.78338,0,GPU-a71d5fd4-b7db-93b7-1b7a-5a6e2a6a8c65,0.0,0.099609375,10240.0,9220.0,472.12,NVIDIA GeForce RTX 3080,[N/A],Enabled,Enabled
1672414139.789585,0,GPU-a71d5fd4-b7db-93b7-1b7a-5a6e2a6a8c65,0.0,0.099609375,10240.0,9220.0,472.12,NVIDIA GeForce RTX 3080,[N/A],Enabled,Enabled
1672414140.78859,0,GPU-a71d5fd4-b7db-93b7-1b7a-5a6e2a6a8c65,0.0,0.099609375,10240.0,9220.0,472.12,NVIDIA GeForce RTX 3080,[N/A],Enabled,Enabled
1672414141.781586,0,GPU-a71d5fd4-b7db-93b7-1b7a-5a6e2a6a8c65,0.01,0.099609375,10240.0,9220.0,472.12,NVIDIA GeForce RTX 3080,[N/A],Enabled,Enabled
1672414142.785586,0,GPU-a71d5fd4-b7db-93b7-1b7a-5a6e2a6a8c65,0.0,0.099609375,10240.0,9220.0,472.12,NVIDIA GeForce RTX 3080,[N/A],Enabled,Enabled
1672414143.787213,0,GPU-a71d5fd4-b7db-93b7-1b7a-5a6e2a6a8c65,0.0,0.099609375,10240.0,9220.0,472.12,NVIDIA GeForce RTX 3080,[N/A],Enabled,Enabled
1672414144.790589,0,GPU-a71d5fd4-b7db-93b7-1b7a-5a6e2a6a8c65,0.0,0.099609375,10240.0,9220.0,472.12,NVIDIA GeForce RTX 3080,[N/A],Enabled,Enabled
1672414145.779765,0,GPU-a71d5fd4-b7db-93b7-1b7a-5a6e2a6a8c65,0.0,0.099609375,10240.0,9220.0,472.12,NVIDIA GeForce RTX 3080,[N/A],Enabled,Enabled
1672414146.781681,0,GPU-a71d5fd4-b7db-93b7-1b7a-5a6e2a6a8c65,0.0,0.099609375,10240.0,9220.0,472.12,NVIDIA GeForce RTX 3080,[N/A],Enabled,Enabled
