10.16 6.20 3.25 6/2448 9070
10.16 6.20 3.25 6/2448 9083
10.16 6.20 3.25 5/2446 9097
10.16 6.20 3.25 3/2446 9110
9.90 6.21 3.27 8/2446 9123
9.90 6.21 3.27 4/2445 9137
9.90 6.21 3.27 1/2445 9150
9.90 6.21 3.27 3/2444 9163
9.90 6.21 3.27 10/2446 9179
10.23 6.34 3.33 5/2446 9194
10.23 6.34 3.33 5/2446 9207
10.23 6.34 3.33 4/2446 9220
10.23 6.34 3.33 3/2446 9233
10.23 6.34 3.33 2/2446 9246
9.97 6.35 3.35 6/2445 9260
9.97 6.35 3.35 3/2445 9273
9.97 6.35 3.35 5/2442 9288
9.97 6.35 3.35 6/2442 9301
10.86 6.60 3.44 2/2432 9336
10.86 6.60 3.44 7/2431 9349
10.86 6.60 3.44 15/2431 9363
10.86 6.60 3.44 2/2431 9377
10.63 6.62 3.47 3/2430 9393
10.63 6.62 3.47 7/2424 9409
10.63 6.62 3.47 4/2417 9422
10.63 6.62 3.47 4/2417 9435
10.63 6.62 3.47 1/2417 9449
10.34 6.63 3.48 1/2417 9464
10.34 6.63 3.48 4/2436 9509
10.34 6.63 3.48 3/2473 9590
10.34 6.63 3.48 2/2471 9604
10.34 6.63 3.48 12/2491 9652
10.31 6.68 3.52 10/2493 9680
10.31 6.68 3.52 4/2536 9773
10.31 6.68 3.52 3/2536 9795
10.31 6.68 3.52 3/2537 9814
10.31 6.68 3.52 1/2537 9847
10.12 6.70 3.54 7/2537 9864
10.12 6.70 3.54 8/2537 9878
10.12 6.70 3.54 4/2538 9907
10.12 6.70 3.54 1/2539 9923
10.12 6.70 3.54 2/2539 9937
9.95 6.73 3.57 6/2538 9966
9.95 6.73 3.57 5/2539 9984
9.95 6.73 3.57 10/2539 9998
9.95 6.73 3.57 1/2539 10025
9.95 6.73 3.57 4/2539 10038
9.88 6.76 3.60 4/2539 10052
9.88 6.76 3.60 7/2539 10079
9.88 6.76 3.60 3/2539 10092
9.88 6.76 3.60 3/2539 10107
9.88 6.76 3.60 4/2544 10139
9.65 6.77 3.62 1/2542 10152
9.65 6.77 3.62 5/2542 10166
9.65 6.77 3.62 4/2543 10194
9.65 6.77 3.62 1/2543 10207
9.65 6.77 3.62 1/2543 10221
9.76 6.84 3.66 4/2543 10252
9.76 6.84 3.66 2/2543 10265
9.76 6.84 3.66 3/2543 10279
9.76 6.84 3.66 4/2543 10306
9.76 6.84 3.66 4/2543 10320
9.45 6.82 3.67 2/2543 10334
9.45 6.82 3.67 1/2543 10347
9.45 6.82 3.67 1/2543 10360
9.45 6.82 3.67 4/2542 10374
9.45 6.82 3.67 3/2541 10387
9.66 6.91 3.71 3/2541 10400
9.66 6.91 3.71 2/2541 10414
9.66 6.91 3.71 6/2541 10427
9.66 6.91 3.71 2/2541 10440
9.66 6.91 3.71 1/2540 10455
9.69 6.96 3.75 2/2540 10468
9.69 6.96 3.75 1/2540 10482
9.69 6.96 3.75 3/2540 10496
9.69 6.96 3.75 2/2540 10509
9.69 6.96 3.75 2/2540 10522
9.47 6.96 3.77 5/2540 10536
9.47 6.96 3.77 1/2539 10549
9.47 6.96 3.77 4/2539 10562
9.47 6.96 3.77 2/2539 10576
9.47 6.96 3.77 2/2539 10589
9.11 6.93 3.77 6/2541 10604
9.11 6.93 3.77 5/2539 10621
9.11 6.93 3.77 2/2538 10634
9.11 6.93 3.77 1/2538 10647
9.11 6.93 3.77 3/2536 10661
8.94 6.93 3.79 3/2536 10674
8.94 6.93 3.79 2/2534 10687
8.94 6.93 3.79 1/2532 10701
8.94 6.93 3.79 3/2531 10714
8.94 6.93 3.79 2/2523 10727
8.71 6.92 3.80 1/2518 10741
8.71 6.92 3.80 2/2517 10754
8.71 6.92 3.80 1/2514 10768
8.71 6.92 3.80 2/2512 10782
8.71 6.92 3.80 7/2513 10797
8.73 6.95 3.83 1/2511 10810
8.73 6.95 3.83 2/2511 10824
8.73 6.95 3.83 4/2509 10837
8.73 6.95 3.83 4/2509 10850
8.73 6.95 3.83 2/2508 10864
8.75 6.99 3.86 5/2508 10877
8.75 6.99 3.86 6/2507 10890
8.75 6.99 3.86 7/2507 10905
8.75 6.99 3.86 2/2507 10918
8.75 6.99 3.86 7/2507 10931
8.69 7.00 3.88 7/2507 10945
8.69 7.00 3.88 6/2505 10958
8.69 7.00 3.88 3/2505 10971
8.69 7.00 3.88 4/2505 10985
8.69 7.00 3.88 8/2504 10998
8.72 7.04 3.91 2/2504 11013
8.72 7.04 3.91 9/2504 11027
8.72 7.04 3.91 2/2504 11040
8.72 7.04 3.91 2/2504 11054
8.72 7.04 3.91 1/2504 11068
8.74 7.07 3.94 3/2504 11081
8.74 7.07 3.94 4/2505 11095
8.74 7.07 3.94 2/2505 11109
8.74 7.07 3.94 3/2505 11122
8.74 7.07 3.94 3/2505 11135
8.68 7.08 3.96 1/2505 11149
8.68 7.08 3.96 1/2504 11162
8.68 7.08 3.96 6/2503 11175
8.68 7.08 3.96 2/2502 11190
8.68 7.08 3.96 2/2502 11204
8.55 7.08 3.97 4/2501 11217
8.55 7.08 3.97 6/2504 11235
8.55 7.08 3.97 4/2504 11248
8.55 7.08 3.97 2/2504 11261
8.55 7.08 3.97 2/2504 11275
8.26 7.05 3.98 1/2504 11290
8.26 7.05 3.98 2/2504 11303
8.26 7.05 3.98 9/2504 11318
8.26 7.05 3.98 3/2504 11331
8.26 7.05 3.98 10/2504 11347
8.40 7.10 4.01 4/2504 11363
8.40 7.10 4.01 15/2504 11379
8.40 7.10 4.01 2/2504 11392
8.40 7.10 4.01 5/2504 11406
8.40 7.10 4.01 2/2504 11419
8.21 7.08 4.02 1/2504 11432
8.21 7.08 4.02 8/2504 11446
8.21 7.08 4.02 3/2504 11459
8.21 7.08 4.02 3/2504 11474
8.21 7.08 4.02 4/2504 11488
8.03 7.06 4.04 4/2504 11501
8.03 7.06 4.04 1/2504 11514
8.03 7.06 4.04 2/2504 11528
8.03 7.06 4.04 2/2504 11541
8.03 7.06 4.04 3/2504 11554
8.03 7.08 4.06 2/2504 11568
8.03 7.08 4.06 1/2504 11584
8.03 7.08 4.06 3/2504 11602
8.03 7.08 4.06 1/2504 11631
8.03 7.08 4.06 1/2504 11645
7.95 7.07 4.07 6/2504 11658
7.95 7.07 4.07 4/2503 11673
7.95 7.07 4.07 2/2502 11687
7.95 7.07 4.07 4/2502 11700
7.95 7.07 4.07 6/2502 11715
8.11 7.12 4.10 3/2498 11728
8.11 7.12 4.10 3/2497 11741
8.11 7.12 4.10 4/2497 11755
8.11 7.12 4.10 3/2497 11768
8.11 7.12 4.10 4/2515 11804
8.02 7.12 4.12 3/2521 11825
8.02 7.12 4.12 5/2521 11838
8.02 7.12 4.12 3/2521 11851
8.02 7.12 4.12 3/2521 11865
8.02 7.12 4.12 2/2521 11878
8.02 7.14 4.14 2/2521 11891
8.02 7.14 4.14 5/2521 11905
8.02 7.14 4.14 1/2521 11918
8.02 7.14 4.14 1/2521 11931
8.02 7.14 4.14 1/2521 11945
8.18 7.18 4.17 1/2521 11959
8.18 7.18 4.17 2/2521 11972
8.18 7.18 4.17 1/2521 11986
8.18 7.18 4.17 3/2521 11999
8.18 7.18 4.17 1/2520 12012
8.32 7.23 4.20 4/2520 12027
8.32 7.23 4.20 6/2519 12040
8.32 7.23 4.20 3/2519 12053
8.32 7.23 4.20 3/2519 12067
8.32 7.23 4.20 1/2519 12080
8.30 7.24 4.23 2/2519 12096
8.30 7.24 4.23 5/2519 12110
8.30 7.24 4.23 1/2518 12124
8.30 7.24 4.23 4/2518 12138
8.30 7.24 4.23 3/2519 12153
8.27 7.26 4.25 4/2519 12166
8.27 7.26 4.25 1/2519 12179
8.27 7.26 4.25 3/2519 12193
8.27 7.26 4.25 2/2517 12207
8.27 7.26 4.25 5/2517 12222
8.17 7.25 4.26 4/2517 12236
8.17 7.25 4.26 1/2517 12250
8.17 7.25 4.26 5/2516 12263
8.17 7.25 4.26 1/2516 12278
8.17 7.25 4.26 4/2516 12291
8.00 7.23 4.27 4/2516 12304
8.00 7.23 4.27 4/2516 12318
8.00 7.23 4.27 3/2519 12338
8.00 7.23 4.27 2/2519 12351
8.00 7.23 4.27 1/2519 12370
8.16 7.28 4.30 6/2519 12383
8.16 7.28 4.30 1/2519 12396
8.16 7.28 4.30 3/2519 12411
8.16 7.28 4.30 1/2519 12424
8.16 7.28 4.30 3/2519 12438
8.15 7.29 4.32 4/2519 12454
8.15 7.29 4.32 2/2519 12467
8.15 7.29 4.32 2/2519 12484
8.15 7.29 4.32 8/2519 12499
8.15 7.29 4.32 2/2519 12512
8.29 7.33 4.35 1/2519 12525
8.29 7.33 4.35 2/2519 12539
8.29 7.33 4.35 1/2519 12552
8.29 7.33 4.35 4/2519 12565
8.29 7.33 4.35 1/2519 12579
8.27 7.35 4.37 2/2515 12592
8.27 7.35 4.37 1/2515 12605
8.27 7.35 4.37 4/2515 12619
8.27 7.35 4.37 6/2515 12633
8.27 7.35 4.37 6/2509 12646
8.17 7.34 4.39 3/2502 12660
8.17 7.34 4.39 5/2502 12673
8.17 7.34 4.39 4/2502 12688
8.17 7.34 4.39 7/2502 12702
8.17 7.34 4.39 1/2498 12715
8.32 7.38 4.42 2/2496 12732
8.32 7.38 4.42 1/2496 12751
8.32 7.38 4.42 2/2496 12764
8.32 7.38 4.42 1/2496 12778
8.32 7.38 4.42 2/2496 12793
8.29 7.39 4.44 4/2496 12806
8.29 7.39 4.44 3/2496 12819
8.29 7.39 4.44 1/2496 12833
8.29 7.39 4.44 2/2496 12847
8.29 7.39 4.44 3/2496 12860
8.27 7.41 4.46 2/2496 12875
8.27 7.41 4.46 5/2496 12889
8.27 7.41 4.46 3/2496 12902
8.27 7.41 4.46 2/2496 12916
8.27 7.41 4.46 9/2496 12929
8.16 7.40 4.47 2/2496 12942
8.16 7.40 4.47 6/2498 12958
8.16 7.40 4.47 1/2498 12971
8.16 7.40 4.47 4/2498 12984
8.16 7.40 4.47 2/2498 12999
8.23 7.43 4.49 2/2498 13014
8.23 7.43 4.49 1/2501 13031
8.23 7.43 4.49 4/2501 13047
8.23 7.43 4.49 2/2501 13060
8.23 7.43 4.49 1/2501 13073
8.69 7.53 4.55 2/2501 13087
8.69 7.53 4.55 2/2501 13100
8.69 7.53 4.55 2/2501 13113
8.69 7.53 4.55 4/2501 13127
8.69 7.53 4.55 2/2501 13140
8.80 7.58 4.58 3/2501 13153
8.80 7.58 4.58 3/2501 13167
8.80 7.58 4.58 5/2501 13181
8.80 7.58 4.58 3/2500 13194
8.80 7.58 4.58 3/2500 13208
8.57 7.55 4.58 2/2500 13221
8.57 7.55 4.58 2/2499 13234
8.57 7.55 4.58 4/2499 13248
8.57 7.55 4.58 4/2499 13261
8.57 7.55 4.58 1/2499 13274
8.37 7.52 4.59 3/2499 13288
8.37 7.52 4.59 1/2499 13301
8.37 7.52 4.59 3/2499 13315
8.37 7.52 4.59 1/2499 13329
8.37 7.52 4.59 2/2499 13342
8.37 7.52 4.59 3/2499 13355
8.26 7.51 4.60 6/2499 13369
8.26 7.51 4.60 3/2499 13382
8.26 7.51 4.60 2/2499 13395
8.26 7.51 4.60 5/2499 13409
8.26 7.51 4.60 3/2498 13422
8.40 7.56 4.63 4/2498 13435
8.40 7.56 4.63 6/2498 13449
8.40 7.56 4.63 4/2498 13463
8.40 7.56 4.63 3/2498 13476
8.40 7.56 4.63 3/2498 13490
8.53 7.60 4.66 5/2498 13503
8.53 7.60 4.66 5/2498 13516
8.53 7.60 4.66 4/2498 13530
8.53 7.60 4.66 2/2498 13543
8.53 7.60 4.66 3/2498 13558
8.72 7.65 4.70 5/2498 13572
8.72 7.65 4.70 1/2498 13585
8.72 7.65 4.70 1/2498 13599
8.72 7.65 4.70 3/2498 13613
8.72 7.65 4.70 3/2498 13626
8.51 7.63 4.70 7/2499 13640
8.51 7.63 4.70 3/2498 13654
8.51 7.63 4.70 1/2498 13667
8.51 7.63 4.70 1/2498 13680
8.51 7.63 4.70 2/2498 13694
8.63 7.67 4.73 1/2498 13707
8.63 7.67 4.73 2/2498 13720
8.63 7.67 4.73 4/2498 13734
8.63 7.67 4.73 1/2498 13748
8.63 7.67 4.73 1/2498 13761
8.42 7.64 4.74 3/2498 13775
8.42 7.64 4.74 1/2498 13788
8.42 7.64 4.74 2/2498 13801
8.42 7.64 4.74 3/2498 13815
8.42 7.64 4.74 2/2498 13828
8.46 7.66 4.76 6/2498 13841
8.46 7.66 4.76 9/2498 13855
8.46 7.66 4.76 3/2498 13868
8.46 7.66 4.76 3/2498 13882
8.46 7.66 4.76 8/2498 13896
8.67 7.72 4.80 4/2498 13909
8.67 7.72 4.80 2/2498 13922
8.67 7.72 4.80 4/2498 13936
8.67 7.72 4.80 1/2498 13949
8.67 7.72 4.80 5/2498 13962
8.53 7.70 4.81 2/2498 13976
8.53 7.70 4.81 4/2498 13989
8.53 7.70 4.81 5/2498 14002
8.53 7.70 4.81 2/2498 14016
8.53 7.70 4.81 5/2498 14030
8.65 7.74 4.84 1/2498 14043
8.65 7.74 4.84 1/2498 14057
8.65 7.74 4.84 2/2498 14070
8.65 7.74 4.84 2/2498 14083
8.65 7.74 4.84 1/2498 14097
8.60 7.75 4.85 1/2498 14110
8.60 7.75 4.85 5/2497 14123
8.60 7.75 4.85 2/2497 14137
8.60 7.75 4.85 1/2497 14150
8.60 7.75 4.85 3/2497 14164
8.55 7.75 4.87 1/2497 14178
8.55 7.75 4.87 1/2497 14191
8.55 7.75 4.87 2/2497 14204
8.55 7.75 4.87 4/2497 14218
8.55 7.75 4.87 1/2497 14231
8.67 7.79 4.90 2/2497 14244
8.67 7.79 4.90 8/2497 14258
8.67 7.79 4.90 3/2497 14271
8.67 7.79 4.90 4/2497 14284
8.67 7.79 4.90 4/2497 14298
8.77 7.83 4.93 5/2497 14312
8.77 7.83 4.93 2/2497 14325
8.77 7.83 4.93 3/2497 14339
8.77 7.83 4.93 1/2497 14352
8.77 7.83 4.93 7/2497 14365
8.79 7.85 4.95 5/2497 14379
8.79 7.85 4.95 5/2497 14392
8.79 7.85 4.95 1/2497 14405
8.79 7.85 4.95 1/2497 14419
8.79 7.85 4.95 2/2497 14432
8.97 7.90 4.98 5/2498 14447
8.97 7.90 4.98 1/2498 14461
8.97 7.90 4.98 4/2498 14474
8.97 7.90 4.98 2/2498 14487
8.97 7.90 4.98 2/2498 14501
9.05 7.93 5.01 4/2498 14514
9.05 7.93 5.01 2/2498 14527
9.05 7.93 5.01 2/2498 14541
9.05 7.93 5.01 7/2498 14554
9.05 7.93 5.01 6/2498 14567
9.69 8.08 5.07 1/2498 14581
9.69 8.08 5.07 2/2498 14595
9.69 8.08 5.07 5/2498 14608
9.69 8.08 5.07 3/2498 14622
9.69 8.08 5.07 1/2498 14635
9.47 8.07 5.08 1/2498 14648
9.47 8.07 5.08 1/2499 14663
9.47 8.07 5.08 1/2499 14676
9.47 8.07 5.08 3/2499 14689
9.47 8.07 5.08 6/2499 14703
9.35 8.06 5.10 1/2499 14716
9.35 8.06 5.10 1/2499 14730
9.35 8.06 5.10 2/2499 14744
9.35 8.06 5.10 1/2499 14757
9.35 8.06 5.10 8/2499 14770
9.33 8.08 5.12 2/2499 14784
9.33 8.08 5.12 2/2499 14797
9.33 8.08 5.12 2/2499 14810
9.33 8.08 5.12 6/2499 14824
9.33 8.08 5.12 1/2499 14837
9.46 8.13 5.15 6/2498 14850
9.46 8.13 5.15 3/2498 14864
9.46 8.13 5.15 1/2498 14878
9.46 8.13 5.15 2/2496 14891
9.46 8.13 5.15 2/2494 14905
9.18 8.09 5.16 7/2494 14918
9.18 8.09 5.16 2/2494 14931
9.18 8.09 5.16 3/2494 14945
9.18 8.09 5.16 1/2494 14958
9.18 8.09 5.16 4/2494 14971
9.09 8.09 5.17 1/2497 14991
9.09 8.09 5.17 4/2497 15004
9.09 8.09 5.17 1/2497 15017
9.09 8.09 5.17 3/2496 15031
9.09 8.09 5.17 3/2496 15044
9.00 8.09 5.19 1/2496 15057
9.00 8.09 5.19 1/2498 15073
9.00 8.09 5.19 2/2498 15086
9.00 8.09 5.19 7/2504 15105
9.00 8.09 5.19 5/2574 15205
8.92 8.09 5.20 23/2572 15224
8.92 8.09 5.20 1/2572 15237
8.92 8.09 5.20 4/2572 15250
8.92 8.09 5.20 2/2572 15264
8.92 8.09 5.20 1/2569 15278
8.93 8.10 5.22 2/2569 15291
8.93 8.10 5.22 2/2569 15305
8.93 8.10 5.22 2/2569 15318
8.93 8.10 5.22 2/2569 15331
8.93 8.10 5.22 2/2572 15348
9.01 8.14 5.25 3/2572 15361
9.01 8.14 5.25 1/2556 15400
9.01 8.14 5.25 1/2556 15413
