63452.19 248628.18
63453.20 248633.30
63454.19 248638.40
63455.21 248643.79
63456.21 248649.29
63457.21 248654.72
63458.19 248659.99
63459.21 248665.64
63460.21 248670.20
63461.21 248674.55
63462.21 248679.33
63463.21 248684.14
63464.21 248688.87
63465.19 248693.52
63466.19 248698.72
63467.19 248703.76
63468.21 248709.40
63469.21 248714.49
63472.20 248730.84
63473.19 248736.80
63474.19 248742.41
63475.20 248747.52
63476.19 248753.30
63477.19 248759.17
63478.19 248764.47
63479.20 248770.40
63480.20 248776.27
63481.21 248781.34
63482.20 248786.79
63483.21 248791.77
63484.19 248797.41
63485.21 248803.63
63486.19 248807.30
63487.18 248811.38
63488.19 248816.40
63489.19 248822.08
63490.19 248827.24
63491.19 248832.76
63492.19 248838.08
63493.19 248842.52
63494.20 248847.94
63495.20 248853.83
63496.20 248859.18
63497.20 248865.19
63498.19 248871.07
63499.19 248876.02
63500.19 248881.87
63501.19 248887.82
63502.19 248893.27
63503.21 248899.11
63504.19 248904.73
63505.19 248910.58
63506.20 248916.40
63507.20 248922.11
63508.20 248928.02
63509.19 248933.88
63510.21 248939.72
63511.20 248945.31
63512.20 248951.03
63513.19 248956.79
63514.20 248962.66
63515.20 248968.43
63516.19 248974.22
63517.20 248980.12
63518.20 248985.99
63519.20 248991.64
63520.20 248997.56
63521.21 249003.45
63522.20 249009.02
63523.20 249014.75
63524.20 249020.49
63525.20 249026.61
63526.20 249032.08
63527.20 249037.64
63528.20 249043.70
63529.20 249049.37
63530.20 249054.98
63531.20 249060.80
63532.20 249066.77
63533.19 249072.24
63534.19 249077.91
63535.20 249083.85
63536.20 249089.79
63537.19 249095.57
63538.19 249101.22
63539.20 249107.17
63540.19 249112.93
63541.19 249118.75
63542.19 249124.58
63543.21 249130.46
63544.21 249136.09
63545.20 249141.66
63546.20 249147.36
63547.20 249153.15
63548.20 249158.96
63549.20 249164.81
63550.20 249170.78
63551.21 249176.80
63552.20 249182.39
63553.20 249188.22
63554.20 249194.19
63555.20 249200.18
63556.20 249205.50
63557.19 249211.32
63558.19 249217.32
63559.20 249222.62
63560.20 249228.51
63561.19 249234.38
63562.19 249240.24
63563.20 249246.35
63564.20 249252.59
63565.20 249258.64
63566.20 249264.68
63567.21 249270.02
63568.19 249275.06
63569.20 249281.10
63570.21 249287.09
63571.20 249292.46
63572.21 249298.46
63573.21 249304.31
63574.20 249310.39
63575.20 249316.13
63576.19 249321.86
63577.21 249327.81
63578.19 249333.73
63579.20 249339.78
63580.20 249345.84
63581.19 249351.84
63582.19 249357.80
63583.20 249364.02
63584.20 249369.90
63585.21 249375.95
63586.20 249381.98
63587.20 249388.13
63588.21 249394.06
63589.20 249399.06
63590.20 249405.00
63591.21 249410.89
63592.19 249416.10
63593.20 249422.14
63594.20 249428.14
63595.20 249434.03
63596.20 249439.90
63597.20 249445.97
63598.20 249451.06
63599.20 249456.68
63600.20 249462.76
63601.19 249468.81
63602.20 249474.71
63603.20 249480.48
63604.20 249486.45
63605.20 249492.45
63606.19 249498.37
63607.21 249503.67
63608.20 249509.68
63609.20 249515.51
63610.21 249521.54
63611.21 249527.44
63612.19 249533.12
63613.20 249539.01
63614.20 249544.99
63615.20 249550.89
63616.21 249556.69
63617.20 249562.19
63618.20 249567.52
63619.20 249573.41
63620.20 249578.85
63621.20 249584.34
63622.20 249590.22
63623.20 249596.03
63624.19 249601.88
63625.20 249607.88
63626.20 249613.60
63627.19 249619.25
63628.21 249625.19
63629.21 249631.15
63630.21 249636.92
63631.19 249642.49
63632.20 249648.26
63633.21 249654.03
63634.20 249659.62
63635.20 249665.44
63636.20 249671.37
63637.20 249676.56
63638.20 249682.33
63639.20 249688.17
63640.20 249693.29
63641.20 249699.12
63642.20 249704.92
63643.21 249710.75
63644.21 249716.42
63645.20 249722.16
63646.19 249727.79
63647.20 249733.61
63648.20 249739.49
63649.20 249745.21
63650.19 249750.85
63651.19 249756.67
63652.20 249762.44
63653.20 249768.28
63654.20 249773.98
63655.19 249779.68
63656.19 249785.60
63657.19 249791.46
63658.20 249797.17
63659.20 249802.95
63660.20 249808.87
63661.20 249814.82
63662.20 249820.76
63663.21 249826.53
63664.20 249832.43
63665.20 249838.41
63666.20 249844.35
63667.19 249850.29
63668.19 249856.02
63669.20 249861.68
63670.20 249866.95
63671.21 249872.88
63672.21 249878.58
63673.20 249884.03
63674.20 249889.65
63675.20 249895.53
63676.20 249901.32
63677.19 249907.23
63678.19 249913.02
63679.20 249918.84
63680.20 249924.46
63681.20 249930.13
63682.19 249935.84
63683.19 249941.77
63684.21 249947.58
63685.20 249953.37
63686.20 249959.05
63687.20 249964.89
63688.19 249970.61
63689.21 249976.37
63690.20 249982.16
63691.20 249988.14
63692.19 249993.98
63693.21 250000.29
63694.20 250006.02
63695.20 250011.82
63696.20 250017.58
63697.21 250023.54
63698.20 250029.58
63699.19 250035.26
63700.19 250041.08
63701.21 250047.03
63702.21 250052.99
63703.20 250058.10
63704.20 250063.96
63705.20 250069.91
63706.21 250075.52
63707.20 250081.42
63708.20 250087.28
63709.20 250093.05
63710.20 250098.92
63711.20 250104.91
63712.21 250110.89
63713.21 250116.90
63714.19 250122.75
63715.21 250128.87
63716.20 250134.83
63717.21 250140.82
63718.19 250146.61
63719.20 250152.71
63720.21 250158.86
63721.20 250164.80
63722.20 250170.77
63723.21 250176.54
63724.19 250182.22
63725.20 250188.16
63726.20 250193.96
63727.21 250199.92
63728.20 250205.94
63729.21 250211.80
63730.21 250217.82
63731.21 250223.80
63732.21 250229.75
63733.22 250235.88
63734.21 250241.99
63735.21 250247.99
63736.19 250253.40
63737.19 250259.24
63738.21 250265.27
63739.20 250270.41
63740.20 250276.29
63741.21 250282.37
63742.20 250288.24
63743.19 250294.17
63744.19 250300.02
63745.21 250305.87
63746.20 250311.68
63747.21 250317.75
63748.20 250323.54
63749.20 250329.52
63750.20 250335.47
63751.20 250341.36
63752.19 250347.11
63753.20 250353.07
63754.21 250358.80
63755.21 250364.56
63756.21 250370.45
63757.20 250376.41
63758.21 250382.38
63759.21 250388.35
63760.20 250394.11
63761.20 250400.08
63762.21 250405.94
63763.21 250411.92
63764.21 250417.78
63765.20 250423.62
63766.21 250429.51
63767.21 250435.51
63768.20 250441.38
63769.20 250446.60
63770.20 250452.71
63771.21 250458.64
63772.20 250463.99
63773.21 250469.87
63774.20 250475.86
63775.20 250481.68
63776.20 250487.67
63777.20 250493.64
63778.20 250499.52
63779.19 250505.38
63780.21 250511.38
63781.20 250517.30
63782.20 250523.08
63783.20 250528.98
63784.21 250534.99
63785.21 250540.93
63786.20 250546.75
63787.20 250552.58
63788.20 250558.40
63789.20 250564.19
63790.20 250570.08
63791.20 250575.78
63792.20 250581.49
63793.20 250587.51
63794.20 250593.44
63795.20 250599.17
63796.20 250605.02
63797.20 250610.83
63798.21 250616.69
63799.21 250622.63
63800.21 250628.30
63801.20 250633.95
63802.20 250639.15
63803.20 250644.97
63804.20 250650.79
63805.21 250656.14
63806.20 250661.87
63807.20 250667.63
63808.20 250673.56
63809.21 250679.27
63810.20 250685.08
63811.20 250690.88
63812.19 250696.72
63813.20 250702.40
63814.20 250708.01
63815.21 250713.77
63816.20 250719.60
63817.20 250725.42
63818.20 250731.39
63819.20 250737.00
63820.21 250742.77
63821.21 250748.62
63822.21 250754.30
63823.21 250760.02
63824.21 250765.65
63825.21 250771.46
63826.21 250777.11
63827.21 250782.92
63828.19 250788.62
63829.21 250794.53
63830.20 250800.48
63831.21 250806.33
63832.20 250812.20
63833.20 250818.05
63834.20 250824.03
63835.20 250829.38
63836.21 250835.41
63837.21 250841.38
63838.21 250846.79
63839.20 250852.89
63840.20 250858.84
63841.20 250864.81
63842.21 250870.84
63843.19 250876.72
63844.20 250882.73
63845.21 250888.56
63846.21 250894.62
63847.21 250900.59
63848.21 250906.69
63849.21 250912.66
63850.20 250918.54
63851.20 250924.49
63852.20 250930.09
63853.21 250936.35
63854.20 250941.85
63855.20 250947.80
63856.20 250953.81
63857.20 250959.79
63858.20 250965.71
63859.21 250971.80
63860.20 250977.27
63861.20 250981.75
63862.21 250986.64
63863.21 250991.81
63864.20 250997.96
63865.21 251004.09
63866.20 251010.10
63867.20 251016.28
63868.21 251022.54
63869.21 251029.04
63870.21 251035.48
63871.20 251041.38
63872.20 251047.55
63873.21 251053.26
63874.21 251060.20
