2.87 4.82 5.43 4/2241 5962
2.87 4.82 5.43 2/2241 5981
2.87 4.82 5.43 2/2241 6001
2.87 4.82 5.43 2/2241 6021
2.80 4.78 5.41 3/2241 6040
2.80 4.78 5.41 2/2241 6059
2.80 4.78 5.41 2/2241 6078
2.80 4.78 5.41 2/2241 6097
2.80 4.78 5.41 3/2241 6116
2.82 4.75 5.40 2/2241 6135
2.82 4.75 5.40 2/2241 6154
2.82 4.75 5.40 2/2241 6173
2.82 4.75 5.40 2/2241 6192
2.83 4.72 5.38 2/2241 6211
2.83 4.72 5.38 6/2328 6354
2.83 4.72 5.38 14/2396 6475
2.83 4.72 5.38 13/2391 6525
2.83 4.72 5.38 21/2379 6549
2.83 4.72 5.38 2/2429 6627
4.05 4.94 5.45 12/2448 6667
4.05 4.94 5.45 2/2448 6687
4.05 4.94 5.45 16/2443 6710
4.05 4.94 5.45 17/2451 6741
4.05 4.94 5.45 6/2450 6770
5.25 5.17 5.53 20/2453 6810
5.25 5.17 5.53 9/2453 6837
5.25 5.17 5.53 15/2455 6873
5.25 5.17 5.53 8/2455 6899
5.25 5.17 5.53 5/2455 6919
5.47 5.22 5.54 2/2455 6939
5.47 5.22 5.54 6/2454 6959
5.47 5.22 5.54 1/2454 6980
5.47 5.22 5.54 1/2454 7010
5.47 5.22 5.54 3/2454 7030
6.23 5.38 5.59 4/2454 7050
6.23 5.38 5.59 1/2454 7070
6.23 5.38 5.59 5/2453 7090
6.23 5.38 5.59 3/2453 7110
6.23 5.38 5.59 1/2453 7129
6.37 5.43 5.60 3/2451 7149
6.37 5.43 5.60 6/2451 7169
6.37 5.43 5.60 2/2451 7188
6.37 5.43 5.60 1/2451 7208
6.37 5.43 5.60 2/2451 7228
6.42 5.45 5.61 1/2451 7247
6.42 5.45 5.61 2/2451 7271
6.42 5.45 5.61 3/2451 7292
6.42 5.45 5.61 4/2451 7316
6.42 5.45 5.61 5/2452 7337
6.47 5.48 5.62 3/2452 7359
6.47 5.48 5.62 2/2452 7378
6.47 5.48 5.62 3/2452 7398
6.47 5.48 5.62 3/2452 7418
6.47 5.48 5.62 2/2452 7437
6.43 5.49 5.62 1/2452 7458
6.43 5.49 5.62 2/2452 7478
6.43 5.49 5.62 1/2452 7498
6.43 5.49 5.62 1/2452 7518
6.43 5.49 5.62 3/2452 7538
6.40 5.50 5.62 2/2452 7557
6.40 5.50 5.62 2/2452 7577
6.40 5.50 5.62 1/2452 7598
6.40 5.50 5.62 2/2452 7618
6.40 5.50 5.62 4/2452 7638
6.53 5.54 5.64 5/2452 7658
6.53 5.54 5.64 3/2452 7677
6.53 5.54 5.64 1/2452 7697
6.53 5.54 5.64 4/2452 7718
6.53 5.54 5.64 1/2452 7737
6.80 5.61 5.66 7/2452 7758
6.80 5.61 5.66 6/2452 7778
6.80 5.61 5.66 4/2452 7797
6.80 5.61 5.66 3/2452 7818
6.80 5.61 5.66 2/2452 7838
6.74 5.62 5.66 2/2449 7857
6.74 5.62 5.66 2/2444 7877
6.74 5.62 5.66 2/2443 7898
6.74 5.62 5.66 5/2442 7918
6.74 5.62 5.66 4/2441 7938
6.92 5.67 5.68 1/2417 7958
6.92 5.67 5.68 2/2416 7977
6.92 5.67 5.68 3/2415 7997
6.92 5.67 5.68 2/2416 8018
6.92 5.67 5.68 7/2408 8037
7.01 5.71 5.69 3/2401 8057
7.01 5.71 5.69 1/2399 8078
7.01 5.71 5.69 3/2399 8097
7.01 5.71 5.69 4/2396 8120
7.01 5.71 5.69 4/2394 8145
7.17 5.77 5.71 4/2394 8164
7.17 5.77 5.71 5/2393 8185
7.17 5.77 5.71 2/2393 8207
7.17 5.77 5.71 2/2393 8227
7.17 5.77 5.71 4/2393 8247
7.31 5.82 5.73 5/2394 8268
7.31 5.82 5.73 3/2393 8287
7.31 5.82 5.73 3/2393 8307
7.31 5.82 5.73 3/2393 8327
7.31 5.82 5.73 3/2393 8347
7.53 5.89 5.75 2/2393 8367
7.53 5.89 5.75 5/2393 8387
7.53 5.89 5.75 4/2393 8406
7.53 5.89 5.75 7/2393 8426
7.53 5.89 5.75 3/2393 8446
7.89 5.99 5.79 1/2393 8465
7.89 5.99 5.79 4/2393 8485
7.89 5.99 5.79 1/2393 8505
7.89 5.99 5.79 1/2393 8525
7.89 5.99 5.79 1/2393 8545
8.06 6.06 5.81 1/2398 8572
8.06 6.06 5.81 1/2398 8591
8.06 6.06 5.81 4/2398 8611
8.06 6.06 5.81 1/2398 8631
8.06 6.06 5.81 2/2398 8650
8.13 6.11 5.83 2/2398 8670
8.13 6.11 5.83 2/2398 8690
8.13 6.11 5.83 1/2398 8709
8.13 6.11 5.83 1/2398 8729
8.13 6.11 5.83 3/2398 8749
7.96 6.11 5.83 2/2398 8769
7.96 6.11 5.83 6/2398 8789
7.96 6.11 5.83 1/2398 8809
7.96 6.11 5.83 5/2398 8828
7.96 6.11 5.83 1/2398 8848
8.05 6.16 5.84 4/2398 8868
8.05 6.16 5.84 1/2398 8887
8.05 6.16 5.84 6/2398 8907
8.05 6.16 5.84 4/2398 8927
8.05 6.16 5.84 4/2399 8947
8.20 6.22 5.87 4/2399 8967
8.20 6.22 5.87 5/2399 8988
8.20 6.22 5.87 6/2399 9007
8.20 6.22 5.87 2/2399 9027
8.20 6.22 5.87 3/2399 9047
8.27 6.27 5.88 1/2399 9066
8.27 6.27 5.88 6/2399 9086
8.27 6.27 5.88 2/2399 9106
8.27 6.27 5.88 10/2399 9125
8.27 6.27 5.88 5/2399 9145
8.41 6.33 5.91 1/2399 9165
8.41 6.33 5.91 2/2399 9185
8.41 6.33 5.91 1/2399 9205
8.41 6.33 5.91 2/2399 9225
8.41 6.33 5.91 1/2398 9244
8.37 6.36 5.92 1/2398 9264
8.37 6.36 5.92 3/2398 9284
8.37 6.36 5.92 1/2398 9303
8.37 6.36 5.92 1/2398 9323
8.37 6.36 5.92 1/2398 9343
8.74 6.47 5.96 5/2398 9364
8.74 6.47 5.96 2/2398 9384
8.74 6.47 5.96 1/2398 9405
8.74 6.47 5.96 3/2398 9424
8.74 6.47 5.96 3/2398 9444
9.24 6.61 6.01 3/2398 9464
9.24 6.61 6.01 1/2398 9483
9.24 6.61 6.01 3/2398 9503
9.24 6.61 6.01 2/2398 9523
9.24 6.61 6.01 3/2398 9542
9.22 6.65 6.02 4/2398 9562
9.22 6.65 6.02 4/2398 9582
9.22 6.65 6.02 1/2398 9602
9.22 6.65 6.02 3/2398 9622
9.22 6.65 6.02 1/2399 9643
9.29 6.70 6.04 3/2399 9662
9.29 6.70 6.04 2/2399 9682
9.29 6.70 6.04 5/2399 9702
9.29 6.70 6.04 2/2399 9721
9.29 6.70 6.04 1/2399 9741
9.66 6.83 6.09 6/2395 9761
9.66 6.83 6.09 6/2395 9780
9.66 6.83 6.09 4/2395 9801
9.66 6.83 6.09 2/2395 9821
9.66 6.83 6.09 4/2395 9840
9.53 6.85 6.10 2/2394 9860
9.53 6.85 6.10 5/2394 9880
9.53 6.85 6.10 1/2394 9899
9.53 6.85 6.10 4/2394 9919
9.53 6.85 6.10 2/2394 9939
9.57 6.90 6.12 2/2394 9958
9.57 6.90 6.12 4/2394 9978
9.57 6.90 6.12 5/2394 9998
9.57 6.90 6.12 3/2394 10018
9.57 6.90 6.12 2/2394 10038
9.52 6.93 6.13 1/2394 10058
9.52 6.93 6.13 2/2394 10077
9.52 6.93 6.13 4/2394 10097
9.52 6.93 6.13 2/2394 10117
9.52 6.93 6.13 8/2394 10136
9.32 6.93 6.14 1/2394 10156
9.32 6.93 6.14 2/2394 10176
9.32 6.93 6.14 4/2394 10195
9.32 6.93 6.14 1/2394 10216
9.32 6.93 6.14 6/2394 10236
9.29 6.97 6.15 4/2394 10255
9.29 6.97 6.15 5/2394 10275
9.29 6.97 6.15 4/2394 10295
9.29 6.97 6.15 5/2394 10314
9.29 6.97 6.15 1/2394 10334
9.59 7.07 6.19 4/2394 10354
9.59 7.07 6.19 2/2394 10373
9.59 7.07 6.19 4/2394 10393
9.59 7.07 6.19 3/2394 10413
9.59 7.07 6.19 1/2394 10433
9.70 7.14 6.22 6/2394 10453
9.70 7.14 6.22 2/2394 10473
9.70 7.14 6.22 1/2394 10492
9.70 7.14 6.22 2/2394 10512
9.70 7.14 6.22 3/2394 10532
9.57 7.15 6.23 2/2394 10551
9.57 7.15 6.23 3/2393 10571
9.57 7.15 6.23 1/2393 10591
9.57 7.15 6.23 2/2393 10610
9.57 7.15 6.23 2/2393 10631
9.68 7.21 6.25 7/2393 10651
9.68 7.21 6.25 1/2392 10670
9.68 7.21 6.25 10/2392 10690
9.68 7.21 6.25 9/2392 10710
9.68 7.21 6.25 2/2392 10729
9.63 7.24 6.27 1/2392 10749
9.63 7.24 6.27 1/2392 10769
9.63 7.24 6.27 5/2392 10788
9.63 7.24 6.27 12/2392 10808
9.63 7.24 6.27 3/2392 10828
9.50 7.26 6.28 3/2392 10848
9.50 7.26 6.28 1/2392 10868
9.50 7.26 6.28 1/2392 10888
9.50 7.26 6.28 3/2391 10907
9.50 7.26 6.28 2/2391 10927
9.38 7.27 6.29 4/2391 10947
9.38 7.27 6.29 2/2391 10966
9.38 7.27 6.29 9/2391 10986
9.38 7.27 6.29 2/2391 11006
9.38 7.27 6.29 6/2391 11025
9.19 7.26 6.29 4/2390 11046
9.19 7.26 6.29 3/2390 11066
9.19 7.26 6.29 2/2390 11085
9.19 7.26 6.29 1/2390 11105
9.19 7.26 6.29 3/2390 11125
9.25 7.31 6.31 2/2390 11144
9.25 7.31 6.31 3/2390 11164
9.25 7.31 6.31 3/2390 11184
9.25 7.31 6.31 2/2390 11203
9.25 7.31 6.31 4/2390 11223
9.07 7.30 6.31 2/2390 11243
9.07 7.30 6.31 1/2390 11263
9.07 7.30 6.31 2/2390 11283
9.07 7.30 6.31 3/2390 11303
9.07 7.30 6.31 3/2390 11322
8.99 7.32 6.32 5/2390 11342
8.99 7.32 6.32 6/2390 11362
8.99 7.32 6.32 4/2390 11381
8.99 7.32 6.32 1/2390 11401
8.99 7.32 6.32 3/2390 11421
9.55 7.46 6.38 2/2390 11440
9.55 7.46 6.38 1/2390 11461
9.55 7.46 6.38 3/2391 11482
9.55 7.46 6.38 1/2390 11501
9.55 7.46 6.38 5/2390 11521
9.74 7.54 6.41 4/2391 11542
9.74 7.54 6.41 2/2391 11561
9.74 7.54 6.41 8/2391 11581
9.74 7.54 6.41 5/2391 11601
9.74 7.54 6.41 1/2391 11620
9.68 7.56 6.42 4/2391 11640
9.68 7.56 6.42 6/2392 11661
9.68 7.56 6.42 10/2391 11680
9.68 7.56 6.42 2/2391 11700
9.68 7.56 6.42 4/2391 11720
9.63 7.58 6.43 2/2391 11739
9.63 7.58 6.43 4/2391 11759
9.63 7.58 6.43 9/2391 11781
9.63 7.58 6.43 2/2391 11800
9.63 7.58 6.43 2/2391 11820
9.90 7.68 6.47 3/2391 11840
9.90 7.68 6.47 1/2391 11859
9.90 7.68 6.47 2/2391 11880
9.90 7.68 6.47 2/2391 11900
9.90 7.68 6.47 2/2391 11919
9.75 7.68 6.48 10/2391 11939
9.75 7.68 6.48 1/2392 11960
9.75 7.68 6.48 2/2392 11979
9.75 7.68 6.48 3/2392 11999
9.75 7.68 6.48 3/2392 12019
9.61 7.69 6.49 4/2392 12038
9.61 7.69 6.49 4/2392 12058
9.61 7.69 6.49 6/2393 12079
9.61 7.69 6.49 6/2392 12098
9.61 7.69 6.49 3/2392 12118
9.48 7.69 6.50 3/2392 12138
9.48 7.69 6.50 1/2392 12157
9.48 7.69 6.50 1/2392 12177
9.48 7.69 6.50 4/2392 12197
9.48 7.69 6.50 3/2392 12216
9.44 7.71 6.51 3/2392 12236
9.44 7.71 6.51 5/2392 12256
9.44 7.71 6.51 1/2392 12275
9.44 7.71 6.51 4/2392 12296
9.44 7.71 6.51 5/2392 12316
9.32 7.72 6.52 4/2392 12335
9.32 7.72 6.52 2/2392 12355
9.32 7.72 6.52 4/2392 12375
9.32 7.72 6.52 7/2392 12394
9.32 7.72 6.52 1/2392 12414
9.30 7.74 6.53 2/2392 12434
9.30 7.74 6.53 8/2392 12453
9.30 7.74 6.53 1/2392 12473
9.30 7.74 6.53 3/2392 12494
9.30 7.74 6.53 2/2392 12513
9.27 7.76 6.54 5/2392 12533
9.27 7.76 6.54 4/2392 12553
9.27 7.76 6.54 2/2392 12572
9.27 7.76 6.54 5/2393 12592
9.27 7.76 6.54 2/2392 12612
9.17 7.77 6.55 1/2392 12631
9.17 7.77 6.55 1/2392 12651
9.17 7.77 6.55 3/2392 12671
9.17 7.77 6.55 2/2392 12690
9.17 7.77 6.55 2/2392 12711
9.08 7.77 6.56 2/2392 12731
9.08 7.77 6.56 3/2392 12750
9.08 7.77 6.56 2/2392 12770
9.08 7.77 6.56 2/2392 12790
9.08 7.77 6.56 1/2391 12809
8.83 7.74 6.56 2/2391 12830
8.83 7.74 6.56 2/2391 12850
8.83 7.74 6.56 8/2391 12869
8.83 7.74 6.56 10/2391 12889
8.83 7.74 6.56 5/2390 12910
8.60 7.71 6.55 1/2390 12930
8.60 7.71 6.55 2/2390 12954
8.60 7.71 6.55 3/2390 12975
8.60 7.71 6.55 5/2390 12994
8.60 7.71 6.55 4/2390 13016
8.64 7.73 6.57 5/2390 13036
8.64 7.73 6.57 4/2390 13055
8.64 7.73 6.57 1/2390 13075
8.64 7.73 6.57 4/2390 13096
8.64 7.73 6.57 2/2390 13115
8.91 7.80 6.60 7/2390 13136
8.91 7.80 6.60 4/2390 13174
8.91 7.80 6.60 4/2390 13195
8.91 7.80 6.60 4/2390 13215
8.91 7.80 6.60 2/2390 13235
8.83 7.81 6.60 4/2390 13254
8.83 7.81 6.60 4/2390 13274
8.83 7.81 6.60 3/2390 13294
8.83 7.81 6.60 4/2390 13313
8.83 7.81 6.60 4/2390 13333
8.61 7.78 6.60 3/2390 13354
8.61 7.78 6.60 2/2390 13373
8.61 7.78 6.60 4/2390 13393
8.61 7.78 6.60 3/2390 13413
8.61 7.78 6.60 6/2390 13432
8.48 7.76 6.60 5/2390 13452
8.48 7.76 6.60 3/2390 13472
8.48 7.76 6.60 1/2390 13491
8.48 7.76 6.60 5/2391 13512
8.48 7.76 6.60 4/2390 13532
8.52 7.78 6.62 2/2390 13552
8.52 7.78 6.62 1/2390 13574
8.52 7.78 6.62 3/2390 13596
8.52 7.78 6.62 2/2390 13615
8.52 7.78 6.62 4/2391 13635
8.32 7.75 6.61 2/2390 13655
8.32 7.75 6.61 3/2390 13674
8.32 7.75 6.61 4/2390 13694
8.32 7.75 6.61 1/2390 13714
8.32 7.75 6.61 3/2390 13733
8.61 7.83 6.64 2/2390 13754
8.61 7.83 6.64 1/2390 13775
8.61 7.83 6.64 1/2390 13794
8.61 7.83 6.64 1/2390 13814
8.61 7.83 6.64 1/2390 13835
8.80 7.88 6.67 1/2390 13855
8.80 7.88 6.67 2/2390 13876
8.80 7.88 6.67 4/2390 13898
8.80 7.88 6.67 5/2390 13917
8.80 7.88 6.67 4/2390 13938
8.58 7.85 6.66 6/2377 13960
8.58 7.85 6.66 1/2376 13982
8.58 7.85 6.66 5/2377 14014
8.58 7.85 6.66 4/2376 14034
8.58 7.85 6.66 1/2376 14053
8.53 7.85 6.67 2/2376 14073
8.53 7.85 6.67 1/2375 14093
8.53 7.85 6.67 3/2375 14112
8.53 7.85 6.67 6/2375 14132
8.53 7.85 6.67 7/2374 14152
8.65 7.89 6.69 2/2374 14171
8.65 7.89 6.69 3/2374 14192
8.65 7.89 6.69 4/2374 14216
8.65 7.89 6.69 4/2374 14236
8.65 7.89 6.69 4/2374 14261
8.68 7.90 6.70 1/2374 14281
8.68 7.90 6.70 4/2373 14300
8.68 7.90 6.70 2/2374 14321
8.68 7.90 6.70 5/2373 14341
8.68 7.90 6.70 2/2373 14361
8.70 7.92 6.71 4/2374 14381
8.70 7.92 6.71 3/2373 14402
8.70 7.92 6.71 2/2373 14421
8.70 7.92 6.71 1/2373 14442
8.70 7.92 6.71 1/2373 14463
8.73 7.94 6.72 1/2373 14484
8.73 7.94 6.72 2/2373 14504
8.73 7.94 6.72 2/2373 14524
8.73 7.94 6.72 5/2373 14543
8.73 7.94 6.72 4/2373 14563
9.15 8.04 6.76 3/2373 14583
9.15 8.04 6.76 6/2373 14602
9.15 8.04 6.76 2/2373 14622
9.15 8.04 6.76 3/2373 14643
9.15 8.04 6.76 4/2373 14662
9.30 8.09 6.79 2/2374 14682
9.30 8.09 6.79 1/2373 14703
9.30 8.09 6.79 3/2373 14722
9.30 8.09 6.79 1/2373 14744
9.30 8.09 6.79 1/2373 14781
9.52 8.16 6.82 1/2373 14800
9.52 8.16 6.82 4/2373 14820
9.52 8.16 6.82 1/2373 14840
9.52 8.16 6.82 3/2373 14860
9.52 8.16 6.82 1/2373 14881
9.23 8.12 6.81 7/2373 14901
9.23 8.12 6.81 4/2373 14920
9.23 8.12 6.81 3/2373 14940
9.23 8.12 6.81 2/2373 14960
9.23 8.12 6.81 4/2373 14979
9.29 8.15 6.83 3/2373 15001
9.29 8.15 6.83 2/2373 15021
9.29 8.15 6.83 1/2371 15040
9.29 8.15 6.83 6/2371 15060
9.29 8.15 6.83 4/2371 15081
9.27 8.17 6.84 2/2371 15101
9.27 8.17 6.84 3/2371 15121
9.27 8.17 6.84 3/2369 15141
9.27 8.17 6.84 2/2369 15160
9.27 8.17 6.84 4/2369 15180
9.01 8.13 6.84 4/2369 15200
9.01 8.13 6.84 3/2369 15219
9.01 8.13 6.84 6/2370 15239
9.01 8.13 6.84 4/2369 15259
9.01 8.13 6.84 4/2369 15279
8.77 8.09 6.83 4/2370 15299
8.77 8.09 6.83 2/2369 15321
8.77 8.09 6.83 6/2369 15340
8.77 8.09 6.83 1/2370 15361
8.77 8.09 6.83 6/2370 15381
8.63 8.08 6.83 5/2370 15400
8.63 8.08 6.83 6/2370 15420
8.63 8.08 6.83 1/2369 15442
8.63 8.08 6.83 3/2369 15461
8.63 8.08 6.83 8/2370 15481
8.82 8.12 6.85 4/2369 15502
8.82 8.12 6.85 3/2369 15521
8.82 8.12 6.85 4/2370 15543
8.82 8.12 6.85 1/2369 15569
8.82 8.12 6.85 3/2369 15592
9.07 8.19 6.88 3/2370 15616
9.07 8.19 6.88 2/2369 15636
9.07 8.19 6.88 4/2369 15655
9.07 8.19 6.88 1/2369 15675
9.07 8.19 6.88 1/2368 15695
8.91 8.17 6.88 2/2368 15715
8.91 8.17 6.88 4/2368 15735
8.91 8.17 6.88 5/2368 15755
8.91 8.17 6.88 7/2368 15774
8.91 8.17 6.88 3/2369 15794
8.75 8.15 6.88 1/2368 15815
8.75 8.15 6.88 1/2368 15834
8.75 8.15 6.88 4/2368 15855
8.75 8.15 6.88 5/2368 15875
8.75 8.15 6.88 8/2368 15894
8.93 8.20 6.91 2/2368 15914
8.93 8.20 6.91 3/2368 15935
8.93 8.20 6.91 3/2369 15955
8.93 8.20 6.91 8/2369 15975
8.93 8.20 6.91 3/2369 15995
9.26 8.28 6.94 6/2369 16014
9.26 8.28 6.94 5/2369 16034
9.26 8.28 6.94 1/2369 16054
9.26 8.28 6.94 3/2369 16073
9.26 8.28 6.94 3/2369 16093
9.56 8.35 6.97 5/2369 16113
9.56 8.35 6.97 6/2369 16133
9.56 8.35 6.97 3/2370 16153
9.56 8.35 6.97 2/2369 16173
9.56 8.35 6.97 5/2369 16192
9.35 8.33 6.97 3/2369 16212
9.35 8.33 6.97 5/2369 16232
9.35 8.33 6.97 3/2369 16251
9.35 8.33 6.97 1/2369 16271
9.35 8.33 6.97 4/2369 16291
9.33 8.34 6.98 1/2369 16310
9.33 8.34 6.98 2/2369 16330
9.33 8.34 6.98 2/2369 16351
9.33 8.34 6.98 5/2369 16370
9.33 8.34 6.98 3/2369 16390
9.38 8.37 7.00 4/2369 16410
9.38 8.37 7.00 5/2369 16429
9.38 8.37 7.00 5/2369 16449
9.38 8.37 7.00 2/2369 16469
9.38 8.37 7.00 1/2370 16489
10.39 8.60 7.08 1/2370 16509
10.39 8.60 7.08 2/2370 16529
10.39 8.60 7.08 1/2370 16550
10.39 8.60 7.08 1/2370 16570
10.39 8.60 7.08 3/2370 16590
10.28 8.60 7.09 2/2370 16609
10.28 8.60 7.09 5/2370 16629
10.28 8.60 7.09 3/2370 16649
10.28 8.60 7.09 1/2370 16668
10.28 8.60 7.09 2/2370 16688
10.42 8.66 7.12 1/2370 16708
10.42 8.66 7.12 3/2370 16727
10.42 8.66 7.12 2/2371 16747
10.42 8.66 7.12 2/2370 16768
10.42 8.66 7.12 2/2370 16787
10.06 8.62 7.11 3/2370 16807
10.06 8.62 7.11 1/2370 16827
10.06 8.62 7.11 3/2370 16846
10.06 8.62 7.11 7/2370 16866
10.06 8.62 7.11 6/2370 16886
10.14 8.66 7.13 4/2370 16905
10.14 8.66 7.13 6/2371 16925
10.14 8.66 7.13 3/2370 16945
10.14 8.66 7.13 4/2370 16965
10.14 8.66 7.13 4/2370 16985
10.29 8.71 7.16 5/2370 17006
10.29 8.71 7.16 2/2370 17025
10.29 8.71 7.16 3/2370 17045
10.29 8.71 7.16 1/2370 17065
10.29 8.71 7.16 2/2370 17084
10.29 8.71 7.16 4/2370 17104
10.10 8.70 7.16 3/2370 17124
10.10 8.70 7.16 7/2370 17143
10.10 8.70 7.16 3/2370 17164
10.10 8.70 7.16 3/2370 17185
10.10 8.70 7.16 4/2370 17204
10.02 8.71 7.17 3/2370 17225
10.02 8.71 7.17 4/2370 17245
10.02 8.71 7.17 1/2370 17264
10.02 8.71 7.17 2/2370 17284
10.02 8.71 7.17 4/2370 17304
10.17 8.76 7.20 1/2370 17323
10.17 8.76 7.20 6/2370 17343
10.17 8.76 7.20 2/2370 17363
10.17 8.76 7.20 2/2370 17383
10.17 8.76 7.20 3/2371 17403
9.92 8.73 7.20 3/2370 17423
9.92 8.73 7.20 3/2370 17442
9.92 8.73 7.20 5/2370 17462
9.92 8.73 7.20 3/2370 17482
9.92 8.73 7.20 2/2370 17501
9.77 8.72 7.20 1/2370 17521
9.77 8.72 7.20 5/2370 17541
9.77 8.72 7.20 1/2370 17560
9.77 8.72 7.20 4/2370 17581
9.77 8.72 7.20 2/2369 17601
9.54 8.69 7.20 3/2368 17620
9.54 8.69 7.20 1/2368 17640
9.54 8.69 7.20 5/2369 17661
9.54 8.69 7.20 2/2369 17680
9.54 8.69 7.20 1/2369 17700
9.66 8.73 7.22 1/2369 17720
9.66 8.73 7.22 4/2369 17739
9.66 8.73 7.22 3/2369 17759
9.66 8.73 7.22 4/2369 17779
9.66 8.73 7.22 4/2369 17799
9.45 8.70 7.22 2/2369 17819
9.45 8.70 7.22 2/2369 17839
9.45 8.70 7.22 3/2369 17859
9.45 8.70 7.22 4/2370 17879
9.45 8.70 7.22 4/2369 17899
10.21 8.87 7.29 2/2369 17918
10.21 8.87 7.29 4/2370 17938
10.21 8.87 7.29 1/2369 17959
10.21 8.87 7.29 1/2369 17982
10.21 8.87 7.29 1/2369 18005
9.88 8.82 7.28 3/2369 18025
9.88 8.82 7.28 3/2369 18044
9.88 8.82 7.28 7/2370 18064
9.88 8.82 7.28 1/2369 18084
9.88 8.82 7.28 2/2368 18103
9.72 8.81 7.28 3/2368 18123
9.72 8.81 7.28 3/2368 18143
9.72 8.81 7.28 4/2368 18162
9.72 8.81 7.28 4/2368 18182
9.72 8.81 7.28 4/2368 18202
9.59 8.80 7.29 5/2370 18224
9.59 8.80 7.29 1/2370 18244
9.59 8.80 7.29 3/2370 18264
9.59 8.80 7.29 3/2370 18284
9.59 8.80 7.29 4/2370 18306
9.30 8.75 7.28 1/2370 18327
9.30 8.75 7.28 3/2370 18347
9.30 8.75 7.28 1/2370 18371
9.30 8.75 7.28 2/2370 18393
9.30 8.75 7.28 2/2370 18412
9.11 8.72 7.28 2/2370 18432
9.11 8.72 7.28 9/2370 18453
9.11 8.72 7.28 1/2370 18472
9.11 8.72 7.28 2/2370 18491
9.11 8.72 7.28 1/2370 18512
9.67 8.84 7.32 5/2370 18531
9.67 8.84 7.32 9/2370 18550
9.67 8.84 7.32 2/2370 18571
9.67 8.84 7.32 3/2370 18590
9.67 8.84 7.32 3/2370 18609
9.69 8.86 7.34 4/2371 18630
9.69 8.86 7.34 5/2370 18650
9.69 8.86 7.34 1/2370 18671
9.69 8.86 7.34 2/2370 18692
9.69 8.86 7.34 7/2370 18711
9.64 8.86 7.35 2/2370 18730
9.64 8.86 7.35 4/2370 18751
9.64 8.86 7.35 3/2370 18770
9.64 8.86 7.35 1/2370 18789
9.64 8.86 7.35 5/2370 18810
9.83 8.91 7.37 3/2370 18829
9.83 8.91 7.37 3/2370 18849
9.83 8.91 7.37 7/2370 18870
9.83 8.91 7.37 1/2370 18889
9.83 8.91 7.37 5/2370 18920
10.00 8.97 7.40 2/2370 18941
10.00 8.97 7.40 1/2370 18960
10.00 8.97 7.40 5/2370 18982
10.00 8.97 7.40 3/2370 19004
10.00 8.97 7.40 5/2370 19025
9.76 8.93 7.39 9/2370 19055
9.76 8.93 7.39 5/2370 19079
9.76 8.93 7.39 2/2370 19099
9.76 8.93 7.39 6/2370 19118
9.76 8.93 7.39 2/2370 19139
9.46 8.88 7.39 4/2370 19159
9.46 8.88 7.39 3/2370 19178
9.46 8.88 7.39 5/2370 19199
9.46 8.88 7.39 3/2370 19218
9.46 8.88 7.39 5/2370 19237
9.50 8.90 7.40 4/2370 19258
9.50 8.90 7.40 2/2370 19277
9.50 8.90 7.40 3/2370 19298
9.50 8.90 7.40 4/2370 19324
9.50 8.90 7.40 10/2370 19343
9.70 8.95 7.43 2/2370 19362
9.70 8.95 7.43 4/2370 19383
9.70 8.95 7.43 5/2370 19402
9.70 8.95 7.43 4/2370 19421
9.70 8.95 7.43 3/2371 19454
9.89 9.01 7.45 5/2370 19494
9.89 9.01 7.45 5/2370 19513
9.89 9.01 7.45 2/2371 19535
9.89 9.01 7.45 3/2370 19554
9.89 9.01 7.45 1/2370 19614
9.74 8.99 7.45 3/2371 19636
9.74 8.99 7.45 1/2370 19658
9.74 8.99 7.45 4/2370 19677
9.74 8.99 7.45 5/2370 19698
9.74 8.99 7.45 1/2370 19717
9.68 8.99 7.46 3/2370 19736
9.68 8.99 7.46 5/2370 19760
9.68 8.99 7.46 1/2370 19779
9.68 8.99 7.46 4/2370 19799
9.68 8.99 7.46 1/2370 19820
9.70 9.01 7.48 2/2370 19839
9.70 9.01 7.48 3/2370 19858
9.70 9.01 7.48 5/2370 19879
9.70 9.01 7.48 1/2370 19898
9.70 9.01 7.48 2/2372 19921
9.73 9.02 7.49 1/2371 19942
9.73 9.02 7.49 1/2371 19961
9.73 9.02 7.49 2/2371 19980
9.73 9.02 7.49 1/2371 20002
9.73 9.02 7.49 1/2371 20021
9.75 9.04 7.50 1/2371 20040
9.75 9.04 7.50 1/2371 20061
9.75 9.04 7.50 3/2371 20080
9.75 9.04 7.50 5/2371 20099
9.75 9.04 7.50 4/2371 20120
9.53 9.01 7.50 3/2371 20139
9.53 9.01 7.50 2/2371 20158
9.53 9.01 7.50 3/2372 20179
9.53 9.01 7.50 2/2371 20198
9.53 9.01 7.50 2/2371 20218
9.65 9.04 7.52 3/2371 20239
9.65 9.04 7.52 1/2371 20258
9.65 9.04 7.52 8/2371 20277
9.65 9.04 7.52 1/2371 20298
9.65 9.04 7.52 1/2371 20317
9.43 9.00 7.52 5/2371 20336
9.43 9.00 7.52 5/2371 20357
9.43 9.00 7.52 2/2371 20376
9.43 9.00 7.52 4/2371 20395
9.43 9.00 7.52 4/2371 20417
9.16 8.95 7.51 3/2371 20436
9.16 8.95 7.51 2/2371 20455
9.16 8.95 7.51 1/2371 20476
9.16 8.95 7.51 1/2371 20495
9.16 8.95 7.51 2/2371 20514
9.31 8.99 7.53 2/2371 20535
9.31 8.99 7.53 2/2371 20554
9.31 8.99 7.53 4/2371 20573
9.31 8.99 7.53 4/2372 20594
9.31 8.99 7.53 1/2371 20613
9.36 9.01 7.54 3/2371 20633
9.36 9.01 7.54 4/2372 20654
9.36 9.01 7.54 7/2371 20673
9.36 9.01 7.54 3/2371 20692
9.36 9.01 7.54 2/2377 20720
9.49 9.04 7.56 1/2377 20741
9.49 9.04 7.56 4/2377 20760
9.49 9.04 7.56 3/2377 20781
9.49 9.04 7.56 1/2377 20800
9.49 9.04 7.56 3/2377 20819
9.85 9.12 7.60 5/2378 20841
9.85 9.12 7.60 2/2377 20860
9.85 9.12 7.60 4/2377 20879
9.85 9.12 7.60 4/2377 20900
9.85 9.12 7.60 5/2377 20919
9.63 9.09 7.59 3/2377 20938
9.63 9.09 7.59 2/2377 20959
9.63 9.09 7.59 5/2377 20978
9.63 9.09 7.59 5/2377 20997
9.63 9.09 7.59 4/2377 21018
9.50 9.07 7.59 2/2377 21038
9.50 9.07 7.59 2/2377 21057
9.50 9.07 7.59 4/2376 21078
9.50 9.07 7.59 1/2376 21097
9.50 9.07 7.59 3/2375 21116
9.22 9.02 7.59 7/2375 21137
9.22 9.02 7.59 1/2375 21156
9.22 9.02 7.59 2/2375 21175
9.22 9.02 7.59 3/2375 21196
9.22 9.02 7.59 3/2375 21215
9.36 9.05 7.60 5/2375 21234
9.36 9.05 7.60 1/2375 21256
9.36 9.05 7.60 5/2375 21275
9.36 9.05 7.60 3/2375 21294
9.36 9.05 7.60 8/2375 21315
9.25 9.03 7.61 2/2375 21334
9.25 9.03 7.61 3/2375 21353
9.25 9.03 7.61 6/2376 21374
9.25 9.03 7.61 2/2375 21393
9.25 9.03 7.61 4/2375 21412
8.99 8.98 7.60 4/2376 21433
8.99 8.98 7.60 3/2375 21453
8.99 8.98 7.60 6/2375 21472
8.99 8.98 7.60 2/2374 21493
8.99 8.98 7.60 1/2374 21512
8.75 8.93 7.59 5/2374 21531
8.75 8.93 7.59 5/2375 21552
8.75 8.93 7.59 3/2374 21571
8.75 8.93 7.59 2/2374 21590
8.75 8.93 7.59 5/2375 21611
8.93 8.97 7.61 1/2374 21630
8.93 8.97 7.61 1/2374 21651
8.93 8.97 7.61 2/2374 21673
8.93 8.97 7.61 5/2374 21692
8.93 8.97 7.61 6/2374 21711
9.02 8.98 7.62 2/2375 21732
9.02 8.98 7.62 2/2374 21751
9.02 8.98 7.62 8/2374 21770
9.02 8.98 7.62 10/2374 21791
9.02 8.98 7.62 6/2374 21810
8.85 8.95 7.62 3/2374 21829
8.85 8.95 7.62 7/2375 21850
8.85 8.95 7.62 9/2374 21870
8.85 8.95 7.62 1/2374 21889
8.85 8.95 7.62 5/2374 21910
8.71 8.92 7.61 3/2370 21929
8.71 8.92 7.61 2/2370 21948
8.71 8.92 7.61 3/2370 21969
8.71 8.92 7.61 6/2370 21988
8.71 8.92 7.61 1/2369 22007
9.13 9.00 7.65 3/2368 22028
9.13 9.00 7.65 2/2368 22048
9.13 9.00 7.65 2/2368 22067
9.13 9.00 7.65 1/2368 22089
9.13 9.00 7.65 4/2366 22108
9.12 9.00 7.66 2/2366 22127
9.12 9.00 7.66 1/2366 22148
9.12 9.00 7.66 3/2366 22167
9.12 9.00 7.66 6/2366 22186
9.12 9.00 7.66 3/2366 22207
9.35 9.05 7.68 4/2366 22226
9.35 9.05 7.68 1/2367 22246
9.35 9.05 7.68 3/2368 22267
9.35 9.05 7.68 1/2367 22287
9.35 9.05 7.68 5/2367 22306
9.40 9.07 7.69 4/2367 22327
9.40 9.07 7.69 1/2367 22346
9.40 9.07 7.69 3/2367 22365
9.40 9.07 7.69 5/2368 22386
9.40 9.07 7.69 2/2367 22405
9.29 9.05 7.69 2/2367 22424
9.29 9.05 7.69 1/2367 22445
9.29 9.05 7.69 2/2367 22481
9.29 9.05 7.69 2/2367 22501
9.29 9.05 7.69 1/2367 22523
9.03 9.00 7.68 2/2367 22542
9.03 9.00 7.68 3/2367 22561
9.03 9.00 7.68 3/2367 22582
9.03 9.00 7.68 3/2367 22601
9.03 9.00 7.68 3/2366 22622
8.86 8.97 7.68 2/2366 22643
8.86 8.97 7.68 1/2366 22662
8.86 8.97 7.68 6/2366 22681
8.86 8.97 7.68 3/2366 22702
8.86 8.97 7.68 5/2366 22722
8.63 8.92 7.67 4/2366 22741
8.63 8.92 7.67 4/2367 22764
8.63 8.92 7.67 2/2366 22783
8.63 8.92 7.67 2/2366 22802
8.63 8.92 7.67 5/2366 22823
8.82 8.95 7.69 3/2366 22842
8.82 8.95 7.69 2/2366 22861
8.82 8.95 7.69 3/2366 22882
8.82 8.95 7.69 1/2366 22901
8.82 8.95 7.69 2/2366 22920
8.84 8.95 7.70 1/2366 22942
8.84 8.95 7.70 3/2366 22961
8.84 8.95 7.70 2/2366 22981
8.84 8.95 7.70 3/2366 23002
8.84 8.95 7.70 2/2366 23021
8.77 8.94 7.70 2/2366 23040
8.77 8.94 7.70 2/2366 23061
8.77 8.94 7.70 2/2366 23080
8.77 8.94 7.70 3/2366 23099
8.77 8.94 7.70 3/2366 23120
8.55 8.89 7.69 3/2365 23140
8.55 8.89 7.69 2/2365 23159
8.55 8.89 7.69 3/2366 23180
8.55 8.89 7.69 4/2365 23199
8.55 8.89 7.69 3/2365 23218
8.50 8.87 7.69 1/2365 23239
8.50 8.87 7.69 2/2365 23258
8.50 8.87 7.69 8/2365 23277
8.50 8.87 7.69 1/2365 23298
8.50 8.87 7.69 1/2365 23318
8.38 8.84 7.69 2/2365 23338
8.38 8.84 7.69 7/2366 23361
8.38 8.84 7.69 3/2365 23380
8.38 8.84 7.69 3/2365 23399
8.38 8.84 7.69 2/2365 23420
8.27 8.81 7.68 4/2365 23439
8.27 8.81 7.68 2/2365 23458
8.27 8.81 7.68 5/2365 23479
8.27 8.81 7.68 1/2365 23498
8.27 8.81 7.68 3/2365 23517
8.41 8.83 7.70 3/2366 23539
8.41 8.83 7.70 4/2366 23559
8.41 8.83 7.70 2/2366 23578
8.41 8.83 7.70 3/2366 23599
8.41 8.83 7.70 2/2367 23619
8.38 8.82 7.70 3/2366 23638
8.38 8.82 7.70 5/2366 23659
8.38 8.82 7.70 3/2366 23678
8.38 8.82 7.70 2/2366 23697
8.38 8.82 7.70 3/2367 23718
8.51 8.84 7.71 2/2367 23738
8.51 8.84 7.71 2/2367 23757
8.51 8.84 7.71 4/2366 23779
8.51 8.84 7.71 3/2366 23798
8.51 8.84 7.71 1/2367 23818
8.39 8.80 7.71 3/2367 23839
8.39 8.80 7.71 2/2367 23858
8.39 8.80 7.71 2/2367 23877
8.39 8.80 7.71 4/2367 23898
8.39 8.80 7.71 3/2367 23917
8.68 8.86 7.73 5/2369 23938
8.68 8.86 7.73 3/2369 23960
8.68 8.86 7.73 2/2369 23979
8.68 8.86 7.73 4/2369 23999
8.68 8.86 7.73 5/2357 24020
8.78 8.88 7.74 7/2356 24039
8.78 8.88 7.74 2/2356 24058
8.78 8.88 7.74 1/2356 24079
8.78 8.88 7.74 1/2356 24098
8.78 8.88 7.74 2/2356 24117
8.64 8.85 7.74 2/2356 24138
8.64 8.85 7.74 4/2356 24157
8.64 8.85 7.74 3/2356 24176
8.64 8.85 7.74 2/2342 24198
8.64 8.85 7.74 1/2343 24218
8.75 8.87 7.75 1/2343 24237
8.75 8.87 7.75 3/2343 24258
8.75 8.87 7.75 1/2343 24277
8.75 8.87 7.75 3/2343 24296
8.75 8.87 7.75 2/2343 24317
8.69 8.85 7.75 1/2343 24336
8.69 8.85 7.75 3/2342 24355
8.69 8.85 7.75 4/2343 24376
8.69 8.85 7.75 2/2343 24397
8.69 8.85 7.75 5/2343 24416
9.03 8.92 7.78 3/2343 24437
9.03 8.92 7.78 4/2343 24456
9.03 8.92 7.78 1/2343 24475
9.03 8.92 7.78 3/2343 24496
9.03 8.92 7.78 1/2343 24515
8.79 8.87 7.77 5/2343 24534
8.79 8.87 7.77 3/2344 24555
8.79 8.87 7.77 5/2343 24574
8.79 8.87 7.77 1/2343 24593
8.79 8.87 7.77 3/2343 24615
8.65 8.84 7.77 3/2343 24634
8.65 8.84 7.77 1/2343 24653
8.65 8.84 7.77 1/2343 24674
8.65 8.84 7.77 3/2343 24693
8.65 8.84 7.77 2/2343 24712
8.84 8.88 7.78 2/2343 24733
8.84 8.88 7.78 4/2343 24752
8.84 8.88 7.78 3/2343 24771
8.84 8.88 7.78 1/2343 24792
8.84 8.88 7.78 1/2343 24812
9.33 8.98 7.82 1/2343 24831
9.33 8.98 7.82 8/2343 24852
9.33 8.98 7.82 3/2343 24872
9.33 8.98 7.82 3/2343 24891
9.33 8.98 7.82 1/2343 24912
9.38 9.00 7.83 5/2343 24931
9.38 9.00 7.83 4/2343 24950
9.38 9.00 7.83 4/2344 24971
9.38 9.00 7.83 2/2343 24990
9.38 9.00 7.83 2/2343 25009
9.19 8.96 7.83 6/2343 25031
9.19 8.96 7.83 1/2343 25050
9.19 8.96 7.83 5/2343 25069
9.19 8.96 7.83 2/2343 25090
9.19 8.96 7.83 3/2343 25109
9.10 8.95 7.83 2/2343 25129
9.10 8.95 7.83 5/2344 25150
9.10 8.95 7.83 6/2343 25169
9.10 8.95 7.83 3/2343 25188
9.10 8.95 7.83 2/2344 25209
9.25 8.98 7.85 2/2343 25229
9.25 8.98 7.85 2/2343 25248
9.25 8.98 7.85 5/2343 25269
9.25 8.98 7.85 1/2343 25288
9.25 8.98 7.85 4/2343 25307
9.15 8.96 7.85 3/2343 25328
9.15 8.96 7.85 4/2343 25347
9.15 8.96 7.85 3/2343 25366
9.15 8.96 7.85 2/2343 25387
9.15 8.96 7.85 9/2343 25406
8.90 8.91 7.84 2/2343 25425
8.90 8.91 7.84 5/2344 25447
8.90 8.91 7.84 3/2343 25466
8.90 8.91 7.84 1/2343 25485
8.90 8.91 7.84 1/2343 25505
8.75 8.88 7.83 6/2343 25525
8.75 8.88 7.83 4/2343 25544
8.75 8.88 7.83 4/2343 25564
8.75 8.88 7.83 1/2343 25584
8.75 8.88 7.83 2/2343 25603
8.93 8.92 7.85 3/2343 25623
8.93 8.92 7.85 7/2343 25644
8.93 8.92 7.85 4/2343 25663
8.93 8.92 7.85 7/2342 25683
8.93 8.92 7.85 2/2342 25703
8.85 8.90 7.85 1/2342 25722
8.85 8.90 7.85 2/2342 25742
8.85 8.90 7.85 1/2342 25762
8.85 8.90 7.85 5/2342 25781
8.85 8.90 7.85 3/2342 25802
8.70 8.87 7.85 4/2342 25821
8.70 8.87 7.85 4/2342 25840
8.70 8.87 7.85 1/2342 25861
8.70 8.87 7.85 2/2342 25881
8.70 8.87 7.85 1/2342 25900
8.97 8.92 7.87 5/2342 25920
8.97 8.92 7.87 2/2342 25940
8.97 8.92 7.87 1/2342 25959
8.97 8.92 7.87 1/2342 25980
8.97 8.92 7.87 4/2342 25999
8.89 8.91 7.87 5/2342 26018
8.89 8.91 7.87 6/2342 26038
8.89 8.91 7.87 1/2342 26059
8.89 8.91 7.87 1/2342 26078
8.89 8.91 7.87 6/2342 26098
8.66 8.86 7.86 7/2342 26118
8.66 8.86 7.86 1/2342 26137
8.66 8.86 7.86 6/2342 26157
8.66 8.86 7.86 4/2342 26177
8.66 8.86 7.86 2/2343 26197
9.49 9.03 7.92 2/2343 26217
9.49 9.03 7.92 2/2343 26237
9.49 9.03 7.92 4/2343 26256
9.49 9.03 7.92 12/2343 26278
9.49 9.03 7.92 2/2343 26301
9.93 9.13 7.96 2/2343 26320
9.93 9.13 7.96 3/2343 26343
9.93 9.13 7.96 2/2343 26363
9.93 9.13 7.96 1/2343 26382
9.93 9.13 7.96 2/2343 26402
10.01 9.16 7.97 1/2343 26422
10.01 9.16 7.97 7/2343 26441
10.01 9.16 7.97 4/2343 26461
10.01 9.16 7.97 5/2343 26482
10.01 9.16 7.97 1/2343 26502
9.93 9.15 7.98 3/2343 26522
9.93 9.15 7.98 1/2343 26542
9.93 9.15 7.98 3/2343 26561
9.93 9.15 7.98 3/2343 26581
9.93 9.15 7.98 2/2343 26601
9.86 9.15 7.99 3/2343 26620
9.86 9.15 7.99 5/2343 26640
9.86 9.15 7.99 4/2343 26660
9.86 9.15 7.99 6/2343 26679
9.86 9.15 7.99 1/2343 26700
9.95 9.18 8.00 2/2343 26720
9.95 9.18 8.00 2/2343 26739
9.95 9.18 8.00 3/2343 26759
9.95 9.18 8.00 1/2343 26779
9.95 9.18 8.00 1/2343 26798
9.79 9.16 8.00 2/2343 26818
9.79 9.16 8.00 2/2343 26838
9.79 9.16 8.00 3/2343 26858
9.79 9.16 8.00 1/2343 26878
9.79 9.16 8.00 4/2343 26900
9.49 9.11 7.99 3/2343 26919
9.49 9.11 7.99 2/2343 26939
9.49 9.11 7.99 4/2343 26959
9.49 9.11 7.99 1/2343 26978
9.49 9.11 7.99 2/2343 26999
9.61 9.14 8.01 4/2343 27019
9.61 9.14 8.01 1/2343 27038
9.61 9.14 8.01 1/2343 27058
9.61 9.14 8.01 3/2343 27079
9.61 9.14 8.01 4/2343 27099
9.72 9.17 8.02 6/2343 27121
9.72 9.17 8.02 6/2343 27141
9.72 9.17 8.02 7/2343 27160
9.72 9.17 8.02 3/2343 27180
9.72 9.17 8.02 2/2344 27201
9.72 9.17 8.02 4/2344 27220
9.58 9.15 8.02 7/2344 27240
9.58 9.15 8.02 7/2344 27261
9.58 9.15 8.02 2/2344 27280
9.58 9.15 8.02 7/2344 27303
9.58 9.15 8.02 1/2344 27324
9.54 9.15 8.03 4/2344 27348
9.54 9.15 8.03 6/2344 27369
9.54 9.15 8.03 1/2344 27392
9.54 9.15 8.03 2/2344 27411
9.54 9.15 8.03 4/2344 27431
9.33 9.11 8.02 1/2344 27451
9.33 9.11 8.02 2/2344 27470
9.33 9.11 8.02 4/2344 27490
9.33 9.11 8.02 2/2344 27510
9.33 9.11 8.02 3/2344 27529
9.23 9.10 8.02 10/2344 27550
9.23 9.10 8.02 3/2344 27572
9.23 9.10 8.02 1/2344 27591
9.23 9.10 8.02 4/2344 27615
9.23 9.10 8.02 2/2344 27649
9.21 9.09 8.03 1/2344 27668
9.21 9.09 8.03 8/2344 27696
9.21 9.09 8.03 2/2344 27716
9.21 9.09 8.03 1/2344 27735
9.21 9.09 8.03 5/2345 27757
8.95 9.04 8.02 2/2345 27779
8.95 9.04 8.02 3/2345 27798
8.95 9.04 8.02 2/2346 27819
8.95 9.04 8.02 3/2346 27839
8.95 9.04 8.02 5/2346 27858
9.19 9.09 8.04 4/2346 27878
9.19 9.09 8.04 4/2346 27898
9.19 9.09 8.04 1/2346 27917
9.19 9.09 8.04 6/2346 27937
9.19 9.09 8.04 3/2345 27958
9.10 9.07 8.04 3/2344 27977
9.10 9.07 8.04 2/2344 27998
9.10 9.07 8.04 6/2344 28018
9.10 9.07 8.04 5/2344 28037
9.10 9.07 8.04 2/2344 28058
9.17 9.09 8.05 11/2345 28079
9.17 9.09 8.05 7/2382 28147
9.17 9.09 8.05 2/2388 28179
9.17 9.09 8.05 3/2388 28201
9.17 9.09 8.05 9/2388 28224
9.08 9.07 8.05 7/2390 28252
9.08 9.07 8.05 4/2388 28278
9.08 9.07 8.05 2/2388 28300
9.08 9.07 8.05 4/2388 28323
9.08 9.07 8.05 1/2388 28343
9.31 9.12 8.07 1/2388 28362
9.31 9.12 8.07 7/2388 28382
9.31 9.12 8.07 5/2388 28405
9.31 9.12 8.07 1/2388 28429
9.31 9.12 8.07 2/2388 28449
9.37 9.13 8.08 3/2387 28469
9.37 9.13 8.08 2/2387 28488
9.37 9.13 8.08 4/2387 28509
9.37 9.13 8.08 4/2386 28529
9.37 9.13 8.08 4/2386 28548
9.18 9.10 8.07 1/2386 28568
9.18 9.10 8.07 1/2386 28588
9.18 9.10 8.07 5/2386 28609
9.18 9.10 8.07 6/2386 28629
9.18 9.10 8.07 5/2386 28649
9.56 9.18 8.11 3/2386 28668
9.56 9.18 8.11 4/2387 28689
9.56 9.18 8.11 1/2387 28710
9.56 9.18 8.11 6/2387 28729
9.56 9.18 8.11 11/2387 28749
9.68 9.21 8.12 3/2387 28769
9.68 9.21 8.12 4/2387 28788
9.68 9.21 8.12 4/2387 28808
9.68 9.21 8.12 3/2387 28829
9.68 9.21 8.12 2/2387 28848
9.62 9.21 8.13 1/2387 28868
9.62 9.21 8.13 2/2387 28888
9.62 9.21 8.13 2/2387 28907
9.62 9.21 8.13 3/2387 28928
9.62 9.21 8.13 2/2387 28948
9.65 9.22 8.14 2/2387 28967
9.65 9.22 8.14 1/2387 28987
9.65 9.22 8.14 3/2387 29007
9.65 9.22 8.14 3/2388 29027
9.65 9.22 8.14 3/2388 29047
10.16 9.33 8.18 1/2388 29067
10.16 9.33 8.18 2/2388 29086
10.16 9.33 8.18 3/2388 29106
10.16 9.33 8.18 1/2388 29127
10.16 9.33 8.18 5/2388 29146
10.39 9.39 8.21 8/2388 29166
10.39 9.39 8.21 2/2388 29186
10.39 9.39 8.21 1/2388 29205
10.39 9.39 8.21 4/2388 29225
10.39 9.39 8.21 2/2388 29245
10.20 9.37 8.20 1/2388 29264
10.20 9.37 8.20 5/2388 29284
10.20 9.37 8.20 2/2388 29304
10.20 9.37 8.20 5/2388 29323
10.20 9.37 8.20 3/2388 29344
9.86 9.31 8.19 5/2388 29364
9.86 9.31 8.19 5/2373 29383
9.86 9.31 8.19 1/2368 29403
9.86 9.31 8.19 1/2368 29423
9.86 9.31 8.19 1/2368 29444
9.71 9.29 8.19 8/2368 29464
9.71 9.29 8.19 4/2359 29484
9.71 9.29 8.19 1/2357 29503
9.71 9.29 8.19 7/2357 29523
9.71 9.29 8.19 3/2357 29544
9.82 9.32 8.21 6/2357 29563
9.82 9.32 8.21 5/2357 29583
9.82 9.32 8.21 5/2357 29603
9.82 9.32 8.21 7/2357 29622
9.82 9.32 8.21 1/2357 29642
9.51 9.27 8.19 3/2357 29662
9.51 9.27 8.19 2/2357 29681
9.51 9.27 8.19 7/2357 29701
9.51 9.27 8.19 2/2357 29721
9.51 9.27 8.19 4/2357 29740
9.63 9.29 8.21 4/2357 29761
9.63 9.29 8.21 1/2357 29781
9.63 9.29 8.21 3/2357 29800
9.63 9.29 8.21 6/2357 29820
9.63 9.29 8.21 3/2357 29840
9.58 9.29 8.21 6/2357 29859
9.58 9.29 8.21 3/2357 29879
9.58 9.29 8.21 3/2357 29899
9.58 9.29 8.21 1/2356 29918
9.58 9.29 8.21 3/2356 29938
9.61 9.30 8.22 6/2357 29960
9.61 9.30 8.22 3/2357 29979
9.61 9.30 8.22 3/2357 29999
9.61 9.30 8.22 3/2357 30019
9.61 9.30 8.22 2/2357 30038
9.48 9.28 8.22 2/2357 30060
9.48 9.28 8.22 4/2357 30080
9.48 9.28 8.22 6/2356 30099
9.48 9.28 8.22 8/2356 30119
9.48 9.28 8.22 1/2356 30139
9.28 9.24 8.21 4/2356 30158
9.28 9.24 8.21 1/2356 30179
9.28 9.24 8.21 5/2356 30199
9.28 9.24 8.21 1/2356 30218
9.28 9.24 8.21 6/2356 30238
9.10 9.20 8.21 3/2356 30258
9.10 9.20 8.21 2/2356 30278
9.10 9.20 8.21 5/2356 30298
9.10 9.20 8.21 4/2356 30318
9.10 9.20 8.21 5/2356 30337
9.01 9.18 8.21 2/2356 30359
9.01 9.18 8.21 1/2356 30380
9.01 9.18 8.21 3/2355 30399
9.01 9.18 8.21 8/2355 30419
9.01 9.18 8.21 6/2355 30439
9.09 9.20 8.22 4/2355 30458
9.09 9.20 8.22 8/2355 30478
9.09 9.20 8.22 3/2354 30498
9.09 9.20 8.22 3/2354 30517
9.09 9.20 8.22 6/2354 30537
9.00 9.18 8.21 2/2354 30557
9.00 9.18 8.21 4/2354 30576
9.00 9.18 8.21 4/2354 30597
9.00 9.18 8.21 6/2354 30617
9.00 9.18 8.21 7/2354 30636
9.08 9.19 8.22 6/2354 30656
9.08 9.19 8.22 5/2354 30676
9.08 9.19 8.22 1/2354 30695
9.08 9.19 8.22 2/2354 30715
9.08 9.19 8.22 3/2354 30735
9.16 9.20 8.23 1/2354 30754
9.16 9.20 8.23 1/2354 30774
9.16 9.20 8.23 2/2354 30795
9.16 9.20 8.23 4/2354 30814
9.16 9.20 8.23 1/2354 30834
9.23 9.22 8.24 1/2354 30854
9.23 9.22 8.24 3/2354 30873
9.23 9.22 8.24 2/2354 30893
9.23 9.22 8.24 1/2354 30913
9.23 9.22 8.24 3/2354 30932
9.37 9.25 8.26 4/2354 30952
9.37 9.25 8.26 1/2354 30973
9.37 9.25 8.26 2/2354 30992
9.37 9.25 8.26 4/2354 31013
9.37 9.25 8.26 3/2354 31033
9.50 9.28 8.27 6/2354 31052
9.50 9.28 8.27 1/2354 31072
9.50 9.28 8.27 4/2354 31092
9.50 9.28 8.27 3/2354 31111
9.50 9.28 8.27 3/2354 31131
10.18 9.42 8.33 1/2354 31151
10.18 9.42 8.33 4/2354 31170
10.18 9.42 8.33 5/2354 31190
10.18 9.42 8.33 4/2354 31211
10.18 9.42 8.33 3/2354 31230
9.93 9.38 8.32 2/2354 31250
9.93 9.38 8.32 4/2355 31271
9.93 9.38 8.32 3/2355 31290
9.93 9.38 8.32 3/2356 31311
9.93 9.38 8.32 5/2356 31331
10.17 9.44 8.34 3/2356 31350
10.17 9.44 8.34 1/2356 31370
10.17 9.44 8.34 3/2356 31390
10.17 9.44 8.34 3/2355 31409
10.17 9.44 8.34 3/2355 31430
10.00 9.42 8.34 2/2355 31450
10.00 9.42 8.34 2/2355 31469
10.00 9.42 8.34 2/2355 31489
10.00 9.42 8.34 2/2355 31509
10.00 9.42 8.34 2/2355 31528
9.68 9.36 8.33 2/2355 31548
9.68 9.36 8.33 4/2355 31568
9.68 9.36 8.33 5/2355 31587
9.68 9.36 8.33 3/2355 31607
9.68 9.36 8.33 3/2355 31628
9.70 9.37 8.34 2/2355 31647
9.70 9.37 8.34 5/2355 31667
9.70 9.37 8.34 1/2355 31687
9.70 9.37 8.34 3/2355 31706
9.70 9.37 8.34 2/2355 31726
10.13 9.47 8.38 4/2355 31746
10.13 9.47 8.38 5/2355 31765
10.13 9.47 8.38 3/2355 31785
10.13 9.47 8.38 5/2355 31805
10.13 9.47 8.38 1/2355 31824
10.36 9.52 8.40 3/2355 31845
10.36 9.52 8.40 3/2355 31865
10.36 9.52 8.40 2/2355 31884
10.36 9.52 8.40 3/2355 31904
10.36 9.52 8.40 2/2355 31924
10.09 9.48 8.39 1/2355 31943
10.09 9.48 8.39 1/2355 31963
10.09 9.48 8.39 2/2355 31983
10.09 9.48 8.39 2/2355 32002
10.09 9.48 8.39 1/2355 32022
10.00 9.47 8.40 1/2355 32043
10.00 9.47 8.40 3/2355 32062
10.00 9.47 8.40 1/2355 32082
10.00 9.47 8.40 2/2355 32102
10.00 9.47 8.40 9/2355 32121
9.76 9.43 8.39 4/2355 32141
9.76 9.43 8.39 1/2355 32161
9.76 9.43 8.39 4/2355 32180
9.76 9.43 8.39 2/2355 32200
9.76 9.43 8.39 2/2355 32220
9.62 9.41 8.39 1/2355 32239
9.62 9.41 8.39 1/2355 32260
9.62 9.41 8.39 3/2355 32280
9.62 9.41 8.39 1/2355 32299
9.62 9.41 8.39 1/2355 32319
9.41 9.37 8.38 1/2354 32339
9.41 9.37 8.38 1/2354 32358
9.41 9.37 8.38 3/2354 32378
9.41 9.37 8.38 1/2355 32399
9.41 9.37 8.38 11/2355 32418
9.54 9.40 8.39 4/2355 32438
9.54 9.40 8.39 3/2355 32459
9.54 9.40 8.39 3/2355 32478
9.54 9.40 8.39 1/2355 32498
9.54 9.40 8.39 6/2355 32518
9.49 9.39 8.40 1/2355 32537
9.49 9.39 8.40 3/2355 32557
9.49 9.39 8.40 2/2355 32577
9.49 9.39 8.40 6/2355 32596
9.49 9.39 8.40 1/2355 32616
9.45 9.38 8.40 1/2355 32636
9.45 9.38 8.40 1/2355 32655
9.45 9.38 8.40 2/2355 32676
9.45 9.38 8.40 6/2356 32697
9.45 9.38 8.40 4/2356 32716
9.26 9.34 8.39 1/2356 32736
9.26 9.34 8.39 3/2356 32756
9.26 9.34 8.39 3/2356 318
9.26 9.34 8.39 1/2356 425
9.26 9.34 8.39 3/2356 530
9.32 9.35 8.40 1/2356 565
9.32 9.35 8.40 5/2362 621
9.32 9.35 8.40 2/2362 654
9.32 9.35 8.40 7/2362 685
9.32 9.35 8.40 6/2362 707
9.13 9.31 8.39 9/2362 730
9.13 9.31 8.39 4/2362 803
9.13 9.31 8.39 3/2362 922
9.13 9.31 8.39 2/2363 975
9.13 9.31 8.39 2/2364 1056
9.12 9.31 8.40 2/2364 1098
9.12 9.31 8.40 1/2364 1120
9.12 9.31 8.40 1/2364 1164
9.12 9.31 8.40 4/2364 1226
9.12 9.31 8.40 2/2364 1250
8.95 9.27 8.39 3/2364 1307
8.95 9.27 8.39 4/2364 1329
8.95 9.27 8.39 3/2364 1363
8.95 9.27 8.39 7/2364 1382
8.95 9.27 8.39 1/2364 1414
8.95 9.27 8.39 1/2364 1441
8.95 9.27 8.39 2/2364 1470
8.95 9.27 8.39 3/2364 1492
8.95 9.27 8.39 5/2364 1514
8.95 9.27 8.39 1/2364 1534
8.80 9.23 8.38 2/2364 1555
8.80 9.23 8.38 7/2364 1577
8.80 9.23 8.38 4/2364 1609
8.80 9.23 8.38 1/2364 1629
8.80 9.23 8.38 1/2364 1665
8.73 9.21 8.38 8/2364 1707
8.73 9.21 8.38 2/2364 1742
8.73 9.21 8.38 3/2364 1777
8.73 9.21 8.38 2/2364 1810
8.73 9.21 8.38 5/2364 1838
8.52 9.15 8.37 2/2364 1874
8.52 9.15 8.37 3/2364 1896
8.52 9.15 8.37 3/2364 1927
8.52 9.15 8.37 3/2364 1968
8.52 9.15 8.37 5/2364 2010
9.27 9.30 8.42 3/2364 2043
9.27 9.30 8.42 1/2364 2090
9.27 9.30 8.42 2/2364 2156
9.27 9.30 8.42 7/2364 2181
9.27 9.30 8.42 5/2364 2214
9.41 9.33 8.43 1/2364 2242
9.41 9.33 8.43 3/2363 2276
9.41 9.33 8.43 2/2363 2303
9.41 9.33 8.43 6/2363 2339
9.41 9.33 8.43 2/2363 2361
9.38 9.32 8.44 3/2363 2383
9.38 9.32 8.44 1/2362 2424
9.38 9.32 8.44 1/2362 2444
9.38 9.32 8.44 6/2362 2490
9.38 9.32 8.44 6/2362 2510
9.11 9.27 8.42 4/2362 2551
9.11 9.27 8.42 1/2361 2579
9.11 9.27 8.42 3/2361 2604
9.11 9.27 8.42 2/2361 2645
9.11 9.27 8.42 2/2361 2670
9.42 9.33 8.45 1/2361 2737
9.42 9.33 8.45 6/2357 2757
9.42 9.33 8.45 1/2357 2777
9.42 9.33 8.45 7/2357 2796
9.42 9.33 8.45 3/2357 2816
9.31 9.31 8.45 2/2357 2842
9.31 9.31 8.45 2/2356 2874
9.31 9.31 8.45 4/2356 2914
9.31 9.31 8.45 3/2357 2947
9.31 9.31 8.45 2/2357 2974
9.04 9.25 8.43 6/2357 3011
9.04 9.25 8.43 2/2357 3038
9.04 9.25 8.43 4/2357 3057
9.04 9.25 8.43 3/2357 3088
9.04 9.25 8.43 1/2357 3124
8.80 9.20 8.42 3/2357 3158
8.80 9.20 8.42 15/2357 3200
8.80 9.20 8.42 2/2359 3234
8.80 9.20 8.42 2/2359 3275
8.80 9.20 8.42 2/2359 3308
9.05 9.24 8.44 5/2359 3328
9.05 9.24 8.44 1/2359 3362
9.05 9.24 8.44 3/2359 3391
9.05 9.24 8.44 2/2359 3421
9.05 9.24 8.44 4/2359 3468
9.21 9.27 8.45 6/2359 3491
9.21 9.27 8.45 5/2359 3527
9.21 9.27 8.45 2/2359 3569
9.21 9.27 8.45 1/2359 3603
9.21 9.27 8.45 1/2359 3630
9.03 9.24 8.45 3/2359 3649
9.03 9.24 8.45 4/2358 3671
9.03 9.24 8.45 3/2358 3691
9.03 9.24 8.45 5/2358 3710
9.03 9.24 8.45 3/2358 3731
9.11 9.25 8.45 2/2358 3755
9.11 9.25 8.45 3/2358 3774
9.11 9.25 8.45 2/2358 3799
9.11 9.25 8.45 6/2358 3824
9.11 9.25 8.45 1/2358 3844
9.02 9.23 8.45 1/2358 3866
9.02 9.23 8.45 4/2358 3886
9.02 9.23 8.45 4/2358 3906
9.02 9.23 8.45 5/2358 3928
9.02 9.23 8.45 3/2358 3953
9.34 9.29 8.48 4/2358 3997
9.34 9.29 8.48 4/2358 4026
9.34 9.29 8.48 4/2358 4049
9.34 9.29 8.48 6/2358 4069
9.34 9.29 8.48 4/2358 4098
9.31 9.29 8.48 2/2358 4123
9.31 9.29 8.48 2/2358 4150
9.31 9.29 8.48 4/2358 4171
9.31 9.29 8.48 4/2357 4212
9.31 9.29 8.48 2/2357 4236
9.21 9.26 8.48 2/2357 4256
9.21 9.26 8.48 4/2357 4278
9.21 9.26 8.48 1/2357 4305
9.21 9.26 8.48 2/2357 4326
9.21 9.26 8.48 3/2357 4349
9.35 9.29 8.49 1/2357 4368
9.35 9.29 8.49 2/2357 4389
9.35 9.29 8.49 3/2357 4409
9.35 9.29 8.49 1/2357 4429
9.35 9.29 8.49 4/2357 4449
9.16 9.26 8.48 4/2357 4469
9.16 9.26 8.48 4/2349 4489
9.16 9.26 8.48 3/2346 4511
9.16 9.26 8.48 3/2346 4532
9.16 9.26 8.48 4/2346 4556
9.15 9.25 8.48 4/2346 4577
9.15 9.25 8.48 5/2346 4605
9.15 9.25 8.48 4/2346 4624
9.15 9.25 8.48 3/2346 4645
9.15 9.25 8.48 2/2346 4665
8.82 9.18 8.47 7/2346 4684
8.82 9.18 8.47 4/2346 4704
8.82 9.18 8.47 3/2346 4724
8.82 9.18 8.47 8/2346 4748
8.82 9.18 8.47 6/2346 4769
8.67 9.14 8.46 2/2346 4789
8.67 9.14 8.46 6/2346 4808
8.67 9.14 8.46 4/2346 4828
8.67 9.14 8.46 5/2346 4848
8.67 9.14 8.46 3/2346 4867
9.42 9.29 8.51 1/2346 4887
9.42 9.29 8.51 2/2346 4907
9.42 9.29 8.51 5/2346 4926
9.42 9.29 8.51 5/2346 4946
9.42 9.29 8.51 1/2346 4967
9.55 9.32 8.52 3/2346 4986
9.55 9.32 8.52 1/2346 5007
9.55 9.32 8.52 9/2346 5027
9.55 9.32 8.52 5/2346 5046
9.55 9.32 8.52 6/2346 5066
9.66 9.35 8.54 2/2346 5086
9.66 9.35 8.54 2/2347 5106
9.66 9.35 8.54 9/2347 5126
9.66 9.35 8.54 4/2347 5146
9.66 9.35 8.54 5/2347 5165
9.69 9.36 8.54 5/2348 5187
9.69 9.36 8.54 2/2348 5207
9.69 9.36 8.54 2/2348 5226
9.69 9.36 8.54 1/2348 5246
9.69 9.36 8.54 4/2348 5266
9.47 9.32 8.54 2/2348 5285
9.47 9.32 8.54 1/2348 5305
9.47 9.32 8.54 7/2348 5325
9.47 9.32 8.54 1/2348 5345
9.47 9.32 8.54 3/2348 5365
9.36 9.30 8.53 1/2348 5386
9.36 9.30 8.53 3/2348 5405
9.36 9.30 8.53 4/2348 5425
9.36 9.30 8.53 3/2348 5445
9.36 9.30 8.53 1/2348 5464
9.57 9.34 8.55 3/2348 5484
9.57 9.34 8.55 2/2348 5504
9.57 9.34 8.55 4/2348 5523
9.57 9.34 8.55 2/2348 5543
9.57 9.34 8.55 1/2348 5563
9.52 9.34 8.55 4/2348 5582
9.52 9.34 8.55 3/2348 5603
9.52 9.34 8.55 5/2348 5623
9.52 9.34 8.55 5/2348 5643
9.52 9.34 8.55 6/2348 5663
9.24 9.28 8.54 1/2348 5683
9.24 9.28 8.54 1/2348 5702
9.24 9.28 8.54 3/2348 5722
9.24 9.28 8.54 6/2348 5742
9.24 9.28 8.54 1/2348 5761
9.22 9.28 8.54 1/2348 5781
9.22 9.28 8.54 4/2348 5802
9.22 9.28 8.54 5/2348 5821
9.22 9.28 8.54 1/2348 5841
9.22 9.28 8.54 5/2348 5861
9.52 9.34 8.57 5/2348 5880
9.52 9.34 8.57 3/2348 5900
9.52 9.34 8.57 2/2348 5920
9.52 9.34 8.57 1/2348 5939
9.52 9.34 8.57 3/2348 5962
9.56 9.35 8.58 1/2348 5982
9.56 9.35 8.58 1/2348 6002
9.56 9.35 8.58 3/2348 6023
9.56 9.35 8.58 2/2348 6043
9.56 9.35 8.58 5/2348 6062
9.28 9.29 8.56 3/2348 6082
9.28 9.29 8.56 4/2348 6102
9.28 9.29 8.56 4/2348 6121
9.28 9.29 8.56 2/2348 6141
9.28 9.29 8.56 5/2348 6163
9.01 9.24 8.55 4/2348 6182
9.01 9.24 8.55 2/2348 6202
9.01 9.24 8.55 1/2348 6234
9.01 9.24 8.55 1/2348 6281
9.01 9.24 8.55 2/2348 6330
8.93 9.22 8.54 3/2348 6355
8.93 9.22 8.54 2/2348 6382
8.93 9.22 8.54 1/2348 6418
8.93 9.22 8.54 3/2348 6446
8.93 9.22 8.54 2/2348 6466
9.10 9.25 8.56 3/2348 6488
9.10 9.25 8.56 5/2348 6516
9.10 9.25 8.56 2/2348 6536
9.10 9.25 8.56 1/2348 6556
9.10 9.25 8.56 1/2348 6578
8.85 9.19 8.54 2/2346 6597
8.85 9.19 8.54 1/2346 6617
8.85 9.19 8.54 1/2346 6637
8.85 9.19 8.54 1/2346 6657
8.85 9.19 8.54 2/2346 6677
8.86 9.19 8.55 5/2346 6697
8.86 9.19 8.55 3/2346 6717
8.86 9.19 8.55 6/2346 6737
8.86 9.19 8.55 1/2346 6761
8.86 9.19 8.55 1/2346 6781
8.86 9.19 8.55 1/2346 6805
8.63 9.14 8.53 1/2346 6826
8.63 9.14 8.53 3/2346 6845
8.63 9.14 8.53 3/2346 6871
8.63 9.14 8.53 4/2346 6892
8.63 9.14 8.53 3/2346 6911
8.66 9.13 8.54 4/2346 6932
8.66 9.13 8.54 2/2346 6952
8.66 9.13 8.54 4/2346 6972
8.66 9.13 8.54 3/2346 7001
8.66 9.13 8.54 1/2346 7023
8.85 9.17 8.55 4/2346 7042
8.85 9.17 8.55 2/2346 7062
8.85 9.17 8.55 2/2346 7082
8.85 9.17 8.55 3/2346 7101
8.85 9.17 8.55 6/2346 7121
8.70 9.13 8.54 4/2346 7141
8.70 9.13 8.54 1/2346 7160
8.70 9.13 8.54 2/2346 7180
8.70 9.13 8.54 1/2346 7201
8.70 9.13 8.54 7/2346 7220
8.72 9.13 8.54 2/2347 7240
8.72 9.13 8.54 5/2346 7263
8.72 9.13 8.54 2/2348 7287
8.72 9.13 8.54 2/2347 7311
8.72 9.13 8.54 2/2348 7334
8.59 9.09 8.53 3/2348 7354
8.59 9.09 8.53 3/2348 7375
8.59 9.09 8.53 2/2348 7395
8.59 9.09 8.53 2/2348 7414
8.59 9.09 8.53 9/2348 7435
8.62 9.09 8.54 6/2348 7456
8.62 9.09 8.54 3/2348 7475
8.62 9.09 8.54 2/2348 7495
8.62 9.09 8.54 2/2348 7517
8.62 9.09 8.54 7/2348 7536
8.89 9.14 8.56 2/2348 7556
8.89 9.14 8.56 3/2348 7576
8.89 9.14 8.56 1/2348 7595
8.89 9.14 8.56 4/2349 7618
8.89 9.14 8.56 6/2349 7639
9.06 9.17 8.57 1/2349 7658
9.06 9.17 8.57 2/2349 7678
9.06 9.17 8.57 3/2349 7698
9.06 9.17 8.57 3/2349 7717
9.06 9.17 8.57 3/2349 7737
9.46 9.25 8.60 4/2349 7758
9.46 9.25 8.60 2/2349 7777
9.46 9.25 8.60 3/2350 7798
9.46 9.25 8.60 2/2350 7819
9.46 9.25 8.60 3/2350 7839
9.66 9.30 8.62 2/2350 7859
9.66 9.30 8.62 2/2350 7879
9.66 9.30 8.62 3/2350 7898
9.66 9.30 8.62 3/2350 7918
9.66 9.30 8.62 4/2350 7938
10.25 9.42 8.66 1/2350 7957
10.25 9.42 8.66 2/2350 7977
10.25 9.42 8.66 3/2350 7997
10.25 9.42 8.66 2/2350 8016
10.25 9.42 8.66 4/2350 8036
10.15 9.42 8.66 2/2350 8057
10.15 9.42 8.66 6/2350 8077
10.15 9.42 8.66 5/2350 8097
10.15 9.42 8.66 2/2350 8118
10.15 9.42 8.66 3/2350 8137
9.98 9.39 8.66 1/2350 8157
9.98 9.39 8.66 5/2350 8177
9.98 9.39 8.66 1/2350 8197
9.98 9.39 8.66 2/2350 8218
9.98 9.39 8.66 3/2350 8238
9.98 9.40 8.67 1/2350 8259
9.98 9.40 8.67 3/2351 8280
9.98 9.40 8.67 3/2351 8300
9.98 9.40 8.67 4/2351 8319
9.98 9.40 8.67 2/2351 8339
9.82 9.38 8.66 4/2351 8359
9.82 9.38 8.66 5/2350 8378
9.82 9.38 8.66 7/2350 8398
9.82 9.38 8.66 4/2350 8418
9.82 9.38 8.66 3/2350 8437
9.83 9.39 8.67 3/2350 8457
9.83 9.39 8.67 3/2350 8478
9.83 9.39 8.67 1/2349 8497
9.83 9.39 8.67 1/2349 8518
9.83 9.39 8.67 3/2349 8538
10.17 9.47 8.70 2/2348 8557
10.17 9.47 8.70 1/2348 8577
10.17 9.47 8.70 4/2348 8597
10.17 9.47 8.70 3/2348 8616
10.17 9.47 8.70 6/2348 8636
10.07 9.46 8.70 2/2349 8656
10.07 9.46 8.70 2/2348 8676
10.07 9.46 8.70 1/2349 8697
10.07 9.46 8.70 3/2349 8717
10.07 9.46 8.70 5/2349 8736
9.99 9.45 8.70 4/2349 8756
9.99 9.45 8.70 2/2349 8776
9.99 9.45 8.70 5/2349 8795
9.99 9.45 8.70 1/2349 8815
9.99 9.45 8.70 2/2349 8835
9.99 9.46 8.71 5/2349 8854
9.99 9.46 8.71 4/2349 8874
9.99 9.46 8.71 5/2349 8895
9.99 9.46 8.71 1/2349 8914
9.99 9.46 8.71 5/2349 8934
9.75 9.42 8.70 1/2349 8954
9.75 9.42 8.70 2/2349 8973
9.75 9.42 8.70 3/2349 8993
9.75 9.42 8.70 2/2349 9013
9.75 9.42 8.70 2/2349 9032
9.53 9.38 8.69 1/2349 9052
9.53 9.38 8.69 2/2349 9072
9.53 9.38 8.69 2/2349 9092
9.53 9.38 8.69 7/2349 9112
9.53 9.38 8.69 8/2349 9132
9.25 9.32 8.68 1/2349 9151
9.25 9.32 8.68 4/2349 9171
9.25 9.32 8.68 4/2349 9191
9.25 9.32 8.68 4/2349 9210
9.25 9.32 8.68 1/2349 9230
9.39 9.35 8.69 9/2349 9250
9.39 9.35 8.69 2/2349 9269
9.39 9.35 8.69 1/2349 9289
9.39 9.35 8.69 9/2349 9310
9.39 9.35 8.69 5/2349 9329
9.20 9.31 8.68 6/2348 9349
9.20 9.31 8.68 4/2348 9369
9.20 9.31 8.68 2/2348 9388
9.20 9.31 8.68 3/2348 9408
9.20 9.31 8.68 6/2348 9428
9.26 9.32 8.69 1/2348 9447
9.26 9.32 8.69 2/2348 9467
9.26 9.32 8.69 2/2348 9487
9.26 9.32 8.69 3/2348 9507
9.26 9.32 8.69 1/2348 9527
9.24 9.32 8.69 3/2348 9547
9.24 9.32 8.69 1/2348 9566
9.24 9.32 8.69 9/2348 9586
9.24 9.32 8.69 4/2348 9606
9.24 9.32 8.69 1/2348 9625
9.14 9.30 8.69 6/2348 9645
9.14 9.30 8.69 4/2350 9667
9.14 9.30 8.69 1/2350 9686
9.14 9.30 8.69 5/2348 9706
9.14 9.30 8.69 2/2348 9727
9.21 9.31 8.69 3/2348 9746
9.21 9.31 8.69 3/2348 9766
9.21 9.31 8.69 2/2348 9786
9.21 9.31 8.69 2/2348 9805
9.21 9.31 8.69 1/2348 9825
9.11 9.29 8.69 1/2348 9845
9.11 9.29 8.69 2/2348 9864
9.11 9.29 8.69 1/2348 9884
9.11 9.29 8.69 2/2348 9904
9.11 9.29 8.69 1/2348 9924
9.26 9.31 8.70 2/2349 9944
9.26 9.31 8.70 2/2348 9964
9.26 9.31 8.70 1/2348 9983
9.26 9.31 8.70 3/2348 10003
9.26 9.31 8.70 12/2348 10023
9.24 9.31 8.71 4/2348 10042
9.24 9.31 8.71 2/2348 10062
9.24 9.31 8.71 1/2348 10082
9.24 9.31 8.71 3/2348 10101
9.24 9.31 8.71 1/2348 10123
9.30 9.32 8.71 1/2348 10144
9.30 9.32 8.71 2/2350 10165
9.30 9.32 8.71 5/2351 10185
9.30 9.32 8.71 1/2350 10205
9.30 9.32 8.71 4/2350 10224
9.68 9.40 8.74 1/2350 10244
9.68 9.40 8.74 1/2350 10264
9.68 9.40 8.74 2/2350 10283
9.68 9.40 8.74 3/2350 10303
9.68 9.40 8.74 1/2350 10323
9.70 9.41 8.75 4/2350 10343
9.70 9.41 8.75 7/2351 10364
9.70 9.41 8.75 2/2351 10384
9.70 9.41 8.75 2/2351 10403
9.70 9.41 8.75 2/2351 10423
10.05 9.49 8.78 4/2351 10443
10.05 9.49 8.78 3/2351 10462
10.05 9.49 8.78 2/2351 10482
10.05 9.49 8.78 5/2351 10502
10.05 9.49 8.78 3/2351 10521
9.88 9.46 8.77 7/2351 10541
9.88 9.46 8.77 4/2351 10562
9.88 9.46 8.77 5/2351 10581
9.88 9.46 8.77 1/2351 10601
9.88 9.46 8.77 4/2351 10621
9.73 9.44 8.77 1/2351 10640
9.73 9.44 8.77 1/2351 10660
9.73 9.44 8.77 3/2351 10680
9.73 9.44 8.77 2/2351 10699
9.73 9.44 8.77 2/2351 10719
9.83 9.46 8.78 2/2351 10739
9.83 9.46 8.78 5/2351 10759
9.83 9.46 8.78 1/2351 10779
9.83 9.46 8.78 4/2351 10799
9.83 9.46 8.78 1/2351 10818
9.85 9.47 8.79 3/2351 10838
9.85 9.47 8.79 12/2351 10858
9.85 9.47 8.79 5/2351 10877
9.85 9.47 8.79 1/2351 10897
9.85 9.47 8.79 9/2351 10917
9.86 9.48 8.79 7/2351 10936
9.86 9.48 8.79 1/2351 10956
9.86 9.48 8.79 6/2354 10980
9.86 9.48 8.79 7/2354 10999
9.86 9.48 8.79 4/2354 11019
9.63 9.44 8.78 6/2354 11039
9.63 9.44 8.78 2/2354 11058
9.63 9.44 8.78 2/2354 11078
9.63 9.44 8.78 4/2354 11098
9.63 9.44 8.78 1/2354 11117
9.50 9.42 8.78 9/2354 11137
9.50 9.42 8.78 4/2354 11157
9.50 9.42 8.78 1/2354 11176
9.50 9.42 8.78 2/2354 11197
9.50 9.42 8.78 3/2354 11217
9.30 9.37 8.77 1/2354 11236
9.30 9.37 8.77 2/2354 11256
9.30 9.37 8.77 4/2354 11276
9.30 9.37 8.77 4/2354 11295
9.30 9.37 8.77 6/2354 11315
9.52 9.42 8.79 4/2352 11335
9.52 9.42 8.79 1/2352 11354
9.52 9.42 8.79 4/2352 11374
9.52 9.42 8.79 1/2352 11395
9.52 9.42 8.79 2/2352 11414
9.31 9.38 8.78 2/2352 11434
9.31 9.38 8.78 2/2352 11454
9.31 9.38 8.78 4/2352 11473
9.31 9.38 8.78 1/2352 11493
9.31 9.38 8.78 3/2352 11513
9.37 9.39 8.78 2/2352 11532
9.37 9.39 8.78 3/2352 11552
9.37 9.39 8.78 2/2352 11572
9.37 9.39 8.78 2/2352 11591
9.37 9.39 8.78 1/2352 11612
9.10 9.33 8.77 1/2352 11632
9.10 9.33 8.77 6/2352 11651
9.10 9.33 8.77 3/2352 11671
9.10 9.33 8.77 2/2352 11691
9.10 9.33 8.77 4/2352 11710
9.33 9.38 8.79 5/2352 11730
9.33 9.38 8.79 10/2352 11750
9.33 9.38 8.79 1/2352 11769
9.33 9.38 8.79 2/2352 11789
9.33 9.38 8.79 2/2352 11810
9.14 9.34 8.78 2/2352 11829
9.14 9.34 8.78 3/2352 11849
9.14 9.34 8.78 2/2352 11869
9.14 9.34 8.78 1/2352 11888
9.14 9.34 8.78 1/2352 11908
9.29 9.37 8.79 5/2352 11928
9.29 9.37 8.79 5/2352 11947
9.29 9.37 8.79 3/2352 11967
9.29 9.37 8.79 2/2352 11987
9.29 9.37 8.79 7/2352 12006
9.03 9.31 8.77 1/2352 12027
9.03 9.31 8.77 2/2352 12047
9.03 9.31 8.77 2/2352 12066
9.03 9.31 8.77 1/2352 12086
9.03 9.31 8.77 3/2352 12106
8.95 9.29 8.77 2/2352 12125
8.95 9.29 8.77 5/2352 12145
8.95 9.29 8.77 5/2352 12165
8.95 9.29 8.77 1/2352 12184
8.95 9.29 8.77 4/2352 12204
8.79 9.25 8.76 1/2352 12226
8.79 9.25 8.76 3/2352 12245
8.79 9.25 8.76 2/2352 12265
8.79 9.25 8.76 2/2352 12285
8.79 9.25 8.76 2/2352 12304
8.73 9.23 8.76 1/2352 12324
8.73 9.23 8.76 2/2352 12344
8.73 9.23 8.76 1/2352 12363
8.73 9.23 8.76 7/2352 12383
8.73 9.23 8.76 6/2352 12403
8.59 9.19 8.75 1/2352 12422
8.59 9.19 8.75 7/2352 12443
8.59 9.19 8.75 6/2352 12463
8.59 9.19 8.75 2/2352 12482
8.59 9.19 8.75 5/2352 12502
8.78 9.22 8.76 5/2352 12522
8.78 9.22 8.76 1/2352 12541
8.78 9.22 8.76 2/2352 12561
8.78 9.22 8.76 3/2352 12581
8.78 9.22 8.76 1/2352 12600
8.72 9.20 8.75 2/2352 12620
8.72 9.20 8.75 2/2352 12641
8.72 9.20 8.75 2/2352 12660
8.72 9.20 8.75 2/2352 12680
8.72 9.20 8.75 9/2352 12700
8.50 9.15 8.74 1/2352 12719
8.50 9.15 8.74 4/2352 12739
8.50 9.15 8.74 12/2353 12760
8.50 9.15 8.74 4/2353 12779
8.50 9.15 8.74 7/2353 12799
8.46 9.13 8.73 3/2353 12819
8.46 9.13 8.73 2/2353 12839
8.46 9.13 8.73 4/2353 12859
8.46 9.13 8.73 5/2353 12879
8.46 9.13 8.73 7/2353 12898
8.82 9.19 8.76 5/2353 12918
8.82 9.19 8.76 1/2353 12942
8.82 9.19 8.76 5/2353 12962
8.82 9.19 8.76 2/2353 12983
8.82 9.19 8.76 2/2353 13003
8.92 9.21 8.76 3/2353 13024
8.92 9.21 8.76 2/2353 13044
8.92 9.21 8.76 5/2353 13065
8.92 9.21 8.76 4/2353 13085
8.92 9.21 8.76 3/2353 13105
8.68 9.15 8.75 2/2353 13125
8.68 9.15 8.75 1/2353 13145
8.68 9.15 8.75 3/2353 13184
8.68 9.15 8.75 2/2353 13204
8.68 9.15 8.75 1/2353 13223
8.71 9.15 8.75 3/2353 13243
8.71 9.15 8.75 14/2353 13263
8.71 9.15 8.75 2/2353 13282
8.71 9.15 8.75 2/2353 13303
8.71 9.15 8.75 3/2353 13323
8.89 9.18 8.76 2/2353 13342
8.89 9.18 8.76 4/2353 13362
8.89 9.18 8.76 2/2353 13382
8.89 9.18 8.76 1/2354 13402
8.89 9.18 8.76 3/2354 13422
8.98 9.19 8.77 6/2354 13442
8.98 9.19 8.77 3/2354 13461
8.98 9.19 8.77 2/2355 13481
8.98 9.19 8.77 3/2354 13503
8.98 9.19 8.77 4/2354 13524
9.06 9.21 8.78 3/2355 13545
9.06 9.21 8.78 3/2355 13567
9.06 9.21 8.78 3/2355 13588
9.06 9.21 8.78 7/2354 13609
9.06 9.21 8.78 1/2354 13629
8.98 9.19 8.77 1/2354 13648
8.98 9.19 8.77 4/2354 13668
8.98 9.19 8.77 3/2354 13688
8.98 9.19 8.77 6/2353 13707
8.98 9.19 8.77 3/2353 13730
8.82 9.15 8.76 1/2353 13751
8.82 9.15 8.76 6/2353 13770
8.82 9.15 8.76 2/2353 13790
8.82 9.15 8.76 1/2352 13810
8.82 9.15 8.76 6/2352 13829
8.75 9.13 8.76 1/2352 13850
8.75 9.13 8.76 1/2352 13871
8.75 9.13 8.76 3/2352 13892
8.75 9.13 8.76 2/2352 13912
8.75 9.13 8.76 2/2352 13934
8.53 9.08 8.74 2/2352 13955
8.53 9.08 8.74 2/2352 13976
8.53 9.08 8.74 4/2352 13998
8.53 9.08 8.74 2/2352 14027
8.53 9.08 8.74 5/2352 14047
8.81 9.13 8.76 3/2352 14067
8.81 9.13 8.76 3/2352 14086
8.81 9.13 8.76 3/2353 14106
8.81 9.13 8.76 5/2352 14126
8.81 9.13 8.76 3/2352 14145
8.59 9.08 8.75 4/2352 14166
8.59 9.08 8.75 2/2352 14187
8.59 9.08 8.75 4/2352 14206
8.59 9.08 8.75 4/2352 14230
8.59 9.08 8.75 1/2352 14255
8.70 9.09 8.75 2/2358 14281
8.70 9.09 8.75 1/2358 14301
8.70 9.09 8.75 1/2359 14323
8.70 9.09 8.75 1/2358 14342
8.70 9.09 8.75 5/2358 14363
8.56 9.06 8.74 4/2358 14385
8.56 9.06 8.74 3/2358 14404
8.56 9.06 8.74 1/2358 14424
8.56 9.06 8.74 2/2359 14445
8.56 9.06 8.74 1/2359 14465
8.36 9.00 8.73 1/2359 14487
8.36 9.00 8.73 1/2359 14507
8.36 9.00 8.73 2/2360 14527
8.36 9.00 8.73 2/2360 14547
8.36 9.00 8.73 2/2360 14567
9.85 9.30 8.83 5/2356 14633
9.85 9.30 8.83 2/2361 14673
9.85 9.30 8.83 2/2359 14703
9.85 9.30 8.83 2/2329 14727
9.85 9.30 8.83 3/2326 14752
9.22 9.18 8.79 2/2322 14782
9.22 9.18 8.79 2/2322 14805
9.22 9.18 8.79 4/2322 14827
9.22 9.18 8.79 2/2322 14850
9.22 9.18 8.79 3/2315 14874
8.64 9.06 8.75 3/2315 14895
8.64 9.06 8.75 2/2315 14914
8.64 9.06 8.75 2/2315 14933
8.64 9.06 8.75 5/2315 14952
8.64 9.06 8.75 2/2315 14971
