5322.43 35012.97
5323.43 35019.44
5324.43 35026.04
5325.43 35032.85
5326.43 35039.52
5327.44 35045.91
5328.43 35052.74
5329.43 35059.36
5330.43 35065.89
5331.43 35072.64
5332.45 35079.28
5333.47 35086.13
5334.45 35092.75
5335.44 35099.31
5336.44 35105.05
5337.44 35108.68
5338.47 35112.14
5339.44 35116.04
5340.43 35119.13
5341.45 35123.22
5342.44 35127.55
5343.45 35131.49
5344.42 35135.88
5345.43 35139.51
5346.45 35143.66
5347.44 35147.14
5348.44 35151.13
5349.47 35154.36
5350.44 35158.70
5351.45 35164.28
5352.44 35169.87
5353.45 35174.83
5354.44 35179.93
5355.45 35185.60
5356.45 35190.73
5357.44 35196.00
5358.45 35201.53
5359.45 35206.72
5360.45 35212.37
5361.45 35218.00
5362.45 35223.71
5363.45 35229.26
5364.45 35234.94
5365.45 35240.59
5366.45 35246.19
5367.45 35251.84
5368.44 35257.49
5369.45 35262.50
5370.45 35268.23
5371.44 35273.23
5372.45 35278.95
5373.44 35284.65
5374.44 35289.68
5375.45 35295.20
5376.46 35300.99
5377.45 35305.84
5378.44 35311.15
5379.45 35316.83
5380.44 35321.84
5381.46 35327.59
5382.45 35333.17
5383.45 35338.43
5384.46 35343.85
5385.45 35349.57
5386.45 35354.76
5387.46 35360.38
5388.47 35366.26
5389.46 35372.24
5390.46 35377.99
5391.45 35383.96
5392.44 35389.97
5393.46 35396.35
5394.45 35402.30
5395.46 35408.33
5396.45 35414.36
5397.46 35420.39
5398.45 35426.51
5399.45 35432.95
5400.45 35438.93
5401.45 35445.25
5402.46 35451.58
5403.46 35457.98
5404.46 35464.22
5405.46 35470.41
5406.45 35476.36
5407.45 35482.47
5408.44 35488.36
5409.46 35494.48
5410.44 35500.08
5411.45 35506.08
5412.45 35512.06
5413.45 35517.75
5414.44 35523.42
5415.45 35529.42
5416.45 35534.68
5417.45 35540.04
5418.45 35546.08
5419.45 35551.88
5420.44 35557.71
5421.43 35563.47
5422.45 35569.25
5423.44 35574.20
5424.44 35580.04
5425.45 35586.17
5426.44 35592.40
5427.45 35598.49
5428.45 35604.44
5429.45 35610.31
5430.45 35616.37
5431.45 35622.49
5432.45 35628.63
5433.44 35634.75
5434.45 35640.87
5435.45 35647.07
5436.44 35653.02
5437.45 35659.12
5438.44 35664.90
5439.44 35670.77
5440.45 35676.40
5441.45 35681.92
5442.45 35687.31
5443.44 35692.60
5444.44 35698.07
5445.45 35703.66
5446.45 35709.30
5447.45 35714.73
5448.44 35720.15
5449.45 35725.13
5450.46 35729.39
5451.45 35734.43
5452.45 35739.27
5453.45 35744.34
5454.45 35749.54
5455.44 35754.38
5456.46 35759.67
5457.44 35764.69
5458.45 35770.14
5459.44 35775.28
5460.45 35780.57
5461.46 35785.87
5462.45 35791.20
5463.44 35796.21
5464.45 35801.68
5465.45 35806.93
5466.45 35812.20
5467.45 35817.60
5468.45 35823.11
5469.45 35828.61
5470.45 35834.30
5471.45 35839.68
5472.45 35845.10
5473.46 35850.70
5474.45 35856.32
5475.45 35861.76
5476.45 35867.02
5477.48 35872.93
5478.45 35878.26
5479.46 35883.68
5480.46 35888.94
5481.45 35894.63
5482.46 35899.81
5483.45 35905.22
5484.45 35910.64
5485.46 35916.15
5486.44 35921.87
5487.44 35927.44
5488.44 35933.17
5489.46 35938.65
5490.45 35944.24
5491.46 35949.65
5492.45 35955.26
5493.45 35960.50
5494.44 35966.04
5495.44 35971.57
5496.45 35977.30
5497.45 35982.52
5498.44 35988.17
5499.45 35993.87
5500.45 35999.41
5501.44 36004.94
5502.45 36010.68
5503.45 36016.48
5504.44 36022.21
5505.44 36028.19
5506.46 36034.01
5507.45 36039.82
5508.45 36045.82
5509.44 36051.86
5510.44 36058.01
5511.45 36064.40
5512.45 36070.53
5513.44 36076.10
5514.45 36082.48
5515.44 36088.07
5516.45 36094.46
5517.45 36100.70
5518.46 36107.14
5519.45 36113.39
5520.44 36119.57
5521.44 36125.64
5522.45 36131.83
5523.46 36137.96
5524.45 36143.35
5525.45 36149.10
5526.44 36155.29
5527.45 36161.51
5528.44 36167.54
5529.45 36173.67
5530.44 36179.59
5531.45 36185.77
5532.46 36191.82
5533.44 36197.45
5534.45 36203.58
5535.45 36209.62
5536.46 36215.77
5537.44 36221.55
5538.45 36227.76
5539.44 36233.62
5540.45 36239.47
5541.44 36245.36
5542.45 36251.01
5543.45 36256.85
5544.44 36262.59
5545.45 36268.56
5546.45 36274.52
5547.45 36280.59
5548.44 36286.68
5549.45 36293.00
5550.44 36299.05
5551.44 36305.17
5552.46 36311.53
5553.44 36317.55
5554.45 36323.84
5555.44 36329.96
5556.44 36336.02
5557.46 36342.12
5558.45 36348.21
5559.45 36354.24
5560.44 36360.26
5561.44 36366.05
5562.44 36371.82
5563.45 36377.40
5564.45 36383.02
5565.44 36388.45
5566.46 36394.08
5567.45 36399.48
5568.45 36404.91
5569.45 36410.35
5570.45 36415.39
5571.45 36420.79
5572.45 36425.45
5573.46 36430.47
5574.45 36435.51
5575.44 36440.54
5576.44 36445.58
5577.45 36450.52
5578.46 36455.76
5579.45 36460.87
5580.45 36466.17
5581.45 36471.48
5582.46 36476.58
5583.45 36481.86
5584.44 36487.14
5585.47 36492.71
5586.44 36497.67
5587.44 36502.67
5588.44 36507.81
5589.44 36513.07
5590.45 36518.14
5591.45 36523.15
5592.46 36528.26
5593.45 36533.04
5594.46 36538.25
5595.45 36543.71
5596.44 36549.19
5597.44 36554.43
5598.44 36559.80
5599.44 36565.32
5600.45 36570.89
5601.45 36576.63
5602.44 36581.68
5603.45 36586.88
5604.44 36592.47
5605.45 36597.89
5606.45 36602.96
5607.45 36608.81
5608.45 36614.65
5609.45 36620.17
5610.45 36625.89
5611.45 36631.43
5612.44 36637.18
5613.44 36642.98
5614.46 36649.00
5615.46 36654.72
5616.45 36660.65
5617.45 36666.34
5618.45 36672.16
5619.46 36678.03
5620.45 36683.65
5621.45 36689.43
5622.47 36695.33
5623.46 36701.19
5624.48 36707.10
5625.46 36712.80
5626.44 36718.57
5627.46 36724.39
5628.46 36729.96
5629.45 36735.97
5630.44 36741.93
5631.46 36748.00
5632.44 36754.04
5633.46 36759.58
5634.45 36765.84
5635.46 36771.38
5636.46 36777.00
5637.44 36783.15
5638.44 36789.24
5639.46 36795.55
5640.44 36801.71
5641.46 36807.90
5642.46 36814.06
5643.44 36820.12
5644.44 36826.58
5645.46 36832.73
5646.45 36839.07
5647.46 36845.30
5648.45 36851.00
5649.44 36856.80
5650.46 36862.27
5651.45 36868.32
5652.44 36874.24
5653.46 36880.12
5654.44 36886.01
5655.44 36892.09
5656.46 36898.16
5657.46 36904.35
5658.44 36910.38
5659.47 36916.83
5660.46 36922.87
5661.44 36929.02
5662.45 36935.20
5663.44 36941.19
5664.46 36947.15
5665.45 36952.99
5666.44 36958.93
5667.44 36964.80
5668.46 36971.04
5669.45 36977.08
5670.46 36983.39
5671.45 36989.49
5672.44 36995.55
5673.46 37001.90
5674.46 37008.16
5675.46 37014.32
5676.44 37020.50
5677.46 37026.94
5678.44 37032.48
5679.46 37038.81
5680.44 37044.27
5681.46 37049.86
5682.45 37055.60
5683.45 37061.41
5684.46 37067.04
5685.46 37072.62
5686.45 37077.77
5687.45 37083.05
5688.44 37088.54
5689.46 37094.26
5690.44 37099.71
5691.44 37105.27
5692.46 37110.91
5693.44 37116.16
5694.46 37121.62
5695.44 37126.67
5696.45 37132.00
5697.45 37137.28
5698.44 37142.39
5699.44 37147.74
5700.46 37153.21
5701.44 37157.89
5702.44 37162.91
5703.44 37168.25
5704.46 37173.30
5705.44 37178.04
5706.46 37183.59
5707.45 37188.48
5708.46 37193.92
5709.46 37199.44
5710.44 37204.48
5711.45 37209.93
5712.45 37215.36
5713.46 37220.50
5714.45 37225.75
5715.46 37231.33
5716.46 37236.91
5717.45 37242.42
5718.46 37248.11
5719.45 37252.99
5720.45 37258.59
5721.46 37264.14
5722.46 37269.30
5723.45 37275.03
5724.46 37280.86
5725.45 37286.51
5726.45 37292.24
5727.46 37298.21
5728.46 37303.93
5729.45 37309.76
5730.44 37315.36
5731.46 37321.20
5732.46 37327.04
5733.45 37332.96
5734.44 37338.60
5735.46 37343.73
5736.45 37349.68
5737.45 37354.93
5738.46 37360.98
5739.46 37366.56
5740.45 37372.32
5741.46 37378.25
5742.45 37383.79
5743.45 37389.65
5744.46 37395.68
5745.45 37401.50
5746.44 37407.11
5747.45 37412.91
5748.46 37418.56
5749.46 37424.18
5750.46 37429.75
5751.46 37435.49
5752.45 37441.43
5753.46 37447.43
5754.46 37453.76
5755.46 37459.94
5756.45 37466.17
5757.45 37472.39
5758.46 37478.56
5759.45 37484.78
5760.44 37490.85
5761.45 37497.13
5762.46 37503.53
5763.44 37509.66
5764.45 37514.93
5765.46 37520.20
5766.45 37526.37
5767.45 37531.98
5768.45 37537.98
5769.45 37543.25
5770.45 37549.44
5771.46 37555.66
5772.46 37561.72
5773.46 37567.66
5774.45 37572.93
5775.45 37578.95
5776.45 37584.55
5777.45 37590.33
5778.46 37595.86
5779.46 37601.03
5780.45 37606.35
5781.46 37612.00
5782.46 37617.06
5783.45 37622.41
5784.45 37628.12
5785.46 37633.90
5786.45 37639.33
5787.45 37644.83
5788.46 37650.59
5789.46 37656.04
5790.45 37661.65
5791.44 37667.19
5792.45 37673.41
5793.45 37679.43
5794.45 37685.50
5795.46 37691.18
5796.46 37697.32
5797.46 37703.13
5798.46 37708.68
5799.45 37714.05
5800.46 37720.22
5801.46 37726.25
5802.46 37732.07
5803.45 37737.68
5804.46 37743.21
5805.46 37749.03
5806.45 37754.42
5807.46 37759.73
5808.46 37765.22
5809.45 37770.43
5810.45 37775.75
5811.45 37781.23
5812.47 37786.85
5813.45 37792.15
5814.45 37797.50
5815.45 37802.74
5816.45 37807.90
5817.46 37813.27
5818.46 37818.33
5819.46 37823.44
5820.44 37828.62
5821.46 37833.99
5822.45 37838.82
5823.45 37844.21
5824.46 37849.56
5825.45 37854.80
5826.45 37859.98
5827.46 37865.31
5828.45 37870.45
5829.45 37875.66
5830.46 37880.91
5831.45 37886.00
5832.45 37891.13
5833.46 37896.28
5834.45 37901.56
5835.45 37907.06
5836.44 37912.37
5837.46 37917.53
5838.46 37922.95
5839.45 37927.94
5840.46 37933.02
5841.45 37938.18
5842.46 37943.93
5843.45 37949.47
5844.46 37955.04
5845.46 37960.49
5846.45 37965.37
5847.45 37970.54
5848.46 37975.25
5849.45 37979.98
5850.46 37985.76
5851.45 37991.53
5852.45 37997.34
5853.46 38003.12
5854.45 38008.77
5855.45 38014.39
5856.46 38020.20
5857.46 38025.97
5858.45 38031.74
5859.46 38037.54
5860.46 38043.09
5861.45 38048.71
5862.44 38054.19
5863.46 38059.96
5864.45 38065.35
5865.46 38071.31
5866.46 38076.97
5867.46 38082.62
5868.46 38088.28
5869.46 38093.91
5870.45 38099.42
5871.46 38104.89
5872.46 38110.11
5873.45 38115.14
5874.46 38121.20
5875.46 38127.15
5876.46 38133.30
5877.45 38139.30
5878.46 38145.46
5879.45 38151.53
5880.45 38157.74
5881.44 38163.85
5882.45 38170.07
5883.47 38176.46
5884.45 38182.46
5885.45 38188.89
5886.46 38195.06
5887.46 38201.16
5888.46 38207.32
5889.45 38213.45
5890.46 38219.64
5891.46 38225.85
5892.45 38232.14
5893.46 38238.16
5894.45 38244.16
5895.46 38249.94
5896.46 38255.49
5897.45 38261.10
5898.44 38267.06
5899.45 38272.72
5900.46 38278.95
5901.46 38285.20
5902.45 38291.18
5903.45 38296.67
5904.44 38302.50
5905.46 38308.21
5906.45 38314.40
5907.46 38320.29
5908.45 38325.85
5909.46 38331.56
5910.45 38337.50
5911.45 38343.44
5912.46 38349.37
5913.46 38355.36
5914.45 38361.30
5915.46 38367.32
5916.45 38373.37
5917.46 38379.56
5918.46 38385.59
5919.45 38391.23
5920.45 38396.93
5921.45 38402.75
5922.46 38408.45
5923.46 38414.28
5924.45 38419.91
5925.45 38425.43
5926.45 38430.92
5927.45 38436.24
5928.46 38441.40
5929.45 38446.57
5930.46 38451.80
5931.44 38457.17
5932.45 38462.47
5933.45 38467.21
5934.45 38472.61
5935.45 38477.66
5936.45 38482.54
5937.45 38487.73
5938.45 38492.94
5939.45 38498.13
5940.45 38503.38
5941.46 38508.18
5942.45 38513.40
5943.46 38518.64
5944.45 38523.85
5945.46 38529.17
5946.46 38534.61
5947.45 38539.94
5948.46 38545.40
5949.45 38550.67
5950.45 38556.02
5951.46 38561.57
5952.46 38566.99
5953.46 38572.01
5954.45 38576.82
5955.45 38582.36
5956.46 38587.98
5957.46 38593.28
5958.45 38598.76
5959.46 38604.22
5960.45 38609.20
5961.46 38614.75
5962.44 38620.23
5963.45 38625.38
5964.45 38630.58
5965.45 38636.27
5966.46 38641.96
5967.46 38647.73
5968.46 38653.41
5969.46 38659.16
5970.46 38664.84
5971.45 38670.46
5972.45 38675.70
5973.46 38681.59
5974.45 38686.93
5975.45 38691.79
5976.46 38697.48
5977.45 38703.06
5978.45 38708.21
5979.45 38713.78
5980.46 38719.48
5981.45 38724.56
5982.47 38730.46
5983.45 38735.64
5984.44 38741.25
5985.46 38746.87
5986.46 38752.74
5987.45 38758.58
5988.45 38764.56
5989.46 38770.34
5990.44 38775.90
5991.46 38781.62
5992.45 38787.16
5993.46 38792.98
5994.45 38798.94
5995.45 38804.76
5996.45 38810.85
5997.45 38817.08
5998.45 38823.13
5999.45 38829.51
6000.46 38834.96
6001.45 38841.03
6002.45 38847.31
6003.45 38853.47
6004.45 38859.58
6005.45 38864.60
6006.46 38870.42
6007.45 38875.91
6008.46 38882.01
6009.45 38888.08
6010.45 38894.31
6011.45 38900.22
6012.45 38906.17
6013.47 38912.02
6014.46 38918.02
6015.45 38924.12
6016.46 38930.34
6017.45 38936.10
6018.47 38942.53
6019.46 38948.60
6020.45 38954.62
6021.47 38960.74
6022.45 38966.63
6023.46 38972.84
6024.46 38979.00
6025.45 38985.08
6026.45 38990.80
6027.46 38996.90
6028.45 39002.92
6029.45 39007.97
6030.46 39013.48
6031.46 39019.08
6032.47 39024.77
6033.46 39030.65
6034.45 39036.81
6035.46 39043.21
6036.46 39049.47
6037.45 39055.17
6038.47 39060.56
6039.45 39066.55
6040.44 39072.69
6041.46 39079.09
6042.45 39085.19
6043.45 39091.21
6044.46 39097.44
6045.45 39103.59
6046.44 39109.47
6047.46 39115.52
6048.45 39121.18
6049.44 39126.86
6050.47 39132.58
6051.45 39138.03
6052.47 39143.59
6053.45 39148.92
6054.45 39154.39
6055.46 39160.00
6056.46 39165.56
6057.45 39171.04
6058.47 39176.34
6059.45 39181.59
6060.45 39186.41
6061.44 39191.33
6062.47 39196.55
6063.45 39201.37
6064.46 39206.52
6065.44 39211.11
6066.45 39216.48
6067.47 39221.40
6068.46 39225.75
6069.45 39230.79
6070.46 39236.14
6071.46 39241.45
6072.44 39246.74
6073.47 39251.78
6074.47 39256.51
6075.46 39261.70
6076.46 39266.57
6077.46 39270.88
6078.46 39275.88
6079.46 39280.78
6080.47 39286.19
6081.45 39291.60
6082.47 39297.01
6083.46 39301.79
6084.46 39306.98
6085.45 39311.95
6086.45 39317.12
6087.45 39322.91
6088.45 39328.09
6089.47 39333.19
6090.46 39338.93
6091.45 39344.59
6092.45 39350.43
6093.45 39356.15
6094.46 39361.71
6095.47 39367.49
6096.45 39373.19
6097.46 39378.46
6098.46 39383.85
6099.46 39389.67
6100.47 39394.98
6101.47 39400.57
6102.46 39406.13
6103.45 39411.73
6104.46 39417.44
6105.45 39423.04
6106.47 39428.92
6107.46 39434.65
6108.45 39440.43
6109.47 39446.21
6110.46 39451.41
6111.46 39457.00
6112.46 39462.34
6113.46 39467.96
6114.46 39473.43
6115.46 39479.15
6116.46 39484.15
6117.46 39490.05
6118.47 39495.68
6119.46 39501.59
6120.46 39507.51
6121.45 39513.69
6122.46 39519.88
6123.46 39525.32
6124.47 39531.32
6125.46 39537.33
6126.46 39543.34
6127.46 39549.38
6128.45 39555.36
6129.46 39561.68
6130.46 39567.80
6131.45 39573.71
6132.46 39579.87
6133.47 39586.11
6134.46 39591.75
6135.46 39597.99
6136.46 39603.59
6137.46 39609.37
6138.46 39615.48
6139.46 39621.36
6140.45 39627.51
6141.46 39633.61
6142.46 39639.76
6143.45 39645.71
6144.47 39652.06
6145.46 39658.23
6146.46 39664.35
6147.47 39670.69
6148.46 39676.76
6149.46 39682.85
6150.46 39688.84
6151.46 39694.61
6152.47 39700.18
6153.46 39705.62
6154.46 39710.89
6155.45 39715.88
6156.47 39721.60
6157.46 39726.99
6158.46 39732.64
6159.45 39738.10
6160.46 39744.08
6161.46 39749.89
6162.46 39755.69
6163.46 39761.78
6164.46 39767.49
6165.47 39773.78
6166.46 39779.31
6167.46 39784.96
6168.46 39790.84
6169.45 39796.74
6170.46 39802.41
6171.45 39807.94
6172.46 39813.76
6173.46 39819.33
6174.46 39825.02
6175.46 39830.49
6176.46 39835.77
6177.46 39840.88
6178.46 39846.29
6179.46 39851.71
6180.46 39857.11
6181.47 39862.58
6182.46 39867.30
6183.46 39872.40
6184.46 39877.39
6185.46 39882.54
6186.46 39887.87
6187.46 39893.24
6188.46 39898.43
6189.46 39903.53
6190.47 39908.75
6191.47 39914.09
6192.46 39919.48
6193.47 39924.59
6194.46 39929.67
6195.46 39935.02
6196.47 39940.16
6197.46 39944.96
6198.46 39950.37
6199.47 39955.85
6200.46 39961.18
6201.46 39966.70
6202.47 39972.13
6203.48 39977.66
6204.47 39983.29
6205.45 39988.71
6206.46 39994.11
6207.46 39999.53
6208.48 40005.20
6209.46 40010.60
6210.47 40016.33
6211.46 40021.86
6212.46 40027.48
6213.46 40033.42
6214.48 40039.35
6215.47 40044.62
6216.47 40050.47
6217.46 40055.97
6218.46 40061.75
6219.48 40067.70
6220.46 40073.52
6221.46 40079.54
6222.47 40085.43
6223.46 40091.23
6224.46 40096.75
6225.47 40102.58
6226.46 40107.90
6227.46 40113.49
6228.46 40119.30
6229.46 40124.97
6230.46 40130.67
6231.46 40136.50
6232.46 40142.20
6233.46 40147.93
6234.47 40153.84
6235.46 40159.55
6236.46 40165.30
6237.46 40171.07
6238.46 40176.92
6239.45 40182.84
6240.46 40188.90
6241.46 40194.94
6242.47 40201.02
6243.46 40207.25
6244.46 40213.35
6245.46 40218.96
6246.46 40225.13
6247.47 40231.37
6248.46 40237.52
6249.46 40243.77
6250.45 40250.02
6251.46 40256.22
6252.46 40262.36
6253.45 40268.59
6254.46 40274.33
6255.45 40280.15
6256.46 40286.22
6257.46 40291.76
6258.46 40297.83
6259.46 40303.93
6260.46 40309.97
6261.45 40316.00
6262.47 40322.05
6263.46 40328.15
6264.47 40334.44
6265.48 40340.75
6266.46 40346.65
6267.47 40352.54
6268.47 40358.43
6269.46 40363.93
6270.46 40369.84
6271.46 40376.17
6272.47 40382.36
6273.46 40388.22
6274.46 40394.12
6275.46 40399.70
6276.46 40405.47
6277.46 40411.58
6278.46 40417.51
6279.46 40423.16
6280.46 40429.38
6281.46 40435.52
6282.46 40441.86
6283.46 40447.97
6284.46 40453.98
6285.46 40460.32
6286.47 40466.77
6287.46 40472.95
6288.46 40479.16
6289.46 40485.32
6290.47 40491.25
6291.46 40497.14
6292.46 40503.05
6293.46 40508.66
6294.46 40514.22
6295.47 40519.85
6296.46 40525.15
6297.46 40530.73
6298.46 40535.69
6299.46 40540.38
6300.46 40545.41
6301.46 40550.62
6302.46 40555.96
6303.46 40561.23
6304.46 40566.23
6305.48 40571.63
6306.46 40576.71
6307.46 40581.70
6308.46 40586.84
6309.47 40592.26
6310.46 40597.44
6311.46 40602.74
6312.46 40607.82
6313.47 40612.94
6314.46 40618.11
6315.46 40623.40
6316.46 40628.74
6317.46 40633.92
6318.47 40639.31
6319.46 40644.51
6320.46 40649.76
6321.46 40655.13
6322.46 40660.31
6323.46 40665.20
6324.47 40670.41
6325.46 40675.50
6326.46 40680.82
6327.47 40686.16
6328.46 40691.18
6329.46 40695.89
6330.46 40701.11
6331.46 40706.24
6332.46 40711.47
6333.47 40716.99
6334.46 40722.50
6335.46 40728.09
6336.46 40733.87
6337.46 40739.54
6338.47 40745.24
6339.46 40750.73
6340.45 40756.05
6341.47 40761.31
6342.46 40766.52
6343.46 40771.75
6344.46 40776.68
6345.46 40781.66
6346.46 40786.67
6347.47 40791.75
6348.46 40797.03
6349.46 40802.92
6350.46 40808.39
6351.45 40814.09
6352.46 40820.01
6353.46 40825.91
6354.46 40831.58
6355.46 40836.89
6356.46 40842.23
6357.46 40847.81
6358.46 40853.05
6359.46 40858.12
6360.48 40863.51
6361.46 40869.01
6362.46 40874.44
6363.46 40880.45
6364.46 40886.62
6365.46 40892.60
6366.48 40898.76
6367.46 40904.71
6368.46 40910.87
6369.49 40917.31
6370.46 40923.55
6371.46 40929.82
6372.46 40936.07
6373.47 40942.30
6374.46 40948.27
6375.46 40954.77
6376.46 40961.25
6377.46 40967.69
6378.47 40974.08
6379.46 40979.95
6380.46 40985.68
6381.46 40991.77
6382.46 40997.58
6383.47 41002.82
6384.46 41008.66
6385.45 41014.48
6386.46 41020.44
6387.46 41026.53
6388.48 41032.83
6389.46 41038.76
6390.46 41044.92
6391.46 41050.79
6392.46 41056.20
6393.47 41062.29
6394.45 41068.03
6395.46 41073.90
6396.46 41079.80
6397.46 41085.57
6398.48 41091.35
6399.45 41096.50
6400.45 41101.72
6401.47 41107.77
6402.46 41113.41
6403.45 41119.33
6404.46 41125.59
6405.46 41131.58
6406.48 41137.69
6407.47 41143.73
6408.45 41149.78
6409.46 41156.11
6410.45 41162.25
6411.45 41168.34
6412.47 41174.36
6413.46 41180.24
6414.46 41186.09
6415.46 41191.53
6416.46 41197.07
6417.45 41202.55
6418.47 41208.15
6419.46 41213.81
6420.45 41219.39
6421.47 41224.83
6422.46 41229.92
6423.45 41235.11
6424.47 41240.30
6425.46 41244.88
6426.47 41250.19
6427.46 41255.37
6428.45 41260.52
6429.46 41265.48
6430.46 41270.26
6431.46 41274.99
6432.46 41280.11
6433.46 41285.34
6434.47 41290.71
6435.46 41295.79
6436.46 41301.15
6437.46 41306.46
6438.46 41311.85
6439.47 41317.03
6440.46 41322.24
6441.47 41327.40
6442.46 41332.64
6443.46 41337.97
6444.46 41343.55
6445.45 41348.50
6446.48 41353.59
6447.47 41358.82
6448.46 41364.13
6449.46 41369.42
6450.45 41374.47
6451.48 41380.01
6452.46 41385.33
6453.46 41390.92
6454.46 41396.54
6455.46 41402.27
6456.47 41407.87
6457.45 41413.24
6458.45 41418.99
6459.47 41424.86
6460.50 41430.77
6461.46 41435.89
6462.46 41441.26
6463.48 41446.60
6464.46 41451.92
6465.46 41457.71
6466.46 41463.21
6467.45 41468.61
6468.45 41474.39
6469.47 41480.37
6470.46 41486.21
6471.46 41492.00
6472.46 41497.73
6473.46 41503.42
6474.47 41509.34
6475.46 41515.12
6476.46 41520.77
6477.45 41526.55
6478.47 41532.28
6479.47 41537.91
6480.46 41543.68
6481.46 41549.41
6482.47 41555.23
6483.47 41561.21
6484.47 41567.21
6485.46 41573.17
6486.45 41579.13
6487.47 41585.42
6488.46 41591.36
6489.45 41597.23
6490.46 41603.42
6491.46 41608.89
6492.46 41614.47
6493.47 41620.30
6494.46 41625.87
6495.47 41631.86
6496.47 41638.07
6497.48 41644.02
6498.47 41650.18
6499.46 41656.30
6500.46 41662.45
6501.47 41668.70
6502.46 41674.79
6503.48 41680.87
6504.47 41686.81
6505.46 41692.72
6506.47 41698.87
6507.45 41704.79
6508.45 41710.80
6509.47 41716.95
6510.46 41722.96
6511.48 41729.14
6512.47 41735.09
6513.48 41741.13
6514.49 41747.41
6515.45 41753.24
6516.46 41759.20
6517.47 41764.87
6518.47 41770.62
6519.46 41776.63
6520.48 41782.39
6521.46 41788.01
6522.46 41793.63
6523.46 41799.36
6524.47 41804.82
6525.46 41810.57
6526.48 41816.80
6527.46 41822.53
6528.47 41828.21
6529.47 41833.76
6530.46 41839.37
6531.48 41845.11
6532.47 41850.55
6533.46 41856.24
6534.46 41861.48
6535.46 41866.89
6536.47 41872.33
6537.47 41877.76
6538.45 41882.86
6539.46 41888.22
6540.46 41893.56
6541.47 41898.89
6542.47 41904.15
6543.47 41909.56
6544.46 41914.76
6545.48 41919.99
6546.47 41925.05
6547.46 41929.93
6548.46 41934.43
6549.48 41939.38
6550.46 41944.49
6551.47 41949.61
6552.47 41954.43
6553.47 41959.54
6554.47 41964.34
6555.46 41969.20
6556.46 41974.02
6557.47 41978.66
6558.46 41983.69
6559.47 41988.70
6560.47 41993.95
6561.47 41999.08
6562.47 42004.18
6563.46 42009.57
6564.47 42014.76
6565.47 42019.97
6566.47 42025.39
6567.47 42030.51
6568.47 42035.75
6569.47 42041.12
6570.47 42045.82
6571.46 42050.97
6572.47 42056.19
6573.46 42061.72
6574.47 42067.38
6575.47 42072.78
6576.46 42078.22
6577.47 42084.00
6578.47 42089.77
6579.47 42095.57
6580.47 42101.32
6581.47 42107.06
6582.46 42112.63
6583.47 42118.33
6584.47 42123.76
6585.47 42129.18
6586.47 42134.71
6587.47 42140.18
6588.47 42145.84
6589.48 42151.67
6590.46 42157.30
6591.47 42163.10
6592.47 42168.87
6593.48 42174.80
6594.47 42180.42
6595.47 42186.11
6596.47 42191.94
6597.47 42197.69
6598.47 42203.20
6599.46 42208.86
6600.46 42214.59
6601.46 42219.62
6602.47 42225.52
6603.48 42231.09
6604.46 42236.71
6605.46 42242.65
6606.47 42248.65
6607.47 42254.71
6608.46 42260.72
6609.46 42266.96
6610.47 42273.27
6611.46 42279.22
6612.46 42285.08
6613.48 42291.53
6614.47 42297.20
6615.47 42302.93
6616.48 42308.82
6617.47 42314.19
6618.47 42320.18
6619.46 42326.31
6620.47 42332.69
6621.47 42338.99
6622.46 42345.19
6623.48 42351.46
6624.47 42357.76
6625.46 42363.89
6626.46 42369.95
6627.47 42376.32
6628.46 42382.56
6629.47 42388.98
6630.47 42395.19
6631.46 42401.39
6632.47 42407.68
6633.47 42413.97
6634.47 42420.11
6635.48 42426.47
6636.47 42432.69
6637.47 42438.87
6638.47 42444.78
6639.46 42450.62
6640.47 42456.65
6641.47 42462.70
6642.47 42468.84
6643.48 42475.19
6644.47 42481.28
6645.46 42487.47
6646.47 42493.49
6647.46 42498.88
6648.48 42504.92
6649.47 42510.81
6650.46 42516.38
6651.46 42522.56
6652.47 42528.73
6653.46 42534.87
6654.47 42540.72
6655.47 42546.64
6656.47 42552.53
6657.46 42558.25
6658.46 42563.89
6659.46 42569.27
6660.47 42574.89
6661.47 42580.60
6662.46 42586.06
6663.47 42591.40
6664.46 42596.81
6665.46 42602.38
6666.47 42607.79
6667.46 42613.25
6668.47 42618.69
6669.47 42624.07
6670.47 42629.29
6671.47 42634.58
6672.47 42639.79
6673.47 42644.71
6674.46 42649.74
6675.46 42655.10
6676.47 42660.27
6677.47 42665.02
6678.47 42669.75
6679.46 42674.73
6680.46 42679.52
6681.47 42684.84
6682.47 42690.18
6683.47 42695.67
6684.47 42700.92
6685.47 42706.15
6686.46 42711.73
6687.47 42717.24
6688.47 42722.76
6689.47 42728.17
6690.46 42733.42
6691.47 42738.96
6692.46 42744.49
6693.47 42749.80
6694.47 42755.16
6695.47 42760.58
6696.47 42766.21
6697.47 42771.83
6698.47 42777.58
6699.47 42783.44
6700.48 42789.19
6701.47 42794.90
6702.46 42800.76
6703.47 42806.76
6704.47 42812.64
6705.47 42818.52
6706.46 42824.45
6707.46 42829.89
6708.47 42835.55
6709.46 42840.90
6710.46 42845.98
6711.47 42851.55
6712.46 42857.44
6713.46 42863.29
6714.47 42869.20
6715.46 42874.64
6716.46 42879.92
6717.47 42885.28
6718.46 42890.74
6719.46 42896.50
6720.47 42902.23
6721.46 42908.03
6722.47 42913.85
6723.46 42919.32
6724.47 42925.16
6725.47 42930.83
6726.46 42936.60
6727.47 42942.51
6728.47 42948.45
6729.46 42954.24
6730.47 42960.31
6731.46 42966.24
6732.47 42972.68
6733.46 42978.78
6734.47 42985.03
6735.47 42991.28
6736.46 42997.43
6737.46 43003.45
6738.46 43009.86
6739.46 43015.74
6740.47 43021.23
6741.47 43027.01
6742.47 43033.07
6743.46 43038.86
6744.47 43045.03
6745.47 43050.71
6746.46 43056.54
6747.47 43062.61
6748.47 43068.82
6749.47 43074.91
6750.46 43080.91
6751.48 43087.31
6752.47 43093.14
6753.48 43099.47
6754.46 43105.43
6755.46 43111.68
6756.46 43117.72
6757.46 43123.64
6758.46 43129.48
6759.47 43135.46
6760.46 43141.15
6761.48 43146.14
6762.47 43151.22
6763.47 43157.31
6764.48 43163.49
6765.47 43169.40
6766.47 43175.60
6767.47 43181.79
6768.47 43187.92
6769.47 43194.03
6770.47 43200.09
6771.46 43205.86
6772.47 43212.02
6773.47 43218.22
6774.46 43224.22
6775.48 43230.39
6776.47 43236.40
6777.47 43242.52
6778.46 43248.13
6779.48 43254.03
6780.46 43259.63
6781.47 43265.35
6782.47 43270.81
6783.46 43276.22
6784.46 43281.68
6785.46 43287.18
6786.47 43292.61
6787.47 43297.98
6788.46 43303.23
6789.47 43308.62
6790.46 43313.72
6791.47 43318.26
6792.46 43323.17
6793.46 43328.09
6794.47 43333.12
6795.48 43338.27
6796.46 43343.31
6797.48 43348.44
6798.46 43353.60
6799.47 43358.82
6800.47 43364.07
6801.47 43369.45
6802.47 43374.89
6803.47 43380.16
6804.47 43385.46
6805.47 43390.66
6806.46 43394.97
6807.47 43400.32
6808.46 43405.67
6809.47 43411.03
6810.47 43416.29
6811.46 43421.43
6812.46 43426.84
6813.46 43432.17
6814.46 43437.64
6815.47 43442.98
6816.46 43448.31
6817.47 43453.83
6818.48 43459.38
6819.47 43464.96
6820.46 43470.66
6821.47 43476.01
6822.46 43481.31
6823.46 43486.65
6824.48 43491.96
6825.46 43497.45
6826.46 43503.19
6827.46 43509.04
6828.47 43514.85
6829.46 43520.67
6830.48 43526.54
6831.47 43532.22
6832.48 43538.01
6833.47 43543.72
6834.47 43549.45
6835.48 43555.48
6836.46 43561.24
6837.46 43567.04
6838.48 43572.84
6839.47 43578.68
6840.46 43584.31
6841.46 43589.91
6842.48 43595.80
6843.46 43601.43
6844.48 43607.25
6845.47 43612.68
6846.46 43618.33
6847.48 43624.01
6848.47 43629.88
6849.46 43635.76
6850.46 43641.86
6851.48 43647.68
6852.47 43653.38
6853.48 43659.39
6854.48 43664.39
6855.48 43670.17
6856.48 43676.34
6857.47 43682.50
6858.46 43688.70
6859.48 43695.18
6860.47 43701.41
6861.46 43707.54
6862.48 43714.07
6863.48 43720.17
6864.46 43726.26
6865.46 43732.40
6866.47 43738.26
6867.47 43743.85
6868.46 43749.68
6869.48 43755.89
6870.46 43762.10
6871.48 43768.19
6872.46 43774.04
6873.47 43780.18
6874.46 43786.44
6875.48 43792.64
6876.46 43798.60
6877.48 43804.94
6878.48 43811.12
6879.46 43817.02
6880.48 43823.49
6881.47 43829.30
6882.46 43835.17
6883.46 43840.96
6884.49 43846.05
6885.47 43851.37
6886.49 43857.26
6887.47 43863.32
6888.48 43869.48
6889.46 43875.11
6890.48 43880.80
6891.46 43886.70
6892.46 43892.77
6893.46 43898.97
6894.48 43905.16
6895.47 43911.00
6896.46 43916.89
6897.48 43923.12
6898.47 43929.05
6899.47 43934.50
6900.48 43939.74
6901.47 43945.25
6902.48 43950.55
6903.47 43955.49
6904.46 43960.51
6905.46 43965.43
6906.48 43970.68
6907.47 43975.58
6908.46 43980.69
6909.48 43985.70
6910.47 43990.57
6911.47 43995.45
6912.48 44000.08
6913.48 44004.97
6914.48 44009.16
6915.47 44013.84
6916.46 44018.65
6917.48 44023.29
6918.48 44028.49
6919.48 44033.92
6920.47 44039.29
6921.47 44044.58
6922.48 44049.82
6923.46 44054.76
6924.48 44060.29
6925.47 44065.52
6926.48 44070.71
6927.48 44076.02
6928.48 44081.33
6929.46 44086.28
6930.48 44091.45
6931.48 44096.04
6932.47 44101.40
6933.47 44106.97
6934.48 44112.79
6935.47 44118.25
6936.48 44123.79
6937.48 44129.17
6938.47 44134.18
6939.47 44139.47
6940.46 44144.77
6941.48 44150.54
6942.47 44156.31
6943.48 44161.44
6944.48 44166.76
6945.48 44172.12
6946.48 44177.70
6947.47 44182.53
6948.48 44187.64
6949.48 44192.65
6950.48 44197.98
6951.46 44203.57
6952.47 44209.52
6953.48 44215.41
6954.48 44221.10
6955.48 44226.76
6956.47 44232.44
6957.48 44238.32
6958.47 44244.00
6959.48 44249.31
6960.48 44254.82
6961.48 44260.48
6962.46 44266.14
6963.48 44271.83
6964.48 44277.43
6965.47 44282.88
6966.48 44288.48
6967.48 44293.97
6968.48 44299.66
6969.47 44305.50
6970.47 44311.44
6971.47 44317.27
6972.47 44323.18
6973.48 44328.90
6974.48 44334.83
6975.47 44341.05
6976.48 44347.11
6977.47 44352.06
6978.46 44357.31
6979.49 44363.66
6980.47 44368.75
6981.47 44374.12
6982.48 44380.16
6983.48 44386.44
6984.47 44392.59
6985.48 44398.93
6986.47 44404.99
6987.47 44411.15
6988.48 44417.20
6989.48 44423.25
6990.46 44429.31
6991.47 44435.40
6992.48 44441.62
6993.47 44447.72
6994.48 44453.95
6995.48 44460.01
6996.48 44466.18
6997.47 44472.28
6998.47 44478.51
6999.48 44484.65
7000.48 44490.98
7001.46 44497.09
7002.47 44503.44
7003.47 44509.14
7004.48 44515.08
7005.47 44521.11
7006.47 44526.92
7007.48 44532.75
7008.48 44538.16
7009.47 44544.18
7010.48 44549.64
7011.48 44555.10
7012.47 44561.23
7013.47 44567.32
7014.48 44572.57
7015.48 44578.79
7016.48 44584.80
7017.47 44590.94
7018.47 44596.93
7019.46 44602.55
7020.48 44608.50
7021.47 44614.28
7022.47 44620.11
7023.47 44625.57
7024.47 44630.89
7025.48 44635.63
7026.48 44640.90
7027.47 44646.30
7028.48 44651.72
7029.48 44656.83
7030.47 44661.86
7031.47 44666.92
7032.48 44672.39
7033.48 44677.66
7034.47 44682.52
7035.48 44687.75
7036.48 44692.48
7037.46 44697.20
7038.47 44702.49
7039.47 44707.77
7040.47 44712.32
7041.48 44717.11
7042.48 44722.09
7043.48 44726.54
7044.47 44731.51
7045.47 44736.95
7046.48 44742.33
7047.46 44747.46
7048.48 44752.71
7049.48 44757.85
7050.48 44763.16
7051.48 44768.30
7052.47 44773.43
7053.47 44778.46
7054.47 44783.66
7055.49 44788.98
7056.48 44793.95
7057.47 44798.74
7058.47 44804.01
7059.48 44809.35
7060.48 44814.91
7061.47 44820.37
7062.49 44826.15
7063.48 44831.86
7064.47 44837.59
7065.48 44843.25
7066.48 44848.81
7067.48 44854.57
7068.47 44860.23
7069.48 44865.94
7070.48 44871.39
7071.47 44876.55
7072.48 44882.41
7073.48 44887.22
7074.48 44892.45
7075.48 44898.13
7076.48 44903.64
7077.47 44909.03
7078.48 44914.37
7079.47 44919.86
7080.47 44925.71
7081.48 44931.41
7082.48 44937.30
7083.47 44943.03
7084.48 44948.86
7085.47 44954.26
7086.48 44959.09
7087.48 44964.53
7088.48 44970.18
7089.48 44975.77
7090.48 44981.41
7091.48 44987.09
7092.48 44992.54
7093.48 44998.25
7094.48 45004.03
7095.47 45009.98
7096.48 45016.11
7097.48 45022.14
7098.47 45028.15
7099.47 45034.45
7100.48 45040.55
7101.47 45046.61
7102.48 45052.89
7103.48 45058.07
7104.48 45063.38
7105.48 45069.46
7106.48 45074.93
7107.47 45081.09
7108.48 45087.25
7109.48 45093.27
7110.47 45099.27
7111.47 45105.46
7112.47 45111.50
7113.47 45117.73
7114.48 45123.89
7115.48 45129.70
7116.47 45135.10
7117.47 45141.29
7118.47 45147.37
7119.46 45153.48
7120.48 45159.74
7121.48 45165.81
7122.48 45171.78
7123.48 45177.98
7124.47 45184.03
7125.48 45189.79
7126.47 45195.29
7127.47 45200.78
7128.48 45206.93
7129.47 45212.83
7130.46 45218.70
7131.47 45224.72
7132.47 45230.87
7133.47 45236.85
7134.48 45242.44
7135.47 45248.51
7136.47 45253.75
7137.47 45258.78
7138.47 45264.80
7139.48 45270.67
7140.47 45276.71
7141.47 45282.60
7142.46 45288.37
7143.47 45294.20
7144.48 45300.02
7145.48 45305.43
7146.47 45311.00
7147.47 45316.55
7148.47 45322.03
7149.47 45327.49
7150.48 45332.90
7151.47 45338.24
7152.47 45343.67
7153.47 45349.10
7154.46 45354.26
7155.47 45359.75
7156.47 45364.97
7157.47 45370.02
7158.48 45375.26
7159.47 45380.61
7160.47 45385.80
7161.48 45391.08
7162.48 45396.43
7163.47 45401.72
7164.48 45407.12
7165.47 45412.60
7166.47 45417.28
7167.48 45422.09
7168.47 45427.35
7169.47 45432.17
7170.47 45437.56
7171.47 45442.73
7172.48 45448.12
7173.48 45453.55
7174.48 45458.63
7175.47 45463.98
7176.48 45469.43
7177.47 45475.04
7178.48 45480.60
7179.48 45486.05
7180.47 45491.42
7181.47 45496.81
7182.48 45502.29
7183.48 45507.68
7184.48 45513.36
7185.47 45518.97
7186.47 45524.59
7187.47 45530.05
7188.48 45535.70
7189.48 45541.29
7190.48 45546.87
7191.47 45552.13
7192.47 45557.59
7193.50 45563.38
7194.48 45569.17
7195.47 45574.79
7196.48 45580.47
7197.46 45585.44
7198.48 45591.37
7199.47 45596.51
7200.48 45601.61
7201.47 45606.83
7202.47 45612.27
7203.48 45617.87
7204.48 45623.27
7205.48 45629.07
7206.47 45634.68
7207.48 45640.15
7208.46 45644.91
7209.47 45650.90
7210.47 45656.52
7211.47 45662.29
7212.47 45668.39
7213.48 45674.06
7214.48 45679.94
7215.47 45686.09
7216.49 45692.35
7217.48 45698.58
7218.47 45704.71
7219.48 45711.20
7220.48 45717.36
7221.47 45723.43
7222.46 45729.70
7223.48 45736.25
7224.47 45742.39
7225.48 45748.81
7226.47 45755.21
7227.47 45761.56
7228.48 45768.03
7229.47 45773.55
7230.47 45778.92
7231.46 45785.04
7232.47 45790.51
7233.46 45796.64
7234.47 45802.75
7235.46 45808.81
7236.47 45814.80
7237.47 45820.95
7238.47 45827.04
7239.47 45832.91
7240.46 45838.60
7241.47 45844.87
7242.46 45850.32
7243.46 45856.76
7244.47 45862.99
7245.46 45869.50
7246.46 45875.97
7247.47 45882.35
7248.46 45888.51
7249.46 45894.79
7250.46 45901.22
7251.47 45907.70
7252.46 45914.11
7253.48 45920.71
7254.46 45926.03
7255.46 45930.43
7256.46 45936.17
7257.46 45942.33
7258.47 45948.91
7259.46 45955.36
7260.46 45961.77
7261.46 45968.34
7262.47 45974.81
7263.46 45981.39
7264.46 45988.01
7265.47 45994.62
7266.46 46000.85
7267.47 46007.83
7268.46 46014.12
7269.47 46021.01
