9.79 6.30 5.75 2/2245 8561
9.81 6.36 5.77 2/2245 8580
9.81 6.36 5.77 1/2243 8600
9.81 6.36 5.77 8/2243 8620
9.81 6.36 5.77 4/2243 8639
9.81 6.36 5.77 9/2243 8658
9.66 6.39 5.78 9/2243 8678
9.66 6.39 5.78 13/2243 8697
9.66 6.39 5.78 7/2243 8717
9.66 6.39 5.78 2/2242 8736
9.66 6.39 5.78 4/2242 8755
9.53 6.41 5.79 6/2242 8777
9.53 6.41 5.79 3/2242 8796
9.53 6.41 5.79 2/2244 8827
9.53 6.41 5.79 10/2245 8847
9.53 6.41 5.79 4/2243 8867
9.40 6.44 5.80 12/2243 8886
9.40 6.44 5.80 3/2243 8905
9.40 6.44 5.80 1/2243 8925
9.40 6.44 5.80 4/2243 8944
9.40 6.44 5.80 7/2243 8963
10.09 6.63 5.87 4/2243 8982
10.09 6.63 5.87 5/2243 9002
10.09 6.63 5.87 1/2243 9022
10.09 6.63 5.87 3/2243 9041
10.09 6.63 5.87 4/2243 9060
9.76 6.62 5.87 3/2243 9079
9.76 6.62 5.87 6/2243 9098
9.76 6.62 5.87 11/2243 9118
9.76 6.62 5.87 4/2243 9137
9.76 6.62 5.87 5/2243 9156
9.54 6.63 5.88 3/2243 9175
9.54 6.63 5.88 3/2243 9194
9.54 6.63 5.88 6/2243 9215
9.54 6.63 5.88 8/2243 9234
9.54 6.63 5.88 4/2243 9253
10.14 6.80 5.94 6/2243 9272
10.14 6.80 5.94 5/2246 9303
10.14 6.80 5.94 2/2248 9325
10.14 6.80 5.94 4/2240 9344
10.14 6.80 5.94 1/2239 9363
10.21 6.87 5.97 5/2238 9382
10.21 6.87 5.97 7/2238 9402
10.21 6.87 5.97 5/2238 9422
10.21 6.87 5.97 1/2238 9442
10.21 6.87 5.97 3/2231 9461
9.87 6.86 5.97 3/2231 9480
9.87 6.86 5.97 3/2231 9500
9.87 6.86 5.97 4/2231 9519
9.87 6.86 5.97 3/2231 9538
9.87 6.86 5.97 3/2230 9559
9.88 6.91 5.99 2/2228 9581
9.88 6.91 5.99 3/2228 9601
9.88 6.91 5.99 3/2228 9620
9.88 6.91 5.99 7/2228 9641
9.88 6.91 5.99 7/2228 9660
9.89 6.96 6.01 3/2228 9679
9.89 6.96 6.01 10/2228 9700
9.89 6.96 6.01 4/2228 9719
9.89 6.96 6.01 3/2228 9738
9.89 6.96 6.01 9/2227 9760
10.30 7.09 6.06 5/2228 9780
10.30 7.09 6.06 3/2228 9800
10.30 7.09 6.06 10/2228 9820
10.30 7.09 6.06 4/2228 9839
10.30 7.09 6.06 2/2228 9859
10.04 7.09 6.06 3/2228 9879
10.04 7.09 6.06 5/2228 9899
10.04 7.09 6.06 5/2228 9918
10.04 7.09 6.06 5/2228 9938
10.04 7.09 6.06 2/2226 9957
10.11 7.16 6.09 2/2226 9976
10.11 7.16 6.09 4/2226 9997
10.11 7.16 6.09 1/2226 10016
10.11 7.16 6.09 2/2225 10035
10.11 7.16 6.09 2/2225 10055
10.51 7.29 6.14 3/2225 10075
10.51 7.29 6.14 3/2225 10095
10.51 7.29 6.14 3/2225 10115
10.51 7.29 6.14 6/2225 10134
10.51 7.29 6.14 1/2225 10153
10.22 7.28 6.14 2/2225 10173
10.22 7.28 6.14 3/2225 10193
10.22 7.28 6.14 4/2225 10212
10.22 7.28 6.14 3/2225 10232
10.22 7.28 6.14 11/2225 10251
9.97 7.28 6.15 24/2243 10305
9.97 7.28 6.15 5/2278 10376
9.97 7.28 6.15 2/2277 10404
9.97 7.28 6.15 7/2297 10460
9.97 7.28 6.15 3/2301 10485
10.13 7.36 6.18 4/2341 10573
10.13 7.36 6.18 7/2340 10601
10.13 7.36 6.18 4/2340 10621
10.13 7.36 6.18 2/2340 10654
10.13 7.36 6.18 2/2340 10673
10.44 7.47 6.22 4/2340 10693
10.44 7.47 6.22 4/2341 10734
10.44 7.47 6.22 2/2342 10762
10.44 7.47 6.22 2/2342 10790
10.44 7.47 6.22 2/2342 10831
10.32 7.49 6.24 1/2342 10850
10.32 7.49 6.24 7/2342 10870
10.32 7.49 6.24 2/2342 10903
10.32 7.49 6.24 2/2342 10922
10.32 7.49 6.24 6/2342 10942
10.06 7.48 6.24 2/2342 10975
10.06 7.48 6.24 2/2342 10994
10.06 7.48 6.24 6/2343 11014
10.06 7.48 6.24 5/2341 11048
10.06 7.48 6.24 1/2341 11067
9.97 7.51 6.26 2/2340 11087
9.97 7.51 6.26 2/2340 11120
9.97 7.51 6.26 1/2339 11139
9.97 7.51 6.26 3/2339 11159
9.97 7.51 6.26 2/2339 11193
9.65 7.48 6.26 2/2339 11212
9.65 7.48 6.26 3/2339 11232
9.65 7.48 6.26 3/2346 11272
9.65 7.48 6.26 5/2346 11291
9.65 7.48 6.26 4/2346 11313
9.76 7.54 6.28 1/2346 11332
9.76 7.54 6.28 2/2346 11351
9.76 7.54 6.28 4/2346 11371
9.76 7.54 6.28 6/2346 11390
9.76 7.54 6.28 3/2346 11413
9.54 7.53 6.29 3/2345 11435
9.54 7.53 6.29 1/2344 11454
9.54 7.53 6.29 3/2344 11473
9.54 7.53 6.29 5/2344 11493
9.54 7.53 6.29 2/2344 11512
9.42 7.54 6.29 4/2344 11531
9.42 7.54 6.29 2/2344 11551
9.42 7.54 6.29 2/2344 11570
9.42 7.54 6.29 5/2344 11589
9.42 7.54 6.29 5/2344 11609
9.22 7.53 6.30 6/2344 11628
9.22 7.53 6.30 1/2344 11648
9.22 7.53 6.30 2/2344 11668
9.22 7.53 6.30 3/2343 11687
9.22 7.53 6.30 3/2342 11706
9.29 7.57 6.32 3/2341 11726
9.29 7.57 6.32 1/2341 11745
9.29 7.57 6.32 4/2340 11764
9.29 7.57 6.32 1/2340 11784
9.29 7.57 6.32 4/2337 11803
9.02 7.55 6.32 1/2335 11822
9.02 7.55 6.32 5/2332 11842
9.02 7.55 6.32 5/2330 11862
9.02 7.55 6.32 2/2324 11881
9.02 7.55 6.32 5/2320 11901
8.94 7.55 6.33 1/2317 11920
8.94 7.55 6.33 2/2316 11939
8.94 7.55 6.33 8/2315 11959
8.94 7.55 6.33 8/2313 11978
8.94 7.55 6.33 3/2312 11997
8.86 7.56 6.34 6/2311 12017
8.86 7.56 6.34 6/2310 12036
8.86 7.56 6.34 5/2310 12056
8.86 7.56 6.34 5/2310 12076
8.86 7.56 6.34 5/2310 12095
9.04 7.62 6.36 6/2309 12114
9.04 7.62 6.36 1/2308 12134
9.04 7.62 6.36 1/2307 12153
9.04 7.62 6.36 1/2307 12172
9.04 7.62 6.36 4/2307 12192
8.79 7.59 6.36 5/2307 12211
8.79 7.59 6.36 7/2307 12230
8.79 7.59 6.36 3/2307 12250
8.79 7.59 6.36 4/2307 12270
8.79 7.59 6.36 5/2307 12289
8.81 7.62 6.37 9/2307 12309
8.81 7.62 6.37 5/2307 12328
8.81 7.62 6.37 3/2307 12347
8.81 7.62 6.37 3/2307 12367
8.81 7.62 6.37 2/2307 12386
8.66 7.60 6.38 3/2307 12405
8.66 7.60 6.38 4/2307 12425
8.66 7.60 6.38 2/2307 12444
8.66 7.60 6.38 3/2307 12463
8.66 7.60 6.38 5/2307 12484
8.61 7.61 6.39 4/2307 12503
8.61 7.61 6.39 2/2307 12522
8.61 7.61 6.39 5/2307 12542
8.61 7.61 6.39 3/2307 12561
8.61 7.61 6.39 2/2307 12580
8.80 7.67 6.41 8/2307 12600
8.80 7.67 6.41 1/2308 12620
8.80 7.67 6.41 3/2308 12639
8.80 7.67 6.41 3/2308 12659
8.80 7.67 6.41 1/2308 12678
9.14 7.76 6.45 2/2308 12698
9.14 7.76 6.45 2/2308 12718
9.14 7.76 6.45 2/2305 12737
9.14 7.76 6.45 4/2305 12756
9.14 7.76 6.45 1/2305 12776
8.97 7.74 6.45 3/2305 12795
8.97 7.74 6.45 2/2305 12814
8.97 7.74 6.45 3/2308 12837
8.97 7.74 6.45 4/2308 12856
8.97 7.74 6.45 7/2308 12875
9.05 7.78 6.47 11/2308 12895
9.05 7.78 6.47 3/2308 12915
9.05 7.78 6.47 2/2306 12934
9.05 7.78 6.47 4/2306 12954
9.05 7.78 6.47 1/2307 12974
8.89 7.77 6.47 2/2307 12994
8.89 7.77 6.47 4/2307 13014
8.89 7.77 6.47 2/2302 13033
8.89 7.77 6.47 5/2302 13052
8.89 7.77 6.47 3/2302 13072
8.81 7.77 6.48 2/2302 13091
8.81 7.77 6.48 1/2302 13110
8.81 7.77 6.48 4/2302 13131
8.81 7.77 6.48 1/2302 13150
8.81 7.77 6.48 3/2302 13169
8.59 7.74 6.48 3/2301 13189
8.59 7.74 6.48 4/2301 13208
8.59 7.74 6.48 5/2301 13227
8.59 7.74 6.48 5/2301 13247
8.59 7.74 6.48 3/2301 13266
8.62 7.76 6.49 3/2301 13285
8.62 7.76 6.49 4/2301 13305
8.62 7.76 6.49 1/2301 13324
8.62 7.76 6.49 14/2301 13344
8.62 7.76 6.49 13/2301 13364
8.65 7.79 6.50 2/2301 13383
8.65 7.79 6.50 2/2301 13402
8.65 7.79 6.50 2/2302 13423
8.65 7.79 6.50 3/2302 13442
8.65 7.79 6.50 4/2302 13461
8.60 7.79 6.51 3/2302 13481
8.60 7.79 6.51 2/2302 13500
8.60 7.79 6.51 6/2301 13519
8.60 7.79 6.51 2/2301 13539
8.60 7.79 6.51 5/2301 13559
8.79 7.84 6.54 1/2301 13578
8.79 7.84 6.54 2/2300 13598
8.79 7.84 6.54 1/2300 13617
8.79 7.84 6.54 4/2300 13636
8.79 7.84 6.54 7/2300 13656
8.97 7.90 6.56 5/2300 13675
8.97 7.90 6.56 4/2300 13694
8.97 7.90 6.56 3/2300 13714
8.97 7.90 6.56 2/2300 13733
8.97 7.90 6.56 3/2300 13752
8.73 7.86 6.56 1/2300 13773
8.73 7.86 6.56 3/2300 13792
8.73 7.86 6.56 1/2300 13811
8.73 7.86 6.56 3/2300 13831
8.73 7.86 6.56 4/2300 13850
8.67 7.87 6.57 2/2300 13869
8.67 7.87 6.57 4/2300 13889
8.67 7.87 6.57 4/2300 13908
8.67 7.87 6.57 6/2297 13927
8.67 7.87 6.57 5/2297 13947
8.62 7.87 6.57 4/2297 13966
8.62 7.87 6.57 2/2297 13986
8.62 7.87 6.57 3/2297 14006
8.62 7.87 6.57 2/2296 14025
8.62 7.87 6.57 1/2296 14044
8.65 7.89 6.59 4/2296 14064
8.65 7.89 6.59 2/2296 14083
8.65 7.89 6.59 2/2296 14102
8.65 7.89 6.59 8/2295 14122
8.65 7.89 6.59 5/2295 14141
8.52 7.87 6.59 2/2295 14160
8.52 7.87 6.59 2/2295 14180
8.52 7.87 6.59 5/2295 14200
8.52 7.87 6.59 3/2295 14219
8.52 7.87 6.59 4/2298 14245
8.72 7.92 6.61 1/2298 14264
8.72 7.92 6.61 4/2298 14283
8.72 7.92 6.61 1/2298 14303
8.72 7.92 6.61 2/2298 14322
8.72 7.92 6.61 4/2298 14341
8.82 7.96 6.63 2/2297 14361
8.82 7.96 6.63 4/2297 14380
8.82 7.96 6.63 4/2296 14399
8.82 7.96 6.63 2/2296 14420
8.82 7.96 6.63 3/2296 14445
8.83 7.98 6.65 4/2296 14464
8.83 7.98 6.65 4/2296 14484
8.83 7.98 6.65 3/2297 14504
8.83 7.98 6.65 4/2297 14523
8.83 7.98 6.65 4/2297 14543
8.69 7.96 6.65 3/2297 14562
8.69 7.96 6.65 4/2297 14581
8.69 7.96 6.65 5/2297 14601
8.69 7.96 6.65 3/2297 14620
8.69 7.96 6.65 7/2297 14640
9.03 8.04 6.68 8/2299 14662
9.03 8.04 6.68 4/2299 14681
9.03 8.04 6.68 4/2299 14700
9.03 8.04 6.68 1/2299 14720
9.03 8.04 6.68 2/2299 14739
9.03 8.06 6.69 5/2299 14758
9.03 8.06 6.69 2/2299 14778
9.03 8.06 6.69 3/2300 14798
9.03 8.06 6.69 3/2300 14817
9.03 8.06 6.69 4/2300 14839
9.27 8.13 6.72 4/2300 14859
9.27 8.13 6.72 2/2300 14878
9.27 8.13 6.72 4/2300 14898
9.27 8.13 6.72 4/2300 14917
9.27 8.13 6.72 4/2300 14936
9.09 8.11 6.72 6/2300 14956
9.09 8.11 6.72 5/2299 14975
9.09 8.11 6.72 4/2299 14994
9.09 8.11 6.72 3/2299 15014
9.09 8.11 6.72 1/2299 15033
9.08 8.12 6.74 7/2299 15052
9.08 8.12 6.74 3/2299 15073
9.08 8.12 6.74 1/2299 15092
9.08 8.12 6.74 4/2299 15111
9.08 8.12 6.74 4/2299 15131
8.83 8.09 6.73 4/2299 15151
8.83 8.09 6.73 1/2299 15170
8.83 8.09 6.73 5/2299 15190
8.83 8.09 6.73 2/2299 15210
8.83 8.09 6.73 5/2299 15229
8.83 8.09 6.73 6/2299 15249
9.09 8.15 6.76 4/2299 15268
9.09 8.15 6.76 3/2299 15288
9.09 8.15 6.76 4/2301 15309
9.09 8.15 6.76 3/2300 15328
9.09 8.15 6.76 1/2300 15347
8.92 8.13 6.76 2/2301 15368
8.92 8.13 6.76 1/2301 15387
8.92 8.13 6.76 8/2301 15406
8.92 8.13 6.76 1/2301 15426
8.85 8.13 6.77 1/2300 15445
8.85 8.13 6.77 3/2300 15464
8.85 8.13 6.77 5/2301 15485
8.85 8.13 6.77 4/2301 15505
8.85 8.13 6.77 1/2301 15524
9.18 8.21 6.80 1/2301 15544
9.18 8.21 6.80 2/2301 15563
9.18 8.21 6.80 2/2301 15582
9.18 8.21 6.80 2/2301 15602
9.18 8.21 6.80 4/2301 15621
9.16 8.22 6.82 3/2301 15640
9.16 8.22 6.82 5/2301 15660
9.16 8.22 6.82 8/2301 15679
9.16 8.22 6.82 7/2301 15698
9.16 8.22 6.82 4/2301 15719
9.16 8.22 6.82 10/2301 15738
9.07 8.22 6.82 9/2301 15757
9.07 8.22 6.82 4/2301 15777
9.07 8.22 6.82 3/2301 15796
9.07 8.22 6.82 3/2301 15815
9.07 8.22 6.82 1/2301 15835
9.22 8.27 6.85 1/2301 15854
9.22 8.27 6.85 4/2301 15873
9.22 8.27 6.85 3/2302 15893
9.22 8.27 6.85 1/2301 15912
9.22 8.27 6.85 5/2301 15932
9.05 8.25 6.85 5/2301 15952
9.05 8.25 6.85 1/2301 15971
9.05 8.25 6.85 2/2301 15990
9.05 8.25 6.85 1/2301 16010
9.05 8.25 6.85 5/2301 16029
9.04 8.26 6.86 4/2301 16048
9.04 8.26 6.86 1/2301 16068
9.04 8.26 6.86 2/2301 16087
9.04 8.26 6.86 1/2301 16106
9.04 8.26 6.86 6/2301 16126
8.88 8.24 6.86 4/2301 16146
8.88 8.24 6.86 7/2301 16165
8.88 8.24 6.86 1/2301 16185
8.88 8.24 6.86 5/2301 16204
8.88 8.24 6.86 5/2301 16223
9.37 8.35 6.90 2/2301 16243
9.37 8.35 6.90 3/2301 16262
9.37 8.35 6.90 2/2301 16281
9.37 8.35 6.90 2/2301 16301
9.37 8.35 6.90 5/2301 16320
9.26 8.34 6.91 2/2301 16339
9.26 8.34 6.91 9/2301 16360
9.26 8.34 6.91 5/2301 16379
9.26 8.34 6.91 3/2301 16398
9.26 8.34 6.91 5/2301 16418
9.16 8.34 6.91 1/2301 16437
9.16 8.34 6.91 4/2301 16456
9.16 8.34 6.91 3/2301 16476
9.16 8.34 6.91 2/2301 16495
9.16 8.34 6.91 4/2301 16514
8.99 8.31 6.92 5/2302 16534
8.99 8.31 6.92 2/2301 16553
8.99 8.31 6.92 3/2301 16573
8.99 8.31 6.92 8/2301 16593
8.99 8.31 6.92 5/2301 16612
9.07 8.34 6.93 3/2301 16631
9.07 8.34 6.93 2/2301 16651
9.07 8.34 6.93 2/2301 16670
9.07 8.34 6.93 5/2301 16689
9.07 8.34 6.93 5/2301 16710
9.06 8.35 6.94 2/2301 16729
9.06 8.35 6.94 3/2301 16748
9.06 8.35 6.94 6/2301 16769
9.06 8.35 6.94 3/2301 16788
9.06 8.35 6.94 3/2301 16807
9.22 8.40 6.97 2/2301 16827
9.22 8.40 6.97 3/2299 16846
9.22 8.40 6.97 5/2299 16865
9.22 8.40 6.97 3/2299 16885
9.22 8.40 6.97 2/2299 16904
9.04 8.37 6.97 2/2299 16923
9.04 8.37 6.97 2/2299 16943
9.04 8.37 6.97 2/2299 16962
9.04 8.37 6.97 5/2299 16982
9.04 8.37 6.97 3/2299 17002
9.04 8.39 6.98 4/2299 17021
9.04 8.39 6.98 2/2299 17040
9.04 8.39 6.98 3/2299 17060
9.04 8.39 6.98 3/2299 17079
9.04 8.39 6.98 2/2299 17098
9.03 8.40 6.99 3/2299 17118
9.03 8.40 6.99 3/2298 17137
9.03 8.40 6.99 4/2298 17156
9.03 8.40 6.99 12/2299 17176
9.03 8.40 6.99 1/2298 17196
9.35 8.47 7.02 3/2298 17215
9.35 8.47 7.02 2/2299 17235
9.35 8.47 7.02 3/2298 17254
9.35 8.47 7.02 7/2298 17273
9.35 8.47 7.02 2/2298 17293
9.40 8.50 7.04 4/2298 17312
9.40 8.50 7.04 5/2298 17331
9.40 8.50 7.04 3/2298 17351
9.40 8.50 7.04 2/2298 17370
9.40 8.50 7.04 4/2298 17389
9.37 8.51 7.05 3/2298 17410
9.37 8.51 7.05 2/2298 17429
9.37 8.51 7.05 6/2298 17448
9.37 8.51 7.05 5/2301 17474
9.37 8.51 7.05 4/2301 17493
9.42 8.53 7.06 4/2301 17512
9.42 8.53 7.06 4/2301 17532
9.42 8.53 7.06 2/2301 17551
9.42 8.53 7.06 4/2301 17570
9.42 8.53 7.06 1/2301 17590
9.47 8.56 7.08 7/2301 17609
9.47 8.56 7.08 2/2301 17628
9.47 8.56 7.08 5/2301 17650
9.47 8.56 7.08 1/2301 17674
9.47 8.56 7.08 3/2302 17694
9.51 8.58 7.10 4/2302 17714
9.51 8.58 7.10 2/2302 17735
9.51 8.58 7.10 5/2300 17754
9.51 8.58 7.10 2/2300 17774
9.51 8.58 7.10 4/2299 17793
9.31 8.55 7.10 5/2298 17812
9.31 8.55 7.10 3/2299 17832
9.31 8.55 7.10 2/2298 17851
9.31 8.55 7.10 1/2297 17870
9.31 8.55 7.10 6/2297 17890
9.60 8.63 7.13 3/2297 17909
9.60 8.63 7.13 1/2297 17932
9.60 8.63 7.13 3/2297 17953
9.60 8.63 7.13 5/2297 17972
9.60 8.63 7.13 3/2297 17991
9.48 8.62 7.13 4/2297 18011
9.48 8.62 7.13 3/2297 18030
9.48 8.62 7.13 3/2297 18049
9.48 8.62 7.13 1/2297 18069
9.48 8.62 7.13 5/2297 18088
9.52 8.64 7.15 3/2297 18107
9.52 8.64 7.15 2/2297 18127
9.52 8.64 7.15 2/2297 18146
9.52 8.64 7.15 2/2297 18166
9.52 8.64 7.15 5/2297 18186
9.96 8.75 7.19 4/2297 18205
9.96 8.75 7.19 5/2297 18224
9.96 8.75 7.19 3/2297 18244
9.96 8.75 7.19 6/2297 18263
9.96 8.75 7.19 2/2297 18282
9.64 8.70 7.18 4/2297 18302
9.64 8.70 7.18 9/2297 18321
9.64 8.70 7.18 2/2297 18340
9.64 8.70 7.18 3/2297 18362
9.64 8.70 7.18 3/2297 18382
9.51 8.69 7.19 6/2297 18401
9.51 8.69 7.19 1/2297 18421
9.51 8.69 7.19 3/2297 18440
9.51 8.69 7.19 1/2296 18459
9.51 8.69 7.19 8/2296 18479
9.31 8.66 7.19 2/2295 18498
9.31 8.66 7.19 4/2295 18517
9.31 8.66 7.19 5/2295 18537
9.31 8.66 7.19 2/2294 18556
9.31 8.66 7.19 2/2294 18575
9.04 8.62 7.18 5/2294 18596
9.04 8.62 7.18 5/2294 18615
9.04 8.62 7.18 2/2294 18634
9.04 8.62 7.18 1/2294 18654
9.04 8.62 7.18 4/2293 18673
8.80 8.57 7.17 3/2293 18692
8.80 8.57 7.17 1/2293 18712
8.80 8.57 7.17 7/2293 18731
8.80 8.57 7.17 1/2293 18750
8.80 8.57 7.17 4/2293 18770
8.73 8.56 7.18 3/2293 18789
8.73 8.56 7.18 2/2293 18809
8.73 8.56 7.18 2/2293 18829
8.73 8.56 7.18 2/2292 18848
8.73 8.56 7.18 1/2292 18867
8.60 8.54 7.18 4/2292 18887
8.60 8.54 7.18 4/2293 18907
8.60 8.54 7.18 4/2293 18926
8.60 8.54 7.18 5/2294 18947
8.39 8.49 7.17 1/2294 18966
8.39 8.49 7.17 3/2293 18988
8.39 8.49 7.17 4/2293 19007
8.39 8.49 7.17 2/2293 19028
8.52 8.52 7.19 5/2293 19047
8.52 8.52 7.19 3/2293 19066
8.52 8.52 7.19 6/2293 19086
8.52 8.52 7.19 1/2293 19105
8.52 8.52 7.19 2/2293 19124
8.64 8.54 7.20 2/2294 19144
8.64 8.54 7.20 4/2293 19164
8.64 8.54 7.20 3/2293 19183
8.64 8.54 7.20 3/2281 19205
8.64 8.54 7.20 2/2287 19231
8.42 8.50 7.19 6/2287 19250
8.42 8.50 7.19 2/2287 19270
8.42 8.50 7.19 1/2288 19290
8.42 8.50 7.19 1/2288 19309
8.42 8.50 7.19 3/2287 19329
8.31 8.48 7.19 1/2287 19348
8.31 8.48 7.19 2/2287 19367
8.31 8.48 7.19 6/2287 19387
8.31 8.48 7.19 1/2287 19406
8.31 8.48 7.19 4/2287 19426
8.45 8.50 7.21 2/2288 19447
8.45 8.50 7.21 2/2288 19466
8.45 8.50 7.21 4/2288 19485
8.45 8.50 7.21 2/2288 19505
8.45 8.50 7.21 2/2288 19524
8.33 8.48 7.21 5/2288 19543
8.33 8.48 7.21 4/2288 19563
8.33 8.48 7.21 3/2288 19582
8.33 8.48 7.21 5/2288 19601
8.33 8.48 7.21 8/2288 19621
8.14 8.43 7.20 4/2288 19641
8.14 8.43 7.20 3/2288 19660
8.14 8.43 7.20 3/2288 19680
8.14 8.43 7.20 2/2288 19699
8.14 8.43 7.20 1/2288 19718
7.97 8.39 7.19 2/2289 19738
7.97 8.39 7.19 3/2288 19757
7.97 8.39 7.19 6/2288 19776
7.97 8.39 7.19 4/2289 19796
7.97 8.39 7.19 2/2288 19815
7.89 8.37 7.19 6/2288 19834
7.89 8.37 7.19 4/2288 19854
7.89 8.37 7.19 3/2288 19874
7.89 8.37 7.19 5/2288 19893
7.89 8.37 7.19 3/2288 19913
7.98 8.38 7.20 11/2288 19932
7.98 8.38 7.20 3/2288 19951
7.98 8.38 7.20 1/2288 19971
7.98 8.38 7.20 3/2288 19990
7.98 8.38 7.20 2/2288 20009
7.90 8.36 7.20 3/2288 20029
7.90 8.36 7.20 2/2288 20048
7.90 8.36 7.20 1/2288 20067
7.90 8.36 7.20 1/2288 20088
7.90 8.36 7.20 5/2288 20107
7.83 8.34 7.20 2/2287 20126
7.83 8.34 7.20 1/2287 20146
7.83 8.34 7.20 6/2287 20165
7.83 8.34 7.20 5/2287 20184
7.83 8.34 7.20 1/2287 20204
7.68 8.30 7.19 3/2287 20223
7.68 8.30 7.19 3/2287 20242
7.68 8.30 7.19 4/2287 20262
7.68 8.30 7.19 5/2287 20281
7.68 8.30 7.19 2/2287 20301
8.19 8.39 7.23 3/2287 20321
8.19 8.39 7.23 4/2287 20340
8.19 8.39 7.23 3/2287 20359
8.19 8.39 7.23 3/2288 20379
8.19 8.39 7.23 7/2285 20399
8.17 8.38 7.23 2/2283 20418
8.17 8.38 7.23 3/2284 20438
8.17 8.38 7.23 2/2283 20457
8.17 8.38 7.23 4/2283 20476
8.17 8.38 7.23 1/2282 20496
8.16 8.38 7.24 3/2280 20516
8.16 8.38 7.24 2/2280 20535
8.16 8.38 7.24 2/2280 20555
8.16 8.38 7.24 6/2280 20574
8.16 8.38 7.24 2/2280 20593
8.15 8.37 7.24 4/2280 20613
8.15 8.37 7.24 4/2280 20632
8.15 8.37 7.24 2/2280 20651
8.15 8.37 7.24 1/2280 20671
8.15 8.37 7.24 3/2280 20690
8.45 8.43 7.27 2/2280 20709
8.45 8.43 7.27 1/2280 20730
8.45 8.43 7.27 4/2280 20749
8.45 8.43 7.27 5/2280 20768
8.45 8.43 7.27 3/2280 20788
8.34 8.41 7.27 1/2280 20807
8.34 8.41 7.27 2/2280 20826
8.34 8.41 7.27 2/2280 20846
8.34 8.41 7.27 1/2281 20866
8.34 8.41 7.27 5/2281 20885
8.23 8.38 7.26 4/2281 20905
8.23 8.38 7.26 2/2281 20925
8.23 8.38 7.26 6/2281 20944
8.23 8.38 7.26 3/2281 20964
8.23 8.38 7.26 1/2281 20983
8.29 8.39 7.27 1/2281 21002
8.29 8.39 7.27 5/2282 21022
8.29 8.39 7.27 5/2282 21042
8.29 8.39 7.27 6/2282 21061
8.29 8.39 7.27 9/2283 21081
9.39 8.62 7.35 4/2282 21100
9.39 8.62 7.35 1/2281 21119
9.39 8.62 7.35 1/2281 21140
9.39 8.62 7.35 2/2280 21159
9.39 8.62 7.35 2/2280 21178
9.28 8.61 7.36 5/2280 21198
9.28 8.61 7.36 2/2279 21217
9.28 8.61 7.36 2/2279 21236
9.28 8.61 7.36 1/2279 21256
9.28 8.61 7.36 5/2279 21275
9.26 8.62 7.37 2/2279 21294
9.26 8.62 7.37 1/2278 21314
9.26 8.62 7.37 4/2278 21333
9.26 8.62 7.37 2/2278 21352
9.26 8.62 7.37 4/2279 21374
9.16 8.61 7.37 1/2279 21393
9.16 8.61 7.37 5/2280 21413
9.16 8.61 7.37 4/2284 21439
9.16 8.61 7.37 4/2283 21458
9.16 8.61 7.37 3/2283 21477
9.30 8.65 7.39 1/2283 21497
9.30 8.65 7.39 4/2283 21516
9.30 8.65 7.39 2/2284 21536
9.30 8.65 7.39 5/2285 21556
9.30 8.65 7.39 5/2285 21576
8.96 8.59 7.38 1/2285 21595
8.96 8.59 7.38 1/2285 21614
8.96 8.59 7.38 8/2286 21641
8.96 8.59 7.38 1/2286 21661
8.96 8.59 7.38 2/2287 21681
9.12 8.63 7.40 2/2286 21700
9.12 8.63 7.40 7/2286 21719
9.12 8.63 7.40 2/2287 21739
9.12 8.63 7.40 5/2286 21758
9.12 8.63 7.40 2/2286 21777
8.95 8.60 7.39 4/2286 21797
8.95 8.60 7.39 1/2286 21816
8.95 8.60 7.39 4/2286 21839
8.95 8.60 7.39 5/2287 21861
8.95 8.60 7.39 4/2286 21881
8.79 8.57 7.39 8/2286 21900
8.79 8.57 7.39 1/2286 21920
8.79 8.57 7.39 2/2286 21939
8.79 8.57 7.39 4/2286 21958
8.79 8.57 7.39 9/2286 21978
8.57 8.53 7.38 5/2286 21997
8.57 8.53 7.38 1/2286 22016
8.57 8.53 7.38 4/2285 22036
8.57 8.53 7.38 2/2285 22055
8.57 8.53 7.38 1/2285 22075
8.36 8.49 7.37 4/2285 22095
8.36 8.49 7.37 6/2285 22114
8.36 8.49 7.37 1/2284 22133
8.36 8.49 7.37 7/2284 22153
8.36 8.49 7.37 12/2284 22172
8.34 8.48 7.38 4/2284 22191
8.34 8.48 7.38 3/2284 22211
8.34 8.48 7.38 3/2284 22230
8.34 8.48 7.38 9/2284 22249
8.34 8.48 7.38 4/2284 22269
8.79 8.57 7.41 3/2284 22289
8.79 8.57 7.41 2/2292 22323
8.79 8.57 7.41 9/2296 22348
8.79 8.57 7.41 4/2294 22368
8.79 8.57 7.41 2/2293 22387
8.81 8.58 7.42 4/2294 22407
8.81 8.58 7.42 3/2293 22426
8.81 8.58 7.42 4/2293 22445
8.81 8.58 7.42 6/2307 22485
8.81 8.58 7.42 6/2309 22506
8.58 8.54 7.41 5/2311 22528
8.58 8.54 7.41 2/2311 22548
8.58 8.54 7.41 2/2311 22567
8.58 8.54 7.41 3/2311 22587
8.58 8.54 7.41 9/2307 22606
8.77 8.58 7.43 2/2307 22627
8.77 8.58 7.43 5/2307 22646
8.77 8.58 7.43 5/2306 22666
8.77 8.58 7.43 4/2305 22685
8.77 8.58 7.43 2/2305 22708
8.71 8.57 7.44 2/2305 22728
8.71 8.57 7.44 3/2305 22747
8.71 8.57 7.44 6/2305 22766
8.71 8.57 7.44 2/2305 22785
8.71 8.57 7.44 4/2305 22806
8.58 8.54 7.44 1/2305 22825
8.58 8.54 7.44 2/2304 22845
8.58 8.54 7.44 4/2304 22864
8.58 8.54 7.44 3/2304 22883
8.58 8.54 7.44 2/2306 22905
8.53 8.53 7.44 1/2306 22924
8.53 8.53 7.44 2/2306 22943
8.53 8.53 7.44 1/2306 22962
8.53 8.53 7.44 5/2306 22982
8.53 8.53 7.44 5/2306 23001
8.97 8.62 7.47 6/2307 23022
8.97 8.62 7.47 2/2307 23042
8.97 8.62 7.47 6/2307 23061
8.97 8.62 7.47 4/2307 23080
8.97 8.62 7.47 2/2307 23100
8.89 8.61 7.48 3/2307 23119
8.89 8.61 7.48 2/2307 23139
8.89 8.61 7.48 4/2307 23158
8.89 8.61 7.48 3/2307 23177
8.89 8.61 7.48 3/2307 23196
8.74 8.58 7.47 6/2307 23216
8.74 8.58 7.47 4/2307 23236
8.74 8.58 7.47 6/2307 23256
8.74 8.58 7.47 3/2307 23275
8.74 8.58 7.47 4/2307 23294
8.68 8.57 7.48 6/2307 23314
8.68 8.57 7.48 2/2306 23333
8.68 8.57 7.48 3/2306 23352
8.68 8.57 7.48 6/2306 23371
8.68 8.57 7.48 3/2306 23391
8.94 8.63 7.50 3/2306 23410
8.94 8.63 7.50 3/2306 23430
8.94 8.63 7.50 4/2306 23450
8.94 8.63 7.50 3/2306 23469
8.94 8.63 7.50 5/2306 23489
8.87 8.62 7.50 2/2306 23508
8.87 8.62 7.50 1/2303 23527
8.87 8.62 7.50 4/2302 23546
8.87 8.62 7.50 4/2300 23566
8.87 8.62 7.50 2/2300 23585
8.72 8.59 7.50 2/2300 23605
8.72 8.59 7.50 3/2300 23624
8.72 8.59 7.50 2/2300 23643
8.72 8.59 7.50 7/2300 23664
8.72 8.59 7.50 2/2297 23683
8.74 8.60 7.51 3/2297 23702
8.74 8.60 7.51 4/2297 23721
8.74 8.60 7.51 3/2297 23741
8.74 8.60 7.51 4/2296 23760
8.74 8.60 7.51 3/2296 23779
8.84 8.62 7.52 4/2296 23799
8.84 8.62 7.52 3/2296 23818
8.84 8.62 7.52 5/2296 23838
8.84 8.62 7.52 1/2296 23857
8.84 8.62 7.52 4/2296 23877
9.18 8.70 7.55 3/2296 23897
9.18 8.70 7.55 1/2296 23916
9.18 8.70 7.55 2/2296 23935
9.18 8.70 7.55 1/2296 23954
9.18 8.70 7.55 2/2296 23974
9.00 8.67 7.55 4/2296 23993
9.00 8.67 7.55 3/2296 24013
9.00 8.67 7.55 3/2297 24033
9.00 8.67 7.55 3/2297 24052
9.00 8.67 7.55 1/2297 24071
8.84 8.64 7.55 6/2297 24092
8.84 8.64 7.55 4/2297 24111
8.84 8.64 7.55 4/2297 24130
8.84 8.64 7.55 4/2297 24150
8.84 8.64 7.55 4/2297 24169
8.85 8.65 7.55 4/2297 24188
8.85 8.65 7.55 3/2296 24208
8.85 8.65 7.55 2/2296 24227
8.85 8.65 7.55 2/2296 24246
8.85 8.65 7.55 3/2296 24266
8.87 8.65 7.56 4/2296 24286
8.87 8.65 7.56 5/2296 24305
8.87 8.65 7.56 4/2296 24325
8.87 8.65 7.56 2/2296 24344
8.87 8.65 7.56 1/2296 24363
8.80 8.64 7.56 3/2296 24383
8.80 8.64 7.56 2/2296 24402
8.80 8.64 7.56 7/2296 24422
8.80 8.64 7.56 4/2296 24441
8.80 8.64 7.56 6/2296 24460
8.65 8.61 7.56 1/2296 24479
8.65 8.61 7.56 3/2296 24500
8.65 8.61 7.56 4/2296 24519
8.65 8.61 7.56 2/2296 24538
8.65 8.61 7.56 1/2296 24558
9.16 8.72 7.60 1/2296 24577
9.16 8.72 7.60 3/2296 24597
9.16 8.72 7.60 2/2296 24616
9.16 8.72 7.60 3/2296 24635
9.16 8.72 7.60 2/2296 24654
9.31 8.76 7.62 7/2296 24674
9.31 8.76 7.62 2/2296 24693
9.31 8.76 7.62 4/2296 24713
9.31 8.76 7.62 5/2296 24733
9.31 8.76 7.62 2/2296 24752
9.12 8.73 7.62 4/2296 24771
9.12 8.73 7.62 2/2296 24791
9.12 8.73 7.62 4/2296 24810
9.12 8.73 7.62 4/2296 24830
9.12 8.73 7.62 1/2296 24850
8.95 8.70 7.61 2/2296 24869
8.95 8.70 7.61 2/2296 24888
8.95 8.70 7.61 1/2296 24908
8.95 8.70 7.61 7/2296 24928
8.95 8.70 7.61 4/2296 24947
8.95 8.70 7.61 1/2296 24967
9.36 8.79 7.65 2/2296 24986
9.36 8.79 7.65 10/2297 25006
9.36 8.79 7.65 2/2296 25025
9.36 8.79 7.65 3/2296 25044
9.81 8.89 7.69 3/2296 25063
9.81 8.89 7.69 1/2296 25083
9.81 8.89 7.69 4/2296 25102
9.81 8.89 7.69 4/2296 25121
9.81 8.89 7.69 4/2295 25142
9.81 8.89 7.69 1/2295 25161
9.91 8.93 7.71 1/2295 25180
9.91 8.93 7.71 6/2295 25200
9.91 8.93 7.71 4/2295 25219
9.91 8.93 7.71 2/2295 25238
9.91 8.93 7.71 3/2295 25258
9.67 8.90 7.70 2/2295 25277
9.67 8.90 7.70 5/2295 25296
9.67 8.90 7.70 1/2295 25316
9.67 8.90 7.70 5/2295 25335
9.67 8.90 7.70 2/2295 25355
9.94 8.96 7.73 3/2295 25375
9.94 8.96 7.73 2/2295 25394
9.94 8.96 7.73 4/2295 25415
9.94 8.96 7.73 3/2295 25435
9.94 8.96 7.73 2/2295 25454
9.94 8.98 7.74 3/2295 25473
9.94 8.98 7.74 1/2295 25493
9.94 8.98 7.74 4/2295 25512
9.94 8.98 7.74 3/2295 25531
9.94 8.98 7.74 2/2295 25551
9.79 8.96 7.74 2/2295 25571
9.79 8.96 7.74 3/2295 25590
9.79 8.96 7.74 7/2298 25613
9.79 8.96 7.74 3/2299 25636
9.79 8.96 7.74 2/2299 25655
9.64 8.95 7.75 3/2299 25675
9.64 8.95 7.75 2/2299 25695
9.64 8.95 7.75 3/2299 25714
9.64 8.95 7.75 2/2299 25735
9.43 8.92 7.74 9/2299 25754
9.43 8.92 7.74 2/2299 25773
9.43 8.92 7.74 3/2299 25793
9.43 8.92 7.74 2/2301 25816
9.43 8.92 7.74 5/2299 25837
9.43 8.92 7.74 2/2299 25857
9.56 8.95 7.76 2/2299 25876
9.56 8.95 7.76 9/2299 25895
9.56 8.95 7.76 2/2299 25916
9.56 8.95 7.76 6/2299 25935
9.56 8.95 7.76 2/2299 25954
9.67 8.98 7.78 3/2299 25974
9.67 8.98 7.78 6/2299 25993
9.67 8.98 7.78 1/2299 26012
9.67 8.98 7.78 6/2299 26032
9.67 8.98 7.78 5/2299 26051
9.38 8.93 7.77 3/2299 26070
9.38 8.93 7.77 4/2299 26090
9.38 8.93 7.77 3/2299 26109
9.38 8.93 7.77 5/2299 26129
9.38 8.93 7.77 3/2299 26149
9.43 8.95 7.78 1/2299 26168
9.43 8.95 7.78 1/2299 26187
9.43 8.95 7.78 4/2299 26207
9.43 8.95 7.78 4/2298 26226
9.43 8.95 7.78 4/2297 26245
9.23 8.92 7.77 3/2297 26265
9.23 8.92 7.77 1/2297 26284
9.23 8.92 7.77 5/2297 26303
9.23 8.92 7.77 4/2297 26323
9.23 8.92 7.77 1/2297 26343
9.30 8.94 7.79 2/2297 26362
9.30 8.94 7.79 3/2297 26382
9.30 8.94 7.79 3/2297 26401
9.30 8.94 7.79 3/2297 26420
9.30 8.94 7.79 6/2297 26440
9.51 8.99 7.81 3/2297 26459
9.51 8.99 7.81 2/2297 26478
9.51 8.99 7.81 3/2297 26498
9.51 8.99 7.81 6/2298 26519
9.51 8.99 7.81 3/2299 26540
9.79 9.06 7.84 5/2299 26560
9.79 9.06 7.84 2/2299 26579
9.79 9.06 7.84 6/2299 26598
9.79 9.06 7.84 5/2300 26619
9.79 9.06 7.84 2/2300 26639
9.57 9.02 7.83 2/2300 26658
9.57 9.02 7.83 3/2300 26678
9.57 9.02 7.83 1/2299 26697
9.57 9.02 7.83 3/2299 26720
9.57 9.02 7.83 5/2299 26740
9.44 9.01 7.83 4/2300 26760
9.44 9.01 7.83 4/2300 26779
9.44 9.01 7.83 2/2300 26799
9.44 9.01 7.83 2/2298 26818
9.44 9.01 7.83 2/2298 26837
9.41 9.00 7.84 3/2298 26857
9.41 9.00 7.84 3/2298 26876
9.41 9.00 7.84 4/2298 26895
9.41 9.00 7.84 3/2298 26915
9.41 9.00 7.84 3/2298 26934
9.78 9.09 7.87 3/2298 26953
9.78 9.09 7.87 1/2299 26974
9.78 9.09 7.87 2/2297 26993
9.78 9.09 7.87 3/2297 27012
9.78 9.09 7.87 4/2297 27032
9.47 9.04 7.86 6/2297 27051
9.47 9.04 7.86 4/2297 27070
9.47 9.04 7.86 3/2297 27090
9.47 9.04 7.86 4/2297 27109
9.47 9.04 7.86 2/2297 27128
9.35 9.02 7.86 1/2297 27148
9.35 9.02 7.86 3/2297 27167
9.35 9.02 7.86 5/2297 27186
9.35 9.02 7.86 6/2297 27206
9.35 9.02 7.86 2/2297 27225
9.17 8.99 7.86 4/2297 27245
9.17 8.99 7.86 4/2297 27265
9.17 8.99 7.86 6/2297 27284
9.17 8.99 7.86 7/2297 27303
9.17 8.99 7.86 7/2297 27323
9.07 8.97 7.86 7/2297 27342
9.07 8.97 7.86 4/2297 27361
9.07 8.97 7.86 3/2296 27381
9.07 8.97 7.86 4/2296 27400
9.07 8.97 7.86 2/2296 27419
9.07 8.97 7.87 2/2296 27439
9.07 8.97 7.87 4/2296 27459
9.07 8.97 7.87 2/2294 27478
9.07 8.97 7.87 3/2294 27498
9.07 8.97 7.87 5/2294 27517
9.22 9.00 7.88 5/2293 27536
9.22 9.00 7.88 5/2293 27556
9.22 9.00 7.88 2/2293 27575
9.22 9.00 7.88 6/2294 27595
9.22 9.00 7.88 8/2294 27615
9.44 9.05 7.91 6/2294 27634
9.44 9.05 7.91 4/2294 27653
9.44 9.05 7.91 2/2294 27674
9.44 9.05 7.91 5/2294 27693
9.44 9.05 7.91 4/2294 27712
9.41 9.05 7.91 4/2295 27733
9.41 9.05 7.91 2/2295 27752
9.41 9.05 7.91 2/2295 27771
9.41 9.05 7.91 3/2295 27791
9.41 9.05 7.91 1/2295 27810
9.30 9.04 7.91 4/2295 27829
9.30 9.04 7.91 5/2295 27849
9.30 9.04 7.91 3/2295 27869
9.30 9.04 7.91 2/2295 27888
9.30 9.04 7.91 4/2295 27908
9.43 9.07 7.93 8/2295 27927
9.43 9.07 7.93 4/2295 27946
9.43 9.07 7.93 4/2296 27967
9.43 9.07 7.93 5/2297 27987
9.43 9.07 7.93 2/2300 28010
9.48 9.08 7.94 3/2300 28030
9.48 9.08 7.94 5/2300 28049
9.48 9.08 7.94 4/2300 28070
9.48 9.08 7.94 7/2300 28090
9.48 9.08 7.94 3/2300 28109
9.36 9.07 7.94 6/2300 28128
9.36 9.07 7.94 2/2300 28148
9.36 9.07 7.94 4/2300 28168
9.36 9.07 7.94 3/2300 28187
9.36 9.07 7.94 7/2300 28211
9.41 9.08 7.95 6/2300 28230
9.41 9.08 7.95 2/2300 28249
9.41 9.08 7.95 4/2300 28269
9.41 9.08 7.95 4/2300 28288
9.41 9.08 7.95 1/2299 28307
9.70 9.15 7.98 3/2299 28327
9.70 9.15 7.98 5/2299 28346
9.70 9.15 7.98 3/2299 28365
9.70 9.15 7.98 8/2299 28386
9.70 9.15 7.98 3/2298 28405
9.88 9.19 8.00 5/2298 28424
9.88 9.19 8.00 2/2298 28444
9.88 9.19 8.00 7/2298 28463
9.88 9.19 8.00 2/2298 28482
9.88 9.19 8.00 14/2298 28503
9.81 9.19 8.01 7/2298 28522
9.81 9.19 8.01 6/2298 28541
9.81 9.19 8.01 5/2298 28561
9.81 9.19 8.01 4/2299 28581
9.81 9.19 8.01 5/2299 28601
9.59 9.15 8.00 3/2299 28621
9.59 9.15 8.00 4/2299 28640
9.59 9.15 8.00 3/2299 28659
9.59 9.15 8.00 2/2299 28679
9.59 9.15 8.00 2/2299 28698
9.54 9.15 8.01 9/2299 28717
9.54 9.15 8.01 4/2299 28737
9.54 9.15 8.01 8/2299 28756
9.54 9.15 8.01 3/2299 28775
9.54 9.15 8.01 1/2298 28795
9.34 9.12 8.00 1/2298 28815
9.34 9.12 8.00 1/2298 28834
9.34 9.12 8.00 4/2298 28854
9.34 9.12 8.00 2/2297 28873
9.34 9.12 8.00 4/2296 28892
9.47 9.15 8.02 4/2296 28912
9.47 9.15 8.02 3/2296 28931
9.47 9.15 8.02 3/2296 28952
9.47 9.15 8.02 5/2296 28972
9.47 9.15 8.02 2/2296 28991
9.19 9.09 8.01 1/2296 29011
9.19 9.09 8.01 4/2296 29031
9.19 9.09 8.01 4/2296 29050
9.19 9.09 8.01 2/2296 29069
9.19 9.09 8.01 2/2296 29089
9.10 9.08 8.01 3/2296 29108
9.10 9.08 8.01 1/2296 29127
9.10 9.08 8.01 6/2296 29147
9.10 9.08 8.01 7/2296 29166
9.10 9.08 8.01 10/2296 29185
8.93 9.04 8.00 1/2295 29205
8.93 9.04 8.00 5/2295 29225
8.93 9.04 8.00 4/2295 29244
8.93 9.04 8.00 2/2295 29264
8.93 9.04 8.00 3/2295 29283
8.93 9.04 8.01 5/2295 29302
8.93 9.04 8.01 3/2295 29322
8.93 9.04 8.01 1/2295 29341
8.93 9.04 8.01 2/2295 29360
8.93 9.04 8.01 7/2295 29380
8.70 8.99 7.99 2/2295 29399
8.70 8.99 7.99 1/2295 29418
8.70 8.99 7.99 1/2294 29439
8.70 8.99 7.99 2/2294 29458
8.70 8.99 7.99 6/2294 29477
8.72 8.99 8.00 4/2294 29497
8.72 8.99 8.00 4/2294 29516
8.72 8.99 8.00 4/2294 29535
8.72 8.99 8.00 8/2294 29555
8.72 8.99 8.00 6/2295 29575
8.50 8.94 7.99 1/2295 29594
8.50 8.94 7.99 2/2295 29614
8.50 8.94 7.99 2/2295 29633
8.50 8.94 7.99 5/2295 29653
8.50 8.94 7.99 4/2295 29673
8.46 8.92 7.99 2/2295 29692
8.46 8.92 7.99 3/2295 29711
8.46 8.92 7.99 4/2295 29731
8.46 8.92 7.99 2/2295 29750
8.46 8.92 7.99 6/2295 29769
8.35 8.89 7.98 1/2295 29789
8.35 8.89 7.98 1/2295 29808
8.35 8.89 7.98 2/2295 29827
8.35 8.89 7.98 2/2295 29847
8.35 8.89 7.98 2/2295 29867
8.40 8.89 7.99 1/2295 29886
8.40 8.89 7.99 7/2295 29906
8.40 8.89 7.99 2/2295 29925
8.40 8.89 7.99 2/2295 29944
8.40 8.89 7.99 4/2295 29964
8.29 8.86 7.98 2/2295 29983
8.29 8.86 7.98 2/2295 30002
8.29 8.86 7.98 1/2295 30022
8.29 8.86 7.98 3/2295 30041
8.29 8.86 7.98 6/2296 30062
8.50 8.90 8.00 2/2296 30083
8.50 8.90 8.00 7/2296 30102
8.50 8.90 8.00 9/2278 30121
8.50 8.90 8.00 5/2278 30141
8.50 8.90 8.00 3/2278 30160
8.62 8.92 8.01 3/2278 30179
8.62 8.92 8.01 9/2278 30199
8.62 8.92 8.01 3/2278 30218
8.62 8.92 8.01 3/2278 30237
8.62 8.92 8.01 4/2278 30257
8.57 8.90 8.01 1/2278 30276
8.57 8.90 8.01 3/2279 30297
8.57 8.90 8.01 2/2279 30317
8.57 8.90 8.01 5/2279 30336
8.57 8.90 8.01 2/2279 30355
8.45 8.87 8.01 6/2279 30375
8.45 8.87 8.01 6/2279 30394
8.45 8.87 8.01 2/2279 30413
8.45 8.87 8.01 5/2279 30433
8.45 8.87 8.01 3/2279 30452
8.57 8.89 8.02 5/2279 30471
8.57 8.89 8.02 9/2279 30491
8.57 8.89 8.02 4/2279 30511
8.57 8.89 8.02 3/2279 30530
8.57 8.89 8.02 4/2279 30550
8.45 8.86 8.01 2/2279 30569
8.45 8.86 8.01 1/2279 30588
8.45 8.86 8.01 1/2279 30608
8.45 8.86 8.01 3/2279 30627
8.45 8.86 8.01 10/2279 30646
8.49 8.86 8.02 1/2279 30666
8.49 8.86 8.02 5/2279 30685
8.49 8.86 8.02 3/2279 30704
8.49 8.86 8.02 1/2279 30725
8.49 8.86 8.02 2/2279 30744
8.37 8.83 8.01 4/2279 30763
8.37 8.83 8.01 6/2279 30783
8.37 8.83 8.01 3/2279 30802
8.37 8.83 8.01 3/2279 30821
8.37 8.83 8.01 4/2279 30841
8.42 8.83 8.02 4/2279 30860
8.42 8.83 8.02 6/2279 30879
8.42 8.83 8.02 1/2279 30899
8.42 8.83 8.02 2/2279 30918
8.42 8.83 8.02 3/2279 30938
8.23 8.78 8.00 2/2279 30958
8.23 8.78 8.00 2/2279 30977
8.23 8.78 8.00 4/2279 30996
8.23 8.78 8.00 1/2279 31016
8.23 8.78 8.00 2/2285 31042
8.29 8.79 8.01 3/2285 31061
8.29 8.79 8.01 5/2285 31081
8.29 8.79 8.01 5/2285 31100
8.29 8.79 8.01 2/2285 31119
8.29 8.79 8.01 4/2285 31140
8.27 8.77 8.01 2/2285 31159
8.27 8.77 8.01 2/2285 31178
8.27 8.77 8.01 2/2289 31205
8.27 8.77 8.01 3/2289 31224
8.27 8.77 8.01 4/2289 31243
8.24 8.76 8.01 2/2289 31263
8.24 8.76 8.01 3/2289 31282
8.24 8.76 8.01 2/2289 31301
8.24 8.76 8.01 4/2289 31321
8.24 8.76 8.01 2/2289 31340
8.06 8.72 8.00 2/2289 31359
8.06 8.72 8.00 4/2289 31379
8.06 8.72 8.00 5/2289 31404
8.06 8.72 8.00 4/2289 31424
8.06 8.72 8.00 3/2289 31444
8.14 8.72 8.00 6/2289 31463
8.14 8.72 8.00 3/2289 31482
8.14 8.72 8.00 3/2289 31502
8.14 8.72 8.00 3/2288 31521
8.14 8.72 8.00 3/2288 31540
7.97 8.67 7.99 3/2288 31560
7.97 8.67 7.99 3/2288 31579
7.97 8.67 7.99 2/2288 31602
7.97 8.67 7.99 1/2288 31623
7.97 8.67 7.99 4/2288 31642
8.13 8.70 8.00 5/2288 31661
8.13 8.70 8.00 4/2288 31681
8.13 8.70 8.00 4/2288 31700
8.13 8.70 8.00 2/2287 31719
8.13 8.70 8.00 3/2287 31739
8.20 8.70 8.01 4/2287 31758
8.20 8.70 8.01 2/2287 31777
8.20 8.70 8.01 6/2287 31797
8.20 8.70 8.01 4/2287 31816
8.20 8.70 8.01 4/2287 31836
8.27 8.71 8.01 2/2286 31856
8.27 8.71 8.01 3/2286 31875
8.27 8.71 8.01 4/2286 31894
8.27 8.71 8.01 2/2286 31914
8.27 8.71 8.01 4/2286 31933
8.16 8.68 8.01 4/2286 31952
8.16 8.68 8.01 2/2286 31972
8.16 8.68 8.01 4/2286 31991
8.16 8.68 8.01 1/2286 32010
8.16 8.68 8.01 4/2287 32031
8.23 8.68 8.01 5/2287 32051
8.23 8.68 8.01 1/2287 32070
8.23 8.68 8.01 3/2288 32091
8.23 8.68 8.01 3/2288 32111
8.23 8.68 8.01 3/2288 32130
8.21 8.67 8.01 1/2288 32150
8.21 8.67 8.01 8/2288 32169
8.21 8.67 8.01 6/2288 32188
8.21 8.67 8.01 3/2288 32208
8.21 8.67 8.01 7/2284 32227
8.20 8.66 8.01 6/2284 32246
8.20 8.66 8.01 5/2284 32267
8.20 8.66 8.01 2/2284 32286
8.20 8.66 8.01 4/2284 32305
8.20 8.66 8.01 4/2283 32325
8.42 8.70 8.03 1/2283 32344
8.42 8.70 8.03 2/2283 32363
8.42 8.70 8.03 2/2283 32383
8.42 8.70 8.03 2/2282 32402
8.42 8.70 8.03 3/2282 32421
8.55 8.72 8.04 6/2282 32441
8.55 8.72 8.04 3/2282 32460
8.55 8.72 8.04 4/2283 32483
8.55 8.72 8.04 2/2283 32503
8.55 8.72 8.04 1/2282 32522
8.34 8.68 8.03 4/2282 32541
8.34 8.68 8.03 6/2282 32561
8.34 8.68 8.03 3/2282 32580
8.34 8.68 8.03 2/2282 32599
8.34 8.68 8.03 3/2282 32619
8.40 8.68 8.03 4/2282 32638
8.40 8.68 8.03 2/2282 32657
8.40 8.68 8.03 4/2282 32677
8.40 8.68 8.03 2/2282 32697
8.40 8.68 8.03 4/2282 32716
8.68 8.74 8.06 2/2282 32736
8.68 8.74 8.06 5/2282 32755
8.68 8.74 8.06 5/2282 317
8.68 8.74 8.06 5/2282 431
8.68 8.74 8.06 5/2282 528
8.87 8.78 8.07 5/2282 572
8.87 8.78 8.07 2/2282 611
8.87 8.78 8.07 1/2282 634
8.87 8.78 8.07 2/2282 672
8.87 8.78 8.07 2/2282 695
8.72 8.75 8.07 3/2282 716
8.72 8.75 8.07 4/2282 736
8.72 8.75 8.07 4/2282 806
8.72 8.75 8.07 4/2282 921
8.72 8.75 8.07 2/2282 995
8.74 8.75 8.07 6/2282 1070
8.74 8.75 8.07 3/2282 1106
8.74 8.75 8.07 10/2282 1125
8.74 8.75 8.07 2/2282 1170
8.74 8.75 8.07 4/2282 1199
8.84 8.77 8.08 5/2282 1230
8.84 8.77 8.08 4/2282 1333
8.84 8.77 8.08 2/2282 1357
8.84 8.77 8.08 2/2282 1390
8.84 8.77 8.08 8/2282 1420
8.86 8.77 8.09 4/2282 1440
8.86 8.77 8.09 3/2282 1460
8.86 8.77 8.09 2/2282 1482
8.86 8.77 8.09 5/2282 1501
8.86 8.77 8.09 3/2282 1538
8.71 8.75 8.08 2/2282 1558
8.71 8.75 8.08 4/2282 1582
8.71 8.75 8.08 4/2283 1627
8.71 8.75 8.08 5/2283 1666
8.71 8.75 8.08 1/2283 1715
8.73 8.75 8.09 2/2283 1738
8.73 8.75 8.09 7/2283 1778
8.73 8.75 8.09 3/2283 1800
8.73 8.75 8.09 4/2282 1820
8.73 8.75 8.09 3/2282 1841
8.51 8.70 8.08 2/2282 1871
8.51 8.70 8.08 6/2282 1912
8.51 8.70 8.08 4/2282 1942
8.51 8.70 8.08 3/2282 1971
8.51 8.70 8.08 4/2282 2014
8.47 8.69 8.07 4/2281 2046
8.47 8.69 8.07 9/2281 2066
8.47 8.69 8.07 3/2281 2096
8.47 8.69 8.07 3/2281 2154
8.47 8.69 8.07 4/2281 2182
8.83 8.76 8.10 4/2281 2205
8.83 8.76 8.10 2/2281 2227
8.83 8.76 8.10 4/2284 2263
8.83 8.76 8.10 1/2284 2283
8.83 8.76 8.10 6/2284 2312
8.61 8.72 8.09 5/2284 2339
8.61 8.72 8.09 2/2284 2375
8.61 8.72 8.09 3/2284 2398
8.61 8.72 8.09 11/2284 2426
8.61 8.72 8.09 6/2284 2447
8.48 8.69 8.08 3/2283 2488
8.48 8.69 8.08 4/2283 2522
8.48 8.69 8.08 2/2284 2550
8.48 8.69 8.08 2/2284 2586
8.48 8.69 8.08 3/2284 2624
8.52 8.69 8.09 2/2284 2647
8.52 8.69 8.09 5/2284 2682
8.52 8.69 8.09 2/2285 2718
8.52 8.69 8.09 2/2285 2740
8.52 8.69 8.09 7/2285 2772
8.64 8.72 8.10 2/2285 2792
8.64 8.72 8.10 2/2285 2816
8.64 8.72 8.10 2/2285 2859
8.64 8.72 8.10 12/2285 2882
8.64 8.72 8.10 4/2285 2913
8.43 8.67 8.09 4/2285 2944
8.43 8.67 8.09 6/2285 2969
8.43 8.67 8.09 2/2285 2993
8.43 8.67 8.09 7/2285 3031
8.43 8.67 8.09 3/2285 3074
8.47 8.68 8.09 4/2285 3096
8.47 8.68 8.09 4/2285 3149
8.47 8.68 8.09 2/2285 3175
8.47 8.68 8.09 2/2285 3194
8.47 8.68 8.09 1/2285 3220
8.60 8.70 8.10 3/2286 3259
8.60 8.70 8.10 5/2286 3295
8.60 8.70 8.10 3/2286 3317
8.60 8.70 8.10 2/2286 3340
8.60 8.70 8.10 2/2286 3388
8.47 8.67 8.10 4/2286 3422
8.47 8.67 8.10 2/2286 3458
8.47 8.67 8.10 3/2286 3499
8.47 8.67 8.10 2/2286 3526
8.47 8.67 8.10 3/2286 3550
8.19 8.61 8.08 2/2286 3573
8.19 8.61 8.08 3/2286 3597
8.19 8.61 8.08 2/2286 3620
8.19 8.61 8.08 4/2286 3639
8.19 8.61 8.08 4/2286 3661
8.25 8.62 8.09 3/2286 3687
8.25 8.62 8.09 3/2286 3727
8.25 8.62 8.09 13/2286 3758
8.25 8.62 8.09 4/2286 3777
8.25 8.62 8.09 6/2286 3796
8.15 8.59 8.08 2/2286 3826
8.15 8.59 8.08 2/2286 3850
8.15 8.59 8.08 4/2286 3875
8.15 8.59 8.08 5/2286 3895
8.15 8.59 8.08 4/2286 3915
7.98 8.55 8.07 4/2286 3936
7.98 8.55 8.07 2/2286 3968
7.98 8.55 8.07 1/2286 3995
7.98 8.55 8.07 4/2286 4014
7.98 8.55 8.07 3/2286 4034
8.06 8.55 8.07 4/2286 4053
8.06 8.55 8.07 3/2286 4073
8.06 8.55 8.07 2/2286 4100
8.06 8.55 8.07 3/2286 4123
8.06 8.55 8.07 3/2286 4142
8.06 8.54 8.07 6/2286 4162
8.06 8.54 8.07 4/2286 4181
8.06 8.54 8.07 1/2286 4200
8.06 8.54 8.07 7/2286 4221
8.06 8.54 8.07 7/2286 4242
8.05 8.54 8.07 5/2286 4261
8.05 8.54 8.07 2/2286 4281
8.05 8.54 8.07 5/2286 4300
8.05 8.54 8.07 6/2286 4319
8.05 8.54 8.07 2/2286 4340
8.05 8.53 8.07 4/2286 4359
8.05 8.53 8.07 4/2286 4378
8.05 8.53 8.07 3/2286 4399
8.05 8.53 8.07 7/2286 4418
8.05 8.53 8.07 5/2286 4437
8.05 8.53 8.07 4/2286 4459
8.12 8.53 8.08 7/2286 4478
8.12 8.53 8.08 3/2286 4497
8.12 8.53 8.08 3/2286 4519
8.12 8.53 8.08 2/2286 4551
8.12 8.53 8.08 3/2286 4571
8.20 8.54 8.08 2/2286 4591
8.20 8.54 8.08 3/2286 4611
8.20 8.54 8.08 3/2286 4632
8.20 8.54 8.08 2/2286 4653
8.20 8.54 8.08 3/2286 4673
8.26 8.55 8.09 2/2286 4692
8.26 8.55 8.09 2/2286 4723
8.26 8.55 8.09 4/2286 4743
8.26 8.55 8.09 6/2286 4762
8.26 8.55 8.09 4/2286 4783
8.24 8.54 8.09 3/2286 4806
8.24 8.54 8.09 5/2286 4827
8.24 8.54 8.09 3/2286 4848
8.24 8.54 8.09 1/2286 4868
8.24 8.54 8.09 3/2286 4888
8.30 8.55 8.09 3/2286 4910
8.30 8.55 8.09 6/2286 4933
8.30 8.55 8.09 2/2286 4953
8.30 8.55 8.09 2/2286 4973
8.30 8.55 8.09 5/2286 4993
8.44 8.57 8.10 6/2286 5012
8.44 8.57 8.10 1/2286 5033
8.44 8.57 8.10 6/2286 5053
8.44 8.57 8.10 3/2286 5072
8.44 8.57 8.10 2/2287 5092
8.40 8.56 8.10 4/2286 5111
8.40 8.56 8.10 9/2286 5132
8.40 8.56 8.10 2/2286 5152
8.40 8.56 8.10 3/2286 5171
8.40 8.56 8.10 1/2287 5192
8.29 8.54 8.10 6/2287 5212
8.29 8.54 8.10 3/2287 5232
8.29 8.54 8.10 1/2287 5251
8.29 8.54 8.10 5/2287 5271
8.29 8.54 8.10 2/2287 5290
8.18 8.51 8.09 3/2287 5309
8.18 8.51 8.09 4/2287 5329
8.18 8.51 8.09 5/2286 5349
8.18 8.51 8.09 1/2286 5368
8.18 8.51 8.09 1/2286 5388
8.73 8.62 8.13 6/2286 5407
8.73 8.62 8.13 4/2286 5426
8.73 8.62 8.13 7/2286 5447
8.73 8.62 8.13 2/2286 5466
8.73 8.62 8.13 4/2286 5486
8.83 8.64 8.14 1/2286 5506
8.83 8.64 8.14 2/2286 5525
8.83 8.64 8.14 3/2286 5544
8.83 8.64 8.14 1/2286 5565
8.83 8.64 8.14 1/2286 5584
8.61 8.60 8.13 1/2286 5603
8.61 8.60 8.13 1/2286 5623
8.61 8.60 8.13 4/2286 5642
8.61 8.60 8.13 4/2286 5662
8.61 8.60 8.13 2/2286 5682
8.72 8.62 8.14 3/2286 5701
8.72 8.62 8.14 5/2286 5720
8.72 8.62 8.14 7/2286 5740
8.72 8.62 8.14 1/2286 5760
8.72 8.62 8.14 4/2286 5779
9.06 8.69 8.16 6/2286 5804
9.06 8.69 8.16 5/2286 5826
9.06 8.69 8.16 2/2285 5845
9.06 8.69 8.16 4/2285 5872
9.06 8.69 8.16 6/2285 5894
9.14 8.72 8.17 7/2285 5915
9.14 8.72 8.17 4/2285 5935
9.14 8.72 8.17 6/2285 5954
9.14 8.72 8.17 9/2285 5974
9.14 8.72 8.17 1/2285 6029
9.45 8.79 8.20 3/2285 6048
9.45 8.79 8.20 4/2285 6067
9.45 8.79 8.20 1/2285 6092
9.45 8.79 8.20 2/2285 6126
9.45 8.79 8.20 3/2285 6146
9.25 8.76 8.19 3/2285 6167
9.25 8.76 8.19 7/2285 6191
9.25 8.76 8.19 3/2285 6211
9.25 8.76 8.19 2/2285 6231
9.25 8.76 8.19 1/2285 6254
9.23 8.76 8.20 5/2285 6275
9.23 8.76 8.20 5/2285 6297
9.23 8.76 8.20 1/2285 6316
9.23 8.76 8.20 7/2280 6341
9.23 8.76 8.20 2/2280 6363
9.13 8.75 8.20 2/2280 6383
9.13 8.75 8.20 3/2280 6411
9.13 8.75 8.20 4/2280 6434
9.13 8.75 8.20 2/2280 6453
9.13 8.75 8.20 8/2280 6472
9.12 8.75 8.20 2/2280 6492
9.12 8.75 8.20 1/2280 6511
9.12 8.75 8.20 3/2280 6531
9.12 8.75 8.20 2/2280 6551
9.12 8.75 8.20 3/2280 6570
8.95 8.72 8.19 1/2280 6594
8.95 8.72 8.19 3/2280 6614
8.95 8.72 8.19 2/2280 6634
8.95 8.72 8.19 2/2280 6653
8.95 8.72 8.19 4/2280 6676
8.71 8.68 8.18 4/2280 6700
8.71 8.68 8.18 1/2280 6719
8.71 8.68 8.18 4/2280 6739
8.71 8.68 8.18 4/2280 6765
8.71 8.68 8.18 5/2280 6787
8.82 8.70 8.19 2/2280 6807
8.82 8.70 8.19 3/2280 6831
8.82 8.70 8.19 6/2280 6856
8.82 8.70 8.19 2/2280 6878
8.82 8.70 8.19 3/2280 6900
8.91 8.72 8.20 5/2280 6922
8.91 8.72 8.20 2/2280 6942
8.91 8.72 8.20 1/2280 6963
8.91 8.72 8.20 4/2280 6986
8.91 8.72 8.20 2/2280 7006
8.68 8.68 8.19 2/2280 7025
8.68 8.68 8.19 1/2280 7044
8.68 8.68 8.19 1/2280 7064
8.68 8.68 8.19 4/2280 7083
8.68 8.68 8.19 2/2280 7103
9.10 8.77 8.22 5/2280 7123
9.10 8.77 8.22 2/2280 7142
9.10 8.77 8.22 3/2280 7161
9.10 8.77 8.22 4/2280 7182
9.10 8.77 8.22 2/2280 7202
9.82 8.92 8.27 3/2280 7223
9.82 8.92 8.27 10/2280 7243
9.82 8.92 8.27 3/2280 7263
9.82 8.92 8.27 3/2280 7282
9.82 8.92 8.27 1/2279 7304
9.59 8.89 8.27 4/2279 7324
9.59 8.89 8.27 3/2279 7343
9.59 8.89 8.27 2/2279 7364
9.59 8.89 8.27 1/2278 7384
9.59 8.89 8.27 3/2278 7403
9.46 8.87 8.26 2/2278 7423
9.46 8.87 8.26 3/2278 7444
9.46 8.87 8.26 1/2278 7467
9.46 8.87 8.26 3/2278 7488
9.46 8.87 8.26 1/2278 7507
9.75 8.94 8.29 3/2278 7526
9.75 8.94 8.29 3/2278 7547
9.75 8.94 8.29 3/2278 7568
9.75 8.94 8.29 2/2278 7587
9.75 8.94 8.29 3/2278 7607
9.53 8.91 8.28 4/2278 7627
9.53 8.91 8.28 2/2278 7646
9.53 8.91 8.28 3/2278 7666
9.53 8.91 8.28 3/2278 7685
9.53 8.91 8.28 3/2278 7705
9.24 8.86 8.27 5/2276 7726
9.24 8.86 8.27 2/2276 7745
9.24 8.86 8.27 4/2276 7765
9.24 8.86 8.27 2/2276 7787
9.24 8.86 8.27 5/2276 7806
9.06 8.83 8.26 3/2276 7837
9.06 8.83 8.26 11/2276 7865
9.06 8.83 8.26 2/2276 7884
9.06 8.83 8.26 5/2276 7903
9.06 8.83 8.26 3/2276 7925
10.34 9.10 8.35 4/2276 7974
10.34 9.10 8.35 4/2276 8035
10.34 9.10 8.35 6/2276 8060
10.34 9.10 8.35 4/2276 8089
10.34 9.10 8.35 5/2276 8112
10.15 9.08 8.35 7/2281 8145
10.15 9.08 8.35 4/2281 8165
10.15 9.08 8.35 3/2281 8186
10.15 9.08 8.35 4/2281 8208
10.15 9.08 8.35 6/2281 8232
10.14 9.09 8.36 3/2281 8253
10.14 9.09 8.36 2/2281 8273
10.14 9.09 8.36 4/2281 8292
10.14 9.09 8.36 2/2281 8315
10.14 9.09 8.36 2/2281 8336
9.97 9.08 8.36 3/2281 8362
9.97 9.08 8.36 4/2281 8386
9.97 9.08 8.36 1/2281 8406
9.97 9.08 8.36 7/2281 8425
9.97 9.08 8.36 3/2281 8444
9.89 9.07 8.36 5/2280 8464
9.89 9.07 8.36 6/2280 8484
9.89 9.07 8.36 3/2280 8507
9.89 9.07 8.36 2/2280 8527
9.89 9.07 8.36 1/2280 8546
9.58 9.02 8.35 1/2278 8568
9.58 9.02 8.35 2/2279 8589
9.58 9.02 8.35 3/2280 8610
9.58 9.02 8.35 1/2280 8629
9.58 9.02 8.35 9/2280 8649
9.45 9.01 8.35 2/2281 8670
9.45 9.01 8.35 1/2281 8689
9.45 9.01 8.35 2/2281 8709
9.45 9.01 8.35 1/2281 8729
9.45 9.01 8.35 1/2281 8748
9.26 8.97 8.34 3/2281 8768
9.26 8.97 8.34 2/2282 8788
9.26 8.97 8.34 1/2282 8807
9.26 8.97 8.34 5/2282 8827
9.26 8.97 8.34 1/2282 8846
9.56 9.04 8.37 6/2282 8869
9.56 9.04 8.37 5/2282 8890
9.56 9.04 8.37 7/2282 8909
9.56 9.04 8.37 2/2282 8928
9.56 9.04 8.37 4/2282 8948
9.51 9.04 8.37 2/2282 8967
9.51 9.04 8.37 4/2282 8988
9.51 9.04 8.37 5/2282 9008
9.51 9.04 8.37 3/2282 9027
9.51 9.04 8.37 7/2282 9046
9.31 9.00 8.36 9/2282 9066
9.31 9.00 8.36 7/2280 9085
9.31 9.00 8.36 3/2280 9105
9.31 9.00 8.36 4/2280 9125
9.31 9.00 8.36 1/2280 9144
9.12 8.97 8.35 3/2280 9163
9.12 8.97 8.35 3/2280 9183
9.12 8.97 8.35 5/2280 9202
9.12 8.97 8.35 8/2280 9221
9.12 8.97 8.35 4/2280 9241
9.52 9.05 8.39 5/2280 9260
9.52 9.05 8.39 9/2279 9279
9.52 9.05 8.39 2/2280 9300
9.52 9.05 8.39 3/2280 9320
9.52 9.05 8.39 2/2280 9339
9.55 9.07 8.39 2/2280 9359
9.55 9.07 8.39 4/2277 9378
9.55 9.07 8.39 1/2277 9397
9.55 9.07 8.39 4/2283 9423
9.55 9.07 8.39 10/2281 9446
9.27 9.02 8.38 2/2280 9465
9.27 9.02 8.38 1/2280 9485
9.27 9.02 8.38 3/2280 9504
9.27 9.02 8.38 2/2280 9523
9.27 9.02 8.38 1/2280 9544
8.93 8.95 8.36 2/2280 9563
8.93 8.95 8.36 6/2280 9583
8.93 8.95 8.36 6/2280 9603
8.93 8.95 8.36 1/2280 9623
8.93 8.95 8.36 11/2280 9642
9.41 9.05 8.40 3/2280 9662
9.41 9.05 8.40 4/2279 9681
9.41 9.05 8.40 5/2279 9700
9.41 9.05 8.40 3/2279 9720
9.41 9.05 8.40 1/2279 9740
9.38 9.05 8.40 4/2281 9761
9.38 9.05 8.40 1/2281 9781
9.38 9.05 8.40 4/2281 9800
9.38 9.05 8.40 4/2281 9819
9.38 9.05 8.40 4/2281 9839
9.11 9.00 8.39 6/2281 9858
9.11 9.00 8.39 5/2281 9877
9.11 9.00 8.39 2/2281 9897
9.11 9.00 8.39 7/2281 9916
9.11 9.00 8.39 3/2281 9935
8.86 8.95 8.38 7/2281 9956
8.86 8.95 8.38 5/2281 9975
8.86 8.95 8.38 4/2284 9997
8.86 8.95 8.38 3/2284 10017
8.86 8.95 8.38 1/2284 10036
8.95 8.97 8.38 5/2284 10055
8.95 8.97 8.38 3/2284 10075
8.95 8.97 8.38 4/2284 10094
8.95 8.97 8.38 3/2284 10113
8.95 8.97 8.38 1/2284 10133
9.04 8.99 8.39 3/2284 10152
9.04 8.99 8.39 1/2284 10172
9.04 8.99 8.39 5/2284 10192
9.04 8.99 8.39 7/2284 10211
9.04 8.99 8.39 2/2284 10230
8.87 8.95 8.39 8/2284 10250
8.87 8.95 8.39 2/2284 10280
8.87 8.95 8.39 3/2284 10301
8.87 8.95 8.39 5/2284 10322
8.87 8.95 8.39 3/2284 10374
8.72 8.92 8.38 3/2284 10395
8.72 8.92 8.38 1/2284 10418
8.72 8.92 8.38 5/2284 10448
8.72 8.92 8.38 1/2284 10470
8.72 8.92 8.38 6/2284 10492
8.98 8.97 8.40 3/2284 10514
8.98 8.97 8.40 1/2284 10558
8.98 8.97 8.40 2/2284 10580
8.98 8.97 8.40 3/2286 10604
8.98 8.97 8.40 6/2286 10623
8.99 8.97 8.40 3/2286 10643
8.99 8.97 8.40 4/2286 10662
8.99 8.97 8.40 3/2286 10681
8.99 8.97 8.40 4/2286 10702
8.99 8.97 8.40 1/2285 10722
8.83 8.94 8.39 2/2285 10741
8.83 8.94 8.39 6/2285 10762
8.83 8.94 8.39 2/2285 10781
8.83 8.94 8.39 5/2285 10800
8.83 8.94 8.39 5/2285 10820
8.60 8.89 8.38 2/2285 10839
8.60 8.89 8.38 7/2285 10858
8.60 8.89 8.38 7/2285 10878
8.60 8.89 8.38 2/2285 10897
8.60 8.89 8.38 1/2285 10917
8.95 8.96 8.40 3/2285 10937
8.95 8.96 8.40 2/2285 10956
8.95 8.96 8.40 4/2285 10975
8.95 8.96 8.40 2/2285 10996
8.95 8.96 8.40 3/2285 11015
9.04 8.98 8.41 2/2285 11034
9.04 8.98 8.41 4/2285 11054
9.04 8.98 8.41 4/2285 11073
9.04 8.98 8.41 8/2284 11092
9.04 8.98 8.41 2/2284 11112
8.79 8.93 8.40 3/2284 11132
8.79 8.93 8.40 5/2284 11151
8.79 8.93 8.40 3/2284 11171
8.79 8.93 8.40 2/2284 11190
8.79 8.93 8.40 4/2284 11209
8.57 8.88 8.39 5/2284 11229
8.57 8.88 8.39 10/2284 11248
8.57 8.88 8.39 6/2284 11267
8.57 8.88 8.39 6/2284 11287
8.57 8.88 8.39 3/2284 11306
9.08 8.98 8.42 3/2284 11325
9.08 8.98 8.42 7/2284 11346
9.08 8.98 8.42 3/2284 11365
9.08 8.98 8.42 6/2284 11384
9.08 8.98 8.42 5/2284 11404
9.16 9.00 8.43 7/2284 11423
9.16 9.00 8.43 5/2284 11442
9.16 9.00 8.43 4/2284 11462
9.16 9.00 8.43 5/2284 11481
9.16 9.00 8.43 1/2284 11500
8.99 8.96 8.42 8/2284 11520
8.99 8.96 8.42 3/2284 11539
8.99 8.96 8.42 5/2284 11559
8.99 8.96 8.42 3/2284 11579
8.99 8.96 8.42 2/2283 11598
8.99 8.96 8.43 2/2283 11617
8.99 8.96 8.43 5/2283 11637
8.99 8.96 8.43 1/2287 11660
8.99 8.96 8.43 5/2287 11679
8.99 8.96 8.43 4/2287 11699
9.23 9.01 8.45 4/2287 11718
9.23 9.01 8.45 4/2288 11738
9.23 9.01 8.45 2/2288 11758
9.23 9.01 8.45 1/2288 11778
9.23 9.01 8.45 4/2288 11797
9.21 9.01 8.45 1/2288 11817
9.21 9.01 8.45 4/2288 11836
9.21 9.01 8.45 5/2288 11855
9.21 9.01 8.45 1/2288 11875
9.21 9.01 8.45 4/2288 11894
9.03 8.98 8.44 6/2288 11913
9.03 8.98 8.44 5/2288 11933
9.03 8.98 8.44 11/2288 11952
9.03 8.98 8.44 2/2288 11972
9.03 8.98 8.44 4/2288 11992
9.03 8.98 8.45 3/2288 12011
9.03 8.98 8.45 2/2288 12030
9.03 8.98 8.45 5/2288 12050
9.03 8.98 8.45 5/2288 12069
9.03 8.98 8.45 2/2287 12088
9.03 8.98 8.45 5/2287 12108
9.03 8.98 8.45 3/2287 12127
9.03 8.98 8.45 4/2288 12147
9.03 8.98 8.45 1/2288 12167
9.03 8.98 8.45 1/2288 12187
8.94 8.96 8.45 6/2288 12206
8.94 8.96 8.45 6/2288 12226
8.94 8.96 8.45 3/2288 12245
8.94 8.96 8.45 1/2288 12264
8.94 8.96 8.45 2/2288 12284
8.71 8.92 8.43 4/2288 12303
8.71 8.92 8.43 4/2288 12322
8.71 8.92 8.43 3/2288 12342
8.71 8.92 8.43 4/2289 12364
8.71 8.92 8.43 3/2294 12388
8.65 8.90 8.43 2/2294 12409
8.65 8.90 8.43 7/2294 12428
8.65 8.90 8.43 3/2294 12447
8.65 8.90 8.43 2/2294 12467
8.65 8.90 8.43 2/2294 12486
8.84 8.93 8.44 3/2294 12505
8.84 8.93 8.44 3/2294 12525
8.84 8.93 8.44 2/2294 12544
8.84 8.93 8.44 1/2294 12563
8.84 8.93 8.44 4/2294 12583
8.69 8.90 8.44 3/2294 12602
8.69 8.90 8.44 6/2294 12624
8.69 8.90 8.44 4/2294 12644
8.69 8.90 8.44 1/2294 12663
8.69 8.90 8.44 5/2294 12682
8.80 8.92 8.45 7/2294 12702
8.80 8.92 8.45 2/2294 12721
8.80 8.92 8.45 3/2294 12740
8.80 8.92 8.45 5/2294 12760
8.80 8.92 8.45 2/2294 12779
8.65 8.89 8.44 3/2294 12798
8.65 8.89 8.44 4/2294 12818
8.65 8.89 8.44 3/2294 12838
8.65 8.89 8.44 6/2294 12857
8.65 8.89 8.44 2/2294 12877
8.76 8.91 8.45 6/2294 12896
8.76 8.91 8.45 1/2294 12915
8.76 8.91 8.45 3/2294 12935
8.76 8.91 8.45 2/2294 12954
8.76 8.91 8.45 1/2294 12974
8.78 8.91 8.45 3/2294 12994
8.78 8.91 8.45 2/2294 13013
8.78 8.91 8.45 1/2294 13032
8.78 8.91 8.45 2/2294 13053
8.78 8.91 8.45 7/2294 13072
8.80 8.91 8.45 2/2294 13091
8.80 8.91 8.45 4/2294 13111
8.80 8.91 8.45 2/2294 13130
8.80 8.91 8.45 10/2294 13149
8.80 8.91 8.45 4/2294 13169
8.81 8.91 8.46 4/2294 13188
8.81 8.91 8.46 2/2294 13207
8.81 8.91 8.46 1/2294 13227
8.81 8.91 8.46 4/2294 13246
8.81 8.91 8.46 4/2294 13266
8.99 8.95 8.47 2/2294 13286
8.99 8.95 8.47 3/2294 13305
8.99 8.95 8.47 3/2294 13324
8.99 8.95 8.47 3/2294 13344
8.99 8.95 8.47 1/2294 13363
8.83 8.92 8.46 7/2294 13382
8.83 8.92 8.46 3/2294 13402
8.83 8.92 8.46 6/2294 13421
8.83 8.92 8.46 5/2294 13440
8.83 8.92 8.46 4/2297 13464
8.92 8.93 8.47 4/2297 13483
8.92 8.93 8.47 4/2297 13502
8.92 8.93 8.47 5/2298 13524
8.92 8.93 8.47 2/2298 13543
8.92 8.93 8.47 4/2294 13562
9.17 8.98 8.49 6/2294 13582
9.17 8.98 8.49 3/2294 13601
9.17 8.98 8.49 4/2294 13620
9.17 8.98 8.49 4/2296 13642
9.17 8.98 8.49 2/2295 13667
9.16 8.99 8.49 1/2294 13688
9.16 8.99 8.49 7/2294 13708
9.16 8.99 8.49 7/2294 13727
9.16 8.99 8.49 2/2294 13747
9.16 8.99 8.49 1/2294 13767
9.06 8.97 8.49 4/2294 13786
9.06 8.97 8.49 6/2294 13805
9.06 8.97 8.49 2/2294 13825
9.06 8.97 8.49 5/2294 13844
9.06 8.97 8.49 5/2293 13863
9.62 9.09 8.53 3/2293 13883
9.62 9.09 8.53 1/2293 13902
9.62 9.09 8.53 2/2293 13921
9.62 9.09 8.53 3/2293 13941
9.62 9.09 8.53 4/2293 13961
9.41 9.05 8.52 3/2293 13980
9.41 9.05 8.52 5/2293 14000
9.41 9.05 8.52 7/2293 14019
9.41 9.05 8.52 5/2293 14038
9.41 9.05 8.52 7/2293 14058
9.70 9.12 8.55 3/2293 14077
9.70 9.12 8.55 3/2293 14096
9.70 9.12 8.55 5/2293 14116
9.70 9.12 8.55 3/2293 14135
9.70 9.12 8.55 2/2293 14154
9.70 9.12 8.55 3/2293 14175
9.64 9.12 8.55 3/2293 14194
9.64 9.12 8.55 2/2293 14213
9.64 9.12 8.55 8/2293 14233
9.64 9.12 8.55 2/2293 14252
9.67 9.13 8.56 5/2293 14271
9.67 9.13 8.56 1/2293 14291
9.67 9.13 8.56 4/2293 14310
9.67 9.13 8.56 2/2293 14329
9.67 9.13 8.56 5/2293 14349
9.78 9.16 8.57 8/2293 14368
9.78 9.16 8.57 2/2293 14388
9.78 9.16 8.57 2/2293 14408
9.78 9.16 8.57 6/2293 14427
9.78 9.16 8.57 3/2293 14446
9.78 9.16 8.57 4/2293 14466
9.87 9.19 8.58 5/2293 14485
9.87 9.19 8.58 1/2293 14504
9.87 9.19 8.58 2/2293 14524
9.87 9.19 8.58 5/2293 14544
9.87 9.19 8.58 4/2293 14563
9.80 9.19 8.59 3/2293 14583
9.80 9.19 8.59 6/2293 14603
9.80 9.19 8.59 7/2293 14622
9.80 9.19 8.59 3/2293 14642
9.80 9.19 8.59 3/2292 14661
9.82 9.20 8.59 3/2292 14680
9.82 9.20 8.59 4/2292 14700
9.82 9.20 8.59 1/2292 14719
9.82 9.20 8.59 2/2292 14738
9.82 9.20 8.59 1/2292 14758
9.59 9.17 8.58 3/2292 14777
9.59 9.17 8.58 2/2292 14796
9.59 9.17 8.58 3/2292 14817
9.59 9.17 8.58 3/2292 14836
9.55 9.16 8.59 5/2292 14855
9.55 9.16 8.59 1/2292 14875
9.55 9.16 8.59 6/2292 14894
9.55 9.16 8.59 4/2292 14913
9.55 9.16 8.59 7/2292 14933
9.50 9.16 8.59 1/2292 14952
9.50 9.16 8.59 5/2292 14971
9.50 9.16 8.59 3/2292 14991
9.50 9.16 8.59 2/2292 15010
9.50 9.16 8.59 5/2292 15030
9.50 9.16 8.59 3/2292 15050
9.54 9.17 8.60 2/2292 15069
9.54 9.17 8.60 1/2292 15088
9.54 9.17 8.60 1/2292 15108
9.54 9.17 8.60 4/2292 15127
9.54 9.17 8.60 5/2292 15146
9.26 9.12 8.58 8/2292 15166
9.26 9.12 8.58 1/2292 15185
9.26 9.12 8.58 7/2292 15204
9.26 9.12 8.58 8/2292 15224
9.26 9.12 8.58 6/2292 15244
9.40 9.15 8.60 1/2292 15263
9.40 9.15 8.60 9/2292 15283
9.40 9.15 8.60 2/2292 15302
9.40 9.15 8.60 4/2292 15321
9.40 9.15 8.60 4/2292 15341
9.13 9.10 8.58 2/2292 15360
9.13 9.10 8.58 8/2292 15379
9.13 9.10 8.58 2/2292 15399
9.13 9.10 8.58 8/2292 15418
9.13 9.10 8.58 4/2291 15437
9.04 9.08 8.58 4/2291 15458
9.04 9.08 8.58 1/2291 15478
9.04 9.08 8.58 2/2291 15497
9.04 9.08 8.58 2/2291 15517
9.04 9.08 8.58 2/2291 15536
8.95 9.06 8.58 2/2291 15555
8.95 9.06 8.58 2/2291 15575
8.95 9.06 8.58 3/2291 15594
8.95 9.06 8.58 2/2291 15613
8.95 9.06 8.58 2/2291 15633
9.20 9.11 8.59 3/2291 15653
9.20 9.11 8.59 6/2291 15672
9.20 9.11 8.59 8/2291 15692
9.20 9.11 8.59 1/2291 15711
9.20 9.11 8.59 2/2289 15730
8.94 9.06 8.58 3/2289 15750
8.94 9.06 8.58 2/2289 15769
8.94 9.06 8.58 1/2289 15788
8.94 9.06 8.58 7/2289 15808
8.94 9.06 8.58 3/2289 15827
9.03 9.08 8.59 2/2289 15846
9.03 9.08 8.59 5/2289 15867
9.03 9.08 8.59 1/2289 15886
9.03 9.08 8.59 2/2289 15905
9.03 9.08 8.59 8/2289 15925
9.10 9.09 8.60 4/2289 15944
9.10 9.09 8.60 7/2292 15966
9.10 9.09 8.60 4/2292 15986
9.10 9.09 8.60 2/2291 16005
9.10 9.09 8.60 1/2291 16024
9.18 9.11 8.60 10/2291 16044
9.18 9.11 8.60 2/2291 16063
9.18 9.11 8.60 4/2291 16083
9.18 9.11 8.60 1/2291 16103
9.18 9.11 8.60 2/2291 16122
9.00 9.07 8.59 3/2291 16144
9.00 9.07 8.59 3/2291 16164
9.00 9.07 8.59 2/2291 16183
9.00 9.07 8.59 6/2291 16202
9.00 9.07 8.59 6/2291 16222
9.16 9.10 8.61 4/2291 16241
9.16 9.10 8.61 3/2291 16260
9.16 9.10 8.61 2/2291 16280
9.16 9.10 8.61 3/2291 16300
9.16 9.10 8.61 3/2291 16319
9.15 9.10 8.61 1/2291 16339
9.15 9.10 8.61 4/2291 16358
9.15 9.10 8.61 5/2292 16378
9.15 9.10 8.61 1/2292 16398
9.15 9.10 8.61 2/2292 16417
9.22 9.12 8.62 7/2292 16436
9.22 9.12 8.62 7/2292 16456
9.22 9.12 8.62 4/2292 16475
9.22 9.12 8.62 5/2292 16495
9.22 9.12 8.62 3/2291 16516
9.28 9.13 8.63 3/2291 16535
9.28 9.13 8.63 2/2291 16554
9.28 9.13 8.63 6/2291 16574
9.28 9.13 8.63 2/2291 16593
9.28 9.13 8.63 5/2291 16612
9.26 9.13 8.63 9/2291 16632
9.26 9.13 8.63 3/2291 16651
9.26 9.13 8.63 2/2291 16670
9.26 9.13 8.63 5/2291 16690
9.26 9.13 8.63 2/2291 16709
9.00 9.08 8.61 2/2291 16729
9.00 9.08 8.61 5/2291 16749
9.00 9.08 8.61 6/2292 16769
9.00 9.08 8.61 3/2292 16788
9.00 9.08 8.61 4/2292 16814
9.08 9.09 8.62 2/2292 16833
9.08 9.09 8.62 4/2292 16852
9.08 9.09 8.62 4/2292 16872
9.08 9.09 8.62 6/2292 16891
9.08 9.09 8.62 3/2292 16910
8.99 9.07 8.62 6/2292 16930
8.99 9.07 8.62 3/2292 16950
8.99 9.07 8.62 4/2292 16969
8.99 9.07 8.62 2/2292 16989
8.99 9.07 8.62 3/2292 17008
8.99 9.07 8.62 1/2292 17027
8.99 9.07 8.62 2/2292 17047
8.99 9.07 8.62 1/2292 17066
8.99 9.07 8.62 8/2292 17085
8.99 9.07 8.62 4/2292 17105
9.55 9.19 8.66 2/2292 17124
9.55 9.19 8.66 3/2292 17143
9.55 9.19 8.66 2/2292 17164
9.55 9.19 8.66 6/2292 17183
9.55 9.19 8.66 1/2292 17202
9.99 9.29 8.69 4/2292 17222
9.99 9.29 8.69 2/2292 17241
9.99 9.29 8.69 5/2293 17261
9.99 9.29 8.69 1/2293 17281
9.99 9.29 8.69 2/2293 17300
9.83 9.26 8.69 2/2293 17319
9.83 9.26 8.69 5/2293 17339
9.83 9.26 8.69 6/2293 17358
9.83 9.26 8.69 2/2293 17378
9.83 9.26 8.69 3/2293 17398
9.84 9.28 8.70 2/2294 17418
9.84 9.28 8.70 2/2294 17437
9.84 9.28 8.70 4/2294 17457
9.84 9.28 8.70 5/2294 17476
9.84 9.28 8.70 5/2294 17495
9.78 9.27 8.70 2/2294 17515
9.78 9.27 8.70 5/2294 17534
9.78 9.27 8.70 3/2294 17553
9.78 9.27 8.70 10/2294 17574
9.78 9.27 8.70 3/2294 17593
9.63 9.25 8.70 3/2292 17612
9.63 9.25 8.70 21/2292 17632
9.63 9.25 8.70 3/2292 17651
9.63 9.25 8.70 5/2292 17670
9.63 9.25 8.70 3/2293 17691
9.42 9.21 8.69 4/2293 17710
9.42 9.21 8.69 7/2293 17729
9.42 9.21 8.69 4/2293 17749
9.42 9.21 8.69 7/2294 17769
9.42 9.21 8.69 2/2294 17789
9.39 9.21 8.69 8/2294 17809
9.39 9.21 8.69 1/2294 17828
9.39 9.21 8.69 4/2294 17847
9.39 9.21 8.69 1/2294 17867
9.39 9.21 8.69 1/2294 17886
9.44 9.22 8.70 2/2294 17905
9.44 9.22 8.70 2/2294 17925
9.44 9.22 8.70 2/2294 17944
9.44 9.22 8.70 3/2294 17963
9.44 9.22 8.70 2/2294 17983
9.32 9.20 8.69 1/2294 18003
9.32 9.20 8.69 9/2294 18022
9.32 9.20 8.69 6/2294 18042
9.32 9.20 8.69 4/2294 18062
9.32 9.20 8.69 2/2294 18081
9.38 9.21 8.70 2/2294 18101
9.38 9.21 8.70 4/2294 18120
9.38 9.21 8.70 4/2294 18139
9.38 9.21 8.70 4/2294 18159
9.38 9.21 8.70 1/2294 18178
9.67 9.28 8.72 3/2294 18197
9.67 9.28 8.72 3/2297 18221
9.67 9.28 8.72 12/2302 18246
9.67 9.28 8.72 3/2328 18302
9.67 9.28 8.72 2/2328 18322
10.17 9.39 8.76 5/2337 18358
10.17 9.39 8.76 3/2337 18377
10.17 9.39 8.76 1/2337 18398
10.17 9.39 8.76 7/2336 18417
10.17 9.39 8.76 6/2336 18436
10.48 9.47 8.79 8/2403 18549
10.48 9.47 8.79 6/2399 18585
10.48 9.47 8.79 7/2404 18614
10.48 9.47 8.79 11/2448 18693
10.48 9.47 8.79 19/2297 18744
10.76 9.54 8.82 15/2296 18787
10.76 9.54 8.82 2/2296 18807
10.76 9.54 8.82 2/2295 18827
10.76 9.54 8.82 6/2293 18847
10.76 9.54 8.82 2/2309 18885
10.78 9.57 8.83 3/2309 18905
10.78 9.57 8.83 5/2309 18924
10.78 9.57 8.83 6/2309 18944
10.78 9.57 8.83 3/2309 18963
10.78 9.57 8.83 6/2309 18988
10.40 9.51 8.82 10/2308 19010
10.40 9.51 8.82 4/2308 19030
10.40 9.51 8.82 4/2308 19049
10.40 9.51 8.82 2/2308 19069
10.40 9.51 8.82 2/2308 19088
10.37 9.52 8.82 4/2308 19107
10.37 9.52 8.82 10/2308 19127
10.37 9.52 8.82 8/2284 19166
10.37 9.52 8.82 2/2280 19190
10.37 9.52 8.82 1/2262 19209
9.78 9.41 8.79 4/2241 19228
9.78 9.41 8.79 1/2234 19249
