6542.88 19846.16
6543.89 19850.95
6544.87 19855.74
6545.89 19861.04
6546.97 19866.47
6547.88 19871.10
6548.90 19876.22
6549.86 19881.11
6550.87 19886.24
6551.87 19891.41
6552.90 19896.34
6553.86 19900.89
6554.94 19906.09
6555.87 19909.35
6556.87 19913.20
6557.90 19917.05
6558.92 19922.07
6559.84 19926.65
6560.87 19931.49
6561.90 19936.10
6562.87 19939.76
6563.96 19944.84
6564.88 19949.16
6565.90 19953.75
6566.93 19958.56
6567.95 19963.22
6568.87 19967.27
6569.86 19971.80
6570.93 19976.87
6571.94 19981.64
6572.97 19986.72
6573.89 19990.90
6574.87 19995.49
6575.94 20000.48
6576.97 20005.51
6577.89 20009.90
6578.90 20014.65
6579.87 20018.47
6580.87 20022.79
6581.87 20027.53
6582.90 20032.25
6583.92 20037.52
6584.95 20042.87
6585.97 20048.09
6586.85 20052.60
6587.91 20058.11
6588.94 20063.61
6589.86 20068.16
6590.88 20073.61
6591.91 20078.44
6592.87 20083.07
6593.97 20088.31
6594.87 20092.26
6595.90 20097.57
6596.93 20102.81
6597.87 20106.97
6598.86 20111.99
6599.86 20116.95
6600.92 20121.75
6601.95 20126.75
6602.85 20130.98
6603.89 20135.71
6604.85 20140.60
6605.94 20146.16
6606.96 20151.12
6607.88 20156.04
6608.91 20161.40
6609.85 20166.24
6610.86 20171.57
6611.88 20177.02
6612.90 20182.59
6613.92 20188.12
6614.95 20193.39
6615.87 20198.33
6616.87 20203.74
6617.92 20209.43
6618.94 20214.15
6619.87 20218.95
6620.89 20224.51
6621.87 20229.92
6622.85 20235.13
6623.96 20240.94
6624.88 20245.76
6625.91 20251.36
6626.93 20256.86
6627.96 20261.76
6628.88 20266.41
6629.87 20270.76
6630.92 20276.27
6631.85 20281.78
6632.86 20285.92
6633.85 20289.72
6634.84 20294.73
6635.93 20301.18
6636.86 20306.08
6637.89 20312.11
6638.91 20317.92
6639.86 20321.86
6640.86 20326.94
6641.86 20332.57
6642.86 20337.84
6643.93 20343.94
6644.95 20349.67
6645.86 20354.77
6646.90 20360.72
6647.92 20366.64
6648.87 20371.65
6649.87 20377.60
6650.89 20382.95
6651.86 20388.15
6652.95 20394.36
6653.86 20399.54
6654.86 20404.92
6655.91 20410.75
6656.85 20415.78
6657.87 20421.33
6658.88 20426.97
6659.91 20432.59
6660.85 20437.78
6661.96 20443.86
6662.86 20448.80
6663.90 20454.49
6664.92 20460.14
6665.95 20465.93
6666.97 20471.78
6667.89 20476.73
6668.92 20482.44
6669.94 20488.13
6670.97 20493.80
6671.89 20498.92
6672.91 20504.49
6673.93 20510.27
6674.96 20516.11
6675.88 20521.08
6676.90 20526.77
6677.93 20532.40
6678.95 20538.15
6679.87 20543.34
6680.90 20548.66
6681.92 20554.32
6682.95 20560.02
6683.97 20565.46
6684.89 20570.60
6685.91 20576.07
6686.94 20581.69
6687.97 20587.30
6688.89 20592.36
6689.91 20597.98
6690.93 20603.64
6691.96 20609.24
6692.88 20614.46
6693.90 20619.93
6694.93 20625.61
6695.95 20631.22
6696.87 20636.20
6697.90 20641.62
6698.92 20646.75
6699.95 20651.60
6700.97 20657.23
6701.89 20662.06
6702.91 20667.02
6703.94 20672.63
6704.96 20678.32
6705.88 20683.46
6706.91 20689.14
6707.93 20694.82
6708.96 20700.37
6709.88 20705.43
6710.90 20711.17
6711.93 20716.88
6712.95 20722.31
6713.97 20727.72
6714.89 20732.75
6715.92 20738.42
6716.94 20744.03
6717.87 20749.13
6718.89 20754.71
6719.91 20760.22
6720.94 20765.96
6721.96 20771.60
6722.87 20776.62
6723.91 20782.38
6724.93 20788.07
6725.85 20793.12
6726.88 20799.01
6727.90 20804.89
6728.92 20810.69
6729.95 20816.56
6730.87 20821.89
6731.89 20827.73
6732.92 20832.82
6733.94 20838.54
6734.87 20843.67
6735.89 20848.76
6736.91 20854.55
6737.94 20860.30
6738.96 20866.13
6739.88 20871.67
6740.91 20877.37
6741.93 20883.18
6742.95 20888.93
6743.87 20894.08
6744.90 20899.92
6745.86 20905.22
6746.95 20911.39
6747.87 20916.43
6748.89 20921.96
6749.92 20927.48
6750.94 20933.39
6751.96 20938.84
6752.89 20943.88
6753.91 20949.59
6754.93 20955.34
6755.85 20960.41
6756.86 20966.07
6757.90 20971.98
6758.93 20977.76
6759.95 20983.48
6760.88 20988.49
6761.90 20994.14
6762.92 20999.85
6763.95 21005.83
6764.87 21010.82
6765.86 21015.76
6766.87 21021.36
6767.87 21026.72
6768.96 21031.95
6769.89 21036.96
6770.91 21042.83
6771.93 21048.61
6772.96 21054.16
6773.88 21059.22
6774.90 21064.76
6775.93 21070.34
6776.95 21076.03
6777.87 21080.94
6778.86 21086.12
6779.92 21091.65
6780.95 21096.96
6781.97 21102.31
6782.87 21106.88
6783.91 21112.21
6784.94 21117.58
6785.85 21122.34
6786.88 21127.66
6787.91 21133.35
6788.86 21138.16
6789.96 21144.34
6790.88 21149.32
6791.90 21154.96
6792.93 21160.78
6793.95 21166.54
6794.87 21171.59
6795.90 21177.32
6796.92 21183.11
6797.95 21189.06
6798.85 21193.40
6799.85 21198.96
6800.91 21204.90
6801.94 21210.13
6802.96 21215.95
6803.89 21221.26
6804.91 21227.21
6805.93 21233.05
6806.96 21238.97
6807.88 21244.29
6808.90 21250.28
6809.92 21256.17
6810.95 21262.16
6811.97 21268.25
6812.87 21273.14
6813.92 21279.33
6814.95 21285.06
6815.87 21290.32
6816.89 21296.11
6817.91 21302.17
6818.94 21307.97
6819.96 21313.99
6820.88 21319.27
6821.85 21324.55
6822.85 21330.03
6823.95 21336.49
6824.88 21341.60
6825.90 21347.16
6826.92 21353.07
6827.95 21359.01
6828.87 21363.97
6829.89 21369.74
6830.92 21375.49
6831.94 21380.38
6832.97 21386.10
6833.89 21391.19
6834.91 21396.37
6835.93 21402.00
6836.96 21407.77
6837.88 21412.84
6838.91 21418.41
6839.93 21424.13
6840.95 21429.99
6841.88 21435.04
6842.87 21440.54
6843.92 21446.40
6844.87 21451.58
6845.86 21457.12
6846.89 21462.60
6847.87 21467.97
6848.94 21473.81
6849.96 21479.42
6850.88 21484.29
6851.91 21490.04
6852.93 21495.84
6853.96 21501.60
6854.88 21506.53
6855.86 21511.79
6856.93 21517.72
6857.95 21523.40
6858.98 21529.03
6859.90 21534.22
6860.92 21539.95
6861.95 21545.49
6862.97 21551.26
6863.90 21556.16
6864.86 21560.81
6865.87 21566.40
6866.86 21571.97
6867.87 21576.97
6868.91 21582.80
6869.93 21588.23
6870.96 21593.96
6871.88 21599.07
6872.90 21604.70
6873.93 21610.33
6874.95 21615.99
6875.85 21620.91
6876.87 21626.44
6877.86 21632.05
6878.95 21638.13
6879.97 21643.99
6880.89 21649.13
6881.92 21654.77
6882.94 21660.57
6883.96 21666.15
6884.86 21671.19
6885.91 21676.94
6886.93 21682.51
6887.86 21687.76
6888.87 21693.45
6889.90 21699.18
6890.93 21705.00
6891.95 21710.87
6892.97 21716.60
6893.89 21721.67
6894.87 21727.10
6895.95 21733.09
6896.87 21738.18
6897.89 21743.35
6898.87 21748.82
6899.86 21754.21
6900.86 21759.10
6901.88 21765.00
6902.87 21770.26
6903.93 21776.31
6904.95 21782.11
6905.86 21787.37
6906.90 21793.25
6907.93 21798.95
6908.95 21804.64
6909.97 21810.30
6910.89 21815.52
6911.92 21821.29
6912.94 21826.81
6913.97 21832.41
6914.89 21837.70
6915.91 21843.49
6916.94 21849.05
6917.96 21854.75
6918.89 21859.78
6919.91 21865.49
6920.93 21871.41
6921.95 21877.06
6922.98 21882.90
6923.90 21888.12
6924.87 21893.47
6925.95 21899.44
6926.97 21905.22
6927.89 21910.37
6928.92 21916.19
6929.88 21921.55
6930.97 21927.10
6931.89 21932.32
6932.91 21938.04
6933.93 21943.13
6934.96 21948.70
6935.88 21954.11
6936.91 21960.10
6937.93 21965.97
6938.87 21971.24
6939.98 21977.42
6940.90 21982.69
6941.92 21988.58
6942.95 21994.32
6943.97 22000.28
6944.90 22005.47
6945.92 22011.54
6946.95 22017.32
6947.97 22022.99
6948.89 22028.29
6949.91 22034.07
6950.93 22039.84
6951.96 22045.66
6952.88 22050.85
6953.90 22056.51
6954.87 22061.79
6955.87 22066.83
6956.87 22072.34
6957.90 22078.22
6958.92 22084.08
6959.87 22089.49
6960.97 22095.60
6961.89 22100.81
6962.88 22106.31
6963.94 22111.63
6964.97 22117.36
6965.89 22122.52
6967.01 22127.91
6967.94 22133.07
6968.96 22138.73
6969.98 22144.50
6970.90 22149.87
6971.93 22155.79
6972.95 22161.72
6973.97 22167.60
6974.89 22172.97
6975.92 22178.71
6976.86 22183.99
6977.97 22190.29
6978.89 22195.49
6979.91 22201.05
6980.94 22206.99
6981.96 22212.82
6982.89 22217.95
6983.91 22223.66
6984.89 22229.21
6985.96 22235.30
6986.88 22240.49
6987.91 22246.31
6988.93 22252.06
6989.87 22257.22
6990.87 22262.67
6991.89 22268.51
6992.92 22274.17
6993.94 22279.88
6994.97 22285.46
6995.89 22290.34
6996.91 22295.66
6997.94 22301.50
6998.96 22307.03
6999.87 22311.30
7000.91 22317.05
7001.93 22322.65
7002.95 22328.46
7003.98 22334.00
7004.90 22339.13
7005.92 22344.70
7006.95 22350.37
7007.97 22355.94
7008.89 22361.07
7009.92 22366.68
7010.94 22372.37
7011.97 22378.06
7012.89 22383.05
7013.91 22388.48
7014.94 22394.08
7015.96 22399.56
7016.88 22404.65
7017.91 22410.33
7018.93 22416.10
7019.94 22421.71
7020.87 22426.80
7021.90 22432.58
7022.88 22437.72
7023.87 22443.04
7024.87 22448.53
7025.89 22454.31
7026.92 22460.07
7027.94 22465.62
7028.97 22471.39
7029.87 22475.74
7030.91 22481.53
7031.93 22487.20
7032.96 22492.42
7033.88 22497.47
7034.90 22503.25
7035.93 22509.14
7036.87 22514.46
7037.87 22520.07
7038.90 22526.05
7039.92 22531.97
7040.95 22537.55
7041.97 22543.36
7042.89 22548.61
7043.92 22554.62
7044.94 22560.20
7045.96 22565.95
7046.89 22571.12
7047.91 22577.06
7048.93 22582.81
7049.96 22588.49
7050.98 22594.11
7051.91 22599.30
7052.87 22604.66
7054.95 22616.41
7056.92 22627.49
7057.87 22632.85
7058.97 22639.16
7059.89 22644.08
7060.91 22649.86
7061.94 22655.76
7062.87 22660.24
7063.89 22665.65
7064.91 22671.45
7065.87 22676.24
7066.96 22681.54
7067.88 22686.78
7068.88 22692.43
7069.93 22698.29
7070.95 22704.06
7071.98 22709.72
7072.90 22714.83
7073.92 22720.67
7074.95 22726.36
7075.97 22732.11
7076.89 22737.34
7077.91 22743.23
7078.87 22748.72
7079.88 22754.45
7080.88 22759.98
7081.91 22765.84
7082.88 22771.26
7083.96 22777.45
7084.98 22783.28
7085.90 22788.47
7086.93 22794.32
7087.95 22800.05
7088.97 22805.93
7089.87 22811.00
7090.92 22816.93
7091.95 22822.92
7092.97 22828.63
7093.89 22833.91
7094.91 22839.78
7096.04 22845.46
7096.96 22850.70
7097.88 22855.89
7098.91 22861.30
7099.93 22867.02
7100.95 22872.81
7101.98 22878.61
7102.90 22883.72
7103.92 22889.56
7104.95 22895.37
7105.97 22901.01
7106.89 22906.28
7107.87 22911.70
7108.94 22917.71
7109.97 22923.45
7110.89 22928.72
7111.91 22934.51
7112.94 22940.29
7113.96 22946.01
7114.88 22951.10
7115.91 22956.95
7116.93 22962.80
7117.88 22968.03
7118.98 22974.21
7119.90 22979.18
7120.92 22984.92
7121.95 22990.60
7122.97 22996.48
7123.89 23001.72
7124.92 23007.33
7125.94 23013.18
7126.97 23018.97
7127.89 23023.95
7128.91 23029.06
7129.93 23034.67
7130.96 23040.35
7131.87 23045.07
7132.90 23050.80
7133.93 23056.50
7134.96 23062.14
7135.98 23067.25
7136.90 23072.38
7137.92 23078.26
7138.95 23084.12
7139.97 23089.96
7140.89 23095.08
7141.91 23100.76
7142.88 23106.25
7143.96 23112.37
7144.89 23117.53
7145.91 23123.28
7146.93 23128.95
7147.96 23134.65
7148.88 23139.71
7149.90 23145.32
7150.93 23151.03
7151.95 23156.73
7152.97 23162.47
7153.90 23167.50
7154.92 23172.78
7155.95 23178.16
7156.97 23183.38
7157.89 23188.03
7158.91 23193.40
7159.94 23198.85
7160.96 23204.13
7161.89 23208.36
7162.91 23213.59
7163.93 23218.98
7164.87 23223.44
7165.98 23229.34
7166.90 23234.24
7167.93 23239.93
7168.95 23245.64
7169.97 23251.25
7170.89 23256.35
7171.92 23262.14
7172.95 23267.92
7173.97 23273.56
7174.89 23278.56
7175.91 23284.12
7176.94 23289.84
7177.96 23295.41
7178.88 23300.55
7179.91 23306.30
7180.93 23312.36
7181.95 23317.77
7182.98 23323.44
7183.90 23328.59
7184.93 23334.06
7185.95 23339.79
7186.97 23345.42
7187.87 23350.29
7188.87 23355.44
7189.88 23360.70
7190.87 23366.26
7191.87 23371.76
7192.91 23377.60
7193.94 23383.41
7194.96 23388.47
7195.99 23394.04
7196.91 23399.12
7197.87 23403.90
7198.95 23410.10
7199.98 23415.99
7200.91 23420.94
7201.93 23426.66
7202.88 23432.02
7203.97 23437.90
7204.89 23442.76
7205.91 23448.30
7206.87 23453.70
7207.97 23459.74
7208.89 23464.98
7209.91 23470.61
7210.94 23476.14
7211.96 23481.82
7212.88 23486.93
7213.91 23492.65
7214.93 23498.27
7215.95 23503.93
7216.87 23509.26
7217.90 23515.06
7218.92 23520.65
7219.95 23526.31
7220.97 23532.01
7221.89 23536.99
7222.91 23542.64
7223.94 23548.08
7224.88 23552.62
7225.88 23557.41
7226.91 23562.35
7227.87 23566.55
7228.96 23572.44
7229.98 23577.77
7230.87 23582.06
7231.93 23587.83
7232.95 23593.72
7233.87 23598.54
7234.90 23604.59
7235.92 23610.26
7236.88 23615.71
7237.87 23621.21
7238.89 23627.01
7239.91 23632.85
7240.94 23638.55
7241.96 23644.04
7242.89 23649.23
7243.91 23654.97
7244.93 23660.65
7245.96 23666.44
7246.98 23672.29
7247.90 23677.63
7248.93 23683.40
7249.87 23688.58
7250.97 23694.85
7251.90 23700.14
7252.92 23705.87
7253.94 23711.59
7254.97 23717.13
7255.89 23722.38
7256.92 23728.23
7257.94 23733.90
7258.96 23739.74
7259.88 23744.87
7260.88 23749.98
7261.93 23755.84
7262.89 23761.26
7263.87 23766.41
7264.90 23771.96
7265.93 23777.72
7266.87 23783.10
7267.97 23789.22
7268.90 23794.26
7269.88 23800.00
7270.88 23805.57
7271.97 23811.50
7272.89 23816.54
7273.91 23822.31
7274.94 23828.11
7275.96 23834.02
7276.98 23839.80
7277.91 23844.92
7278.93 23850.39
7279.87 23855.63
7280.98 23861.89
7281.90 23866.92
7282.92 23872.58
7283.95 23878.42
7284.97 23884.11
7285.88 23888.93
7286.92 23894.92
7287.94 23900.60
7288.97 23906.17
7289.99 23911.84
7290.87 23916.67
7291.93 23922.55
7292.96 23928.13
7293.88 23932.64
7294.91 23938.08
7295.93 23943.89
7296.87 23948.60
7297.98 23954.54
7298.90 23959.48
7299.92 23965.13
7300.95 23970.84
7301.97 23976.38
7302.89 23981.50
7303.92 23987.15
7304.94 23992.73
7305.97 23998.39
7306.88 24003.41
7307.91 24009.07
7308.94 24014.51
7309.96 24020.17
7310.98 24025.77
7311.91 24030.67
7312.93 24036.36
7313.95 24042.08
7314.97 24047.92
7315.88 24052.86
7316.93 24058.74
7317.95 24064.41
7318.97 24070.06
7319.89 24075.08
7320.87 24080.35
7321.94 24086.58
7322.90 24092.00
7323.99 24098.04
7324.91 24103.04
7325.93 24108.62
7326.96 24113.28
7327.88 24117.79
7328.90 24123.28
7329.88 24128.02
7330.95 24133.44
7331.98 24139.16
7332.89 24143.89
7333.92 24149.35
7334.95 24154.86
7335.97 24160.64
7336.89 24165.80
7337.92 24171.51
7338.94 24177.30
7339.97 24183.07
7340.99 24188.69
7341.91 24193.33
7342.93 24198.57
7343.95 24203.71
7344.88 24208.35
7345.87 24213.44
7346.93 24218.81
7347.95 24224.17
7348.97 24229.67
7349.89 24234.36
7350.88 24239.50
7351.95 24245.03
7352.97 24250.28
7353.89 24255.39
7354.91 24260.93
7355.94 24266.38
7356.96 24272.06
7357.88 24277.35
7358.91 24283.02
7359.87 24287.81
7360.95 24293.45
7361.98 24299.37
7362.90 24303.72
7363.93 24309.25
7364.95 24314.91
7365.97 24320.75
7366.89 24326.01
7367.92 24331.76
7368.95 24337.58
7369.87 24342.67
7370.89 24348.57
7371.91 24354.10
7372.94 24359.79
7373.96 24365.55
7374.88 24370.76
7375.88 24376.42
7376.93 24382.24
7377.95 24387.94
7378.88 24393.16
7379.90 24398.88
7380.88 24404.36
7381.95 24410.50
7382.87 24415.67
7383.87 24421.42
7384.92 24427.38
7385.94 24433.25
7386.96 24439.14
7387.89 24444.34
7388.91 24450.47
7389.94 24456.47
7390.87 24461.92
7391.87 24467.65
7392.88 24472.99
7393.93 24478.65
7394.95 24484.21
7395.88 24488.86
7396.88 24494.08
7397.92 24500.20
7398.87 24505.44
7399.97 24511.67
7400.89 24516.91
7401.91 24522.74
7402.89 24528.23
7403.96 24534.12
7404.89 24539.16
7405.91 24544.89
7406.93 24550.64
7407.96 24555.79
7408.88 24560.94
7409.90 24566.80
7410.91 24572.19
7411.95 24578.06
7412.97 24583.70
7413.90 24588.97
7414.92 24594.65
7415.95 24600.34
7416.97 24605.97
7417.90 24611.02
7418.92 24616.85
7419.87 24622.28
7420.97 24628.31
7421.99 24634.13
7422.91 24639.36
7423.93 24645.01
7424.96 24650.86
7425.89 24655.40
7426.90 24660.78
7427.93 24666.52
7428.88 24671.32
7429.88 24676.43
7430.88 24681.85
7431.87 24687.31
7432.95 24693.17
7433.97 24698.71
7434.89 24703.85
7435.91 24709.39
7436.94 24715.28
7437.96 24721.02
7438.99 24726.35
7439.90 24731.51
7440.93 24737.12
7441.96 24743.01
7442.92 24748.32
7443.87 24753.14
7444.87 24758.50
7445.95 24764.46
7446.97 24769.94
7447.90 24774.95
7448.88 24780.17
7449.95 24785.85
7450.97 24791.33
7451.89 24796.25
7452.91 24801.88
7453.94 24807.25
7454.96 24812.72
7455.88 24817.48
7456.91 24823.26
7457.93 24828.69
7458.96 24833.52
7459.98 24838.69
7460.90 24843.74
7461.93 24848.94
7462.95 24854.32
7463.97 24859.64
7464.90 24864.43
7465.92 24870.06
7466.95 24875.36
7467.97 24880.92
7468.89 24885.81
7469.91 24891.26
7470.94 24896.65
7471.96 24902.10
7472.88 24907.00
7473.91 24912.26
7474.93 24917.77
7475.95 24923.11
7476.98 24928.65
7477.90 24933.62
7478.93 24938.86
7479.95 24944.25
7480.97 24949.57
7481.89 24954.35
7482.92 24959.71
7483.94 24965.07
7484.97 24970.38
7485.89 24975.33
7486.91 24980.83
7487.93 24986.24
7488.96 24991.78
7489.98 24996.50
7490.91 25001.32
7491.88 25006.09
7492.95 25011.32
7493.98 25016.54
7494.87 25020.40
7495.92 25025.85
7496.95 25031.43
7497.97 25036.82
7498.89 25041.49
7499.92 25046.79
7500.94 25052.20
7501.97 25057.34
7502.89 25062.40
7503.88 25067.73
7504.94 25073.33
7505.96 25078.74
7506.98 25083.69
7507.91 25088.49
7508.93 25093.92
7509.95 25099.33
7510.98 25104.72
7511.90 25109.56
7512.92 25115.08
7513.95 25120.89
7514.97 25126.53
7515.89 25131.90
7516.87 25137.02
7517.88 25142.79
7518.88 25148.40
7519.89 25153.99
7520.91 25159.74
7521.93 25165.48
7522.96 25171.38
7523.88 25176.74
7524.88 25181.78
7525.93 25187.48
7526.95 25193.09
7527.88 25197.85
7528.90 25203.03
7529.92 25208.30
7530.94 25213.64
7531.97 25219.04
7532.99 25224.40
7533.92 25229.05
7534.94 25234.53
7535.96 25239.99
7536.88 25244.88
7537.87 25249.98
7538.93 25255.75
7539.95 25261.08
7540.98 25266.64
7541.90 25271.70
7542.93 25277.40
7543.95 25283.29
7544.97 25289.05
7545.89 25294.07
7546.92 25299.90
7547.94 25305.69
7548.97 25311.38
7549.89 25316.76
7550.91 25322.56
7551.94 25328.30
7552.96 25334.22
7553.99 25340.08
7554.91 25345.16
7555.93 25351.11
7556.95 25356.94
7557.89 25361.54
7558.90 25366.91
7559.93 25372.66
7560.95 25377.92
7561.98 25383.67
7562.88 25388.54
7563.88 25394.02
7564.95 25399.99
7565.97 25405.62
7566.89 25410.91
7567.87 25416.38
7568.94 25422.47
7569.96 25428.25
7570.88 25433.48
7571.91 25439.26
7572.93 25445.06
7573.95 25450.87
7574.98 25456.73
7575.90 25462.05
7576.92 25467.83
7577.87 25473.06
7578.97 25479.21
7579.90 25484.35
7580.92 25490.19
7581.94 25495.87
7582.97 25501.64
7583.88 25506.69
7584.91 25512.36
7585.94 25518.09
7586.96 25523.74
7587.89 25529.02
7588.88 25534.61
7589.93 25540.50
7590.89 25545.30
7591.98 25551.17
7592.90 25556.37
7593.89 25561.46
7594.95 25567.09
7595.97 25572.78
7596.89 25577.77
7597.87 25583.36
7598.87 25588.96
7599.88 25594.57
7600.89 25600.15
7601.91 25605.90
7602.93 25611.79
7603.96 25617.44
7604.98 25623.12
7605.91 25628.12
7606.93 25633.82
7607.95 25639.66
7608.98 25645.36
7609.90 25650.37
7610.87 25655.74
7611.95 25661.78
7612.97 25667.26
7613.89 25672.07
7614.91 25677.63
7615.94 25683.37
7616.96 25688.89
7617.99 25694.48
7618.91 25699.45
7619.94 25704.99
7620.87 25710.16
7621.88 25715.64
7622.90 25721.13
7623.88 25726.11
7624.95 25731.69
7625.97 25737.39
7626.88 25742.12
7627.87 25747.36
7628.94 25753.30
7629.97 25758.99
7630.89 25764.07
7631.88 25769.34
7632.94 25775.00
7633.96 25780.60
7634.89 25785.79
7635.91 25791.66
7636.93 25797.39
7637.96 25803.12
7638.98 25808.68
7639.90 25813.76
7640.93 25819.41
7641.95 25825.30
7642.97 25831.13
7643.90 25836.35
7644.92 25842.10
7645.94 25847.98
7646.97 25853.68
7647.89 25858.79
7648.91 25864.58
7649.94 25870.21
7650.96 25876.08
7651.99 25881.76
7652.91 25887.15
7653.93 25892.98
7654.95 25898.84
7655.98 25904.47
7656.88 25909.11
7657.88 25914.30
7658.95 25920.38
7659.89 25925.10
7660.89 25930.38
7661.92 25936.05
7662.94 25941.57
7663.97 25947.21
7664.89 25952.17
7665.91 25957.89
7666.93 25963.39
7667.96 25969.14
7668.99 25974.77
7669.88 25979.72
7670.93 25985.62
7671.95 25991.35
7672.98 25997.18
7673.90 26002.33
7674.92 26008.18
7675.95 26013.96
7676.97 26019.98
7677.88 26024.78
7678.87 26030.17
7679.94 26036.04
7680.96 26041.69
7681.89 26046.85
7682.91 26052.81
7683.88 26057.99
7684.96 26064.07
7685.99 26069.93
7686.91 26075.07
7687.88 26080.40
7688.95 26086.47
7689.88 26091.22
7690.90 26096.72
7691.92 26102.59
7692.95 26107.98
7693.97 26113.69
7694.89 26118.92
7695.92 26124.89
7696.94 26130.79
7697.97 26136.68
7698.99 26142.55
7699.91 26147.83
7700.93 26153.70
7701.96 26159.59
7702.98 26165.49
7703.91 26170.81
7704.93 26176.72
7705.95 26182.46
7706.98 26188.20
7707.90 26193.45
7708.92 26199.49
7709.95 26205.18
7710.97 26211.12
7711.88 26216.24
7712.91 26222.31
7713.94 26228.19
7714.96 26233.81
7715.88 26239.14
7716.91 26244.68
7717.93 26250.03
7718.96 26255.55
7719.98 26261.03
7720.90 26265.91
7721.93 26271.43
7722.95 26276.44
7723.97 26281.64
7724.90 26286.35
7725.92 26291.63
7726.94 26296.88
7727.97 26302.63
7728.99 26308.25
7729.91 26313.43
7730.94 26318.89
7731.96 26323.99
7732.88 26329.14
7733.91 26335.05
7734.87 26340.53
7735.96 26346.82
7736.98 26352.59
7737.90 26357.71
7738.93 26363.39
7739.95 26369.06
7740.98 26374.81
7741.88 26379.83
7742.88 26385.34
7743.88 26391.00
7744.97 26397.05
7745.89 26402.33
7746.91 26407.93
7747.94 26413.71
7748.96 26419.52
7749.98 26425.22
7750.90 26430.19
7751.93 26435.94
7752.95 26441.50
7753.88 26446.70
7754.90 26452.38
7755.93 26457.79
7756.95 26463.10
7757.98 26468.76
7758.88 26473.55
7759.92 26479.07
7760.95 26484.83
7761.97 26490.55
7762.99 26496.34
7763.91 26501.40
7764.94 26507.03
7765.96 26512.72
7766.98 26518.35
7767.91 26523.39
7768.93 26529.13
7769.95 26534.81
7770.98 26540.48
7771.89 26545.58
7772.92 26551.32
7773.95 26557.03
7774.97 26562.67
7775.89 26567.76
7776.92 26573.46
7777.94 26579.17
7778.96 26584.72
7779.99 26590.46
7780.91 26595.37
7781.93 26600.96
7782.96 26606.29
7783.98 26611.76
7784.90 26616.85
7785.93 26622.44
7786.95 26627.86
7787.98 26633.53
7788.88 26638.11
7789.92 26643.52
7790.95 26649.23
7791.98 26654.66
7792.89 26659.44
7793.92 26665.16
7794.94 26671.12
7795.96 26676.85
7796.89 26682.02
7797.91 26687.90
7798.94 26693.72
7799.96 26699.50
7800.98 26705.45
7801.88 26710.56
7802.93 26716.44
7803.87 26721.88
7804.97 26728.12
7805.90 26733.49
7806.92 26739.35
7807.95 26744.52
7808.88 26749.70
7809.89 26755.42
7810.91 26761.22
7811.94 26767.00
7812.96 26772.35
7813.99 26777.90
7814.91 26783.09
7815.93 26788.80
7816.96 26794.78
7817.98 26800.66
7818.90 26806.05
7819.88 26811.78
7820.95 26817.91
7821.97 26823.27
7822.89 26828.14
7823.92 26834.17
7824.95 26839.62
7825.97 26844.97
7826.88 26850.11
7827.91 26856.03
7828.94 26861.94
7829.89 26867.41
7830.89 26873.07
7831.91 26878.86
7832.94 26884.68
7833.96 26890.68
7834.98 26896.41
7835.91 26901.63
7836.88 26907.34
7837.95 26913.61
7838.97 26919.45
7839.90 26924.60
7840.92 26930.25
7841.88 26935.74
7842.97 26941.82
7843.99 26947.79
7844.91 26953.02
7845.94 26958.84
7846.96 26964.70
7847.99 26970.45
7848.91 26975.73
7849.93 26981.56
7850.95 26987.40
7851.89 26992.69
7852.88 26998.25
7853.92 27004.23
7854.96 27009.88
7855.97 27015.22
7856.88 27020.34
7857.92 27025.89
7858.94 27031.36
7859.97 27037.19
7860.99 27042.97
7861.91 27048.29
7862.88 27053.65
7863.88 27059.46
7864.99 27065.86
7865.91 27071.12
7866.93 27076.88
7867.95 27082.68
7868.98 27088.63
7869.91 27094.00
7870.92 27099.81
7871.95 27105.50
7872.97 27111.44
7873.88 27116.49
7874.92 27122.36
7875.94 27128.13
7876.96 27133.96
7877.99 27139.69
7878.91 27144.88
7879.93 27150.63
7880.96 27156.42
7881.98 27162.20
7882.90 27167.26
7883.93 27173.08
7884.95 27178.67
7885.98 27184.21
7886.87 27189.13
7887.93 27194.62
7888.95 27199.82
7889.97 27205.44
7890.89 27210.16
7891.91 27215.49
7892.94 27221.08
7893.97 27226.78
7894.89 27232.00
7895.91 27237.76
7897.03 27243.95
7897.96 27248.91
7898.98 27254.58
7899.90 27259.71
7900.93 27265.33
7901.95 27270.91
7902.97 27276.41
7903.90 27281.32
7904.92 27286.74
7905.95 27291.99
7906.97 27297.10
7907.99 27302.38
7908.91 27307.01
7909.94 27312.10
7910.96 27317.29
7911.99 27322.61
7912.91 27327.38
7913.93 27332.63
7914.96 27338.02
7915.98 27343.52
7916.87 27348.44
7917.93 27354.25
7918.95 27359.85
7919.97 27365.36
7920.89 27369.79
7921.92 27374.94
7922.88 27380.03
7923.88 27385.26
7924.88 27390.23
7925.91 27395.70
7926.94 27401.47
7927.96 27407.35
7928.99 27412.98
7929.91 27418.05
7930.93 27423.77
7931.95 27429.46
7932.98 27435.24
7933.90 27440.13
7934.93 27445.84
7935.95 27451.45
7936.97 27457.19
7938.00 27462.85
7938.92 27467.95
7939.94 27473.65
7940.97 27479.39
7941.99 27485.09
7942.91 27490.12
7943.93 27496.00
7944.96 27501.89
7945.99 27507.73
7946.91 27512.83
7947.93 27518.59
7948.95 27524.12
7949.98 27529.92
7950.90 27534.80
7951.92 27540.59
7952.95 27546.32
7953.97 27551.88
7954.89 27556.57
7955.92 27562.38
7956.94 27567.90
7957.97 27573.17
7958.99 27578.73
7959.91 27583.59
7960.93 27589.26
7961.88 27594.32
7962.98 27600.23
7963.91 27605.18
7964.93 27610.84
7965.95 27616.47
7966.98 27622.07
7967.90 27627.11
7968.92 27632.54
7969.95 27638.36
7970.97 27644.11
7971.89 27649.20
7972.87 27654.62
7973.94 27660.56
7974.96 27666.22
7975.99 27671.98
7976.91 27677.10
7977.93 27682.76
7978.96 27688.45
7979.89 27693.66
7980.90 27699.27
7981.93 27704.98
7982.89 27710.19
7983.88 27715.85
7984.90 27721.54
7985.93 27727.37
7986.95 27732.77
7987.97 27738.02
7988.89 27743.10
7989.91 27748.56
7990.94 27753.71
7991.96 27759.28
7992.89 27764.50
7993.89 27770.10
7994.89 27775.64
7995.96 27781.45
7996.98 27787.27
7997.90 27792.30
7998.93 27797.95
7999.95 27803.83
8000.97 27809.50
8001.90 27814.70
8002.92 27820.43
8003.94 27826.20
8004.89 27831.37
8005.88 27836.91
8006.92 27842.69
8007.94 27848.49
8008.97 27854.16
8009.99 27860.07
8010.91 27865.23
8011.93 27871.13
8012.96 27877.06
8013.98 27882.90
8014.90 27888.19
8015.88 27893.67
8016.95 27899.76
8017.97 27905.45
8018.90 27910.67
8019.92 27916.15
8020.95 27921.21
8021.97 27926.93
8023.00 27932.55
8023.91 27937.31
8024.94 27943.21
8025.96 27948.95
8026.99 27954.80
8027.91 27959.92
8028.93 27965.62
8029.96 27971.34
8030.98 27976.87
8031.90 27981.89
8032.92 27987.74
8033.95 27993.39
8034.97 27999.10
8035.89 28004.30
8036.92 28010.26
8037.94 28015.98
8038.97 28021.54
8039.99 28027.26
8040.91 28032.28
8041.94 28038.09
8042.96 28043.98
8043.89 28049.01
8044.91 28054.82
8045.93 28060.57
8046.95 28066.23
8047.98 28071.88
8048.90 28077.09
8049.92 28082.88
8050.95 28088.69
8051.97 28094.26
8053.00 28099.78
8053.92 28104.54
8054.94 28110.32
8055.97 28115.70
8056.99 28121.13
8057.91 28126.30
8058.94 28132.16
8059.96 28137.88
8060.98 28143.55
8061.88 28148.42
8062.88 28154.09
8063.95 28160.11
8064.98 28165.89
8065.90 28171.03
8066.92 28176.96
8067.95 28182.73
8068.97 28188.60
8069.89 28193.80
8070.92 28199.72
8071.88 28205.05
8072.89 28210.49
8073.89 28215.97
8074.91 28221.71
8075.93 28227.29
8076.96 28232.94
8077.98 28238.67
8078.91 28243.68
8079.93 28249.56
8080.95 28255.37
8081.97 28261.01
8082.90 28266.25
8083.92 28272.07
8084.89 28277.23
8085.97 28282.80
8086.87 28287.22
8087.92 28293.10
8088.94 28298.34
8089.88 28303.00
8090.89 28308.36
8091.91 28313.60
8092.93 28318.58
8093.96 28323.63
8094.98 28328.99
8095.90 28333.78
8096.93 28339.06
8097.95 28344.24
8098.97 28349.50
8099.90 28354.42
8100.92 28359.79
8101.95 28365.21
8102.88 28370.22
8103.89 28375.75
8104.91 28381.33
8105.94 28387.00
8106.96 28392.73
8107.99 28398.42
8108.91 28403.57
8109.93 28409.41
8110.96 28414.98
8111.98 28420.59
8112.90 28425.70
8113.93 28431.46
8114.96 28436.80
8115.97 28442.20
8116.90 28447.20
8117.92 28452.80
8118.95 28458.09
8119.97 28463.31
8121.00 28468.93
8121.91 28473.60
8122.94 28478.90
8123.96 28484.58
8124.99 28490.19
8125.91 28494.98
8126.93 28500.69
8127.96 28506.33
8128.98 28512.00
8129.90 28516.95
8130.89 28522.27
8131.95 28528.18
8132.89 28533.31
8133.90 28538.87
8134.92 28544.72
8135.94 28550.65
8136.97 28556.27
8137.99 28562.15
8138.91 28567.38
8139.94 28573.07
8140.96 28579.12
8141.99 28584.75
8142.91 28589.78
8143.93 28595.76
8144.95 28601.69
8145.98 28607.33
8146.90 28612.34
8147.93 28618.18
8148.95 28623.80
8149.97 28629.51
8150.89 28634.54
8151.92 28640.26
8152.94 28645.25
8153.97 28650.80
8154.99 28656.16
8155.91 28660.84
8156.94 28666.65
8157.96 28672.56
8158.99 28678.36
8159.91 28683.40
8160.89 28689.04
8161.95 28695.05
8162.89 28700.30
8163.88 28706.04
8164.92 28711.86
8165.95 28717.76
8166.97 28723.52
8167.99 28729.30
8168.92 28734.54
8169.94 28740.29
8170.88 28745.45
8171.99 28751.86
8172.91 28756.92
8173.93 28762.78
8174.89 28768.13
8175.98 28774.30
8176.90 28779.50
8177.93 28785.30
8178.95 28790.97
8179.98 28796.56
8180.90 28801.60
8181.92 28807.33
8182.95 28813.09
8183.97 28818.75
8184.89 28823.64
8185.89 28828.20
8186.94 28834.14
8187.97 28839.40
8188.89 28844.00
8189.91 28849.65
8190.93 28855.22
8191.96 28860.75
8192.89 28865.94
8193.90 28871.36
8194.93 28877.04
8195.89 28882.21
8196.98 28888.19
8197.90 28893.33
8198.92 28898.85
8199.95 28904.23
8200.97 28909.64
8201.99 28915.35
8202.91 28920.06
8203.94 28925.67
8204.96 28931.17
8205.99 28936.98
8206.89 28941.78
8207.93 28947.27
8208.96 28952.76
8209.99 28958.37
8210.90 28963.39
8211.93 28968.98
8212.95 28974.40
8213.98 28979.91
8214.89 28984.96
8215.92 28990.42
8216.95 28995.90
8217.97 29001.20
8218.89 29005.66
8219.91 29010.95
8220.94 29016.32
8221.96 29021.32
8222.94 29026.43
8223.89 29031.56
8224.93 29037.22
8225.95 29042.78
8226.98 29048.27
8227.91 29053.25
8228.93 29058.74
8229.95 29064.19
8230.97 29069.59
8232.00 29075.21
8232.92 29080.29
8233.94 29085.98
8234.97 29091.47
8235.99 29097.07
8236.91 29101.78
8237.94 29107.43
8238.96 29112.92
8239.99 29118.48
8240.91 29123.33
8241.89 29128.46
8242.95 29134.17
8243.98 29139.63
8244.90 29144.76
8245.93 29150.32
8246.95 29156.18
8247.98 29161.83
8249.00 29167.55
8249.92 29172.78
8250.95 29178.17
8251.97 29183.44
8253.00 29188.96
8253.91 29193.86
8254.94 29199.12
8255.96 29204.83
8256.99 29210.37
8257.91 29215.67
8258.88 29221.06
8259.95 29227.20
8260.98 29232.95
8261.90 29237.93
8262.93 29243.65
8263.95 29249.43
8264.97 29255.12
8266.00 29260.66
8266.92 29265.87
8267.94 29271.67
8268.96 29277.42
8269.99 29283.13
8270.91 29288.03
8271.93 29293.84
8272.89 29299.24
8273.98 29305.41
8274.91 29310.61
8275.93 29315.79
8276.95 29321.49
8277.98 29327.11
8278.90 29331.89
8279.92 29337.17
8280.95 29342.33
8281.97 29347.58
8282.89 29352.19
8283.89 29357.61
8284.94 29362.82
8285.96 29368.52
8286.99 29374.10
8287.88 29378.43
8288.88 29383.97
8289.96 29389.93
8290.98 29395.52
8291.91 29400.65
8292.93 29406.29
8293.88 29411.44
8294.98 29417.48
8296.00 29423.27
8296.92 29428.40
8297.95 29433.88
8298.97 29439.77
8300.00 29445.19
8300.91 29450.20
8301.94 29455.75
8302.96 29461.38
8303.99 29467.04
8304.89 29471.95
8305.93 29477.77
8306.96 29483.44
8307.98 29489.22
8308.90 29494.31
8309.93 29500.19
8310.95 29505.84
8311.98 29511.56
8312.89 29516.67
8313.92 29522.32
8314.94 29527.94
8315.97 29533.72
8316.89 29538.77
8317.91 29543.62
8318.89 29548.96
8319.96 29554.81
8320.89 29559.41
8321.91 29565.12
8322.88 29570.50
8323.95 29576.64
8324.98 29582.35
8325.90 29587.36
8326.93 29593.13
8327.95 29599.00
8328.97 29604.61
8329.89 29609.49
8330.92 29615.22
8331.94 29620.89
8332.97 29626.41
8333.99 29632.01
8334.91 29637.09
8335.90 29642.53
8336.96 29648.30
8337.99 29654.04
8338.91 29659.24
8339.93 29664.87
8340.88 29670.11
8341.98 29676.48
8342.90 29681.54
8343.90 29687.18
8344.95 29692.98
8345.97 29698.82
8346.89 29703.76
8347.92 29709.48
8348.89 29714.93
8349.97 29720.72
8350.90 29725.25
8351.89 29730.66
8352.94 29736.51
8353.88 29741.14
8354.98 29747.31
8355.91 29752.29
8356.93 29758.06
8357.95 29763.54
8358.98 29769.10
8360.00 29774.74
8360.93 29779.72
8361.88 29785.11
8362.89 29790.79
8363.99 29796.89
8364.92 29802.04
8365.94 29807.64
8366.96 29813.07
8367.89 29818.18
8368.91 29823.69
8369.93 29829.30
8370.96 29834.81
8371.98 29840.62
8372.89 29845.47
8373.93 29851.00
8374.95 29856.60
8375.98 29862.17
8376.90 29867.24
8377.92 29873.07
8378.88 29878.40
8379.97 29884.71
8380.99 29890.49
8381.92 29895.41
8382.94 29901.31
8383.88 29905.95
8384.99 29912.37
8385.91 29917.40
8386.93 29922.42
8387.96 29928.06
8388.98 29933.77
8390.00 29939.26
8390.93 29944.41
8391.95 29950.13
8392.98 29955.74
8394.00 29961.36
8394.92 29966.32
8395.94 29971.80
8396.97 29977.65
8397.89 29982.88
8398.91 29988.51
8399.94 29994.33
8400.96 30000.02
8401.99 30005.80
8402.91 30010.83
8403.88 30016.02
8404.95 30021.90
8405.98 30027.48
8406.90 30032.52
8407.93 30038.33
8408.89 30043.71
8409.97 30049.94
8411.00 30055.74
8411.92 30060.78
8412.94 30066.43
8413.97 30071.99
8414.99 30077.75
8415.91 30082.80
8416.94 30087.64
8417.96 30093.13
8418.99 30098.61
8419.91 30103.00
8420.93 30108.44
8421.95 30113.96
8422.98 30119.50
8423.90 30124.44
8424.93 30129.96
8425.95 30135.59
8426.97 30141.02
8427.90 30146.15
8428.92 30151.60
8429.94 30157.16
8430.97 30162.69
8431.99 30168.24
8432.91 30173.17
8433.94 30178.54
8434.96 30184.11
8435.98 30189.68
8436.91 30194.88
8437.93 30200.38
8438.89 30205.36
8439.98 30211.22
8440.90 30216.45
8441.92 30222.06
8442.95 30227.70
8443.97 30233.19
8444.89 30238.35
8445.92 30243.86
8446.94 30249.70
8447.97 30255.40
8448.89 30260.44
8449.92 30265.13
8450.94 30270.81
8451.96 30276.26
8452.88 30280.58
8453.91 30286.15
8454.93 30291.70
8455.95 30297.20
8456.98 30302.93
8457.90 30308.06
8458.92 30313.79
8459.95 30319.61
8460.90 30324.71
8461.99 30330.65
8462.89 30335.56
8463.89 30341.08
8464.97 30347.09
8465.99 30352.82
8466.91 30357.52
8467.93 30362.78
8468.95 30367.97
8469.98 30373.19
8470.91 30378.04
8471.90 30383.21
8472.96 30388.64
8473.97 30393.82
8474.90 30398.47
8475.93 30404.27
8476.95 30410.11
8477.97 30415.94
8478.99 30421.65
8479.91 30426.80
8480.94 30432.27
8481.88 30437.52
8482.99 30442.77
8483.91 30447.85
8484.94 30453.34
8485.96 30458.29
8486.98 30464.05
8487.90 30469.19
8488.93 30475.01
8489.95 30480.74
8490.98 30486.44
8491.90 30491.67
8492.89 30497.38
8493.89 30502.97
8494.97 30509.09
8495.99 30514.77
8496.90 30519.80
8497.94 30525.67
8498.96 30531.46
8499.99 30537.00
8500.91 30541.97
8501.93 30547.64
8502.96 30553.29
8503.98 30558.87
8504.90 30563.90
8505.93 30569.70
8506.95 30575.42
8507.97 30581.06
8508.89 30586.20
8509.92 30592.00
8510.95 30597.46
8511.97 30602.82
8512.99 30608.55
8513.91 30613.71
8514.94 30619.25
8515.96 30624.34
8516.99 30630.02
8517.91 30635.16
8518.88 30639.90
8519.95 30645.72
8520.98 30651.25
8521.90 30656.33
8522.92 30661.92
8523.90 30667.10
8524.97 30672.81
8525.99 30678.29
8526.92 30683.43
8527.94 30688.95
8528.97 30694.54
8529.99 30700.12
8530.91 30705.41
8531.94 30710.94
8532.96 30716.70
8533.98 30722.26
8534.91 30727.30
8535.93 30732.86
8536.95 30738.44
8537.98 30744.04
8538.90 30749.09
8539.92 30754.52
8540.95 30759.93
8541.97 30765.24
8542.99 30770.71
8543.92 30775.73
8544.94 30781.31
8545.97 30786.68
8546.99 30792.19
8547.91 30797.14
8548.93 30801.86
8549.96 30807.29
8550.98 30812.92
8551.90 30817.47
8552.93 30823.39
8553.89 30828.52
8554.98 30834.21
8556.00 30839.70
8556.92 30845.01
8557.95 30850.46
8558.90 30855.62
8559.99 30861.50
8560.92 30866.44
8561.94 30872.01
8562.97 30877.72
8563.99 30883.46
8564.91 30888.57
8565.93 30894.10
8566.96 30899.93
8567.98 30905.74
8568.89 30910.67
8569.93 30916.66
8570.89 30919.89
8571.97 30925.43
8572.87 30928.82
8573.91 30934.03
8574.93 30939.33
8575.88 30944.36
8576.88 30949.60
8577.88 30953.50
8578.89 30957.12
8579.88 30961.06
8580.87 30965.26
8581.89 30967.81
8582.88 30971.29
8583.87 30976.31
8584.97 30981.49
8585.89 30986.68
8586.93 30992.15
8587.89 30996.91
8588.97 31002.35
8589.90 31007.52
8590.92 31013.33
8591.88 31018.62
8592.97 31024.85
8593.99 31030.56
8594.92 31036.03
8595.94 31041.95
8596.97 31047.82
8597.89 31053.08
8598.92 31058.96
8599.90 31063.57
8600.95 31069.41
8601.98 31076.83
8602.90 31083.62
8603.93 31091.39
